wandb: [wandb.login()] Loaded credentials for https://api.wandb.ai from WANDB_API_KEY.
wandb: W&B API key is configured. Use `wandb login --relogin` to force relogin
wandb: Tracking run with wandb version 0.26.1
wandb: Run data is saved locally in /workspace/ml-intern-benchmark/target/wandb/run-20260502_034951-9ijsxg5e
wandb: Run `wandb offline` to turn off syncing.
wandb: Syncing run mlintern-pai2-72h-v4-r1/r7-onecycle-ema-350-seed3
wandb: ⭐️ View project at https://wandb.ai/wandb-applied-ai-team/senpai-v1-ml-intern
wandb: 🚀 View run at https://wandb.ai/wandb-applied-ai-team/senpai-v1-ml-intern/runs/9ijsxg5e
Device: cuda
Train: 1499, val_single_in_dist: 100, val_geom_camber_rc: 100, val_geom_camber_cruise: 100, val_re_rand: 100
Model: Transolver (0.66M params)
EMA enabled: decay=0.999
Epoch   1 (97s) [32.9GB]  train[vol=1.3878 surf=1.0214]  val_avg_surf_p=366.0316 *
    val_single_in_dist         loss=50.9814  surf[p=505.8446 Ux=21.5413 Uy=2.2638]  vol[p=474.8777 Ux=19.8018 Uy=5.9726]
    val_geom_camber_rc         loss=29.8293  surf[p=431.6761 Ux=17.4570 Uy=2.7358]  vol[p=397.1159 Ux=13.7577 Uy=6.2202]
    val_geom_camber_cruise     loss=16.1312  surf[p=233.3716 Ux=19.4457 Uy=1.3142]  vol[p=229.4176 Ux=16.0302 Uy=3.4676]
    val_re_rand                loss=19.5883  surf[p=293.2340 Ux=17.8330 Uy=1.8101]  vol[p=278.1248 Ux=14.2875 Uy=4.4254]
Epoch   2 (97s) [32.9GB]  train[vol=0.9689 surf=0.5917]  val_avg_surf_p=340.6326 *
    val_single_in_dist         loss=43.4932  surf[p=478.7960 Ux=14.9530 Uy=2.0671]  vol[p=419.8683 Ux=15.7893 Uy=5.5366]
    val_geom_camber_rc         loss=24.6136  surf[p=402.5748 Ux=12.4235 Uy=2.5420]  vol[p=339.2121 Ux=11.4451 Uy=5.7673]
    val_geom_camber_cruise     loss=10.6857  surf[p=214.4721 Ux=13.0823 Uy=1.2395]  vol[p=197.9816 Ux=11.8528 Uy=3.3202]
    val_re_rand                loss=14.5233  surf[p=266.6873 Ux=12.0856 Uy=1.6794]  vol[p=233.0698 Ux=11.0555 Uy=4.1487]
Epoch   3 (97s) [32.9GB]  train[vol=0.8928 surf=0.5372]  val_avg_surf_p=305.9049 *
    val_single_in_dist         loss=35.4927  surf[p=436.3375 Ux=9.6548 Uy=1.7504]  vol[p=361.4095 Ux=12.2932 Uy=5.0391]
    val_geom_camber_rc         loss=19.0002  surf[p=352.4729 Ux=8.7068 Uy=2.1228]  vol[p=283.9997 Ux=9.6569 Uy=5.2743]
    val_geom_camber_cruise     loss=7.1701  surf[p=198.4582 Ux=8.0569 Uy=1.0637]  vol[p=167.1972 Ux=8.6090 Uy=3.0321]
    val_re_rand                loss=10.5787  surf[p=236.3510 Ux=7.8997 Uy=1.4050]  vol[p=191.4451 Ux=8.5998 Uy=3.7795]
Epoch   4 (97s) [32.9GB]  train[vol=0.8203 surf=0.4821]  val_avg_surf_p=260.6595 *
    val_single_in_dist         loss=28.3102  surf[p=373.6521 Ux=6.6492 Uy=1.4138]  vol[p=309.0172 Ux=9.8971 Uy=4.5406]
    val_geom_camber_rc         loss=14.2896  surf[p=293.3645 Ux=6.6275 Uy=1.7293]  vol[p=243.6484 Ux=8.6823 Uy=4.8465]
    val_geom_camber_cruise     loss=5.1558  surf[p=175.7866 Ux=5.3743 Uy=0.8899]  vol[p=140.1717 Ux=6.6003 Uy=2.6719]
    val_re_rand                loss=7.7606  surf[p=199.8346 Ux=5.6508 Uy=1.1564]  vol[p=161.4048 Ux=7.1075 Uy=3.4117]
Epoch   5 (95s) [32.9GB]  train[vol=0.8361 surf=0.4979]  val_avg_surf_p=225.5242 *
    val_single_in_dist         loss=23.3273  surf[p=323.9627 Ux=4.9304 Uy=1.1878]  vol[p=266.3243 Ux=8.4255 Uy=4.0952]
    val_geom_camber_rc         loss=11.1408  surf[p=249.9907 Ux=5.3786 Uy=1.4568]  vol[p=211.7544 Ux=8.0168 Uy=4.4778]
    val_geom_camber_cruise     loss=3.9145  surf[p=155.6364 Ux=3.9590 Uy=0.7758]  vol[p=120.6112 Ux=5.4821 Uy=2.3425]
    val_re_rand                loss=6.0056  surf[p=172.5071 Ux=4.4140 Uy=1.0023]  vol[p=140.8601 Ux=6.2581 Uy=3.1023]
Epoch   6 (98s) [32.9GB]  train[vol=0.7905 surf=0.4660]  val_avg_surf_p=200.7555 *
    val_single_in_dist         loss=19.6629  surf[p=285.3074 Ux=3.6986 Uy=1.0502]  vol[p=237.4010 Ux=7.3285 Uy=3.7249]
    val_geom_camber_rc         loss=9.1649  surf[p=221.9828 Ux=4.5953 Uy=1.2763]  vol[p=189.5715 Ux=7.4875 Uy=4.1819]
    val_geom_camber_cruise     loss=3.1140  surf[p=139.9359 Ux=3.1391 Uy=0.7055]  vol[p=108.3371 Ux=4.9088 Uy=2.0979]
    val_re_rand                loss=4.9936  surf[p=155.7959 Ux=3.6994 Uy=0.9134]  vol[p=129.5230 Ux=5.7885 Uy=2.8725]
Epoch   7 (97s) [32.9GB]  train[vol=0.7545 surf=0.4437]  val_avg_surf_p=183.4757 *
    val_single_in_dist         loss=17.2076  surf[p=257.7576 Ux=3.1030 Uy=0.9738]  vol[p=218.7089 Ux=6.7751 Uy=3.4310]
    val_geom_camber_rc         loss=7.9289  surf[p=203.4178 Ux=4.0979 Uy=1.1792]  vol[p=174.8853 Ux=7.0805 Uy=3.9546]
    val_geom_camber_cruise     loss=2.6667  surf[p=129.1739 Ux=2.7498 Uy=0.6667]  vol[p=101.5494 Ux=4.6440 Uy=1.9307]
    val_re_rand                loss=4.3449  surf[p=143.5537 Ux=3.3093 Uy=0.8605]  vol[p=122.4343 Ux=5.5324 Uy=2.6972]
Epoch   8 (97s) [32.9GB]  train[vol=0.7597 surf=0.4525]  val_avg_surf_p=171.9394 *
    val_single_in_dist         loss=15.7877  surf[p=239.7075 Ux=2.7578 Uy=0.9225]  vol[p=204.1831 Ux=6.3813 Uy=3.1973]
    val_geom_camber_rc         loss=7.0783  surf[p=190.9560 Ux=3.7657 Uy=1.1182]  vol[p=163.9182 Ux=6.7118 Uy=3.7528]
    val_geom_camber_cruise     loss=2.3733  surf[p=120.5541 Ux=2.4249 Uy=0.6299]  vol[p=97.1674 Ux=4.4498 Uy=1.8147]
    val_re_rand                loss=3.9669  surf[p=136.5400 Ux=3.0115 Uy=0.8259]  vol[p=118.3448 Ux=5.3000 Uy=2.5603]
Epoch   9 (96s) [32.9GB]  train[vol=0.7238 surf=0.4283]  val_avg_surf_p=162.5305 *
    val_single_in_dist         loss=14.3736  surf[p=226.3232 Ux=2.5377 Uy=0.8811]  vol[p=196.8087 Ux=6.0478 Uy=2.9533]
    val_geom_camber_rc         loss=6.4199  surf[p=182.7527 Ux=3.4550 Uy=1.0785]  vol[p=157.4848 Ux=6.3648 Uy=3.5638]
    val_geom_camber_cruise     loss=2.0772  surf[p=111.3084 Ux=2.1793 Uy=0.5966]  vol[p=91.5286 Ux=4.2176 Uy=1.6906]
    val_re_rand                loss=3.6073  surf[p=129.7376 Ux=2.7611 Uy=0.7952]  vol[p=114.1862 Ux=5.0631 Uy=2.4161]
Epoch  10 (97s) [32.9GB]  train[vol=0.7204 surf=0.4271]  val_avg_surf_p=154.8002 *
    val_single_in_dist         loss=13.3750  surf[p=215.9045 Ux=2.3630 Uy=0.8604]  vol[p=189.3263 Ux=5.7948 Uy=2.7770]
    val_geom_camber_rc         loss=5.8631  surf[p=175.2158 Ux=3.2589 Uy=1.0555]  vol[p=152.6842 Ux=6.1630 Uy=3.4126]
    val_geom_camber_cruise     loss=1.8556  surf[p=104.3171 Ux=1.8956 Uy=0.5761]  vol[p=87.9961 Ux=3.9785 Uy=1.6005]
    val_re_rand                loss=3.3124  surf[p=123.7634 Ux=2.5494 Uy=0.7753]  vol[p=110.1646 Ux=4.8789 Uy=2.3083]
Epoch  11 (98s) [32.9GB]  train[vol=0.6924 surf=0.4137]  val_avg_surf_p=147.1841 *
    val_single_in_dist         loss=12.2219  surf[p=206.4563 Ux=2.2279 Uy=0.8297]  vol[p=186.8047 Ux=5.6489 Uy=2.6340]
    val_geom_camber_rc         loss=5.3340  surf[p=165.9899 Ux=3.1060 Uy=1.0371]  vol[p=147.3771 Ux=6.0344 Uy=3.2964]
    val_geom_camber_cruise     loss=1.6518  surf[p=97.1630 Ux=1.7566 Uy=0.5407]  vol[p=83.2123 Ux=3.8733 Uy=1.5136]
    val_re_rand                loss=3.0675  surf[p=119.1273 Ux=2.4169 Uy=0.7508]  vol[p=106.8224 Ux=4.7856 Uy=2.2168]
Epoch  12 (97s) [32.9GB]  train[vol=0.6430 surf=0.3808]  val_avg_surf_p=138.6537 *
    val_single_in_dist         loss=11.0268  surf[p=194.1574 Ux=2.1732 Uy=0.7861]  vol[p=181.7165 Ux=5.4993 Uy=2.5040]
    val_geom_camber_rc         loss=4.8335  surf[p=156.0431 Ux=2.9725 Uy=0.9972]  vol[p=142.3082 Ux=5.8986 Uy=3.1634]
    val_geom_camber_cruise     loss=1.4766  surf[p=91.2042 Ux=1.6982 Uy=0.5045]  vol[p=79.7357 Ux=3.7316 Uy=1.4235]
    val_re_rand                loss=2.8112  surf[p=113.2100 Ux=2.3064 Uy=0.7151]  vol[p=102.5692 Ux=4.6192 Uy=2.1137]
Epoch  13 (95s) [32.9GB]  train[vol=0.6330 surf=0.3704]  val_avg_surf_p=127.6061 *
    val_single_in_dist         loss=9.7500  surf[p=174.4332 Ux=2.1161 Uy=0.7292]  vol[p=170.1866 Ux=5.2633 Uy=2.3781]
    val_geom_camber_rc         loss=4.3272  surf[p=143.3912 Ux=2.8374 Uy=0.9461]  vol[p=133.7341 Ux=5.6790 Uy=3.0322]
    val_geom_camber_cruise     loss=1.3463  surf[p=86.1515 Ux=1.6270 Uy=0.4719]  vol[p=76.3812 Ux=3.5705 Uy=1.3526]
    val_re_rand                loss=2.5618  surf[p=106.4484 Ux=2.2054 Uy=0.6755]  vol[p=97.7957 Ux=4.4497 Uy=2.0199]
Epoch  14 (98s) [32.9GB]  train[vol=0.5871 surf=0.3457]  val_avg_surf_p=119.8246 *
    val_single_in_dist         loss=8.7331  surf[p=162.0324 Ux=2.1351 Uy=0.6850]  vol[p=163.4944 Ux=5.1009 Uy=2.2511]
    val_geom_camber_rc         loss=3.9534  surf[p=135.1990 Ux=2.7229 Uy=0.9037]  vol[p=128.4961 Ux=5.4977 Uy=2.9144]
    val_geom_camber_cruise     loss=1.2157  surf[p=81.1084 Ux=1.5555 Uy=0.4453]  vol[p=72.5489 Ux=3.4079 Uy=1.2884]
    val_re_rand                loss=2.3857  surf[p=100.9584 Ux=2.0911 Uy=0.6421]  vol[p=93.8926 Ux=4.2584 Uy=1.9358]
Epoch  15 (97s) [32.9GB]  train[vol=0.5919 surf=0.3508]  val_avg_surf_p=110.4840 *
    val_single_in_dist         loss=7.5500  surf[p=143.4788 Ux=1.9632 Uy=0.6373]  vol[p=151.0111 Ux=4.8225 Uy=2.1141]
    val_geom_camber_rc         loss=3.6127  surf[p=126.3340 Ux=2.5813 Uy=0.8589]  vol[p=122.7693 Ux=5.2856 Uy=2.7826]
    val_geom_camber_cruise     loss=1.1082  surf[p=76.4951 Ux=1.5169 Uy=0.4205]  vol[p=69.0555 Ux=3.2950 Uy=1.2255]
    val_re_rand                loss=2.2193  surf[p=95.6283 Ux=2.0061 Uy=0.6109]  vol[p=90.0971 Ux=4.1151 Uy=1.8512]
Epoch  16 (96s) [32.9GB]  train[vol=0.5633 surf=0.3321]  val_avg_surf_p=102.6574 *
    val_single_in_dist         loss=6.7211  surf[p=129.4825 Ux=1.8228 Uy=0.5969]  vol[p=139.1267 Ux=4.6123 Uy=1.9979]
    val_geom_camber_rc         loss=3.3362  surf[p=119.5350 Ux=2.4442 Uy=0.8177]  vol[p=117.1672 Ux=5.1127 Uy=2.6711]
    val_geom_camber_cruise     loss=0.9973  surf[p=70.6608 Ux=1.3879 Uy=0.3956]  vol[p=64.3935 Ux=3.0956 Uy=1.1654]
    val_re_rand                loss=2.0945  surf[p=90.9515 Ux=1.8876 Uy=0.5841]  vol[p=86.4706 Ux=3.9572 Uy=1.7797]
Epoch  17 (98s) [32.9GB]  train[vol=0.5241 surf=0.3093]  val_avg_surf_p=97.0760 *
    val_single_in_dist         loss=6.1069  surf[p=120.6950 Ux=1.6972 Uy=0.5630]  vol[p=130.2700 Ux=4.4336 Uy=1.9000]
    val_geom_camber_rc         loss=3.1686  surf[p=114.1518 Ux=2.3118 Uy=0.7805]  vol[p=112.1206 Ux=4.9294 Uy=2.5643]
    val_geom_camber_cruise     loss=0.9077  surf[p=66.2296 Ux=1.2652 Uy=0.3735]  vol[p=61.1671 Ux=2.9363 Uy=1.1152]
    val_re_rand                loss=1.9872  surf[p=87.2278 Ux=1.7589 Uy=0.5594]  vol[p=83.2978 Ux=3.7929 Uy=1.7136]
Epoch  18 (97s) [32.9GB]  train[vol=0.5244 surf=0.3099]  val_avg_surf_p=92.1473 *
    val_single_in_dist         loss=5.5441  surf[p=114.6003 Ux=1.6368 Uy=0.5393]  vol[p=123.0665 Ux=4.3318 Uy=1.8224]
    val_geom_camber_rc         loss=2.9798  surf[p=108.8771 Ux=2.1949 Uy=0.7541]  vol[p=107.8901 Ux=4.7927 Uy=2.4773]
    val_geom_camber_cruise     loss=0.8373  surf[p=61.8740 Ux=1.1699 Uy=0.3556]  vol[p=57.6132 Ux=2.7927 Uy=1.0685]
    val_re_rand                loss=1.8689  surf[p=83.2378 Ux=1.6443 Uy=0.5384]  vol[p=80.2377 Ux=3.6444 Uy=1.6526]
Epoch  19 (98s) [32.9GB]  train[vol=0.4985 surf=0.2904]  val_avg_surf_p=89.1795 *
    val_single_in_dist         loss=5.0863  surf[p=109.8920 Ux=1.5492 Uy=0.5209]  vol[p=118.5314 Ux=4.2070 Uy=1.7585]
    val_geom_camber_rc         loss=2.8377  surf[p=106.6321 Ux=2.0873 Uy=0.7334]  vol[p=105.7953 Ux=4.6881 Uy=2.4105]
    val_geom_camber_cruise     loss=0.7983  surf[p=59.5011 Ux=1.0738 Uy=0.3443]  vol[p=55.1369 Ux=2.6791 Uy=1.0322]
    val_re_rand                loss=1.7938  surf[p=80.6926 Ux=1.5495 Uy=0.5245]  vol[p=77.6953 Ux=3.5311 Uy=1.6059]
Epoch  20 (97s) [32.9GB]  train[vol=0.4803 surf=0.2768]  val_avg_surf_p=84.5402 *
    val_single_in_dist         loss=4.5915  surf[p=103.0706 Ux=1.4422 Uy=0.4970]  vol[p=112.7799 Ux=4.0775 Uy=1.6833]
    val_geom_camber_rc         loss=2.6606  surf[p=101.2134 Ux=1.9823 Uy=0.7078]  vol[p=101.9451 Ux=4.5592 Uy=2.3367]
    val_geom_camber_cruise     loss=0.7371  surf[p=56.4159 Ux=0.9737 Uy=0.3332]  vol[p=52.4599 Ux=2.5758 Uy=0.9906]
    val_re_rand                loss=1.7050  surf[p=77.4607 Ux=1.4515 Uy=0.5100]  vol[p=74.7494 Ux=3.4064 Uy=1.5567]
Epoch  21 (97s) [32.9GB]  train[vol=0.4589 surf=0.2621]  val_avg_surf_p=81.1720 *
    val_single_in_dist         loss=4.2428  surf[p=98.1744 Ux=1.3225 Uy=0.4808]  vol[p=107.5225 Ux=3.9247 Uy=1.6241]
    val_geom_camber_rc         loss=2.5843  surf[p=98.2221 Ux=1.9051 Uy=0.6877]  vol[p=99.2117 Ux=4.4460 Uy=2.2747]
    val_geom_camber_cruise     loss=0.6829  surf[p=53.7118 Ux=0.9216 Uy=0.3216]  vol[p=50.4171 Ux=2.4895 Uy=0.9482]
    val_re_rand                loss=1.6245  surf[p=74.5795 Ux=1.3917 Uy=0.4956]  vol[p=72.0673 Ux=3.2925 Uy=1.5067]
Epoch  22 (97s) [32.9GB]  train[vol=0.4535 surf=0.2616]  val_avg_surf_p=78.3575 *
    val_single_in_dist         loss=3.9360  surf[p=93.7342 Ux=1.2142 Uy=0.4695]  vol[p=103.0338 Ux=3.7759 Uy=1.5617]
    val_geom_camber_rc         loss=2.4890  surf[p=95.1517 Ux=1.8401 Uy=0.6698]  vol[p=96.6256 Ux=4.3710 Uy=2.2172]
    val_geom_camber_cruise     loss=0.6423  surf[p=51.6182 Ux=0.8898 Uy=0.3116]  vol[p=48.3483 Ux=2.4223 Uy=0.9140]
    val_re_rand                loss=1.5952  surf[p=72.9260 Ux=1.3416 Uy=0.4828]  vol[p=70.1591 Ux=3.2119 Uy=1.4654]
Epoch  23 (98s) [32.9GB]  train[vol=0.4409 surf=0.2513]  val_avg_surf_p=75.9608 *
    val_single_in_dist         loss=3.8150  surf[p=91.6038 Ux=1.1896 Uy=0.4543]  vol[p=100.1967 Ux=3.7139 Uy=1.5145]
    val_geom_camber_rc         loss=2.4058  surf[p=92.5083 Ux=1.7729 Uy=0.6508]  vol[p=94.3877 Ux=4.3010 Uy=2.1671]
    val_geom_camber_cruise     loss=0.5951  surf[p=49.0813 Ux=0.8326 Uy=0.2963]  vol[p=46.3630 Ux=2.3509 Uy=0.8785]
    val_re_rand                loss=1.5387  surf[p=70.6500 Ux=1.2762 Uy=0.4648]  vol[p=67.9888 Ux=3.1268 Uy=1.4236]
Epoch  24 (97s) [32.9GB]  train[vol=0.4249 surf=0.2435]  val_avg_surf_p=73.0540 *
    val_single_in_dist         loss=3.5807  surf[p=87.9188 Ux=1.0855 Uy=0.4369]  vol[p=96.4130 Ux=3.5936 Uy=1.4736]
    val_geom_camber_rc         loss=2.2940  surf[p=88.8957 Ux=1.6636 Uy=0.6344]  vol[p=91.5351 Ux=4.2106 Uy=2.1240]
    val_geom_camber_cruise     loss=0.5603  surf[p=47.2022 Ux=0.7352 Uy=0.2845]  vol[p=44.5638 Ux=2.2771 Uy=0.8482]
    val_re_rand                loss=1.4756  surf[p=68.1992 Ux=1.1804 Uy=0.4494]  vol[p=65.8113 Ux=3.0436 Uy=1.3853]
Epoch  25 (98s) [32.9GB]  train[vol=0.4093 surf=0.2297]  val_avg_surf_p=70.8952 *
    val_single_in_dist         loss=3.4856  surf[p=85.6089 Ux=1.0445 Uy=0.4292]  vol[p=93.5941 Ux=3.5145 Uy=1.4365]
    val_geom_camber_rc         loss=2.2290  surf[p=86.4302 Ux=1.5945 Uy=0.6204]  vol[p=89.7868 Ux=4.1435 Uy=2.0815]
    val_geom_camber_cruise     loss=0.5321  surf[p=45.5521 Ux=0.7059 Uy=0.2752]  vol[p=43.4501 Ux=2.2385 Uy=0.8224]
    val_re_rand                loss=1.4132  surf[p=65.9895 Ux=1.1317 Uy=0.4384]  vol[p=63.8246 Ux=2.9927 Uy=1.3512]
Epoch  26 (97s) [32.9GB]  train[vol=0.3934 surf=0.2177]  val_avg_surf_p=68.5925 *
    val_single_in_dist         loss=3.3666  surf[p=82.6906 Ux=0.9797 Uy=0.4176]  vol[p=90.6189 Ux=3.4177 Uy=1.3963]
    val_geom_camber_rc         loss=2.1532  surf[p=83.8850 Ux=1.5273 Uy=0.6065]  vol[p=87.2531 Ux=4.0857 Uy=2.0410]
    val_geom_camber_cruise     loss=0.5034  surf[p=43.9777 Ux=0.6431 Uy=0.2647]  vol[p=41.9808 Ux=2.1705 Uy=0.7955]
    val_re_rand                loss=1.3461  surf[p=63.8166 Ux=1.0660 Uy=0.4234]  vol[p=61.9422 Ux=2.9228 Uy=1.3147]
Epoch  27 (96s) [32.9GB]  train[vol=0.4077 surf=0.2267]  val_avg_surf_p=66.0493 *
    val_single_in_dist         loss=3.1615  surf[p=78.4574 Ux=0.9044 Uy=0.4035]  vol[p=86.6865 Ux=3.3302 Uy=1.3474]
    val_geom_camber_rc         loss=2.0639  surf[p=81.6143 Ux=1.4518 Uy=0.5930]  vol[p=85.1790 Ux=4.0217 Uy=1.9981]
    val_geom_camber_cruise     loss=0.4728  surf[p=42.2263 Ux=0.5913 Uy=0.2556]  vol[p=40.2849 Ux=2.1150 Uy=0.7659]
    val_re_rand                loss=1.2951  surf[p=61.8994 Ux=0.9947 Uy=0.4116]  vol[p=60.3812 Ux=2.8600 Uy=1.2823]
Epoch  28 (96s) [32.9GB]  train[vol=0.3931 surf=0.2188]  val_avg_surf_p=64.3391 *
    val_single_in_dist         loss=3.0011  surf[p=75.4824 Ux=0.8430 Uy=0.3902]  vol[p=83.8476 Ux=3.2444 Uy=1.3086]
    val_geom_camber_rc         loss=1.9891  surf[p=79.8315 Ux=1.3976 Uy=0.5815]  vol[p=83.9444 Ux=3.9681 Uy=1.9586]
    val_geom_camber_cruise     loss=0.4534  surf[p=41.2634 Ux=0.5783 Uy=0.2494]  vol[p=39.4906 Ux=2.0878 Uy=0.7463]
    val_re_rand                loss=1.2462  surf[p=60.7792 Ux=0.9610 Uy=0.4018]  vol[p=59.5333 Ux=2.8244 Uy=1.2525]
Epoch  29 (96s) [32.9GB]  train[vol=0.3980 surf=0.2215]  val_avg_surf_p=62.9966 *
    val_single_in_dist         loss=2.8812  surf[p=73.9773 Ux=0.8170 Uy=0.3848]  vol[p=82.3633 Ux=3.1938 Uy=1.2815]
    val_geom_camber_rc         loss=1.8841  surf[p=77.9493 Ux=1.3461 Uy=0.5713]  vol[p=82.2906 Ux=3.9130 Uy=1.9215]
    val_geom_camber_cruise     loss=0.4347  surf[p=40.4609 Ux=0.5539 Uy=0.2445]  vol[p=38.7630 Ux=2.0556 Uy=0.7302]
    val_re_rand                loss=1.2232  surf[p=59.5990 Ux=0.9260 Uy=0.3956]  vol[p=58.4857 Ux=2.7925 Uy=1.2288]
Epoch  30 (99s) [32.9GB]  train[vol=0.3716 surf=0.2084]  val_avg_surf_p=61.7387 *
    val_single_in_dist         loss=2.6473  surf[p=71.4534 Ux=0.7794 Uy=0.3762]  vol[p=80.0784 Ux=3.1523 Uy=1.2552]
    val_geom_camber_rc         loss=1.8113  surf[p=76.9540 Ux=1.3034 Uy=0.5625]  vol[p=81.2394 Ux=3.8685 Uy=1.8913]
    val_geom_camber_cruise     loss=0.4176  surf[p=39.8161 Ux=0.5133 Uy=0.2410]  vol[p=38.0160 Ux=2.0263 Uy=0.7148]
    val_re_rand                loss=1.1981  surf[p=58.7313 Ux=0.8826 Uy=0.3916]  vol[p=57.5590 Ux=2.7501 Uy=1.2072]
Epoch  31 (97s) [32.9GB]  train[vol=0.3962 surf=0.2245]  val_avg_surf_p=60.4357 *
    val_single_in_dist         loss=2.5166  surf[p=69.5512 Ux=0.7519 Uy=0.3683]  vol[p=77.9815 Ux=3.0994 Uy=1.2315]
    val_geom_camber_rc         loss=1.7350  surf[p=75.1062 Ux=1.2707 Uy=0.5518]  vol[p=79.6331 Ux=3.8165 Uy=1.8615]
    val_geom_camber_cruise     loss=0.4059  surf[p=39.2648 Ux=0.5033 Uy=0.2374]  vol[p=37.2431 Ux=1.9915 Uy=0.7011]
    val_re_rand                loss=1.1865  surf[p=57.8206 Ux=0.8694 Uy=0.3855]  vol[p=56.7883 Ux=2.7180 Uy=1.1897]
Epoch  32 (97s) [32.9GB]  train[vol=0.3585 surf=0.1962]  val_avg_surf_p=59.0702 *
    val_single_in_dist         loss=2.3634  surf[p=67.6550 Ux=0.7120 Uy=0.3629]  vol[p=75.6959 Ux=3.0500 Uy=1.2069]
    val_geom_camber_rc         loss=1.6913  surf[p=73.6181 Ux=1.2277 Uy=0.5432]  vol[p=78.0319 Ux=3.7714 Uy=1.8326]
    val_geom_camber_cruise     loss=0.3903  surf[p=38.3893 Ux=0.4585 Uy=0.2332]  vol[p=36.6525 Ux=1.9548 Uy=0.6886]
    val_re_rand                loss=1.1625  surf[p=56.6182 Ux=0.8224 Uy=0.3789]  vol[p=55.7661 Ux=2.6767 Uy=1.1702]
Epoch  33 (97s) [32.9GB]  train[vol=0.3778 surf=0.2080]  val_avg_surf_p=57.9557 *
    val_single_in_dist         loss=2.3397  surf[p=66.6969 Ux=0.7072 Uy=0.3581]  vol[p=73.9493 Ux=3.0112 Uy=1.1828]
    val_geom_camber_rc         loss=1.5922  surf[p=71.9227 Ux=1.2091 Uy=0.5328]  vol[p=76.9967 Ux=3.7408 Uy=1.8039]
    val_geom_camber_cruise     loss=0.3848  surf[p=37.6433 Ux=0.4428 Uy=0.2311]  vol[p=35.9764 Ux=1.9319 Uy=0.6799]
    val_re_rand                loss=1.1441  surf[p=55.5598 Ux=0.8066 Uy=0.3733]  vol[p=55.0987 Ux=2.6454 Uy=1.1539]
Epoch  34 (97s) [32.9GB]  train[vol=0.3578 surf=0.1926]  val_avg_surf_p=56.9758 *
    val_single_in_dist         loss=2.3309  surf[p=65.8325 Ux=0.6961 Uy=0.3520]  vol[p=73.2721 Ux=2.9796 Uy=1.1590]
    val_geom_camber_rc         loss=1.4860  surf[p=70.4935 Ux=1.1819 Uy=0.5240]  vol[p=75.5010 Ux=3.7031 Uy=1.7759]
    val_geom_camber_cruise     loss=0.3707  surf[p=36.8026 Ux=0.4288 Uy=0.2276]  vol[p=35.2281 Ux=1.9016 Uy=0.6686]
    val_re_rand                loss=1.1374  surf[p=54.7744 Ux=0.7837 Uy=0.3681]  vol[p=54.3122 Ux=2.6143 Uy=1.1372]
Epoch  35 (96s) [32.9GB]  train[vol=0.3531 surf=0.1917]  val_avg_surf_p=55.9065 *
    val_single_in_dist         loss=2.2771  surf[p=64.3895 Ux=0.6747 Uy=0.3470]  vol[p=71.7400 Ux=2.9341 Uy=1.1379]
    val_geom_camber_rc         loss=1.4298  surf[p=69.3994 Ux=1.1566 Uy=0.5181]  vol[p=74.3743 Ux=3.6542 Uy=1.7514]
    val_geom_camber_cruise     loss=0.3560  surf[p=35.7777 Ux=0.4275 Uy=0.2226]  vol[p=34.3179 Ux=1.8708 Uy=0.6553]
    val_re_rand                loss=1.1182  surf[p=54.0593 Ux=0.7696 Uy=0.3630]  vol[p=53.2694 Ux=2.5815 Uy=1.1202]
Epoch  36 (97s) [32.9GB]  train[vol=0.3465 surf=0.1895]  val_avg_surf_p=54.9677 *
    val_single_in_dist         loss=2.2017  surf[p=62.7127 Ux=0.6514 Uy=0.3412]  vol[p=70.0239 Ux=2.8889 Uy=1.1211]
    val_geom_camber_rc         loss=1.4225  surf[p=68.9029 Ux=1.1481 Uy=0.5148]  vol[p=73.6774 Ux=3.6230 Uy=1.7364]
    val_geom_camber_cruise     loss=0.3437  surf[p=34.9290 Ux=0.4332 Uy=0.2191]  vol[p=33.8556 Ux=1.8574 Uy=0.6447]
    val_re_rand                loss=1.1030  surf[p=53.3263 Ux=0.7685 Uy=0.3578]  vol[p=52.6532 Ux=2.5607 Uy=1.1064]
Epoch  37 (98s) [32.9GB]  train[vol=0.3393 surf=0.1845]  val_avg_surf_p=53.9777 *
    val_single_in_dist         loss=2.0849  surf[p=60.7628 Ux=0.6393 Uy=0.3327]  vol[p=68.1661 Ux=2.8466 Uy=1.1030]
    val_geom_camber_rc         loss=1.4222  surf[p=68.5372 Ux=1.1310 Uy=0.5114]  vol[p=72.9328 Ux=3.6004 Uy=1.7220]
    val_geom_camber_cruise     loss=0.3303  surf[p=34.1509 Ux=0.4301 Uy=0.2156]  vol[p=33.2011 Ux=1.8349 Uy=0.6362]
    val_re_rand                loss=1.0720  surf[p=52.4601 Ux=0.7594 Uy=0.3538]  vol[p=51.9024 Ux=2.5387 Uy=1.0943]
Epoch  38 (97s) [32.9GB]  train[vol=0.3492 surf=0.1911]  val_avg_surf_p=53.3458 *
    val_single_in_dist         loss=2.0918  surf[p=60.7648 Ux=0.6581 Uy=0.3291]  vol[p=67.4537 Ux=2.8260 Uy=1.0835]
    val_geom_camber_rc         loss=1.3977  surf[p=67.4924 Ux=1.1306 Uy=0.5031]  vol[p=71.9428 Ux=3.5647 Uy=1.6999]
    val_geom_camber_cruise     loss=0.3208  surf[p=33.3606 Ux=0.4663 Uy=0.2130]  vol[p=32.5946 Ux=1.8252 Uy=0.6283]
    val_re_rand                loss=1.0532  surf[p=51.7653 Ux=0.7805 Uy=0.3506]  vol[p=51.3090 Ux=2.5208 Uy=1.0825]
Epoch  39 (98s) [32.9GB]  train[vol=0.3376 surf=0.1827]  val_avg_surf_p=52.7307 *
    val_single_in_dist         loss=2.0798  surf[p=60.3462 Ux=0.6386 Uy=0.3257]  vol[p=66.9635 Ux=2.8066 Uy=1.0634]
    val_geom_camber_rc         loss=1.3693  surf[p=67.0343 Ux=1.1089 Uy=0.4993]  vol[p=71.0499 Ux=3.5408 Uy=1.6858]
    val_geom_camber_cruise     loss=0.3091  surf[p=32.5192 Ux=0.4310 Uy=0.2106]  vol[p=32.0403 Ux=1.7936 Uy=0.6198]
    val_re_rand                loss=1.0367  surf[p=51.0229 Ux=0.7534 Uy=0.3482]  vol[p=50.7316 Ux=2.4994 Uy=1.0719]
Epoch  40 (96s) [32.9GB]  train[vol=0.3365 surf=0.1829]  val_avg_surf_p=51.9266 *
    val_single_in_dist         loss=2.0211  surf[p=59.0014 Ux=0.6259 Uy=0.3187]  vol[p=65.9552 Ux=2.7765 Uy=1.0464]
    val_geom_camber_rc         loss=1.3435  surf[p=66.5277 Ux=1.0991 Uy=0.4931]  vol[p=70.2611 Ux=3.5203 Uy=1.6688]
    val_geom_camber_cruise     loss=0.2997  surf[p=32.0053 Ux=0.4188 Uy=0.2082]  vol[p=31.7305 Ux=1.7746 Uy=0.6133]
    val_re_rand                loss=1.0200  surf[p=50.1721 Ux=0.7380 Uy=0.3440]  vol[p=50.1156 Ux=2.4744 Uy=1.0601]
Epoch  41 (96s) [32.9GB]  train[vol=0.3315 surf=0.1764]  val_avg_surf_p=51.2390 *
    val_single_in_dist         loss=1.9496  surf[p=57.8112 Ux=0.6117 Uy=0.3152]  vol[p=64.9193 Ux=2.7387 Uy=1.0295]
    val_geom_camber_rc         loss=1.2856  surf[p=65.7952 Ux=1.0802 Uy=0.4874]  vol[p=69.5855 Ux=3.4836 Uy=1.6512]
    val_geom_camber_cruise     loss=0.2935  surf[p=31.4620 Ux=0.4128 Uy=0.2074]  vol[p=31.3457 Ux=1.7519 Uy=0.6069]
    val_re_rand                loss=1.0221  surf[p=49.8874 Ux=0.7288 Uy=0.3411]  vol[p=49.8578 Ux=2.4568 Uy=1.0493]
Epoch  42 (96s) [32.9GB]  train[vol=0.3231 surf=0.1697]  val_avg_surf_p=50.6613 *
    val_single_in_dist         loss=1.9623  surf[p=57.1889 Ux=0.5844 Uy=0.3137]  vol[p=64.2672 Ux=2.7035 Uy=1.0152]
    val_geom_camber_rc         loss=1.2721  surf[p=65.1732 Ux=1.0479 Uy=0.4825]  vol[p=69.1166 Ux=3.4576 Uy=1.6360]
    val_geom_camber_cruise     loss=0.2855  surf[p=31.0895 Ux=0.3896 Uy=0.2051]  vol[p=30.9727 Ux=1.7290 Uy=0.6005]
    val_re_rand                loss=1.0161  surf[p=49.1936 Ux=0.7049 Uy=0.3374]  vol[p=49.4006 Ux=2.4350 Uy=1.0379]
Epoch  43 (96s) [32.9GB]  train[vol=0.3376 surf=0.1816]  val_avg_surf_p=50.1316 *
    val_single_in_dist         loss=1.9057  surf[p=56.3806 Ux=0.5789 Uy=0.3132]  vol[p=63.8987 Ux=2.6827 Uy=1.0058]
    val_geom_camber_rc         loss=1.2466  surf[p=64.2748 Ux=1.0266 Uy=0.4768]  vol[p=68.2556 Ux=3.4262 Uy=1.6177]
    val_geom_camber_cruise     loss=0.2838  surf[p=30.8743 Ux=0.3820 Uy=0.2037]  vol[p=30.4619 Ux=1.7130 Uy=0.5950]
    val_re_rand                loss=1.0160  surf[p=48.9966 Ux=0.6938 Uy=0.3357]  vol[p=49.2882 Ux=2.4201 Uy=1.0293]
Epoch  44 (99s) [32.9GB]  train[vol=0.3232 surf=0.1722]  val_avg_surf_p=49.4112 *
    val_single_in_dist         loss=1.8554  surf[p=55.5059 Ux=0.5646 Uy=0.3113]  vol[p=62.8369 Ux=2.6639 Uy=0.9970]
    val_geom_camber_rc         loss=1.2123  surf[p=63.4449 Ux=1.0094 Uy=0.4718]  vol[p=67.5624 Ux=3.3995 Uy=1.6005]
    val_geom_camber_cruise     loss=0.2790  surf[p=30.3495 Ux=0.3687 Uy=0.2016]  vol[p=30.1548 Ux=1.6969 Uy=0.5886]
    val_re_rand                loss=0.9839  surf[p=48.3447 Ux=0.6782 Uy=0.3323]  vol[p=48.8290 Ux=2.4010 Uy=1.0192]
Epoch  45 (96s) [32.9GB]  train[vol=0.3185 surf=0.1661]  val_avg_surf_p=48.6715 *
    val_single_in_dist         loss=1.8568  surf[p=55.0244 Ux=0.5687 Uy=0.3070]  vol[p=62.1845 Ux=2.6522 Uy=0.9844]
    val_geom_camber_rc         loss=1.1199  surf[p=61.9537 Ux=0.9872 Uy=0.4631]  vol[p=66.1691 Ux=3.3668 Uy=1.5834]
    val_geom_camber_cruise     loss=0.2725  surf[p=29.8647 Ux=0.3708 Uy=0.1995]  vol[p=29.8557 Ux=1.6875 Uy=0.5834]
    val_re_rand                loss=0.9825  surf[p=47.8432 Ux=0.6704 Uy=0.3298]  vol[p=48.4476 Ux=2.3891 Uy=1.0136]
Epoch  46 (97s) [32.9GB]  train[vol=0.3042 surf=0.1581]  val_avg_surf_p=48.0239 *
    val_single_in_dist         loss=1.8284  surf[p=54.0486 Ux=0.5558 Uy=0.3046]  vol[p=61.3591 Ux=2.6152 Uy=0.9712]
    val_geom_camber_rc         loss=1.0827  surf[p=61.1828 Ux=0.9705 Uy=0.4582]  vol[p=65.5563 Ux=3.3363 Uy=1.5654]
    val_geom_camber_cruise     loss=0.2670  surf[p=29.4523 Ux=0.3582 Uy=0.1968]  vol[p=29.4683 Ux=1.6747 Uy=0.5783]
    val_re_rand                loss=0.9649  surf[p=47.4121 Ux=0.6545 Uy=0.3274]  vol[p=47.9738 Ux=2.3697 Uy=1.0055]
Epoch  47 (97s) [32.9GB]  train[vol=0.3100 surf=0.1633]  val_avg_surf_p=47.3448 *
    val_single_in_dist         loss=1.8150  surf[p=53.4108 Ux=0.5520 Uy=0.3006]  vol[p=60.9881 Ux=2.5959 Uy=0.9600]
    val_geom_camber_rc         loss=1.0347  surf[p=59.8841 Ux=0.9531 Uy=0.4525]  vol[p=64.6907 Ux=3.3081 Uy=1.5475]
    val_geom_camber_cruise     loss=0.2615  surf[p=29.1349 Ux=0.3513 Uy=0.1958]  vol[p=29.2019 Ux=1.6572 Uy=0.5754]
    val_re_rand                loss=0.9601  surf[p=46.9496 Ux=0.6412 Uy=0.3253]  vol[p=47.5657 Ux=2.3537 Uy=0.9982]
Epoch  48 (97s) [32.9GB]  train[vol=0.3180 surf=0.1674]  val_avg_surf_p=46.8146 *
    val_single_in_dist         loss=1.7848  surf[p=52.5392 Ux=0.5435 Uy=0.2988]  vol[p=59.7005 Ux=2.5731 Uy=0.9538]
    val_geom_camber_rc         loss=1.0054  surf[p=59.3712 Ux=0.9368 Uy=0.4485]  vol[p=63.9247 Ux=3.2810 Uy=1.5322]
    val_geom_camber_cruise     loss=0.2564  surf[p=28.6806 Ux=0.3466 Uy=0.1944]  vol[p=28.8908 Ux=1.6441 Uy=0.5715]
    val_re_rand                loss=0.9674  surf[p=46.6673 Ux=0.6239 Uy=0.3233]  vol[p=47.1002 Ux=2.3332 Uy=0.9915]
Epoch  49 (98s) [32.9GB]  train[vol=0.3011 surf=0.1569]  val_avg_surf_p=45.8582 *
    val_single_in_dist         loss=1.7224  surf[p=50.5082 Ux=0.5345 Uy=0.2971]  vol[p=59.0932 Ux=2.5500 Uy=0.9453]
    val_geom_camber_rc         loss=1.0014  surf[p=58.5779 Ux=0.9145 Uy=0.4450]  vol[p=63.3442 Ux=3.2574 Uy=1.5183]
    val_geom_camber_cruise     loss=0.2544  surf[p=28.4102 Ux=0.3516 Uy=0.1924]  vol[p=28.6115 Ux=1.6328 Uy=0.5665]
    val_re_rand                loss=0.9200  surf[p=45.9365 Ux=0.6152 Uy=0.3187]  vol[p=46.4979 Ux=2.3098 Uy=0.9803]
Epoch  50 (96s) [32.9GB]  train[vol=0.3075 surf=0.1614]  val_avg_surf_p=45.6269 *
    val_single_in_dist         loss=1.7036  surf[p=50.2738 Ux=0.5323 Uy=0.2956]  vol[p=59.1313 Ux=2.5372 Uy=0.9355]
    val_geom_camber_rc         loss=0.9825  surf[p=58.2775 Ux=0.9000 Uy=0.4421]  vol[p=63.0186 Ux=3.2325 Uy=1.5060]
    val_geom_camber_cruise     loss=0.2463  surf[p=28.0130 Ux=0.3470 Uy=0.1910]  vol[p=28.3359 Ux=1.6264 Uy=0.5625]
    val_re_rand                loss=0.9233  surf[p=45.9430 Ux=0.6058 Uy=0.3180]  vol[p=46.3650 Ux=2.2932 Uy=0.9750]
Epoch  51 (97s) [32.9GB]  train[vol=0.3000 surf=0.1545]  val_avg_surf_p=45.2574 *
    val_single_in_dist         loss=1.6934  surf[p=50.1597 Ux=0.5252 Uy=0.2935]  vol[p=58.6501 Ux=2.5132 Uy=0.9252]
    val_geom_camber_rc         loss=0.9542  surf[p=57.9758 Ux=0.8881 Uy=0.4396]  vol[p=62.6626 Ux=3.2140 Uy=1.4956]
    val_geom_camber_cruise     loss=0.2436  surf[p=27.6692 Ux=0.3414 Uy=0.1893]  vol[p=28.0545 Ux=1.6172 Uy=0.5623]
    val_re_rand                loss=0.9124  surf[p=45.2248 Ux=0.5989 Uy=0.3147]  vol[p=45.8387 Ux=2.2757 Uy=0.9684]
Epoch  52 (97s) [32.9GB]  train[vol=0.3138 surf=0.1665]  val_avg_surf_p=44.8347 *
    val_single_in_dist         loss=1.7290  surf[p=50.0551 Ux=0.5227 Uy=0.2915]  vol[p=58.1229 Ux=2.4975 Uy=0.9193]
    val_geom_camber_rc         loss=0.9304  surf[p=57.2427 Ux=0.8752 Uy=0.4366]  vol[p=62.1352 Ux=3.1939 Uy=1.4856]
    val_geom_camber_cruise     loss=0.2411  surf[p=27.2940 Ux=0.3419 Uy=0.1881]  vol[p=27.7977 Ux=1.6110 Uy=0.5584]
    val_re_rand                loss=0.8927  surf[p=44.7469 Ux=0.5964 Uy=0.3124]  vol[p=45.4082 Ux=2.2631 Uy=0.9609]
Epoch  53 (97s) [32.9GB]  train[vol=0.3029 surf=0.1566]  val_avg_surf_p=44.5716 *
    val_single_in_dist         loss=1.7201  surf[p=50.0282 Ux=0.5201 Uy=0.2911]  vol[p=57.5548 Ux=2.4939 Uy=0.9137]
    val_geom_camber_rc         loss=0.9229  surf[p=56.9686 Ux=0.8671 Uy=0.4337]  vol[p=61.6962 Ux=3.1777 Uy=1.4726]
    val_geom_camber_cruise     loss=0.2425  surf[p=27.0637 Ux=0.3376 Uy=0.1873]  vol[p=27.5206 Ux=1.5985 Uy=0.5552]
    val_re_rand                loss=0.8631  surf[p=44.2259 Ux=0.5909 Uy=0.3095]  vol[p=45.0407 Ux=2.2457 Uy=0.9518]
Epoch  54 (97s) [32.9GB]  train[vol=0.2906 surf=0.1498]  val_avg_surf_p=44.3528 *
    val_single_in_dist         loss=1.6954  surf[p=49.8291 Ux=0.5166 Uy=0.2892]  vol[p=56.8014 Ux=2.4664 Uy=0.9049]
    val_geom_camber_rc         loss=0.9160  surf[p=56.8674 Ux=0.8539 Uy=0.4306]  vol[p=61.4866 Ux=3.1555 Uy=1.4634]
    val_geom_camber_cruise     loss=0.2334  surf[p=26.7428 Ux=0.3334 Uy=0.1862]  vol[p=27.3054 Ux=1.5951 Uy=0.5517]
    val_re_rand                loss=0.8640  surf[p=43.9721 Ux=0.5822 Uy=0.3073]  vol[p=44.8078 Ux=2.2325 Uy=0.9463]
Epoch  55 (98s) [32.9GB]  train[vol=0.2864 surf=0.1485]  val_avg_surf_p=44.0000 *
    val_single_in_dist         loss=1.7348  surf[p=49.7347 Ux=0.5146 Uy=0.2862]  vol[p=56.5271 Ux=2.4488 Uy=0.8989]
    val_geom_camber_rc         loss=0.9079  surf[p=56.3808 Ux=0.8399 Uy=0.4282]  vol[p=60.9179 Ux=3.1325 Uy=1.4524]
    val_geom_camber_cruise     loss=0.2328  surf[p=26.5408 Ux=0.3264 Uy=0.1857]  vol[p=27.1163 Ux=1.5810 Uy=0.5469]
    val_re_rand                loss=0.8469  surf[p=43.3439 Ux=0.5746 Uy=0.3044]  vol[p=44.3387 Ux=2.2183 Uy=0.9394]
Epoch  56 (97s) [32.9GB]  train[vol=0.3070 surf=0.1597]  val_avg_surf_p=43.6237 *
    val_single_in_dist         loss=1.7585  surf[p=49.5647 Ux=0.5120 Uy=0.2851]  vol[p=56.1555 Ux=2.4334 Uy=0.8931]
    val_geom_camber_rc         loss=0.8861  surf[p=55.6559 Ux=0.8339 Uy=0.4242]  vol[p=60.2640 Ux=3.1114 Uy=1.4373]
    val_geom_camber_cruise     loss=0.2293  surf[p=26.2919 Ux=0.3231 Uy=0.1850]  vol[p=26.9251 Ux=1.5713 Uy=0.5433]
    val_re_rand                loss=0.8473  surf[p=42.9825 Ux=0.5702 Uy=0.3023]  vol[p=43.9688 Ux=2.2023 Uy=0.9328]
Epoch  57 (97s) [32.9GB]  train[vol=0.2910 surf=0.1507]  val_avg_surf_p=43.5048 *
    val_single_in_dist         loss=1.8141  surf[p=50.2145 Ux=0.5116 Uy=0.2841]  vol[p=56.8634 Ux=2.4258 Uy=0.8919]
    val_geom_camber_rc         loss=0.8687  surf[p=55.2679 Ux=0.8252 Uy=0.4208]  vol[p=59.9079 Ux=3.0963 Uy=1.4266]
    val_geom_camber_cruise     loss=0.2214  surf[p=25.8206 Ux=0.3289 Uy=0.1836]  vol[p=26.6005 Ux=1.5675 Uy=0.5401]
    val_re_rand                loss=0.8427  surf[p=42.7160 Ux=0.5665 Uy=0.3007]  vol[p=43.8156 Ux=2.1935 Uy=0.9264]
Epoch  58 (96s) [32.9GB]  train[vol=0.2802 surf=0.1425]  val_avg_surf_p=43.0552 *
    val_single_in_dist         loss=1.8133  surf[p=49.4362 Ux=0.5051 Uy=0.2809]  vol[p=56.2624 Ux=2.4076 Uy=0.8840]
    val_geom_camber_rc         loss=0.8526  surf[p=54.6431 Ux=0.8229 Uy=0.4174]  vol[p=59.2384 Ux=3.0789 Uy=1.4151]
    val_geom_camber_cruise     loss=0.2166  surf[p=25.4548 Ux=0.3282 Uy=0.1823]  vol[p=26.3536 Ux=1.5596 Uy=0.5381]
    val_re_rand                loss=0.8564  surf[p=42.6866 Ux=0.5630 Uy=0.2994]  vol[p=43.6870 Ux=2.1834 Uy=0.9221]
Epoch  59 (96s) [32.9GB]  train[vol=0.2751 surf=0.1371]  val_avg_surf_p=42.4922 *
    val_single_in_dist         loss=1.8178  surf[p=48.1540 Ux=0.4941 Uy=0.2796]  vol[p=55.1150 Ux=2.3821 Uy=0.8763]
    val_geom_camber_rc         loss=0.8475  surf[p=54.1713 Ux=0.8174 Uy=0.4156]  vol[p=58.7486 Ux=3.0538 Uy=1.4034]
    val_geom_camber_cruise     loss=0.2141  surf[p=25.2283 Ux=0.3274 Uy=0.1811]  vol[p=26.2707 Ux=1.5486 Uy=0.5342]
    val_re_rand                loss=0.8444  surf[p=42.4151 Ux=0.5608 Uy=0.2989]  vol[p=43.3236 Ux=2.1726 Uy=0.9157]
Epoch  60 (97s) [32.9GB]  train[vol=0.2712 surf=0.1366]  val_avg_surf_p=41.9855 *
    val_single_in_dist         loss=1.6931  surf[p=46.9258 Ux=0.4825 Uy=0.2751]  vol[p=54.3122 Ux=2.3594 Uy=0.8621]
    val_geom_camber_rc         loss=0.8417  surf[p=53.9605 Ux=0.8014 Uy=0.4139]  vol[p=58.6812 Ux=3.0294 Uy=1.3938]
    val_geom_camber_cruise     loss=0.2116  surf[p=24.9521 Ux=0.3208 Uy=0.1811]  vol[p=26.1207 Ux=1.5415 Uy=0.5312]
    val_re_rand                loss=0.8259  surf[p=42.1036 Ux=0.5535 Uy=0.2980]  vol[p=43.0640 Ux=2.1587 Uy=0.9095]
Epoch  61 (97s) [32.9GB]  train[vol=0.2806 surf=0.1449]  val_avg_surf_p=41.6937 *
    val_single_in_dist         loss=1.6189  surf[p=45.9143 Ux=0.4801 Uy=0.2718]  vol[p=53.2947 Ux=2.3445 Uy=0.8552]
    val_geom_camber_rc         loss=0.8478  surf[p=54.3664 Ux=0.8011 Uy=0.4149]  vol[p=58.9415 Ux=3.0147 Uy=1.3912]
    val_geom_camber_cruise     loss=0.2129  surf[p=24.9032 Ux=0.3175 Uy=0.1798]  vol[p=26.0622 Ux=1.5347 Uy=0.5289]
    val_re_rand                loss=0.7986  surf[p=41.5907 Ux=0.5462 Uy=0.2956]  vol[p=42.6969 Ux=2.1393 Uy=0.9032]
Epoch  62 (97s) [32.9GB]  train[vol=0.2716 surf=0.1366]  val_avg_surf_p=41.3159 *
    val_single_in_dist         loss=1.5871  surf[p=44.9397 Ux=0.4763 Uy=0.2696]  vol[p=52.1742 Ux=2.3270 Uy=0.8500]
    val_geom_camber_rc         loss=0.8367  surf[p=54.3368 Ux=0.8048 Uy=0.4117]  vol[p=58.9252 Ux=3.0008 Uy=1.3832]
    val_geom_camber_cruise     loss=0.2095  surf[p=24.7300 Ux=0.3210 Uy=0.1796]  vol[p=25.9083 Ux=1.5295 Uy=0.5262]
    val_re_rand                loss=0.7867  surf[p=41.2572 Ux=0.5484 Uy=0.2945]  vol[p=42.5315 Ux=2.1286 Uy=0.8981]
Epoch  63 (96s) [32.9GB]  train[vol=0.2759 surf=0.1381]  val_avg_surf_p=41.2381 *
    val_single_in_dist         loss=1.6178  surf[p=44.9978 Ux=0.4796 Uy=0.2683]  vol[p=51.8770 Ux=2.3183 Uy=0.8468]
    val_geom_camber_rc         loss=0.8265  surf[p=53.9679 Ux=0.7934 Uy=0.4103]  vol[p=58.6846 Ux=2.9871 Uy=1.3781]
    val_geom_camber_cruise     loss=0.2084  surf[p=24.6607 Ux=0.3223 Uy=0.1790]  vol[p=25.8018 Ux=1.5226 Uy=0.5237]
    val_re_rand                loss=0.7940  surf[p=41.3261 Ux=0.5485 Uy=0.2935]  vol[p=42.4342 Ux=2.1196 Uy=0.8951]
Epoch  64 (99s) [32.9GB]  train[vol=0.2648 surf=0.1334]  val_avg_surf_p=40.9702 *
    val_single_in_dist         loss=1.6219  surf[p=44.4597 Ux=0.4790 Uy=0.2679]  vol[p=51.5024 Ux=2.3065 Uy=0.8401]
    val_geom_camber_rc         loss=0.8123  surf[p=53.5153 Ux=0.7932 Uy=0.4073]  vol[p=58.2156 Ux=2.9753 Uy=1.3716]
    val_geom_camber_cruise     loss=0.2062  surf[p=24.5343 Ux=0.3298 Uy=0.1789]  vol[p=25.6403 Ux=1.5085 Uy=0.5215]
    val_re_rand                loss=0.7958  surf[p=41.3715 Ux=0.5555 Uy=0.2934]  vol[p=42.5360 Ux=2.1153 Uy=0.8930]
Epoch  65 (97s) [32.9GB]  train[vol=0.2654 surf=0.1326]  val_avg_surf_p=40.8530 *
    val_single_in_dist         loss=1.6103  surf[p=44.5658 Ux=0.4637 Uy=0.2666]  vol[p=51.4640 Ux=2.2945 Uy=0.8349]
    val_geom_camber_rc         loss=0.8015  surf[p=53.1583 Ux=0.7809 Uy=0.4037]  vol[p=57.7776 Ux=2.9583 Uy=1.3627]
    val_geom_camber_cruise     loss=0.2052  surf[p=24.2698 Ux=0.3190 Uy=0.1773]  vol[p=25.4332 Ux=1.5013 Uy=0.5183]
    val_re_rand                loss=0.7931  surf[p=41.4182 Ux=0.5459 Uy=0.2918]  vol[p=42.4958 Ux=2.1076 Uy=0.8897]
Epoch  66 (97s) [32.9GB]  train[vol=0.2758 surf=0.1416]  val_avg_surf_p=40.6837 *
    val_single_in_dist         loss=1.5969  surf[p=44.9690 Ux=0.4543 Uy=0.2654]  vol[p=51.5801 Ux=2.2808 Uy=0.8281]
    val_geom_camber_rc         loss=0.7871  surf[p=52.6981 Ux=0.7751 Uy=0.4011]  vol[p=57.1528 Ux=2.9406 Uy=1.3545]
    val_geom_camber_cruise     loss=0.2035  surf[p=24.0211 Ux=0.3157 Uy=0.1769]  vol[p=25.3025 Ux=1.4981 Uy=0.5139]
    val_re_rand                loss=0.7842  surf[p=41.0466 Ux=0.5379 Uy=0.2912]  vol[p=42.1451 Ux=2.0982 Uy=0.8850]
Epoch  67 (95s) [32.9GB]  train[vol=0.2680 surf=0.1360]  val_avg_surf_p=40.4820 *
    val_single_in_dist         loss=1.6032  surf[p=45.1628 Ux=0.4552 Uy=0.2625]  vol[p=51.0616 Ux=2.2674 Uy=0.8193]
    val_geom_camber_rc         loss=0.7783  surf[p=52.2381 Ux=0.7688 Uy=0.3988]  vol[p=56.8162 Ux=2.9342 Uy=1.3484]
    val_geom_camber_cruise     loss=0.1988  surf[p=23.8034 Ux=0.3196 Uy=0.1758]  vol[p=25.0601 Ux=1.4940 Uy=0.5112]
    val_re_rand                loss=0.7828  surf[p=40.7237 Ux=0.5347 Uy=0.2893]  vol[p=41.8620 Ux=2.0900 Uy=0.8815]
Epoch  68 (94s) [32.9GB]  train[vol=0.2864 surf=0.1470]  val_avg_surf_p=40.2104 *
    val_single_in_dist         loss=1.6782  surf[p=45.0781 Ux=0.4438 Uy=0.2623]  vol[p=50.4164 Ux=2.2537 Uy=0.8142]
    val_geom_camber_rc         loss=0.7769  surf[p=51.8382 Ux=0.7637 Uy=0.3996]  vol[p=56.7495 Ux=2.9319 Uy=1.3454]
    val_geom_camber_cruise     loss=0.2010  surf[p=23.7004 Ux=0.3092 Uy=0.1753]  vol[p=24.9613 Ux=1.4819 Uy=0.5105]
    val_re_rand                loss=0.7809  surf[p=40.2247 Ux=0.5265 Uy=0.2878]  vol[p=41.4005 Ux=2.0803 Uy=0.8758]
Epoch  69 (98s) [32.9GB]  train[vol=0.2447 surf=0.1184]  val_avg_surf_p=39.7703 *
    val_single_in_dist         loss=1.6197  surf[p=44.3627 Ux=0.4488 Uy=0.2604]  vol[p=49.9082 Ux=2.2456 Uy=0.8091]
    val_geom_camber_rc         loss=0.7730  surf[p=51.5950 Ux=0.7656 Uy=0.3993]  vol[p=56.5335 Ux=2.9122 Uy=1.3381]
    val_geom_camber_cruise     loss=0.1954  surf[p=23.3249 Ux=0.3102 Uy=0.1734]  vol[p=24.7617 Ux=1.4759 Uy=0.5087]
    val_re_rand                loss=0.7723  surf[p=39.7987 Ux=0.5295 Uy=0.2859]  vol[p=41.0836 Ux=2.0718 Uy=0.8710]
Epoch  70 (95s) [32.9GB]  train[vol=0.2703 surf=0.1365]  val_avg_surf_p=39.3784 *
    val_single_in_dist         loss=1.4799  surf[p=43.3827 Ux=0.4395 Uy=0.2576]  vol[p=49.4167 Ux=2.2255 Uy=0.8031]
    val_geom_camber_rc         loss=0.7689  surf[p=51.2338 Ux=0.7562 Uy=0.3978]  vol[p=56.2053 Ux=2.8955 Uy=1.3318]
    val_geom_camber_cruise     loss=0.1935  surf[p=23.2053 Ux=0.3029 Uy=0.1725]  vol[p=24.6357 Ux=1.4724 Uy=0.5082]
    val_re_rand                loss=0.7654  surf[p=39.6918 Ux=0.5234 Uy=0.2848]  vol[p=40.9758 Ux=2.0658 Uy=0.8683]
Epoch  71 (98s) [32.9GB]  train[vol=0.2558 surf=0.1278]  val_avg_surf_p=39.1118 *
    val_single_in_dist         loss=1.3855  surf[p=42.5070 Ux=0.4376 Uy=0.2588]  vol[p=48.9916 Ux=2.2123 Uy=0.8005]
    val_geom_camber_rc         loss=0.7663  surf[p=51.2071 Ux=0.7527 Uy=0.3966]  vol[p=56.0532 Ux=2.8774 Uy=1.3265]
    val_geom_camber_cruise     loss=0.1907  surf[p=23.0369 Ux=0.3025 Uy=0.1712]  vol[p=24.4958 Ux=1.4627 Uy=0.5067]
    val_re_rand                loss=0.7660  surf[p=39.6959 Ux=0.5242 Uy=0.2836]  vol[p=40.9749 Ux=2.0573 Uy=0.8665]
Epoch  72 (99s) [32.9GB]  train[vol=0.2657 surf=0.1347]  val_avg_surf_p=38.9612 *
    val_single_in_dist         loss=1.3082  surf[p=41.8956 Ux=0.4307 Uy=0.2567]  vol[p=48.4392 Ux=2.2050 Uy=0.7940]
    val_geom_camber_rc         loss=0.7759  surf[p=51.5660 Ux=0.7475 Uy=0.3958]  vol[p=56.3935 Ux=2.8706 Uy=1.3223]
    val_geom_camber_cruise     loss=0.1869  surf[p=22.8404 Ux=0.2928 Uy=0.1702]  vol[p=24.3233 Ux=1.4549 Uy=0.5041]
    val_re_rand                loss=0.7638  surf[p=39.5429 Ux=0.5165 Uy=0.2823]  vol[p=40.9400 Ux=2.0477 Uy=0.8626]
Epoch  73 (96s) [32.9GB]  train[vol=0.2625 surf=0.1311]  val_avg_surf_p=38.7152 *
    val_single_in_dist         loss=1.3032  surf[p=41.2642 Ux=0.4225 Uy=0.2564]  vol[p=47.8838 Ux=2.1965 Uy=0.7906]
    val_geom_camber_rc         loss=0.7682  surf[p=51.2775 Ux=0.7430 Uy=0.3940]  vol[p=55.9151 Ux=2.8605 Uy=1.3156]
    val_geom_camber_cruise     loss=0.1856  surf[p=22.7403 Ux=0.2895 Uy=0.1700]  vol[p=24.1665 Ux=1.4451 Uy=0.5025]
    val_re_rand                loss=0.7762  surf[p=39.5789 Ux=0.5143 Uy=0.2821]  vol[p=40.8377 Ux=2.0383 Uy=0.8588]
Epoch  74 (97s) [32.9GB]  train[vol=0.2625 surf=0.1329]  val_avg_surf_p=38.7622
    val_single_in_dist         loss=1.3134  surf[p=41.5285 Ux=0.4176 Uy=0.2548]  vol[p=47.8315 Ux=2.1849 Uy=0.7827]
    val_geom_camber_rc         loss=0.7600  surf[p=51.1778 Ux=0.7381 Uy=0.3929]  vol[p=55.6457 Ux=2.8510 Uy=1.3119]
    val_geom_camber_cruise     loss=0.1840  surf[p=22.6012 Ux=0.2843 Uy=0.1693]  vol[p=24.0232 Ux=1.4383 Uy=0.5014]
    val_re_rand                loss=0.7807  surf[p=39.7410 Ux=0.5103 Uy=0.2815]  vol[p=40.8796 Ux=2.0297 Uy=0.8569]
Epoch  75 (97s) [32.9GB]  train[vol=0.2543 surf=0.1261]  val_avg_surf_p=38.4772 *
    val_single_in_dist         loss=1.3399  surf[p=41.0498 Ux=0.4145 Uy=0.2524]  vol[p=47.6866 Ux=2.1684 Uy=0.7797]
    val_geom_camber_rc         loss=0.7519  surf[p=50.9303 Ux=0.7336 Uy=0.3912]  vol[p=55.4382 Ux=2.8475 Uy=1.3073]
    val_geom_camber_cruise     loss=0.1834  surf[p=22.4294 Ux=0.2882 Uy=0.1687]  vol[p=23.8609 Ux=1.4357 Uy=0.4995]
    val_re_rand                loss=0.7748  surf[p=39.4994 Ux=0.5099 Uy=0.2803]  vol[p=40.6866 Ux=2.0231 Uy=0.8541]
Epoch  76 (97s) [32.9GB]  train[vol=0.2494 surf=0.1240]  val_avg_surf_p=38.3397 *
    val_single_in_dist         loss=1.3654  surf[p=40.9474 Ux=0.4114 Uy=0.2510]  vol[p=47.8271 Ux=2.1602 Uy=0.7752]
    val_geom_camber_rc         loss=0.7559  surf[p=51.0264 Ux=0.7335 Uy=0.3913]  vol[p=55.6245 Ux=2.8411 Uy=1.3033]
    val_geom_camber_cruise     loss=0.1813  surf[p=22.2394 Ux=0.2892 Uy=0.1672]  vol[p=23.8358 Ux=1.4332 Uy=0.4967]
    val_re_rand                loss=0.7634  surf[p=39.1457 Ux=0.5065 Uy=0.2779]  vol[p=40.2739 Ux=2.0159 Uy=0.8492]
Epoch  77 (96s) [32.9GB]  train[vol=0.2555 surf=0.1270]  val_avg_surf_p=38.0235 *
    val_single_in_dist         loss=1.3298  surf[p=40.3780 Ux=0.4119 Uy=0.2493]  vol[p=47.4500 Ux=2.1500 Uy=0.7735]
    val_geom_camber_rc         loss=0.7597  surf[p=50.7069 Ux=0.7330 Uy=0.3892]  vol[p=55.3298 Ux=2.8382 Uy=1.3000]
    val_geom_camber_cruise     loss=0.1797  surf[p=22.0099 Ux=0.2860 Uy=0.1666]  vol[p=23.7201 Ux=1.4281 Uy=0.4946]
    val_re_rand                loss=0.7588  surf[p=38.9993 Ux=0.5042 Uy=0.2765]  vol[p=40.0384 Ux=2.0066 Uy=0.8465]
Epoch  78 (97s) [32.9GB]  train[vol=0.2506 surf=0.1234]  val_avg_surf_p=37.8913 *
    val_single_in_dist         loss=1.2835  surf[p=40.0796 Ux=0.4100 Uy=0.2485]  vol[p=47.1618 Ux=2.1372 Uy=0.7705]
    val_geom_camber_rc         loss=0.7648  surf[p=50.5372 Ux=0.7301 Uy=0.3890]  vol[p=55.3027 Ux=2.8277 Uy=1.2930]
    val_geom_camber_cruise     loss=0.1785  surf[p=21.9359 Ux=0.2839 Uy=0.1659]  vol[p=23.5980 Ux=1.4233 Uy=0.4925]
    val_re_rand                loss=0.7610  surf[p=39.0127 Ux=0.5028 Uy=0.2757]  vol[p=40.0129 Ux=1.9981 Uy=0.8434]
Epoch  79 (97s) [32.9GB]  train[vol=0.2495 surf=0.1212]  val_avg_surf_p=37.7467 *
    val_single_in_dist         loss=1.2803  surf[p=39.9211 Ux=0.4066 Uy=0.2501]  vol[p=46.9170 Ux=2.1290 Uy=0.7698]
    val_geom_camber_rc         loss=0.7554  surf[p=50.1354 Ux=0.7222 Uy=0.3871]  vol[p=54.8591 Ux=2.8111 Uy=1.2863]
    val_geom_camber_cruise     loss=0.1774  surf[p=21.7923 Ux=0.2791 Uy=0.1646]  vol[p=23.5254 Ux=1.4136 Uy=0.4891]
    val_re_rand                loss=0.7805  surf[p=39.1379 Ux=0.5002 Uy=0.2760]  vol[p=40.1286 Ux=1.9920 Uy=0.8429]
Epoch  80 (96s) [32.9GB]  train[vol=0.2495 surf=0.1209]  val_avg_surf_p=37.5903 *
    val_single_in_dist         loss=1.2669  surf[p=39.5645 Ux=0.4012 Uy=0.2490]  vol[p=46.5118 Ux=2.1206 Uy=0.7671]
    val_geom_camber_rc         loss=0.7504  surf[p=49.9401 Ux=0.7150 Uy=0.3848]  vol[p=54.5531 Ux=2.7943 Uy=1.2778]
    val_geom_camber_cruise     loss=0.1765  surf[p=21.7175 Ux=0.2766 Uy=0.1638]  vol[p=23.3831 Ux=1.4042 Uy=0.4863]
    val_re_rand                loss=0.7864  surf[p=39.1392 Ux=0.4990 Uy=0.2762]  vol[p=40.0820 Ux=1.9859 Uy=0.8403]
Epoch  81 (97s) [32.9GB]  train[vol=0.2444 surf=0.1187]  val_avg_surf_p=37.4831 *
    val_single_in_dist         loss=1.2268  surf[p=39.3109 Ux=0.3957 Uy=0.2457]  vol[p=46.1603 Ux=2.1135 Uy=0.7608]
    val_geom_camber_rc         loss=0.7419  surf[p=49.7299 Ux=0.7108 Uy=0.3840]  vol[p=54.3283 Ux=2.7808 Uy=1.2724]
    val_geom_camber_cruise     loss=0.1752  surf[p=21.6045 Ux=0.2735 Uy=0.1627]  vol[p=23.2619 Ux=1.3981 Uy=0.4840]
    val_re_rand                loss=0.7939  surf[p=39.2873 Ux=0.4974 Uy=0.2751]  vol[p=40.0607 Ux=1.9826 Uy=0.8387]
Epoch  82 (97s) [32.9GB]  train[vol=0.2440 surf=0.1182]  val_avg_surf_p=37.3146 *
    val_single_in_dist         loss=1.2373  surf[p=39.0222 Ux=0.3936 Uy=0.2438]  vol[p=45.7090 Ux=2.1031 Uy=0.7561]
    val_geom_camber_rc         loss=0.7385  surf[p=49.5990 Ux=0.7110 Uy=0.3834]  vol[p=54.2084 Ux=2.7691 Uy=1.2689]
    val_geom_camber_cruise     loss=0.1737  surf[p=21.5079 Ux=0.2721 Uy=0.1617]  vol[p=23.1822 Ux=1.3914 Uy=0.4823]
    val_re_rand                loss=0.7808  surf[p=39.1295 Ux=0.4949 Uy=0.2736]  vol[p=39.8824 Ux=1.9749 Uy=0.8350]
Epoch  83 (96s) [32.9GB]  train[vol=0.2411 surf=0.1155]  val_avg_surf_p=37.1879 *
    val_single_in_dist         loss=1.2818  surf[p=38.8860 Ux=0.3980 Uy=0.2433]  vol[p=45.4454 Ux=2.0985 Uy=0.7552]
    val_geom_camber_rc         loss=0.7308  surf[p=49.4952 Ux=0.7089 Uy=0.3829]  vol[p=54.1492 Ux=2.7607 Uy=1.2676]
    val_geom_camber_cruise     loss=0.1725  surf[p=21.4394 Ux=0.2693 Uy=0.1616]  vol[p=23.1221 Ux=1.3883 Uy=0.4815]
    val_re_rand                loss=0.7800  surf[p=38.9310 Ux=0.4936 Uy=0.2724]  vol[p=39.6336 Ux=1.9684 Uy=0.8316]
Epoch  84 (96s) [32.9GB]  train[vol=0.2509 surf=0.1248]  val_avg_surf_p=37.1814 *
    val_single_in_dist         loss=1.3197  surf[p=39.0584 Ux=0.3936 Uy=0.2434]  vol[p=45.4159 Ux=2.0890 Uy=0.7521]
    val_geom_camber_rc         loss=0.7334  surf[p=49.4717 Ux=0.7054 Uy=0.3815]  vol[p=53.9930 Ux=2.7529 Uy=1.2633]
    val_geom_camber_cruise     loss=0.1728  surf[p=21.4346 Ux=0.2746 Uy=0.1617]  vol[p=23.1125 Ux=1.3938 Uy=0.4809]
    val_re_rand                loss=0.7800  surf[p=38.7610 Ux=0.4911 Uy=0.2715]  vol[p=39.4590 Ux=1.9630 Uy=0.8297]
Epoch  85 (95s) [32.9GB]  train[vol=0.2580 surf=0.1280]  val_avg_surf_p=37.2477
    val_single_in_dist         loss=1.4036  surf[p=39.6650 Ux=0.3909 Uy=0.2434]  vol[p=45.5076 Ux=2.0789 Uy=0.7492]
    val_geom_camber_rc         loss=0.7349  surf[p=49.6798 Ux=0.7071 Uy=0.3813]  vol[p=54.0522 Ux=2.7454 Uy=1.2611]
    val_geom_camber_cruise     loss=0.1705  surf[p=21.3014 Ux=0.2770 Uy=0.1616]  vol[p=22.9824 Ux=1.3905 Uy=0.4802]
    val_re_rand                loss=0.7785  surf[p=38.3445 Ux=0.4874 Uy=0.2705]  vol[p=39.1220 Ux=1.9537 Uy=0.8272]
Epoch  86 (97s) [32.9GB]  train[vol=0.2429 surf=0.1188]  val_avg_surf_p=37.2059
    val_single_in_dist         loss=1.4453  surf[p=39.6038 Ux=0.3945 Uy=0.2442]  vol[p=45.1760 Ux=2.0746 Uy=0.7487]
    val_geom_camber_rc         loss=0.7335  surf[p=49.6490 Ux=0.7021 Uy=0.3808]  vol[p=54.1683 Ux=2.7364 Uy=1.2590]
    val_geom_camber_cruise     loss=0.1707  surf[p=21.3373 Ux=0.2749 Uy=0.1619]  vol[p=22.9340 Ux=1.3854 Uy=0.4795]
    val_re_rand                loss=0.7795  surf[p=38.2333 Ux=0.4839 Uy=0.2697]  vol[p=39.0122 Ux=1.9500 Uy=0.8260]
Epoch  87 (98s) [32.9GB]  train[vol=0.2418 surf=0.1184]  val_avg_surf_p=36.9004 *
    val_single_in_dist         loss=1.4745  surf[p=39.3318 Ux=0.3840 Uy=0.2429]  vol[p=44.6563 Ux=2.0605 Uy=0.7421]
    val_geom_camber_rc         loss=0.7276  surf[p=49.2050 Ux=0.7013 Uy=0.3796]  vol[p=54.1012 Ux=2.7324 Uy=1.2563]
    val_geom_camber_cruise     loss=0.1708  surf[p=21.1767 Ux=0.2741 Uy=0.1612]  vol[p=22.8618 Ux=1.3742 Uy=0.4779]
    val_re_rand                loss=0.7571  surf[p=37.8879 Ux=0.4820 Uy=0.2692]  vol[p=38.6858 Ux=1.9401 Uy=0.8233]
Epoch  88 (99s) [32.9GB]  train[vol=0.2230 surf=0.1056]  val_avg_surf_p=36.9888
    val_single_in_dist         loss=1.5134  surf[p=39.9418 Ux=0.3829 Uy=0.2421]  vol[p=44.7918 Ux=2.0520 Uy=0.7376]
    val_geom_camber_rc         loss=0.7233  surf[p=48.9499 Ux=0.6999 Uy=0.3786]  vol[p=53.7988 Ux=2.7282 Uy=1.2529]
    val_geom_camber_cruise     loss=0.1688  surf[p=21.1153 Ux=0.2724 Uy=0.1606]  vol[p=22.8302 Ux=1.3712 Uy=0.4777]
    val_re_rand                loss=0.7669  surf[p=37.9482 Ux=0.4813 Uy=0.2682]  vol[p=38.6885 Ux=1.9331 Uy=0.8209]
Epoch  89 (97s) [32.9GB]  train[vol=0.2407 surf=0.1159]  val_avg_surf_p=36.8417 *
    val_single_in_dist         loss=1.4531  surf[p=39.8295 Ux=0.3839 Uy=0.2414]  vol[p=44.9594 Ux=2.0437 Uy=0.7358]
    val_geom_camber_rc         loss=0.7356  surf[p=48.5297 Ux=0.6995 Uy=0.3768]  vol[p=53.4321 Ux=2.7224 Uy=1.2476]
    val_geom_camber_cruise     loss=0.1665  surf[p=20.9538 Ux=0.2706 Uy=0.1598]  vol[p=22.7148 Ux=1.3627 Uy=0.4767]
    val_re_rand                loss=0.7445  surf[p=38.0536 Ux=0.4831 Uy=0.2679]  vol[p=38.8105 Ux=1.9267 Uy=0.8186]
Epoch  90 (97s) [32.9GB]  train[vol=0.2511 surf=0.1230]  val_avg_surf_p=36.4019 *
    val_single_in_dist         loss=1.3058  surf[p=38.6772 Ux=0.3849 Uy=0.2407]  vol[p=44.4033 Ux=2.0324 Uy=0.7312]
    val_geom_camber_rc         loss=0.7336  surf[p=48.2913 Ux=0.6949 Uy=0.3755]  vol[p=53.3131 Ux=2.7145 Uy=1.2420]
    val_geom_camber_cruise     loss=0.1665  surf[p=20.7421 Ux=0.2682 Uy=0.1591]  vol[p=22.5377 Ux=1.3603 Uy=0.4758]
    val_re_rand                loss=0.7367  surf[p=37.8971 Ux=0.4803 Uy=0.2675]  vol[p=38.6766 Ux=1.9222 Uy=0.8164]
Epoch  91 (97s) [32.9GB]  train[vol=0.2190 surf=0.1031]  val_avg_surf_p=36.2913 *
    val_single_in_dist         loss=1.2497  surf[p=38.2278 Ux=0.3806 Uy=0.2398]  vol[p=43.9723 Ux=2.0242 Uy=0.7277]
    val_geom_camber_rc         loss=0.7441  surf[p=48.4070 Ux=0.6931 Uy=0.3753]  vol[p=53.2117 Ux=2.7042 Uy=1.2391]
    val_geom_camber_cruise     loss=0.1649  surf[p=20.5699 Ux=0.2691 Uy=0.1582]  vol[p=22.3794 Ux=1.3523 Uy=0.4727]
    val_re_rand                loss=0.7399  surf[p=37.9603 Ux=0.4825 Uy=0.2677]  vol[p=38.6906 Ux=1.9190 Uy=0.8157]
Epoch  92 (96s) [32.9GB]  train[vol=0.2250 surf=0.1064]  val_avg_surf_p=36.1362 *
    val_single_in_dist         loss=1.2855  surf[p=38.4544 Ux=0.3774 Uy=0.2397]  vol[p=44.0284 Ux=2.0156 Uy=0.7261]
    val_geom_camber_rc         loss=0.7180  surf[p=48.0191 Ux=0.6914 Uy=0.3732]  vol[p=52.7491 Ux=2.6897 Uy=1.2344]
    val_geom_camber_cruise     loss=0.1642  surf[p=20.4108 Ux=0.2709 Uy=0.1576]  vol[p=22.1976 Ux=1.3493 Uy=0.4711]
    val_re_rand                loss=0.7348  surf[p=37.6606 Ux=0.4822 Uy=0.2673]  vol[p=38.3739 Ux=1.9151 Uy=0.8128]
Epoch  93 (97s) [32.9GB]  train[vol=0.2456 surf=0.1202]  val_avg_surf_p=36.0673 *
    val_single_in_dist         loss=1.2106  surf[p=38.6036 Ux=0.3743 Uy=0.2388]  vol[p=43.9927 Ux=2.0068 Uy=0.7229]
    val_geom_camber_rc         loss=0.7271  surf[p=47.9000 Ux=0.6834 Uy=0.3723]  vol[p=52.8008 Ux=2.6864 Uy=1.2312]
    val_geom_camber_cruise     loss=0.1625  surf[p=20.3715 Ux=0.2638 Uy=0.1570]  vol[p=22.1569 Ux=1.3410 Uy=0.4685]
    val_re_rand                loss=0.7309  surf[p=37.3939 Ux=0.4797 Uy=0.2656]  vol[p=38.1875 Ux=1.9098 Uy=0.8095]
Epoch  94 (99s) [32.9GB]  train[vol=0.2199 surf=0.1046]  val_avg_surf_p=35.9833 *
    val_single_in_dist         loss=1.2301  surf[p=38.3663 Ux=0.3741 Uy=0.2377]  vol[p=43.9680 Ux=2.0017 Uy=0.7218]
    val_geom_camber_rc         loss=0.7234  surf[p=47.8202 Ux=0.6844 Uy=0.3714]  vol[p=52.8228 Ux=2.6813 Uy=1.2306]
    val_geom_camber_cruise     loss=0.1619  surf[p=20.4524 Ux=0.2619 Uy=0.1568]  vol[p=22.1624 Ux=1.3341 Uy=0.4672]
    val_re_rand                loss=0.7309  surf[p=37.2942 Ux=0.4799 Uy=0.2655]  vol[p=38.0525 Ux=1.9054 Uy=0.8074]
Epoch  95 (97s) [32.9GB]  train[vol=0.2462 surf=0.1219]  val_avg_surf_p=35.8260 *
    val_single_in_dist         loss=1.1540  surf[p=37.5230 Ux=0.3726 Uy=0.2369]  vol[p=43.8750 Ux=1.9935 Uy=0.7179]
    val_geom_camber_rc         loss=0.7198  surf[p=48.1144 Ux=0.6847 Uy=0.3725]  vol[p=53.0319 Ux=2.6790 Uy=1.2291]
    val_geom_camber_cruise     loss=0.1618  surf[p=20.2720 Ux=0.2595 Uy=0.1558]  vol[p=22.0889 Ux=1.3295 Uy=0.4650]
    val_re_rand                loss=0.7393  surf[p=37.3944 Ux=0.4806 Uy=0.2652]  vol[p=38.0683 Ux=1.9028 Uy=0.8064]
Epoch  96 (97s) [32.9GB]  train[vol=0.2361 surf=0.1154]  val_avg_surf_p=35.5898 *
    val_single_in_dist         loss=1.2273  surf[p=37.1474 Ux=0.3734 Uy=0.2375]  vol[p=43.4720 Ux=1.9890 Uy=0.7158]
    val_geom_camber_rc         loss=0.7085  surf[p=47.8549 Ux=0.6867 Uy=0.3725]  vol[p=52.8128 Ux=2.6686 Uy=1.2244]
    val_geom_camber_cruise     loss=0.1608  surf[p=20.1952 Ux=0.2570 Uy=0.1552]  vol[p=22.0256 Ux=1.3245 Uy=0.4628]
    val_re_rand                loss=0.7273  surf[p=37.1617 Ux=0.4801 Uy=0.2643]  vol[p=37.9395 Ux=1.8981 Uy=0.8029]
Epoch  97 (98s) [32.9GB]  train[vol=0.2297 surf=0.1093]  val_avg_surf_p=35.5233 *
    val_single_in_dist         loss=1.2354  surf[p=37.3045 Ux=0.3688 Uy=0.2359]  vol[p=43.1871 Ux=1.9807 Uy=0.7120]
    val_geom_camber_rc         loss=0.7037  surf[p=47.5377 Ux=0.6850 Uy=0.3707]  vol[p=52.3977 Ux=2.6660 Uy=1.2208]
    val_geom_camber_cruise     loss=0.1600  surf[p=20.1598 Ux=0.2584 Uy=0.1544]  vol[p=22.0310 Ux=1.3235 Uy=0.4611]
    val_re_rand                loss=0.7322  surf[p=37.0913 Ux=0.4785 Uy=0.2643]  vol[p=37.9289 Ux=1.8957 Uy=0.8027]
Epoch  98 (97s) [32.9GB]  train[vol=0.2252 surf=0.1082]  val_avg_surf_p=35.4745 *
    val_single_in_dist         loss=1.1768  surf[p=37.1431 Ux=0.3678 Uy=0.2343]  vol[p=42.8307 Ux=1.9681 Uy=0.7082]
    val_geom_camber_rc         loss=0.7078  surf[p=47.5579 Ux=0.6801 Uy=0.3707]  vol[p=52.4496 Ux=2.6656 Uy=1.2195]
    val_geom_camber_cruise     loss=0.1589  surf[p=20.0257 Ux=0.2596 Uy=0.1538]  vol[p=21.9305 Ux=1.3234 Uy=0.4599]
    val_re_rand                loss=0.7322  surf[p=37.1712 Ux=0.4784 Uy=0.2646]  vol[p=37.9246 Ux=1.8944 Uy=0.8018]
Epoch  99 (97s) [32.9GB]  train[vol=0.2276 surf=0.1063]  val_avg_surf_p=35.3649 *
    val_single_in_dist         loss=1.1574  surf[p=37.2959 Ux=0.3688 Uy=0.2346]  vol[p=42.5084 Ux=1.9574 Uy=0.7070]
    val_geom_camber_rc         loss=0.7085  surf[p=47.2701 Ux=0.6766 Uy=0.3700]  vol[p=52.3056 Ux=2.6554 Uy=1.2157]
    val_geom_camber_cruise     loss=0.1579  surf[p=19.9908 Ux=0.2591 Uy=0.1534]  vol[p=21.9210 Ux=1.3225 Uy=0.4591]
    val_re_rand                loss=0.7369  surf[p=36.9029 Ux=0.4724 Uy=0.2636]  vol[p=37.6533 Ux=1.8871 Uy=0.7985]
Epoch 100 (98s) [32.9GB]  train[vol=0.2352 surf=0.1135]  val_avg_surf_p=35.3582 *
    val_single_in_dist         loss=1.1294  surf[p=36.9519 Ux=0.3640 Uy=0.2331]  vol[p=42.1194 Ux=1.9488 Uy=0.7040]
    val_geom_camber_rc         loss=0.7072  surf[p=47.7259 Ux=0.6792 Uy=0.3720]  vol[p=52.4696 Ux=2.6580 Uy=1.2177]
    val_geom_camber_cruise     loss=0.1580  surf[p=19.9741 Ux=0.2617 Uy=0.1531]  vol[p=21.9275 Ux=1.3196 Uy=0.4565]
    val_re_rand                loss=0.7402  surf[p=36.7808 Ux=0.4721 Uy=0.2633]  vol[p=37.5457 Ux=1.8838 Uy=0.7976]
Epoch 101 (95s) [32.9GB]  train[vol=0.2292 surf=0.1089]  val_avg_surf_p=35.2926 *
    val_single_in_dist         loss=1.1345  surf[p=36.8167 Ux=0.3584 Uy=0.2318]  vol[p=41.9847 Ux=1.9397 Uy=0.7022]
    val_geom_camber_rc         loss=0.7201  surf[p=47.8852 Ux=0.6849 Uy=0.3729]  vol[p=52.6440 Ux=2.6589 Uy=1.2185]
    val_geom_camber_cruise     loss=0.1567  surf[p=19.9043 Ux=0.2557 Uy=0.1529]  vol[p=21.7869 Ux=1.3103 Uy=0.4559]
    val_re_rand                loss=0.7251  surf[p=36.5641 Ux=0.4669 Uy=0.2625]  vol[p=37.3513 Ux=1.8754 Uy=0.7969]
Epoch 102 (97s) [32.9GB]  train[vol=0.2187 surf=0.1039]  val_avg_surf_p=35.1220 *
    val_single_in_dist         loss=1.1032  surf[p=36.4445 Ux=0.3579 Uy=0.2307]  vol[p=41.6696 Ux=1.9372 Uy=0.6999]
    val_geom_camber_rc         loss=0.7310  surf[p=47.5367 Ux=0.6840 Uy=0.3729]  vol[p=52.6954 Ux=2.6569 Uy=1.2177]
    val_geom_camber_cruise     loss=0.1559  surf[p=19.8697 Ux=0.2572 Uy=0.1525]  vol[p=21.8151 Ux=1.3079 Uy=0.4541]
    val_re_rand                loss=0.7162  surf[p=36.6371 Ux=0.4701 Uy=0.2627]  vol[p=37.3514 Ux=1.8719 Uy=0.7963]
Epoch 103 (96s) [32.9GB]  train[vol=0.2259 surf=0.1088]  val_avg_surf_p=34.8852 *
    val_single_in_dist         loss=1.0756  surf[p=36.1728 Ux=0.3619 Uy=0.2302]  vol[p=41.5264 Ux=1.9337 Uy=0.6982]
    val_geom_camber_rc         loss=0.7151  surf[p=47.1683 Ux=0.6810 Uy=0.3703]  vol[p=52.5257 Ux=2.6513 Uy=1.2139]
    val_geom_camber_cruise     loss=0.1553  surf[p=19.8051 Ux=0.2559 Uy=0.1522]  vol[p=21.7329 Ux=1.3023 Uy=0.4530]
    val_re_rand                loss=0.7109  surf[p=36.3947 Ux=0.4671 Uy=0.2613]  vol[p=37.1111 Ux=1.8622 Uy=0.7931]
Epoch 104 (97s) [32.9GB]  train[vol=0.2311 surf=0.1101]  val_avg_surf_p=34.7300 *
    val_single_in_dist         loss=0.9952  surf[p=35.8349 Ux=0.3573 Uy=0.2288]  vol[p=41.1429 Ux=1.9265 Uy=0.6954]
    val_geom_camber_rc         loss=0.7197  surf[p=46.8132 Ux=0.6796 Uy=0.3696]  vol[p=52.1359 Ux=2.6454 Uy=1.2073]
    val_geom_camber_cruise     loss=0.1541  surf[p=19.6688 Ux=0.2511 Uy=0.1524]  vol[p=21.6220 Ux=1.2999 Uy=0.4524]
    val_re_rand                loss=0.7203  surf[p=36.6033 Ux=0.4643 Uy=0.2616]  vol[p=37.2460 Ux=1.8611 Uy=0.7928]
Epoch 105 (97s) [32.9GB]  train[vol=0.2146 surf=0.1009]  val_avg_surf_p=34.8291
