Device: cuda
Train: 1499, val_single_in_dist: 100, val_geom_camber_rc: 100, val_geom_camber_cruise: 100, val_re_rand: 100
Model: Transolver (3.94M params)  grad_checkpoint=True
wandb: [wandb.login()] Loaded credentials for https://api.wandb.ai from WANDB_API_KEY.
wandb: W&B API key is configured. Use `wandb login --relogin` to force relogin
wandb: Tracking run with wandb version 0.26.1
wandb: Run data is saved locally in /workspace/ml-intern-benchmark/target/wandb/run-20260501_021314-n1i5brk7
wandb: Run `wandb offline` to turn off syncing.
wandb: Syncing run mlintern-pai2-24h-v3-r1/extra-pure-b2-lr4e4-e27
wandb: ⭐️ View project at https://wandb.ai/wandb-applied-ai-team/senpai-v1-ml-intern
wandb: 🚀 View run at https://wandb.ai/wandb-applied-ai-team/senpai-v1-ml-intern/runs/n1i5brk7
Epoch   1 (482s) [15.5GB]  train[vol=2.5133 surf=1.1149]  val_avg_surf_p=250.2108 *
    val_single_in_dist         loss=43.7203  surf[p=299.9158 Ux=3.5429 Uy=1.4752]  vol[p=428.3683 Ux=13.6722 Uy=4.6788]
    val_geom_camber_rc         loss=25.8495  surf[p=257.3068 Ux=5.2944 Uy=1.7814]  vol[p=452.0405 Ux=16.6275 Uy=5.1404]
    val_geom_camber_cruise     loss=16.6056  surf[p=219.2643 Ux=5.2167 Uy=1.1954]  vol[p=224.0026 Ux=10.4457 Uy=3.1697]
    val_re_rand                loss=18.9726  surf[p=224.3561 Ux=5.1638 Uy=1.4203]  vol[p=277.3550 Ux=12.7232 Uy=3.8390]
Epoch   2 (496s) [15.6GB]  train[vol=1.6312 surf=0.6926]  val_avg_surf_p=200.6000 *
    val_single_in_dist         loss=32.9581  surf[p=235.4600 Ux=2.8228 Uy=1.2963]  vol[p=263.9464 Ux=12.1142 Uy=3.9700]
    val_geom_camber_rc         loss=20.0527  surf[p=218.7296 Ux=4.6970 Uy=1.7471]  vol[p=240.0783 Ux=12.8464 Uy=4.6121]
    val_geom_camber_cruise     loss=9.4561  surf[p=173.2177 Ux=2.1554 Uy=0.9157]  vol[p=179.7650 Ux=10.0021 Uy=2.5424]
    val_re_rand                loss=12.2399  surf[p=174.9925 Ux=3.2045 Uy=1.2223]  vol[p=197.5440 Ux=11.2709 Uy=3.2333]
Epoch   3 (489s) [15.6GB]  train[vol=1.3059 surf=0.5415]  val_avg_surf_p=222.9307
    val_single_in_dist         loss=41.0612  surf[p=277.6316 Ux=3.2682 Uy=1.3703]  vol[p=330.5454 Ux=10.7683 Uy=3.7308]
    val_geom_camber_rc         loss=23.6661  surf[p=252.1809 Ux=4.5099 Uy=1.7334]  vol[p=292.7350 Ux=11.6845 Uy=4.5350]
    val_geom_camber_cruise     loss=8.6399  surf[p=167.9501 Ux=2.1329 Uy=0.8946]  vol[p=173.9207 Ux=8.6080 Uy=2.5374]
    val_re_rand                loss=13.9259  surf[p=193.9602 Ux=3.1221 Uy=1.1854]  vol[p=217.2316 Ux=9.7854 Uy=3.1752]
Epoch   4 (498s) [15.6GB]  train[vol=1.0335 surf=0.4486]  val_avg_surf_p=184.2595 *
    val_single_in_dist         loss=26.5698  surf[p=232.7113 Ux=3.6211 Uy=1.0908]  vol[p=229.8521 Ux=9.5039 Uy=3.2533]
    val_geom_camber_rc         loss=16.9458  surf[p=195.0750 Ux=4.0682 Uy=1.4283]  vol[p=202.7831 Ux=10.8618 Uy=3.9264]
    val_geom_camber_cruise     loss=7.3405  surf[p=143.3470 Ux=2.5095 Uy=0.8091]  vol[p=156.5780 Ux=7.7948 Uy=2.2947]
    val_re_rand                loss=11.5479  surf[p=165.9045 Ux=3.3304 Uy=1.1214]  vol[p=175.1783 Ux=9.1460 Uy=2.8929]
Epoch   5 (505s) [15.6GB]  train[vol=1.0424 surf=0.5008]  val_avg_surf_p=172.7943 *
    val_single_in_dist         loss=23.7741  surf[p=203.9262 Ux=3.2327 Uy=1.1632]  vol[p=230.0703 Ux=10.1314 Uy=3.3909]
    val_geom_camber_rc         loss=15.0101  surf[p=176.0864 Ux=3.8671 Uy=1.3939]  vol[p=227.9246 Ux=10.6402 Uy=3.9784]
    val_geom_camber_cruise     loss=7.1938  surf[p=149.1520 Ux=2.7778 Uy=0.8679]  vol[p=143.9398 Ux=8.0687 Uy=2.3755]
    val_re_rand                loss=10.7436  surf[p=162.0126 Ux=3.2660 Uy=1.0853]  vol[p=178.6935 Ux=9.2486 Uy=2.9457]
Epoch   6 (491s) [15.6GB]  train[vol=1.0018 surf=0.5129]  val_avg_surf_p=196.0839
    val_single_in_dist         loss=35.0072  surf[p=259.9632 Ux=3.3038 Uy=1.3131]  vol[p=329.6931 Ux=10.6409 Uy=3.8360]
    val_geom_camber_rc         loss=18.1950  surf[p=202.1709 Ux=4.2801 Uy=1.4727]  vol[p=284.7119 Ux=9.6840 Uy=4.1912]
    val_geom_camber_cruise     loss=8.8450  surf[p=149.2826 Ux=2.8532 Uy=0.9129]  vol[p=225.3860 Ux=8.4460 Uy=2.4577]
    val_re_rand                loss=14.5596  surf[p=172.9190 Ux=3.6810 Uy=1.1384]  vol[p=243.0210 Ux=8.9650 Uy=3.0879]
Epoch   7 (488s) [15.6GB]  train[vol=0.9454 surf=0.5130]  val_avg_surf_p=179.8022
    val_single_in_dist         loss=27.1553  surf[p=226.1822 Ux=2.5219 Uy=1.1472]  vol[p=239.1139 Ux=8.4033 Uy=3.3002]
    val_geom_camber_rc         loss=14.9246  surf[p=184.7214 Ux=3.6214 Uy=1.4453]  vol[p=208.7474 Ux=8.7986 Uy=3.8660]
    val_geom_camber_cruise     loss=7.3285  surf[p=140.8250 Ux=2.1457 Uy=0.8557]  vol[p=140.5784 Ux=5.9438 Uy=2.4756]
    val_re_rand                loss=12.6050  surf[p=167.4803 Ux=3.1044 Uy=1.1372]  vol[p=174.5805 Ux=7.4818 Uy=3.0018]
Epoch   8 (491s) [15.6GB]  train[vol=0.8936 surf=0.4802]  val_avg_surf_p=155.0831 *
    val_single_in_dist         loss=19.7595  surf[p=185.8649 Ux=2.3924 Uy=0.9361]  vol[p=211.1313 Ux=8.8438 Uy=2.9627]
    val_geom_camber_rc         loss=13.1882  surf[p=166.5199 Ux=3.4242 Uy=1.3129]  vol[p=183.8043 Ux=8.8021 Uy=3.5737]
    val_geom_camber_cruise     loss=5.4518  surf[p=127.9844 Ux=1.7543 Uy=0.7014]  vol[p=146.9049 Ux=7.0272 Uy=2.2144]
    val_re_rand                loss=8.6684  surf[p=139.9633 Ux=2.5622 Uy=0.9626]  vol[p=159.6484 Ux=7.6868 Uy=2.7144]
Epoch   9 (495s) [15.6GB]  train[vol=0.7367 surf=0.3529]  val_avg_surf_p=151.2161 *
    val_single_in_dist         loss=21.2051  surf[p=192.8107 Ux=3.0427 Uy=0.9430]  vol[p=226.8713 Ux=8.1120 Uy=3.0579]
    val_geom_camber_rc         loss=12.1041  surf[p=158.1371 Ux=3.3930 Uy=1.2520]  vol[p=191.9107 Ux=7.9621 Uy=3.4947]
    val_geom_camber_cruise     loss=4.6975  surf[p=119.2230 Ux=1.9039 Uy=0.7363]  vol[p=145.9551 Ux=5.3064 Uy=2.1889]
    val_re_rand                loss=8.3111  surf[p=134.6934 Ux=2.5757 Uy=0.9872]  vol[p=159.9466 Ux=6.4945 Uy=2.7221]
Epoch  10 (486s) [15.6GB]  train[vol=0.6981 surf=0.3251]  val_avg_surf_p=221.5003
    val_single_in_dist         loss=37.4760  surf[p=292.8924 Ux=4.7114 Uy=1.0760]  vol[p=246.8996 Ux=10.0939 Uy=3.2164]
    val_geom_camber_rc         loss=34.0018  surf[p=289.2559 Ux=5.8722 Uy=1.6502]  vol[p=249.6158 Ux=10.4104 Uy=4.1459]
    val_geom_camber_cruise     loss=6.6597  surf[p=125.4537 Ux=2.8304 Uy=0.8286]  vol[p=118.5834 Ux=6.3748 Uy=2.0703]
    val_re_rand                loss=16.0642  surf[p=178.3992 Ux=3.7690 Uy=1.1144]  vol[p=156.5853 Ux=7.4827 Uy=2.8722]
Epoch  11 (485s) [15.6GB]  train[vol=0.7803 surf=0.3939]  val_avg_surf_p=164.7947
    val_single_in_dist         loss=26.3774  surf[p=211.5327 Ux=2.5884 Uy=1.1254]  vol[p=231.7517 Ux=7.8735 Uy=3.3899]
    val_geom_camber_rc         loss=16.1381  surf[p=200.8931 Ux=3.7629 Uy=1.4177]  vol[p=190.9595 Ux=8.8809 Uy=3.7280]
    val_geom_camber_cruise     loss=4.9750  surf[p=110.9921 Ux=1.8422 Uy=0.7360]  vol[p=126.4586 Ux=6.6336 Uy=2.1534]
    val_re_rand                loss=8.9329  surf[p=135.7610 Ux=2.4869 Uy=0.9986]  vol[p=145.2661 Ux=7.3642 Uy=2.7253]
Epoch  12 (490s) [15.6GB]  train[vol=0.6382 surf=0.3083]  val_avg_surf_p=140.8054 *
    val_single_in_dist         loss=20.9202  surf[p=173.4261 Ux=2.2840 Uy=0.9968]  vol[p=181.5683 Ux=6.9147 Uy=2.7546]
    val_geom_camber_rc         loss=10.9564  surf[p=159.0235 Ux=3.1420 Uy=1.2231]  vol[p=157.8687 Ux=7.0118 Uy=3.3365]
    val_geom_camber_cruise     loss=4.2623  surf[p=105.8251 Ux=1.9701 Uy=0.7285]  vol[p=110.6461 Ux=4.7713 Uy=1.9862]
    val_re_rand                loss=6.7661  surf[p=124.9471 Ux=2.3335 Uy=0.9561]  vol[p=130.9797 Ux=5.6704 Uy=2.5677]
