Device: cuda
Train: 1499, val_single_in_dist: 100, val_geom_camber_rc: 100, val_geom_camber_cruise: 100, val_re_rand: 100
Model: Transolver (3.94M params)  grad_checkpoint=True
wandb: [wandb.login()] Loaded credentials for https://api.wandb.ai from WANDB_API_KEY.
wandb: W&B API key is configured. Use `wandb login --relogin` to force relogin
wandb: Tracking run with wandb version 0.26.1
wandb: Run data is saved locally in /workspace/ml-intern-benchmark/target/wandb/run-20260430_165456-igaf7ylx
wandb: Run `wandb offline` to turn off syncing.
wandb: Syncing run mlintern-pai2-24h-v3-r1/final-pure-b2-lr3e4-e60
wandb: ⭐️ View project at https://wandb.ai/wandb-applied-ai-team/senpai-v1-ml-intern
wandb: 🚀 View run at https://wandb.ai/wandb-applied-ai-team/senpai-v1-ml-intern/runs/igaf7ylx
Epoch   1 (492s) [15.5GB]  train[vol=2.2160 surf=0.9059]  val_avg_surf_p=227.9408 *
    val_single_in_dist         loss=44.0665  surf[p=304.6848 Ux=3.6848 Uy=1.5697]  vol[p=280.5329 Ux=12.2598 Uy=4.3443]
    val_geom_camber_rc         loss=22.3180  surf[p=241.2925 Ux=4.6398 Uy=1.8412]  vol[p=228.2196 Ux=12.8723 Uy=4.7830]
    val_geom_camber_cruise     loss=12.1208  surf[p=177.0474 Ux=3.3337 Uy=1.3461]  vol[p=183.0419 Ux=9.6601 Uy=3.3935]
    val_re_rand                loss=14.9866  surf[p=188.7386 Ux=3.9802 Uy=1.4852]  vol[p=188.7645 Ux=10.9744 Uy=3.7380]
Epoch   2 (488s) [15.6GB]  train[vol=1.6205 surf=0.6746]  val_avg_surf_p=211.6767 *
    val_single_in_dist         loss=33.1106  surf[p=262.0937 Ux=2.8043 Uy=1.3836]  vol[p=316.9313 Ux=11.4594 Uy=4.1641]
    val_geom_camber_rc         loss=20.2130  surf[p=221.0909 Ux=4.4174 Uy=1.5900]  vol[p=276.8989 Ux=11.8743 Uy=4.6394]
    val_geom_camber_cruise     loss=9.1562  surf[p=172.9365 Ux=2.5389 Uy=1.0782]  vol[p=196.5903 Ux=9.5847 Uy=3.1024]
    val_re_rand                loss=15.1449  surf[p=190.5857 Ux=3.2662 Uy=1.3059]  vol[p=233.4367 Ux=10.5391 Uy=3.5635]
Epoch   3 (490s) [15.6GB]  train[vol=1.1292 surf=0.4790]  val_avg_surf_p=224.1836
    val_single_in_dist         loss=43.0001  surf[p=280.9442 Ux=7.1399 Uy=1.4605]  vol[p=302.4027 Ux=15.9965 Uy=4.4691]
    val_geom_camber_rc         loss=23.1160  surf[p=227.6774 Ux=5.8976 Uy=1.5820]  vol[p=261.3126 Ux=12.6929 Uy=4.4104]
    val_geom_camber_cruise     loss=12.8674  surf[p=195.1925 Ux=3.6003 Uy=1.2340]  vol[p=193.0471 Ux=10.3911 Uy=3.4247]
    val_re_rand                loss=14.2838  surf[p=192.9204 Ux=4.0916 Uy=1.2886]  vol[p=207.8344 Ux=10.7479 Uy=3.5700]
Epoch   4 (499s) [15.6GB]  train[vol=1.1293 surf=0.5304]  val_avg_surf_p=193.7869 *
    val_single_in_dist         loss=28.8904  surf[p=237.7086 Ux=2.8316 Uy=1.2441]  vol[p=252.6903 Ux=9.1577 Uy=3.6113]
    val_geom_camber_rc         loss=23.6632  surf[p=242.6847 Ux=5.2122 Uy=1.6142]  vol[p=211.9495 Ux=9.6073 Uy=4.3096]
    val_geom_camber_cruise     loss=7.2749  surf[p=131.3808 Ux=2.9076 Uy=0.7996]  vol[p=136.8178 Ux=6.8691 Uy=2.5984]
    val_re_rand                loss=12.5957  surf[p=163.3736 Ux=3.6190 Uy=1.1009]  vol[p=157.4112 Ux=7.8328 Uy=3.2008]
Epoch   5 (487s) [15.6GB]  train[vol=1.0376 surf=0.5197]  val_avg_surf_p=183.0142 *
    val_single_in_dist         loss=23.1328  surf[p=204.3569 Ux=3.0689 Uy=0.9684]  vol[p=225.3373 Ux=8.3005 Uy=3.3500]
    val_geom_camber_rc         loss=15.9740  surf[p=193.8696 Ux=4.0986 Uy=1.2917]  vol[p=209.1219 Ux=8.9354 Uy=4.0045]
    val_geom_camber_cruise     loss=7.8488  surf[p=159.4209 Ux=2.4279 Uy=0.7898]  vol[p=186.1939 Ux=7.6325 Uy=2.5568]
    val_re_rand                loss=10.8101  surf[p=174.4093 Ux=3.0524 Uy=1.0433]  vol[p=187.5394 Ux=8.1663 Uy=3.0579]
Epoch   6 (496s) [15.6GB]  train[vol=0.9015 surf=0.4485]  val_avg_surf_p=158.7809 *
    val_single_in_dist         loss=22.5541  surf[p=187.7486 Ux=2.1895 Uy=1.0859]  vol[p=225.0011 Ux=8.4217 Uy=3.3610]
    val_geom_camber_rc         loss=14.2242  surf[p=174.6415 Ux=3.6656 Uy=1.3124]  vol[p=204.3114 Ux=9.1493 Uy=3.9243]
    val_geom_camber_cruise     loss=5.8618  surf[p=123.3076 Ux=1.6539 Uy=0.8013]  vol[p=151.2898 Ux=6.6660 Uy=2.5250]
    val_re_rand                loss=10.4356  surf[p=149.4261 Ux=2.5422 Uy=1.0842]  vol[p=173.1275 Ux=7.7346 Uy=3.0818]
Epoch   7 (484s) [15.6GB]  train[vol=0.8828 surf=0.4530]  val_avg_surf_p=164.6146
    val_single_in_dist         loss=18.3703  surf[p=191.3438 Ux=2.2638 Uy=0.9794]  vol[p=216.5443 Ux=8.6730 Uy=3.2534]
    val_geom_camber_rc         loss=13.3496  surf[p=165.1144 Ux=3.4216 Uy=1.2945]  vol[p=180.8342 Ux=8.7031 Uy=3.8239]
    val_geom_camber_cruise     loss=8.0894  surf[p=154.1027 Ux=1.9863 Uy=0.7553]  vol[p=165.5943 Ux=7.7271 Uy=2.4044]
    val_re_rand                loss=9.7509  surf[p=147.8974 Ux=2.6419 Uy=0.9843]  vol[p=161.0971 Ux=8.1672 Uy=2.9421]
Epoch   8 (491s) [15.6GB]  train[vol=0.9519 surf=0.4934]  val_avg_surf_p=171.6589
    val_single_in_dist         loss=26.8914  surf[p=213.0950 Ux=2.3119 Uy=1.1183]  vol[p=215.1359 Ux=8.5791 Uy=3.4452]
    val_geom_camber_rc         loss=16.0824  surf[p=200.3716 Ux=3.5327 Uy=1.4291]  vol[p=191.9558 Ux=8.2907 Uy=3.7423]
    val_geom_camber_cruise     loss=5.4142  surf[p=124.6909 Ux=2.0279 Uy=0.7704]  vol[p=161.1741 Ux=7.7905 Uy=2.3382]
    val_re_rand                loss=9.4570  surf[p=148.4781 Ux=2.7129 Uy=1.0404]  vol[p=160.8643 Ux=8.0658 Uy=2.8873]
Epoch   9 (486s) [15.6GB]  train[vol=0.8786 surf=0.4535]  val_avg_surf_p=154.9001 *
    val_single_in_dist         loss=26.9345  surf[p=189.8951 Ux=2.7261 Uy=1.1813]  vol[p=232.0519 Ux=8.4220 Uy=3.7860]
    val_geom_camber_rc         loss=13.8019  surf[p=162.2696 Ux=3.7872 Uy=1.3934]  vol[p=183.0128 Ux=8.4397 Uy=3.8985]
    val_geom_camber_cruise     loss=5.4218  surf[p=121.3463 Ux=1.8864 Uy=0.7654]  vol[p=154.9076 Ux=5.8344 Uy=2.7264]
    val_re_rand                loss=9.8546  surf[p=146.0892 Ux=2.6496 Uy=1.0374]  vol[p=163.9982 Ux=6.7173 Uy=3.0966]
Epoch  10 (483s) [15.6GB]  train[vol=0.7201 surf=0.3418]  val_avg_surf_p=149.7932 *
    val_single_in_dist         loss=17.0984  surf[p=181.7697 Ux=2.7220 Uy=0.8921]  vol[p=217.6257 Ux=8.0550 Uy=2.8465]
    val_geom_camber_rc         loss=12.3828  surf[p=160.0118 Ux=3.2205 Uy=1.1870]  vol[p=172.6661 Ux=7.5341 Uy=3.5095]
    val_geom_camber_cruise     loss=5.6973  surf[p=123.3918 Ux=1.7739 Uy=0.8282]  vol[p=160.6317 Ux=5.0240 Uy=2.4229]
    val_re_rand                loss=8.1638  surf[p=133.9997 Ux=2.3891 Uy=1.0107]  vol[p=152.8113 Ux=6.1128 Uy=2.8571]
Epoch  11 (489s) [15.6GB]  train[vol=0.6662 surf=0.3493]  val_avg_surf_p=141.0743 *
    val_single_in_dist         loss=23.1109  surf[p=175.2102 Ux=2.8984 Uy=0.9724]  vol[p=209.7337 Ux=6.9669 Uy=2.9927]
    val_geom_camber_rc         loss=12.4952  surf[p=149.4230 Ux=4.1755 Uy=1.2730]  vol[p=172.6477 Ux=7.5945 Uy=3.5027]
    val_geom_camber_cruise     loss=4.6313  surf[p=112.3688 Ux=2.4454 Uy=0.7484]  vol[p=134.3822 Ux=5.5371 Uy=2.0903]
    val_re_rand                loss=8.1592  surf[p=127.2953 Ux=3.2503 Uy=0.9531]  vol[p=144.3625 Ux=6.4475 Uy=2.6710]
Epoch  12 (490s) [15.6GB]  train[vol=0.6298 surf=0.3031]  val_avg_surf_p=132.7728 *
    val_single_in_dist         loss=13.1759  surf[p=160.8234 Ux=2.1536 Uy=0.9073]  vol[p=218.3439 Ux=6.5031 Uy=2.9027]
    val_geom_camber_rc         loss=11.0743  surf[p=145.3517 Ux=2.9742 Uy=1.1074]  vol[p=177.5706 Ux=6.9131 Uy=3.3678]
    val_geom_camber_cruise     loss=4.3350  surf[p=104.7631 Ux=1.6037 Uy=0.6495]  vol[p=127.4667 Ux=5.0751 Uy=2.0001]
    val_re_rand                loss=7.3032  surf[p=120.1529 Ux=2.2881 Uy=0.8684]  vol[p=142.4050 Ux=5.9414 Uy=2.6251]
Epoch  13 (495s) [15.6GB]  train[vol=0.6453 surf=0.3490]  val_avg_surf_p=142.8062
    val_single_in_dist         loss=19.6346  surf[p=174.6022 Ux=1.8740 Uy=0.8883]  vol[p=187.4803 Ux=6.3187 Uy=2.8919]
    val_geom_camber_rc         loss=11.0806  surf[p=155.0388 Ux=2.7949 Uy=1.1306]  vol[p=160.0763 Ux=6.8337 Uy=3.4682]
    val_geom_camber_cruise     loss=4.1506  surf[p=113.5259 Ux=1.3498 Uy=0.6533]  vol[p=124.3412 Ux=4.7630 Uy=1.9476]
    val_re_rand                loss=7.1352  surf[p=128.0580 Ux=1.9917 Uy=0.8810]  vol[p=132.5777 Ux=5.6036 Uy=2.6277]
Epoch  14 (485s) [15.6GB]  train[vol=0.5568 surf=0.2946]  val_avg_surf_p=133.5637
    val_single_in_dist         loss=16.2898  surf[p=169.7905 Ux=1.8892 Uy=1.0076]  vol[p=198.3826 Ux=6.1791 Uy=2.8456]
    val_geom_camber_rc         loss=10.2382  surf[p=143.8942 Ux=2.7188 Uy=1.1239]  vol[p=153.6727 Ux=6.5271 Uy=3.4282]
    val_geom_camber_cruise     loss=4.0747  surf[p=104.0816 Ux=1.4583 Uy=0.6175]  vol[p=120.1355 Ux=4.5193 Uy=1.8395]
    val_re_rand                loss=6.8538  surf[p=116.4883 Ux=1.9883 Uy=0.8800]  vol[p=126.1052 Ux=5.3001 Uy=2.5819]
Epoch  15 (485s) [15.6GB]  train[vol=0.6117 surf=0.3291]  val_avg_surf_p=144.2390
    val_single_in_dist         loss=20.2881  surf[p=191.9973 Ux=2.0880 Uy=0.9184]  vol[p=208.5986 Ux=6.4781 Uy=2.6690]
    val_geom_camber_rc         loss=9.6374  surf[p=140.5078 Ux=2.8076 Uy=1.1387]  vol[p=153.1743 Ux=6.2247 Uy=3.4733]
    val_geom_camber_cruise     loss=4.3133  surf[p=116.9168 Ux=1.5513 Uy=0.6544]  vol[p=121.0891 Ux=4.6864 Uy=1.8977]
    val_re_rand                loss=7.0931  surf[p=127.5341 Ux=2.2231 Uy=0.8620]  vol[p=133.1098 Ux=5.4331 Uy=2.5359]
Epoch  16 (492s) [15.6GB]  train[vol=0.5809 surf=0.2953]  val_avg_surf_p=117.8509 *
    val_single_in_dist         loss=10.5886  surf[p=140.1105 Ux=1.6969 Uy=0.8276]  vol[p=170.9484 Ux=5.7629 Uy=2.5540]
    val_geom_camber_rc         loss=8.6895  surf[p=131.5038 Ux=2.6395 Uy=1.0280]  vol[p=140.5039 Ux=6.2983 Uy=3.1938]
    val_geom_camber_cruise     loss=3.3601  surf[p=91.2096 Ux=1.3719 Uy=0.5985]  vol[p=106.8542 Ux=4.6908 Uy=1.7837]
    val_re_rand                loss=6.1384  surf[p=108.5796 Ux=1.9911 Uy=0.8165]  vol[p=119.0119 Ux=5.4964 Uy=2.4329]
Epoch  17 (493s) [15.6GB]  train[vol=0.4698 surf=0.2210]  val_avg_surf_p=145.2491
    val_single_in_dist         loss=21.8987  surf[p=184.9515 Ux=2.5247 Uy=0.9616]  vol[p=191.3822 Ux=6.4986 Uy=2.7921]
    val_geom_camber_rc         loss=14.7017  surf[p=180.0944 Ux=3.3792 Uy=1.2078]  vol[p=167.5844 Ux=6.8518 Uy=3.4111]
    val_geom_camber_cruise     loss=4.0206  surf[p=100.1750 Ux=1.2406 Uy=0.5891]  vol[p=101.1525 Ux=4.1691 Uy=1.7175]
    val_re_rand                loss=7.5716  surf[p=115.7753 Ux=1.9821 Uy=0.8029]  vol[p=116.5715 Ux=5.0657 Uy=2.4328]
Epoch  18 (492s) [15.6GB]  train[vol=0.5351 surf=0.2593]  val_avg_surf_p=113.6142 *
    val_single_in_dist         loss=11.1694  surf[p=131.0064 Ux=1.5093 Uy=0.8178]  vol[p=153.6242 Ux=5.6761 Uy=2.3909]
    val_geom_camber_rc         loss=7.8622  surf[p=125.9466 Ux=2.5078 Uy=1.0119]  vol[p=139.6777 Ux=6.1155 Uy=3.1384]
    val_geom_camber_cruise     loss=3.0160  surf[p=88.3561 Ux=1.2112 Uy=0.5924]  vol[p=99.8288 Ux=4.6105 Uy=1.6804]
    val_re_rand                loss=6.8746  surf[p=109.1476 Ux=1.8664 Uy=0.8128]  vol[p=117.4186 Ux=5.2197 Uy=2.3585]
Epoch  19 (481s) [15.6GB]  train[vol=0.4892 surf=0.2521]  val_avg_surf_p=112.7625 *
    val_single_in_dist         loss=11.7188  surf[p=135.3506 Ux=2.2191 Uy=0.7427]  vol[p=149.4835 Ux=5.6197 Uy=2.3392]
    val_geom_camber_rc         loss=7.7834  surf[p=118.6202 Ux=2.9800 Uy=0.9910]  vol[p=130.2698 Ux=6.2621 Uy=3.0873]
    val_geom_camber_cruise     loss=3.6832  surf[p=90.7719 Ux=2.1474 Uy=0.5848]  vol[p=93.6554 Ux=4.5607 Uy=1.7864]
    val_re_rand                loss=5.9593  surf[p=106.3071 Ux=2.4980 Uy=0.7663]  vol[p=109.2958 Ux=5.2464 Uy=2.3602]
Epoch  20 (493s) [15.6GB]  train[vol=0.5185 surf=0.2635]  val_avg_surf_p=117.2587
    val_single_in_dist         loss=10.5508  surf[p=132.8788 Ux=1.6510 Uy=0.7892]  vol[p=149.3833 Ux=5.2450 Uy=2.3471]
    val_geom_camber_rc         loss=7.6695  surf[p=130.0257 Ux=2.5629 Uy=1.0660]  vol[p=138.3048 Ux=5.7560 Uy=2.9820]
    val_geom_camber_cruise     loss=3.3799  surf[p=91.6519 Ux=1.3958 Uy=0.6037]  vol[p=94.2114 Ux=4.2029 Uy=1.7426]
    val_re_rand                loss=6.8635  surf[p=114.4785 Ux=1.9477 Uy=0.8206]  vol[p=113.6982 Ux=4.9146 Uy=2.3511]
Epoch  21 (492s) [15.6GB]  train[vol=0.5087 surf=0.2551]  val_avg_surf_p=108.6643 *
    val_single_in_dist         loss=14.0552  surf[p=133.4172 Ux=1.7049 Uy=0.7122]  vol[p=155.6997 Ux=5.1463 Uy=2.2691]
    val_geom_camber_rc         loss=6.9822  surf[p=114.1651 Ux=2.5784 Uy=0.9455]  vol[p=130.0121 Ux=6.0843 Uy=2.9653]
    val_geom_camber_cruise     loss=3.0941  surf[p=87.3054 Ux=1.1186 Uy=0.5537]  vol[p=89.7359 Ux=3.6743 Uy=1.6472]
    val_re_rand                loss=6.0049  surf[p=99.7695 Ux=1.7310 Uy=0.7398]  vol[p=102.8923 Ux=4.7033 Uy=2.2521]
Epoch  22 (492s) [15.6GB]  train[vol=0.4021 surf=0.1972]  val_avg_surf_p=106.2772 *
    val_single_in_dist         loss=8.5465  surf[p=121.9936 Ux=1.6202 Uy=0.6672]  vol[p=140.7581 Ux=5.2962 Uy=2.1021]
    val_geom_camber_rc         loss=7.6658  surf[p=121.3301 Ux=2.8124 Uy=1.0044]  vol[p=128.3897 Ux=6.4038 Uy=2.9995]
    val_geom_camber_cruise     loss=2.7026  surf[p=79.0703 Ux=0.9655 Uy=0.5316]  vol[p=87.9098 Ux=3.7022 Uy=1.5631]
    val_re_rand                loss=5.9101  surf[p=102.7148 Ux=1.7769 Uy=0.7489]  vol[p=104.5912 Ux=4.8943 Uy=2.2331]
Epoch  23 (484s) [15.6GB]  train[vol=0.3845 surf=0.1902]  val_avg_surf_p=108.5617
    val_single_in_dist         loss=10.3014  surf[p=135.0180 Ux=1.8123 Uy=0.7190]  vol[p=145.8049 Ux=5.5869 Uy=2.2223]
    val_geom_camber_rc         loss=7.2771  surf[p=121.4150 Ux=2.1677 Uy=0.9464]  vol[p=130.1365 Ux=5.5495 Uy=2.9127]
    val_geom_camber_cruise     loss=2.6499  surf[p=78.4148 Ux=1.0612 Uy=0.5303]  vol[p=88.7775 Ux=3.9633 Uy=1.6330]
    val_re_rand                loss=5.5333  surf[p=99.3990 Ux=1.6339 Uy=0.7113]  vol[p=105.1253 Ux=4.7074 Uy=2.2269]
Epoch  24 (487s) [15.6GB]  train[vol=0.4968 surf=0.2681]  val_avg_surf_p=135.1689
    val_single_in_dist         loss=15.5818  surf[p=198.3109 Ux=1.9211 Uy=0.8616]  vol[p=200.6879 Ux=5.5082 Uy=2.3806]
    val_geom_camber_rc         loss=9.6643  surf[p=143.2620 Ux=3.3300 Uy=1.0683]  vol[p=155.7415 Ux=6.7978 Uy=3.1652]
    val_geom_camber_cruise     loss=3.3467  surf[p=87.4156 Ux=2.1241 Uy=0.6137]  vol[p=89.9905 Ux=5.2080 Uy=1.6087]
    val_re_rand                loss=6.6839  surf[p=111.6872 Ux=2.4077 Uy=0.8267]  vol[p=114.8398 Ux=5.5294 Uy=2.2851]
Epoch  25 (481s) [15.6GB]  train[vol=0.3398 surf=0.1433]  val_avg_surf_p=102.9246 *
    val_single_in_dist         loss=10.1488  surf[p=122.4548 Ux=1.6107 Uy=0.7039]  vol[p=150.4192 Ux=4.8283 Uy=2.0919]
    val_geom_camber_rc         loss=7.3289  surf[p=114.9328 Ux=2.4937 Uy=0.9466]  vol[p=130.7533 Ux=5.7531 Uy=2.9212]
    val_geom_camber_cruise     loss=2.4882  surf[p=76.3912 Ux=1.0952 Uy=0.5500]  vol[p=87.4544 Ux=3.3966 Uy=1.6005]
    val_re_rand                loss=5.5333  surf[p=97.9196 Ux=1.8063 Uy=0.7074]  vol[p=108.9988 Ux=4.4426 Uy=2.1555]
Epoch  26 (488s) [15.6GB]  train[vol=0.5306 surf=0.2705]  val_avg_surf_p=101.3942 *
    val_single_in_dist         loss=8.3868  surf[p=117.6027 Ux=1.7670 Uy=0.7139]  vol[p=147.2818 Ux=5.8646 Uy=2.2554]
    val_geom_camber_rc         loss=7.4689  surf[p=118.5041 Ux=2.4755 Uy=0.9331]  vol[p=142.0172 Ux=6.2416 Uy=2.9452]
    val_geom_camber_cruise     loss=2.2817  surf[p=74.0742 Ux=1.0515 Uy=0.5289]  vol[p=93.2942 Ux=3.9401 Uy=1.6223]
    val_re_rand                loss=5.2546  surf[p=95.3958 Ux=1.7671 Uy=0.7270]  vol[p=112.5964 Ux=4.8909 Uy=2.2135]
Epoch  27 (495s) [15.6GB]  train[vol=0.3246 surf=0.1407]  val_avg_surf_p=97.3027 *
    val_single_in_dist         loss=6.7481  surf[p=101.1542 Ux=1.3232 Uy=0.6248]  vol[p=128.5072 Ux=4.8838 Uy=2.0590]
    val_geom_camber_rc         loss=6.0062  surf[p=110.3247 Ux=2.1168 Uy=0.8799]  vol[p=125.5654 Ux=5.2738 Uy=2.8847]
    val_geom_camber_cruise     loss=2.4682  surf[p=79.5903 Ux=0.9482 Uy=0.5115]  vol[p=86.6746 Ux=3.5049 Uy=1.4972]
    val_re_rand                loss=5.1391  surf[p=98.1416 Ux=1.5970 Uy=0.6922]  vol[p=107.4772 Ux=4.3881 Uy=2.1414]
Epoch  28 (492s) [15.6GB]  train[vol=0.3589 surf=0.1539]  val_avg_surf_p=97.9897
    val_single_in_dist         loss=6.9707  surf[p=109.9276 Ux=1.3683 Uy=0.7021]  vol[p=130.9558 Ux=4.7608 Uy=2.1795]
    val_geom_camber_rc         loss=6.8358  surf[p=112.6061 Ux=2.0156 Uy=0.8821]  vol[p=126.9470 Ux=5.3050 Uy=2.8057]
    val_geom_camber_cruise     loss=2.5614  surf[p=75.1415 Ux=1.2915 Uy=0.5558]  vol[p=83.0042 Ux=3.5106 Uy=1.4973]
    val_re_rand                loss=5.3448  surf[p=94.2836 Ux=1.7409 Uy=0.6976]  vol[p=101.1491 Ux=4.4002 Uy=2.0581]
Epoch  29 (488s) [15.6GB]  train[vol=0.3992 surf=0.1937]  val_avg_surf_p=92.2285 *
    val_single_in_dist         loss=7.9688  surf[p=105.6945 Ux=1.2023 Uy=0.6191]  vol[p=125.5950 Ux=4.4277 Uy=2.0181]
    val_geom_camber_rc         loss=5.6614  surf[p=99.0379 Ux=2.0593 Uy=0.8554]  vol[p=118.4140 Ux=5.4248 Uy=2.7949]
    val_geom_camber_cruise     loss=2.4507  surf[p=74.8741 Ux=1.2231 Uy=0.5622]  vol[p=80.5368 Ux=3.4169 Uy=1.5269]
    val_re_rand                loss=4.6754  surf[p=89.3077 Ux=1.6699 Uy=0.6836]  vol[p=98.2511 Ux=4.3185 Uy=2.0644]
Epoch  30 (489s) [15.6GB]  train[vol=0.3877 surf=0.1780]  val_avg_surf_p=113.1346
    val_single_in_dist         loss=8.5067  surf[p=140.8768 Ux=1.6644 Uy=0.7156]  vol[p=151.0844 Ux=5.4050 Uy=2.1948]
    val_geom_camber_rc         loss=8.4664  surf[p=125.3212 Ux=2.3513 Uy=0.8831]  vol[p=136.6772 Ux=5.5624 Uy=2.7687]
    val_geom_camber_cruise     loss=3.4406  surf[p=84.0104 Ux=1.2342 Uy=0.5816]  vol[p=80.6229 Ux=3.9098 Uy=1.5600]
    val_re_rand                loss=5.5751  surf[p=102.3299 Ux=1.7087 Uy=0.7285]  vol[p=103.6906 Ux=4.5776 Uy=2.1227]
Epoch  31 (483s) [15.6GB]  train[vol=0.4436 surf=0.2110]  val_avg_surf_p=93.9178
    val_single_in_dist         loss=8.3611  surf[p=107.1853 Ux=1.6135 Uy=0.6493]  vol[p=129.5190 Ux=4.7492 Uy=2.0485]
    val_geom_camber_rc         loss=6.4753  surf[p=113.1259 Ux=2.0292 Uy=0.8465]  vol[p=126.5267 Ux=5.3662 Uy=2.7586]
    val_geom_camber_cruise     loss=2.0335  surf[p=66.1271 Ux=1.2268 Uy=0.5252]  vol[p=77.3658 Ux=3.6244 Uy=1.4282]
    val_re_rand                loss=4.6497  surf[p=89.2328 Ux=1.6977 Uy=0.6775]  vol[p=99.3714 Ux=4.4203 Uy=2.0157]
Epoch  32 (482s) [15.6GB]  train[vol=0.3526 surf=0.1632]  val_avg_surf_p=92.7323
    val_single_in_dist         loss=7.6724  surf[p=104.6097 Ux=1.3066 Uy=0.5946]  vol[p=126.7001 Ux=4.5868 Uy=1.9960]
    val_geom_camber_rc         loss=5.5766  surf[p=103.9223 Ux=1.8922 Uy=0.8225]  vol[p=122.4852 Ux=5.2119 Uy=2.7750]
    val_geom_camber_cruise     loss=2.1507  surf[p=70.6195 Ux=0.8594 Uy=0.5265]  vol[p=78.9577 Ux=3.2916 Uy=1.4891]
    val_re_rand                loss=4.8919  surf[p=91.7777 Ux=1.4082 Uy=0.6661]  vol[p=100.7214 Ux=4.2379 Uy=2.0589]
Epoch  33 (493s) [15.6GB]  train[vol=0.3104 surf=0.1300]  val_avg_surf_p=89.2434 *
    val_single_in_dist         loss=6.7678  surf[p=100.3728 Ux=1.2227 Uy=0.6209]  vol[p=123.8622 Ux=4.5145 Uy=1.9550]
    val_geom_camber_rc         loss=5.8409  surf[p=105.7641 Ux=2.1937 Uy=0.9261]  vol[p=121.9930 Ux=5.6719 Uy=2.8651]
    val_geom_camber_cruise     loss=1.9823  surf[p=64.4835 Ux=0.8777 Uy=0.5255]  vol[p=73.3729 Ux=3.1643 Uy=1.4824]
    val_re_rand                loss=4.7661  surf[p=86.3530 Ux=1.5004 Uy=0.6996]  vol[p=95.2596 Ux=4.3312 Uy=2.0772]
Epoch  34 (489s) [15.6GB]  train[vol=0.3744 surf=0.1580]  val_avg_surf_p=90.8548
    val_single_in_dist         loss=4.7240  surf[p=93.3048 Ux=1.1372 Uy=0.5946]  vol[p=114.1928 Ux=4.5475 Uy=1.9240]
    val_geom_camber_rc         loss=5.7916  surf[p=108.7764 Ux=1.9313 Uy=0.9362]  vol[p=114.7751 Ux=4.9939 Uy=2.7677]
    val_geom_camber_cruise     loss=1.9972  surf[p=67.0367 Ux=0.8739 Uy=0.5668]  vol[p=74.4646 Ux=3.3046 Uy=1.4517]
    val_re_rand                loss=4.9469  surf[p=94.3015 Ux=1.4826 Uy=0.7561]  vol[p=97.5769 Ux=4.1315 Uy=2.0694]
Epoch  35 (497s) [15.6GB]  train[vol=0.3080 surf=0.1338]  val_avg_surf_p=93.2901
    val_single_in_dist         loss=12.2206  surf[p=119.5886 Ux=1.3734 Uy=0.7046]  vol[p=134.1878 Ux=4.8863 Uy=2.1439]
    val_geom_camber_rc         loss=5.4422  surf[p=102.6259 Ux=2.1133 Uy=0.8212]  vol[p=119.7660 Ux=5.5595 Uy=2.7306]
    val_geom_camber_cruise     loss=1.7502  surf[p=63.4201 Ux=0.8321 Uy=0.4922]  vol[p=76.2556 Ux=3.3977 Uy=1.4166]
    val_re_rand                loss=4.7352  surf[p=87.5256 Ux=1.4686 Uy=0.6461]  vol[p=97.6208 Ux=4.4199 Uy=2.0031]
Epoch  36 (486s) [15.6GB]  train[vol=0.3514 surf=0.1481]  val_avg_surf_p=89.2240 *
    val_single_in_dist         loss=8.0855  surf[p=112.7388 Ux=1.3570 Uy=0.6025]  vol[p=126.9382 Ux=4.5723 Uy=2.0377]
    val_geom_camber_rc         loss=5.0043  surf[p=96.5803 Ux=1.8936 Uy=0.7963]  vol[p=113.2317 Ux=5.1336 Uy=2.6990]
    val_geom_camber_cruise     loss=1.7620  surf[p=62.7333 Ux=0.8604 Uy=0.4980]  vol[p=76.9612 Ux=3.2106 Uy=1.3659]
    val_re_rand                loss=4.3227  surf[p=84.8436 Ux=1.3809 Uy=0.6426]  vol[p=97.0397 Ux=4.1115 Uy=1.9785]
Epoch  37 (492s) [15.6GB]  train[vol=0.3391 surf=0.1414]  val_avg_surf_p=80.6930 *
    val_single_in_dist         loss=5.8649  surf[p=89.8531 Ux=1.1567 Uy=0.5573]  vol[p=115.9415 Ux=4.4106 Uy=1.8515]
    val_geom_camber_rc         loss=4.8390  surf[p=93.1976 Ux=1.9525 Uy=0.7735]  vol[p=106.8962 Ux=5.1830 Uy=2.5914]
    val_geom_camber_cruise     loss=1.5417  surf[p=58.3584 Ux=0.8757 Uy=0.4798]  vol[p=69.5246 Ux=3.2074 Uy=1.3235]
    val_re_rand                loss=4.2457  surf[p=81.3628 Ux=1.3766 Uy=0.6308]  vol[p=90.8126 Ux=4.0723 Uy=1.9050]
Epoch  38 (493s) [15.6GB]  train[vol=0.3559 surf=0.1466]  val_avg_surf_p=82.0627
    val_single_in_dist         loss=7.2894  surf[p=95.7014 Ux=1.1360 Uy=0.5762]  vol[p=116.7010 Ux=4.2631 Uy=1.8741]
    val_geom_camber_rc         loss=4.8513  surf[p=94.3144 Ux=1.9795 Uy=0.7835]  vol[p=110.1248 Ux=5.0994 Uy=2.6006]
    val_geom_camber_cruise     loss=1.6040  surf[p=58.9902 Ux=0.8492 Uy=0.4991]  vol[p=70.2888 Ux=3.1929 Uy=1.3446]
    val_re_rand                loss=4.0461  surf[p=79.2448 Ux=1.3938 Uy=0.6389]  vol[p=89.2340 Ux=4.0646 Uy=1.9153]
Epoch  39 (487s) [15.6GB]  train[vol=0.4009 surf=0.1598]  val_avg_surf_p=84.8023
    val_single_in_dist         loss=7.0933  surf[p=101.1737 Ux=1.2106 Uy=0.5625]  vol[p=121.2942 Ux=4.3542 Uy=1.9037]
    val_geom_camber_rc         loss=5.2567  surf[p=98.5284 Ux=1.9164 Uy=0.7638]  vol[p=113.8381 Ux=5.2733 Uy=2.6232]
    val_geom_camber_cruise     loss=1.6143  surf[p=59.4862 Ux=0.8641 Uy=0.4831]  vol[p=71.2930 Ux=3.2903 Uy=1.3510]
    val_re_rand                loss=4.1854  surf[p=80.0210 Ux=1.3768 Uy=0.6259]  vol[p=90.6652 Ux=4.1257 Uy=1.9335]
Epoch  40 (488s) [15.6GB]  train[vol=0.3620 surf=0.1392]  val_avg_surf_p=82.5105
    val_single_in_dist         loss=6.1499  surf[p=91.5289 Ux=1.1008 Uy=0.5529]  vol[p=118.8895 Ux=4.2658 Uy=1.8254]
    val_geom_camber_rc         loss=4.9840  surf[p=97.6833 Ux=1.8843 Uy=0.7714]  vol[p=109.8089 Ux=5.1072 Uy=2.6174]
    val_geom_camber_cruise     loss=1.6470  surf[p=60.9843 Ux=0.8394 Uy=0.4919]  vol[p=69.1644 Ux=3.0721 Uy=1.3601]
    val_re_rand                loss=3.8867  surf[p=79.8454 Ux=1.3562 Uy=0.6230]  vol[p=89.1956 Ux=4.0083 Uy=1.9186]
Epoch  41 (490s) [15.6GB]  train[vol=0.3342 surf=0.1175]  val_avg_surf_p=79.1596 *
    val_single_in_dist         loss=5.0505  surf[p=91.3783 Ux=1.1409 Uy=0.5392]  vol[p=116.9644 Ux=4.1824 Uy=1.8350]
    val_geom_camber_rc         loss=5.0912  surf[p=90.5890 Ux=1.7903 Uy=0.7498]  vol[p=105.3942 Ux=4.9350 Uy=2.5759]
    val_geom_camber_cruise     loss=1.4964  surf[p=57.5063 Ux=0.8272 Uy=0.4916]  vol[p=70.6441 Ux=3.1397 Uy=1.3331]
    val_re_rand                loss=3.9321  surf[p=77.1646 Ux=1.3178 Uy=0.6151]  vol[p=89.3677 Ux=3.9915 Uy=1.8964]
Epoch  42 (487s) [15.6GB]  train[vol=0.3547 surf=0.1301]  val_avg_surf_p=75.5002 *
    val_single_in_dist         loss=5.8715  surf[p=80.9237 Ux=1.0456 Uy=0.5396]  vol[p=107.6973 Ux=4.0507 Uy=1.7915]
    val_geom_camber_rc         loss=4.6835  surf[p=89.8720 Ux=1.7694 Uy=0.7479]  vol[p=104.4296 Ux=4.8923 Uy=2.5621]
    val_geom_camber_cruise     loss=1.4273  surf[p=55.4706 Ux=0.7934 Uy=0.4932]  vol[p=69.7585 Ux=3.0373 Uy=1.3559]
    val_re_rand                loss=3.7127  surf[p=75.7346 Ux=1.2640 Uy=0.6147]  vol[p=87.6764 Ux=3.9213 Uy=1.8968]
Epoch  43 (492s) [15.6GB]  train[vol=0.2991 surf=0.1115]  val_avg_surf_p=84.7112
    val_single_in_dist         loss=5.7549  surf[p=95.9476 Ux=1.2155 Uy=0.5995]  vol[p=118.3072 Ux=4.2771 Uy=1.9069]
    val_geom_camber_rc         loss=5.1468  surf[p=101.6234 Ux=1.8362 Uy=0.7782]  vol[p=115.3970 Ux=5.1109 Uy=2.7142]
    val_geom_camber_cruise     loss=1.5620  surf[p=60.6600 Ux=0.8577 Uy=0.5036]  vol[p=74.2818 Ux=3.2225 Uy=1.3858]
    val_re_rand                loss=4.2259  surf[p=80.6136 Ux=1.3140 Uy=0.6215]  vol[p=90.9932 Ux=4.0837 Uy=1.9827]
Epoch  44 (487s) [15.6GB]  train[vol=0.3439 surf=0.1182]  val_avg_surf_p=77.3004
    val_single_in_dist         loss=6.5646  surf[p=87.2234 Ux=1.0783 Uy=0.5458]  vol[p=109.8393 Ux=4.1815 Uy=1.8146]
    val_geom_camber_rc         loss=4.7590  surf[p=93.7778 Ux=1.8114 Uy=0.7569]  vol[p=105.5864 Ux=5.0557 Uy=2.5791]
    val_geom_camber_cruise     loss=1.3575  surf[p=53.8018 Ux=0.7776 Uy=0.4537]  vol[p=67.8385 Ux=3.1515 Uy=1.3156]
    val_re_rand                loss=3.8054  surf[p=74.3984 Ux=1.2658 Uy=0.5982]  vol[p=85.9867 Ux=3.9893 Uy=1.8864]
Epoch  45 (493s) [15.6GB]  train[vol=0.2577 surf=0.0794]  val_avg_surf_p=74.2585 *
    val_single_in_dist         loss=6.2386  surf[p=81.9940 Ux=1.0456 Uy=0.5178]  vol[p=109.8257 Ux=4.1944 Uy=1.8175]
    val_geom_camber_rc         loss=4.6727  surf[p=89.1824 Ux=1.7351 Uy=0.7316]  vol[p=103.2115 Ux=4.9235 Uy=2.5558]
    val_geom_camber_cruise     loss=1.3527  surf[p=52.9305 Ux=0.7673 Uy=0.4577]  vol[p=67.6751 Ux=3.0631 Uy=1.3013]
    val_re_rand                loss=3.6193  surf[p=72.9270 Ux=1.2475 Uy=0.6023]  vol[p=85.6544 Ux=3.9169 Uy=1.8632]
Epoch  46 (498s) [15.6GB]  train[vol=0.2682 surf=0.0925]  val_avg_surf_p=83.2293
    val_single_in_dist         loss=5.4386  surf[p=94.4860 Ux=1.1004 Uy=0.5529]  vol[p=111.9124 Ux=4.1771 Uy=1.8960]
    val_geom_camber_rc         loss=5.0252  surf[p=103.4305 Ux=1.7974 Uy=0.7647]  vol[p=115.0261 Ux=5.1906 Uy=2.6743]
    val_geom_camber_cruise     loss=1.4546  surf[p=55.8773 Ux=0.8978 Uy=0.4724]  vol[p=67.1077 Ux=3.1497 Uy=1.3295]
    val_re_rand                loss=4.2122  surf[p=79.1233 Ux=1.3181 Uy=0.6010]  vol[p=88.4809 Ux=4.0495 Uy=1.9243]
Epoch  47 (494s) [15.6GB]  train[vol=0.2254 surf=0.0690]  val_avg_surf_p=74.5292
    val_single_in_dist         loss=5.7186  surf[p=81.8578 Ux=1.0279 Uy=0.5006]  vol[p=107.8776 Ux=4.0902 Uy=1.7816]
    val_geom_camber_rc         loss=4.2778  surf[p=88.3936 Ux=1.6999 Uy=0.7198]  vol[p=103.3778 Ux=4.8788 Uy=2.4867]
    val_geom_camber_cruise     loss=1.3079  surf[p=53.3161 Ux=0.7161 Uy=0.4464]  vol[p=67.0951 Ux=3.0070 Uy=1.2899]
    val_re_rand                loss=3.7231  surf[p=74.5492 Ux=1.2084 Uy=0.5873]  vol[p=86.4073 Ux=3.8931 Uy=1.8376]
Epoch  48 (479s) [15.6GB]  train[vol=0.2652 surf=0.0843]  val_avg_surf_p=74.4358
    val_single_in_dist         loss=5.7801  surf[p=85.4501 Ux=1.0779 Uy=0.5283]  vol[p=110.9718 Ux=4.1176 Uy=1.8414]
    val_geom_camber_rc         loss=4.2853  surf[p=87.5063 Ux=1.6814 Uy=0.7159]  vol[p=105.2258 Ux=4.8368 Uy=2.5135]
    val_geom_camber_cruise     loss=1.3104  surf[p=52.6450 Ux=0.7158 Uy=0.4477]  vol[p=66.3637 Ux=3.0335 Uy=1.2916]
    val_re_rand                loss=3.5858  surf[p=72.1417 Ux=1.1912 Uy=0.5845]  vol[p=84.5742 Ux=3.8809 Uy=1.8478]
Epoch  49 (488s) [15.6GB]  train[vol=0.3073 surf=0.1023]  val_avg_surf_p=72.6101 *
    val_single_in_dist         loss=5.0806  surf[p=79.7652 Ux=1.0158 Uy=0.4953]  vol[p=106.4745 Ux=4.1491 Uy=1.7825]
    val_geom_camber_rc         loss=4.3043  surf[p=86.5699 Ux=1.6752 Uy=0.7077]  vol[p=102.5168 Ux=4.8459 Uy=2.4964]
    val_geom_camber_cruise     loss=1.2764  surf[p=52.0962 Ux=0.7108 Uy=0.4431]  vol[p=66.3433 Ux=3.0413 Uy=1.2749]
    val_re_rand                loss=3.5192  surf[p=72.0090 Ux=1.1979 Uy=0.5791]  vol[p=84.8811 Ux=3.8781 Uy=1.8336]
Epoch  50 (491s) [15.6GB]  train[vol=0.2674 surf=0.0889]  val_avg_surf_p=73.4342
    val_single_in_dist         loss=4.5702  surf[p=81.5475 Ux=1.0904 Uy=0.5289]  vol[p=109.7272 Ux=4.1474 Uy=1.7925]
    val_geom_camber_rc         loss=4.2533  surf[p=86.8409 Ux=1.7247 Uy=0.7202]  vol[p=105.6437 Ux=4.8786 Uy=2.4865]
    val_geom_camber_cruise     loss=1.3036  surf[p=52.9601 Ux=0.7349 Uy=0.4499]  vol[p=68.0700 Ux=2.9939 Uy=1.2975]
    val_re_rand                loss=3.6011  surf[p=72.3885 Ux=1.2423 Uy=0.5857]  vol[p=87.0131 Ux=3.8741 Uy=1.8410]
Epoch  51 (499s) [15.6GB]  train[vol=0.2344 surf=0.0702]  val_avg_surf_p=71.6391 *
    val_single_in_dist         loss=4.3060  surf[p=79.0519 Ux=1.0113 Uy=0.5071]  vol[p=103.6159 Ux=4.1492 Uy=1.7813]
    val_geom_camber_rc         loss=4.1164  surf[p=85.5480 Ux=1.6614 Uy=0.7092]  vol[p=103.0153 Ux=4.8987 Uy=2.5142]
    val_geom_camber_cruise     loss=1.2896  surf[p=51.0272 Ux=0.6986 Uy=0.4491]  vol[p=66.2754 Ux=2.9884 Uy=1.2999]
    val_re_rand                loss=3.5737  surf[p=70.9294 Ux=1.1805 Uy=0.5765]  vol[p=84.6132 Ux=3.8813 Uy=1.8450]
Epoch  52 (488s) [15.6GB]  train[vol=0.2123 surf=0.0560]  val_avg_surf_p=70.2504 *
    val_single_in_dist         loss=4.8753  surf[p=75.4262 Ux=0.9665 Uy=0.4895]  vol[p=103.7375 Ux=4.0635 Uy=1.7452]
    val_geom_camber_rc         loss=4.1609  surf[p=84.1873 Ux=1.6296 Uy=0.6993]  vol[p=101.0550 Ux=4.7959 Uy=2.4774]
    val_geom_camber_cruise     loss=1.2897  surf[p=51.2233 Ux=0.6994 Uy=0.4424]  vol[p=66.4771 Ux=3.0109 Uy=1.2796]
    val_re_rand                loss=3.4791  surf[p=70.1646 Ux=1.1670 Uy=0.5778]  vol[p=84.1829 Ux=3.8316 Uy=1.8279]
Epoch  53 (493s) [15.6GB]  train[vol=0.2393 surf=0.0693]  val_avg_surf_p=70.6344
    val_single_in_dist         loss=5.1031  surf[p=76.5584 Ux=0.9680 Uy=0.4907]  vol[p=104.2039 Ux=4.1115 Uy=1.7427]
    val_geom_camber_rc         loss=4.0596  surf[p=84.0522 Ux=1.6351 Uy=0.7114]  vol[p=102.0926 Ux=4.8631 Uy=2.4969]
    val_geom_camber_cruise     loss=1.2432  surf[p=51.4702 Ux=0.6980 Uy=0.4419]  vol[p=66.3504 Ux=3.0051 Uy=1.2861]
    val_re_rand                loss=3.6502  surf[p=70.4569 Ux=1.1743 Uy=0.5740]  vol[p=84.2446 Ux=3.8655 Uy=1.8330]
Epoch  54 (490s) [15.6GB]  train[vol=0.2568 surf=0.0861]  val_avg_surf_p=72.0694
    val_single_in_dist         loss=4.8499  surf[p=81.1987 Ux=1.0333 Uy=0.5243]  vol[p=108.6933 Ux=4.0996 Uy=1.7685]
    val_geom_camber_rc         loss=4.0444  surf[p=84.2036 Ux=1.6464 Uy=0.7021]  vol[p=102.4170 Ux=4.8352 Uy=2.4693]
    val_geom_camber_cruise     loss=1.2600  surf[p=52.1361 Ux=0.7042 Uy=0.4501]  vol[p=67.0564 Ux=3.0208 Uy=1.2853]
    val_re_rand                loss=3.5467  surf[p=70.7393 Ux=1.1730 Uy=0.5765]  vol[p=84.3556 Ux=3.8573 Uy=1.8268]
Epoch  55 (495s) [15.6GB]  train[vol=0.2220 surf=0.0618]  val_avg_surf_p=70.5426
    val_single_in_dist         loss=5.3751  surf[p=76.8824 Ux=1.0085 Uy=0.4975]  vol[p=105.4873 Ux=4.0641 Uy=1.7436]
    val_geom_camber_rc         loss=4.0454  surf[p=84.4258 Ux=1.6426 Uy=0.7029]  vol[p=102.1412 Ux=4.8301 Uy=2.4716]
    val_geom_camber_cruise     loss=1.2140  surf[p=50.6525 Ux=0.7057 Uy=0.4400]  vol[p=66.3756 Ux=2.9799 Uy=1.2813]
    val_re_rand                loss=3.5394  surf[p=70.2099 Ux=1.1879 Uy=0.5735]  vol[p=83.7546 Ux=3.8417 Uy=1.8170]
Epoch  56 (490s) [15.6GB]  train[vol=0.2162 surf=0.0555]  val_avg_surf_p=70.0223 *
    val_single_in_dist         loss=5.2903  surf[p=76.2838 Ux=0.9903 Uy=0.4895]  vol[p=105.2145 Ux=4.0708 Uy=1.7420]
    val_geom_camber_rc         loss=4.0424  surf[p=83.7230 Ux=1.6170 Uy=0.6952]  vol[p=101.0771 Ux=4.7927 Uy=2.4543]
    val_geom_camber_cruise     loss=1.2054  surf[p=50.4568 Ux=0.6824 Uy=0.4365]  vol[p=66.2093 Ux=2.9807 Uy=1.2761]
    val_re_rand                loss=3.4821  surf[p=69.6257 Ux=1.1620 Uy=0.5703]  vol[p=83.3597 Ux=3.8309 Uy=1.8147]
Epoch  57 (488s) [15.6GB]  train[vol=0.2004 surf=0.0513]  val_avg_surf_p=69.4546 *
    val_single_in_dist         loss=5.2223  surf[p=74.7590 Ux=0.9712 Uy=0.4867]  vol[p=103.7133 Ux=4.0616 Uy=1.7325]
    val_geom_camber_rc         loss=4.0009  surf[p=83.2528 Ux=1.6226 Uy=0.6979]  vol[p=100.5852 Ux=4.7959 Uy=2.4548]
    val_geom_camber_cruise     loss=1.2078  surf[p=50.0623 Ux=0.6876 Uy=0.4371]  vol[p=65.9949 Ux=2.9857 Uy=1.2658]
    val_re_rand                loss=3.5059  surf[p=69.7445 Ux=1.1653 Uy=0.5721]  vol[p=83.5997 Ux=3.8295 Uy=1.8115]
Epoch  58 (489s) [15.6GB]  train[vol=0.2217 surf=0.0640]  val_avg_surf_p=69.6002
    val_single_in_dist         loss=5.1267  surf[p=75.1447 Ux=0.9732 Uy=0.4876]  vol[p=103.3317 Ux=4.0563 Uy=1.7277]
    val_geom_camber_rc         loss=4.0153  surf[p=83.4826 Ux=1.6275 Uy=0.6950]  vol[p=100.5239 Ux=4.8167 Uy=2.4545]
    val_geom_camber_cruise     loss=1.2054  surf[p=50.1720 Ux=0.6889 Uy=0.4390]  vol[p=65.8338 Ux=2.9870 Uy=1.2725]
    val_re_rand                loss=3.5101  surf[p=69.6016 Ux=1.1608 Uy=0.5699]  vol[p=83.1330 Ux=3.8324 Uy=1.8109]
Epoch  59 (490s) [15.6GB]  train[vol=0.2592 surf=0.0834]  val_avg_surf_p=69.5115
    val_single_in_dist         loss=5.1041  surf[p=75.0390 Ux=0.9746 Uy=0.4884]  vol[p=103.5348 Ux=4.0582 Uy=1.7303]
    val_geom_camber_rc         loss=4.0062  surf[p=83.4235 Ux=1.6230 Uy=0.6955]  vol[p=100.7582 Ux=4.8049 Uy=2.4522]
    val_geom_camber_cruise     loss=1.2015  surf[p=50.1135 Ux=0.6844 Uy=0.4375]  vol[p=65.8591 Ux=2.9874 Uy=1.2711]
    val_re_rand                loss=3.5027  surf[p=69.4702 Ux=1.1585 Uy=0.5699]  vol[p=83.2440 Ux=3.8287 Uy=1.8120]
Epoch  60 (487s) [15.6GB]  train[vol=0.2683 surf=0.0775]  val_avg_surf_p=69.5637
    val_single_in_dist         loss=5.1155  surf[p=75.1117 Ux=0.9745 Uy=0.4880]  vol[p=103.5351 Ux=4.0598 Uy=1.7307]
    val_geom_camber_rc         loss=4.0041  surf[p=83.4838 Ux=1.6240 Uy=0.6961]  vol[p=100.8213 Ux=4.8082 Uy=2.4530]
    val_geom_camber_cruise     loss=1.2001  surf[p=50.1466 Ux=0.6848 Uy=0.4371]  vol[p=65.8662 Ux=2.9864 Uy=1.2712]
    val_re_rand                loss=3.5072  surf[p=69.5128 Ux=1.1592 Uy=0.5701]  vol[p=83.2239 Ux=3.8294 Uy=1.8122]

Training done in 489.6 min

Best val: epoch 57, val_avg/mae_surf_p = 69.4546

Logged model artifact 'model-mlintern-pai2-24h-v3-r1-final-pure-b2-lr3e4-e60-igaf7ylx' (aliases: best, epoch-57)
wandb: updating run metadata; uploading artifact model-mlintern-pai2-24h-v3-r1-final-pure-b2-lr3e4-e60-igaf7ylx
wandb: uploading artifact model-mlintern-pai2-24h-v3-r1-final-pure-b2-lr3e4-e60-igaf7ylx
wandb: uploading history steps 45059-45059, summary, console lines 295-305
wandb: 
wandb: Run history:
wandb:        epoch_time_s ▅▄▅█▄▃▅▃▄▅▃▅▆▅▂▆▆▄▂▆▄▂▂▆▄▄▄▅▄▅▆▁▄▅█▅▇▅▄▄
wandb:         global_step ▁▁▁▂▂▂▃▃▃▃▃▃▄▄▄▄▄▅▅▅▅▅▅▅▅▆▆▆▆▆▇▇▇▇▇█████
wandb:                  lr ███████▇▇▇▇▇▇▆▆▆▆▅▅▅▄▄▄▃▃▃▂▂▂▂▂▂▁▁▁▁▁▁▁▁
wandb:          train/loss ▂▁▂▇▃▃█▁▅▁▁▄▁▁▁▁▁▂▁▂▃▁▁▁▁▁▁▄▁▂▁▁▁▁▂▁▁▁▁▂
wandb:     train/surf_loss █▆▅▅▄▄▃▃▃▃▃▂▃▃▂▃▂▃▂▂▂▂▂▂▂▂▂▁▂▁▁▁▁▁▁▁▁▁▁▁
wandb:      train/vol_loss █▆▄▄▃▃▃▃▂▃▂▂▂▂▂▂▂▂▁▂▂▂▂▁▂▁▂▁▂▁▁▁▁▁▁▁▁▁▁▁
wandb:            val/loss █▆▄▅▅▄▃▃▃▂▂▂▂▂▃▂▂▂▂▂▂▂▁▂▁▁▁▁▁▁▁▁▁▁▁▁▁▁▁▁
wandb: val_avg/mae_surf_Ux ▆▅█▅▅▄▄▄▃▃▃▃▂▃▂▂▂▃▂▂▂▂▁▂▁▁▁▁▁▁▁▁▁▁▁▁▁▁▁▁
wandb: val_avg/mae_surf_Uy █▄▅▅▄▃▃▃▃▃▃▃▂▂▃▂▂▂▂▂▂▂▂▂▂▂▁▁▁▁▁▁▁▁▁▁▁▁▁▁
wandb:  val_avg/mae_surf_p ██▆▆▆▅▄▄▄▄▄▃▃▃▃▂▂▂▃▂▂▂▂▂▁▂▂▁▂▁▁▁▁▁▁▁▁▁▁▁
wandb:                 +39 ...
wandb: 
wandb: Run summary:
wandb:              best_epoch 57
wandb: best_val_avg/mae_surf_p 69.45464
wandb:            epoch_time_s 487.07967
wandb:             global_step 45000
wandb:                      lr 0
wandb:     total_train_minutes 489.55585
wandb:              train/loss 0.23147
wandb:         train/surf_loss 0.07749
wandb:          train/vol_loss 0.2683
wandb:                val/loss 3.45674
wandb:                     +42 ...
wandb: 
wandb: 🚀 View run mlintern-pai2-24h-v3-r1/final-pure-b2-lr3e4-e60 at: https://wandb.ai/wandb-applied-ai-team/senpai-v1-ml-intern/runs/igaf7ylx
wandb: ⭐️ View project at: https://wandb.ai/wandb-applied-ai-team/senpai-v1-ml-intern
wandb: Synced 7 W&B file(s), 0 media file(s), 3 artifact file(s) and 0 other file(s)
wandb: Find logs at: ./wandb/run-20260430_165456-igaf7ylx/logs
