Device: cuda
Train: 1499, val_single_in_dist: 100, val_geom_camber_rc: 100, val_geom_camber_cruise: 100, val_re_rand: 100
Model: Transolver (3.94M params)  grad_checkpoint=True
wandb: [wandb.login()] Loaded credentials for https://api.wandb.ai from WANDB_API_KEY.
wandb: W&B API key is configured. Use `wandb login --relogin` to force relogin
wandb: setting up run r79bfrtr
wandb: Tracking run with wandb version 0.26.1
wandb: Run data is saved locally in /workspace/ml-intern-benchmark/target/wandb/run-20260430_165459-r79bfrtr
wandb: Run `wandb offline` to turn off syncing.
wandb: Syncing run mlintern-pai2-24h-v3-r1/final-pure-b2-lr3e4-sw40
wandb: ⭐️ View project at https://wandb.ai/wandb-applied-ai-team/senpai-v1-ml-intern
wandb: 🚀 View run at https://wandb.ai/wandb-applied-ai-team/senpai-v1-ml-intern/runs/r79bfrtr
Epoch   1 (484s) [15.5GB]  train[vol=2.7327 surf=1.1101]  val_avg_surf_p=255.6294 *
    val_single_in_dist         loss=65.1053  surf[p=315.7473 Ux=4.3818 Uy=1.5742]  vol[p=383.6424 Ux=13.7936 Uy=4.6143]
    val_geom_camber_rc         loss=30.5188  surf[p=242.8724 Ux=5.1667 Uy=1.7338]  vol[p=350.1868 Ux=14.8170 Uy=4.9298]
    val_geom_camber_cruise     loss=20.3735  surf[p=226.9034 Ux=3.6181 Uy=1.3015]  vol[p=205.3562 Ux=9.7776 Uy=3.3378]
    val_re_rand                loss=24.2291  surf[p=236.9948 Ux=4.5640 Uy=1.5028]  vol[p=279.3841 Ux=12.0787 Uy=3.8620]
Epoch   2 (482s) [15.5GB]  train[vol=1.6985 surf=0.6727]  val_avg_surf_p=218.7314 *
    val_single_in_dist         loss=55.0084  surf[p=266.3323 Ux=3.6261 Uy=1.2205]  vol[p=345.7256 Ux=12.3035 Uy=4.2975]
    val_geom_camber_rc         loss=30.6151  surf[p=248.9875 Ux=4.5823 Uy=1.6160]  vol[p=231.0784 Ux=12.7214 Uy=4.8473]
    val_geom_camber_cruise     loss=13.7334  surf[p=170.6192 Ux=2.7239 Uy=1.1018]  vol[p=195.1947 Ux=9.0627 Uy=3.2591]
    val_re_rand                loss=19.3985  surf[p=188.9867 Ux=3.6000 Uy=1.2595]  vol[p=202.8591 Ux=10.5444 Uy=3.7251]
Epoch   3 (488s) [15.5GB]  train[vol=1.4876 surf=0.6004]  val_avg_surf_p=225.7361
    val_single_in_dist         loss=46.1367  surf[p=293.9347 Ux=3.0066 Uy=1.3193]  vol[p=339.1767 Ux=12.4421 Uy=4.0209]
    val_geom_camber_rc         loss=24.7557  surf[p=224.1625 Ux=4.1636 Uy=1.6683]  vol[p=286.4297 Ux=13.8935 Uy=4.6887]
    val_geom_camber_cruise     loss=13.3797  surf[p=186.3548 Ux=2.3990 Uy=0.9591]  vol[p=231.5870 Ux=8.7143 Uy=2.8406]
    val_re_rand                loss=18.7930  surf[p=198.4924 Ux=3.2936 Uy=1.2470]  vol[p=251.1034 Ux=10.9707 Uy=3.4357]
Epoch   4 (487s) [15.6GB]  train[vol=1.4755 surf=0.6206]  val_avg_surf_p=192.4321 *
    val_single_in_dist         loss=32.2964  surf[p=215.8676 Ux=2.6335 Uy=1.1778]  vol[p=262.1743 Ux=9.4190 Uy=3.7564]
    val_geom_camber_rc         loss=22.8534  surf[p=210.2642 Ux=4.2829 Uy=1.5508]  vol[p=198.9994 Ux=10.4523 Uy=4.5510]
    val_geom_camber_cruise     loss=13.8723  surf[p=167.8974 Ux=2.4254 Uy=0.9379]  vol[p=201.8855 Ux=7.5982 Uy=2.9206]
    val_re_rand                loss=16.3546  surf[p=175.6990 Ux=3.1468 Uy=1.1864]  vol[p=193.6458 Ux=8.8326 Uy=3.4537]
Epoch   5 (492s) [15.6GB]  train[vol=1.1919 surf=0.4701]  val_avg_surf_p=166.1210 *
    val_single_in_dist         loss=33.1122  surf[p=187.5374 Ux=2.0601 Uy=0.9652]  vol[p=230.3449 Ux=10.1106 Uy=3.6411]
    val_geom_camber_rc         loss=19.8740  surf[p=184.8072 Ux=3.6250 Uy=1.2853]  vol[p=223.7091 Ux=12.7771 Uy=4.3459]
    val_geom_camber_cruise     loss=8.4638  surf[p=136.9203 Ux=1.8039 Uy=0.8567]  vol[p=195.3031 Ux=8.2602 Uy=2.7395]
    val_re_rand                loss=13.8877  surf[p=155.2190 Ux=2.7339 Uy=1.0912]  vol[p=198.4019 Ux=10.2214 Uy=3.2836]
Epoch   6 (494s) [15.6GB]  train[vol=1.1140 surf=0.5045]  val_avg_surf_p=190.6022
    val_single_in_dist         loss=33.0649  surf[p=218.2631 Ux=3.1898 Uy=1.1708]  vol[p=296.9064 Ux=10.6490 Uy=3.5640]
    val_geom_camber_rc         loss=24.1927  surf[p=220.9900 Ux=4.6977 Uy=1.6716]  vol[p=201.0549 Ux=10.5485 Uy=4.3739]
    val_geom_camber_cruise     loss=11.0316  surf[p=155.1602 Ux=2.9454 Uy=0.9071]  vol[p=189.2380 Ux=7.7903 Uy=2.7226]
    val_re_rand                loss=15.4221  surf[p=167.9955 Ux=3.7643 Uy=1.1853]  vol[p=176.5328 Ux=8.9813 Uy=3.2664]
Epoch   7 (490s) [15.6GB]  train[vol=1.2483 surf=0.5506]  val_avg_surf_p=163.3574 *
    val_single_in_dist         loss=29.5920  surf[p=202.4597 Ux=2.7261 Uy=1.1789]  vol[p=247.6911 Ux=10.6736 Uy=3.4528]
    val_geom_camber_rc         loss=19.2308  surf[p=176.6971 Ux=3.6338 Uy=1.4777]  vol[p=194.7398 Ux=10.6999 Uy=4.1539]
    val_geom_camber_cruise     loss=7.2096  surf[p=126.3303 Ux=1.8117 Uy=0.8157]  vol[p=170.3767 Ux=6.8905 Uy=2.6061]
    val_re_rand                loss=12.9947  surf[p=147.9425 Ux=2.5750 Uy=1.1111]  vol[p=172.4938 Ux=8.4425 Uy=3.1058]
Epoch   8 (500s) [15.6GB]  train[vol=0.9152 surf=0.3430]  val_avg_surf_p=162.0184 *
    val_single_in_dist         loss=26.9544  surf[p=195.0868 Ux=2.0481 Uy=0.9116]  vol[p=254.7993 Ux=9.7123 Uy=3.3306]
    val_geom_camber_rc         loss=17.8509  surf[p=175.5133 Ux=3.2176 Uy=1.1943]  vol[p=207.5045 Ux=10.7219 Uy=3.8615]
    val_geom_camber_cruise     loss=7.2773  surf[p=127.6601 Ux=1.9156 Uy=0.6731]  vol[p=180.6244 Ux=7.1341 Uy=2.6571]
    val_re_rand                loss=12.3862  surf[p=149.8134 Ux=2.5132 Uy=0.9212]  vol[p=185.8402 Ux=8.7753 Uy=3.0446]
Epoch   9 (487s) [15.6GB]  train[vol=0.9240 surf=0.3897]  val_avg_surf_p=162.2441
    val_single_in_dist         loss=30.6758  surf[p=212.6251 Ux=3.0720 Uy=1.2212]  vol[p=251.0077 Ux=9.3729 Uy=3.5933]
    val_geom_camber_rc         loss=18.4461  surf[p=170.6176 Ux=4.1090 Uy=1.3350]  vol[p=182.0603 Ux=9.5191 Uy=3.9946]
    val_geom_camber_cruise     loss=8.4897  surf[p=122.9962 Ux=3.1090 Uy=0.8818]  vol[p=152.0647 Ux=6.8807 Uy=2.6679]
    val_re_rand                loss=12.7562  surf[p=142.7377 Ux=3.4260 Uy=1.0923]  vol[p=161.1864 Ux=7.9138 Uy=3.1470]
Epoch  10 (498s) [15.6GB]  train[vol=0.9601 surf=0.4206]  val_avg_surf_p=158.9600 *
    val_single_in_dist         loss=30.9162  surf[p=192.6346 Ux=2.1961 Uy=1.1498]  vol[p=266.1834 Ux=9.3059 Uy=3.4557]
    val_geom_camber_rc         loss=17.2722  surf[p=171.8166 Ux=3.0522 Uy=1.3788]  vol[p=189.8460 Ux=9.2877 Uy=3.8031]
    val_geom_camber_cruise     loss=7.5421  surf[p=128.3615 Ux=1.8093 Uy=0.7145]  vol[p=205.7383 Ux=7.1388 Uy=2.5094]
    val_re_rand                loss=11.3580  surf[p=143.0273 Ux=2.2987 Uy=0.9814]  vol[p=186.5050 Ux=8.0630 Uy=2.9334]
Epoch  11 (480s) [15.6GB]  train[vol=0.8141 surf=0.3266]  val_avg_surf_p=149.5138 *
    val_single_in_dist         loss=21.8397  surf[p=176.4549 Ux=3.2541 Uy=1.0382]  vol[p=208.4114 Ux=9.3420 Uy=3.2044]
    val_geom_camber_rc         loss=18.2192  surf[p=168.1994 Ux=3.3879 Uy=1.3360]  vol[p=180.4259 Ux=9.6069 Uy=3.6361]
    val_geom_camber_cruise     loss=6.1644  surf[p=117.6864 Ux=2.0220 Uy=0.7278]  vol[p=158.9812 Ux=6.3828 Uy=2.3827]
    val_re_rand                loss=13.1090  surf[p=135.7146 Ux=2.9103 Uy=1.0071]  vol[p=159.9553 Ux=8.1963 Uy=2.8236]
Epoch  12 (490s) [15.6GB]  train[vol=0.7820 surf=0.3317]  val_avg_surf_p=145.2751 *
    val_single_in_dist         loss=26.0602  surf[p=187.8019 Ux=3.7946 Uy=0.9914]  vol[p=199.8565 Ux=10.3951 Uy=3.3899]
    val_geom_camber_rc         loss=13.6969  surf[p=133.5207 Ux=2.8013 Uy=1.1593]  vol[p=169.1975 Ux=8.9687 Uy=3.7507]
    val_geom_camber_cruise     loss=7.3087  surf[p=126.0283 Ux=1.9708 Uy=0.7596]  vol[p=169.4529 Ux=6.2609 Uy=2.4536]
    val_re_rand                loss=10.5097  surf[p=133.7494 Ux=2.3272 Uy=0.9582]  vol[p=166.9528 Ux=7.4124 Uy=2.9650]
Epoch  13 (497s) [15.6GB]  train[vol=0.8001 surf=0.3397]  val_avg_surf_p=142.9196 *
    val_single_in_dist         loss=19.8157  surf[p=170.2703 Ux=2.0725 Uy=0.8476]  vol[p=201.7481 Ux=7.4506 Uy=3.0042]
    val_geom_camber_rc         loss=14.3824  surf[p=148.8192 Ux=2.7844 Uy=1.1024]  vol[p=171.2220 Ux=8.3614 Uy=3.6777]
    val_geom_camber_cruise     loss=5.7618  surf[p=106.2630 Ux=1.5376 Uy=0.6783]  vol[p=147.7851 Ux=5.9607 Uy=2.3860]
    val_re_rand                loss=13.1578  surf[p=146.3258 Ux=2.4514 Uy=0.9549]  vol[p=165.1338 Ux=7.1301 Uy=2.8941]
Epoch  14 (487s) [15.6GB]  train[vol=0.7436 surf=0.3330]  val_avg_surf_p=144.6614
    val_single_in_dist         loss=26.5171  surf[p=206.5677 Ux=2.7958 Uy=0.9837]  vol[p=209.0337 Ux=7.7444 Uy=3.0325]
    val_geom_camber_rc         loss=13.5120  surf[p=141.5397 Ux=2.7164 Uy=1.1386]  vol[p=156.9231 Ux=7.9577 Uy=3.5358]
    val_geom_camber_cruise     loss=5.3690  surf[p=108.0676 Ux=1.7297 Uy=0.6788]  vol[p=137.4999 Ux=5.3485 Uy=2.2332]
    val_re_rand                loss=9.2955  surf[p=122.4705 Ux=2.2360 Uy=0.9275]  vol[p=141.8318 Ux=6.4446 Uy=2.7663]
Epoch  15 (486s) [15.6GB]  train[vol=0.6596 surf=0.2764]  val_avg_surf_p=116.8933 *
    val_single_in_dist         loss=13.0268  surf[p=135.8149 Ux=1.6797 Uy=0.7629]  vol[p=157.8809 Ux=6.6843 Uy=2.6372]
    val_geom_camber_rc         loss=11.1345  surf[p=123.3830 Ux=2.4704 Uy=1.0178]  vol[p=146.9476 Ux=7.3719 Uy=3.4583]
    val_geom_camber_cruise     loss=4.4023  surf[p=94.7885 Ux=1.3407 Uy=0.5839]  vol[p=116.2308 Ux=4.7713 Uy=2.0069]
    val_re_rand                loss=8.5825  surf[p=113.5869 Ux=1.9469 Uy=0.8142]  vol[p=131.0027 Ux=5.9624 Uy=2.6125]
Epoch  16 (489s) [15.6GB]  train[vol=0.6063 surf=0.2567]  val_avg_surf_p=123.4990
    val_single_in_dist         loss=13.8530  surf[p=142.5948 Ux=1.6366 Uy=0.7614]  vol[p=162.6317 Ux=6.1655 Uy=2.6746]
    val_geom_camber_rc         loss=13.1884  surf[p=142.2639 Ux=2.9463 Uy=1.0636]  vol[p=146.2225 Ux=7.2276 Uy=3.4459]
    val_geom_camber_cruise     loss=4.4516  surf[p=93.9660 Ux=1.3062 Uy=0.6057]  vol[p=125.5649 Ux=4.8916 Uy=2.0031]
    val_re_rand                loss=8.6064  surf[p=115.1713 Ux=2.0505 Uy=0.8327]  vol[p=129.3888 Ux=5.8884 Uy=2.6447]
Epoch  17 (493s) [15.6GB]  train[vol=0.4971 surf=0.2000]  val_avg_surf_p=113.5742 *
    val_single_in_dist         loss=10.8257  surf[p=124.9198 Ux=1.7222 Uy=0.7036]  vol[p=155.9856 Ux=6.0648 Uy=2.4490]
    val_geom_camber_rc         loss=11.4955  surf[p=127.2261 Ux=2.5776 Uy=1.0051]  vol[p=147.0553 Ux=6.7118 Uy=3.3162]
    val_geom_camber_cruise     loss=4.0351  surf[p=92.1245 Ux=1.1759 Uy=0.5731]  vol[p=120.6873 Ux=4.7567 Uy=1.8312]
    val_re_rand                loss=8.4340  surf[p=110.0263 Ux=1.8681 Uy=0.7907]  vol[p=131.8959 Ux=5.7212 Uy=2.4748]
Epoch  18 (482s) [15.6GB]  train[vol=0.6510 surf=0.2987]  val_avg_surf_p=134.5415
    val_single_in_dist         loss=25.6290  surf[p=174.3341 Ux=2.2014 Uy=0.9795]  vol[p=184.5686 Ux=6.9462 Uy=3.0173]
    val_geom_camber_rc         loss=14.7956  surf[p=158.8458 Ux=2.8589 Uy=1.2235]  vol[p=165.2761 Ux=7.4389 Uy=3.6426]
    val_geom_camber_cruise     loss=4.8575  surf[p=93.0085 Ux=1.6531 Uy=0.6060]  vol[p=114.7623 Ux=4.9596 Uy=2.0641]
    val_re_rand                loss=9.1398  surf[p=111.9778 Ux=1.9806 Uy=0.8339]  vol[p=128.3355 Ux=5.7786 Uy=2.6681]
Epoch  19 (491s) [15.6GB]  train[vol=0.4896 surf=0.1996]  val_avg_surf_p=128.3292
    val_single_in_dist         loss=19.2723  surf[p=153.9487 Ux=1.6447 Uy=0.8076]  vol[p=167.7370 Ux=6.0226 Uy=2.6189]
    val_geom_camber_rc         loss=13.7636  surf[p=141.8251 Ux=2.5080 Uy=1.1189]  vol[p=158.4687 Ux=6.4910 Uy=3.4243]
    val_geom_camber_cruise     loss=4.6522  surf[p=100.8887 Ux=1.3340 Uy=0.6042]  vol[p=131.3030 Ux=4.6797 Uy=1.9114]
    val_re_rand                loss=9.0684  surf[p=116.6545 Ux=1.9338 Uy=0.8348]  vol[p=137.3088 Ux=5.5501 Uy=2.5394]
Epoch  20 (502s) [15.6GB]  train[vol=0.5597 surf=0.2740]  val_avg_surf_p=124.3334
    val_single_in_dist         loss=14.3834  surf[p=134.5577 Ux=1.8086 Uy=0.6956]  vol[p=156.0864 Ux=5.8244 Uy=2.5161]
    val_geom_camber_rc         loss=13.7813  surf[p=150.8388 Ux=3.1790 Uy=1.0287]  vol[p=162.9357 Ux=6.6634 Uy=3.3513]
    val_geom_camber_cruise     loss=4.6570  surf[p=98.3848 Ux=1.4238 Uy=0.5852]  vol[p=122.1435 Ux=4.4275 Uy=1.9143]
    val_re_rand                loss=8.9870  surf[p=113.5525 Ux=2.1013 Uy=0.7692]  vol[p=128.2429 Ux=5.2471 Uy=2.4780]
Epoch  21 (496s) [15.6GB]  train[vol=0.4424 surf=0.1690]  val_avg_surf_p=150.8417
    val_single_in_dist         loss=16.3002  surf[p=177.4044 Ux=1.9372 Uy=0.8010]  vol[p=174.5925 Ux=6.3155 Uy=2.6459]
    val_geom_camber_rc         loss=15.4518  surf[p=182.6124 Ux=3.1099 Uy=1.0534]  vol[p=173.7559 Ux=6.9281 Uy=3.4633]
    val_geom_camber_cruise     loss=6.7926  surf[p=114.2214 Ux=2.1645 Uy=0.7339]  vol[p=117.4206 Ux=5.2142 Uy=2.0307]
    val_re_rand                loss=9.9412  surf[p=129.1287 Ux=2.4247 Uy=0.8819]  vol[p=128.6180 Ux=5.6810 Uy=2.5488]
Epoch  22 (496s) [15.6GB]  train[vol=0.5324 surf=0.2374]  val_avg_surf_p=110.3369 *
    val_single_in_dist         loss=10.7644  surf[p=121.5161 Ux=1.5936 Uy=0.6960]  vol[p=146.6430 Ux=5.7766 Uy=2.4502]
    val_geom_camber_rc         loss=10.6328  surf[p=120.8782 Ux=2.4178 Uy=0.9580]  vol[p=142.3919 Ux=6.2257 Uy=3.2462]
    val_geom_camber_cruise     loss=3.9993  surf[p=92.4111 Ux=1.1941 Uy=0.6244]  vol[p=111.1136 Ux=4.2191 Uy=1.7790]
    val_re_rand                loss=7.6823  surf[p=106.5423 Ux=1.7671 Uy=0.7831]  vol[p=122.6447 Ux=5.0741 Uy=2.3778]
Epoch  23 (489s) [15.6GB]  train[vol=0.5059 surf=0.2393]  val_avg_surf_p=151.8467
    val_single_in_dist         loss=29.4162  surf[p=201.4258 Ux=3.7290 Uy=1.2576]  vol[p=199.5242 Ux=8.6812 Uy=3.5512]
    val_geom_camber_rc         loss=16.7446  surf[p=148.4138 Ux=4.2143 Uy=1.2506]  vol[p=163.9100 Ux=7.9195 Uy=3.9928]
    val_geom_camber_cruise     loss=7.1006  surf[p=124.9916 Ux=2.7628 Uy=0.8384]  vol[p=182.3317 Ux=6.5231 Uy=2.6024]
    val_re_rand                loss=12.6619  surf[p=132.5556 Ux=3.2472 Uy=1.0362]  vol[p=167.6648 Ux=7.1143 Uy=3.1253]
Epoch  24 (490s) [15.6GB]  train[vol=0.5902 surf=0.2994]  val_avg_surf_p=107.1455 *
    val_single_in_dist         loss=16.4790  surf[p=124.1201 Ux=1.5324 Uy=0.6575]  vol[p=143.6059 Ux=5.7613 Uy=2.3673]
    val_geom_camber_rc         loss=10.0062  surf[p=115.4641 Ux=2.2431 Uy=0.9167]  vol[p=133.3482 Ux=6.0466 Uy=3.2086]
    val_geom_camber_cruise     loss=3.9440  surf[p=88.0263 Ux=1.1838 Uy=0.5627]  vol[p=108.6853 Ux=4.4135 Uy=1.8431]
    val_re_rand                loss=7.0652  surf[p=100.9716 Ux=1.7333 Uy=0.7464]  vol[p=119.0417 Ux=5.1679 Uy=2.3698]
Epoch  25 (492s) [15.6GB]  train[vol=0.4822 surf=0.2244]  val_avg_surf_p=133.9178
    val_single_in_dist         loss=16.1200  surf[p=169.8384 Ux=2.3429 Uy=0.9437]  vol[p=177.7433 Ux=6.4342 Uy=2.5378]
    val_geom_camber_rc         loss=10.8720  surf[p=142.0929 Ux=2.7207 Uy=0.9637]  vol[p=147.4762 Ux=6.7254 Uy=3.2729]
    val_geom_camber_cruise     loss=4.9652  surf[p=100.9720 Ux=1.4102 Uy=0.6882]  vol[p=121.3301 Ux=4.8310 Uy=1.8639]
    val_re_rand                loss=9.2003  surf[p=122.7677 Ux=2.2358 Uy=0.8212]  vol[p=137.0876 Ux=5.9960 Uy=2.4027]
Epoch  26 (497s) [15.6GB]  train[vol=0.4635 surf=0.1980]  val_avg_surf_p=112.2161
    val_single_in_dist         loss=12.4912  surf[p=132.1616 Ux=1.6171 Uy=0.6667]  vol[p=155.1850 Ux=5.7353 Uy=2.4090]
    val_geom_camber_rc         loss=9.7897  surf[p=116.0991 Ux=2.2003 Uy=0.9001]  vol[p=130.5694 Ux=5.6671 Uy=3.1899]
    val_geom_camber_cruise     loss=4.4683  surf[p=96.3650 Ux=1.5036 Uy=0.5724]  vol[p=105.9168 Ux=4.2694 Uy=1.8251]
    val_re_rand                loss=7.1778  surf[p=104.2387 Ux=1.8509 Uy=0.7408]  vol[p=114.6547 Ux=4.8921 Uy=2.3648]
Epoch  27 (500s) [15.6GB]  train[vol=0.5289 surf=0.2539]  val_avg_surf_p=106.8041 *
    val_single_in_dist         loss=9.7822  surf[p=116.4282 Ux=1.5265 Uy=0.6845]  vol[p=143.6084 Ux=5.3287 Uy=2.2458]
    val_geom_camber_rc         loss=8.8870  surf[p=112.1311 Ux=2.2558 Uy=0.9298]  vol[p=129.3650 Ux=5.9465 Uy=3.0657]
    val_geom_camber_cruise     loss=3.9547  surf[p=94.4783 Ux=1.1496 Uy=0.5698]  vol[p=102.0455 Ux=4.1412 Uy=1.7124]
    val_re_rand                loss=7.1824  surf[p=104.1788 Ux=1.7903 Uy=0.7480]  vol[p=116.2548 Ux=5.1280 Uy=2.2769]
Epoch  28 (498s) [15.6GB]  train[vol=0.3964 surf=0.1609]  val_avg_surf_p=97.4979 *
    val_single_in_dist         loss=10.8059  surf[p=110.0756 Ux=1.5531 Uy=0.6318]  vol[p=142.7246 Ux=5.3034 Uy=2.1941]
    val_geom_camber_rc         loss=7.6808  surf[p=103.5168 Ux=2.2599 Uy=0.8908]  vol[p=131.9927 Ux=5.5751 Uy=2.9996]
    val_geom_camber_cruise     loss=3.3810  surf[p=80.6082 Ux=1.2113 Uy=0.5540]  vol[p=96.3259 Ux=3.9762 Uy=1.7094]
    val_re_rand                loss=6.7487  surf[p=95.7910 Ux=1.7796 Uy=0.7385]  vol[p=111.8077 Ux=4.7892 Uy=2.2606]
Epoch  29 (488s) [15.6GB]  train[vol=0.4542 surf=0.2042]  val_avg_surf_p=97.9353
    val_single_in_dist         loss=10.0835  surf[p=110.8927 Ux=1.4779 Uy=0.5973]  vol[p=135.5988 Ux=5.1700 Uy=2.1833]
    val_geom_camber_rc         loss=7.9751  surf[p=103.7679 Ux=2.0251 Uy=0.8411]  vol[p=123.1824 Ux=5.4210 Uy=2.9889]
    val_geom_camber_cruise     loss=3.3590  surf[p=82.7743 Ux=1.1151 Uy=0.5376]  vol[p=95.0950 Ux=3.8994 Uy=1.6424]
    val_re_rand                loss=5.9739  surf[p=94.3064 Ux=1.5139 Uy=0.6941]  vol[p=108.4196 Ux=4.5463 Uy=2.2084]
Epoch  30 (494s) [15.6GB]  train[vol=0.4040 surf=0.1624]  val_avg_surf_p=104.4060
    val_single_in_dist         loss=11.8622  surf[p=123.4144 Ux=1.4610 Uy=0.6563]  vol[p=149.4663 Ux=5.4934 Uy=2.2517]
    val_geom_camber_rc         loss=8.0767  surf[p=111.1715 Ux=2.0977 Uy=0.8646]  vol[p=129.2445 Ux=5.4822 Uy=2.9676]
    val_geom_camber_cruise     loss=3.4764  surf[p=83.3494 Ux=0.9953 Uy=0.5380]  vol[p=97.3212 Ux=3.7499 Uy=1.6108]
    val_re_rand                loss=6.7222  surf[p=99.6885 Ux=1.5219 Uy=0.7093]  vol[p=112.1205 Ux=4.5505 Uy=2.1928]
Epoch  31 (485s) [15.6GB]  train[vol=0.3925 surf=0.1592]  val_avg_surf_p=97.2240 *
    val_single_in_dist         loss=8.4066  surf[p=110.5371 Ux=1.8310 Uy=0.7834]  vol[p=141.3016 Ux=5.2859 Uy=2.2694]
    val_geom_camber_rc         loss=7.5974  surf[p=104.1671 Ux=2.4031 Uy=0.8671]  vol[p=126.8141 Ux=5.3265 Uy=3.0758]
    val_geom_camber_cruise     loss=3.4735  surf[p=82.3963 Ux=1.4130 Uy=0.5268]  vol[p=90.0619 Ux=3.9398 Uy=1.6136]
    val_re_rand                loss=6.5259  surf[p=91.7953 Ux=1.8561 Uy=0.6871]  vol[p=106.8072 Ux=4.5773 Uy=2.2123]
Epoch  32 (496s) [15.6GB]  train[vol=0.3823 surf=0.1559]  val_avg_surf_p=99.0124
    val_single_in_dist         loss=8.6261  surf[p=101.9954 Ux=1.3837 Uy=0.5721]  vol[p=135.1815 Ux=4.9755 Uy=2.0735]
    val_geom_camber_rc         loss=8.6821  surf[p=114.1852 Ux=2.2570 Uy=0.8429]  vol[p=128.7067 Ux=5.4152 Uy=2.9300]
    val_geom_camber_cruise     loss=3.6920  surf[p=84.4482 Ux=1.2440 Uy=0.5424]  vol[p=93.4720 Ux=4.0314 Uy=1.6649]
    val_re_rand                loss=6.4190  surf[p=95.4206 Ux=1.6770 Uy=0.6850]  vol[p=106.0532 Ux=4.5660 Uy=2.1475]
Epoch  33 (498s) [15.6GB]  train[vol=0.4808 surf=0.2123]  val_avg_surf_p=92.8498 *
    val_single_in_dist         loss=9.8379  surf[p=103.8618 Ux=1.3408 Uy=0.6115]  vol[p=138.9540 Ux=5.3540 Uy=2.2049]
    val_geom_camber_rc         loss=7.7592  surf[p=101.5564 Ux=2.0453 Uy=0.7952]  vol[p=128.9705 Ux=5.5926 Uy=2.9839]
    val_geom_camber_cruise     loss=3.2112  surf[p=78.1703 Ux=1.0510 Uy=0.5427]  vol[p=92.5705 Ux=3.9387 Uy=1.7162]
    val_re_rand                loss=5.8742  surf[p=87.8105 Ux=1.5142 Uy=0.6610]  vol[p=105.1984 Ux=4.5527 Uy=2.2007]
Epoch  34 (491s) [15.6GB]  train[vol=0.3497 surf=0.1307]  val_avg_surf_p=114.3770
    val_single_in_dist         loss=13.8698  surf[p=153.5327 Ux=2.6613 Uy=0.7290]  vol[p=151.6527 Ux=5.8905 Uy=2.3023]
    val_geom_camber_rc         loss=8.9871  surf[p=110.4741 Ux=2.3081 Uy=0.8672]  vol[p=123.4651 Ux=5.4599 Uy=2.9330]
    val_geom_camber_cruise     loss=4.3695  surf[p=96.7018 Ux=1.4778 Uy=0.6137]  vol[p=94.8498 Ux=4.2340 Uy=1.6729]
    val_re_rand                loss=5.8881  surf[p=96.7993 Ux=1.6405 Uy=0.7124]  vol[p=104.9943 Ux=4.5205 Uy=2.1589]
Epoch  35 (499s) [15.6GB]  train[vol=0.3015 surf=0.1009]  val_avg_surf_p=116.5860
    val_single_in_dist         loss=17.1665  surf[p=132.0448 Ux=1.5036 Uy=0.7442]  vol[p=155.4712 Ux=5.3543 Uy=2.3315]
    val_geom_camber_rc         loss=8.2870  surf[p=114.5785 Ux=2.0402 Uy=0.8911]  vol[p=129.7645 Ux=5.3859 Uy=3.0121]
    val_geom_camber_cruise     loss=4.9941  surf[p=111.6397 Ux=1.2143 Uy=0.6614]  vol[p=125.9087 Ux=4.2233 Uy=1.7324]
    val_re_rand                loss=7.0764  surf[p=108.0811 Ux=1.6615 Uy=0.7358]  vol[p=126.2886 Ux=4.7002 Uy=2.1985]
Epoch  36 (497s) [15.6GB]  train[vol=0.3450 surf=0.1313]  val_avg_surf_p=88.3050 *
    val_single_in_dist         loss=9.9062  surf[p=93.3837 Ux=1.1550 Uy=0.5632]  vol[p=126.3089 Ux=4.6876 Uy=2.0538]
    val_geom_camber_rc         loss=7.2197  surf[p=98.8715 Ux=1.8504 Uy=0.7978]  vol[p=121.6821 Ux=5.0954 Uy=2.9218]
    val_geom_camber_cruise     loss=2.9904  surf[p=74.9383 Ux=0.9982 Uy=0.4909]  vol[p=86.0074 Ux=3.6371 Uy=1.5440]
    val_re_rand                loss=6.3314  surf[p=86.0266 Ux=1.4343 Uy=0.6328]  vol[p=101.8377 Ux=4.2654 Uy=2.0681]
Epoch  37 (484s) [15.6GB]  train[vol=0.4147 surf=0.1630]  val_avg_surf_p=83.9100 *
    val_single_in_dist         loss=9.6129  surf[p=96.1999 Ux=1.3400 Uy=0.5298]  vol[p=124.4422 Ux=4.6821 Uy=1.9360]
    val_geom_camber_rc         loss=6.7824  surf[p=92.5443 Ux=1.8386 Uy=0.7548]  vol[p=120.9084 Ux=4.9914 Uy=2.8002]
    val_geom_camber_cruise     loss=2.5767  surf[p=68.4174 Ux=0.8945 Uy=0.4848]  vol[p=82.8487 Ux=3.5620 Uy=1.4609]
    val_re_rand                loss=5.1968  surf[p=78.4785 Ux=1.3090 Uy=0.6257]  vol[p=98.9247 Ux=4.1964 Uy=2.0169]
Epoch  38 (484s) [15.6GB]  train[vol=0.3292 surf=0.1210]  val_avg_surf_p=87.6107
    val_single_in_dist         loss=9.9626  surf[p=98.5856 Ux=1.1443 Uy=0.5545]  vol[p=121.8454 Ux=4.5609 Uy=1.9701]
    val_geom_camber_rc         loss=7.3800  surf[p=101.8281 Ux=1.8367 Uy=0.7739]  vol[p=125.2454 Ux=5.0619 Uy=2.7738]
    val_geom_camber_cruise     loss=2.6009  surf[p=68.5239 Ux=0.8994 Uy=0.5002]  vol[p=84.8908 Ux=3.5210 Uy=1.4410]
    val_re_rand                loss=5.9494  surf[p=81.5051 Ux=1.3050 Uy=0.6295]  vol[p=101.1456 Ux=4.1677 Uy=1.9785]
Epoch  39 (490s) [15.6GB]  train[vol=0.3343 surf=0.1162]  val_avg_surf_p=83.6029 *
    val_single_in_dist         loss=5.5948  surf[p=85.5720 Ux=1.2248 Uy=0.5477]  vol[p=121.0914 Ux=4.6169 Uy=1.9084]
    val_geom_camber_rc         loss=6.7694  surf[p=96.2694 Ux=1.7768 Uy=0.7884]  vol[p=115.8265 Ux=4.9972 Uy=2.8116]
    val_geom_camber_cruise     loss=2.7208  surf[p=71.6174 Ux=0.8393 Uy=0.5088]  vol[p=86.6786 Ux=3.4436 Uy=1.4636]
    val_re_rand                loss=4.9439  surf[p=80.9530 Ux=1.2946 Uy=0.6230]  vol[p=98.8171 Ux=4.1154 Uy=1.9707]
Epoch  40 (496s) [15.6GB]  train[vol=0.4357 surf=0.1644]  val_avg_surf_p=87.8234
    val_single_in_dist         loss=9.7498  surf[p=98.1610 Ux=1.2490 Uy=0.6006]  vol[p=133.3260 Ux=4.9938 Uy=2.1820]
    val_geom_camber_rc         loss=7.3836  surf[p=97.9828 Ux=1.9747 Uy=0.7887]  vol[p=125.1377 Ux=5.3487 Uy=2.9699]
    val_geom_camber_cruise     loss=3.0604  surf[p=71.5231 Ux=1.0484 Uy=0.5426]  vol[p=89.8126 Ux=4.2694 Uy=1.6321]
    val_re_rand                loss=5.4179  surf[p=83.6265 Ux=1.3821 Uy=0.6558]  vol[p=102.4927 Ux=4.5499 Uy=2.1434]
Epoch  41 (498s) [15.6GB]  train[vol=0.3643 surf=0.1222]  val_avg_surf_p=83.8511
    val_single_in_dist         loss=8.9542  surf[p=90.6073 Ux=1.1526 Uy=0.5503]  vol[p=124.6245 Ux=4.6593 Uy=1.9324]
    val_geom_camber_rc         loss=6.8195  surf[p=91.4974 Ux=1.7598 Uy=0.7749]  vol[p=122.6432 Ux=5.0980 Uy=2.7927]
    val_geom_camber_cruise     loss=2.6702  surf[p=72.0537 Ux=0.9037 Uy=0.5321]  vol[p=88.0110 Ux=3.5333 Uy=1.4797]
    val_re_rand                loss=5.1675  surf[p=81.2462 Ux=1.3059 Uy=0.6413]  vol[p=101.2577 Ux=4.2136 Uy=2.0004]
Epoch  42 (496s) [15.6GB]  train[vol=0.3105 surf=0.1075]  val_avg_surf_p=77.9622 *
    val_single_in_dist         loss=8.7615  surf[p=85.9853 Ux=1.0855 Uy=0.5215]  vol[p=121.8511 Ux=4.5828 Uy=1.8867]
    val_geom_camber_rc         loss=6.4031  surf[p=88.2115 Ux=1.7253 Uy=0.7500]  vol[p=116.1395 Ux=4.9665 Uy=2.7417]
    val_geom_camber_cruise     loss=2.2655  surf[p=63.0773 Ux=0.8256 Uy=0.4679]  vol[p=80.4703 Ux=3.4800 Uy=1.4418]
    val_re_rand                loss=4.5781  surf[p=74.5746 Ux=1.2534 Uy=0.6009]  vol[p=95.8622 Ux=4.0862 Uy=1.9630]
Epoch  43 (492s) [15.6GB]  train[vol=0.3841 surf=0.1362]  val_avg_surf_p=89.8523
    val_single_in_dist         loss=13.2188  surf[p=106.3863 Ux=1.4181 Uy=0.6006]  vol[p=130.1490 Ux=4.9899 Uy=2.0929]
    val_geom_camber_rc         loss=8.1485  surf[p=103.9905 Ux=1.9257 Uy=0.8283]  vol[p=133.2046 Ux=5.3615 Uy=2.8948]
    val_geom_camber_cruise     loss=2.4443  surf[p=66.1437 Ux=0.8993 Uy=0.4881]  vol[p=80.1108 Ux=3.5770 Uy=1.4155]
    val_re_rand                loss=6.7332  surf[p=82.8885 Ux=1.3608 Uy=0.6356]  vol[p=98.9795 Ux=4.3609 Uy=1.9998]
Epoch  44 (484s) [15.6GB]  train[vol=0.3274 surf=0.1025]  val_avg_surf_p=76.1300 *
    val_single_in_dist         loss=5.9900  surf[p=80.3458 Ux=1.0315 Uy=0.4885]  vol[p=116.5570 Ux=4.4666 Uy=1.8478]
    val_geom_camber_rc         loss=6.1325  surf[p=86.1256 Ux=1.7739 Uy=0.7350]  vol[p=115.8304 Ux=5.0621 Uy=2.6861]
    val_geom_camber_cruise     loss=2.2488  surf[p=62.7937 Ux=0.8273 Uy=0.4686]  vol[p=83.4316 Ux=3.5157 Uy=1.4117]
    val_re_rand                loss=4.7643  surf[p=75.2549 Ux=1.2279 Uy=0.5996]  vol[p=95.8247 Ux=4.1096 Uy=1.9310]
Epoch  45 (496s) [15.6GB]  train[vol=0.2932 surf=0.0955]  val_avg_surf_p=76.0532 *
    val_single_in_dist         loss=6.0663  surf[p=79.7050 Ux=1.0623 Uy=0.5080]  vol[p=114.7030 Ux=4.4885 Uy=1.8541]
    val_geom_camber_rc         loss=6.0143  surf[p=88.9220 Ux=1.7464 Uy=0.7358]  vol[p=114.4601 Ux=5.0128 Uy=2.7038]
    val_geom_camber_cruise     loss=2.2418  surf[p=61.6765 Ux=0.8165 Uy=0.4581]  vol[p=78.3721 Ux=3.4361 Uy=1.4059]
    val_re_rand                loss=4.9422  surf[p=73.9092 Ux=1.2175 Uy=0.5880]  vol[p=92.1430 Ux=4.0883 Uy=1.9379]
Epoch  46 (487s) [15.6GB]  train[vol=0.3094 surf=0.1047]  val_avg_surf_p=76.2946
    val_single_in_dist         loss=6.8109  surf[p=79.5798 Ux=1.0742 Uy=0.5123]  vol[p=117.7676 Ux=4.5182 Uy=1.8465]
    val_geom_camber_rc         loss=6.0332  surf[p=90.8524 Ux=1.8137 Uy=0.7635]  vol[p=115.2067 Ux=5.0843 Uy=2.6913]
    val_geom_camber_cruise     loss=2.1866  surf[p=61.1255 Ux=0.8032 Uy=0.4691]  vol[p=80.4352 Ux=3.3839 Uy=1.3825]
    val_re_rand                loss=4.9087  surf[p=73.6209 Ux=1.2601 Uy=0.5955]  vol[p=93.0005 Ux=4.0856 Uy=1.9230]
Epoch  47 (491s) [15.6GB]  train[vol=0.2967 surf=0.1052]  val_avg_surf_p=73.1571 *
    val_single_in_dist         loss=5.7976  surf[p=75.9649 Ux=1.0593 Uy=0.5016]  vol[p=115.2396 Ux=4.4270 Uy=1.8498]
    val_geom_camber_rc         loss=6.0930  surf[p=83.7757 Ux=1.6879 Uy=0.7208]  vol[p=111.3408 Ux=4.9520 Uy=2.6710]
    val_geom_camber_cruise     loss=2.1457  surf[p=60.4427 Ux=0.7955 Uy=0.4529]  vol[p=79.4708 Ux=3.3660 Uy=1.3767]
    val_re_rand                loss=4.5491  surf[p=72.4452 Ux=1.2059 Uy=0.5761]  vol[p=91.9092 Ux=3.9991 Uy=1.9106]
Epoch  48 (500s) [15.6GB]  train[vol=0.2647 surf=0.0714]  val_avg_surf_p=73.7176
    val_single_in_dist         loss=6.1227  surf[p=76.5604 Ux=1.0119 Uy=0.4934]  vol[p=114.8166 Ux=4.4057 Uy=1.8279]
    val_geom_camber_rc         loss=5.8193  surf[p=84.9914 Ux=1.6704 Uy=0.7254]  vol[p=114.8807 Ux=4.9826 Uy=2.6585]
    val_geom_camber_cruise     loss=2.1586  surf[p=60.8994 Ux=0.8200 Uy=0.4639]  vol[p=79.8866 Ux=3.3935 Uy=1.3759]
    val_re_rand                loss=4.8109  surf[p=72.4193 Ux=1.2157 Uy=0.5769]  vol[p=92.7233 Ux=4.0273 Uy=1.8982]
Epoch  49 (500s) [15.6GB]  train[vol=0.2328 surf=0.0658]  val_avg_surf_p=72.6857 *
    val_single_in_dist         loss=5.9480  surf[p=74.9030 Ux=1.0356 Uy=0.4892]  vol[p=113.9630 Ux=4.4321 Uy=1.8223]
    val_geom_camber_rc         loss=6.8171  surf[p=85.6535 Ux=1.7104 Uy=0.7273]  vol[p=113.6505 Ux=4.9823 Uy=2.6695]
    val_geom_camber_cruise     loss=2.1022  surf[p=59.6921 Ux=0.7660 Uy=0.4521]  vol[p=78.3480 Ux=3.2931 Uy=1.3583]
    val_re_rand                loss=4.2129  surf[p=70.4941 Ux=1.1956 Uy=0.5694]  vol[p=90.8560 Ux=3.9728 Uy=1.8824]
Epoch  50 (490s) [15.6GB]  train[vol=0.2584 surf=0.0740]  val_avg_surf_p=74.0015
    val_single_in_dist         loss=6.1158  surf[p=76.9590 Ux=1.0266 Uy=0.4967]  vol[p=113.8947 Ux=4.3960 Uy=1.8309]
    val_geom_camber_rc         loss=6.8335  surf[p=88.3512 Ux=1.6705 Uy=0.7332]  vol[p=113.8730 Ux=4.9261 Uy=2.6502]
    val_geom_camber_cruise     loss=2.0364  surf[p=58.9383 Ux=0.7895 Uy=0.4507]  vol[p=78.2036 Ux=3.3341 Uy=1.3513]
    val_re_rand                loss=4.3361  surf[p=71.7575 Ux=1.2002 Uy=0.5716]  vol[p=91.7254 Ux=3.9680 Uy=1.8759]
Epoch  51 (488s) [15.6GB]  train[vol=0.3358 surf=0.1066]  val_avg_surf_p=73.0687
    val_single_in_dist         loss=6.8593  surf[p=77.5574 Ux=1.0269 Uy=0.5014]  vol[p=112.9135 Ux=4.4281 Uy=1.8348]
    val_geom_camber_rc         loss=6.2988  surf[p=85.2360 Ux=1.6575 Uy=0.7261]  vol[p=113.3629 Ux=4.9488 Uy=2.6348]
    val_geom_camber_cruise     loss=2.0522  surf[p=59.2668 Ux=0.7704 Uy=0.4519]  vol[p=77.5377 Ux=3.3634 Uy=1.3466]
    val_re_rand                loss=4.2811  surf[p=70.2145 Ux=1.1752 Uy=0.5634]  vol[p=89.8003 Ux=3.9765 Uy=1.8598]
Epoch  52 (492s) [15.6GB]  train[vol=0.2927 surf=0.0769]  val_avg_surf_p=71.8404 *
    val_single_in_dist         loss=5.7442  surf[p=74.1522 Ux=1.0027 Uy=0.4812]  vol[p=112.8595 Ux=4.4274 Uy=1.8223]
    val_geom_camber_rc         loss=6.4255  surf[p=85.5511 Ux=1.6607 Uy=0.7264]  vol[p=113.4059 Ux=4.9717 Uy=2.6355]
    val_geom_camber_cruise     loss=1.9843  surf[p=58.0924 Ux=0.7576 Uy=0.4471]  vol[p=76.7672 Ux=3.3308 Uy=1.3249]
    val_re_rand                loss=4.2763  surf[p=69.5659 Ux=1.1744 Uy=0.5619]  vol[p=89.3937 Ux=3.9829 Uy=1.8580]
Epoch  53 (487s) [15.6GB]  train[vol=0.2875 surf=0.0853]  val_avg_surf_p=73.0328
    val_single_in_dist         loss=6.6218  surf[p=78.2764 Ux=1.0422 Uy=0.4842]  vol[p=114.8592 Ux=4.4808 Uy=1.8334]
    val_geom_camber_rc         loss=6.2808  surf[p=84.9516 Ux=1.6792 Uy=0.7333]  vol[p=111.7035 Ux=4.9191 Uy=2.6357]
    val_geom_camber_cruise     loss=1.9786  surf[p=58.2672 Ux=0.7816 Uy=0.4493]  vol[p=76.4491 Ux=3.3489 Uy=1.3397]
    val_re_rand                loss=4.3312  surf[p=70.6361 Ux=1.1927 Uy=0.5677]  vol[p=89.7579 Ux=3.9680 Uy=1.8686]
Epoch  54 (482s) [15.6GB]  train[vol=0.2875 surf=0.0828]  val_avg_surf_p=71.6871 *
    val_single_in_dist         loss=6.1556  surf[p=75.9293 Ux=1.0080 Uy=0.4797]  vol[p=113.1962 Ux=4.3958 Uy=1.8243]
    val_geom_camber_rc         loss=6.5017  surf[p=83.6249 Ux=1.6513 Uy=0.7180]  vol[p=111.5938 Ux=4.8955 Uy=2.6259]
    val_geom_camber_cruise     loss=1.9432  surf[p=57.3871 Ux=0.7544 Uy=0.4437]  vol[p=76.1061 Ux=3.3102 Uy=1.3291]
    val_re_rand                loss=4.2472  surf[p=69.8072 Ux=1.1623 Uy=0.5614]  vol[p=89.6760 Ux=3.9190 Uy=1.8628]
Epoch  55 (488s) [15.6GB]  train[vol=0.2765 surf=0.0796]  val_avg_surf_p=71.5795 *
    val_single_in_dist         loss=5.9998  surf[p=74.4809 Ux=1.0172 Uy=0.4873]  vol[p=112.2780 Ux=4.4128 Uy=1.8272]
    val_geom_camber_rc         loss=6.2972  surf[p=84.9099 Ux=1.6591 Uy=0.7217]  vol[p=112.4415 Ux=4.9394 Uy=2.6494]
    val_geom_camber_cruise     loss=1.9560  surf[p=57.1642 Ux=0.7602 Uy=0.4433]  vol[p=76.7876 Ux=3.3006 Uy=1.3351]
    val_re_rand                loss=4.4076  surf[p=69.7631 Ux=1.1673 Uy=0.5586]  vol[p=89.7140 Ux=3.9298 Uy=1.8674]
Epoch  56 (494s) [15.6GB]  train[vol=0.3074 surf=0.1056]  val_avg_surf_p=71.4551 *
    val_single_in_dist         loss=5.9892  surf[p=75.2852 Ux=1.0375 Uy=0.4898]  vol[p=114.1216 Ux=4.4274 Uy=1.8333]
    val_geom_camber_rc         loss=6.3783  surf[p=83.5659 Ux=1.6419 Uy=0.7177]  vol[p=112.2185 Ux=4.9093 Uy=2.6309]
    val_geom_camber_cruise     loss=1.9621  surf[p=57.5097 Ux=0.7600 Uy=0.4437]  vol[p=76.8034 Ux=3.3359 Uy=1.3401]
    val_re_rand                loss=4.1465  surf[p=69.4597 Ux=1.1552 Uy=0.5587]  vol[p=89.6011 Ux=3.9155 Uy=1.8650]
Epoch  57 (492s) [15.6GB]  train[vol=0.2255 surf=0.0547]  val_avg_surf_p=70.7686 *
    val_single_in_dist         loss=5.8627  surf[p=73.5567 Ux=1.0140 Uy=0.4826]  vol[p=112.5389 Ux=4.3828 Uy=1.8162]
    val_geom_camber_rc         loss=6.3942  surf[p=83.1955 Ux=1.6418 Uy=0.7129]  vol[p=111.5045 Ux=4.9045 Uy=2.6145]
    val_geom_camber_cruise     loss=1.9442  surf[p=57.2070 Ux=0.7541 Uy=0.4396]  vol[p=76.8502 Ux=3.3063 Uy=1.3373]
    val_re_rand                loss=4.1406  surf[p=69.1150 Ux=1.1590 Uy=0.5564]  vol[p=89.4471 Ux=3.9087 Uy=1.8604]
Epoch  58 (501s) [15.6GB]  train[vol=0.2529 surf=0.0636]  val_avg_surf_p=70.7951
    val_single_in_dist         loss=5.9201  surf[p=73.4229 Ux=1.0151 Uy=0.4822]  vol[p=112.1866 Ux=4.3801 Uy=1.8118]
    val_geom_camber_rc         loss=6.4265  surf[p=83.5508 Ux=1.6479 Uy=0.7132]  vol[p=111.5196 Ux=4.9084 Uy=2.6154]
    val_geom_camber_cruise     loss=1.9356  surf[p=57.2166 Ux=0.7497 Uy=0.4389]  vol[p=76.5769 Ux=3.3092 Uy=1.3348]
    val_re_rand                loss=4.1133  surf[p=68.9900 Ux=1.1569 Uy=0.5562]  vol[p=89.0416 Ux=3.9094 Uy=1.8576]
Epoch  59 (501s) [15.6GB]  train[vol=0.2502 surf=0.0677]  val_avg_surf_p=70.7143 *
    val_single_in_dist         loss=5.9359  surf[p=73.3341 Ux=1.0081 Uy=0.4830]  vol[p=112.3810 Ux=4.3846 Uy=1.8169]
    val_geom_camber_rc         loss=6.3740  surf[p=83.3330 Ux=1.6490 Uy=0.7133]  vol[p=111.8284 Ux=4.9116 Uy=2.6147]
    val_geom_camber_cruise     loss=1.9339  surf[p=57.1899 Ux=0.7494 Uy=0.4390]  vol[p=76.4587 Ux=3.2986 Uy=1.3337]
    val_re_rand                loss=4.1254  surf[p=69.0001 Ux=1.1572 Uy=0.5559]  vol[p=89.0644 Ux=3.9066 Uy=1.8559]
Epoch  60 (495s) [15.6GB]  train[vol=0.2635 surf=0.0780]  val_avg_surf_p=70.7085 *
    val_single_in_dist         loss=5.9202  surf[p=73.3344 Ux=1.0080 Uy=0.4832]  vol[p=112.2668 Ux=4.3852 Uy=1.8165]
    val_geom_camber_rc         loss=6.3733  surf[p=83.3458 Ux=1.6492 Uy=0.7134]  vol[p=111.9414 Ux=4.9135 Uy=2.6150]
    val_geom_camber_cruise     loss=1.9318  surf[p=57.1584 Ux=0.7488 Uy=0.4391]  vol[p=76.3721 Ux=3.2991 Uy=1.3337]
    val_re_rand                loss=4.1270  surf[p=68.9954 Ux=1.1559 Uy=0.5558]  vol[p=89.0257 Ux=3.9062 Uy=1.8557]

Training done in 491.9 min

Best val: epoch 60, val_avg/mae_surf_p = 70.7085

Logged model artifact 'model-mlintern-pai2-24h-v3-r1-final-pure-b2-lr3e4-sw40-r79bfrtr' (aliases: best, epoch-60)
wandb: updating run metadata; uploading artifact model-mlintern-pai2-24h-v3-r1-final-pure-b2-lr3e4-sw40-r79bfrtr
wandb: uploading artifact model-mlintern-pai2-24h-v3-r1-final-pure-b2-lr3e4-sw40-r79bfrtr
wandb: 
wandb: Run history:
wandb:        epoch_time_s ▂▁▄▃▅▄█▃▇▁▇▃▄▁▅▆▆▄▄▅█▇▄▆▃▇▅▇▇▂▇▂▇▃▅█▄▄▂▆
wandb:         global_step ▁▁▂▂▂▃▃▃▃▃▃▃▄▄▄▄▅▅▅▅▅▅▅▅▆▆▆▆▆▆▇▇▇▇▇█████
wandb:                  lr ███████▇▇▇▇▇▆▆▆▅▅▅▅▅▄▄▄▄▄▃▃▃▃▂▂▂▂▂▁▁▁▁▁▁
wandb:          train/loss ▄▄▆█▄▂▁▁▁▂▁▁▁▂▂▂▁▂▁▁▁▁▁▂▁▁▁▂▁▂▁▂▁▁▁▁▁▁▁▁
wandb:     train/surf_loss █▅▅▅▄▄▃▃▃▃▃▃▂▃▂▂▂▂▃▂▂▂▂▂▂▁▁▁▁▂▁▁▁▁▁▁▁▁▁▁
wandb:      train/vol_loss █▅▅▄▄▃▃▃▃▃▂▂▂▂▂▂▂▂▂▂▁▂▁▁▂▁▂▁▁▁▁▁▁▁▁▁▁▁▁▁
wandb:            val/loss █▇▆▅▅▄▄▃▃▃▂▂▃▃▄▂▂▂▂▁▁▂▂▁▁▁▁▁▁▂▁▁▁▁▁▁▁▁▁▁
wandb: val_avg/mae_surf_Ux █▆▅▅▄▄▄▅▄▃▂▃▄▂▂▂▂▂▂▃▃▁▁▁▁▁▂▁▁▁▁▁▁▁▁▁▁▁▁▁
wandb: val_avg/mae_surf_Uy ██▇▆▇▅▆▅▅▄▃▃▄▃▃▃▄▃▃▂▂▃▃▂▁▂▂▁▂▁▁▁▁▁▁▁▁▁▁▁
wandb:  val_avg/mae_surf_p █▇▇▆▅▄▄▄▄▃▃▃▄▃▂▃▂▂▂▂▂▃▁▂▁▁▂▁▁▁▁▁▁▁▁▁▁▁▁▁
wandb:                 +39 ...
wandb: 
wandb: Run summary:
wandb:              best_epoch 60
wandb: best_val_avg/mae_surf_p 70.70849
wandb:            epoch_time_s 495.20473
wandb:             global_step 45000
wandb:                      lr 0
wandb:     total_train_minutes 491.85191
wandb:              train/loss 0.81124
wandb:         train/surf_loss 0.07796
wandb:          train/vol_loss 0.26351
wandb:                val/loss 4.58809
wandb:                     +42 ...
wandb: 
wandb: 🚀 View run mlintern-pai2-24h-v3-r1/final-pure-b2-lr3e4-sw40 at: https://wandb.ai/wandb-applied-ai-team/senpai-v1-ml-intern/runs/r79bfrtr
wandb: ⭐️ View project at: https://wandb.ai/wandb-applied-ai-team/senpai-v1-ml-intern
wandb: Synced 7 W&B file(s), 0 media file(s), 3 artifact file(s) and 0 other file(s)
wandb: Find logs at: ./wandb/run-20260430_165459-r79bfrtr/logs
