Device: cuda
Train: 1499, val_single_in_dist: 100, val_geom_camber_rc: 100, val_geom_camber_cruise: 100, val_re_rand: 100
Model: Transolver (0.66M params)
wandb: [wandb.login()] Loaded credentials for https://api.wandb.ai from WANDB_API_KEY.
wandb: W&B API key is configured. Use `wandb login --relogin` to force relogin
wandb: Tracking run with wandb version 0.26.1
wandb: Run data is saved locally in /workspace/ml-intern-benchmark/target/wandb/run-20260430_102510-i0l4tque
wandb: Run `wandb offline` to turn off syncing.
wandb: Syncing run mlintern-pai2-72h-v4-r2/r1-lr1e-3
wandb: ⭐️ View project at https://wandb.ai/wandb-applied-ai-team/senpai-v1-ml-intern
wandb: 🚀 View run at https://wandb.ai/wandb-applied-ai-team/senpai-v1-ml-intern/runs/i0l4tque
  ep1 step 100/375 loss=20.6657 vol=3.2606 surf=1.7405 lr=1.00e-03
  ep1 step 200/375 loss=6.1504 vol=1.2936 surf=0.4857 lr=1.00e-03
  ep1 step 300/375 loss=4.9396 vol=0.9301 surf=0.4010 lr=1.00e-03
Epoch   1 (134s) [41.7GB]  train[vol=1.8958 surf=1.0371]  val_avg_surf_p=288.4298 *
    val_single_in_dist         loss=19.4711  surf[p=366.4746 Ux=4.0427 Uy=2.5173]  vol[p=317.6185 Ux=10.4883 Uy=5.5705]
    val_geom_camber_rc         loss=9.9986  surf[p=286.0833 Ux=5.4887 Uy=2.0548]  vol[p=256.9914 Ux=10.9045 Uy=4.8736]
    val_geom_camber_cruise     loss=6.7252  surf[p=263.1145 Ux=3.1287 Uy=1.5809]  vol[p=225.4042 Ux=8.1106 Uy=4.3237]
    val_re_rand                loss=6.8842  surf[p=238.0466 Ux=3.9397 Uy=1.7124]  vol[p=206.6877 Ux=9.0649 Uy=4.3323]
  ep2 step 100/375 loss=4.5871 vol=0.8154 surf=0.3772 lr=1.00e-03
  ep2 step 200/375 loss=1.8675 vol=0.4479 surf=0.1420 lr=1.00e-03
  ep2 step 300/375 loss=11.3185 vol=1.7681 surf=0.9550 lr=1.00e-03
Epoch   2 (133s) [42.1GB]  train[vol=1.1768 surf=0.6742]  val_avg_surf_p=275.1698 *
    val_single_in_dist         loss=19.7441  surf[p=336.6862 Ux=4.8007 Uy=1.7247]  vol[p=317.0381 Ux=10.6274 Uy=4.0581]
    val_geom_camber_rc         loss=15.3177  surf[p=341.8985 Ux=6.5453 Uy=2.1641]  vol[p=312.6720 Ux=11.3826 Uy=5.0882]
    val_geom_camber_cruise     loss=4.2482  surf[p=192.0143 Ux=3.6075 Uy=1.2040]  vol[p=164.2487 Ux=8.1880 Uy=2.9527]
    val_re_rand                loss=7.8178  surf[p=230.0800 Ux=4.5821 Uy=1.4923]  vol[p=205.7549 Ux=9.3137 Uy=3.6313]
  ep3 step 100/375 loss=10.5407 vol=1.1479 surf=0.9393 lr=1.00e-03
  ep3 step 200/375 loss=3.1055 vol=0.5046 surf=0.2601 lr=1.00e-03
  ep3 step 300/375 loss=3.3465 vol=0.6464 surf=0.2700 lr=1.00e-03
Epoch   3 (130s) [42.1GB]  train[vol=0.9733 surf=0.5706]  val_avg_surf_p=249.3058 *
    val_single_in_dist         loss=17.1011  surf[p=337.1809 Ux=4.0617 Uy=1.3990]  vol[p=330.3673 Ux=10.1826 Uy=4.2438]
    val_geom_camber_rc         loss=8.5044  surf[p=241.8666 Ux=4.6111 Uy=1.4924]  vol[p=216.9267 Ux=10.3927 Uy=3.9710]
    val_geom_camber_cruise     loss=5.2495  surf[p=218.6827 Ux=3.3700 Uy=1.0576]  vol[p=204.4329 Ux=8.2701 Uy=2.8001]
    val_re_rand                loss=6.4405  surf[p=199.4930 Ux=3.9646 Uy=1.2262]  vol[p=184.7080 Ux=9.2175 Uy=3.1377]
  ep4 step 100/375 loss=6.8392 vol=0.8281 surf=0.6011 lr=1.00e-03
  ep4 step 200/375 loss=2.3210 vol=0.4838 surf=0.1837 lr=1.00e-03
  ep4 step 300/375 loss=4.1543 vol=0.7298 surf=0.3425 lr=1.00e-03
Epoch   4 (131s) [42.1GB]  train[vol=0.8127 surf=0.5083]  val_avg_surf_p=193.8066 *
    val_single_in_dist         loss=9.2139  surf[p=233.5690 Ux=2.7624 Uy=1.2464]  vol[p=222.6936 Ux=8.1796 Uy=3.1847]
    val_geom_camber_rc         loss=6.4269  surf[p=200.9334 Ux=4.3652 Uy=1.4062]  vol[p=188.8539 Ux=9.2359 Uy=3.5705]
    val_geom_camber_cruise     loss=3.1963  surf[p=173.8036 Ux=2.5258 Uy=1.0802]  vol[p=176.9021 Ux=6.8420 Uy=2.4642]
    val_re_rand                loss=4.2045  surf[p=166.9202 Ux=3.2079 Uy=1.1726]  vol[p=163.5147 Ux=7.7503 Uy=2.8424]
  ep5 step 100/375 loss=2.4807 vol=0.4660 surf=0.2015 lr=1.00e-03
  ep5 step 200/375 loss=9.8584 vol=1.4191 surf=0.8439 lr=1.00e-03
  ep5 step 300/375 loss=11.9712 vol=0.9124 surf=1.1059 lr=1.00e-03
Epoch   5 (132s) [42.1GB]  train[vol=0.7080 surf=0.4154]  val_avg_surf_p=176.4330 *
    val_single_in_dist         loss=8.6199  surf[p=206.3013 Ux=2.3778 Uy=1.1472]  vol[p=211.9687 Ux=6.8819 Uy=2.9605]
    val_geom_camber_rc         loss=5.5538  surf[p=189.5042 Ux=3.8203 Uy=1.3503]  vol[p=187.1557 Ux=8.5131 Uy=3.4586]
    val_geom_camber_cruise     loss=2.3293  surf[p=145.0971 Ux=1.9524 Uy=0.8782]  vol[p=163.4819 Ux=5.8586 Uy=2.0652]
    val_re_rand                loss=3.9187  surf[p=164.8292 Ux=2.8283 Uy=1.1075]  vol[p=169.0977 Ux=6.8975 Uy=2.6275]
  ep6 step 100/375 loss=0.3588 vol=0.1189 surf=0.0240 lr=1.00e-03
  ep6 step 200/375 loss=9.3271 vol=1.5852 surf=0.7742 lr=1.00e-03
  ep6 step 300/375 loss=0.9867 vol=0.2174 surf=0.0769 lr=1.00e-03
Epoch   6 (131s) [42.1GB]  train[vol=0.7876 surf=0.4557]  val_avg_surf_p=191.0473
    val_single_in_dist         loss=11.1277  surf[p=258.1921 Ux=2.8500 Uy=1.2679]  vol[p=224.2286 Ux=7.1180 Uy=3.0124]
    val_geom_camber_rc         loss=5.9188  surf[p=212.0950 Ux=4.1282 Uy=1.4905]  vol[p=186.6297 Ux=8.0897 Uy=3.4446]
    val_geom_camber_cruise     loss=2.1986  surf[p=129.8910 Ux=2.5500 Uy=0.7838]  vol[p=124.9002 Ux=5.5768 Uy=1.7946]
    val_re_rand                loss=4.0429  surf[p=164.0112 Ux=3.4604 Uy=1.1447]  vol[p=147.4492 Ux=6.6918 Uy=2.4893]
  ep7 step 100/375 loss=1.5839 vol=0.3204 surf=0.1264 lr=1.00e-03
  ep7 step 200/375 loss=0.6393 vol=0.1611 surf=0.0478 lr=1.00e-03
  ep7 step 300/375 loss=7.2610 vol=0.9474 surf=0.6314 lr=1.00e-03
Epoch   7 (132s) [42.1GB]  train[vol=0.5475 surf=0.2939]  val_avg_surf_p=162.6599 *
    val_single_in_dist         loss=6.6171  surf[p=192.7477 Ux=2.2813 Uy=1.1287]  vol[p=182.3901 Ux=6.4088 Uy=2.7797]
    val_geom_camber_rc         loss=4.8209  surf[p=182.1998 Ux=3.4337 Uy=1.3603]  vol[p=172.8867 Ux=7.4776 Uy=3.6204]
    val_geom_camber_cruise     loss=1.9861  surf[p=124.7010 Ux=2.2332 Uy=0.8507]  vol[p=149.5194 Ux=6.0096 Uy=1.9270]
    val_re_rand                loss=3.5407  surf[p=150.9910 Ux=3.0129 Uy=1.1092]  vol[p=156.8401 Ux=6.8241 Uy=2.6227]
  ep8 step 100/375 loss=1.9494 vol=0.2908 surf=0.1659 lr=1.00e-03
  ep8 step 200/375 loss=12.9732 vol=1.4751 surf=1.1498 lr=1.00e-03
  ep8 step 300/375 loss=1.2826 vol=0.2365 surf=0.1046 lr=1.00e-03
Epoch   8 (131s) [42.1GB]  train[vol=0.6082 surf=0.3751]  val_avg_surf_p=165.6358
    val_single_in_dist         loss=10.4089  surf[p=236.9480 Ux=3.1238 Uy=1.0899]  vol[p=199.3313 Ux=6.9816 Uy=2.8021]
    val_geom_camber_rc         loss=5.8549  surf[p=181.4611 Ux=4.5924 Uy=1.2818]  vol[p=164.5981 Ux=7.9858 Uy=3.4128]
    val_geom_camber_cruise     loss=1.7586  surf[p=111.5846 Ux=2.4873 Uy=0.7140]  vol[p=122.5789 Ux=4.9154 Uy=1.6222]
    val_re_rand                loss=3.2585  surf[p=132.5497 Ux=3.1192 Uy=0.9596]  vol[p=130.6905 Ux=5.8600 Uy=2.3476]
  ep9 step 100/375 loss=38.6763 vol=2.9530 surf=3.5723 lr=1.00e-03
  ep9 step 200/375 loss=2.2546 vol=0.4119 surf=0.1843 lr=1.00e-03
  ep9 step 300/375 loss=3.5293 vol=0.6258 surf=0.2904 lr=1.00e-03
Epoch   9 (132s) [42.1GB]  train[vol=0.7673 surf=0.4741]  val_avg_surf_p=172.1979
    val_single_in_dist         loss=9.4077  surf[p=227.8518 Ux=3.5018 Uy=1.2151]  vol[p=210.2696 Ux=8.1353 Uy=2.8190]
    val_geom_camber_rc         loss=5.0965  surf[p=176.3581 Ux=3.9607 Uy=1.3522]  vol[p=181.0439 Ux=7.8428 Uy=3.3841]
    val_geom_camber_cruise     loss=2.3476  surf[p=138.9040 Ux=2.6572 Uy=0.9306]  vol[p=128.6103 Ux=5.6820 Uy=1.8490]
    val_re_rand                loss=3.4036  surf[p=145.6777 Ux=3.1452 Uy=1.1549]  vol[p=137.5922 Ux=6.0540 Uy=2.5407]
  ep10 step 100/375 loss=5.8692 vol=0.9925 surf=0.4877 lr=1.00e-03
  ep10 step 200/375 loss=5.3287 vol=0.6848 surf=0.4644 lr=1.00e-03
  ep10 step 300/375 loss=2.9642 vol=0.6023 surf=0.2362 lr=1.00e-03
Epoch  10 (134s) [42.1GB]  train[vol=0.5966 surf=0.3600]  val_avg_surf_p=148.7293 *
    val_single_in_dist         loss=6.2074  surf[p=172.3188 Ux=2.2680 Uy=1.0629]  vol[p=185.1919 Ux=6.3460 Uy=2.5650]
    val_geom_camber_rc         loss=4.7812  surf[p=167.2081 Ux=3.2693 Uy=1.2513]  vol[p=153.4182 Ux=7.1119 Uy=3.3521]
    val_geom_camber_cruise     loss=1.8529  surf[p=121.4638 Ux=1.9722 Uy=0.7490]  vol[p=120.6408 Ux=5.1109 Uy=1.6039]
    val_re_rand                loss=2.9642  surf[p=133.9265 Ux=2.5161 Uy=0.9818]  vol[p=124.7058 Ux=5.7501 Uy=2.3301]
  ep11 step 100/375 loss=0.9230 vol=0.1844 surf=0.0739 lr=1.00e-03
  ep11 step 200/375 loss=4.5484 vol=0.7862 surf=0.3762 lr=1.00e-03
  ep11 step 300/375 loss=2.5446 vol=0.4679 surf=0.2077 lr=1.00e-03
Epoch  11 (131s) [42.1GB]  train[vol=0.5145 surf=0.3078]  val_avg_surf_p=180.5213
    val_single_in_dist         loss=7.2910  surf[p=218.2416 Ux=2.4573 Uy=1.1146]  vol[p=198.6705 Ux=6.7470 Uy=2.7548]
    val_geom_camber_rc         loss=5.2577  surf[p=196.9941 Ux=3.6596 Uy=1.3633]  vol[p=189.1787 Ux=7.6479 Uy=3.6632]
    val_geom_camber_cruise     loss=2.0401  surf[p=144.0431 Ux=1.7316 Uy=0.8422]  vol[p=140.9557 Ux=4.9332 Uy=1.7314]
    val_re_rand                loss=3.4195  surf[p=162.8065 Ux=2.6454 Uy=1.0564]  vol[p=154.9730 Ux=6.0175 Uy=2.4964]
  ep12 step 100/375 loss=1.3634 vol=0.2789 surf=0.1084 lr=1.00e-03
  ep12 step 200/375 loss=3.2754 vol=0.5371 surf=0.2738 lr=1.00e-03
  ep12 step 300/375 loss=1.6333 vol=0.3255 surf=0.1308 lr=1.00e-03
Epoch  12 (130s) [42.1GB]  train[vol=0.5040 surf=0.2860]  val_avg_surf_p=134.8765 *
    val_single_in_dist         loss=4.8381  surf[p=162.8890 Ux=1.9146 Uy=0.8752]  vol[p=153.2881 Ux=5.4478 Uy=2.3515]
    val_geom_camber_rc         loss=4.3126  surf[p=157.0123 Ux=3.4457 Uy=1.2361]  vol[p=147.5776 Ux=6.6071 Uy=3.1915]
    val_geom_camber_cruise     loss=1.3308  surf[p=100.6115 Ux=1.4110 Uy=0.6224]  vol[p=111.0329 Ux=4.1555 Uy=1.4651]
    val_re_rand                loss=2.6620  surf[p=118.9932 Ux=2.3563 Uy=0.9029]  vol[p=119.7662 Ux=5.1067 Uy=2.2212]
  ep13 step 100/375 loss=1.3266 vol=0.2598 surf=0.1067 lr=1.00e-03
  ep13 step 200/375 loss=2.3253 vol=0.4128 surf=0.1913 lr=1.00e-03
  ep13 step 300/375 loss=0.8367 vol=0.2164 surf=0.0620 lr=1.00e-03
Epoch  13 (129s) [42.1GB]  train[vol=0.4966 surf=0.2910]  val_avg_surf_p=126.6366 *
    val_single_in_dist         loss=4.0719  surf[p=148.8968 Ux=1.9777 Uy=0.9722]  vol[p=149.7967 Ux=5.6466 Uy=2.4065]
    val_geom_camber_rc         loss=3.6781  surf[p=136.7059 Ux=3.1126 Uy=1.1845]  vol[p=141.2487 Ux=6.4103 Uy=3.1441]
    val_geom_camber_cruise     loss=1.4260  surf[p=103.3587 Ux=1.4204 Uy=0.6812]  vol[p=115.2149 Ux=4.0916 Uy=1.6158]
    val_re_rand                loss=2.6581  surf[p=117.5849 Ux=2.3110 Uy=0.9534]  vol[p=121.9594 Ux=5.1563 Uy=2.2876]
  ep14 step 100/375 loss=5.3905 vol=0.8632 surf=0.4527 lr=1.00e-03
  ep14 step 200/375 loss=1.6648 vol=0.3079 surf=0.1357 lr=1.00e-03
  ep14 step 300/375 loss=1.3121 vol=0.2778 surf=0.1034 lr=1.00e-03
Epoch  14 (131s) [42.1GB]  train[vol=0.5179 surf=0.3142]  val_avg_surf_p=129.3962
    val_single_in_dist         loss=4.6947  surf[p=155.1170 Ux=1.8012 Uy=0.9398]  vol[p=152.0329 Ux=5.2628 Uy=2.3604]
    val_geom_camber_rc         loss=3.4556  surf[p=137.8828 Ux=3.0029 Uy=1.1020]  vol[p=141.7702 Ux=6.2051 Uy=3.2165]
    val_geom_camber_cruise     loss=1.5572  surf[p=109.0620 Ux=1.9882 Uy=0.6309]  vol[p=120.8180 Ux=4.5578 Uy=1.5612]
    val_re_rand                loss=2.5331  surf[p=115.5230 Ux=2.5693 Uy=0.8514]  vol[p=121.4278 Ux=5.2787 Uy=2.2593]
  ep15 step 100/375 loss=2.7718 vol=0.4434 surf=0.2328 lr=1.00e-03
  ep15 step 200/375 loss=1.0788 vol=0.2347 surf=0.0844 lr=1.00e-03
  ep15 step 300/375 loss=7.2753 vol=1.0040 surf=0.6271 lr=1.00e-03
Epoch  15 (132s) [42.1GB]  train[vol=0.4634 surf=0.2578]  val_avg_surf_p=153.5588
    val_single_in_dist         loss=7.4358  surf[p=219.3901 Ux=2.7901 Uy=1.3330]  vol[p=174.9524 Ux=6.1718 Uy=2.7747]
    val_geom_camber_rc         loss=4.1984  surf[p=157.2828 Ux=3.8844 Uy=1.2715]  vol[p=145.2314 Ux=6.7722 Uy=3.2742]
    val_geom_camber_cruise     loss=1.7387  surf[p=107.6939 Ux=2.6253 Uy=0.8263]  vol[p=108.7820 Ux=4.6554 Uy=1.9480]
    val_re_rand                loss=3.0832  surf[p=129.8682 Ux=3.1829 Uy=1.0472]  vol[p=121.7107 Ux=5.3949 Uy=2.4943]
  ep16 step 100/375 loss=1.5255 vol=0.3374 surf=0.1188 lr=9.99e-04
  ep16 step 200/375 loss=6.8910 vol=0.8573 surf=0.6034 lr=9.99e-04
  ep16 step 300/375 loss=0.7080 vol=0.1458 surf=0.0562 lr=9.99e-04
Epoch  16 (132s) [42.1GB]  train[vol=0.4416 surf=0.2531]  val_avg_surf_p=132.1140
    val_single_in_dist         loss=4.1353  surf[p=162.6385 Ux=1.9354 Uy=0.8988]  vol[p=145.8537 Ux=5.3665 Uy=2.3856]
    val_geom_camber_rc         loss=3.8346  surf[p=144.7496 Ux=2.8516 Uy=1.1539]  vol[p=138.8656 Ux=6.0031 Uy=3.0889]
    val_geom_camber_cruise     loss=1.3629  surf[p=102.4458 Ux=1.4404 Uy=0.7578]  vol[p=98.1979 Ux=4.1295 Uy=1.4954]
    val_re_rand                loss=2.4998  surf[p=118.6221 Ux=2.2169 Uy=0.9343]  vol[p=111.2258 Ux=5.0503 Uy=2.1804]
  ep17 step 100/375 loss=1.4945 vol=0.2730 surf=0.1221 lr=9.99e-04
  ep17 step 200/375 loss=2.8846 vol=0.3741 surf=0.2510 lr=9.99e-04
  ep17 step 300/375 loss=0.9826 vol=0.1951 surf=0.0788 lr=9.99e-04
Epoch  17 (131s) [42.1GB]  train[vol=0.4662 surf=0.2834]  val_avg_surf_p=130.0539
    val_single_in_dist         loss=3.8506  surf[p=168.3223 Ux=1.9266 Uy=0.9156]  vol[p=145.3887 Ux=5.4859 Uy=2.2533]
    val_geom_camber_rc         loss=3.9686  surf[p=152.7145 Ux=3.1267 Uy=1.2162]  vol[p=138.9299 Ux=6.0643 Uy=3.0730]
    val_geom_camber_cruise     loss=1.1708  surf[p=88.2618 Ux=1.4527 Uy=0.6443]  vol[p=89.6818 Ux=3.8668 Uy=1.4143]
    val_re_rand                loss=2.3367  surf[p=110.9171 Ux=2.2214 Uy=0.8968]  vol[p=104.1085 Ux=4.7227 Uy=2.1444]
  ep18 step 100/375 loss=1.3452 vol=0.2220 surf=0.1123 lr=9.99e-04
  ep18 step 200/375 loss=2.3321 vol=0.4290 surf=0.1903 lr=9.99e-04
  ep18 step 300/375 loss=1.2222 vol=0.2782 surf=0.0944 lr=9.99e-04
Epoch  18 (131s) [42.1GB]  train[vol=0.5345 surf=0.3118]  val_avg_surf_p=157.6478
    val_single_in_dist         loss=6.0457  surf[p=208.6113 Ux=2.9702 Uy=0.9791]  vol[p=207.5394 Ux=6.9911 Uy=2.4221]
    val_geom_camber_rc         loss=5.3571  surf[p=194.5970 Ux=4.4930 Uy=1.2117]  vol[p=180.7827 Ux=7.7174 Uy=3.1484]
    val_geom_camber_cruise     loss=1.4975  surf[p=98.7730 Ux=1.9446 Uy=0.6589]  vol[p=99.6554 Ux=4.4525 Uy=1.4908]
    val_re_rand                loss=2.7328  surf[p=128.6098 Ux=2.7005 Uy=0.8766]  vol[p=122.2466 Ux=5.4111 Uy=2.1427]
  ep19 step 100/375 loss=0.4129 vol=0.1112 surf=0.0302 lr=9.99e-04
  ep19 step 200/375 loss=3.2721 vol=0.5202 surf=0.2752 lr=9.99e-04
  ep19 step 300/375 loss=0.7859 vol=0.2195 surf=0.0566 lr=9.99e-04
Epoch  19 (131s) [42.1GB]  train[vol=0.4304 surf=0.2410]  val_avg_surf_p=127.4772
    val_single_in_dist         loss=3.8873  surf[p=149.3011 Ux=2.2101 Uy=1.0291]  vol[p=150.3846 Ux=5.9710 Uy=2.3291]
    val_geom_camber_rc         loss=3.9124  surf[p=151.0978 Ux=3.2114 Uy=1.0839]  vol[p=153.6042 Ux=6.2488 Uy=2.9813]
    val_geom_camber_cruise     loss=1.3134  surf[p=92.1447 Ux=1.7869 Uy=0.6410]  vol[p=88.3670 Ux=4.2979 Uy=1.4088]
    val_re_rand                loss=2.4356  surf[p=117.3652 Ux=2.4137 Uy=0.8805]  vol[p=109.0820 Ux=5.1289 Uy=2.1128]
  ep20 step 100/375 loss=1.3898 vol=0.2018 surf=0.1188 lr=9.99e-04
  ep20 step 200/375 loss=2.9363 vol=0.3822 surf=0.2554 lr=9.99e-04
  ep20 step 300/375 loss=0.4883 vol=0.1194 surf=0.0369 lr=9.99e-04
Epoch  20 (132s) [42.1GB]  train[vol=0.3580 surf=0.1867]  val_avg_surf_p=146.2193
    val_single_in_dist         loss=5.9377  surf[p=189.8500 Ux=1.7414 Uy=1.2631]  vol[p=166.4185 Ux=5.1096 Uy=2.8592]
    val_geom_camber_rc         loss=4.3395  surf[p=163.5607 Ux=2.4739 Uy=1.2836]  vol[p=141.8463 Ux=5.6588 Uy=3.1559]
    val_geom_camber_cruise     loss=1.3520  surf[p=99.5349 Ux=1.2093 Uy=0.7122]  vol[p=93.0076 Ux=3.6989 Uy=1.6060]
    val_re_rand                loss=3.0709  surf[p=131.9318 Ux=1.9190 Uy=0.9801]  vol[p=114.7941 Ux=4.5935 Uy=2.2768]
  ep21 step 100/375 loss=1.3674 vol=0.2536 surf=0.1114 lr=9.99e-04
  ep21 step 200/375 loss=0.2940 vol=0.1021 surf=0.0192 lr=9.99e-04
  ep21 step 300/375 loss=0.9066 vol=0.1847 surf=0.0722 lr=9.99e-04
Epoch  21 (133s) [42.1GB]  train[vol=0.3574 surf=0.1901]  val_avg_surf_p=122.8608 *
    val_single_in_dist         loss=4.6826  surf[p=149.4632 Ux=1.8966 Uy=0.8471]  vol[p=138.0177 Ux=5.2467 Uy=2.1135]
    val_geom_camber_rc         loss=3.7055  surf[p=136.3560 Ux=2.8209 Uy=1.0285]  vol[p=137.3149 Ux=5.8694 Uy=2.8995]
    val_geom_camber_cruise     loss=1.1521  surf[p=89.7238 Ux=1.5847 Uy=0.6276]  vol[p=87.8799 Ux=4.1486 Uy=1.4246]
    val_re_rand                loss=2.3612  surf[p=115.9003 Ux=2.2736 Uy=0.8552]  vol[p=108.7343 Ux=4.9974 Uy=2.1052]
  ep22 step 100/375 loss=0.6090 vol=0.1288 surf=0.0480 lr=9.99e-04
  ep22 step 200/375 loss=0.9605 vol=0.2061 surf=0.0754 lr=9.99e-04
  ep22 step 300/375 loss=3.6302 vol=0.6052 surf=0.3025 lr=9.99e-04
Epoch  22 (132s) [42.1GB]  train[vol=0.4111 surf=0.2380]  val_avg_surf_p=129.6722
    val_single_in_dist         loss=4.8996  surf[p=156.4743 Ux=2.4623 Uy=0.8994]  vol[p=179.9371 Ux=6.0854 Uy=2.5136]
    val_geom_camber_rc         loss=3.2270  surf[p=140.7558 Ux=3.1389 Uy=1.0394]  vol[p=140.3996 Ux=6.1974 Uy=2.9545]
    val_geom_camber_cruise     loss=1.5456  surf[p=102.5106 Ux=1.7628 Uy=0.8261]  vol[p=115.0977 Ux=5.1788 Uy=1.9832]
    val_re_rand                loss=2.5139  surf[p=118.9482 Ux=2.4451 Uy=0.9113]  vol[p=125.7560 Ux=5.4810 Uy=2.4073]
  ep23 step 100/375 loss=1.2514 vol=0.2091 surf=0.1042 lr=9.99e-04
  ep23 step 200/375 loss=0.9530 vol=0.2357 surf=0.0717 lr=9.99e-04
  ep23 step 300/375 loss=3.8206 vol=0.7040 surf=0.3117 lr=9.99e-04
Epoch  23 (132s) [42.1GB]  train[vol=0.4497 surf=0.2505]  val_avg_surf_p=124.3130
    val_single_in_dist         loss=3.6417  surf[p=141.2050 Ux=1.7909 Uy=0.8749]  vol[p=152.2283 Ux=5.4075 Uy=2.2691]
    val_geom_camber_rc         loss=3.8798  surf[p=149.1608 Ux=2.9865 Uy=1.1792]  vol[p=146.9267 Ux=6.2929 Uy=3.0601]
    val_geom_camber_cruise     loss=1.1871  surf[p=94.1379 Ux=1.1939 Uy=0.5984]  vol[p=94.1523 Ux=3.8262 Uy=1.4753]
    val_re_rand                loss=2.4364  surf[p=112.7486 Ux=1.9682 Uy=0.8383]  vol[p=112.3881 Ux=4.8202 Uy=2.1481]
  ep24 step 100/375 loss=2.7066 vol=0.3952 surf=0.2311 lr=9.99e-04
  ep24 step 200/375 loss=3.4346 vol=0.6487 surf=0.2786 lr=9.99e-04
  ep24 step 300/375 loss=1.7964 vol=0.3080 surf=0.1488 lr=9.99e-04
Epoch  24 (132s) [42.1GB]  train[vol=0.5338 surf=0.2997]  val_avg_surf_p=132.8505
    val_single_in_dist         loss=7.8140  surf[p=170.5899 Ux=2.5213 Uy=0.9675]  vol[p=176.7343 Ux=6.9867 Uy=2.4985]
    val_geom_camber_rc         loss=3.9557  surf[p=137.2807 Ux=2.8673 Uy=1.1097]  vol[p=146.1234 Ux=6.0465 Uy=3.0403]
    val_geom_camber_cruise     loss=1.5103  surf[p=105.1504 Ux=1.7829 Uy=0.7286]  vol[p=102.6075 Ux=4.3271 Uy=1.6047]
    val_re_rand                loss=2.4111  surf[p=118.3809 Ux=2.3109 Uy=0.8769]  vol[p=116.9647 Ux=5.0244 Uy=2.1652]
  ep25 step 100/375 loss=3.4794 vol=0.3647 surf=0.3115 lr=9.99e-04
  ep25 step 200/375 loss=1.2446 vol=0.2326 surf=0.1012 lr=9.99e-04
  ep25 step 300/375 loss=2.4079 vol=0.3669 surf=0.2041 lr=9.99e-04
Epoch  25 (132s) [42.1GB]  train[vol=0.3822 surf=0.2027]  val_avg_surf_p=107.5523 *
    val_single_in_dist         loss=3.8344  surf[p=127.8314 Ux=2.1351 Uy=0.7552]  vol[p=123.5145 Ux=5.3665 Uy=2.0455]
    val_geom_camber_rc         loss=2.8313  surf[p=119.7719 Ux=2.4005 Uy=0.9885]  vol[p=118.1443 Ux=5.2141 Uy=2.8328]
    val_geom_camber_cruise     loss=1.0521  surf[p=81.2684 Ux=1.5616 Uy=0.5854]  vol[p=83.0039 Ux=3.8095 Uy=1.3309]
    val_re_rand                loss=2.0699  surf[p=101.3376 Ux=1.8857 Uy=0.7622]  vol[p=99.2382 Ux=4.3310 Uy=1.9733]
  ep26 step 100/375 loss=3.0570 vol=0.4213 surf=0.2636 lr=9.98e-04
  ep26 step 200/375 loss=2.3644 vol=0.4740 surf=0.1890 lr=9.98e-04
  ep26 step 300/375 loss=1.0390 vol=0.1847 surf=0.0854 lr=9.98e-04
Epoch  26 (131s) [42.1GB]  train[vol=0.4218 surf=0.2531]  val_avg_surf_p=128.7370
    val_single_in_dist         loss=5.0614  surf[p=149.7384 Ux=1.9479 Uy=0.9775]  vol[p=161.4677 Ux=5.3027 Uy=2.4001]
    val_geom_camber_rc         loss=3.9752  surf[p=149.3400 Ux=2.7571 Uy=1.0581]  vol[p=149.8247 Ux=5.6982 Uy=3.0012]
    val_geom_camber_cruise     loss=1.2985  surf[p=99.0215 Ux=1.5580 Uy=0.6693]  vol[p=111.6806 Ux=4.1251 Uy=1.5045]
    val_re_rand                loss=2.3922  surf[p=116.8482 Ux=2.1635 Uy=0.8390]  vol[p=122.9781 Ux=4.9544 Uy=2.1385]
  ep27 step 100/375 loss=0.6828 vol=0.1312 surf=0.0552 lr=9.98e-04
  ep27 step 200/375 loss=0.6433 vol=0.1686 surf=0.0475 lr=9.98e-04
  ep27 step 300/375 loss=1.1939 vol=0.2236 surf=0.0970 lr=9.98e-04
Epoch  27 (132s) [42.1GB]  train[vol=0.3200 surf=0.1674]  val_avg_surf_p=116.8259
    val_single_in_dist         loss=4.1438  surf[p=149.6373 Ux=1.9003 Uy=0.7865]  vol[p=139.1493 Ux=5.0252 Uy=2.0532]
    val_geom_camber_rc         loss=3.0827  surf[p=132.3837 Ux=2.2382 Uy=1.0302]  vol[p=124.2689 Ux=5.2133 Uy=2.7301]
    val_geom_camber_cruise     loss=0.9288  surf[p=77.8162 Ux=1.0547 Uy=0.5905]  vol[p=79.9506 Ux=3.3902 Uy=1.2862]
    val_re_rand                loss=2.2950  surf[p=107.4662 Ux=1.7398 Uy=0.7860]  vol[p=104.5249 Ux=4.3717 Uy=1.9382]
  ep28 step 100/375 loss=3.5548 vol=0.4156 surf=0.3139 lr=9.98e-04
  ep28 step 200/375 loss=4.3223 vol=0.6503 surf=0.3672 lr=9.98e-04
  ep28 step 300/375 loss=2.1401 vol=0.3773 surf=0.1763 lr=9.98e-04
Epoch  28 (131s) [42.1GB]  train[vol=0.3189 surf=0.1705]  val_avg_surf_p=120.3801
    val_single_in_dist         loss=3.7878  surf[p=156.8050 Ux=1.9162 Uy=0.7767]  vol[p=150.2576 Ux=4.7092 Uy=2.0768]
    val_geom_camber_rc         loss=2.9033  surf[p=131.4921 Ux=2.4165 Uy=0.9942]  vol[p=126.8337 Ux=5.3993 Uy=2.8969]
    val_geom_camber_cruise     loss=1.0045  surf[p=85.9345 Ux=1.0406 Uy=0.5366]  vol[p=85.5580 Ux=3.5661 Uy=1.3357]
    val_re_rand                loss=2.0723  surf[p=107.2890 Ux=1.7233 Uy=0.7376]  vol[p=106.8990 Ux=4.3193 Uy=2.0018]
Timeout (60.0 min). Stopping.

Training done in 61.5 min

Best val: epoch 25, val_avg/mae_surf_p = 107.5523

Evaluating on held-out test splits...
Test: test_single_in_dist: 200, test_geom_camber_rc: 200, test_geom_camber_cruise: 200, test_re_rand: 200

  TEST  avg_surf_p=nan
    test_single_in_dist        loss=3.4007  surf[p=109.8356 Ux=2.1514 Uy=0.7046]  vol[p=108.9960 Ux=4.9977 Uy=1.8902]
    test_geom_camber_rc        loss=2.3470  surf[p=113.3372 Ux=2.3965 Uy=0.9108]  vol[p=109.4633 Ux=5.1450 Uy=2.6673]
    test_geom_camber_cruise    loss=nan  surf[p=nan Ux=1.4890 Uy=0.5519]  vol[p=nan Ux=3.5523 Uy=1.2309]
    test_re_rand               loss=1.5498  surf[p=95.5854 Ux=1.8629 Uy=0.7222]  vol[p=95.7426 Ux=4.2934 Uy=1.8431]

Logged model artifact 'model-mlintern-pai2-72h-v4-r2-r1-lr1e-3-i0l4tque' (aliases: best, epoch-25)
wandb: uploading artifact model-mlintern-pai2-72h-v4-r2-r1-lr1e-3-i0l4tque; updating run metadata
wandb: uploading artifact model-mlintern-pai2-72h-v4-r2-r1-lr1e-3-i0l4tque
wandb: uploading output.log; uploading wandb-summary.json; uploading config.yaml
wandb: 
wandb: Run history:
wandb:                             epoch_time_s ▇▇▂▃▅▄▆▃▅█▃▂▁▃▅▆▄▄▄▅▇▅▅▅▅▄▅▃
wandb:                              global_step ▁▁▁▁▁▂▂▂▂▂▂▃▃▃▃▃▄▄▄▄▅▅▅▅▅▅▆▆▆▆▇▇▇▇▇▇████
wandb:                                       lr ███████▇▇▇▇▇▆▆▆▆▅▅▅▄▄▄▃▃▂▂▁▁
wandb: test/test_geom_camber_cruise/mae_surf_Ux ▁
wandb: test/test_geom_camber_cruise/mae_surf_Uy ▁
wandb:  test/test_geom_camber_cruise/mae_vol_Ux ▁
wandb:  test/test_geom_camber_cruise/mae_vol_Uy ▁
wandb:            test/test_geom_camber_rc/loss ▁
wandb:     test/test_geom_camber_rc/mae_surf_Ux ▁
wandb:     test/test_geom_camber_rc/mae_surf_Uy ▁
wandb:                                      +81 ...
wandb: 
wandb: Run summary:
wandb:                               best_epoch 25
wandb:                  best_val_avg/mae_surf_p 107.55231
wandb:                             epoch_time_s 130.69101
wandb:                              global_step 10500
wandb:                                       lr 0.001
wandb: test/test_geom_camber_cruise/mae_surf_Ux 1.48899
wandb: test/test_geom_camber_cruise/mae_surf_Uy 0.55195
wandb:  test/test_geom_camber_cruise/mae_vol_Ux 3.55228
wandb:  test/test_geom_camber_cruise/mae_vol_Uy 1.23089
wandb:    test/test_geom_camber_cruise/vol_loss inf
wandb:                                      +78 ...
wandb: 
wandb: 🚀 View run mlintern-pai2-72h-v4-r2/r1-lr1e-3 at: https://wandb.ai/wandb-applied-ai-team/senpai-v1-ml-intern/runs/i0l4tque
wandb: ⭐️ View project at: https://wandb.ai/wandb-applied-ai-team/senpai-v1-ml-intern
wandb: Synced 7 W&B file(s), 0 media file(s), 3 artifact file(s) and 0 other file(s)
wandb: Find logs at: ./wandb/run-20260430_102510-i0l4tque/logs
