Device: cuda
Train: 1499, val_single_in_dist: 100, val_geom_camber_rc: 100, val_geom_camber_cruise: 100, val_re_rand: 100
Model: Transolver (3.94M params)
wandb: [wandb.login()] Loaded credentials for https://api.wandb.ai from WANDB_API_KEY.
wandb: W&B API key is configured. Use `wandb login --relogin` to force relogin
wandb: Tracking run with wandb version 0.26.1
wandb: Run data is saved locally in /workspace/ml-intern-benchmark/target/wandb/run-20260430_102801-3xdyh4px
wandb: Run `wandb offline` to turn off syncing.
wandb: Syncing run mlintern-pai2-72h-v4-r2/r1b-scale-lrsa-h256-l8-h8-m64-bs2
wandb: ⭐️ View project at https://wandb.ai/wandb-applied-ai-team/senpai-v1-ml-intern
wandb: 🚀 View run at https://wandb.ai/wandb-applied-ai-team/senpai-v1-ml-intern/runs/3xdyh4px
  ep1 step 100/750 loss=8.5613 vol=1.6105 surf=0.6951 lr=5.00e-04
  ep1 step 200/750 loss=3.1137 vol=1.0128 surf=0.2101 lr=5.00e-04
  ep1 step 300/750 loss=2.6401 vol=0.6746 surf=0.1966 lr=5.00e-04
  ep1 step 400/750 loss=11.1503 vol=2.0792 surf=0.9071 lr=5.00e-04
  ep1 step 500/750 loss=19.4014 vol=2.8380 surf=1.6563 lr=5.00e-04
  ep1 step 600/750 loss=62.7403 vol=6.1833 surf=5.6557 lr=5.00e-04
  ep1 step 700/750 loss=3.5441 vol=0.9098 surf=0.2634 lr=5.00e-04
Epoch   1 (399s) [64.4GB]  train[vol=2.1414 surf=1.1426]  val_avg_surf_p=236.8908 *
    val_single_in_dist         loss=16.0608  surf[p=284.9463 Ux=3.2586 Uy=1.4423]  vol[p=304.3297 Ux=12.1766 Uy=3.7079]
    val_geom_camber_rc         loss=9.2718  surf[p=243.9547 Ux=5.6001 Uy=1.9174]  vol[p=253.7413 Ux=12.0632 Uy=4.3155]
    val_geom_camber_cruise     loss=5.1493  surf[p=211.1804 Ux=3.0440 Uy=1.2855]  vol[p=198.5857 Ux=9.4928 Uy=3.1551]
    val_re_rand                loss=6.3508  surf[p=207.4818 Ux=4.3971 Uy=1.4870]  vol[p=206.8182 Ux=10.7135 Uy=3.4885]
  ep2 step 100/750 loss=4.1173 vol=0.8700 surf=0.3247 lr=5.00e-04
  ep2 step 200/750 loss=1.3269 vol=0.3235 surf=0.1003 lr=5.00e-04
  ep2 step 300/750 loss=3.9273 vol=0.9513 surf=0.2976 lr=5.00e-04
  ep2 step 400/750 loss=2.5277 vol=0.4681 surf=0.2060 lr=5.00e-04
  ep2 step 500/750 loss=9.0688 vol=1.3593 surf=0.7710 lr=5.00e-04
  ep2 step 600/750 loss=1.8041 vol=0.3644 surf=0.1440 lr=5.00e-04
  ep2 step 700/750 loss=0.1897 vol=0.0512 surf=0.0139 lr=5.00e-04
Epoch   2 (389s) [64.4GB]  train[vol=1.2166 surf=0.6917]  val_avg_surf_p=260.6282
    val_single_in_dist         loss=16.6213  surf[p=287.1800 Ux=4.9899 Uy=1.7237]  vol[p=285.8650 Ux=10.3318 Uy=3.5908]
    val_geom_camber_rc         loss=8.2698  surf[p=260.4875 Ux=4.8852 Uy=1.8453]  vol[p=285.4899 Ux=9.5882 Uy=4.2439]
    val_geom_camber_cruise     loss=5.3755  surf[p=257.6669 Ux=3.0136 Uy=1.6114]  vol[p=207.5211 Ux=6.7879 Uy=3.1124]
    val_re_rand                loss=5.9589  surf[p=237.1783 Ux=3.8736 Uy=1.6435]  vol[p=227.5634 Ux=8.0723 Uy=3.4114]
  ep3 step 100/750 loss=4.2302 vol=0.5851 surf=0.3645 lr=5.00e-04
  ep3 step 200/750 loss=110.9977 vol=11.5881 surf=9.9410 lr=5.00e-04
  ep3 step 300/750 loss=3.9241 vol=0.5010 surf=0.3423 lr=5.00e-04
  ep3 step 400/750 loss=4.1852 vol=0.5006 surf=0.3685 lr=5.00e-04
  ep3 step 500/750 loss=3.4682 vol=0.6635 surf=0.2805 lr=5.00e-04
  ep3 step 600/750 loss=1.2566 vol=0.2383 surf=0.1018 lr=5.00e-04
  ep3 step 700/750 loss=20.2772 vol=3.0928 surf=1.7184 lr=5.00e-04
Epoch   3 (396s) [64.4GB]  train[vol=0.9304 surf=0.5995]  val_avg_surf_p=191.0649 *
    val_single_in_dist         loss=9.5291  surf[p=224.7454 Ux=2.3923 Uy=1.2276]  vol[p=232.5833 Ux=7.0841 Uy=3.0994]
    val_geom_camber_rc         loss=6.0104  surf[p=209.1444 Ux=3.6896 Uy=1.4292]  vol[p=212.2713 Ux=7.5054 Uy=3.7465]
    val_geom_camber_cruise     loss=2.6692  surf[p=154.1174 Ux=1.6922 Uy=0.9599]  vol[p=137.6776 Ux=4.5203 Uy=2.2658]
    val_re_rand                loss=4.4806  surf[p=176.2524 Ux=2.7361 Uy=1.1838]  vol[p=166.9807 Ux=5.8237 Uy=2.8544]
  ep4 step 100/750 loss=64.2415 vol=5.9549 surf=5.8287 lr=5.00e-04
  ep4 step 200/750 loss=4.3075 vol=0.7609 surf=0.3547 lr=5.00e-04
  ep4 step 300/750 loss=1.6731 vol=0.4075 surf=0.1266 lr=5.00e-04
  ep4 step 400/750 loss=1.9672 vol=0.3736 surf=0.1594 lr=5.00e-04
  ep4 step 500/750 loss=2.7668 vol=0.3903 surf=0.2377 lr=5.00e-04
  ep4 step 600/750 loss=1.9462 vol=0.3104 surf=0.1636 lr=5.00e-04
  ep4 step 700/750 loss=8.6225 vol=1.2812 surf=0.7341 lr=5.00e-04
Epoch   4 (394s) [64.4GB]  train[vol=1.0075 surf=0.6413]  val_avg_surf_p=196.9023
    val_single_in_dist         loss=12.8806  surf[p=281.9811 Ux=4.0171 Uy=1.3329]  vol[p=267.5472 Ux=7.7157 Uy=3.7081]
    val_geom_camber_rc         loss=6.7426  surf[p=202.7316 Ux=4.7030 Uy=1.5613]  vol[p=209.5475 Ux=7.5861 Uy=4.1965]
    val_geom_camber_cruise     loss=2.8760  surf[p=136.8674 Ux=3.5192 Uy=0.9969]  vol[p=147.1675 Ux=6.3534 Uy=2.2299]
    val_re_rand                loss=4.7908  surf[p=166.0291 Ux=4.0677 Uy=1.2276]  vol[p=172.4507 Ux=7.1664 Uy=2.9943]
  ep5 step 100/750 loss=3.5213 vol=0.4756 surf=0.3046 lr=5.00e-04
  ep5 step 200/750 loss=6.4021 vol=0.8227 surf=0.5579 lr=5.00e-04
  ep5 step 300/750 loss=1.6011 vol=0.3120 surf=0.1289 lr=5.00e-04
  ep5 step 400/750 loss=57.3205 vol=3.9685 surf=5.3352 lr=5.00e-04
  ep5 step 500/750 loss=3.6555 vol=0.5120 surf=0.3144 lr=5.00e-04
  ep5 step 600/750 loss=8.3101 vol=0.8936 surf=0.7416 lr=5.00e-04
  ep5 step 700/750 loss=0.1171 vol=0.0356 surf=0.0081 lr=5.00e-04
Epoch   5 (399s) [64.4GB]  train[vol=0.7265 surf=0.4687]  val_avg_surf_p=173.3970 *
    val_single_in_dist         loss=10.8338  surf[p=223.7423 Ux=2.5357 Uy=1.2370]  vol[p=237.4553 Ux=7.2863 Uy=2.8681]
    val_geom_camber_rc         loss=6.0724  surf[p=185.8753 Ux=4.0379 Uy=1.5777]  vol[p=202.4198 Ux=7.7039 Uy=3.5294]
    val_geom_camber_cruise     loss=2.2754  surf[p=133.1042 Ux=2.0731 Uy=0.9959]  vol[p=132.7552 Ux=4.9211 Uy=2.1765]
    val_re_rand                loss=3.8113  surf[p=150.8662 Ux=2.9933 Uy=1.2233]  vol[p=152.6031 Ux=6.2585 Uy=2.6669]
  ep6 step 100/750 loss=0.5533 vol=0.1337 surf=0.0420 lr=5.00e-04
  ep6 step 200/750 loss=1.8303 vol=0.3045 surf=0.1526 lr=5.00e-04
  ep6 step 300/750 loss=3.8717 vol=0.4938 surf=0.3378 lr=5.00e-04
  ep6 step 400/750 loss=4.2721 vol=0.6182 surf=0.3654 lr=5.00e-04
  ep6 step 500/750 loss=3.2199 vol=0.6397 surf=0.2580 lr=5.00e-04
  ep6 step 600/750 loss=5.8672 vol=0.8326 surf=0.5035 lr=5.00e-04
  ep6 step 700/750 loss=0.9812 vol=0.2642 surf=0.0717 lr=5.00e-04
Epoch   6 (391s) [64.4GB]  train[vol=0.5969 surf=0.3791]  val_avg_surf_p=164.6115 *
    val_single_in_dist         loss=8.6585  surf[p=206.5753 Ux=2.5106 Uy=1.0894]  vol[p=209.5198 Ux=6.2166 Uy=2.7801]
    val_geom_camber_rc         loss=5.4628  surf[p=175.2523 Ux=3.6261 Uy=1.4532]  vol[p=171.3498 Ux=6.5741 Uy=3.4137]
    val_geom_camber_cruise     loss=2.1886  surf[p=132.3815 Ux=2.2688 Uy=0.8334]  vol[p=127.8467 Ux=4.7794 Uy=1.7673]
    val_re_rand                loss=3.5461  surf[p=144.2369 Ux=3.1046 Uy=1.0842]  vol[p=138.5495 Ux=6.0022 Uy=2.4340]
  ep7 step 100/750 loss=3.7293 vol=0.5674 surf=0.3162 lr=5.00e-04
  ep7 step 200/750 loss=2.1028 vol=0.4339 surf=0.1669 lr=5.00e-04
  ep7 step 300/750 loss=2.9791 vol=0.5032 surf=0.2476 lr=5.00e-04
  ep7 step 400/750 loss=13.1305 vol=1.3776 surf=1.1753 lr=5.00e-04
  ep7 step 500/750 loss=1.2716 vol=0.1955 surf=0.1076 lr=5.00e-04
  ep7 step 600/750 loss=3.2394 vol=0.6564 surf=0.2583 lr=5.00e-04
  ep7 step 700/750 loss=1.7100 vol=0.3078 surf=0.1402 lr=5.00e-04
Epoch   7 (394s) [64.4GB]  train[vol=0.5819 surf=0.3549]  val_avg_surf_p=179.8433
    val_single_in_dist         loss=8.4678  surf[p=237.2658 Ux=4.3783 Uy=0.9905]  vol[p=204.8635 Ux=8.0577 Uy=2.6297]
    val_geom_camber_rc         loss=5.9469  surf[p=207.7212 Ux=4.9425 Uy=1.4051]  vol[p=178.7388 Ux=7.7952 Uy=3.3804]
    val_geom_camber_cruise     loss=2.2329  surf[p=120.6095 Ux=3.1177 Uy=0.7854]  vol[p=118.3598 Ux=5.5091 Uy=1.9828]
    val_re_rand                loss=3.7293  surf[p=153.7767 Ux=3.6839 Uy=1.0465]  vol[p=138.6555 Ux=6.2866 Uy=2.4996]
  ep8 step 100/750 loss=1.5160 vol=0.2674 surf=0.1249 lr=5.00e-04
  ep8 step 200/750 loss=21.8632 vol=2.2887 surf=1.9575 lr=5.00e-04
  ep8 step 300/750 loss=5.4272 vol=0.9837 surf=0.4443 lr=5.00e-04
  ep8 step 400/750 loss=2.5062 vol=0.5271 surf=0.1979 lr=5.00e-04
  ep8 step 500/750 loss=1.4980 vol=0.2991 surf=0.1199 lr=5.00e-04
  ep8 step 600/750 loss=2.9885 vol=0.4131 surf=0.2575 lr=5.00e-04
  ep8 step 700/750 loss=9.4266 vol=0.9969 surf=0.8430 lr=5.00e-04
Epoch   8 (392s) [64.4GB]  train[vol=0.8034 surf=0.5176]  val_avg_surf_p=166.9778
    val_single_in_dist         loss=8.8182  surf[p=220.5104 Ux=2.9698 Uy=1.1591]  vol[p=213.3550 Ux=7.5295 Uy=2.7440]
    val_geom_camber_rc         loss=5.0985  surf[p=167.1298 Ux=3.6682 Uy=1.3932]  vol[p=163.8384 Ux=7.7683 Uy=3.3398]
    val_geom_camber_cruise     loss=2.3712  surf[p=132.2890 Ux=2.8725 Uy=0.8838]  vol[p=133.7724 Ux=5.4380 Uy=1.8724]
    val_re_rand                loss=3.8047  surf[p=147.9818 Ux=3.3160 Uy=1.1160]  vol[p=141.1671 Ux=6.5724 Uy=2.4729]
  ep9 step 100/750 loss=1.9378 vol=0.3193 surf=0.1619 lr=5.00e-04
  ep9 step 200/750 loss=0.4622 vol=0.1186 surf=0.0344 lr=5.00e-04
  ep9 step 300/750 loss=2.4100 vol=0.3485 surf=0.2061 lr=5.00e-04
  ep9 step 400/750 loss=2.0447 vol=0.3539 surf=0.1691 lr=5.00e-04
  ep9 step 500/750 loss=2.7098 vol=0.4328 surf=0.2277 lr=5.00e-04
  ep9 step 600/750 loss=1.5552 vol=0.2833 surf=0.1272 lr=5.00e-04
  ep9 step 700/750 loss=5.9422 vol=0.9035 surf=0.5039 lr=5.00e-04
Epoch   9 (390s) [64.4GB]  train[vol=0.5410 surf=0.3285]  val_avg_surf_p=222.4135
    val_single_in_dist         loss=9.8432  surf[p=246.6010 Ux=3.5824 Uy=1.5663]  vol[p=268.6509 Ux=7.8769 Uy=3.6599]
    val_geom_camber_rc         loss=8.1078  surf[p=278.5066 Ux=5.1066 Uy=1.4745]  vol[p=279.1191 Ux=9.3162 Uy=3.8859]
    val_geom_camber_cruise     loss=3.1998  surf[p=171.1054 Ux=2.3511 Uy=1.1294]  vol[p=175.3526 Ux=5.1954 Uy=2.4812]
    val_re_rand                loss=4.9422  surf[p=193.4410 Ux=3.5192 Uy=1.2865]  vol[p=194.7435 Ux=6.8554 Uy=3.0403]
  ep10 step 100/750 loss=3.7364 vol=0.5914 surf=0.3145 lr=5.00e-04
  ep10 step 200/750 loss=2.7720 vol=0.3651 surf=0.2407 lr=5.00e-04
  ep10 step 300/750 loss=1.5721 vol=0.3392 surf=0.1233 lr=5.00e-04
  ep10 step 400/750 loss=3.1289 vol=0.5291 surf=0.2600 lr=5.00e-04
  ep10 step 500/750 loss=1.8134 vol=0.3913 surf=0.1422 lr=5.00e-04
  ep10 step 600/750 loss=1.6574 vol=0.3512 surf=0.1306 lr=5.00e-04
  ep10 step 700/750 loss=5.1300 vol=0.4877 surf=0.4642 lr=5.00e-04
Epoch  10 (391s) [64.4GB]  train[vol=0.4979 surf=0.3036]  val_avg_surf_p=127.8536 *
    val_single_in_dist         loss=4.5139  surf[p=147.5895 Ux=2.3727 Uy=0.8683]  vol[p=151.2396 Ux=5.8830 Uy=2.3590]
    val_geom_camber_rc         loss=3.7511  surf[p=135.9101 Ux=2.8359 Uy=1.1173]  vol[p=144.4815 Ux=5.9326 Uy=3.0407]
    val_geom_camber_cruise     loss=1.5688  surf[p=107.3869 Ux=2.2370 Uy=0.6617]  vol[p=108.6164 Ux=4.7018 Uy=1.6080]
    val_re_rand                loss=2.6573  surf[p=120.5281 Ux=2.4753 Uy=0.9094]  vol[p=119.9536 Ux=5.2543 Uy=2.1516]
Timeout (60.0 min). Stopping.

Training done in 65.6 min

Best val: epoch 10, val_avg/mae_surf_p = 127.8536

Evaluating on held-out test splits...
Test: test_single_in_dist: 200, test_geom_camber_rc: 200, test_geom_camber_cruise: 200, test_re_rand: 200

  TEST  avg_surf_p=nan
    test_single_in_dist        loss=5.1847  surf[p=131.3032 Ux=2.2658 Uy=0.8356]  vol[p=141.6752 Ux=5.4445 Uy=2.1887]
    test_geom_camber_rc        loss=2.8371  surf[p=127.6411 Ux=2.7257 Uy=1.0504]  vol[p=133.2517 Ux=5.7510 Uy=2.8821]
    test_geom_camber_cruise    loss=nan  surf[p=nan Ux=2.1053 Uy=0.6067]  vol[p=nan Ux=4.3477 Uy=1.4624]
    test_re_rand               loss=2.2496  surf[p=119.2293 Ux=2.4252 Uy=0.8799]  vol[p=121.0297 Ux=5.1172 Uy=2.1060]

Logged model artifact 'model-mlintern-pai2-72h-v4-r2-r1b-scale-lrsa-h256-l8-h8-m64-bs2-3xdyh4px' (aliases: best, epoch-10)
wandb: uploading artifact model-mlintern-pai2-72h-v4-r2-r1b-scale-lrsa-h256-l8-h8-m64-bs2-3xdyh4px; updating run metadata
wandb: uploading artifact model-mlintern-pai2-72h-v4-r2-r1b-scale-lrsa-h256-l8-h8-m64-bs2-3xdyh4px
wandb: uploading history steps 7510-7510, summary, console lines 128-135
wandb: 
wandb: Run history:
wandb:                             epoch_time_s █▁▆▄█▂▅▃▂▂
wandb:                              global_step ▁▁▁▂▂▂▃▃▃▃▄▄▄▄▄▄▄▅▅▅▅▅▆▆▆▆▆▆▆▆▆▆▇▇▇█████
wandb:                                       lr ██▇▇▆▆▅▄▂▁
wandb: test/test_geom_camber_cruise/mae_surf_Ux ▁
wandb: test/test_geom_camber_cruise/mae_surf_Uy ▁
wandb:  test/test_geom_camber_cruise/mae_vol_Ux ▁
wandb:  test/test_geom_camber_cruise/mae_vol_Uy ▁
wandb:            test/test_geom_camber_rc/loss ▁
wandb:     test/test_geom_camber_rc/mae_surf_Ux ▁
wandb:     test/test_geom_camber_rc/mae_surf_Uy ▁
wandb:                                      +81 ...
wandb: 
wandb: Run summary:
wandb:                               best_epoch 10
wandb:                  best_val_avg/mae_surf_p 127.85363
wandb:                             epoch_time_s 391.01175
wandb:                              global_step 7500
wandb:                                       lr 0.0005
wandb: test/test_geom_camber_cruise/mae_surf_Ux 2.10535
wandb: test/test_geom_camber_cruise/mae_surf_Uy 0.60669
wandb:  test/test_geom_camber_cruise/mae_vol_Ux 4.34769
wandb:  test/test_geom_camber_cruise/mae_vol_Uy 1.4624
wandb:    test/test_geom_camber_cruise/vol_loss inf
wandb:                                      +78 ...
wandb: 
wandb: 🚀 View run mlintern-pai2-72h-v4-r2/r1b-scale-lrsa-h256-l8-h8-m64-bs2 at: https://wandb.ai/wandb-applied-ai-team/senpai-v1-ml-intern/runs/3xdyh4px
wandb: ⭐️ View project at: https://wandb.ai/wandb-applied-ai-team/senpai-v1-ml-intern
wandb: Synced 7 W&B file(s), 0 media file(s), 3 artifact file(s) and 0 other file(s)
wandb: Find logs at: ./wandb/run-20260430_102801-3xdyh4px/logs
