Seeded with 1
Device: cuda
Train: 1499, val_single_in_dist: 100, val_geom_camber_rc: 100, val_geom_camber_cruise: 100, val_re_rand: 100
Model: Transolver (0.66M params)
wandb: [wandb.login()] Loaded credentials for https://api.wandb.ai from WANDB_API_KEY.
wandb: W&B API key is configured. Use `wandb login --relogin` to force relogin
wandb: Tracking run with wandb version 0.26.1
wandb: Run data is saved locally in /workspace/ml-intern-benchmark/target/wandb/run-20260430_131355-01xc2wqp
wandb: Run `wandb offline` to turn off syncing.
wandb: Syncing run mlintern-pai2-72h-v4-r2/r3-recipe-180m-s1
wandb: ⭐️ View project at https://wandb.ai/wandb-applied-ai-team/senpai-v1-ml-intern
wandb: 🚀 View run at https://wandb.ai/wandb-applied-ai-team/senpai-v1-ml-intern/runs/01xc2wqp
  ep1 step 100/375 loss=2.7710 vol=1.5949 surf=1.1761 lr=3.00e-04
  ep1 step 200/375 loss=1.2449 vol=0.7577 surf=0.4872 lr=3.00e-04
  ep1 step 300/375 loss=1.0572 vol=0.6457 surf=0.4115 lr=3.00e-04
Epoch   1 (133s) [41.7GB]  train[vol=1.2305 surf=0.9132]  val_avg_surf_p=206.7218 *
    val_single_in_dist         loss=2.5751  surf[p=260.3792 Ux=3.9279 Uy=1.5456]  vol[p=232.0806 Ux=7.1532 Uy=3.1969]
    val_geom_camber_rc         loss=1.7113  surf[p=242.5338 Ux=6.2767 Uy=1.9336]  vol[p=203.9260 Ux=7.9183 Uy=3.5458]
    val_geom_camber_cruise     loss=0.6560  surf[p=154.0495 Ux=4.0216 Uy=1.0386]  vol[p=123.6665 Ux=5.6206 Uy=2.0598]
    val_re_rand                loss=0.9954  surf[p=169.9246 Ux=4.6273 Uy=1.3793]  vol[p=143.4397 Ux=6.2987 Uy=2.5912]
  ep2 step 100/375 loss=0.7390 vol=0.4565 surf=0.2825 lr=3.00e-04
  ep2 step 200/375 loss=2.2440 vol=1.2579 surf=0.9861 lr=3.00e-04
  ep2 step 300/375 loss=2.1938 vol=0.9672 surf=1.2266 lr=3.00e-04
Epoch   2 (133s) [41.7GB]  train[vol=0.7561 surf=0.5991]  val_avg_surf_p=228.0653
    val_single_in_dist         loss=2.4621  surf[p=299.9755 Ux=3.2057 Uy=1.2885]  vol[p=264.2434 Ux=6.5489 Uy=2.7848]
    val_geom_camber_rc         loss=1.6182  surf[p=264.7773 Ux=4.2244 Uy=1.5788]  vol[p=230.4373 Ux=6.8070 Uy=3.3410]
    val_geom_camber_cruise     loss=0.5591  surf[p=153.0937 Ux=2.7907 Uy=0.9777]  vol[p=122.1800 Ux=5.3939 Uy=1.8481]
    val_re_rand                loss=1.0741  surf[p=194.4146 Ux=3.3913 Uy=1.2270]  vol[p=162.8075 Ux=6.0207 Uy=2.5430]
  ep3 step 100/375 loss=0.8194 vol=0.5199 surf=0.2995 lr=3.00e-04
  ep3 step 200/375 loss=1.0833 vol=0.4418 surf=0.6416 lr=3.00e-04
  ep3 step 300/375 loss=1.9153 vol=1.1223 surf=0.7930 lr=3.00e-04
Epoch   3 (132s) [42.1GB]  train[vol=0.6421 surf=0.5010]  val_avg_surf_p=210.8380
    val_single_in_dist         loss=2.3256  surf[p=283.5142 Ux=2.6269 Uy=1.2019]  vol[p=242.9060 Ux=5.9428 Uy=2.5742]
    val_geom_camber_rc         loss=1.4953  surf[p=240.9532 Ux=4.2234 Uy=1.5137]  vol[p=195.3851 Ux=6.6886 Uy=3.1480]
    val_geom_camber_cruise     loss=0.5405  surf[p=150.2636 Ux=2.4416 Uy=0.9344]  vol[p=120.9686 Ux=4.8049 Uy=1.7531]
    val_re_rand                loss=0.8890  surf[p=168.6212 Ux=3.1008 Uy=1.1313]  vol[p=139.6130 Ux=5.4846 Uy=2.3261]
  ep4 step 100/375 loss=0.8067 vol=0.4894 surf=0.3174 lr=3.00e-04
  ep4 step 200/375 loss=0.7259 vol=0.3861 surf=0.3398 lr=3.00e-04
  ep4 step 300/375 loss=0.9025 vol=0.4550 surf=0.4475 lr=3.00e-04
Epoch   4 (131s) [42.1GB]  train[vol=0.5836 surf=0.4603]  val_avg_surf_p=200.2579 *
    val_single_in_dist         loss=1.8613  surf[p=256.7212 Ux=2.7660 Uy=1.1501]  vol[p=208.3432 Ux=6.6536 Uy=2.7724]
    val_geom_camber_rc         loss=1.4186  surf[p=231.5247 Ux=4.0399 Uy=1.3884]  vol[p=198.6431 Ux=6.7941 Uy=3.2648]
    val_geom_camber_cruise     loss=0.4601  surf[p=137.1937 Ux=2.3036 Uy=0.8099]  vol[p=101.3842 Ux=4.5648 Uy=1.7452]
    val_re_rand                loss=0.8983  surf[p=175.5921 Ux=2.9018 Uy=1.0556]  vol[p=143.4594 Ux=5.3214 Uy=2.4216]
  ep5 step 100/375 loss=0.8971 vol=0.5621 surf=0.3350 lr=3.00e-04
  ep5 step 200/375 loss=0.3859 vol=0.2452 surf=0.1408 lr=3.00e-04
  ep5 step 300/375 loss=0.2423 vol=0.1576 surf=0.0847 lr=3.00e-04
Epoch   5 (133s) [42.1GB]  train[vol=0.6274 surf=0.5138]  val_avg_surf_p=185.3321 *
    val_single_in_dist         loss=2.1896  surf[p=244.0515 Ux=2.2819 Uy=1.2051]  vol[p=217.6452 Ux=5.4839 Uy=2.4898]
    val_geom_camber_rc         loss=1.2849  surf[p=209.9501 Ux=3.7901 Uy=1.3747]  vol[p=192.7827 Ux=6.5932 Uy=3.0677]
    val_geom_camber_cruise     loss=0.4324  surf[p=127.8653 Ux=2.4085 Uy=0.7964]  vol[p=103.9510 Ux=4.7163 Uy=1.5211]
    val_re_rand                loss=0.8531  surf[p=159.4614 Ux=3.1537 Uy=1.0783]  vol[p=137.1241 Ux=5.7837 Uy=2.1420]
  ep6 step 100/375 loss=1.1559 vol=0.6119 surf=0.5439 lr=3.00e-04
  ep6 step 200/375 loss=0.5218 vol=0.2186 surf=0.3033 lr=3.00e-04
  ep6 step 300/375 loss=0.8329 vol=0.4010 surf=0.4319 lr=3.00e-04
Epoch   6 (134s) [42.1GB]  train[vol=0.5438 surf=0.4338]  val_avg_surf_p=226.9542
    val_single_in_dist         loss=2.7063  surf[p=316.2757 Ux=3.3183 Uy=2.0351]  vol[p=311.1070 Ux=6.3160 Uy=3.9136]
    val_geom_camber_rc         loss=1.8464  surf[p=245.8198 Ux=4.5875 Uy=2.0726]  vol[p=275.0112 Ux=6.5895 Uy=4.2404]
    val_geom_camber_cruise     loss=0.6765  surf[p=157.2503 Ux=2.6246 Uy=1.0515]  vol[p=146.0410 Ux=4.6776 Uy=1.9410]
    val_re_rand                loss=1.2052  surf[p=188.4709 Ux=3.5802 Uy=1.5492]  vol[p=193.0759 Ux=5.5637 Uy=2.8938]
  ep7 step 100/375 loss=0.6775 vol=0.3210 surf=0.3565 lr=3.00e-04
  ep7 step 200/375 loss=0.5367 vol=0.3275 surf=0.2091 lr=3.00e-04
  ep7 step 300/375 loss=1.0693 vol=0.6075 surf=0.4619 lr=3.00e-04
Epoch   7 (131s) [42.1GB]  train[vol=0.5193 surf=0.3683]  val_avg_surf_p=147.3636 *
    val_single_in_dist         loss=1.3684  surf[p=182.7879 Ux=2.2219 Uy=0.9333]  vol[p=163.0375 Ux=5.2678 Uy=2.1856]
    val_geom_camber_rc         loss=1.1766  surf[p=177.3875 Ux=3.5472 Uy=1.2156]  vol[p=162.5689 Ux=6.3586 Uy=2.8685]
    val_geom_camber_cruise     loss=0.3027  surf[p=101.9068 Ux=1.7358 Uy=0.7007]  vol[p=78.9607 Ux=3.4925 Uy=1.3621]
    val_re_rand                loss=0.6799  surf[p=127.3721 Ux=2.4390 Uy=0.9317]  vol[p=109.0620 Ux=4.5076 Uy=1.9873]
  ep8 step 100/375 loss=0.5754 vol=0.3915 surf=0.1839 lr=3.00e-04
  ep8 step 200/375 loss=0.6403 vol=0.3779 surf=0.2623 lr=3.00e-04
  ep8 step 300/375 loss=0.2266 vol=0.1340 surf=0.0926 lr=3.00e-04
Epoch   8 (131s) [42.1GB]  train[vol=0.4766 surf=0.3629]  val_avg_surf_p=160.0260
    val_single_in_dist         loss=1.3172  surf[p=196.8027 Ux=2.4174 Uy=1.0319]  vol[p=174.7058 Ux=5.4044 Uy=2.3031]
    val_geom_camber_rc         loss=1.3627  surf[p=203.5013 Ux=4.7948 Uy=1.3425]  vol[p=173.4238 Ux=7.6178 Uy=2.9397]
    val_geom_camber_cruise     loss=0.3231  surf[p=109.4743 Ux=1.7346 Uy=0.7626]  vol[p=88.5828 Ux=3.6799 Uy=1.3895]
    val_re_rand                loss=0.6657  surf[p=130.3259 Ux=2.6473 Uy=0.9859]  vol[p=109.2431 Ux=4.7526 Uy=2.0179]
  ep9 step 100/375 loss=0.4826 vol=0.2993 surf=0.1833 lr=3.00e-04
  ep9 step 200/375 loss=0.6520 vol=0.3912 surf=0.2608 lr=3.00e-04
  ep9 step 300/375 loss=0.2039 vol=0.1359 surf=0.0680 lr=3.00e-04
Epoch   9 (133s) [42.1GB]  train[vol=0.4787 surf=0.3500]  val_avg_surf_p=200.3303
    val_single_in_dist         loss=2.3387  surf[p=228.5728 Ux=2.6354 Uy=1.1254]  vol[p=192.7718 Ux=5.8039 Uy=2.4686]
    val_geom_camber_rc         loss=1.4134  surf[p=226.0937 Ux=3.3673 Uy=1.3445]  vol[p=176.3771 Ux=6.3584 Uy=2.9683]
    val_geom_camber_cruise     loss=0.5214  surf[p=164.7696 Ux=2.2550 Uy=0.7315]  vol[p=121.1780 Ux=4.2736 Uy=1.5439]
    val_re_rand                loss=0.8265  surf[p=181.8850 Ux=2.6444 Uy=0.9385]  vol[p=136.4226 Ux=4.8045 Uy=2.0312]
  ep10 step 100/375 loss=0.9419 vol=0.5945 surf=0.3474 lr=3.00e-04
  ep10 step 200/375 loss=0.3452 vol=0.2169 surf=0.1283 lr=3.00e-04
  ep10 step 300/375 loss=0.4008 vol=0.2463 surf=0.1544 lr=3.00e-04
Epoch  10 (132s) [42.1GB]  train[vol=0.4080 surf=0.3139]  val_avg_surf_p=141.7621 *
    val_single_in_dist         loss=1.1708  surf[p=179.0350 Ux=2.2786 Uy=1.0471]  vol[p=165.6458 Ux=4.9548 Uy=2.1993]
    val_geom_camber_rc         loss=0.8404  surf[p=153.4719 Ux=3.3596 Uy=1.2265]  vol[p=142.5471 Ux=5.5423 Uy=2.6563]
    val_geom_camber_cruise     loss=0.3682  surf[p=105.4428 Ux=2.4237 Uy=0.7346]  vol[p=91.4840 Ux=4.3111 Uy=1.5017]
    val_re_rand                loss=0.6750  surf[p=129.0987 Ux=3.0731 Uy=1.0119]  vol[p=113.0694 Ux=4.9569 Uy=2.0933]
  ep11 step 100/375 loss=1.2726 vol=0.6798 surf=0.5928 lr=3.00e-04
  ep11 step 200/375 loss=0.4708 vol=0.2693 surf=0.2015 lr=3.00e-04
  ep11 step 300/375 loss=0.1008 vol=0.0757 surf=0.0251 lr=3.00e-04
Epoch  11 (132s) [42.1GB]  train[vol=0.4419 surf=0.3165]  val_avg_surf_p=129.9460 *
    val_single_in_dist         loss=1.0177  surf[p=155.4632 Ux=1.9311 Uy=1.0335]  vol[p=144.2837 Ux=4.7181 Uy=2.2164]
    val_geom_camber_rc         loss=0.8460  surf[p=147.7881 Ux=3.1394 Uy=1.1994]  vol[p=131.3508 Ux=5.6763 Uy=2.6412]
    val_geom_camber_cruise     loss=0.2763  surf[p=96.4492 Ux=1.2246 Uy=0.6625]  vol[p=77.8284 Ux=3.0340 Uy=1.2504]
    val_re_rand                loss=0.5620  surf[p=120.0833 Ux=2.0797 Uy=0.9192]  vol[p=101.9564 Ux=4.0294 Uy=1.8589]
  ep12 step 100/375 loss=0.4016 vol=0.2345 surf=0.1672 lr=3.00e-04
  ep12 step 200/375 loss=0.7533 vol=0.4587 surf=0.2947 lr=3.00e-04
  ep12 step 300/375 loss=0.2205 vol=0.1212 surf=0.0992 lr=3.00e-04
Epoch  12 (130s) [42.1GB]  train[vol=0.4933 surf=0.3818]  val_avg_surf_p=166.4608
    val_single_in_dist         loss=1.2527  surf[p=197.7772 Ux=3.3491 Uy=1.0307]  vol[p=169.2648 Ux=5.8587 Uy=2.1499]
    val_geom_camber_rc         loss=0.9950  surf[p=181.7185 Ux=3.4353 Uy=1.2941]  vol[p=163.7982 Ux=5.8675 Uy=2.7888]
    val_geom_camber_cruise     loss=0.4418  surf[p=133.6567 Ux=2.9916 Uy=0.6657]  vol[p=96.9818 Ux=4.5506 Uy=1.3868]
    val_re_rand                loss=0.7184  surf[p=152.6909 Ux=2.9745 Uy=0.9643]  vol[p=125.5608 Ux=4.8838 Uy=2.0499]
  ep13 step 100/375 loss=0.5400 vol=0.2529 surf=0.2871 lr=3.00e-04
  ep13 step 200/375 loss=0.2126 vol=0.1276 surf=0.0850 lr=3.00e-04
  ep13 step 300/375 loss=0.6147 vol=0.3463 surf=0.2684 lr=3.00e-04
Epoch  13 (131s) [42.1GB]  train[vol=0.3667 surf=0.2760]  val_avg_surf_p=133.0501
    val_single_in_dist         loss=0.9284  surf[p=150.2371 Ux=1.7173 Uy=0.9523]  vol[p=141.1155 Ux=4.6971 Uy=2.0891]
    val_geom_camber_rc         loss=0.8056  surf[p=141.2282 Ux=2.9246 Uy=1.1149]  vol[p=129.9451 Ux=5.6565 Uy=2.5205]
    val_geom_camber_cruise     loss=0.3374  surf[p=117.9892 Ux=1.4574 Uy=0.6917]  vol[p=99.6868 Ux=3.2850 Uy=1.3198]
    val_re_rand                loss=0.5575  surf[p=122.7460 Ux=2.1042 Uy=0.8918]  vol[p=107.9126 Ux=4.1728 Uy=1.8069]
  ep14 step 100/375 loss=0.5443 vol=0.3232 surf=0.2210 lr=3.00e-04
  ep14 step 200/375 loss=0.1823 vol=0.1146 surf=0.0676 lr=3.00e-04
  ep14 step 300/375 loss=1.4529 vol=0.9306 surf=0.5223 lr=3.00e-04
Epoch  14 (132s) [42.1GB]  train[vol=0.3545 surf=0.2604]  val_avg_surf_p=126.8448 *
    val_single_in_dist         loss=0.9623  surf[p=154.5912 Ux=1.8146 Uy=0.9071]  vol[p=151.3752 Ux=4.9386 Uy=1.9721]
    val_geom_camber_rc         loss=0.7269  surf[p=132.7572 Ux=2.7977 Uy=1.1245]  vol[p=126.3526 Ux=5.6270 Uy=2.5123]
    val_geom_camber_cruise     loss=0.2774  surf[p=102.6181 Ux=1.5056 Uy=0.6610]  vol[p=84.0443 Ux=3.2161 Uy=1.2434]
    val_re_rand                loss=0.5390  surf[p=117.4128 Ux=2.1290 Uy=0.8816]  vol[p=103.6001 Ux=4.2214 Uy=1.8242]
  ep15 step 100/375 loss=0.7069 vol=0.3365 surf=0.3704 lr=3.00e-04
  ep15 step 200/375 loss=0.1393 vol=0.0934 surf=0.0459 lr=3.00e-04
  ep15 step 300/375 loss=0.5797 vol=0.3052 surf=0.2745 lr=3.00e-04
Epoch  15 (131s) [42.1GB]  train[vol=0.3923 surf=0.2831]  val_avg_surf_p=122.9319 *
    val_single_in_dist         loss=0.8736  surf[p=143.3215 Ux=1.8445 Uy=0.8533]  vol[p=126.3753 Ux=5.0070 Uy=1.9857]
    val_geom_camber_rc         loss=0.7405  surf[p=133.2183 Ux=2.8891 Uy=1.0521]  vol[p=119.8847 Ux=5.5576 Uy=2.4854]
    val_geom_camber_cruise     loss=0.2618  surf[p=97.3290 Ux=1.4545 Uy=0.6338]  vol[p=73.6762 Ux=3.0043 Uy=1.2357]
    val_re_rand                loss=0.5549  surf[p=117.8589 Ux=2.1094 Uy=0.8171]  vol[p=95.5084 Ux=3.9337 Uy=1.7550]
  ep16 step 100/375 loss=0.0504 vol=0.0392 surf=0.0112 lr=3.00e-04
  ep16 step 200/375 loss=0.8271 vol=0.4698 surf=0.3573 lr=3.00e-04
  ep16 step 300/375 loss=0.1768 vol=0.1206 surf=0.0561 lr=3.00e-04
Epoch  16 (134s) [42.1GB]  train[vol=0.3002 surf=0.2295]  val_avg_surf_p=139.9396
    val_single_in_dist         loss=0.9098  surf[p=165.9918 Ux=1.6144 Uy=0.7644]  vol[p=139.1477 Ux=4.1046 Uy=1.7676]
    val_geom_camber_rc         loss=0.7977  surf[p=153.5959 Ux=2.6079 Uy=1.1466]  vol[p=136.2554 Ux=5.0162 Uy=2.6122]
    val_geom_camber_cruise     loss=0.2722  surf[p=107.9517 Ux=1.3764 Uy=0.6376]  vol[p=83.1689 Ux=3.1021 Uy=1.2071]
    val_re_rand                loss=0.5781  surf[p=132.2190 Ux=2.0220 Uy=0.8868]  vol[p=108.8621 Ux=3.9672 Uy=1.8153]
  ep17 step 100/375 loss=0.2911 vol=0.1818 surf=0.1094 lr=3.00e-04
  ep17 step 200/375 loss=0.7345 vol=0.4170 surf=0.3175 lr=3.00e-04
  ep17 step 300/375 loss=0.9036 vol=0.5255 surf=0.3781 lr=3.00e-04
Epoch  17 (132s) [42.1GB]  train[vol=0.4109 surf=0.3210]  val_avg_surf_p=113.2615 *
    val_single_in_dist         loss=0.8197  surf[p=133.1441 Ux=1.8728 Uy=0.7863]  vol[p=125.8030 Ux=4.1711 Uy=1.6875]
    val_geom_camber_rc         loss=0.6233  surf[p=123.5437 Ux=2.7170 Uy=1.0252]  vol[p=111.3169 Ux=5.1071 Uy=2.2650]
    val_geom_camber_cruise     loss=0.2594  surf[p=93.1317 Ux=1.3644 Uy=0.5918]  vol[p=75.6728 Ux=3.0198 Uy=1.2337]
    val_re_rand                loss=0.4679  surf[p=103.2266 Ux=1.9250 Uy=0.7930]  vol[p=89.1053 Ux=3.8144 Uy=1.6828]
  ep18 step 100/375 loss=0.2652 vol=0.1631 surf=0.1021 lr=3.00e-04
  ep18 step 200/375 loss=0.1427 vol=0.1122 surf=0.0304 lr=3.00e-04
  ep18 step 300/375 loss=0.2186 vol=0.1418 surf=0.0768 lr=3.00e-04
Epoch  18 (133s) [42.1GB]  train[vol=0.3174 surf=0.2362]  val_avg_surf_p=142.0485
    val_single_in_dist         loss=1.1332  surf[p=169.1779 Ux=2.3488 Uy=0.8806]  vol[p=156.3451 Ux=5.5360 Uy=2.1458]
    val_geom_camber_rc         loss=0.8322  surf[p=169.8923 Ux=3.1070 Uy=1.2365]  vol[p=147.6102 Ux=5.3295 Uy=2.7161]
    val_geom_camber_cruise     loss=0.2615  surf[p=95.3225 Ux=1.5457 Uy=0.6142]  vol[p=78.9259 Ux=3.2477 Uy=1.1976]
    val_re_rand                loss=0.6053  surf[p=133.8012 Ux=2.2700 Uy=0.9410]  vol[p=112.0508 Ux=4.1640 Uy=1.8899]
  ep19 step 100/375 loss=0.2640 vol=0.1835 surf=0.0805 lr=3.00e-04
  ep19 step 200/375 loss=1.0692 vol=0.5475 surf=0.5218 lr=3.00e-04
  ep19 step 300/375 loss=0.6819 vol=0.3675 surf=0.3144 lr=3.00e-04
Epoch  19 (132s) [42.1GB]  train[vol=0.3301 surf=0.2605]  val_avg_surf_p=139.1392
    val_single_in_dist         loss=1.2079  surf[p=175.8073 Ux=1.8571 Uy=0.8469]  vol[p=166.2635 Ux=4.2546 Uy=1.8541]
    val_geom_camber_rc         loss=0.9073  surf[p=164.6525 Ux=2.9107 Uy=1.0591]  vol[p=141.2133 Ux=5.1229 Uy=2.3886]
    val_geom_camber_cruise     loss=0.2531  surf[p=90.1256 Ux=1.7785 Uy=0.5733]  vol[p=72.7653 Ux=3.6621 Uy=1.1511]
    val_re_rand                loss=0.6321  surf[p=125.9713 Ux=2.2971 Uy=0.8088]  vol[p=103.5265 Ux=4.2825 Uy=1.7026]
  ep20 step 100/375 loss=0.4194 vol=0.2129 surf=0.2065 lr=3.00e-04
  ep20 step 200/375 loss=0.1198 vol=0.0732 surf=0.0466 lr=3.00e-04
  ep20 step 300/375 loss=0.3691 vol=0.1864 surf=0.1827 lr=3.00e-04
Epoch  20 (134s) [42.1GB]  train[vol=0.2617 surf=0.1904]  val_avg_surf_p=105.3518 *
    val_single_in_dist         loss=0.6795  surf[p=122.3048 Ux=1.5951 Uy=0.7213]  vol[p=113.6395 Ux=4.0474 Uy=1.6271]
    val_geom_camber_rc         loss=0.6371  surf[p=121.3165 Ux=2.4560 Uy=0.9937]  vol[p=113.6477 Ux=4.9751 Uy=2.3104]
    val_geom_camber_cruise     loss=0.1991  surf[p=78.4357 Ux=1.0119 Uy=0.5799]  vol[p=65.2882 Ux=2.6554 Uy=1.0678]
    val_re_rand                loss=0.4378  surf[p=99.3502 Ux=1.7005 Uy=0.7845]  vol[p=85.4004 Ux=3.5201 Uy=1.5887]
  ep21 step 100/375 loss=0.2079 vol=0.0997 surf=0.1082 lr=3.00e-04
  ep21 step 200/375 loss=0.2139 vol=0.1263 surf=0.0876 lr=3.00e-04
  ep21 step 300/375 loss=0.3397 vol=0.2184 surf=0.1214 lr=3.00e-04
Epoch  21 (133s) [42.1GB]  train[vol=0.2725 surf=0.2158]  val_avg_surf_p=119.9000
    val_single_in_dist         loss=0.7421  surf[p=135.5387 Ux=1.5820 Uy=0.7894]  vol[p=128.5804 Ux=4.2372 Uy=1.7247]
    val_geom_camber_rc         loss=0.7287  surf[p=141.2534 Ux=2.8728 Uy=1.0215]  vol[p=125.1357 Ux=5.3036 Uy=2.2576]
    val_geom_camber_cruise     loss=0.2593  surf[p=95.8248 Ux=1.2305 Uy=0.6155]  vol[p=75.6620 Ux=3.1419 Uy=1.1569]
    val_re_rand                loss=0.4629  surf[p=106.9831 Ux=1.8647 Uy=0.8009]  vol[p=90.0734 Ux=3.7668 Uy=1.6152]
  ep22 step 100/375 loss=0.2645 vol=0.1676 surf=0.0969 lr=3.00e-04
  ep22 step 200/375 loss=0.1504 vol=0.1003 surf=0.0501 lr=3.00e-04
  ep22 step 300/375 loss=0.2105 vol=0.1156 surf=0.0949 lr=3.00e-04
Epoch  22 (132s) [42.1GB]  train[vol=0.3217 surf=0.2324]  val_avg_surf_p=138.2349
    val_single_in_dist         loss=0.7128  surf[p=143.1453 Ux=1.6508 Uy=0.7314]  vol[p=130.6924 Ux=4.2072 Uy=1.6890]
    val_geom_camber_rc         loss=0.7555  surf[p=170.1001 Ux=2.6856 Uy=1.0267]  vol[p=151.2375 Ux=5.0651 Uy=2.3745]
    val_geom_camber_cruise     loss=0.2714  surf[p=103.8663 Ux=1.3036 Uy=0.6118]  vol[p=77.1839 Ux=3.1444 Uy=1.2599]
    val_re_rand                loss=0.5923  surf[p=135.8282 Ux=1.9237 Uy=0.7852]  vol[p=108.4564 Ux=3.9043 Uy=1.6948]
  ep23 step 100/375 loss=0.8479 vol=0.5083 surf=0.3397 lr=3.00e-04
  ep23 step 200/375 loss=0.5541 vol=0.3459 surf=0.2082 lr=3.00e-04
  ep23 step 300/375 loss=0.1352 vol=0.0951 surf=0.0401 lr=3.00e-04
Epoch  23 (132s) [42.1GB]  train[vol=0.3718 surf=0.2629]  val_avg_surf_p=113.9484
    val_single_in_dist         loss=0.6800  surf[p=136.7329 Ux=1.9587 Uy=0.7497]  vol[p=120.3953 Ux=4.1394 Uy=1.6597]
    val_geom_camber_rc         loss=0.6173  surf[p=118.6666 Ux=2.6461 Uy=1.0185]  vol[p=108.2463 Ux=4.5758 Uy=2.2706]
    val_geom_camber_cruise     loss=0.2743  surf[p=93.0527 Ux=1.7803 Uy=0.5741]  vol[p=75.2732 Ux=3.0609 Uy=1.1646]
    val_re_rand                loss=0.4746  surf[p=107.3415 Ux=2.2635 Uy=0.7994]  vol[p=88.5383 Ux=3.7363 Uy=1.6439]
  ep24 step 100/375 loss=0.3020 vol=0.1736 surf=0.1285 lr=3.00e-04
  ep24 step 200/375 loss=0.1062 vol=0.0712 surf=0.0351 lr=3.00e-04
  ep24 step 300/375 loss=0.6043 vol=0.4024 surf=0.2018 lr=3.00e-04
Epoch  24 (130s) [42.1GB]  train[vol=0.2811 surf=0.2043]  val_avg_surf_p=110.7913
    val_single_in_dist         loss=0.5647  surf[p=125.1585 Ux=2.0244 Uy=0.6946]  vol[p=110.0637 Ux=4.3848 Uy=1.5175]
    val_geom_camber_rc         loss=0.6474  surf[p=139.4614 Ux=2.6124 Uy=0.9292]  vol[p=119.9181 Ux=4.9417 Uy=2.1660]
    val_geom_camber_cruise     loss=0.2196  surf[p=81.2068 Ux=1.7856 Uy=0.5553]  vol[p=62.7134 Ux=3.7943 Uy=1.0740]
    val_re_rand                loss=0.4131  surf[p=97.3386 Ux=2.0841 Uy=0.7289]  vol[p=79.0395 Ux=4.0299 Uy=1.5370]
  ep25 step 100/375 loss=0.2353 vol=0.1573 surf=0.0781 lr=3.00e-04
  ep25 step 200/375 loss=0.0599 vol=0.0445 surf=0.0154 lr=3.00e-04
  ep25 step 300/375 loss=0.2534 vol=0.1534 surf=0.1000 lr=3.00e-04
Epoch  25 (131s) [42.1GB]  train[vol=0.3592 surf=0.2720]  val_avg_surf_p=124.6436
    val_single_in_dist         loss=0.7016  surf[p=133.2549 Ux=1.5356 Uy=0.7057]  vol[p=125.9982 Ux=3.8373 Uy=1.4982]
    val_geom_camber_rc         loss=0.7057  surf[p=132.6048 Ux=2.6614 Uy=0.9596]  vol[p=127.3533 Ux=4.7495 Uy=2.1957]
    val_geom_camber_cruise     loss=0.3602  surf[p=113.5676 Ux=1.2801 Uy=0.6207]  vol[p=82.9942 Ux=3.2563 Uy=1.3012]
    val_re_rand                loss=0.5078  surf[p=119.1473 Ux=1.9108 Uy=0.7875]  vol[p=97.5550 Ux=3.8562 Uy=1.6751]
  ep26 step 100/375 loss=0.2872 vol=0.1682 surf=0.1190 lr=3.00e-04
  ep26 step 200/375 loss=0.3967 vol=0.1771 surf=0.2197 lr=3.00e-04
  ep26 step 300/375 loss=0.0693 vol=0.0474 surf=0.0219 lr=3.00e-04
Epoch  26 (131s) [42.1GB]  train[vol=0.3516 surf=0.2652]  val_avg_surf_p=141.5436
    val_single_in_dist         loss=1.0014  surf[p=200.9843 Ux=2.2082 Uy=1.0300]  vol[p=164.6258 Ux=4.4731 Uy=1.9450]
    val_geom_camber_rc         loss=0.6652  surf[p=138.5661 Ux=2.6539 Uy=1.1103]  vol[p=125.0271 Ux=4.8035 Uy=2.3452]
    val_geom_camber_cruise     loss=0.2778  surf[p=105.5613 Ux=1.7107 Uy=0.6822]  vol[p=82.3492 Ux=3.2930 Uy=1.1931]
    val_re_rand                loss=0.5055  surf[p=121.0629 Ux=2.1933 Uy=0.9015]  vol[p=100.9596 Ux=3.9560 Uy=1.6996]
  ep27 step 100/375 loss=0.3262 vol=0.2048 surf=0.1214 lr=2.99e-04
  ep27 step 200/375 loss=0.3408 vol=0.2144 surf=0.1264 lr=2.99e-04
  ep27 step 300/375 loss=0.2006 vol=0.1132 surf=0.0874 lr=2.99e-04
Epoch  27 (131s) [42.1GB]  train[vol=0.2532 surf=0.1925]  val_avg_surf_p=106.5349
    val_single_in_dist         loss=0.5817  surf[p=131.1892 Ux=1.7117 Uy=0.6694]  vol[p=116.7855 Ux=3.9451 Uy=1.4195]
    val_geom_camber_rc         loss=0.5641  surf[p=111.6904 Ux=2.3093 Uy=0.9089]  vol[p=105.9091 Ux=4.7391 Uy=2.1029]
    val_geom_camber_cruise     loss=0.2062  surf[p=85.5998 Ux=1.1986 Uy=0.5581]  vol[p=63.5348 Ux=2.5801 Uy=1.0250]
    val_re_rand                loss=0.3882  surf[p=97.6602 Ux=1.7982 Uy=0.7409]  vol[p=81.4784 Ux=3.4690 Uy=1.4985]
  ep28 step 100/375 loss=0.4354 vol=0.2672 surf=0.1682 lr=2.99e-04
  ep28 step 200/375 loss=0.1116 vol=0.0814 surf=0.0302 lr=2.99e-04
  ep28 step 300/375 loss=0.1830 vol=0.1085 surf=0.0745 lr=2.99e-04
Epoch  28 (134s) [42.1GB]  train[vol=0.2513 surf=0.1821]  val_avg_surf_p=99.2479 *
    val_single_in_dist         loss=0.6312  surf[p=116.0338 Ux=1.4519 Uy=0.7257]  vol[p=102.8939 Ux=3.6803 Uy=1.5096]
    val_geom_camber_rc         loss=0.5672  surf[p=117.3327 Ux=2.3746 Uy=0.8815]  vol[p=112.0878 Ux=4.7591 Uy=2.1647]
    val_geom_camber_cruise     loss=0.1897  surf[p=74.3231 Ux=1.0547 Uy=0.5204]  vol[p=61.2857 Ux=2.6036 Uy=0.9890]
    val_re_rand                loss=0.4326  surf[p=89.3019 Ux=1.6468 Uy=0.6981]  vol[p=77.6464 Ux=3.4224 Uy=1.4934]
  ep29 step 100/375 loss=0.1571 vol=0.1034 surf=0.0537 lr=2.99e-04
  ep29 step 200/375 loss=0.3103 vol=0.1613 surf=0.1489 lr=2.99e-04
  ep29 step 300/375 loss=0.2722 vol=0.1707 surf=0.1015 lr=2.99e-04
Epoch  29 (132s) [42.1GB]  train[vol=0.2780 surf=0.1965]  val_avg_surf_p=108.7921
    val_single_in_dist         loss=0.5558  surf[p=116.2047 Ux=1.3694 Uy=0.7340]  vol[p=102.5641 Ux=3.6462 Uy=1.5556]
    val_geom_camber_rc         loss=0.6744  surf[p=141.7238 Ux=2.6678 Uy=1.0074]  vol[p=126.6376 Ux=5.1341 Uy=2.3015]
    val_geom_camber_cruise     loss=0.1843  surf[p=78.0434 Ux=0.8888 Uy=0.5156]  vol[p=64.0497 Ux=2.4146 Uy=0.9887]
    val_re_rand                loss=0.4505  surf[p=99.1966 Ux=1.6686 Uy=0.7500]  vol[p=84.0729 Ux=3.4264 Uy=1.5602]
  ep30 step 100/375 loss=0.3730 vol=0.2141 surf=0.1589 lr=2.99e-04
  ep30 step 200/375 loss=0.0828 vol=0.0592 surf=0.0237 lr=2.99e-04
  ep30 step 300/375 loss=0.4475 vol=0.2578 surf=0.1897 lr=2.99e-04
Epoch  30 (133s) [42.1GB]  train[vol=0.2257 surf=0.1547]  val_avg_surf_p=92.6404 *
    val_single_in_dist         loss=0.4978  surf[p=111.0020 Ux=1.5305 Uy=0.6847]  vol[p=101.7885 Ux=3.5794 Uy=1.4318]
    val_geom_camber_rc         loss=0.5231  surf[p=105.0282 Ux=2.2393 Uy=0.8501]  vol[p=100.3416 Ux=4.3621 Uy=2.0630]
    val_geom_camber_cruise     loss=0.1685  surf[p=70.2657 Ux=0.9399 Uy=0.4975]  vol[p=58.9031 Ux=2.4457 Uy=0.9622]
    val_re_rand                loss=0.3429  surf[p=84.2658 Ux=1.5371 Uy=0.6738]  vol[p=73.3211 Ux=3.1939 Uy=1.4183]
  ep31 step 100/375 loss=0.1565 vol=0.1102 surf=0.0463 lr=2.99e-04
  ep31 step 200/375 loss=0.4792 vol=0.2835 surf=0.1957 lr=2.99e-04
  ep31 step 300/375 loss=0.1666 vol=0.1123 surf=0.0543 lr=2.99e-04
Epoch  31 (133s) [42.1GB]  train[vol=0.2272 surf=0.1708]  val_avg_surf_p=93.1523
    val_single_in_dist         loss=0.4916  surf[p=109.7130 Ux=1.2055 Uy=0.6369]  vol[p=105.1095 Ux=3.3955 Uy=1.4152]
    val_geom_camber_rc         loss=0.4839  surf[p=104.3722 Ux=2.1193 Uy=0.8571]  vol[p=99.7940 Ux=4.3186 Uy=2.0294]
    val_geom_camber_cruise     loss=0.1678  surf[p=70.3280 Ux=1.1048 Uy=0.5101]  vol[p=56.6181 Ux=2.6977 Uy=0.9943]
    val_re_rand                loss=0.3633  surf[p=88.1959 Ux=1.5733 Uy=0.6807]  vol[p=75.6529 Ux=3.2933 Uy=1.4281]
  ep32 step 100/375 loss=0.0902 vol=0.0681 surf=0.0221 lr=2.99e-04
  ep32 step 200/375 loss=0.1789 vol=0.1162 surf=0.0627 lr=2.99e-04
  ep32 step 300/375 loss=0.2361 vol=0.1592 surf=0.0769 lr=2.99e-04
Epoch  32 (133s) [42.1GB]  train[vol=0.2354 surf=0.1765]  val_avg_surf_p=110.8965
    val_single_in_dist         loss=0.7939  surf[p=140.9192 Ux=1.9351 Uy=0.7595]  vol[p=128.4870 Ux=4.4258 Uy=1.5778]
    val_geom_camber_rc         loss=0.5924  surf[p=119.2686 Ux=2.5786 Uy=0.9255]  vol[p=110.0799 Ux=4.8587 Uy=2.0838]
    val_geom_camber_cruise     loss=0.2340  surf[p=86.0971 Ux=1.6984 Uy=0.5187]  vol[p=66.2048 Ux=3.5939 Uy=1.0323]
    val_re_rand                loss=0.4358  surf[p=97.3012 Ux=2.2375 Uy=0.6973]  vol[p=83.3388 Ux=4.2208 Uy=1.4534]
  ep33 step 100/375 loss=0.4374 vol=0.2831 surf=0.1542 lr=2.99e-04
  ep33 step 200/375 loss=0.2956 vol=0.1863 surf=0.1093 lr=2.99e-04
  ep33 step 300/375 loss=0.2950 vol=0.1849 surf=0.1101 lr=2.99e-04
Epoch  33 (132s) [42.1GB]  train[vol=0.2601 surf=0.1847]  val_avg_surf_p=102.3302
    val_single_in_dist         loss=0.5240  surf[p=116.8936 Ux=1.5484 Uy=0.7017]  vol[p=99.6968 Ux=3.7208 Uy=1.4812]
    val_geom_camber_rc         loss=0.5219  surf[p=115.4136 Ux=2.0976 Uy=0.8690]  vol[p=103.4043 Ux=4.1480 Uy=2.0565]
    val_geom_camber_cruise     loss=0.1847  surf[p=76.5181 Ux=1.1117 Uy=0.5745]  vol[p=60.4623 Ux=2.4555 Uy=1.0453]
    val_re_rand                loss=0.4253  surf[p=100.4956 Ux=1.6607 Uy=0.7394]  vol[p=85.1545 Ux=3.2708 Uy=1.5119]
  ep34 step 100/375 loss=0.0970 vol=0.0644 surf=0.0326 lr=2.99e-04
  ep34 step 200/375 loss=1.0252 vol=0.6143 surf=0.4109 lr=2.99e-04
  ep34 step 300/375 loss=0.6738 vol=0.3521 surf=0.3217 lr=2.99e-04
Epoch  34 (132s) [42.1GB]  train[vol=0.3109 surf=0.2243]  val_avg_surf_p=121.3283
    val_single_in_dist         loss=0.7158  surf[p=142.6087 Ux=1.9233 Uy=0.7065]  vol[p=125.9229 Ux=4.1932 Uy=1.5130]
    val_geom_camber_rc         loss=0.6683  surf[p=141.9366 Ux=2.6792 Uy=0.9067]  vol[p=122.0424 Ux=4.8936 Uy=2.0193]
    val_geom_camber_cruise     loss=0.2420  surf[p=92.5973 Ux=1.5731 Uy=0.5793]  vol[p=75.4439 Ux=3.2615 Uy=1.1315]
    val_re_rand                loss=0.4550  surf[p=108.1707 Ux=2.1179 Uy=0.7303]  vol[p=92.4991 Ux=3.9806 Uy=1.5187]
  ep35 step 100/375 loss=0.0876 vol=0.0610 surf=0.0266 lr=2.99e-04
  ep35 step 200/375 loss=0.4772 vol=0.2976 surf=0.1796 lr=2.99e-04
  ep35 step 300/375 loss=0.3682 vol=0.2357 surf=0.1326 lr=2.99e-04
Epoch  35 (131s) [42.1GB]  train[vol=0.2503 surf=0.1857]  val_avg_surf_p=96.8441
    val_single_in_dist         loss=0.5675  surf[p=119.8254 Ux=1.5732 Uy=0.7104]  vol[p=109.1935 Ux=3.8429 Uy=1.4729]
    val_geom_camber_rc         loss=0.5000  surf[p=101.3227 Ux=2.1527 Uy=0.8590]  vol[p=97.5413 Ux=4.4494 Uy=2.0116]
    val_geom_camber_cruise     loss=0.1905  surf[p=76.1096 Ux=0.9956 Uy=0.5042]  vol[p=60.5415 Ux=2.6958 Uy=1.0318]
    val_re_rand                loss=0.3791  surf[p=90.1187 Ux=1.5896 Uy=0.6917]  vol[p=78.3942 Ux=3.3840 Uy=1.4824]
  ep36 step 100/375 loss=0.1591 vol=0.0997 surf=0.0594 lr=2.99e-04
  ep36 step 200/375 loss=8.4091 vol=3.7414 surf=4.6678 lr=2.99e-04
  ep36 step 300/375 loss=0.3762 vol=0.2120 surf=0.1643 lr=2.99e-04
Epoch  36 (133s) [42.1GB]  train[vol=0.2016 surf=0.1429]  val_avg_surf_p=104.3847
    val_single_in_dist         loss=0.5701  surf[p=115.8925 Ux=1.5565 Uy=0.7025]  vol[p=105.9386 Ux=3.8657 Uy=1.4959]
    val_geom_camber_rc         loss=0.5401  surf[p=116.3660 Ux=2.2496 Uy=0.8847]  vol[p=109.7295 Ux=4.3073 Uy=1.9458]
    val_geom_camber_cruise     loss=0.2154  surf[p=83.8040 Ux=1.9366 Uy=0.5842]  vol[p=65.4412 Ux=3.8453 Uy=1.0771]
    val_re_rand                loss=0.4055  surf[p=101.4764 Ux=2.0730 Uy=0.7454]  vol[p=84.8667 Ux=3.9712 Uy=1.4860]
  ep37 step 100/375 loss=0.4349 vol=0.2246 surf=0.2104 lr=2.99e-04
  ep37 step 200/375 loss=0.0830 vol=0.0592 surf=0.0239 lr=2.99e-04
  ep37 step 300/375 loss=1.4220 vol=0.8642 surf=0.5579 lr=2.99e-04
Epoch  37 (131s) [42.1GB]  train[vol=0.3179 surf=0.2329]  val_avg_surf_p=114.2239
    val_single_in_dist         loss=0.7108  surf[p=142.4748 Ux=2.0136 Uy=0.7761]  vol[p=137.8827 Ux=4.4870 Uy=1.6378]
    val_geom_camber_rc         loss=0.6106  surf[p=130.0775 Ux=2.3352 Uy=0.9518]  vol[p=129.8291 Ux=4.6270 Uy=2.1044]
    val_geom_camber_cruise     loss=0.1848  surf[p=79.6280 Ux=1.1306 Uy=0.5189]  vol[p=63.6497 Ux=2.8337 Uy=1.0065]
    val_re_rand                loss=0.4492  surf[p=104.7152 Ux=1.6480 Uy=0.7258]  vol[p=91.6793 Ux=3.4898 Uy=1.4760]
  ep38 step 100/375 loss=0.1989 vol=0.1389 surf=0.0600 lr=2.99e-04
  ep38 step 200/375 loss=0.1573 vol=0.1126 surf=0.0446 lr=2.99e-04
  ep38 step 300/375 loss=0.1239 vol=0.0776 surf=0.0463 lr=2.99e-04
Epoch  38 (133s) [42.1GB]  train[vol=0.2505 surf=0.1655]  val_avg_surf_p=107.0304
    val_single_in_dist         loss=0.8261  surf[p=132.2662 Ux=1.5050 Uy=0.6619]  vol[p=116.3320 Ux=3.8827 Uy=1.5122]
    val_geom_camber_rc         loss=0.5626  surf[p=116.0614 Ux=2.3378 Uy=0.8469]  vol[p=101.4572 Ux=4.5077 Uy=2.0664]
    val_geom_camber_cruise     loss=0.1750  surf[p=82.6466 Ux=1.0756 Uy=0.4939]  vol[p=57.9587 Ux=2.6254 Uy=1.0079]
    val_re_rand                loss=0.3908  surf[p=97.1474 Ux=1.8241 Uy=0.6552]  vol[p=76.2292 Ux=3.4989 Uy=1.4325]
  ep39 step 100/375 loss=0.1915 vol=0.1365 surf=0.0551 lr=2.99e-04
  ep39 step 200/375 loss=0.2217 vol=0.1387 surf=0.0830 lr=2.99e-04
  ep39 step 300/375 loss=0.0586 vol=0.0447 surf=0.0139 lr=2.99e-04
Epoch  39 (133s) [42.1GB]  train[vol=0.1563 surf=0.1039]  val_avg_surf_p=87.1751 *
    val_single_in_dist         loss=0.4703  surf[p=104.7463 Ux=1.3352 Uy=0.6452]  vol[p=100.3332 Ux=3.6832 Uy=1.3544]
    val_geom_camber_rc         loss=0.4478  surf[p=98.8941 Ux=1.9962 Uy=0.7982]  vol[p=93.1079 Ux=4.1702 Uy=1.9005]
    val_geom_camber_cruise     loss=0.1554  surf[p=65.8136 Ux=0.9054 Uy=0.4699]  vol[p=53.7696 Ux=2.3095 Uy=0.9034]
    val_re_rand                loss=0.3152  surf[p=79.2464 Ux=1.4177 Uy=0.6396]  vol[p=68.8676 Ux=3.0016 Uy=1.3343]
  ep40 step 100/375 loss=0.0747 vol=0.0455 surf=0.0292 lr=2.99e-04
  ep40 step 200/375 loss=3.2958 vol=1.8865 surf=1.4093 lr=2.99e-04
  ep40 step 300/375 loss=0.2838 vol=0.1170 surf=0.1668 lr=2.99e-04
Epoch  40 (130s) [42.1GB]  train[vol=0.3202 surf=0.2132]  val_avg_surf_p=140.5320
    val_single_in_dist         loss=0.6876  surf[p=160.3120 Ux=2.3855 Uy=0.6955]  vol[p=130.4477 Ux=4.7804 Uy=1.4597]
    val_geom_camber_rc         loss=0.9729  surf[p=207.5816 Ux=3.5529 Uy=0.9997]  vol[p=169.4190 Ux=5.8884 Uy=2.1556]
    val_geom_camber_cruise     loss=0.1690  surf[p=73.2325 Ux=1.1281 Uy=0.5671]  vol[p=58.5926 Ux=2.6368 Uy=1.0203]
    val_re_rand                loss=0.5237  surf[p=121.0017 Ux=2.0759 Uy=0.7370]  vol[p=95.1765 Ux=3.7475 Uy=1.4799]
  ep41 step 100/375 loss=0.1014 vol=0.0716 surf=0.0299 lr=2.99e-04
  ep41 step 200/375 loss=0.5027 vol=0.3097 surf=0.1930 lr=2.99e-04
  ep41 step 300/375 loss=0.0866 vol=0.0601 surf=0.0265 lr=2.99e-04
Epoch  41 (132s) [42.1GB]  train[vol=0.2022 surf=0.1438]  val_avg_surf_p=87.1924
    val_single_in_dist         loss=0.5020  surf[p=107.8030 Ux=1.2578 Uy=0.6765]  vol[p=100.2399 Ux=3.5780 Uy=1.4336]
    val_geom_camber_rc         loss=0.4410  surf[p=98.7585 Ux=1.9787 Uy=0.8574]  vol[p=91.0024 Ux=4.1118 Uy=1.9353]
    val_geom_camber_cruise     loss=0.1373  surf[p=61.4024 Ux=0.8747 Uy=0.4882]  vol[p=49.0690 Ux=2.4534 Uy=0.8988]
    val_re_rand                loss=0.3391  surf[p=80.8057 Ux=1.4253 Uy=0.6804]  vol[p=69.1758 Ux=3.1165 Uy=1.3715]
  ep42 step 100/375 loss=0.0537 vol=0.0392 surf=0.0145 lr=2.99e-04
  ep42 step 200/375 loss=0.3892 vol=0.2055 surf=0.1838 lr=2.99e-04
  ep42 step 300/375 loss=0.8198 vol=0.5101 surf=0.3097 lr=2.99e-04
Epoch  42 (131s) [42.1GB]  train[vol=0.2612 surf=0.1845]  val_avg_surf_p=90.3785
    val_single_in_dist         loss=0.4655  surf[p=105.0955 Ux=1.2676 Uy=0.6424]  vol[p=97.6304 Ux=3.3352 Uy=1.3835]
    val_geom_camber_rc         loss=0.4640  surf[p=104.6782 Ux=2.0237 Uy=0.7806]  vol[p=96.1274 Ux=4.2070 Uy=1.9382]
    val_geom_camber_cruise     loss=0.1501  surf[p=67.8906 Ux=0.9173 Uy=0.5352]  vol[p=55.3167 Ux=2.2644 Uy=0.9919]
    val_re_rand                loss=0.4074  surf[p=83.8497 Ux=1.4647 Uy=0.6639]  vol[p=72.2115 Ux=3.0611 Uy=1.3818]
  ep43 step 100/375 loss=0.1044 vol=0.0732 surf=0.0312 lr=2.99e-04
  ep43 step 200/375 loss=2.9326 vol=1.9281 surf=1.0045 lr=2.99e-04
  ep43 step 300/375 loss=0.1944 vol=0.1272 surf=0.0672 lr=2.99e-04
Epoch  43 (132s) [42.1GB]  train[vol=0.2323 surf=0.1634]  val_avg_surf_p=85.8888 *
    val_single_in_dist         loss=0.4861  surf[p=110.2142 Ux=1.2899 Uy=0.5662]  vol[p=98.5763 Ux=3.2578 Uy=1.2457]
    val_geom_camber_rc         loss=0.4059  surf[p=94.3058 Ux=1.9635 Uy=0.7757]  vol[p=86.0625 Ux=4.0230 Uy=1.8149]
    val_geom_camber_cruise     loss=0.1278  surf[p=58.4525 Ux=0.9370 Uy=0.4608]  vol[p=48.3515 Ux=2.2958 Uy=0.8489]
    val_re_rand                loss=0.3294  surf[p=80.5826 Ux=1.4586 Uy=0.6262]  vol[p=69.5020 Ux=3.0014 Uy=1.2768]
  ep44 step 100/375 loss=0.2397 vol=0.1582 surf=0.0815 lr=2.99e-04
  ep44 step 200/375 loss=1.6668 vol=0.9870 surf=0.6798 lr=2.99e-04
  ep44 step 300/375 loss=0.4151 vol=0.2252 surf=0.1899 lr=2.99e-04
Epoch  44 (134s) [42.1GB]  train[vol=0.2153 surf=0.1573]  val_avg_surf_p=100.3416
    val_single_in_dist         loss=0.6107  surf[p=138.4367 Ux=1.7170 Uy=0.7740]  vol[p=127.8689 Ux=3.6614 Uy=1.6645]
    val_geom_camber_rc         loss=0.4687  surf[p=102.9069 Ux=2.2263 Uy=0.8057]  vol[p=96.1091 Ux=4.2560 Uy=1.9499]
    val_geom_camber_cruise     loss=0.1791  surf[p=73.3433 Ux=1.2681 Uy=0.5117]  vol[p=59.1314 Ux=2.5816 Uy=1.0612]
    val_re_rand                loss=0.3609  surf[p=86.6796 Ux=1.6815 Uy=0.6690]  vol[p=74.5997 Ux=3.1260 Uy=1.4488]
  ep45 step 100/375 loss=0.4221 vol=0.2246 surf=0.1975 lr=2.99e-04
  ep45 step 200/375 loss=0.1704 vol=0.0920 surf=0.0785 lr=2.99e-04
  ep45 step 300/375 loss=0.2248 vol=0.1458 surf=0.0790 lr=2.99e-04
Epoch  45 (131s) [42.1GB]  train[vol=0.1910 surf=0.1476]  val_avg_surf_p=118.9858
    val_single_in_dist         loss=0.7344  surf[p=157.6758 Ux=1.9639 Uy=0.7812]  vol[p=144.8211 Ux=4.1954 Uy=1.6233]
    val_geom_camber_rc         loss=0.6504  surf[p=146.5548 Ux=2.6559 Uy=0.9254]  vol[p=131.5142 Ux=4.6694 Uy=2.0471]
    val_geom_camber_cruise     loss=0.1850  surf[p=73.3539 Ux=1.1970 Uy=0.5258]  vol[p=55.9092 Ux=2.6937 Uy=0.9228]
    val_re_rand                loss=0.4059  surf[p=98.3587 Ux=1.7190 Uy=0.7131]  vol[p=81.5419 Ux=3.3757 Uy=1.3914]
  ep46 step 100/375 loss=1.8687 vol=1.0084 surf=0.8603 lr=2.99e-04
  ep46 step 200/375 loss=0.2489 vol=0.1616 surf=0.0873 lr=2.99e-04
  ep46 step 300/375 loss=0.9873 vol=0.4505 surf=0.5368 lr=2.99e-04
Epoch  46 (132s) [42.1GB]  train[vol=0.2610 surf=0.1748]  val_avg_surf_p=113.4657
    val_single_in_dist         loss=1.0824  surf[p=160.4373 Ux=1.7986 Uy=0.8255]  vol[p=142.1444 Ux=4.0430 Uy=1.8084]
    val_geom_camber_rc         loss=0.5362  surf[p=123.6239 Ux=2.0196 Uy=0.9390]  vol[p=113.2901 Ux=4.1260 Uy=2.1860]
    val_geom_camber_cruise     loss=0.1716  surf[p=74.6030 Ux=1.3010 Uy=0.5035]  vol[p=62.2815 Ux=2.7598 Uy=1.0081]
    val_re_rand                loss=0.3656  surf[p=95.1985 Ux=1.7029 Uy=0.7028]  vol[p=81.8105 Ux=3.3928 Uy=1.5187]
  ep47 step 100/375 loss=0.5695 vol=0.3425 surf=0.2270 lr=2.98e-04
  ep47 step 200/375 loss=0.1677 vol=0.1173 surf=0.0504 lr=2.98e-04
  ep47 step 300/375 loss=0.3724 vol=0.2215 surf=0.1508 lr=2.98e-04
Epoch  47 (133s) [42.1GB]  train[vol=0.2071 surf=0.1470]  val_avg_surf_p=93.1955
    val_single_in_dist         loss=0.5744  surf[p=113.3604 Ux=1.5521 Uy=0.6762]  vol[p=103.5943 Ux=3.4158 Uy=1.4221]
    val_geom_camber_rc         loss=0.4036  surf[p=94.9046 Ux=1.8548 Uy=0.7745]  vol[p=86.1661 Ux=3.9305 Uy=1.7626]
    val_geom_camber_cruise     loss=0.1694  surf[p=79.1138 Ux=0.9335 Uy=0.5310]  vol[p=56.7654 Ux=2.3733 Uy=0.9933]
    val_re_rand                loss=0.3192  surf[p=85.4030 Ux=1.3874 Uy=0.6507]  vol[p=68.3889 Ux=2.9621 Uy=1.3112]
  ep48 step 100/375 loss=0.1542 vol=0.1004 surf=0.0538 lr=2.98e-04
  ep48 step 200/375 loss=0.2095 vol=0.1443 surf=0.0652 lr=2.98e-04
  ep48 step 300/375 loss=0.3404 vol=0.1913 surf=0.1491 lr=2.98e-04
Epoch  48 (131s) [42.1GB]  train[vol=0.2581 surf=0.1895]  val_avg_surf_p=92.8405
    val_single_in_dist         loss=0.5603  surf[p=110.2018 Ux=1.3789 Uy=0.5813]  vol[p=97.3812 Ux=3.2974 Uy=1.2753]
    val_geom_camber_rc         loss=0.4726  surf[p=111.5173 Ux=2.0812 Uy=0.7930]  vol[p=95.4624 Ux=4.1398 Uy=1.8725]
    val_geom_camber_cruise     loss=0.1297  surf[p=62.4175 Ux=0.8799 Uy=0.4479]  vol[p=50.4499 Ux=2.2218 Uy=0.8563]
    val_re_rand                loss=0.3424  surf[p=87.2254 Ux=1.4317 Uy=0.6316]  vol[p=72.3815 Ux=2.9677 Uy=1.2944]
  ep49 step 100/375 loss=0.1525 vol=0.0972 surf=0.0553 lr=2.98e-04
  ep49 step 200/375 loss=0.6313 vol=0.3378 surf=0.2935 lr=2.98e-04
  ep49 step 300/375 loss=0.2184 vol=0.1471 surf=0.0713 lr=2.98e-04
Epoch  49 (131s) [42.1GB]  train[vol=0.2359 surf=0.1642]  val_avg_surf_p=90.2208
    val_single_in_dist         loss=0.5080  surf[p=113.2301 Ux=1.5033 Uy=0.6646]  vol[p=100.5503 Ux=3.4785 Uy=1.4065]
    val_geom_camber_rc         loss=0.4832  surf[p=104.4511 Ux=2.0749 Uy=0.8121]  vol[p=95.0101 Ux=4.0209 Uy=1.9396]
    val_geom_camber_cruise     loss=0.1433  surf[p=62.3384 Ux=1.0340 Uy=0.4620]  vol[p=49.1698 Ux=2.3226 Uy=0.8995]
    val_re_rand                loss=0.3757  surf[p=80.8637 Ux=1.4620 Uy=0.6069]  vol[p=69.1012 Ux=2.9539 Uy=1.3030]
  ep50 step 100/375 loss=0.2371 vol=0.1576 surf=0.0795 lr=2.98e-04
  ep50 step 200/375 loss=1.3788 vol=0.7875 surf=0.5913 lr=2.98e-04
  ep50 step 300/375 loss=0.1776 vol=0.1088 surf=0.0688 lr=2.98e-04
Epoch  50 (132s) [42.1GB]  train[vol=0.2358 surf=0.1551]  val_avg_surf_p=89.9071
    val_single_in_dist         loss=0.6459  surf[p=116.8033 Ux=1.5149 Uy=0.6628]  vol[p=105.4117 Ux=3.6369 Uy=1.3900]
    val_geom_camber_rc         loss=0.4261  surf[p=97.3547 Ux=1.9956 Uy=0.8050]  vol[p=89.4044 Ux=3.9464 Uy=1.8643]
    val_geom_camber_cruise     loss=0.1313  surf[p=65.0898 Ux=0.9015 Uy=0.4471]  vol[p=49.7135 Ux=2.3290 Uy=0.8391]
    val_re_rand                loss=0.3174  surf[p=80.3805 Ux=1.3923 Uy=0.6362]  vol[p=67.5171 Ux=2.9171 Uy=1.3089]
  ep51 step 100/375 loss=0.2489 vol=0.1567 surf=0.0922 lr=2.98e-04
  ep51 step 200/375 loss=0.1898 vol=0.1166 surf=0.0732 lr=2.98e-04
  ep51 step 300/375 loss=0.2675 vol=0.1794 surf=0.0881 lr=2.98e-04
Epoch  51 (133s) [42.1GB]  train[vol=0.2797 surf=0.1882]  val_avg_surf_p=94.9685
    val_single_in_dist         loss=0.6198  surf[p=123.5191 Ux=1.5992 Uy=0.7510]  vol[p=107.7932 Ux=3.5708 Uy=1.4684]
    val_geom_camber_rc         loss=0.4718  surf[p=105.8573 Ux=2.2723 Uy=0.8667]  vol[p=97.3647 Ux=4.2122 Uy=1.9261]
    val_geom_camber_cruise     loss=0.1533  surf[p=66.0828 Ux=0.9521 Uy=0.4395]  vol[p=52.7772 Ux=2.5312 Uy=0.8966]
    val_re_rand                loss=0.3662  surf[p=84.4148 Ux=1.5158 Uy=0.6429]  vol[p=71.8707 Ux=3.2094 Uy=1.3437]
  ep52 step 100/375 loss=0.1632 vol=0.0883 surf=0.0750 lr=2.98e-04
  ep52 step 200/375 loss=0.1732 vol=0.1242 surf=0.0490 lr=2.98e-04
  ep52 step 300/375 loss=0.2082 vol=0.1302 surf=0.0780 lr=2.98e-04
Epoch  52 (131s) [42.1GB]  train[vol=0.2938 surf=0.2031]  val_avg_surf_p=79.2712 *
    val_single_in_dist         loss=0.3963  surf[p=88.6422 Ux=1.1919 Uy=0.6464]  vol[p=84.1132 Ux=3.0565 Uy=1.2113]
    val_geom_camber_rc         loss=0.4093  surf[p=91.5175 Ux=1.8747 Uy=0.7996]  vol[p=87.4616 Ux=4.0282 Uy=1.8586]
    val_geom_camber_cruise     loss=0.1347  surf[p=61.6415 Ux=0.9034 Uy=0.4658]  vol[p=47.4304 Ux=2.2693 Uy=0.8615]
    val_re_rand                loss=0.3067  surf[p=75.2835 Ux=1.3811 Uy=0.6154]  vol[p=64.3875 Ux=2.9484 Uy=1.2515]
  ep53 step 100/375 loss=0.3714 vol=0.2236 surf=0.1478 lr=2.98e-04
  ep53 step 200/375 loss=0.2989 vol=0.1753 surf=0.1236 lr=2.98e-04
  ep53 step 300/375 loss=0.1790 vol=0.0904 surf=0.0886 lr=2.98e-04
Epoch  53 (132s) [42.1GB]  train[vol=0.2096 surf=0.1412]  val_avg_surf_p=86.8448
    val_single_in_dist         loss=0.4978  surf[p=106.9906 Ux=1.3747 Uy=0.6102]  vol[p=98.7880 Ux=3.4661 Uy=1.3009]
    val_geom_camber_rc         loss=0.4677  surf[p=100.3321 Ux=2.2280 Uy=0.8078]  vol[p=97.6120 Ux=4.4324 Uy=1.8628]
    val_geom_camber_cruise     loss=0.1271  surf[p=59.4600 Ux=1.2076 Uy=0.4381]  vol[p=46.7900 Ux=2.6079 Uy=0.8341]
    val_re_rand                loss=0.3285  surf[p=80.5964 Ux=1.8114 Uy=0.6020]  vol[p=68.9174 Ux=3.4168 Uy=1.2592]
  ep54 step 100/375 loss=0.0535 vol=0.0375 surf=0.0160 lr=2.98e-04
  ep54 step 200/375 loss=0.0398 vol=0.0305 surf=0.0094 lr=2.98e-04
  ep54 step 300/375 loss=0.0569 vol=0.0421 surf=0.0148 lr=2.98e-04
Epoch  54 (133s) [42.1GB]  train[vol=0.1581 surf=0.1074]  val_avg_surf_p=116.3551
    val_single_in_dist         loss=1.1796  surf[p=163.6109 Ux=2.0822 Uy=0.8880]  vol[p=136.2934 Ux=4.2982 Uy=1.7790]
    val_geom_camber_rc         loss=0.7864  surf[p=148.1675 Ux=2.3251 Uy=1.0044]  vol[p=131.4105 Ux=4.4333 Uy=2.1756]
    val_geom_camber_cruise     loss=0.1505  surf[p=61.3844 Ux=0.9843 Uy=0.4529]  vol[p=45.3558 Ux=2.3098 Uy=0.8114]
    val_re_rand                loss=0.4794  surf[p=92.2579 Ux=1.5421 Uy=0.6626]  vol[p=75.6730 Ux=3.0806 Uy=1.3239]
  ep55 step 100/375 loss=0.1131 vol=0.0715 surf=0.0416 lr=2.98e-04
  ep55 step 200/375 loss=0.4892 vol=0.3046 surf=0.1846 lr=2.98e-04
  ep55 step 300/375 loss=0.2401 vol=0.1523 surf=0.0878 lr=2.98e-04
Epoch  55 (131s) [42.1GB]  train[vol=0.2026 surf=0.1395]  val_avg_surf_p=100.7236
    val_single_in_dist         loss=0.6565  surf[p=143.7277 Ux=2.2571 Uy=0.7249]  vol[p=123.3459 Ux=4.4910 Uy=1.4173]
    val_geom_camber_rc         loss=0.5154  surf[p=115.5390 Ux=2.0417 Uy=0.8722]  vol[p=102.8975 Ux=4.3131 Uy=1.8791]
    val_geom_camber_cruise     loss=0.1287  surf[p=56.5093 Ux=0.9918 Uy=0.4604]  vol[p=47.3639 Ux=2.5265 Uy=0.8095]
    val_re_rand                loss=0.3709  surf[p=87.1182 Ux=1.5392 Uy=0.6389]  vol[p=73.0191 Ux=3.2687 Uy=1.2784]
  ep56 step 100/375 loss=0.2664 vol=0.1586 surf=0.1078 lr=2.98e-04
  ep56 step 200/375 loss=0.3156 vol=0.1801 surf=0.1355 lr=2.98e-04
  ep56 step 300/375 loss=1.0987 vol=0.6003 surf=0.4984 lr=2.98e-04
Epoch  56 (132s) [42.1GB]  train[vol=0.1443 surf=0.0982]  val_avg_surf_p=84.7292
    val_single_in_dist         loss=0.4081  surf[p=98.5959 Ux=1.1857 Uy=0.5949]  vol[p=88.2238 Ux=3.1126 Uy=1.2337]
    val_geom_camber_rc         loss=0.4336  surf[p=99.6386 Ux=1.9421 Uy=0.7967]  vol[p=89.1087 Ux=4.0356 Uy=1.8912]
    val_geom_camber_cruise     loss=0.1267  surf[p=60.8414 Ux=0.8140 Uy=0.4730]  vol[p=46.3926 Ux=2.0541 Uy=0.8627]
    val_re_rand                loss=0.3308  surf[p=79.8409 Ux=1.3260 Uy=0.6201]  vol[p=66.3056 Ux=2.8302 Uy=1.2857]
  ep57 step 100/375 loss=0.1025 vol=0.0801 surf=0.0224 lr=2.98e-04
  ep57 step 200/375 loss=0.0824 vol=0.0559 surf=0.0265 lr=2.98e-04
  ep57 step 300/375 loss=0.8402 vol=0.5458 surf=0.2944 lr=2.98e-04
Epoch  57 (133s) [42.1GB]  train[vol=0.1916 surf=0.1197]  val_avg_surf_p=108.0899
    val_single_in_dist         loss=0.7894  surf[p=139.5252 Ux=2.6194 Uy=0.7906]  vol[p=137.2912 Ux=5.1791 Uy=1.6046]
    val_geom_camber_rc         loss=0.5761  surf[p=119.6542 Ux=2.2981 Uy=0.9294]  vol[p=113.2875 Ux=4.6519 Uy=2.0672]
    val_geom_camber_cruise     loss=0.2076  surf[p=81.2561 Ux=1.2585 Uy=0.5071]  vol[p=68.1260 Ux=2.7475 Uy=0.9508]
    val_re_rand                loss=0.4125  surf[p=91.9242 Ux=1.5861 Uy=0.6612]  vol[p=82.0481 Ux=3.2891 Uy=1.3922]
  ep58 step 100/375 loss=0.0630 vol=0.0411 surf=0.0219 lr=2.98e-04
  ep58 step 200/375 loss=0.1906 vol=0.1190 surf=0.0716 lr=2.98e-04
  ep58 step 300/375 loss=0.0529 vol=0.0394 surf=0.0135 lr=2.98e-04
Epoch  58 (134s) [42.1GB]  train[vol=0.2801 surf=0.1851]  val_avg_surf_p=97.3314
    val_single_in_dist         loss=0.6215  surf[p=145.8190 Ux=2.0140 Uy=0.7162]  vol[p=125.4412 Ux=4.0517 Uy=1.4668]
    val_geom_camber_rc         loss=0.4701  surf[p=100.4021 Ux=1.9193 Uy=0.8207]  vol[p=92.7216 Ux=4.0572 Uy=1.8404]
    val_geom_camber_cruise     loss=0.1369  surf[p=58.5833 Ux=0.9031 Uy=0.4473]  vol[p=48.2734 Ux=2.4261 Uy=0.8522]
    val_re_rand                loss=0.3690  surf[p=84.5213 Ux=1.4501 Uy=0.6305]  vol[p=71.4688 Ux=3.1435 Uy=1.3206]
  ep59 step 100/375 loss=0.8415 vol=0.4744 surf=0.3671 lr=2.98e-04
  ep59 step 200/375 loss=0.0842 vol=0.0602 surf=0.0239 lr=2.98e-04
  ep59 step 300/375 loss=0.2050 vol=0.1367 surf=0.0684 lr=2.98e-04
Epoch  59 (132s) [42.1GB]  train[vol=0.2132 surf=0.1363]  val_avg_surf_p=104.1921
    val_single_in_dist         loss=0.4946  surf[p=120.1818 Ux=1.6596 Uy=0.5969]  vol[p=110.4433 Ux=3.6033 Uy=1.1986]
    val_geom_camber_rc         loss=0.5278  surf[p=115.0068 Ux=2.1625 Uy=0.8291]  vol[p=108.7434 Ux=4.5096 Uy=1.9383]
    val_geom_camber_cruise     loss=0.1775  surf[p=78.8847 Ux=1.0383 Uy=0.4994]  vol[p=59.4214 Ux=2.6215 Uy=0.9464]
    val_re_rand                loss=0.4886  surf[p=102.6952 Ux=1.6078 Uy=0.6690]  vol[p=87.6090 Ux=3.4786 Uy=1.4446]
  ep60 step 100/375 loss=0.1104 vol=0.0787 surf=0.0317 lr=2.97e-04
  ep60 step 200/375 loss=0.1032 vol=0.0683 surf=0.0350 lr=2.97e-04
  ep60 step 300/375 loss=0.0986 vol=0.0618 surf=0.0368 lr=2.97e-04
Epoch  60 (132s) [42.1GB]  train[vol=0.1777 surf=0.1169]  val_avg_surf_p=167.7835
    val_single_in_dist         loss=1.7013  surf[p=272.0492 Ux=4.1449 Uy=1.0520]  vol[p=233.6416 Ux=7.0173 Uy=2.2204]
    val_geom_camber_rc         loss=0.8271  surf[p=184.3669 Ux=3.2945 Uy=1.1128]  vol[p=156.6697 Ux=5.5758 Uy=2.2571]
    val_geom_camber_cruise     loss=0.2322  surf[p=94.6833 Ux=2.0390 Uy=0.5809]  vol[p=75.7823 Ux=3.8035 Uy=1.0240]
    val_re_rand                loss=0.4776  surf[p=120.0349 Ux=2.3699 Uy=0.7701]  vol[p=97.2420 Ux=4.1448 Uy=1.4724]
  ep61 step 100/375 loss=0.1016 vol=0.0662 surf=0.0355 lr=2.97e-04
  ep61 step 200/375 loss=0.0512 vol=0.0401 surf=0.0111 lr=2.97e-04
  ep61 step 300/375 loss=0.0434 vol=0.0292 surf=0.0142 lr=2.97e-04
Epoch  61 (133s) [42.1GB]  train[vol=0.1261 surf=0.0819]  val_avg_surf_p=86.5510
    val_single_in_dist         loss=0.5869  surf[p=110.1066 Ux=1.4336 Uy=0.6059]  vol[p=94.9822 Ux=3.3318 Uy=1.1971]
    val_geom_camber_rc         loss=0.4311  surf[p=99.5982 Ux=1.7922 Uy=0.7553]  vol[p=90.7892 Ux=3.9222 Uy=1.7717]
    val_geom_camber_cruise     loss=0.1279  surf[p=59.8528 Ux=0.8891 Uy=0.4208]  vol[p=45.0990 Ux=2.3426 Uy=0.8097]
    val_re_rand                loss=0.3380  surf[p=76.6465 Ux=1.3224 Uy=0.5646]  vol[p=63.3586 Ux=2.9076 Uy=1.1800]
  ep62 step 100/375 loss=0.2273 vol=0.1435 surf=0.0838 lr=2.97e-04
  ep62 step 200/375 loss=0.6448 vol=0.3664 surf=0.2785 lr=2.97e-04
  ep62 step 300/375 loss=0.1633 vol=0.0961 surf=0.0672 lr=2.97e-04
Epoch  62 (132s) [42.1GB]  train[vol=0.1142 surf=0.0753]  val_avg_surf_p=74.3581 *
    val_single_in_dist         loss=0.4055  surf[p=87.1945 Ux=1.3061 Uy=0.5215]  vol[p=79.9397 Ux=3.1151 Uy=1.1098]
    val_geom_camber_rc         loss=0.4013  surf[p=89.2471 Ux=1.8410 Uy=0.7327]  vol[p=83.3279 Ux=3.7440 Uy=1.7191]
    val_geom_camber_cruise     loss=0.0986  surf[p=50.7938 Ux=0.8650 Uy=0.3951]  vol[p=41.1885 Ux=2.0801 Uy=0.7347]
    val_re_rand                loss=0.2585  surf[p=70.1970 Ux=1.3224 Uy=0.5532]  vol[p=59.8950 Ux=2.7186 Uy=1.1548]
  ep63 step 100/375 loss=0.1354 vol=0.0954 surf=0.0400 lr=2.97e-04
  ep63 step 200/375 loss=0.1217 vol=0.0834 surf=0.0383 lr=2.97e-04
  ep63 step 300/375 loss=0.0895 vol=0.0679 surf=0.0217 lr=2.97e-04
Epoch  63 (132s) [42.1GB]  train[vol=0.1219 surf=0.0826]  val_avg_surf_p=82.6596
    val_single_in_dist         loss=0.4413  surf[p=87.4171 Ux=1.1622 Uy=0.5473]  vol[p=82.4517 Ux=3.0528 Uy=1.1790]
    val_geom_camber_rc         loss=0.5018  surf[p=105.5684 Ux=1.8003 Uy=0.7691]  vol[p=92.2622 Ux=3.7731 Uy=1.8255]
    val_geom_camber_cruise     loss=0.1112  surf[p=59.7390 Ux=0.7707 Uy=0.4002]  vol[p=46.5935 Ux=2.2060 Uy=0.7616]
    val_re_rand                loss=0.3005  surf[p=77.9137 Ux=1.2763 Uy=0.5569]  vol[p=66.0471 Ux=2.8238 Uy=1.2020]
  ep64 step 100/375 loss=0.1627 vol=0.1082 surf=0.0545 lr=2.97e-04
  ep64 step 200/375 loss=0.0474 vol=0.0330 surf=0.0144 lr=2.97e-04
  ep64 step 300/375 loss=0.2872 vol=0.1866 surf=0.1007 lr=2.97e-04
Epoch  64 (132s) [42.1GB]  train[vol=0.2560 surf=0.1896]  val_avg_surf_p=103.6436
    val_single_in_dist         loss=0.6021  surf[p=116.2537 Ux=1.7187 Uy=0.7052]  vol[p=102.3030 Ux=3.6760 Uy=1.3881]
    val_geom_camber_rc         loss=0.5692  surf[p=127.7613 Ux=2.5248 Uy=0.9282]  vol[p=108.6979 Ux=4.5393 Uy=1.9988]
    val_geom_camber_cruise     loss=0.1849  surf[p=76.6618 Ux=1.1875 Uy=0.5026]  vol[p=60.2808 Ux=2.7014 Uy=1.0223]
    val_re_rand                loss=0.4339  surf[p=93.8976 Ux=1.7032 Uy=0.6887]  vol[p=77.6245 Ux=3.3026 Uy=1.4306]
  ep65 step 100/375 loss=0.2520 vol=0.1437 surf=0.1083 lr=2.97e-04
  ep65 step 200/375 loss=0.3376 vol=0.1735 surf=0.1641 lr=2.97e-04
  ep65 step 300/375 loss=0.1091 vol=0.0724 surf=0.0367 lr=2.97e-04
Epoch  65 (133s) [42.1GB]  train[vol=0.2553 surf=0.1925]  val_avg_surf_p=137.3233
    val_single_in_dist         loss=0.7368  surf[p=157.5502 Ux=1.9243 Uy=0.6843]  vol[p=145.8451 Ux=4.0147 Uy=1.6325]
    val_geom_camber_rc         loss=0.9136  surf[p=187.9319 Ux=2.3826 Uy=1.0174]  vol[p=164.9878 Ux=4.4138 Uy=2.4206]
    val_geom_camber_cruise     loss=0.2020  surf[p=83.0959 Ux=1.4122 Uy=0.5217]  vol[p=67.9998 Ux=2.5725 Uy=1.0609]
    val_re_rand                loss=0.5331  surf[p=120.7153 Ux=1.8682 Uy=0.7430]  vol[p=100.9724 Ux=3.2299 Uy=1.5766]
  ep66 step 100/375 loss=0.2485 vol=0.1447 surf=0.1038 lr=2.97e-04
  ep66 step 200/375 loss=0.0191 vol=0.0142 surf=0.0049 lr=2.97e-04
  ep66 step 300/375 loss=0.0637 vol=0.0470 surf=0.0167 lr=2.97e-04
Epoch  66 (132s) [42.1GB]  train[vol=0.1534 surf=0.1170]  val_avg_surf_p=80.5986
    val_single_in_dist         loss=0.4306  surf[p=90.3746 Ux=1.0850 Uy=0.5552]  vol[p=84.7531 Ux=2.9593 Uy=1.1450]
    val_geom_camber_rc         loss=0.4779  surf[p=101.7298 Ux=2.1219 Uy=0.7696]  vol[p=90.3834 Ux=3.9980 Uy=1.7627]
    val_geom_camber_cruise     loss=0.1048  surf[p=52.6286 Ux=0.7381 Uy=0.3868]  vol[p=41.9940 Ux=2.0862 Uy=0.7583]
    val_re_rand                loss=0.3108  surf[p=77.6613 Ux=1.3929 Uy=0.5738]  vol[p=65.3590 Ux=2.8824 Uy=1.2061]
  ep67 step 100/375 loss=0.1498 vol=0.0993 surf=0.0506 lr=2.97e-04
  ep67 step 200/375 loss=0.2563 vol=0.1580 surf=0.0983 lr=2.97e-04
  ep67 step 300/375 loss=0.7349 vol=0.2826 surf=0.4523 lr=2.97e-04
Epoch  67 (132s) [42.1GB]  train[vol=0.2518 surf=0.1717]  val_avg_surf_p=97.4729
    val_single_in_dist         loss=0.6660  surf[p=117.1497 Ux=1.5529 Uy=0.7026]  vol[p=108.6253 Ux=3.6398 Uy=1.4019]
    val_geom_camber_rc         loss=0.6047  surf[p=119.2291 Ux=2.0428 Uy=0.9039]  vol[p=110.1678 Ux=4.4590 Uy=1.9584]
    val_geom_camber_cruise     loss=0.1346  surf[p=65.4626 Ux=0.9937 Uy=0.4546]  vol[p=51.0420 Ux=2.4883 Uy=0.8314]
    val_re_rand                loss=0.3653  surf[p=88.0501 Ux=1.5366 Uy=0.6614]  vol[p=74.9453 Ux=3.2429 Uy=1.3057]
  ep68 step 100/375 loss=1.7301 vol=0.6052 surf=1.1249 lr=2.97e-04
  ep68 step 200/375 loss=5.4640 vol=2.5728 surf=2.8912 lr=2.97e-04
  ep68 step 300/375 loss=0.0177 vol=0.0141 surf=0.0035 lr=2.97e-04
Epoch  68 (131s) [42.1GB]  train[vol=0.1669 surf=0.1126]  val_avg_surf_p=88.3766
    val_single_in_dist         loss=0.5682  surf[p=113.3256 Ux=1.1839 Uy=0.6624]  vol[p=101.8559 Ux=3.1730 Uy=1.3611]
    val_geom_camber_rc         loss=0.5240  surf[p=104.2856 Ux=1.9603 Uy=0.8392]  vol[p=97.4658 Ux=4.0959 Uy=1.8154]
    val_geom_camber_cruise     loss=0.1154  surf[p=56.8739 Ux=1.1982 Uy=0.4241]  vol[p=47.2310 Ux=2.7057 Uy=0.7892]
    val_re_rand                loss=0.3177  surf[p=79.0212 Ux=1.5598 Uy=0.6225]  vol[p=69.2455 Ux=3.2540 Uy=1.2232]
  ep69 step 100/375 loss=0.1353 vol=0.0936 surf=0.0417 lr=2.97e-04
  ep69 step 200/375 loss=0.1612 vol=0.1119 surf=0.0493 lr=2.97e-04
  ep69 step 300/375 loss=0.1864 vol=0.1203 surf=0.0661 lr=2.97e-04
Epoch  69 (134s) [42.1GB]  train[vol=0.1288 surf=0.0882]  val_avg_surf_p=80.4244
    val_single_in_dist         loss=0.4447  surf[p=101.5417 Ux=1.2430 Uy=0.6242]  vol[p=91.6757 Ux=3.1992 Uy=1.2413]
    val_geom_camber_rc         loss=0.3733  surf[p=94.0698 Ux=1.7449 Uy=0.7496]  vol[p=85.1302 Ux=3.6093 Uy=1.7201]
    val_geom_camber_cruise     loss=0.1022  surf[p=54.3408 Ux=0.8072 Uy=0.3873]  vol[p=42.4717 Ux=2.0658 Uy=0.7247]
    val_re_rand                loss=0.2679  surf[p=71.7451 Ux=1.2223 Uy=0.5371]  vol[p=60.2512 Ux=2.6512 Uy=1.1268]
  ep70 step 100/375 loss=0.2637 vol=0.1715 surf=0.0922 lr=2.96e-04
  ep70 step 200/375 loss=0.0841 vol=0.0579 surf=0.0261 lr=2.96e-04
  ep70 step 300/375 loss=0.0853 vol=0.0648 surf=0.0206 lr=2.96e-04
Epoch  70 (132s) [42.1GB]  train[vol=0.1271 surf=0.0885]  val_avg_surf_p=75.0919
    val_single_in_dist         loss=0.3660  surf[p=89.4310 Ux=1.2310 Uy=0.5679]  vol[p=84.8806 Ux=3.1007 Uy=1.1271]
    val_geom_camber_rc         loss=0.3779  surf[p=86.4407 Ux=1.7358 Uy=0.6958]  vol[p=80.1814 Ux=3.7040 Uy=1.6542]
    val_geom_camber_cruise     loss=0.1061  surf[p=54.6323 Ux=0.7916 Uy=0.3971]  vol[p=43.9729 Ux=2.0941 Uy=0.7622]
    val_re_rand                loss=0.2730  surf[p=69.8636 Ux=1.2538 Uy=0.5429]  vol[p=60.3134 Ux=2.7305 Uy=1.1467]
  ep71 step 100/375 loss=0.0324 vol=0.0234 surf=0.0090 lr=2.96e-04
  ep71 step 200/375 loss=0.1520 vol=0.0917 surf=0.0603 lr=2.96e-04
  ep71 step 300/375 loss=0.0676 vol=0.0483 surf=0.0193 lr=2.96e-04
Epoch  71 (132s) [42.1GB]  train[vol=0.1090 surf=0.0682]  val_avg_surf_p=89.1624
    val_single_in_dist         loss=0.4468  surf[p=102.3971 Ux=1.4055 Uy=0.6804]  vol[p=88.5663 Ux=3.1880 Uy=1.2230]
    val_geom_camber_rc         loss=0.4109  surf[p=104.0673 Ux=1.9426 Uy=0.8862]  vol[p=91.4891 Ux=3.9929 Uy=1.8765]
    val_geom_camber_cruise     loss=0.1331  surf[p=63.8280 Ux=1.2249 Uy=0.4263]  vol[p=51.7685 Ux=2.8402 Uy=0.8440]
    val_re_rand                loss=0.3509  surf[p=86.3572 Ux=1.5309 Uy=0.6333]  vol[p=72.5924 Ux=3.2516 Uy=1.3020]
  ep72 step 100/375 loss=0.7691 vol=0.4595 surf=0.3096 lr=2.96e-04
  ep72 step 200/375 loss=0.0836 vol=0.0559 surf=0.0277 lr=2.96e-04
  ep72 step 300/375 loss=0.1617 vol=0.1096 surf=0.0521 lr=2.96e-04
Epoch  72 (134s) [42.1GB]  train[vol=0.2106 surf=0.1551]  val_avg_surf_p=85.4219
    val_single_in_dist         loss=0.4337  surf[p=106.2440 Ux=1.5794 Uy=0.5656]  vol[p=92.2800 Ux=3.3530 Uy=1.1371]
    val_geom_camber_rc         loss=0.4040  surf[p=98.4637 Ux=1.9236 Uy=0.7716]  vol[p=85.1362 Ux=3.7007 Uy=1.7556]
    val_geom_camber_cruise     loss=0.1194  surf[p=60.0621 Ux=0.8161 Uy=0.4442]  vol[p=46.8378 Ux=2.2103 Uy=0.8527]
    val_re_rand                loss=0.2912  surf[p=76.9179 Ux=1.3116 Uy=0.5968]  vol[p=64.0213 Ux=2.8546 Uy=1.2407]
  ep73 step 100/375 loss=0.1840 vol=0.1110 surf=0.0731 lr=2.96e-04
  ep73 step 200/375 loss=0.1927 vol=0.1017 surf=0.0911 lr=2.96e-04
  ep73 step 300/375 loss=0.1827 vol=0.1160 surf=0.0666 lr=2.96e-04
Epoch  73 (129s) [42.1GB]  train[vol=0.1233 surf=0.0835]  val_avg_surf_p=69.3635 *
    val_single_in_dist         loss=0.3214  surf[p=77.8396 Ux=1.3870 Uy=0.5181]  vol[p=73.4779 Ux=3.0380 Uy=1.0732]
    val_geom_camber_rc         loss=0.3239  surf[p=79.9937 Ux=2.0037 Uy=0.6812]  vol[p=72.5061 Ux=3.6720 Uy=1.6320]
    val_geom_camber_cruise     loss=0.0977  surf[p=49.0809 Ux=1.2436 Uy=0.3778]  vol[p=39.4498 Ux=2.3370 Uy=0.7108]
    val_re_rand                loss=0.2841  surf[p=70.5400 Ux=1.5930 Uy=0.5395]  vol[p=60.0302 Ux=2.9040 Uy=1.1565]
  ep74 step 100/375 loss=0.2074 vol=0.1220 surf=0.0854 lr=2.96e-04
  ep74 step 200/375 loss=0.1416 vol=0.0935 surf=0.0480 lr=2.96e-04
  ep74 step 300/375 loss=0.1641 vol=0.1114 surf=0.0527 lr=2.96e-04
Epoch  74 (132s) [42.1GB]  train[vol=0.1105 surf=0.0712]  val_avg_surf_p=82.8134
    val_single_in_dist         loss=0.6351  surf[p=101.7506 Ux=1.1711 Uy=0.5608]  vol[p=90.5723 Ux=2.9490 Uy=1.1557]
    val_geom_camber_rc         loss=0.3677  surf[p=100.1521 Ux=1.8819 Uy=0.8169]  vol[p=86.4953 Ux=3.7307 Uy=1.7514]
    val_geom_camber_cruise     loss=0.1088  surf[p=53.9902 Ux=0.7447 Uy=0.4332]  vol[p=42.8209 Ux=2.0620 Uy=0.7897]
    val_re_rand                loss=0.2721  surf[p=75.3607 Ux=1.2409 Uy=0.5840]  vol[p=61.7815 Ux=2.6861 Uy=1.1612]
  ep75 step 100/375 loss=0.1975 vol=0.1190 surf=0.0785 lr=2.96e-04
  ep75 step 200/375 loss=0.3444 vol=0.2098 surf=0.1346 lr=2.96e-04
  ep75 step 300/375 loss=0.3796 vol=0.1877 surf=0.1919 lr=2.96e-04
Epoch  75 (133s) [42.1GB]  train[vol=0.2006 surf=0.1415]  val_avg_surf_p=88.7671
    val_single_in_dist         loss=0.5543  surf[p=115.5613 Ux=1.7662 Uy=0.6970]  vol[p=114.2202 Ux=4.1640 Uy=1.3522]
    val_geom_camber_rc         loss=0.3942  surf[p=94.7557 Ux=2.1350 Uy=0.7863]  vol[p=85.6857 Ux=4.0158 Uy=1.6879]
    val_geom_camber_cruise     loss=0.1293  surf[p=62.2976 Ux=0.9547 Uy=0.4608]  vol[p=51.7869 Ux=2.4371 Uy=0.8865]
    val_re_rand                loss=0.3216  surf[p=82.4539 Ux=1.5614 Uy=0.6127]  vol[p=71.7393 Ux=3.1460 Uy=1.2577]
  ep76 step 100/375 loss=0.0952 vol=0.0619 surf=0.0333 lr=2.96e-04
  ep76 step 200/375 loss=0.0918 vol=0.0592 surf=0.0325 lr=2.96e-04
  ep76 step 300/375 loss=0.1963 vol=0.1359 surf=0.0604 lr=2.96e-04
Epoch  76 (130s) [42.1GB]  train[vol=0.1590 surf=0.1115]  val_avg_surf_p=100.3162
    val_single_in_dist         loss=0.5167  surf[p=115.3251 Ux=1.5872 Uy=0.6594]  vol[p=109.4810 Ux=3.5457 Uy=1.2811]
    val_geom_camber_rc         loss=0.4402  surf[p=131.1801 Ux=2.2043 Uy=0.8536]  vol[p=108.7617 Ux=4.0418 Uy=1.7079]
    val_geom_camber_cruise     loss=0.1122  surf[p=62.6008 Ux=1.0046 Uy=0.4249]  vol[p=52.8936 Ux=2.2143 Uy=0.7500]
    val_re_rand                loss=0.3043  surf[p=92.1586 Ux=1.5327 Uy=0.6255]  vol[p=75.9494 Ux=2.9380 Uy=1.1683]
  ep77 step 100/375 loss=0.0908 vol=0.0556 surf=0.0352 lr=2.96e-04
  ep77 step 200/375 loss=0.1845 vol=0.1298 surf=0.0547 lr=2.96e-04
  ep77 step 300/375 loss=0.4060 vol=0.1859 surf=0.2202 lr=2.96e-04
Epoch  77 (131s) [42.1GB]  train[vol=0.1213 surf=0.0834]  val_avg_surf_p=98.0625
    val_single_in_dist         loss=1.1217  surf[p=147.5054 Ux=2.2584 Uy=0.6830]  vol[p=135.3532 Ux=4.0093 Uy=1.3916]
    val_geom_camber_rc         loss=0.4835  surf[p=110.3034 Ux=2.3838 Uy=0.8053]  vol[p=98.1297 Ux=4.0975 Uy=1.8497]
    val_geom_camber_cruise     loss=0.1333  surf[p=54.7937 Ux=1.6544 Uy=0.4186]  vol[p=45.1582 Ux=2.9464 Uy=0.8423]
    val_re_rand                loss=0.3078  surf[p=79.6473 Ux=2.0930 Uy=0.5850]  vol[p=67.5080 Ux=3.4437 Uy=1.2576]
  ep78 step 100/375 loss=4.4385 vol=2.0543 surf=2.3841 lr=2.96e-04
  ep78 step 200/375 loss=0.0746 vol=0.0546 surf=0.0200 lr=2.96e-04
  ep78 step 300/375 loss=0.1813 vol=0.1140 surf=0.0672 lr=2.96e-04
Epoch  78 (132s) [42.1GB]  train[vol=0.1797 surf=0.1280]  val_avg_surf_p=79.4856
    val_single_in_dist         loss=0.4662  surf[p=107.2213 Ux=1.1174 Uy=0.5174]  vol[p=92.5940 Ux=2.8972 Uy=1.0985]
    val_geom_camber_rc         loss=0.3384  surf[p=90.3317 Ux=1.6644 Uy=0.6860]  vol[p=81.7892 Ux=3.5575 Uy=1.6143]
    val_geom_camber_cruise     loss=0.0929  surf[p=47.3222 Ux=0.9646 Uy=0.3725]  vol[p=39.2837 Ux=2.3028 Uy=0.7018]
    val_re_rand                loss=0.2840  surf[p=73.0674 Ux=1.2893 Uy=0.5272]  vol[p=62.7519 Ux=2.8050 Uy=1.1213]
  ep79 step 100/375 loss=0.0811 vol=0.0518 surf=0.0293 lr=2.96e-04
  ep79 step 200/375 loss=0.1294 vol=0.0664 surf=0.0630 lr=2.96e-04
  ep79 step 300/375 loss=0.1105 vol=0.0800 surf=0.0305 lr=2.96e-04
Epoch  79 (132s) [42.1GB]  train[vol=0.1570 surf=0.1104]  val_avg_surf_p=89.3911
    val_single_in_dist         loss=0.6631  surf[p=132.6763 Ux=1.7146 Uy=0.7708]  vol[p=118.9758 Ux=3.7535 Uy=1.4120]
    val_geom_camber_rc         loss=0.3699  surf[p=94.5315 Ux=1.8259 Uy=0.7635]  vol[p=85.0861 Ux=3.7472 Uy=1.6904]
    val_geom_camber_cruise     loss=0.1185  surf[p=54.4122 Ux=1.1783 Uy=0.4821]  vol[p=46.7140 Ux=2.7417 Uy=0.7962]
    val_re_rand                loss=0.3149  surf[p=75.9445 Ux=1.5158 Uy=0.6156]  vol[p=65.7789 Ux=3.1654 Uy=1.1897]
  ep80 step 100/375 loss=0.0935 vol=0.0588 surf=0.0347 lr=2.95e-04
  ep80 step 200/375 loss=0.2697 vol=0.1821 surf=0.0876 lr=2.95e-04
  ep80 step 300/375 loss=0.2179 vol=0.1362 surf=0.0817 lr=2.95e-04
Epoch  80 (133s) [42.1GB]  train[vol=0.2026 surf=0.1405]  val_avg_surf_p=122.1783
    val_single_in_dist         loss=0.5997  surf[p=142.2653 Ux=1.7385 Uy=0.7240]  vol[p=107.6458 Ux=3.6104 Uy=1.4499]
    val_geom_camber_rc         loss=0.6478  surf[p=144.4151 Ux=2.7350 Uy=0.8545]  vol[p=107.7371 Ux=4.2456 Uy=1.8696]
    val_geom_camber_cruise     loss=0.2029  surf[p=92.2843 Ux=1.3715 Uy=0.4663]  vol[p=70.4021 Ux=2.6974 Uy=0.9409]
    val_re_rand                loss=0.4052  surf[p=109.7486 Ux=2.0790 Uy=0.6599]  vol[p=83.5707 Ux=3.3325 Uy=1.3713]
  ep81 step 100/375 loss=0.3298 vol=0.2066 surf=0.1232 lr=2.95e-04
  ep81 step 200/375 loss=0.1333 vol=0.0859 surf=0.0474 lr=2.95e-04
  ep81 step 300/375 loss=15.1820 vol=9.1844 surf=5.9976 lr=2.95e-04
Epoch  81 (133s) [42.1GB]  train[vol=0.2897 surf=0.1926]  val_avg_surf_p=93.2105
    val_single_in_dist         loss=0.6239  surf[p=125.4707 Ux=1.5469 Uy=0.6295]  vol[p=116.3654 Ux=3.6047 Uy=1.2682]
    val_geom_camber_rc         loss=0.4004  surf[p=102.0912 Ux=1.8553 Uy=0.7052]  vol[p=96.0075 Ux=4.0486 Uy=1.7023]
    val_geom_camber_cruise     loss=0.1362  surf[p=62.1989 Ux=1.3354 Uy=0.4427]  vol[p=51.2524 Ux=2.8704 Uy=0.8608]
    val_re_rand                loss=0.3222  surf[p=83.0813 Ux=1.6757 Uy=0.5712]  vol[p=72.4860 Ux=3.4324 Uy=1.2354]
  ep82 step 100/375 loss=0.3041 vol=0.1655 surf=0.1386 lr=2.95e-04
  ep82 step 200/375 loss=0.0913 vol=0.0576 surf=0.0337 lr=2.95e-04
  ep82 step 300/375 loss=0.3395 vol=0.1978 surf=0.1417 lr=2.95e-04
Epoch  82 (133s) [42.1GB]  train[vol=0.1978 surf=0.1340]  val_avg_surf_p=109.5477
    val_single_in_dist         loss=0.6461  surf[p=168.3010 Ux=1.8170 Uy=0.6811]  vol[p=149.5196 Ux=4.0106 Uy=1.3308]
    val_geom_camber_rc         loss=0.4008  surf[p=105.7122 Ux=2.0213 Uy=0.7948]  vol[p=91.2092 Ux=3.7527 Uy=1.7802]
    val_geom_camber_cruise     loss=0.1608  surf[p=78.7453 Ux=1.0045 Uy=0.4765]  vol[p=63.7382 Ux=2.4281 Uy=0.8869]
    val_re_rand                loss=0.3068  surf[p=85.4322 Ux=1.4320 Uy=0.6036]  vol[p=72.8557 Ux=2.9090 Uy=1.2382]
Timeout (180.0 min). Stopping.

Training done in 180.5 min

Best val: epoch 73, val_avg/mae_surf_p = 69.3635

Evaluating on held-out test splits...
Test: test_single_in_dist: 200, test_geom_camber_rc: 200, test_geom_camber_cruise: 200, test_re_rand: 200

  TEST  avg_surf_p=62.5054
    test_single_in_dist        loss=0.4186  surf[p=72.8121 Ux=1.4532 Uy=0.5002]  vol[p=67.5452 Ux=2.9003 Uy=1.0402]
    test_geom_camber_rc        loss=0.2876  surf[p=72.5004 Ux=1.9877 Uy=0.6439]  vol[p=67.2283 Ux=3.6127 Uy=1.5255]
    test_geom_camber_cruise    loss=0.0771  surf[p=42.1809 Ux=1.1941 Uy=0.3453]  vol[p=34.1782 Ux=2.1946 Uy=0.6483]
    test_re_rand               loss=0.1864  surf[p=62.5283 Ux=1.4382 Uy=0.4947]  vol[p=52.8124 Ux=2.6775 Uy=1.0132]

Logged model artifact 'model-mlintern-pai2-72h-v4-r2-r3-recipe-180m-s1-01xc2wqp' (aliases: best, epoch-73)
wandb: uploading artifact model-mlintern-pai2-72h-v4-r2-r3-recipe-180m-s1-01xc2wqp; updating run metadata
wandb: uploading artifact model-mlintern-pai2-72h-v4-r2-r3-recipe-180m-s1-01xc2wqp
wandb: uploading output.log; uploading wandb-summary.json; uploading config.yaml
wandb: 
wandb: Run history:
wandb:                             epoch_time_s ▇▅▃▆▄▅▃▅▃▇▆▅▂▃▄▇▅▅▇▄▃▃▅█▄▆▃█▄▅▅▄▃▅▁▂▄▄▅▆
wandb:                              global_step ▁▁▁▁▂▂▂▃▃▃▃▃▄▄▄▄▄▄▅▅▅▅▆▆▆▆▆▆▆▆▆▆▆▇▇█████
wandb:                                       lr ████████▇▇▇▇▇▇▇▇▇▇▆▆▆▆▆▆▆▅▅▅▅▅▄▄▄▃▃▃▂▂▂▁
wandb:        test/test_geom_camber_cruise/loss ▁
wandb: test/test_geom_camber_cruise/mae_surf_Ux ▁
wandb: test/test_geom_camber_cruise/mae_surf_Uy ▁
wandb:  test/test_geom_camber_cruise/mae_surf_p ▁
wandb:  test/test_geom_camber_cruise/mae_vol_Ux ▁
wandb:  test/test_geom_camber_cruise/mae_vol_Uy ▁
wandb:   test/test_geom_camber_cruise/mae_vol_p ▁
wandb:                                      +81 ...
wandb: 
wandb: Run summary:
wandb:                               best_epoch 73
wandb:                  best_val_avg/mae_surf_p 69.36353
wandb:                             epoch_time_s 132.62208
wandb:                              global_step 30750
wandb:                                       lr 0.0003
wandb:        test/test_geom_camber_cruise/loss 0.07712
wandb: test/test_geom_camber_cruise/mae_surf_Ux 1.19405
wandb: test/test_geom_camber_cruise/mae_surf_Uy 0.34532
wandb:  test/test_geom_camber_cruise/mae_surf_p 42.18089
wandb:  test/test_geom_camber_cruise/mae_vol_Ux 2.19455
wandb:                                      +84 ...
wandb: 
wandb: 🚀 View run mlintern-pai2-72h-v4-r2/r3-recipe-180m-s1 at: https://wandb.ai/wandb-applied-ai-team/senpai-v1-ml-intern/runs/01xc2wqp
wandb: ⭐️ View project at: https://wandb.ai/wandb-applied-ai-team/senpai-v1-ml-intern
wandb: Synced 7 W&B file(s), 0 media file(s), 3 artifact file(s) and 0 other file(s)
wandb: Find logs at: ./wandb/run-20260430_131355-01xc2wqp/logs
