Seeded with 8
Device: cuda
Train: 1499, val_single_in_dist: 100, val_geom_camber_rc: 100, val_geom_camber_cruise: 100, val_re_rand: 100
Model: Transolver (3.94M params)
wandb: [wandb.login()] Loaded credentials for https://api.wandb.ai from WANDB_API_KEY.
wandb: W&B API key is configured. Use `wandb login --relogin` to force relogin
wandb: setting up run xsn40jai
wandb: Tracking run with wandb version 0.26.1
wandb: Run data is saved locally in /workspace/ml-intern-benchmark/target/wandb/run-20260430_131355-xsn40jai
wandb: Run `wandb offline` to turn off syncing.
wandb: Syncing run mlintern-pai2-72h-v4-r2/r3-scale-h256l8-sub32k-onecycle80-180m
wandb: ⭐️ View project at https://wandb.ai/wandb-applied-ai-team/senpai-v1-ml-intern
wandb: 🚀 View run at https://wandb.ai/wandb-applied-ai-team/senpai-v1-ml-intern/runs/xsn40jai
  ep1 step 100/375 loss=3.1723 vol=2.0343 surf=1.1379 lr=1.28e-05
  ep1 step 200/375 loss=1.7447 vol=1.0380 surf=0.7067 lr=1.52e-05
  ep1 step 300/375 loss=1.1769 vol=0.8762 surf=0.3008 lr=1.91e-05
Epoch   1 (93s) [17.1GB]  train[vol=2.0181 surf=1.3390]  val_avg_surf_p=231.5959 *
    val_single_in_dist         loss=4.0671  surf[p=302.1840 Ux=4.0939 Uy=1.5308]  vol[p=272.8143 Ux=8.2720 Uy=3.2972]
    val_geom_camber_rc         loss=2.5394  surf[p=271.2619 Ux=6.3181 Uy=1.7961]  vol[p=240.8727 Ux=9.0641 Uy=3.8208]
    val_geom_camber_cruise     loss=0.7903  surf[p=157.9203 Ux=3.3821 Uy=1.1338]  vol[p=125.1689 Ux=6.3463 Uy=1.9978]
    val_re_rand                loss=1.4222  surf[p=195.0175 Ux=4.6691 Uy=1.4137]  vol[p=164.0192 Ux=7.3077 Uy=2.6866]
  ep2 step 100/375 loss=0.5291 vol=0.3825 surf=0.1466 lr=2.96e-05
  ep2 step 200/375 loss=0.2602 vol=0.1748 surf=0.0854 lr=3.75e-05
  ep2 step 300/375 loss=0.7538 vol=0.4237 surf=0.3301 lr=4.67e-05
Epoch   2 (91s) [17.1GB]  train[vol=0.9749 surf=0.6674]  val_avg_surf_p=260.3972
    val_single_in_dist         loss=2.8723  surf[p=310.2841 Ux=4.5461 Uy=1.4863]  vol[p=254.0187 Ux=7.8259 Uy=2.9809]
    val_geom_camber_rc         loss=2.0970  surf[p=293.3230 Ux=6.2152 Uy=1.8089]  vol[p=242.9488 Ux=8.6864 Uy=3.6315]
    val_geom_camber_cruise     loss=0.7934  surf[p=204.8072 Ux=4.1571 Uy=1.4182]  vol[p=158.1901 Ux=6.5804 Uy=2.4523]
    val_re_rand                loss=1.2532  surf[p=233.1746 Ux=4.7831 Uy=1.5344]  vol[p=188.9942 Ux=7.3647 Uy=2.9425]
  ep3 step 100/375 loss=0.9187 vol=0.4157 surf=0.5030 lr=6.57e-05
  ep3 step 200/375 loss=4.6680 vol=1.7508 surf=2.9171 lr=7.79e-05
  ep3 step 300/375 loss=0.8229 vol=0.4860 surf=0.3370 lr=9.11e-05
Epoch   3 (91s) [17.1GB]  train[vol=0.7256 surf=0.5675]  val_avg_surf_p=265.6126
    val_single_in_dist         loss=2.8130  surf[p=322.9513 Ux=7.0358 Uy=1.3034]  vol[p=243.2653 Ux=9.9388 Uy=2.7916]
    val_geom_camber_rc         loss=2.9202  surf[p=337.1710 Ux=8.6079 Uy=1.8571]  vol[p=266.0518 Ux=11.5449 Uy=3.4915]
    val_geom_camber_cruise     loss=0.8879  surf[p=178.7429 Ux=5.4308 Uy=1.0885]  vol[p=125.7285 Ux=7.3985 Uy=1.9051]
    val_re_rand                loss=1.5264  surf[p=223.5852 Ux=5.9006 Uy=1.3355]  vol[p=162.7317 Ux=8.1124 Uy=2.5175]
  ep4 step 100/375 loss=2.3741 vol=1.4792 surf=0.8948 lr=1.16e-04
  ep4 step 200/375 loss=2.1177 vol=1.1480 surf=0.9698 lr=1.30e-04
  ep4 step 300/375 loss=0.5526 vol=0.3411 surf=0.2115 lr=1.45e-04
Epoch   4 (91s) [17.1GB]  train[vol=0.7607 surf=0.5393]  val_avg_surf_p=236.3402
    val_single_in_dist         loss=2.6564  surf[p=263.2509 Ux=4.6274 Uy=1.7226]  vol[p=224.1499 Ux=7.5451 Uy=3.4325]
    val_geom_camber_rc         loss=2.1977  surf[p=277.2227 Ux=7.0068 Uy=1.9417]  vol[p=236.9533 Ux=8.4318 Uy=3.8965]
    val_geom_camber_cruise     loss=0.9211  surf[p=195.1492 Ux=4.7995 Uy=1.2648]  vol[p=153.9322 Ux=6.4307 Uy=2.2907]
    val_re_rand                loss=1.3455  surf[p=209.7381 Ux=5.6135 Uy=1.4642]  vol[p=171.1112 Ux=7.1650 Uy=2.8926]
  ep5 step 100/375 loss=0.4511 vol=0.3220 surf=0.1292 lr=1.72e-04
  ep5 step 200/375 loss=0.8804 vol=0.6029 surf=0.2776 lr=1.87e-04
  ep5 step 300/375 loss=1.3462 vol=0.7760 surf=0.5703 lr=2.01e-04
Epoch   5 (91s) [17.1GB]  train[vol=0.7276 surf=0.5022]  val_avg_surf_p=208.5360 *
    val_single_in_dist         loss=2.3032  surf[p=240.8816 Ux=3.1650 Uy=1.3823]  vol[p=205.2652 Ux=7.0106 Uy=3.0924]
    val_geom_camber_rc         loss=1.7628  surf[p=217.0091 Ux=5.2777 Uy=1.6864]  vol[p=202.5586 Ux=8.3267 Uy=3.6108]
    val_geom_camber_cruise     loss=0.9313  surf[p=188.6356 Ux=2.6395 Uy=1.0355]  vol[p=146.8779 Ux=5.2718 Uy=2.3349]
    val_re_rand                loss=1.1920  surf[p=187.6178 Ux=3.6310 Uy=1.2622]  vol[p=161.7205 Ux=6.3583 Uy=2.8179]
  ep6 step 100/375 loss=0.6856 vol=0.3919 surf=0.2937 lr=2.25e-04
  ep6 step 200/375 loss=1.0455 vol=0.6006 surf=0.4449 lr=2.38e-04
  ep6 step 300/375 loss=1.9797 vol=1.1625 surf=0.8172 lr=2.50e-04
Epoch   6 (91s) [17.1GB]  train[vol=0.5643 surf=0.4146]  val_avg_surf_p=232.1012
    val_single_in_dist         loss=1.7547  surf[p=246.9356 Ux=3.1536 Uy=1.2217]  vol[p=182.0627 Ux=6.4901 Uy=2.4604]
    val_geom_camber_rc         loss=2.3506  surf[p=322.8962 Ux=5.5677 Uy=1.8793]  vol[p=253.7354 Ux=7.7288 Uy=3.7764]
    val_geom_camber_cruise     loss=0.5606  surf[p=150.5525 Ux=2.9143 Uy=0.9291]  vol[p=114.3774 Ux=5.2463 Uy=1.7856]
    val_re_rand                loss=1.2755  surf[p=208.0206 Ux=3.9385 Uy=1.3016]  vol[p=159.9100 Ux=5.9995 Uy=2.5888]
  ep7 step 100/375 loss=0.6447 vol=0.4289 surf=0.2158 lr=2.69e-04
  ep7 step 200/375 loss=0.4029 vol=0.2433 surf=0.1596 lr=2.77e-04
  ep7 step 300/375 loss=0.2359 vol=0.1574 surf=0.0785 lr=2.85e-04
Epoch   7 (91s) [17.1GB]  train[vol=0.7733 surf=0.5526]  val_avg_surf_p=198.5849 *
    val_single_in_dist         loss=3.0037  surf[p=252.7036 Ux=4.4673 Uy=1.4781]  vol[p=232.7795 Ux=7.5437 Uy=3.1434]
    val_geom_camber_rc         loss=1.4876  surf[p=210.1098 Ux=4.7728 Uy=1.5943]  vol[p=197.0447 Ux=7.1848 Uy=3.4289]
    val_geom_camber_cruise     loss=0.7078  surf[p=160.8862 Ux=2.8552 Uy=1.0037]  vol[p=143.4538 Ux=5.5302 Uy=2.1154]
    val_re_rand                loss=1.0074  surf[p=170.6398 Ux=3.5454 Uy=1.2303]  vol[p=154.4091 Ux=5.9705 Uy=2.5835]
  ep8 step 100/375 loss=0.6415 vol=0.3562 surf=0.2853 lr=2.94e-04
  ep8 step 200/375 loss=0.8081 vol=0.5344 surf=0.2736 lr=2.98e-04
  ep8 step 300/375 loss=2.0948 vol=1.2107 surf=0.8841 lr=3.00e-04
Epoch   8 (91s) [17.1GB]  train[vol=0.8403 surf=0.6020]  val_avg_surf_p=196.9720 *
    val_single_in_dist         loss=1.7122  surf[p=222.7805 Ux=4.1431 Uy=1.2216]  vol[p=187.9951 Ux=6.3630 Uy=2.4057]
    val_geom_camber_rc         loss=1.4808  surf[p=231.0995 Ux=5.3663 Uy=1.5443]  vol[p=215.7060 Ux=7.0353 Uy=3.0228]
    val_geom_camber_cruise     loss=0.6806  surf[p=160.0585 Ux=4.3680 Uy=1.0153]  vol[p=141.8581 Ux=5.8406 Uy=1.8497]
    val_re_rand                loss=0.9596  surf[p=173.9494 Ux=4.6592 Uy=1.2111]  vol[p=154.7994 Ux=6.1292 Uy=2.2676]
  ep9 step 100/375 loss=0.7838 vol=0.4878 surf=0.2960 lr=3.00e-04
  ep9 step 200/375 loss=0.3966 vol=0.1956 surf=0.2010 lr=3.00e-04
  ep9 step 300/375 loss=0.5927 vol=0.3794 surf=0.2133 lr=3.00e-04
Epoch   9 (91s) [17.1GB]  train[vol=0.4953 surf=0.3580]  val_avg_surf_p=188.1156 *
    val_single_in_dist         loss=1.7085  surf[p=238.5323 Ux=2.4903 Uy=1.0135]  vol[p=196.6246 Ux=5.3438 Uy=2.3025]
    val_geom_camber_rc         loss=1.1715  surf[p=188.2456 Ux=4.2250 Uy=1.3567]  vol[p=171.5239 Ux=6.7504 Uy=2.9008]
    val_geom_camber_cruise     loss=0.5318  surf[p=160.1611 Ux=2.9060 Uy=0.8520]  vol[p=131.7520 Ux=5.1054 Uy=1.6103]
    val_re_rand                loss=0.8105  surf[p=165.5234 Ux=3.3787 Uy=1.0796]  vol[p=141.1525 Ux=5.6196 Uy=2.1107]
  ep10 step 100/375 loss=1.0014 vol=0.6746 surf=0.3268 lr=3.00e-04
  ep10 step 200/375 loss=1.0274 vol=0.6590 surf=0.3684 lr=3.00e-04
  ep10 step 300/375 loss=0.8247 vol=0.3934 surf=0.4313 lr=3.00e-04
Epoch  10 (91s) [17.1GB]  train[vol=0.5233 surf=0.3660]  val_avg_surf_p=150.0990 *
    val_single_in_dist         loss=1.5469  surf[p=174.5162 Ux=2.3542 Uy=0.9747]  vol[p=156.3247 Ux=5.1295 Uy=1.9790]
    val_geom_camber_rc         loss=1.2141  surf[p=178.1370 Ux=3.9338 Uy=1.2980]  vol[p=166.0552 Ux=6.2558 Uy=2.7492]
    val_geom_camber_cruise     loss=0.3581  surf[p=114.3519 Ux=2.2032 Uy=0.6489]  vol[p=92.2528 Ux=4.3352 Uy=1.3207]
    val_re_rand                loss=0.7186  surf[p=133.3910 Ux=2.8987 Uy=0.9246]  vol[p=114.1401 Ux=4.8592 Uy=1.9000]
  ep11 step 100/375 loss=0.6235 vol=0.3772 surf=0.2462 lr=2.99e-04
  ep11 step 200/375 loss=0.6119 vol=0.3352 surf=0.2767 lr=2.99e-04
  ep11 step 300/375 loss=0.8121 vol=0.4625 surf=0.3496 lr=2.99e-04
Epoch  11 (91s) [17.1GB]  train[vol=0.4957 surf=0.3598]  val_avg_surf_p=156.3409
    val_single_in_dist         loss=1.1211  surf[p=171.3156 Ux=2.7113 Uy=0.9055]  vol[p=154.7769 Ux=5.7392 Uy=1.9394]
    val_geom_camber_rc         loss=1.1228  surf[p=178.8502 Ux=4.1329 Uy=1.1967]  vol[p=168.1510 Ux=6.7471 Uy=2.6832]
    val_geom_camber_cruise     loss=0.4396  surf[p=134.8362 Ux=2.1349 Uy=0.8026]  vol[p=116.2001 Ux=4.4565 Uy=1.6455]
    val_re_rand                loss=0.6970  surf[p=140.3616 Ux=2.7552 Uy=0.9806]  vol[p=127.2515 Ux=5.0558 Uy=2.0407]
  ep12 step 100/375 loss=0.1273 vol=0.0872 surf=0.0401 lr=2.98e-04
  ep12 step 200/375 loss=0.3065 vol=0.2139 surf=0.0926 lr=2.98e-04
  ep12 step 300/375 loss=0.7192 vol=0.4360 surf=0.2832 lr=2.98e-04
Epoch  12 (91s) [17.1GB]  train[vol=0.5849 surf=0.4183]  val_avg_surf_p=149.5168 *
    val_single_in_dist         loss=1.3021  surf[p=166.2044 Ux=2.2189 Uy=0.8998]  vol[p=148.8658 Ux=5.2074 Uy=2.0665]
    val_geom_camber_rc         loss=1.2753  surf[p=185.0699 Ux=3.8604 Uy=1.1691]  vol[p=175.0810 Ux=6.4396 Uy=2.6572]
    val_geom_camber_cruise     loss=0.3901  surf[p=113.7527 Ux=1.8720 Uy=0.7417]  vol[p=98.4424 Ux=4.0880 Uy=1.6626]
    val_re_rand                loss=0.7573  surf[p=133.0403 Ux=2.7184 Uy=0.9662]  vol[p=118.5327 Ux=4.7582 Uy=2.0695]
  ep13 step 100/375 loss=0.3584 vol=0.2130 surf=0.1454 lr=2.97e-04
  ep13 step 200/375 loss=0.5602 vol=0.3487 surf=0.2115 lr=2.97e-04
  ep13 step 300/375 loss=0.1886 vol=0.1227 surf=0.0659 lr=2.97e-04
Epoch  13 (91s) [17.1GB]  train[vol=0.4359 surf=0.3047]  val_avg_surf_p=142.8826 *
    val_single_in_dist         loss=1.0232  surf[p=176.8376 Ux=2.3140 Uy=1.0682]  vol[p=150.2201 Ux=5.1354 Uy=2.2570]
    val_geom_camber_rc         loss=0.8583  surf[p=158.0304 Ux=3.5066 Uy=1.1975]  vol[p=140.5808 Ux=5.8624 Uy=2.5923]
    val_geom_camber_cruise     loss=0.3555  surf[p=109.2778 Ux=2.0982 Uy=0.7773]  vol[p=93.2465 Ux=4.1150 Uy=1.3657]
    val_re_rand                loss=0.6293  surf[p=127.3845 Ux=2.6166 Uy=0.9951]  vol[p=110.7714 Ux=4.6116 Uy=1.8838]
  ep14 step 100/375 loss=0.7640 vol=0.4025 surf=0.3615 lr=2.96e-04
  ep14 step 200/375 loss=0.3177 vol=0.1963 surf=0.1214 lr=2.96e-04
  ep14 step 300/375 loss=0.3775 vol=0.2206 surf=0.1570 lr=2.95e-04
Epoch  14 (91s) [17.1GB]  train[vol=0.5584 surf=0.3659]  val_avg_surf_p=144.6707
    val_single_in_dist         loss=1.2936  surf[p=155.4718 Ux=2.3434 Uy=0.9030]  vol[p=141.9701 Ux=4.5408 Uy=1.7614]
    val_geom_camber_rc         loss=1.1371  surf[p=187.9936 Ux=3.9993 Uy=1.2690]  vol[p=162.7846 Ux=5.9043 Uy=2.5926]
    val_geom_camber_cruise     loss=0.3359  surf[p=104.4117 Ux=1.8534 Uy=0.6602]  vol[p=84.8198 Ux=3.7809 Uy=1.2658]
    val_re_rand                loss=0.7275  surf[p=130.8058 Ux=2.8440 Uy=0.9048]  vol[p=110.4431 Ux=4.6092 Uy=1.8057]
  ep15 step 100/375 loss=0.2339 vol=0.1778 surf=0.0562 lr=2.94e-04
  ep15 step 200/375 loss=0.8688 vol=0.4439 surf=0.4249 lr=2.94e-04
  ep15 step 300/375 loss=0.1769 vol=0.1142 surf=0.0626 lr=2.93e-04
Epoch  15 (91s) [17.1GB]  train[vol=0.4184 surf=0.3149]  val_avg_surf_p=158.5394
    val_single_in_dist         loss=1.0959  surf[p=191.9842 Ux=2.3030 Uy=1.0181]  vol[p=160.6993 Ux=4.9114 Uy=2.0221]
    val_geom_camber_rc         loss=0.8851  surf[p=169.1000 Ux=4.0140 Uy=1.2133]  vol[p=144.3401 Ux=6.2240 Uy=2.4564]
    val_geom_camber_cruise     loss=0.4264  surf[p=127.0886 Ux=2.2172 Uy=0.7822]  vol[p=105.2784 Ux=4.1252 Uy=1.4460]
    val_re_rand                loss=0.7359  surf[p=145.9849 Ux=3.1581 Uy=1.0212]  vol[p=120.5922 Ux=5.0546 Uy=1.9560]
  ep16 step 100/375 loss=0.4963 vol=0.2782 surf=0.2181 lr=2.92e-04
  ep16 step 200/375 loss=0.2373 vol=0.1742 surf=0.0630 lr=2.92e-04
  ep16 step 300/375 loss=0.5883 vol=0.3054 surf=0.2829 lr=2.91e-04
Epoch  16 (91s) [17.1GB]  train[vol=0.4991 surf=0.3251]  val_avg_surf_p=163.6086
    val_single_in_dist         loss=1.1256  surf[p=188.0335 Ux=2.8675 Uy=1.0062]  vol[p=145.3324 Ux=5.2263 Uy=1.8687]
    val_geom_camber_rc         loss=1.3047  surf[p=222.1958 Ux=4.5098 Uy=1.3871]  vol[p=176.1512 Ux=6.7153 Uy=2.7496]
    val_geom_camber_cruise     loss=0.3155  surf[p=99.8618 Ux=2.1053 Uy=0.6799]  vol[p=82.3385 Ux=3.9673 Uy=1.2858]
    val_re_rand                loss=0.7675  surf[p=144.3432 Ux=3.1690 Uy=0.9546]  vol[p=113.9829 Ux=4.9058 Uy=1.8628]
  ep17 step 100/375 loss=0.2590 vol=0.1793 surf=0.0797 lr=2.90e-04
  ep17 step 200/375 loss=0.5716 vol=0.3256 surf=0.2460 lr=2.90e-04
  ep17 step 300/375 loss=0.3324 vol=0.1998 surf=0.1326 lr=2.89e-04
Epoch  17 (91s) [17.1GB]  train[vol=0.4241 surf=0.2941]  val_avg_surf_p=126.0467 *
    val_single_in_dist         loss=0.7577  surf[p=135.4308 Ux=1.7250 Uy=0.8014]  vol[p=119.1290 Ux=3.9641 Uy=1.5891]
    val_geom_camber_rc         loss=0.7864  surf[p=141.9142 Ux=3.4266 Uy=1.1121]  vol[p=128.8860 Ux=5.6184 Uy=2.3187]
    val_geom_camber_cruise     loss=0.3128  surf[p=107.6419 Ux=1.6083 Uy=0.7454]  vol[p=87.0584 Ux=3.6833 Uy=1.2968]
    val_re_rand                loss=0.5736  surf[p=119.2000 Ux=2.4253 Uy=0.9127]  vol[p=101.2359 Ux=4.3492 Uy=1.7190]
  ep18 step 100/375 loss=0.3080 vol=0.1693 surf=0.1386 lr=2.88e-04
  ep18 step 200/375 loss=0.5476 vol=0.3416 surf=0.2060 lr=2.87e-04
  ep18 step 300/375 loss=0.3783 vol=0.2596 surf=0.1187 lr=2.86e-04
Epoch  18 (91s) [17.1GB]  train[vol=0.3084 surf=0.2178]  val_avg_surf_p=124.0965 *
    val_single_in_dist         loss=0.7232  surf[p=141.2028 Ux=1.8112 Uy=0.7821]  vol[p=121.0608 Ux=3.8668 Uy=1.5589]
    val_geom_camber_rc         loss=0.7016  surf[p=138.3587 Ux=3.2097 Uy=1.0218]  vol[p=126.7297 Ux=5.3867 Uy=2.3089]
    val_geom_camber_cruise     loss=0.2860  surf[p=97.9279 Ux=1.5854 Uy=0.6197]  vol[p=79.0489 Ux=3.5201 Uy=1.2013]
    val_re_rand                loss=0.5542  surf[p=118.8964 Ux=2.4139 Uy=0.8440]  vol[p=100.1832 Ux=4.3472 Uy=1.6867]
  ep19 step 100/375 loss=1.1730 vol=0.7593 surf=0.4137 lr=2.85e-04
  ep19 step 200/375 loss=0.2759 vol=0.1902 surf=0.0857 lr=2.84e-04
  ep19 step 300/375 loss=0.2275 vol=0.1581 surf=0.0695 lr=2.83e-04
Epoch  19 (91s) [17.1GB]  train[vol=0.3001 surf=0.2251]  val_avg_surf_p=152.0222
    val_single_in_dist         loss=0.7641  surf[p=144.3156 Ux=2.4461 Uy=0.8457]  vol[p=128.9268 Ux=4.9036 Uy=1.7128]
    val_geom_camber_rc         loss=0.9554  surf[p=180.7537 Ux=4.4098 Uy=1.1471]  vol[p=159.3035 Ux=6.9098 Uy=2.4560]
    val_geom_camber_cruise     loss=0.5472  surf[p=140.4160 Ux=2.6583 Uy=0.7757]  vol[p=108.6035 Ux=5.0466 Uy=1.5524]
    val_re_rand                loss=0.7040  surf[p=142.6033 Ux=3.2402 Uy=0.9306]  vol[p=119.0498 Ux=5.3992 Uy=1.9042]
  ep20 step 100/375 loss=0.6996 vol=0.3798 surf=0.3197 lr=2.82e-04
  ep20 step 200/375 loss=0.2327 vol=0.1433 surf=0.0894 lr=2.81e-04
  ep20 step 300/375 loss=0.5441 vol=0.3084 surf=0.2358 lr=2.80e-04
Epoch  20 (91s) [17.1GB]  train[vol=0.3627 surf=0.2347]  val_avg_surf_p=115.7423 *
    val_single_in_dist         loss=0.7353  surf[p=124.9943 Ux=1.7487 Uy=0.6925]  vol[p=111.1483 Ux=3.9405 Uy=1.4330]
    val_geom_camber_rc         loss=0.6663  surf[p=133.0756 Ux=3.1966 Uy=0.9999]  vol[p=118.6280 Ux=5.2032 Uy=2.1724]
    val_geom_camber_cruise     loss=0.2736  surf[p=95.5754 Ux=1.7712 Uy=0.5695]  vol[p=78.3407 Ux=3.7410 Uy=1.1131]
    val_re_rand                loss=0.5194  surf[p=109.3241 Ux=2.4361 Uy=0.7750]  vol[p=93.4377 Ux=4.2811 Uy=1.5875]
  ep21 step 100/375 loss=0.2885 vol=0.1810 surf=0.1075 lr=2.79e-04
  ep21 step 200/375 loss=0.3324 vol=0.2073 surf=0.1251 lr=2.78e-04
  ep21 step 300/375 loss=0.9682 vol=0.4312 surf=0.5369 lr=2.77e-04
Epoch  21 (91s) [17.1GB]  train[vol=0.2217 surf=0.1501]  val_avg_surf_p=109.9393 *
    val_single_in_dist         loss=0.6173  surf[p=114.2295 Ux=1.5468 Uy=0.6848]  vol[p=102.3701 Ux=3.5517 Uy=1.4430]
    val_geom_camber_rc         loss=0.6597  surf[p=125.7357 Ux=3.1609 Uy=0.9535]  vol[p=116.8197 Ux=5.3456 Uy=2.1989]
    val_geom_camber_cruise     loss=0.2724  surf[p=92.3734 Ux=1.6675 Uy=0.6047]  vol[p=76.7234 Ux=3.4460 Uy=1.2174]
    val_re_rand                loss=0.5002  surf[p=107.4184 Ux=2.2544 Uy=0.7811]  vol[p=92.0369 Ux=4.0830 Uy=1.6556]
  ep22 step 100/375 loss=0.1348 vol=0.0935 surf=0.0413 lr=2.75e-04
  ep22 step 200/375 loss=1.2073 vol=0.7361 surf=0.4712 lr=2.74e-04
  ep22 step 300/375 loss=4.8983 vol=2.5985 surf=2.2998 lr=2.73e-04
Epoch  22 (91s) [17.1GB]  train[vol=0.3638 surf=0.2391]  val_avg_surf_p=203.8523
    val_single_in_dist         loss=2.2836  surf[p=331.0825 Ux=5.8384 Uy=1.0502]  vol[p=272.2376 Ux=8.2553 Uy=2.0020]
    val_geom_camber_rc         loss=1.1522  surf[p=195.6129 Ux=3.7930 Uy=1.2030]  vol[p=169.8295 Ux=6.0156 Uy=2.7722]
    val_geom_camber_cruise     loss=0.4222  surf[p=135.5409 Ux=2.1918 Uy=0.6695]  vol[p=102.8572 Ux=4.2363 Uy=1.3820]
    val_re_rand                loss=0.8197  surf[p=153.1730 Ux=3.1810 Uy=0.8935]  vol[p=127.5744 Ux=5.2299 Uy=1.9460]
  ep23 step 100/375 loss=1.1940 vol=0.6956 surf=0.4984 lr=2.72e-04
  ep23 step 200/375 loss=0.2332 vol=0.1536 surf=0.0795 lr=2.71e-04
  ep23 step 300/375 loss=0.1570 vol=0.1008 surf=0.0562 lr=2.70e-04
Epoch  23 (91s) [17.1GB]  train[vol=0.3316 surf=0.2224]  val_avg_surf_p=112.0636
    val_single_in_dist         loss=0.5447  surf[p=112.3984 Ux=1.6669 Uy=0.7212]  vol[p=104.2250 Ux=3.6270 Uy=1.4660]
    val_geom_camber_rc         loss=0.6960  surf[p=131.6922 Ux=3.2197 Uy=0.9971]  vol[p=121.4025 Ux=5.2888 Uy=2.2628]
    val_geom_camber_cruise     loss=0.2828  surf[p=93.5587 Ux=1.7860 Uy=0.6079]  vol[p=76.8281 Ux=3.6660 Uy=1.2334]
    val_re_rand                loss=0.5301  surf[p=110.6050 Ux=2.6080 Uy=0.8261]  vol[p=96.4088 Ux=4.4586 Uy=1.6852]
  ep24 step 100/375 loss=0.4078 vol=0.2801 surf=0.1277 lr=2.68e-04
  ep24 step 200/375 loss=0.3819 vol=0.2486 surf=0.1333 lr=2.67e-04
  ep24 step 300/375 loss=0.1673 vol=0.1104 surf=0.0568 lr=2.65e-04
Epoch  24 (91s) [17.1GB]  train[vol=0.2268 surf=0.1628]  val_avg_surf_p=128.1677
    val_single_in_dist         loss=1.0321  surf[p=148.8650 Ux=3.3429 Uy=0.7696]  vol[p=132.6048 Ux=6.0421 Uy=1.7182]
    val_geom_camber_rc         loss=0.8158  surf[p=146.9095 Ux=4.2206 Uy=0.9781]  vol[p=136.1355 Ux=6.3397 Uy=2.1988]
    val_geom_camber_cruise     loss=0.2975  surf[p=100.2930 Ux=1.7693 Uy=0.6267]  vol[p=82.9231 Ux=3.5485 Uy=1.3325]
    val_re_rand                loss=0.5886  surf[p=116.6033 Ux=2.8032 Uy=0.8239]  vol[p=102.3414 Ux=4.4069 Uy=1.7657]
  ep25 step 100/375 loss=0.7967 vol=0.3457 surf=0.4510 lr=2.63e-04
  ep25 step 200/375 loss=0.4147 vol=0.2574 surf=0.1573 lr=2.62e-04
  ep25 step 300/375 loss=0.2947 vol=0.2073 surf=0.0874 lr=2.61e-04
Epoch  25 (91s) [17.1GB]  train[vol=0.2836 surf=0.1952]  val_avg_surf_p=127.1974
    val_single_in_dist         loss=0.8456  surf[p=146.4089 Ux=1.8221 Uy=0.7539]  vol[p=124.2780 Ux=3.9366 Uy=1.5675]
    val_geom_camber_rc         loss=0.8672  surf[p=162.0798 Ux=3.4094 Uy=1.0108]  vol[p=141.2463 Ux=5.5540 Uy=2.3182]
    val_geom_camber_cruise     loss=0.2250  surf[p=82.4815 Ux=1.4369 Uy=0.5508]  vol[p=68.4945 Ux=3.2500 Uy=1.1507]
    val_re_rand                loss=0.6333  surf[p=117.8195 Ux=2.2805 Uy=0.7452]  vol[p=98.7148 Ux=4.0739 Uy=1.6361]
  ep26 step 100/375 loss=0.2581 vol=0.1593 surf=0.0988 lr=2.59e-04
  ep26 step 200/375 loss=0.1495 vol=0.0823 surf=0.0671 lr=2.58e-04
  ep26 step 300/375 loss=0.1648 vol=0.1021 surf=0.0627 lr=2.57e-04
Epoch  26 (91s) [17.1GB]  train[vol=0.3630 surf=0.2119]  val_avg_surf_p=117.2195
    val_single_in_dist         loss=0.9372  surf[p=139.9620 Ux=2.4773 Uy=0.7620]  vol[p=128.9612 Ux=4.6229 Uy=1.6738]
    val_geom_camber_rc         loss=0.7058  surf[p=131.0521 Ux=3.8083 Uy=0.9381]  vol[p=121.8030 Ux=5.9070 Uy=2.1941]
    val_geom_camber_cruise     loss=0.2457  surf[p=86.8277 Ux=1.8663 Uy=0.5591]  vol[p=71.3721 Ux=3.3552 Uy=1.1232]
    val_re_rand                loss=0.5329  surf[p=111.0361 Ux=2.6382 Uy=0.7658]  vol[p=96.5227 Ux=4.2842 Uy=1.6259]
  ep27 step 100/375 loss=0.5839 vol=0.3177 surf=0.2662 lr=2.54e-04
  ep27 step 200/375 loss=0.1231 vol=0.0801 surf=0.0430 lr=2.53e-04
  ep27 step 300/375 loss=1.3792 vol=0.8154 surf=0.5638 lr=2.52e-04
Epoch  27 (91s) [17.1GB]  train[vol=0.3164 surf=0.2070]  val_avg_surf_p=133.7220
    val_single_in_dist         loss=0.7192  surf[p=169.1797 Ux=1.7247 Uy=0.7799]  vol[p=132.6537 Ux=3.5522 Uy=1.5055]
    val_geom_camber_rc         loss=0.7699  surf[p=159.0746 Ux=3.2958 Uy=1.2353]  vol[p=138.4441 Ux=5.5304 Uy=2.4830]
    val_geom_camber_cruise     loss=0.2346  surf[p=84.1448 Ux=1.6808 Uy=0.5624]  vol[p=65.3524 Ux=3.1797 Uy=1.1127]
    val_re_rand                loss=0.6158  surf[p=122.4888 Ux=2.5241 Uy=0.8655]  vol[p=98.2258 Ux=4.1212 Uy=1.6836]
  ep28 step 100/375 loss=0.6529 vol=0.2195 surf=0.4334 lr=2.50e-04
  ep28 step 200/375 loss=0.2051 vol=0.1421 surf=0.0630 lr=2.48e-04
  ep28 step 300/375 loss=0.3712 vol=0.1974 surf=0.1739 lr=2.47e-04
Epoch  28 (91s) [17.1GB]  train[vol=0.4154 surf=0.2366]  val_avg_surf_p=121.7670
    val_single_in_dist         loss=0.7503  surf[p=124.8661 Ux=1.7730 Uy=0.7160]  vol[p=108.5941 Ux=3.8907 Uy=1.4883]
    val_geom_camber_rc         loss=0.8274  surf[p=164.2689 Ux=3.5787 Uy=1.0383]  vol[p=141.0267 Ux=5.4054 Uy=2.1905]
    val_geom_camber_cruise     loss=0.2241  surf[p=79.0372 Ux=1.6681 Uy=0.5848]  vol[p=65.5497 Ux=3.4085 Uy=1.1142]
    val_re_rand                loss=0.6170  surf[p=118.8958 Ux=2.6789 Uy=0.8427]  vol[p=99.1875 Ux=4.2542 Uy=1.6633]
  ep29 step 100/375 loss=0.4998 vol=0.2412 surf=0.2586 lr=2.45e-04
  ep29 step 200/375 loss=0.1541 vol=0.1005 surf=0.0536 lr=2.43e-04
  ep29 step 300/375 loss=0.3606 vol=0.2224 surf=0.1383 lr=2.42e-04
Epoch  29 (91s) [17.1GB]  train[vol=0.3624 surf=0.2051]  val_avg_surf_p=137.9498
    val_single_in_dist         loss=0.6173  surf[p=131.5669 Ux=1.7670 Uy=0.7105]  vol[p=124.8613 Ux=3.8190 Uy=1.5437]
    val_geom_camber_rc         loss=1.0542  surf[p=195.7500 Ux=3.6572 Uy=1.0800]  vol[p=166.2499 Ux=5.8491 Uy=2.4663]
    val_geom_camber_cruise     loss=0.3055  surf[p=93.2261 Ux=1.7857 Uy=0.5903]  vol[p=73.2428 Ux=3.6552 Uy=1.2339]
    val_re_rand                loss=0.6380  surf[p=131.2562 Ux=2.5190 Uy=0.8128]  vol[p=105.7214 Ux=4.3220 Uy=1.7440]
  ep30 step 100/375 loss=0.3721 vol=0.2659 surf=0.1062 lr=2.39e-04
  ep30 step 200/375 loss=0.2134 vol=0.1422 surf=0.0711 lr=2.38e-04
  ep30 step 300/375 loss=0.2176 vol=0.1343 surf=0.0833 lr=2.37e-04
Epoch  30 (91s) [17.1GB]  train[vol=0.3480 surf=0.2277]  val_avg_surf_p=160.1749
    val_single_in_dist         loss=0.9168  surf[p=161.2527 Ux=2.2639 Uy=1.0038]  vol[p=149.2634 Ux=4.6680 Uy=1.8878]
    val_geom_camber_rc         loss=1.0986  surf[p=210.0535 Ux=4.3310 Uy=1.5645]  vol[p=177.4763 Ux=6.5692 Uy=2.8252]
    val_geom_camber_cruise     loss=0.3250  surf[p=118.7315 Ux=1.6877 Uy=0.6877]  vol[p=94.3728 Ux=3.5165 Uy=1.3516]
    val_re_rand                loss=0.7219  surf[p=150.6618 Ux=2.8830 Uy=1.0412]  vol[p=124.2950 Ux=4.7386 Uy=1.9313]
  ep31 step 100/375 loss=0.1949 vol=0.1219 surf=0.0730 lr=2.34e-04
  ep31 step 200/375 loss=0.5764 vol=0.3635 surf=0.2130 lr=2.33e-04
  ep31 step 300/375 loss=0.3183 vol=0.2013 surf=0.1170 lr=2.31e-04
Epoch  31 (91s) [17.1GB]  train[vol=0.4042 surf=0.2500]  val_avg_surf_p=111.2680
    val_single_in_dist         loss=0.5066  surf[p=116.5192 Ux=1.5635 Uy=0.6575]  vol[p=109.8281 Ux=3.7586 Uy=1.2911]
    val_geom_camber_rc         loss=0.6341  surf[p=136.8025 Ux=3.3417 Uy=0.9962]  vol[p=123.7404 Ux=5.3462 Uy=2.1334]
    val_geom_camber_cruise     loss=0.2064  surf[p=79.8225 Ux=1.4916 Uy=0.5495]  vol[p=63.8939 Ux=3.3231 Uy=1.0317]
    val_re_rand                loss=0.5217  surf[p=111.9279 Ux=2.4546 Uy=0.7809]  vol[p=93.7544 Ux=4.2053 Uy=1.5568]
  ep32 step 100/375 loss=0.2252 vol=0.1475 surf=0.0777 lr=2.29e-04
  ep32 step 200/375 loss=0.3042 vol=0.1785 surf=0.1258 lr=2.27e-04
  ep32 step 300/375 loss=0.9247 vol=0.5653 surf=0.3594 lr=2.26e-04
Epoch  32 (91s) [17.1GB]  train[vol=0.3294 surf=0.2011]  val_avg_surf_p=103.9829 *
    val_single_in_dist         loss=0.5635  surf[p=118.0787 Ux=1.4716 Uy=0.7385]  vol[p=110.1375 Ux=3.5682 Uy=1.5067]
    val_geom_camber_rc         loss=0.5610  surf[p=118.8766 Ux=3.1755 Uy=0.9157]  vol[p=109.2250 Ux=5.1145 Uy=2.0462]
    val_geom_camber_cruise     loss=0.2328  surf[p=80.1416 Ux=1.4866 Uy=0.5792]  vol[p=68.2103 Ux=3.2253 Uy=1.1866]
    val_re_rand                loss=0.4602  surf[p=98.8346 Ux=2.1492 Uy=0.7587]  vol[p=85.4261 Ux=3.8198 Uy=1.5586]
  ep33 step 100/375 loss=14.3867 vol=9.9558 surf=4.4310 lr=2.23e-04
  ep33 step 200/375 loss=0.3309 vol=0.1635 surf=0.1674 lr=2.21e-04
  ep33 step 300/375 loss=0.1760 vol=0.1016 surf=0.0744 lr=2.20e-04
Epoch  33 (91s) [17.1GB]  train[vol=0.1830 surf=0.1074]  val_avg_surf_p=94.7453 *
    val_single_in_dist         loss=0.4311  surf[p=91.0850 Ux=1.1507 Uy=0.5686]  vol[p=80.7131 Ux=3.0685 Uy=1.1476]
    val_geom_camber_rc         loss=0.6063  surf[p=129.5266 Ux=3.1368 Uy=0.9251]  vol[p=114.3447 Ux=5.2864 Uy=1.9800]
    val_geom_camber_cruise     loss=0.1839  surf[p=67.4810 Ux=1.4176 Uy=0.4807]  vol[p=57.5350 Ux=3.1382 Uy=0.9460]
    val_re_rand                loss=0.4248  surf[p=90.8887 Ux=2.0609 Uy=0.6745]  vol[p=76.5702 Ux=3.7729 Uy=1.3723]
  ep34 step 100/375 loss=0.1106 vol=0.0843 surf=0.0263 lr=2.17e-04
  ep34 step 200/375 loss=0.8335 vol=0.5880 surf=0.2455 lr=2.16e-04
  ep34 step 300/375 loss=0.1322 vol=0.0948 surf=0.0374 lr=2.14e-04
Epoch  34 (91s) [17.1GB]  train[vol=0.2211 surf=0.1497]  val_avg_surf_p=109.7172
    val_single_in_dist         loss=0.4985  surf[p=111.6278 Ux=1.7375 Uy=0.5918]  vol[p=96.1955 Ux=3.6452 Uy=1.2320]
    val_geom_camber_rc         loss=0.7177  surf[p=152.2502 Ux=3.5920 Uy=0.9928]  vol[p=134.4491 Ux=5.8499 Uy=2.1635]
    val_geom_camber_cruise     loss=0.1878  surf[p=70.3486 Ux=1.5584 Uy=0.4948]  vol[p=58.1684 Ux=3.1890 Uy=0.9543]
    val_re_rand                loss=0.5128  surf[p=104.6422 Ux=2.4729 Uy=0.6976]  vol[p=88.6138 Ux=4.1309 Uy=1.4616]
  ep35 step 100/375 loss=0.0502 vol=0.0384 surf=0.0117 lr=2.11e-04
  ep35 step 200/375 loss=0.4825 vol=0.1935 surf=0.2890 lr=2.10e-04
  ep35 step 300/375 loss=0.5870 vol=0.3868 surf=0.2001 lr=2.08e-04
Epoch  35 (91s) [17.1GB]  train[vol=0.2757 surf=0.1715]  val_avg_surf_p=110.0182
    val_single_in_dist         loss=0.4676  surf[p=104.5053 Ux=1.5253 Uy=0.6400]  vol[p=93.6730 Ux=3.5097 Uy=1.2769]
    val_geom_camber_rc         loss=0.7080  surf[p=150.1902 Ux=3.6851 Uy=1.0450]  vol[p=133.5549 Ux=5.5070 Uy=2.0607]
    val_geom_camber_cruise     loss=0.2167  surf[p=76.6123 Ux=1.8218 Uy=0.5200]  vol[p=64.3503 Ux=3.4045 Uy=1.0042]
    val_re_rand                loss=0.5021  surf[p=108.7650 Ux=2.6349 Uy=0.7998]  vol[p=90.9400 Ux=4.0413 Uy=1.5104]
  ep36 step 100/375 loss=0.1231 vol=0.0737 surf=0.0494 lr=2.05e-04
  ep36 step 200/375 loss=0.6341 vol=0.4552 surf=0.1789 lr=2.04e-04
  ep36 step 300/375 loss=0.1516 vol=0.0960 surf=0.0556 lr=2.02e-04
Epoch  36 (91s) [17.1GB]  train[vol=0.3410 surf=0.1998]  val_avg_surf_p=97.8861
    val_single_in_dist         loss=0.4436  surf[p=99.2985 Ux=1.4653 Uy=0.6089]  vol[p=92.6452 Ux=3.5095 Uy=1.2310]
    val_geom_camber_rc         loss=0.6211  surf[p=130.1544 Ux=3.1229 Uy=0.9493]  vol[p=117.8763 Ux=5.1151 Uy=2.0263]
    val_geom_camber_cruise     loss=0.1728  surf[p=68.2575 Ux=1.3963 Uy=0.5025]  vol[p=54.1819 Ux=3.0351 Uy=0.9456]
    val_re_rand                loss=0.4299  surf[p=93.8338 Ux=2.1554 Uy=0.7163]  vol[p=80.9513 Ux=3.7914 Uy=1.4411]
  ep37 step 100/375 loss=0.6575 vol=0.3906 surf=0.2669 lr=1.99e-04
  ep37 step 200/375 loss=0.2642 vol=0.1586 surf=0.1056 lr=1.97e-04
  ep37 step 300/375 loss=0.3092 vol=0.1737 surf=0.1355 lr=1.96e-04
Epoch  37 (91s) [17.1GB]  train[vol=0.2791 surf=0.1849]  val_avg_surf_p=90.4979 *
    val_single_in_dist         loss=0.3704  surf[p=88.8641 Ux=1.2036 Uy=0.5323]  vol[p=80.8067 Ux=3.0967 Uy=1.0761]
    val_geom_camber_rc         loss=0.5266  surf[p=109.7758 Ux=3.1534 Uy=0.9300]  vol[p=101.0511 Ux=5.0508 Uy=1.8719]
    val_geom_camber_cruise     loss=0.1892  surf[p=72.3978 Ux=1.4912 Uy=0.5076]  vol[p=57.3966 Ux=3.1781 Uy=0.9341]
    val_re_rand                loss=0.4021  surf[p=90.9537 Ux=2.2258 Uy=0.7162]  vol[p=76.5137 Ux=3.7989 Uy=1.3654]
  ep38 step 100/375 loss=0.1847 vol=0.1198 surf=0.0648 lr=1.93e-04
  ep38 step 200/375 loss=0.3072 vol=0.1850 surf=0.1222 lr=1.91e-04
  ep38 step 300/375 loss=0.3847 vol=0.1963 surf=0.1885 lr=1.89e-04
Epoch  38 (91s) [17.1GB]  train[vol=0.2538 surf=0.1485]  val_avg_surf_p=88.5155 *
    val_single_in_dist         loss=0.3960  surf[p=87.3686 Ux=1.2514 Uy=0.5450]  vol[p=79.4234 Ux=3.1203 Uy=1.0843]
    val_geom_camber_rc         loss=0.5474  surf[p=117.9475 Ux=2.9596 Uy=0.8798]  vol[p=111.1407 Ux=5.1767 Uy=1.9474]
    val_geom_camber_cruise     loss=0.1566  surf[p=60.7369 Ux=1.2871 Uy=0.4520]  vol[p=53.2828 Ux=2.9573 Uy=0.8975]
    val_re_rand                loss=0.4316  surf[p=88.0090 Ux=2.0912 Uy=0.6538]  vol[p=78.9098 Ux=3.7968 Uy=1.3340]
  ep39 step 100/375 loss=0.4421 vol=0.2515 surf=0.1907 lr=1.86e-04
  ep39 step 200/375 loss=0.0953 vol=0.0641 surf=0.0312 lr=1.85e-04
  ep39 step 300/375 loss=0.1435 vol=0.1033 surf=0.0402 lr=1.83e-04
Epoch  39 (91s) [17.1GB]  train[vol=0.1563 surf=0.0943]  val_avg_surf_p=91.4631
    val_single_in_dist         loss=0.4769  surf[p=88.1598 Ux=1.1608 Uy=0.5686]  vol[p=81.1637 Ux=3.0286 Uy=1.1046]
    val_geom_camber_rc         loss=0.5522  surf[p=123.7527 Ux=3.2021 Uy=0.9106]  vol[p=113.0618 Ux=5.2676 Uy=1.8770]
    val_geom_camber_cruise     loss=0.1627  surf[p=63.0003 Ux=1.5590 Uy=0.4608]  vol[p=51.6786 Ux=3.2241 Uy=0.8725]
    val_re_rand                loss=0.4008  surf[p=90.9395 Ux=2.2666 Uy=0.6977]  vol[p=77.6525 Ux=3.8849 Uy=1.3333]
  ep40 step 100/375 loss=0.0952 vol=0.0661 surf=0.0290 lr=1.80e-04
  ep40 step 200/375 loss=0.2933 vol=0.1869 surf=0.1064 lr=1.78e-04
  ep40 step 300/375 loss=0.0365 vol=0.0271 surf=0.0093 lr=1.77e-04
Epoch  40 (91s) [17.1GB]  train[vol=0.1802 surf=0.1038]  val_avg_surf_p=93.2371
    val_single_in_dist         loss=0.5075  surf[p=106.1315 Ux=1.6211 Uy=0.5424]  vol[p=90.2525 Ux=3.3663 Uy=1.1156]
    val_geom_camber_rc         loss=0.5282  surf[p=115.2156 Ux=3.1957 Uy=0.8951]  vol[p=104.0383 Ux=4.7595 Uy=1.8677]
    val_geom_camber_cruise     loss=0.1692  surf[p=63.5574 Ux=1.6754 Uy=0.4750]  vol[p=52.6057 Ux=3.2572 Uy=0.9063]
    val_re_rand                loss=0.3909  surf[p=88.0441 Ux=2.4673 Uy=0.6977]  vol[p=74.6276 Ux=3.7749 Uy=1.3452]
  ep41 step 100/375 loss=0.3609 vol=0.2333 surf=0.1275 lr=1.74e-04
  ep41 step 200/375 loss=0.1753 vol=0.1283 surf=0.0470 lr=1.72e-04
  ep41 step 300/375 loss=0.3216 vol=0.2050 surf=0.1165 lr=1.70e-04
Epoch  41 (91s) [17.1GB]  train[vol=0.2343 surf=0.1349]  val_avg_surf_p=97.4746
    val_single_in_dist         loss=0.5025  surf[p=102.9982 Ux=1.6202 Uy=0.5935]  vol[p=96.4315 Ux=3.5470 Uy=1.1725]
    val_geom_camber_rc         loss=0.6271  surf[p=125.7276 Ux=3.3414 Uy=0.9303]  vol[p=115.3835 Ux=5.3998 Uy=1.9247]
    val_geom_camber_cruise     loss=0.1945  surf[p=69.1491 Ux=1.8862 Uy=0.5155]  vol[p=60.9739 Ux=3.5202 Uy=0.9138]
    val_re_rand                loss=0.4521  surf[p=92.0235 Ux=2.4621 Uy=0.7299]  vol[p=80.8320 Ux=4.0410 Uy=1.3405]
  ep42 step 100/375 loss=0.3894 vol=0.2330 surf=0.1564 lr=1.67e-04
  ep42 step 200/375 loss=0.2119 vol=0.1264 surf=0.0855 lr=1.65e-04
  ep42 step 300/375 loss=0.3352 vol=0.1904 surf=0.1447 lr=1.64e-04
Epoch  42 (91s) [17.1GB]  train[vol=0.2073 surf=0.1481]  val_avg_surf_p=99.4555
    val_single_in_dist         loss=0.5620  surf[p=117.7689 Ux=1.2540 Uy=0.6549]  vol[p=98.6542 Ux=3.1756 Uy=1.2480]
    val_geom_camber_rc         loss=0.5234  surf[p=116.8441 Ux=2.7756 Uy=0.9611]  vol[p=106.5642 Ux=4.7471 Uy=1.8786]
    val_geom_camber_cruise     loss=0.1926  surf[p=70.6538 Ux=1.5476 Uy=0.5173]  vol[p=55.3527 Ux=3.1537 Uy=0.9327]
    val_re_rand                loss=0.4000  surf[p=92.5554 Ux=2.0557 Uy=0.7554]  vol[p=78.1923 Ux=3.6634 Uy=1.3535]
  ep43 step 100/375 loss=0.1154 vol=0.0817 surf=0.0337 lr=1.61e-04
  ep43 step 200/375 loss=0.1739 vol=0.1144 surf=0.0595 lr=1.59e-04
  ep43 step 300/375 loss=0.2445 vol=0.1680 surf=0.0764 lr=1.57e-04
Epoch  43 (91s) [17.1GB]  train[vol=0.1480 surf=0.0872]  val_avg_surf_p=96.6816
    val_single_in_dist         loss=0.5246  surf[p=102.5444 Ux=1.6557 Uy=0.5411]  vol[p=89.1611 Ux=3.7189 Uy=1.1567]
    val_geom_camber_rc         loss=0.6283  surf[p=129.6329 Ux=3.6542 Uy=0.9287]  vol[p=118.5510 Ux=5.5024 Uy=1.9041]
    val_geom_camber_cruise     loss=0.1780  surf[p=61.1007 Ux=1.7561 Uy=0.4463]  vol[p=50.5027 Ux=3.3475 Uy=0.8681]
    val_re_rand                loss=0.4496  surf[p=93.4484 Ux=2.5801 Uy=0.6935]  vol[p=80.4064 Ux=4.0210 Uy=1.3358]
  ep44 step 100/375 loss=0.1908 vol=0.1289 surf=0.0619 lr=1.54e-04
  ep44 step 200/375 loss=1.0885 vol=0.6595 surf=0.4290 lr=1.52e-04
  ep44 step 300/375 loss=0.3280 vol=0.1898 surf=0.1382 lr=1.51e-04
Epoch  44 (91s) [17.1GB]  train[vol=0.2648 surf=0.1497]  val_avg_surf_p=95.3572
    val_single_in_dist         loss=0.5173  surf[p=108.0189 Ux=1.4880 Uy=0.6018]  vol[p=97.8203 Ux=3.2483 Uy=1.2133]
    val_geom_camber_rc         loss=0.5045  surf[p=115.8939 Ux=3.2780 Uy=0.9286]  vol[p=104.0868 Ux=4.6313 Uy=1.8031]
    val_geom_camber_cruise     loss=0.1906  surf[p=66.3295 Ux=1.6790 Uy=0.5088]  vol[p=52.9456 Ux=3.1770 Uy=0.9350]
    val_re_rand                loss=0.3900  surf[p=91.1862 Ux=2.4215 Uy=0.7283]  vol[p=76.9880 Ux=3.6124 Uy=1.3302]
  ep45 step 100/375 loss=0.1472 vol=0.1102 surf=0.0370 lr=1.47e-04
  ep45 step 200/375 loss=0.1700 vol=0.0991 surf=0.0709 lr=1.46e-04
  ep45 step 300/375 loss=0.0803 vol=0.0559 surf=0.0244 lr=1.44e-04
Epoch  45 (91s) [17.1GB]  train[vol=0.1876 surf=0.1092]  val_avg_surf_p=85.3459 *
    val_single_in_dist         loss=0.3813  surf[p=85.6400 Ux=1.2778 Uy=0.4901]  vol[p=77.5842 Ux=3.1277 Uy=0.9913]
    val_geom_camber_rc         loss=0.5356  surf[p=112.2389 Ux=3.4496 Uy=0.9273]  vol[p=104.3922 Ux=5.0585 Uy=1.8704]
    val_geom_camber_cruise     loss=0.1703  surf[p=59.9993 Ux=1.4907 Uy=0.4916]  vol[p=51.4552 Ux=3.1750 Uy=0.9111]
    val_re_rand                loss=0.3744  surf[p=83.5053 Ux=2.2927 Uy=0.7005]  vol[p=71.5291 Ux=3.7034 Uy=1.3125]
  ep46 step 100/375 loss=0.2711 vol=0.1805 surf=0.0907 lr=1.41e-04
  ep46 step 200/375 loss=0.0570 vol=0.0410 surf=0.0160 lr=1.39e-04
  ep46 step 300/375 loss=0.0798 vol=0.0438 surf=0.0360 lr=1.37e-04
Epoch  46 (91s) [17.1GB]  train[vol=0.1519 surf=0.0827]  val_avg_surf_p=93.5993
    val_single_in_dist         loss=0.3523  surf[p=89.8171 Ux=1.1730 Uy=0.5339]  vol[p=81.0813 Ux=2.9037 Uy=1.0764]
    val_geom_camber_rc         loss=0.6168  surf[p=137.3838 Ux=3.3462 Uy=0.9587]  vol[p=123.3373 Ux=5.0408 Uy=1.8655]
    val_geom_camber_cruise     loss=0.1567  surf[p=55.4681 Ux=1.3289 Uy=0.4573]  vol[p=47.1011 Ux=2.9958 Uy=0.8758]
    val_re_rand                loss=0.4222  surf[p=91.7283 Ux=2.2238 Uy=0.6982]  vol[p=78.1023 Ux=3.6786 Uy=1.3163]
  ep47 step 100/375 loss=0.0408 vol=0.0302 surf=0.0106 lr=1.34e-04
  ep47 step 200/375 loss=0.3890 vol=0.2496 surf=0.1394 lr=1.33e-04
  ep47 step 300/375 loss=0.1272 vol=0.0821 surf=0.0451 lr=1.31e-04
Epoch  47 (91s) [17.1GB]  train[vol=0.2635 surf=0.1382]  val_avg_surf_p=107.7714
    val_single_in_dist         loss=0.5883  surf[p=133.8389 Ux=1.8003 Uy=0.6452]  vol[p=116.5720 Ux=3.7906 Uy=1.3452]
    val_geom_camber_rc         loss=0.5434  surf[p=123.9635 Ux=3.0858 Uy=0.9336]  vol[p=110.4206 Ux=4.6951 Uy=1.8650]
    val_geom_camber_cruise     loss=0.2051  surf[p=73.4804 Ux=1.7188 Uy=0.6046]  vol[p=61.2201 Ux=3.1904 Uy=1.0205]
    val_re_rand                loss=0.4412  surf[p=99.8029 Ux=2.3360 Uy=0.7958]  vol[p=85.6088 Ux=3.7162 Uy=1.4005]
  ep48 step 100/375 loss=0.1315 vol=0.0866 surf=0.0450 lr=1.28e-04
  ep48 step 200/375 loss=0.1204 vol=0.0744 surf=0.0460 lr=1.26e-04
  ep48 step 300/375 loss=0.1227 vol=0.0769 surf=0.0457 lr=1.24e-04
Epoch  48 (91s) [17.1GB]  train[vol=0.1740 surf=0.1150]  val_avg_surf_p=92.2453
    val_single_in_dist         loss=0.4125  surf[p=90.1244 Ux=1.2172 Uy=0.5760]  vol[p=84.6392 Ux=3.0773 Uy=1.0943]
    val_geom_camber_rc         loss=0.6948  surf[p=133.4529 Ux=4.2481 Uy=1.0915]  vol[p=124.3502 Ux=5.7271 Uy=2.0740]
    val_geom_camber_cruise     loss=0.1673  surf[p=57.4019 Ux=1.5350 Uy=0.5198]  vol[p=50.3674 Ux=3.0457 Uy=0.9150]
    val_re_rand                loss=0.4122  surf[p=88.0021 Ux=2.5784 Uy=0.7792]  vol[p=77.0639 Ux=3.7777 Uy=1.3903]
  ep49 step 100/375 loss=0.2375 vol=0.1581 surf=0.0794 lr=1.21e-04
  ep49 step 200/375 loss=0.2419 vol=0.1576 surf=0.0843 lr=1.20e-04
  ep49 step 300/375 loss=0.0545 vol=0.0405 surf=0.0140 lr=1.18e-04
Epoch  49 (91s) [17.1GB]  train[vol=0.2013 surf=0.1028]  val_avg_surf_p=88.3560
    val_single_in_dist         loss=0.4092  surf[p=90.8631 Ux=1.4024 Uy=0.5818]  vol[p=81.3737 Ux=3.1157 Uy=1.0588]
    val_geom_camber_rc         loss=0.5248  surf[p=116.8882 Ux=3.0326 Uy=0.9487]  vol[p=109.7207 Ux=4.8270 Uy=1.8259]
    val_geom_camber_cruise     loss=0.1638  surf[p=60.2942 Ux=1.4721 Uy=0.4781]  vol[p=49.3650 Ux=3.0655 Uy=0.8506]
    val_re_rand                loss=0.3846  surf[p=85.3787 Ux=2.1637 Uy=0.6867]  vol[p=74.3005 Ux=3.6082 Uy=1.2632]
  ep50 step 100/375 loss=0.1497 vol=0.0955 surf=0.0543 lr=1.15e-04
  ep50 step 200/375 loss=0.2049 vol=0.1303 surf=0.0747 lr=1.13e-04
  ep50 step 300/375 loss=0.1600 vol=0.1077 surf=0.0522 lr=1.12e-04
Epoch  50 (91s) [17.1GB]  train[vol=0.0968 surf=0.0563]  val_avg_surf_p=80.5923 *
    val_single_in_dist         loss=0.3307  surf[p=77.5765 Ux=1.0714 Uy=0.5117]  vol[p=71.4872 Ux=2.7569 Uy=0.9733]
    val_geom_camber_rc         loss=0.4991  surf[p=108.1568 Ux=3.0970 Uy=0.8900]  vol[p=99.7184 Ux=4.6425 Uy=1.7276]
    val_geom_camber_cruise     loss=0.1502  surf[p=55.5231 Ux=1.3908 Uy=0.4351]  vol[p=47.8412 Ux=2.9297 Uy=0.8131]
    val_re_rand                loss=0.3637  surf[p=81.1127 Ux=2.1447 Uy=0.6543]  vol[p=69.6873 Ux=3.4517 Uy=1.2208]
  ep51 step 100/375 loss=0.0286 vol=0.0212 surf=0.0074 lr=1.09e-04
  ep51 step 200/375 loss=0.2655 vol=0.1999 surf=0.0656 lr=1.07e-04
  ep51 step 300/375 loss=0.2135 vol=0.0761 surf=0.1374 lr=1.05e-04
Epoch  51 (91s) [17.1GB]  train[vol=0.1536 surf=0.0904]  val_avg_surf_p=84.6715
    val_single_in_dist         loss=0.4284  surf[p=86.7589 Ux=1.2409 Uy=0.5170]  vol[p=71.6759 Ux=3.0812 Uy=1.0430]
    val_geom_camber_rc         loss=0.5396  surf[p=113.8158 Ux=3.2862 Uy=0.8852]  vol[p=104.1767 Ux=4.9816 Uy=1.7513]
    val_geom_camber_cruise     loss=0.1558  surf[p=54.9434 Ux=1.3564 Uy=0.4484]  vol[p=47.4150 Ux=2.8690 Uy=0.8280]
    val_re_rand                loss=0.3915  surf[p=83.1678 Ux=2.2909 Uy=0.6740]  vol[p=72.1077 Ux=3.5561 Uy=1.2527]
  ep52 step 100/375 loss=0.0808 vol=0.0525 surf=0.0283 lr=1.02e-04
  ep52 step 200/375 loss=0.2086 vol=0.1059 surf=0.1027 lr=1.01e-04
  ep52 step 300/375 loss=0.0764 vol=0.0583 surf=0.0181 lr=9.91e-05
Epoch  52 (91s) [17.1GB]  train[vol=0.2717 surf=0.1415]  val_avg_surf_p=80.6844
    val_single_in_dist         loss=0.3348  surf[p=76.2313 Ux=1.1472 Uy=0.5144]  vol[p=69.1212 Ux=2.7805 Uy=0.9984]
    val_geom_camber_rc         loss=0.5097  surf[p=108.7524 Ux=3.2505 Uy=0.9403]  vol[p=98.9103 Ux=4.7386 Uy=1.7724]
    val_geom_camber_cruise     loss=0.1549  surf[p=54.9651 Ux=1.4413 Uy=0.4461]  vol[p=47.4088 Ux=3.0138 Uy=0.8189]
    val_re_rand                loss=0.3602  surf[p=82.7889 Ux=2.2927 Uy=0.7145]  vol[p=70.7095 Ux=3.5531 Uy=1.2578]
  ep53 step 100/375 loss=0.1189 vol=0.0856 surf=0.0333 lr=9.62e-05
  ep53 step 200/375 loss=0.1431 vol=0.0957 surf=0.0474 lr=9.46e-05
  ep53 step 300/375 loss=0.0532 vol=0.0409 surf=0.0123 lr=9.29e-05
Epoch  53 (91s) [17.1GB]  train[vol=0.1290 surf=0.0735]  val_avg_surf_p=88.7347
    val_single_in_dist         loss=0.3802  surf[p=89.5076 Ux=1.3049 Uy=0.5270]  vol[p=78.9010 Ux=2.9575 Uy=1.0197]
    val_geom_camber_rc         loss=0.5192  surf[p=118.4272 Ux=3.3239 Uy=0.9267]  vol[p=109.2238 Ux=4.7315 Uy=1.7763]
    val_geom_camber_cruise     loss=0.1556  surf[p=59.4134 Ux=1.4937 Uy=0.4585]  vol[p=50.9062 Ux=2.9032 Uy=0.8228]
    val_re_rand                loss=0.3761  surf[p=87.5904 Ux=2.3127 Uy=0.6843]  vol[p=75.5909 Ux=3.4987 Uy=1.2356]
  ep54 step 100/375 loss=0.1034 vol=0.0680 surf=0.0354 lr=9.01e-05
  ep54 step 200/375 loss=0.1632 vol=0.1041 surf=0.0591 lr=8.85e-05
  ep54 step 300/375 loss=0.1189 vol=0.0648 surf=0.0541 lr=8.69e-05
Epoch  54 (91s) [17.1GB]  train[vol=0.1129 surf=0.0589]  val_avg_surf_p=78.2194 *
    val_single_in_dist         loss=0.3286  surf[p=73.2508 Ux=1.0776 Uy=0.4747]  vol[p=66.8567 Ux=2.7110 Uy=0.9164]
    val_geom_camber_rc         loss=0.4931  surf[p=106.7416 Ux=3.4234 Uy=0.9375]  vol[p=97.8517 Ux=4.7508 Uy=1.6987]
    val_geom_camber_cruise     loss=0.1434  surf[p=53.7699 Ux=1.3465 Uy=0.4173]  vol[p=46.2048 Ux=2.8687 Uy=0.8130]
    val_re_rand                loss=0.3499  surf[p=79.1154 Ux=2.2559 Uy=0.6735]  vol[p=68.5747 Ux=3.4801 Uy=1.2138]
  ep55 step 100/375 loss=0.1003 vol=0.0669 surf=0.0334 lr=8.42e-05
  ep55 step 200/375 loss=0.1494 vol=0.1057 surf=0.0437 lr=8.26e-05
  ep55 step 300/375 loss=0.0914 vol=0.0691 surf=0.0223 lr=8.10e-05
Epoch  55 (91s) [17.1GB]  train[vol=0.1948 surf=0.1053]  val_avg_surf_p=77.0284 *
    val_single_in_dist         loss=0.3410  surf[p=71.7147 Ux=1.1484 Uy=0.4900]  vol[p=66.1290 Ux=2.7797 Uy=0.9038]
    val_geom_camber_rc         loss=0.4970  surf[p=106.5932 Ux=3.4491 Uy=0.9630]  vol[p=98.3466 Ux=4.7683 Uy=1.7209]
    val_geom_camber_cruise     loss=0.1425  surf[p=50.1857 Ux=1.4427 Uy=0.4415]  vol[p=43.7179 Ux=2.9708 Uy=0.7956]
    val_re_rand                loss=0.3604  surf[p=79.6199 Ux=2.2929 Uy=0.7082]  vol[p=68.7036 Ux=3.5203 Uy=1.2345]
  ep56 step 100/375 loss=0.1061 vol=0.0606 surf=0.0455 lr=7.83e-05
  ep56 step 200/375 loss=0.2759 vol=0.1837 surf=0.0922 lr=7.68e-05
  ep56 step 300/375 loss=0.1132 vol=0.0662 surf=0.0470 lr=7.53e-05
Epoch  56 (91s) [17.1GB]  train[vol=0.1889 surf=0.1049]  val_avg_surf_p=78.8759
    val_single_in_dist         loss=0.2601  surf[p=74.4625 Ux=1.1678 Uy=0.4775]  vol[p=67.7103 Ux=2.8745 Uy=0.9199]
    val_geom_camber_rc         loss=0.5287  surf[p=106.7230 Ux=3.4655 Uy=0.9865]  vol[p=99.5499 Ux=4.8307 Uy=1.7585]
    val_geom_camber_cruise     loss=0.1505  surf[p=53.5615 Ux=1.4420 Uy=0.4438]  vol[p=44.7143 Ux=2.9226 Uy=0.7921]
    val_re_rand                loss=0.3760  surf[p=80.7567 Ux=2.3650 Uy=0.7057]  vol[p=69.5078 Ux=3.5413 Uy=1.2194]
  ep57 step 100/375 loss=0.1470 vol=0.0976 surf=0.0494 lr=7.26e-05
  ep57 step 200/375 loss=0.0490 vol=0.0368 surf=0.0122 lr=7.11e-05
  ep57 step 300/375 loss=0.0396 vol=0.0309 surf=0.0087 lr=6.97e-05
Epoch  57 (91s) [17.1GB]  train[vol=0.1247 surf=0.0658]  val_avg_surf_p=76.7767 *
    val_single_in_dist         loss=0.2941  surf[p=71.0507 Ux=1.0589 Uy=0.4652]  vol[p=65.8945 Ux=2.6416 Uy=0.9278]
    val_geom_camber_rc         loss=0.4963  surf[p=107.1656 Ux=3.3932 Uy=0.9418]  vol[p=100.1459 Ux=4.8056 Uy=1.6906]
    val_geom_camber_cruise     loss=0.1446  surf[p=50.9632 Ux=1.3700 Uy=0.4204]  vol[p=42.7383 Ux=2.8792 Uy=0.7888]
    val_re_rand                loss=0.3498  surf[p=77.9274 Ux=2.2547 Uy=0.6675]  vol[p=68.3794 Ux=3.4944 Uy=1.1789]
  ep58 step 100/375 loss=0.2167 vol=0.1460 surf=0.0707 lr=6.71e-05
  ep58 step 200/375 loss=0.0440 vol=0.0371 surf=0.0068 lr=6.56e-05
  ep58 step 300/375 loss=0.1477 vol=0.0993 surf=0.0484 lr=6.42e-05
Epoch  58 (91s) [17.1GB]  train[vol=0.1210 surf=0.0659]  val_avg_surf_p=73.9467 *
    val_single_in_dist         loss=0.2881  surf[p=69.6426 Ux=0.9654 Uy=0.4526]  vol[p=63.5401 Ux=2.5812 Uy=0.9000]
    val_geom_camber_rc         loss=0.4701  surf[p=101.4715 Ux=3.2612 Uy=0.9067]  vol[p=95.2251 Ux=4.6281 Uy=1.6733]
    val_geom_camber_cruise     loss=0.1371  surf[p=49.0270 Ux=1.2839 Uy=0.4186]  vol[p=42.5500 Ux=2.8270 Uy=0.7714]
    val_re_rand                loss=0.3449  surf[p=75.6454 Ux=2.1903 Uy=0.6696]  vol[p=66.4904 Ux=3.4103 Uy=1.1820]
  ep59 step 100/375 loss=0.0365 vol=0.0263 surf=0.0102 lr=6.17e-05
  ep59 step 200/375 loss=0.0260 vol=0.0205 surf=0.0055 lr=6.03e-05
  ep59 step 300/375 loss=0.1803 vol=0.1125 surf=0.0678 lr=5.89e-05
Epoch  59 (91s) [17.1GB]  train[vol=0.1108 surf=0.0551]  val_avg_surf_p=75.7617
    val_single_in_dist         loss=0.3009  surf[p=70.2971 Ux=1.0178 Uy=0.4460]  vol[p=64.6457 Ux=2.6173 Uy=0.8862]
    val_geom_camber_rc         loss=0.4908  surf[p=101.5539 Ux=3.4406 Uy=0.9493]  vol[p=95.2109 Ux=4.6443 Uy=1.6890]
    val_geom_camber_cruise     loss=0.1460  surf[p=53.6920 Ux=1.3785 Uy=0.4173]  vol[p=45.9536 Ux=2.9217 Uy=0.7955]
    val_re_rand                loss=0.3497  surf[p=77.5038 Ux=2.2859 Uy=0.6764]  vol[p=68.3364 Ux=3.4614 Uy=1.1970]
  ep60 step 100/375 loss=0.1107 vol=0.0725 surf=0.0382 lr=5.65e-05
  ep60 step 200/375 loss=0.1019 vol=0.0687 surf=0.0332 lr=5.51e-05
  ep60 step 300/375 loss=0.1180 vol=0.0882 surf=0.0298 lr=5.38e-05
Epoch  60 (91s) [17.1GB]  train[vol=0.0997 surf=0.0520]  val_avg_surf_p=80.8469
    val_single_in_dist         loss=0.3089  surf[p=72.3072 Ux=1.1438 Uy=0.4728]  vol[p=66.2541 Ux=2.7205 Uy=0.9260]
    val_geom_camber_rc         loss=0.5102  surf[p=114.1295 Ux=3.4441 Uy=0.9390]  vol[p=106.3072 Ux=4.7864 Uy=1.7596]
    val_geom_camber_cruise     loss=0.1393  surf[p=54.3933 Ux=1.3922 Uy=0.4122]  vol[p=47.5697 Ux=2.8232 Uy=0.7679]
    val_re_rand                loss=0.3697  surf[p=82.5575 Ux=2.4100 Uy=0.6723]  vol[p=73.1430 Ux=3.5439 Uy=1.2154]
  ep61 step 100/375 loss=0.1018 vol=0.0677 surf=0.0341 lr=5.14e-05
  ep61 step 200/375 loss=0.1582 vol=0.0915 surf=0.0667 lr=5.01e-05
  ep61 step 300/375 loss=0.0616 vol=0.0489 surf=0.0127 lr=4.88e-05
Epoch  61 (91s) [17.1GB]  train[vol=0.1061 surf=0.0558]  val_avg_surf_p=76.5422
    val_single_in_dist         loss=0.3495  surf[p=71.2729 Ux=1.0471 Uy=0.4572]  vol[p=64.0466 Ux=2.5881 Uy=0.8810]
    val_geom_camber_rc         loss=0.4707  surf[p=104.6199 Ux=3.3705 Uy=0.9204]  vol[p=96.5893 Ux=4.5686 Uy=1.6351]
    val_geom_camber_cruise     loss=0.1517  surf[p=51.4506 Ux=1.5010 Uy=0.4233]  vol[p=44.7562 Ux=2.9383 Uy=0.8023]
    val_re_rand                loss=0.3569  surf[p=78.8256 Ux=2.3730 Uy=0.6798]  vol[p=68.6340 Ux=3.4352 Uy=1.1787]
  ep62 step 100/375 loss=0.1218 vol=0.0673 surf=0.0545 lr=4.66e-05
  ep62 step 200/375 loss=0.1133 vol=0.0819 surf=0.0314 lr=4.53e-05
  ep62 step 300/375 loss=0.1700 vol=0.1068 surf=0.0632 lr=4.41e-05
Epoch  62 (91s) [17.1GB]  train[vol=0.1277 surf=0.0641]  val_avg_surf_p=75.2479
    val_single_in_dist         loss=0.2768  surf[p=66.5416 Ux=0.9799 Uy=0.4532]  vol[p=60.7327 Ux=2.5190 Uy=0.8593]
    val_geom_camber_rc         loss=0.4854  surf[p=105.7215 Ux=3.4176 Uy=0.9644]  vol[p=97.0503 Ux=4.6130 Uy=1.6637]
    val_geom_camber_cruise     loss=0.1433  surf[p=50.1423 Ux=1.4469 Uy=0.4169]  vol[p=43.8492 Ux=2.9336 Uy=0.7808]
    val_re_rand                loss=0.3615  surf[p=78.5860 Ux=2.3731 Uy=0.6900]  vol[p=68.5315 Ux=3.4869 Uy=1.1846]
  ep63 step 100/375 loss=0.0506 vol=0.0416 surf=0.0090 lr=4.19e-05
  ep63 step 200/375 loss=0.0238 vol=0.0192 surf=0.0046 lr=4.07e-05
  ep63 step 300/375 loss=0.0562 vol=0.0403 surf=0.0159 lr=3.95e-05
Epoch  63 (91s) [17.1GB]  train[vol=0.0675 surf=0.0351]  val_avg_surf_p=72.9820 *
    val_single_in_dist         loss=0.2817  surf[p=64.1600 Ux=0.9263 Uy=0.4355]  vol[p=58.4706 Ux=2.4347 Uy=0.8303]
    val_geom_camber_rc         loss=0.4834  surf[p=101.3824 Ux=3.5135 Uy=0.9719]  vol[p=94.8518 Ux=4.5294 Uy=1.6441]
    val_geom_camber_cruise     loss=0.1426  surf[p=49.6886 Ux=1.3808 Uy=0.4053]  vol[p=43.7266 Ux=2.9030 Uy=0.7706]
    val_re_rand                loss=0.3560  surf[p=76.6969 Ux=2.3406 Uy=0.6819]  vol[p=67.2338 Ux=3.4375 Uy=1.1712]
  ep64 step 100/375 loss=0.1044 vol=0.0613 surf=0.0431 lr=3.75e-05
  ep64 step 200/375 loss=0.0483 vol=0.0339 surf=0.0144 lr=3.63e-05
  ep64 step 300/375 loss=0.0865 vol=0.0652 surf=0.0213 lr=3.52e-05
Epoch  64 (91s) [17.1GB]  train[vol=0.1570 surf=0.0831]  val_avg_surf_p=75.6623
    val_single_in_dist         loss=0.3091  surf[p=69.5839 Ux=1.0061 Uy=0.4624]  vol[p=62.4333 Ux=2.5518 Uy=0.8829]
    val_geom_camber_rc         loss=0.4889  surf[p=106.4140 Ux=3.5218 Uy=0.9430]  vol[p=98.8514 Ux=4.6844 Uy=1.6561]
    val_geom_camber_cruise     loss=0.1426  surf[p=48.5342 Ux=1.4567 Uy=0.4131]  vol[p=42.4697 Ux=2.9147 Uy=0.7657]
    val_re_rand                loss=0.3589  surf[p=78.1172 Ux=2.3899 Uy=0.6814]  vol[p=67.9161 Ux=3.4742 Uy=1.1742]
  ep65 step 100/375 loss=0.1352 vol=0.0781 surf=0.0571 lr=3.33e-05
  ep65 step 200/375 loss=0.0358 vol=0.0289 surf=0.0069 lr=3.22e-05
  ep65 step 300/375 loss=0.0811 vol=0.0637 surf=0.0173 lr=3.11e-05
Epoch  65 (91s) [17.1GB]  train[vol=0.1365 surf=0.0680]  val_avg_surf_p=76.5458
    val_single_in_dist         loss=0.3317  surf[p=74.3263 Ux=1.1254 Uy=0.4738]  vol[p=68.8256 Ux=2.7076 Uy=0.9240]
    val_geom_camber_rc         loss=0.4747  surf[p=103.6143 Ux=3.4322 Uy=0.9382]  vol[p=96.9610 Ux=4.7707 Uy=1.6466]
    val_geom_camber_cruise     loss=0.1424  surf[p=50.6717 Ux=1.3966 Uy=0.4070]  vol[p=44.3390 Ux=2.9111 Uy=0.7637]
    val_re_rand                loss=0.3502  surf[p=77.5707 Ux=2.3129 Uy=0.6748]  vol[p=67.3472 Ux=3.5242 Uy=1.1667]
  ep66 step 100/375 loss=0.0528 vol=0.0384 surf=0.0143 lr=2.93e-05
  ep66 step 200/375 loss=0.0457 vol=0.0304 surf=0.0153 lr=2.82e-05
  ep66 step 300/375 loss=1.1046 vol=0.7859 surf=0.3187 lr=2.72e-05
Epoch  66 (91s) [17.1GB]  train[vol=0.0887 surf=0.0443]  val_avg_surf_p=73.2130
    val_single_in_dist         loss=0.2402  surf[p=65.5890 Ux=0.9939 Uy=0.4443]  vol[p=60.7207 Ux=2.5381 Uy=0.8572]
    val_geom_camber_rc         loss=0.4740  surf[p=102.1436 Ux=3.3540 Uy=0.9631]  vol[p=95.4127 Ux=4.5433 Uy=1.6247]
    val_geom_camber_cruise     loss=0.1398  surf[p=48.9790 Ux=1.3813 Uy=0.4058]  vol[p=43.0074 Ux=2.9233 Uy=0.7628]
    val_re_rand                loss=0.3445  surf[p=76.1402 Ux=2.2846 Uy=0.6773]  vol[p=66.2114 Ux=3.4496 Uy=1.1551]
  ep67 step 100/375 loss=0.1052 vol=0.0775 surf=0.0277 lr=2.55e-05
  ep67 step 200/375 loss=0.0524 vol=0.0333 surf=0.0191 lr=2.45e-05
  ep67 step 300/375 loss=0.0789 vol=0.0583 surf=0.0207 lr=2.36e-05
Epoch  67 (91s) [17.1GB]  train[vol=0.0916 surf=0.0453]  val_avg_surf_p=73.7554
    val_single_in_dist         loss=0.2824  surf[p=63.4541 Ux=1.0439 Uy=0.4366]  vol[p=59.4523 Ux=2.5435 Uy=0.8528]
    val_geom_camber_rc         loss=0.4814  surf[p=103.3366 Ux=3.4947 Uy=0.9741]  vol[p=97.0340 Ux=4.6022 Uy=1.6291]
    val_geom_camber_cruise     loss=0.1462  surf[p=50.8393 Ux=1.4247 Uy=0.4056]  vol[p=43.5348 Ux=2.9416 Uy=0.7601]
    val_re_rand                loss=0.3551  surf[p=77.3915 Ux=2.3639 Uy=0.6810]  vol[p=67.3117 Ux=3.4885 Uy=1.1580]
  ep68 step 100/375 loss=0.0155 vol=0.0117 surf=0.0038 lr=2.19e-05
  ep68 step 200/375 loss=0.0392 vol=0.0298 surf=0.0094 lr=2.10e-05
  ep68 step 300/375 loss=0.1025 vol=0.0648 surf=0.0377 lr=2.01e-05
Epoch  68 (91s) [17.1GB]  train[vol=0.0794 surf=0.0414]  val_avg_surf_p=73.1731
    val_single_in_dist         loss=0.2511  surf[p=63.6204 Ux=0.9551 Uy=0.4381]  vol[p=58.0093 Ux=2.4729 Uy=0.8459]
    val_geom_camber_rc         loss=0.4854  surf[p=103.3422 Ux=3.4963 Uy=0.9906]  vol[p=96.4138 Ux=4.5172 Uy=1.6248]
    val_geom_camber_cruise     loss=0.1414  surf[p=48.8416 Ux=1.3806 Uy=0.4065]  vol[p=42.8167 Ux=2.9056 Uy=0.7634]
    val_re_rand                loss=0.3582  surf[p=76.8884 Ux=2.3895 Uy=0.6969]  vol[p=66.9328 Ux=3.4574 Uy=1.1620]
  ep69 step 100/375 loss=0.1366 vol=0.0977 surf=0.0389 lr=1.86e-05
  ep69 step 200/375 loss=0.0332 vol=0.0213 surf=0.0119 lr=1.78e-05
  ep69 step 300/375 loss=0.1647 vol=0.1270 surf=0.0376 lr=1.70e-05
Epoch  69 (91s) [17.1GB]  train[vol=0.1030 surf=0.0533]  val_avg_surf_p=74.3822
    val_single_in_dist         loss=0.2769  surf[p=66.4309 Ux=1.0469 Uy=0.4450]  vol[p=61.2288 Ux=2.5580 Uy=0.8650]
    val_geom_camber_rc         loss=0.4803  surf[p=103.5989 Ux=3.4470 Uy=0.9719]  vol[p=97.6162 Ux=4.5038 Uy=1.6305]
    val_geom_camber_cruise     loss=0.1442  surf[p=49.9697 Ux=1.4287 Uy=0.4065]  vol[p=43.2103 Ux=2.9252 Uy=0.7652]
    val_re_rand                loss=0.3569  surf[p=77.5294 Ux=2.3676 Uy=0.6826]  vol[p=67.7654 Ux=3.4459 Uy=1.1618]
  ep70 step 100/375 loss=0.0656 vol=0.0504 surf=0.0153 lr=1.56e-05
  ep70 step 200/375 loss=0.0766 vol=0.0540 surf=0.0226 lr=1.48e-05
  ep70 step 300/375 loss=0.2158 vol=0.1203 surf=0.0954 lr=1.41e-05
Epoch  70 (91s) [17.1GB]  train[vol=0.0897 surf=0.0431]  val_avg_surf_p=72.0780 *
    val_single_in_dist         loss=0.2447  surf[p=62.6998 Ux=0.9721 Uy=0.4379]  vol[p=57.8737 Ux=2.4959 Uy=0.8424]
    val_geom_camber_rc         loss=0.4776  surf[p=101.4045 Ux=3.4313 Uy=0.9726]  vol[p=95.1876 Ux=4.5123 Uy=1.6199]
    val_geom_camber_cruise     loss=0.1406  surf[p=48.6196 Ux=1.3856 Uy=0.3937]  vol[p=42.2590 Ux=2.9172 Uy=0.7589]
    val_re_rand                loss=0.3489  surf[p=75.5882 Ux=2.3417 Uy=0.6787]  vol[p=65.9188 Ux=3.4355 Uy=1.1486]
  ep71 step 100/375 loss=0.1061 vol=0.0795 surf=0.0266 lr=1.28e-05
  ep71 step 200/375 loss=0.0624 vol=0.0480 surf=0.0145 lr=1.21e-05
  ep71 step 300/375 loss=0.0813 vol=0.0575 surf=0.0238 lr=1.14e-05
Epoch  71 (91s) [17.1GB]  train[vol=0.0975 surf=0.0463]  val_avg_surf_p=72.7016
    val_single_in_dist         loss=0.2501  surf[p=62.3772 Ux=0.9764 Uy=0.4441]  vol[p=57.3539 Ux=2.4748 Uy=0.8401]
    val_geom_camber_rc         loss=0.4809  surf[p=103.9284 Ux=3.4558 Uy=0.9722]  vol[p=97.8903 Ux=4.5940 Uy=1.6413]
    val_geom_camber_cruise     loss=0.1404  surf[p=47.9411 Ux=1.4142 Uy=0.3968]  vol[p=41.6328 Ux=2.9367 Uy=0.7529]
    val_re_rand                loss=0.3568  surf[p=76.5596 Ux=2.3629 Uy=0.6778]  vol[p=66.8818 Ux=3.4808 Uy=1.1599]
  ep72 step 100/375 loss=0.1577 vol=0.1063 surf=0.0515 lr=1.03e-05
  ep72 step 200/375 loss=0.1030 vol=0.0707 surf=0.0323 lr=9.67e-06
  ep72 step 300/375 loss=0.1841 vol=0.1169 surf=0.0672 lr=9.06e-06
Epoch  72 (91s) [17.1GB]  train[vol=0.0705 surf=0.0368]  val_avg_surf_p=72.6635
    val_single_in_dist         loss=0.2369  surf[p=61.4241 Ux=0.9810 Uy=0.4347]  vol[p=56.9882 Ux=2.5079 Uy=0.8300]
    val_geom_camber_rc         loss=0.4910  surf[p=104.4670 Ux=3.5101 Uy=0.9940]  vol[p=97.2082 Ux=4.5924 Uy=1.6277]
    val_geom_camber_cruise     loss=0.1417  surf[p=48.0523 Ux=1.4383 Uy=0.4032]  vol[p=42.0454 Ux=2.9545 Uy=0.7595]
    val_re_rand                loss=0.3583  surf[p=76.7105 Ux=2.4006 Uy=0.6942]  vol[p=66.7624 Ux=3.4873 Uy=1.1619]
  ep73 step 100/375 loss=0.0864 vol=0.0592 surf=0.0272 lr=8.04e-06
  ep73 step 200/375 loss=0.0967 vol=0.0689 surf=0.0277 lr=7.49e-06
  ep73 step 300/375 loss=0.1726 vol=0.1186 surf=0.0540 lr=6.95e-06
Epoch  73 (91s) [17.1GB]  train[vol=0.0875 surf=0.0424]  val_avg_surf_p=71.9367 *
    val_single_in_dist         loss=0.2444  surf[p=60.8802 Ux=0.9748 Uy=0.4349]  vol[p=56.5729 Ux=2.4841 Uy=0.8262]
    val_geom_camber_rc         loss=0.4829  surf[p=102.7689 Ux=3.4677 Uy=0.9891]  vol[p=96.7961 Ux=4.5852 Uy=1.6216]
    val_geom_camber_cruise     loss=0.1407  surf[p=47.8606 Ux=1.4079 Uy=0.3954]  vol[p=41.8386 Ux=2.9308 Uy=0.7554]
    val_re_rand                loss=0.3547  surf[p=76.2372 Ux=2.3671 Uy=0.6844]  vol[p=66.6573 Ux=3.4769 Uy=1.1539]
  ep74 step 100/375 loss=0.0753 vol=0.0556 surf=0.0197 lr=6.06e-06
  ep74 step 200/375 loss=0.1761 vol=0.1209 surf=0.0551 lr=5.58e-06
  ep74 step 300/375 loss=0.1388 vol=0.1014 surf=0.0374 lr=5.11e-06
Epoch  74 (91s) [17.1GB]  train[vol=0.0754 surf=0.0403]  val_avg_surf_p=72.0778
    val_single_in_dist         loss=0.2416  surf[p=60.8511 Ux=0.9694 Uy=0.4290]  vol[p=56.5408 Ux=2.4797 Uy=0.8235]
    val_geom_camber_rc         loss=0.4868  surf[p=102.8836 Ux=3.4710 Uy=0.9945]  vol[p=96.7234 Ux=4.5827 Uy=1.6240]
    val_geom_camber_cruise     loss=0.1417  surf[p=48.0223 Ux=1.4162 Uy=0.3988]  vol[p=42.0616 Ux=2.9405 Uy=0.7636]
    val_re_rand                loss=0.3570  surf[p=76.5543 Ux=2.3794 Uy=0.6942]  vol[p=66.9616 Ux=3.4828 Uy=1.1641]
  ep75 step 100/375 loss=0.0688 vol=0.0474 surf=0.0214 lr=4.35e-06
  ep75 step 200/375 loss=0.0255 vol=0.0200 surf=0.0055 lr=3.94e-06
  ep75 step 300/375 loss=0.1284 vol=0.0926 surf=0.0358 lr=3.55e-06
Epoch  75 (91s) [17.1GB]  train[vol=0.0831 surf=0.0393]  val_avg_surf_p=72.3343
    val_single_in_dist         loss=0.2502  surf[p=61.1576 Ux=0.9810 Uy=0.4327]  vol[p=56.2471 Ux=2.4767 Uy=0.8287]
    val_geom_camber_rc         loss=0.4925  surf[p=104.4687 Ux=3.5352 Uy=0.9991]  vol[p=97.9739 Ux=4.6094 Uy=1.6444]
    val_geom_camber_cruise     loss=0.1395  surf[p=47.1888 Ux=1.4269 Uy=0.3996]  vol[p=41.5223 Ux=2.9223 Uy=0.7488]
    val_re_rand                loss=0.3587  surf[p=76.5221 Ux=2.4097 Uy=0.6933]  vol[p=66.7913 Ux=3.4798 Uy=1.1575]
  ep76 step 100/375 loss=0.0262 vol=0.0200 surf=0.0062 lr=2.92e-06
  ep76 step 200/375 loss=0.0354 vol=0.0275 surf=0.0079 lr=2.59e-06
  ep76 step 300/375 loss=0.1319 vol=0.0995 surf=0.0324 lr=2.27e-06
Epoch  76 (91s) [17.1GB]  train[vol=0.0945 surf=0.0471]  val_avg_surf_p=71.6154 *
    val_single_in_dist         loss=0.2292  surf[p=59.7859 Ux=0.9720 Uy=0.4309]  vol[p=55.6758 Ux=2.4698 Uy=0.8184]
    val_geom_camber_rc         loss=0.4848  surf[p=102.7853 Ux=3.4986 Uy=0.9944]  vol[p=96.5864 Ux=4.5702 Uy=1.6266]
    val_geom_camber_cruise     loss=0.1416  surf[p=47.8442 Ux=1.4341 Uy=0.3984]  vol[p=41.8647 Ux=2.9578 Uy=0.7548]
    val_re_rand                loss=0.3559  surf[p=76.0461 Ux=2.3898 Uy=0.6890]  vol[p=66.5265 Ux=3.4734 Uy=1.1532]
  ep77 step 100/375 loss=0.1192 vol=0.0780 surf=0.0412 lr=1.77e-06
  ep77 step 200/375 loss=0.0617 vol=0.0441 surf=0.0176 lr=1.52e-06
  ep77 step 300/375 loss=0.0056 vol=0.0047 surf=0.0009 lr=1.28e-06
Epoch  77 (91s) [17.1GB]  train[vol=0.0824 surf=0.0420]  val_avg_surf_p=71.7844
    val_single_in_dist         loss=0.2377  surf[p=60.4882 Ux=0.9722 Uy=0.4323]  vol[p=55.9077 Ux=2.4687 Uy=0.8200]
    val_geom_camber_rc         loss=0.4862  surf[p=102.9447 Ux=3.5137 Uy=0.9941]  vol[p=96.8267 Ux=4.5750 Uy=1.6278]
    val_geom_camber_cruise     loss=0.1410  surf[p=47.6244 Ux=1.4242 Uy=0.3965]  vol[p=41.7168 Ux=2.9514 Uy=0.7517]
    val_re_rand                loss=0.3572  surf[p=76.0804 Ux=2.3929 Uy=0.6880]  vol[p=66.5240 Ux=3.4772 Uy=1.1537]
  ep78 step 100/375 loss=0.1912 vol=0.1179 surf=0.0733 lr=9.10e-07
  ep78 step 200/375 loss=0.1184 vol=0.0802 surf=0.0382 lr=7.28e-07
  ep78 step 300/375 loss=0.1144 vol=0.0733 surf=0.0411 lr=5.66e-07
Epoch  78 (91s) [17.1GB]  train[vol=0.1130 surf=0.0560]  val_avg_surf_p=71.7922
    val_single_in_dist         loss=0.2386  surf[p=60.6455 Ux=0.9700 Uy=0.4332]  vol[p=55.9747 Ux=2.4657 Uy=0.8199]
    val_geom_camber_rc         loss=0.4882  surf[p=102.7079 Ux=3.5265 Uy=1.0001]  vol[p=96.5911 Ux=4.5758 Uy=1.6272]
    val_geom_camber_cruise     loss=0.1415  surf[p=47.6604 Ux=1.4334 Uy=0.3994]  vol[p=41.7765 Ux=2.9502 Uy=0.7531]
    val_re_rand                loss=0.3578  surf[p=76.1548 Ux=2.4028 Uy=0.6911]  vol[p=66.5711 Ux=3.4765 Uy=1.1535]
  ep79 step 100/375 loss=0.1034 vol=0.0733 surf=0.0300 lr=3.32e-07
  ep79 step 200/375 loss=0.0732 vol=0.0496 surf=0.0235 lr=2.26e-07
  ep79 step 300/375 loss=0.0712 vol=0.0536 surf=0.0176 lr=1.40e-07
Epoch  79 (91s) [17.1GB]  train[vol=0.0800 surf=0.0373]  val_avg_surf_p=71.9357
    val_single_in_dist         loss=0.2389  surf[p=60.6346 Ux=0.9721 Uy=0.4333]  vol[p=55.9779 Ux=2.4696 Uy=0.8210]
    val_geom_camber_rc         loss=0.4895  surf[p=103.1572 Ux=3.5310 Uy=1.0004]  vol[p=97.0392 Ux=4.5847 Uy=1.6314]
    val_geom_camber_cruise     loss=0.1417  surf[p=47.6446 Ux=1.4331 Uy=0.3986]  vol[p=41.7821 Ux=2.9523 Uy=0.7533]
    val_re_rand                loss=0.3588  surf[p=76.3065 Ux=2.4043 Uy=0.6907]  vol[p=66.7353 Ux=3.4807 Uy=1.1553]
  ep80 step 100/375 loss=0.0414 vol=0.0302 surf=0.0112 lr=3.96e-08
  ep80 step 200/375 loss=0.0539 vol=0.0401 surf=0.0138 lr=1.02e-08
  ep80 step 300/375 loss=0.0633 vol=0.0478 surf=0.0155 lr=1.20e-09
Epoch  80 (91s) [17.1GB]  train[vol=0.1328 surf=0.0629]  val_avg_surf_p=71.9180
    val_single_in_dist         loss=0.2391  surf[p=60.6641 Ux=0.9714 Uy=0.4334]  vol[p=55.9911 Ux=2.4689 Uy=0.8211]
    val_geom_camber_rc         loss=0.4892  surf[p=103.0651 Ux=3.5301 Uy=1.0004]  vol[p=96.9602 Ux=4.5828 Uy=1.6311]
    val_geom_camber_cruise     loss=0.1417  surf[p=47.6629 Ux=1.4334 Uy=0.3987]  vol[p=41.7951 Ux=2.9524 Uy=0.7535]
    val_re_rand                loss=0.3587  surf[p=76.2801 Ux=2.4040 Uy=0.6907]  vol[p=66.7134 Ux=3.4800 Uy=1.1552]

Training done in 121.6 min

Best val: epoch 76, val_avg/mae_surf_p = 71.6154

Evaluating on held-out test splits...
Test: test_single_in_dist: 200, test_geom_camber_rc: 200, test_geom_camber_cruise: 200, test_re_rand: 200

  TEST  avg_surf_p=70.0159
    test_single_in_dist        loss=0.2553  surf[p=55.1866 Ux=0.9510 Uy=0.4249]  vol[p=52.8566 Ux=2.2959 Uy=0.8098]
    test_geom_camber_rc        loss=0.4126  surf[p=94.3201 Ux=3.1267 Uy=0.9110]  vol[p=87.8979 Ux=4.2376 Uy=1.5135]
    test_geom_camber_cruise    loss=0.1249  surf[p=41.6513 Ux=1.4237 Uy=0.3826]  vol[p=36.4113 Ux=2.7544 Uy=0.6982]
    test_re_rand               loss=0.4964  surf[p=88.9054 Ux=3.6270 Uy=0.9134]  vol[p=74.9438 Ux=4.1322 Uy=1.2160]

Logged model artifact 'model-mlintern-pai2-72h-v4-r2-r3-scale-h256l8-sub32k-onecycle80-180m-xsn40jai' (aliases: best, epoch-76)
wandb: uploading artifact model-mlintern-pai2-72h-v4-r2-r3-scale-h256l8-sub32k-onecycle80-180m-xsn40jai; updating run metadata
wandb: uploading artifact model-mlintern-pai2-72h-v4-r2-r3-scale-h256l8-sub32k-onecycle80-180m-xsn40jai
wandb: uploading config.yaml; uploading output.log; uploading wandb-summary.json; uploading history steps 30080-30080, summary, console lines 647-654
wandb: 
wandb: Run history:
wandb:                             epoch_time_s ▄▇▄▆▇▄▂▄▁▅▆▄▆▂▅█▇▆▇▄▇▃▅▅▇▅▃▃▄▄▅▇▅▇▅█▃▃▆▅
wandb:                              global_step ▁▁▁▂▂▂▃▃▃▃▃▃▃▃▃▄▄▅▅▅▅▅▅▅▅▅▆▆▆▆▆▆▇▇▇▇▇███
wandb:                                       lr ▂▃▆▇████████▇▇▇▆▆▆▆▆▅▅▅▅▄▄▃▃▃▃▂▂▂▂▁▁▁▁▁▁
wandb:        test/test_geom_camber_cruise/loss ▁
wandb: test/test_geom_camber_cruise/mae_surf_Ux ▁
wandb: test/test_geom_camber_cruise/mae_surf_Uy ▁
wandb:  test/test_geom_camber_cruise/mae_surf_p ▁
wandb:  test/test_geom_camber_cruise/mae_vol_Ux ▁
wandb:  test/test_geom_camber_cruise/mae_vol_Uy ▁
wandb:   test/test_geom_camber_cruise/mae_vol_p ▁
wandb:                                      +81 ...
wandb: 
wandb: Run summary:
wandb:                               best_epoch 76
wandb:                  best_val_avg/mae_surf_p 71.61538
wandb:                             epoch_time_s 91.05426
wandb:                              global_step 30000
wandb:                                       lr 0.0
wandb:        test/test_geom_camber_cruise/loss 0.12488
wandb: test/test_geom_camber_cruise/mae_surf_Ux 1.4237
wandb: test/test_geom_camber_cruise/mae_surf_Uy 0.38256
wandb:  test/test_geom_camber_cruise/mae_surf_p 41.65134
wandb:  test/test_geom_camber_cruise/mae_vol_Ux 2.75441
wandb:                                      +84 ...
wandb: 
wandb: 🚀 View run mlintern-pai2-72h-v4-r2/r3-scale-h256l8-sub32k-onecycle80-180m at: https://wandb.ai/wandb-applied-ai-team/senpai-v1-ml-intern/runs/xsn40jai
wandb: ⭐️ View project at: https://wandb.ai/wandb-applied-ai-team/senpai-v1-ml-intern
wandb: Synced 7 W&B file(s), 0 media file(s), 3 artifact file(s) and 0 other file(s)
wandb: Find logs at: ./wandb/run-20260430_131355-xsn40jai/logs
