Seeded with 7
Device: cuda
Train: 1499, val_single_in_dist: 100, val_geom_camber_rc: 100, val_geom_camber_cruise: 100, val_re_rand: 100
Model: Transolver (1.71M params)
wandb: [wandb.login()] Loaded credentials for https://api.wandb.ai from WANDB_API_KEY.
wandb: W&B API key is configured. Use `wandb login --relogin` to force relogin
wandb: Tracking run with wandb version 0.26.1
wandb: Run data is saved locally in /workspace/ml-intern-benchmark/target/wandb/run-20260430_131355-ovdk5h26
wandb: Run `wandb offline` to turn off syncing.
wandb: Syncing run mlintern-pai2-72h-v4-r2/r3-med-h192l6-recipe-180m
wandb: ⭐️ View project at https://wandb.ai/wandb-applied-ai-team/senpai-v1-ml-intern
wandb: 🚀 View run at https://wandb.ai/wandb-applied-ai-team/senpai-v1-ml-intern/runs/ovdk5h26
  ep1 step 100/375 loss=4.9251 vol=2.6946 surf=2.2305 lr=3.00e-04
  ep1 step 200/375 loss=1.5001 vol=0.8721 surf=0.6279 lr=3.00e-04
  ep1 step 300/375 loss=0.2501 vol=0.1861 surf=0.0639 lr=3.00e-04
Epoch   1 (243s) [74.2GB]  train[vol=1.2463 surf=0.9669]  val_avg_surf_p=258.2879 *
    val_single_in_dist         loss=2.7706  surf[p=317.0337 Ux=6.4822 Uy=1.5731]  vol[p=247.1526 Ux=8.2671 Uy=3.2579]
    val_geom_camber_rc         loss=1.8505  surf[p=272.5273 Ux=6.6139 Uy=1.8264]  vol[p=207.5391 Ux=7.8947 Uy=3.8126]
    val_geom_camber_cruise     loss=1.0467  surf[p=214.8033 Ux=5.5870 Uy=1.3520]  vol[p=157.8132 Ux=6.8302 Uy=2.2764]
    val_re_rand                loss=1.3598  surf[p=228.7873 Ux=5.9348 Uy=1.5318]  vol[p=173.4050 Ux=7.2035 Uy=2.7836]
  ep2 step 100/375 loss=0.1578 vol=0.1126 surf=0.0452 lr=3.00e-04
  ep2 step 200/375 loss=1.2715 vol=0.6929 surf=0.5786 lr=3.00e-04
  ep2 step 300/375 loss=0.8533 vol=0.5017 surf=0.3516 lr=3.00e-04
Epoch   2 (240s) [74.2GB]  train[vol=0.7347 surf=0.5981]  val_avg_surf_p=242.5049 *
    val_single_in_dist         loss=3.1387  surf[p=339.2569 Ux=5.4905 Uy=1.7511]  vol[p=238.0221 Ux=10.1627 Uy=3.3418]
    val_geom_camber_rc         loss=1.6760  surf[p=256.4703 Ux=5.1705 Uy=1.7922]  vol[p=198.6243 Ux=7.7210 Uy=3.6413]
    val_geom_camber_cruise     loss=0.8135  surf[p=177.7491 Ux=3.4931 Uy=1.2032]  vol[p=137.7114 Ux=6.2270 Uy=2.2857]
    val_re_rand                loss=1.0516  surf[p=196.5432 Ux=3.7385 Uy=1.4368]  vol[p=155.2542 Ux=6.2267 Uy=2.8087]
  ep3 step 100/375 loss=0.6580 vol=0.4394 surf=0.2186 lr=3.00e-04
  ep3 step 200/375 loss=0.5461 vol=0.3361 surf=0.2100 lr=3.00e-04
  ep3 step 300/375 loss=0.1065 vol=0.0858 surf=0.0207 lr=3.00e-04
Epoch   3 (240s) [74.2GB]  train[vol=0.6306 surf=0.5099]  val_avg_surf_p=192.7379 *
    val_single_in_dist         loss=2.1538  surf[p=246.1636 Ux=3.0707 Uy=1.1989]  vol[p=223.2216 Ux=7.2564 Uy=2.6864]
    val_geom_camber_rc         loss=1.3715  surf[p=215.0852 Ux=4.1412 Uy=1.3980]  vol[p=190.1629 Ux=6.5424 Uy=3.0185]
    val_geom_camber_cruise     loss=0.5141  surf[p=141.2199 Ux=2.6711 Uy=0.7794]  vol[p=123.5677 Ux=5.2510 Uy=1.8245]
    val_re_rand                loss=0.9030  surf[p=168.4828 Ux=3.3726 Uy=1.0446]  vol[p=146.0486 Ux=5.7649 Uy=2.3010]
  ep4 step 100/375 loss=1.8996 vol=1.0338 surf=0.8658 lr=3.00e-04
  ep4 step 200/375 loss=1.6041 vol=0.8722 surf=0.7318 lr=3.00e-04
  ep4 step 300/375 loss=0.7976 vol=0.5276 surf=0.2700 lr=3.00e-04
Epoch   4 (242s) [74.2GB]  train[vol=0.5570 surf=0.4473]  val_avg_surf_p=184.5803 *
    val_single_in_dist         loss=1.5342  surf[p=205.5336 Ux=2.7444 Uy=1.0588]  vol[p=190.0428 Ux=6.2696 Uy=2.4654]
    val_geom_camber_rc         loss=1.1173  surf[p=179.6647 Ux=3.5495 Uy=1.2497]  vol[p=170.6713 Ux=6.1857 Uy=2.8964]
    val_geom_camber_cruise     loss=0.7313  surf[p=184.4182 Ux=2.1106 Uy=0.9091]  vol[p=167.9872 Ux=4.6954 Uy=1.7152]
    val_re_rand                loss=0.8364  surf[p=168.7046 Ux=2.8142 Uy=1.0486]  vol[p=157.0636 Ux=5.4096 Uy=2.1583]
  ep5 step 100/375 loss=0.4302 vol=0.2812 surf=0.1490 lr=3.00e-04
  ep5 step 200/375 loss=0.1947 vol=0.1319 surf=0.0627 lr=3.00e-04
  ep5 step 300/375 loss=0.2680 vol=0.1816 surf=0.0863 lr=3.00e-04
Epoch   5 (244s) [74.2GB]  train[vol=0.4927 surf=0.3910]  val_avg_surf_p=199.2376
    val_single_in_dist         loss=2.2911  surf[p=268.5683 Ux=3.1747 Uy=1.2133]  vol[p=231.2600 Ux=7.1324 Uy=2.6269]
    val_geom_camber_rc         loss=1.1397  surf[p=193.3834 Ux=3.9481 Uy=1.4831]  vol[p=168.4338 Ux=6.8258 Uy=3.0509]
    val_geom_camber_cruise     loss=0.5575  surf[p=163.3940 Ux=2.1319 Uy=0.9220]  vol[p=135.0341 Ux=4.8493 Uy=1.6901]
    val_re_rand                loss=0.8100  surf[p=171.6047 Ux=3.1361 Uy=1.1425]  vol[p=148.9370 Ux=5.9880 Uy=2.2512]
  ep6 step 100/375 loss=0.4468 vol=0.2547 surf=0.1921 lr=3.00e-04
  ep6 step 200/375 loss=1.8607 vol=0.9192 surf=0.9415 lr=3.00e-04
  ep6 step 300/375 loss=0.2510 vol=0.1607 surf=0.0903 lr=3.00e-04
Epoch   6 (241s) [74.2GB]  train[vol=0.5323 surf=0.4117]  val_avg_surf_p=164.6108 *
    val_single_in_dist         loss=1.3274  surf[p=209.8293 Ux=2.6937 Uy=0.9976]  vol[p=173.6414 Ux=5.7805 Uy=2.2485]
    val_geom_camber_rc         loss=1.0781  surf[p=179.9975 Ux=4.0323 Uy=1.2729]  vol[p=153.6895 Ux=6.2782 Uy=2.7760]
    val_geom_camber_cruise     loss=0.4006  surf[p=125.1668 Ux=2.1473 Uy=0.7776]  vol[p=95.8746 Ux=4.0998 Uy=1.5957]
    val_re_rand                loss=0.7341  surf[p=143.4494 Ux=3.0144 Uy=1.0245]  vol[p=120.7027 Ux=4.9964 Uy=2.1326]
  ep7 step 100/375 loss=2.7760 vol=1.3728 surf=1.4032 lr=3.00e-04
  ep7 step 200/375 loss=0.5897 vol=0.3579 surf=0.2318 lr=3.00e-04
  ep7 step 300/375 loss=0.7303 vol=0.4212 surf=0.3090 lr=3.00e-04
Epoch   7 (242s) [74.2GB]  train[vol=0.5069 surf=0.3858]  val_avg_surf_p=149.2464 *
    val_single_in_dist         loss=1.1942  surf[p=176.3901 Ux=2.0157 Uy=1.0602]  vol[p=162.9655 Ux=4.9567 Uy=2.2904]
    val_geom_camber_rc         loss=1.0059  surf[p=182.8720 Ux=3.2807 Uy=1.3045]  vol[p=156.2471 Ux=5.8097 Uy=2.7097]
    val_geom_camber_cruise     loss=0.3397  surf[p=109.3131 Ux=1.4905 Uy=0.7362]  vol[p=93.2463 Ux=3.5698 Uy=1.4375]
    val_re_rand                loss=0.6172  surf[p=128.4103 Ux=2.3157 Uy=0.9602]  vol[p=109.1217 Ux=4.4859 Uy=1.8844]
  ep8 step 100/375 loss=0.8432 vol=0.5115 surf=0.3317 lr=3.00e-04
  ep8 step 200/375 loss=0.5072 vol=0.2895 surf=0.2177 lr=3.00e-04
  ep8 step 300/375 loss=2.0533 vol=0.9878 surf=1.0655 lr=3.00e-04
Epoch   8 (244s) [74.2GB]  train[vol=0.4536 surf=0.3652]  val_avg_surf_p=157.5803
    val_single_in_dist         loss=1.3776  surf[p=208.8210 Ux=2.3742 Uy=0.9825]  vol[p=190.0891 Ux=5.4357 Uy=2.1612]
    val_geom_camber_rc         loss=0.9029  surf[p=165.6101 Ux=3.1473 Uy=1.1770]  vol[p=157.8744 Ux=5.7689 Uy=2.5992]
    val_geom_camber_cruise     loss=0.3298  surf[p=114.9089 Ux=2.0750 Uy=0.6734]  vol[p=97.8541 Ux=4.2055 Uy=1.3258]
    val_re_rand                loss=0.6563  surf[p=140.9814 Ux=2.5698 Uy=0.9245]  vol[p=125.2606 Ux=4.8842 Uy=1.8918]
  ep9 step 100/375 loss=0.5738 vol=0.3564 surf=0.2173 lr=3.00e-04
  ep9 step 200/375 loss=0.4478 vol=0.2460 surf=0.2018 lr=3.00e-04
  ep9 step 300/375 loss=1.4797 vol=0.7160 surf=0.7637 lr=3.00e-04
Epoch   9 (248s) [74.2GB]  train[vol=0.3205 surf=0.2445]  val_avg_surf_p=125.6695 *
    val_single_in_dist         loss=0.8788  surf[p=145.0574 Ux=2.3350 Uy=0.9043]  vol[p=135.1480 Ux=4.8586 Uy=1.8633]
    val_geom_camber_rc         loss=0.7556  surf[p=133.9178 Ux=2.7882 Uy=1.1302]  vol[p=121.9603 Ux=5.3292 Uy=2.4459]
    val_geom_camber_cruise     loss=0.2890  surf[p=102.6959 Ux=1.7167 Uy=0.6400]  vol[p=80.6909 Ux=3.3946 Uy=1.2484]
    val_re_rand                loss=0.5730  surf[p=121.0069 Ux=2.3842 Uy=0.9300]  vol[p=102.7663 Ux=4.3293 Uy=1.8262]
  ep10 step 100/375 loss=0.2022 vol=0.1225 surf=0.0797 lr=3.00e-04
  ep10 step 200/375 loss=0.4445 vol=0.2804 surf=0.1642 lr=3.00e-04
  ep10 step 300/375 loss=0.9383 vol=0.4497 surf=0.4885 lr=3.00e-04
Epoch  10 (244s) [74.2GB]  train[vol=0.4545 surf=0.3460]  val_avg_surf_p=139.0061
    val_single_in_dist         loss=1.2586  surf[p=175.3737 Ux=1.8529 Uy=1.0394]  vol[p=154.5580 Ux=5.0666 Uy=2.2072]
    val_geom_camber_rc         loss=0.9221  surf[p=152.9252 Ux=3.4019 Uy=1.2504]  vol[p=140.1036 Ux=6.2040 Uy=2.5810]
    val_geom_camber_cruise     loss=0.3504  surf[p=100.3261 Ux=2.8014 Uy=0.6708]  vol[p=83.0276 Ux=4.8872 Uy=1.3062]
    val_re_rand                loss=0.6396  surf[p=127.3994 Ux=2.9845 Uy=0.9533]  vol[p=110.8383 Ux=5.2195 Uy=1.8921]
  ep11 step 100/375 loss=0.4627 vol=0.2599 surf=0.2028 lr=3.00e-04
  ep11 step 200/375 loss=0.2490 vol=0.1516 surf=0.0974 lr=3.00e-04
  ep11 step 300/375 loss=0.2984 vol=0.1901 surf=0.1083 lr=3.00e-04
Epoch  11 (242s) [74.2GB]  train[vol=0.5149 surf=0.3997]  val_avg_surf_p=145.0336
    val_single_in_dist         loss=1.1089  surf[p=201.3517 Ux=2.2239 Uy=1.1684]  vol[p=167.8167 Ux=5.1999 Uy=2.2669]
    val_geom_camber_rc         loss=0.8984  surf[p=145.5618 Ux=3.3641 Uy=1.2427]  vol[p=133.2966 Ux=6.0435 Uy=2.6224]
    val_geom_camber_cruise     loss=0.2858  surf[p=101.6363 Ux=1.5852 Uy=0.7534]  vol[p=81.1748 Ux=3.4187 Uy=1.4215]
    val_re_rand                loss=0.6340  surf[p=131.5847 Ux=2.4109 Uy=1.0029]  vol[p=109.6579 Ux=4.4654 Uy=1.9667]
  ep12 step 100/375 loss=0.7354 vol=0.4119 surf=0.3235 lr=3.00e-04
  ep12 step 200/375 loss=0.4229 vol=0.2456 surf=0.1773 lr=3.00e-04
  ep12 step 300/375 loss=0.6713 vol=0.3718 surf=0.2995 lr=3.00e-04
Epoch  12 (241s) [74.2GB]  train[vol=0.3210 surf=0.2463]  val_avg_surf_p=126.8246
    val_single_in_dist         loss=1.0056  surf[p=162.3207 Ux=1.6441 Uy=0.9599]  vol[p=134.2340 Ux=4.5252 Uy=1.9063]
    val_geom_camber_rc         loss=0.6828  surf[p=137.1371 Ux=2.6211 Uy=1.0571]  vol[p=113.6494 Ux=4.9675 Uy=2.3469]
    val_geom_camber_cruise     loss=0.2553  surf[p=94.2103 Ux=1.1732 Uy=0.6097]  vol[p=73.0305 Ux=3.0204 Uy=1.1671]
    val_re_rand                loss=0.5293  surf[p=113.6305 Ux=1.9064 Uy=0.8383]  vol[p=93.6387 Ux=3.9645 Uy=1.7148]
  ep13 step 100/375 loss=0.2656 vol=0.1634 surf=0.1022 lr=3.00e-04
  ep13 step 200/375 loss=0.2115 vol=0.1210 surf=0.0905 lr=3.00e-04
  ep13 step 300/375 loss=0.6020 vol=0.2943 surf=0.3077 lr=3.00e-04
Epoch  13 (242s) [74.2GB]  train[vol=0.3418 surf=0.2754]  val_avg_surf_p=127.5146
    val_single_in_dist         loss=1.3677  surf[p=176.5027 Ux=2.7881 Uy=0.9902]  vol[p=156.8279 Ux=5.7580 Uy=2.0452]
    val_geom_camber_rc         loss=0.7468  surf[p=129.8324 Ux=2.8149 Uy=1.1205]  vol[p=119.0127 Ux=5.4637 Uy=2.4712]
    val_geom_camber_cruise     loss=0.2777  surf[p=93.7932 Ux=1.9260 Uy=0.6288]  vol[p=75.7623 Ux=3.8123 Uy=1.1767]
    val_re_rand                loss=0.5307  surf[p=109.9300 Ux=2.4387 Uy=0.8530]  vol[p=96.7122 Ux=4.5258 Uy=1.7525]
  ep14 step 100/375 loss=0.3901 vol=0.2468 surf=0.1433 lr=3.00e-04
  ep14 step 200/375 loss=0.7477 vol=0.4210 surf=0.3267 lr=3.00e-04
  ep14 step 300/375 loss=0.6456 vol=0.3845 surf=0.2611 lr=3.00e-04
Epoch  14 (242s) [74.2GB]  train[vol=0.3652 surf=0.2942]  val_avg_surf_p=111.2642 *
    val_single_in_dist         loss=0.6663  surf[p=123.7493 Ux=1.8265 Uy=0.7900]  vol[p=115.0932 Ux=4.2012 Uy=1.6373]
    val_geom_camber_rc         loss=0.6539  surf[p=126.3287 Ux=2.5872 Uy=1.0771]  vol[p=121.1552 Ux=4.9756 Uy=2.3420]
    val_geom_camber_cruise     loss=0.2350  surf[p=87.7727 Ux=1.4726 Uy=0.6018]  vol[p=71.5779 Ux=3.1131 Uy=1.1046]
    val_re_rand                loss=0.4831  surf[p=107.2058 Ux=2.0287 Uy=0.8205]  vol[p=94.2964 Ux=3.8919 Uy=1.6451]
  ep15 step 100/375 loss=0.2715 vol=0.1788 surf=0.0926 lr=3.00e-04
  ep15 step 200/375 loss=0.4047 vol=0.2379 surf=0.1668 lr=3.00e-04
  ep15 step 300/375 loss=0.1741 vol=0.1109 surf=0.0631 lr=3.00e-04
Epoch  15 (243s) [74.2GB]  train[vol=0.2942 surf=0.2218]  val_avg_surf_p=129.4953
    val_single_in_dist         loss=0.8810  surf[p=148.6183 Ux=2.3947 Uy=0.8676]  vol[p=146.0670 Ux=4.6305 Uy=1.7021]
    val_geom_camber_rc         loss=0.6863  surf[p=131.0962 Ux=2.9801 Uy=1.0125]  vol[p=123.6204 Ux=4.9334 Uy=2.1738]
    val_geom_camber_cruise     loss=0.2827  surf[p=114.6774 Ux=1.4210 Uy=0.6791]  vol[p=99.3858 Ux=3.2199 Uy=1.2460]
    val_re_rand                loss=0.5344  surf[p=123.5893 Ux=2.2790 Uy=0.8501]  vol[p=114.0567 Ux=4.1318 Uy=1.6813]
  ep16 step 100/375 loss=0.2888 vol=0.2013 surf=0.0875 lr=3.00e-04
  ep16 step 200/375 loss=0.2148 vol=0.1445 surf=0.0703 lr=3.00e-04
  ep16 step 300/375 loss=0.2945 vol=0.1873 surf=0.1072 lr=3.00e-04
Epoch  16 (241s) [74.2GB]  train[vol=0.3975 surf=0.2854]  val_avg_surf_p=169.0832
    val_single_in_dist         loss=1.9105  surf[p=308.9388 Ux=3.1340 Uy=1.3504]  vol[p=246.6973 Ux=5.8955 Uy=2.5020]
    val_geom_camber_rc         loss=0.7566  surf[p=147.4267 Ux=2.5343 Uy=1.1315]  vol[p=137.6403 Ux=4.8803 Uy=2.5103]
    val_geom_camber_cruise     loss=0.2646  surf[p=92.4156 Ux=1.5870 Uy=0.6638]  vol[p=78.0241 Ux=3.3152 Uy=1.2229]
    val_re_rand                loss=0.5973  surf[p=127.5515 Ux=2.3402 Uy=0.9444]  vol[p=107.7408 Ux=4.3305 Uy=1.8165]
  ep17 step 100/375 loss=0.4132 vol=0.2293 surf=0.1839 lr=3.00e-04
  ep17 step 200/375 loss=0.2873 vol=0.1896 surf=0.0977 lr=3.00e-04
  ep17 step 300/375 loss=0.3602 vol=0.2263 surf=0.1339 lr=3.00e-04
Epoch  17 (240s) [74.2GB]  train[vol=0.3042 surf=0.2401]  val_avg_surf_p=119.9720
    val_single_in_dist         loss=0.7038  surf[p=143.4587 Ux=1.5822 Uy=0.8283]  vol[p=123.6159 Ux=3.9540 Uy=1.6377]
    val_geom_camber_rc         loss=0.7056  surf[p=134.8452 Ux=2.4663 Uy=1.0278]  vol[p=124.8266 Ux=4.8009 Uy=2.2497]
    val_geom_camber_cruise     loss=0.2212  surf[p=85.5685 Ux=1.0862 Uy=0.6231]  vol[p=69.0228 Ux=2.7716 Uy=1.1138]
    val_re_rand                loss=0.5543  surf[p=116.0155 Ux=1.8576 Uy=0.8352]  vol[p=96.0059 Ux=3.7185 Uy=1.6512]
  ep18 step 100/375 loss=0.0916 vol=0.0565 surf=0.0351 lr=3.00e-04
  ep18 step 200/375 loss=0.2877 vol=0.1306 surf=0.1572 lr=3.00e-04
  ep18 step 300/375 loss=0.1957 vol=0.1217 surf=0.0740 lr=3.00e-04
Epoch  18 (242s) [74.2GB]  train[vol=0.2887 surf=0.2147]  val_avg_surf_p=115.9120
    val_single_in_dist         loss=0.6879  surf[p=135.0917 Ux=1.7898 Uy=0.7799]  vol[p=123.7438 Ux=4.1409 Uy=1.6475]
    val_geom_camber_rc         loss=0.5974  surf[p=128.4948 Ux=2.5175 Uy=0.9490]  vol[p=119.0137 Ux=4.6151 Uy=2.2686]
    val_geom_camber_cruise     loss=0.2125  surf[p=84.8891 Ux=1.2456 Uy=0.5638]  vol[p=70.6785 Ux=2.8751 Uy=1.0610]
    val_re_rand                loss=0.5324  surf[p=115.1725 Ux=1.9713 Uy=0.7794]  vol[p=99.4180 Ux=3.8368 Uy=1.6021]
  ep19 step 100/375 loss=0.1372 vol=0.0990 surf=0.0382 lr=3.00e-04
  ep19 step 200/375 loss=30.3482 vol=19.5278 surf=10.8204 lr=3.00e-04
  ep19 step 300/375 loss=0.2141 vol=0.1342 surf=0.0799 lr=3.00e-04
Epoch  19 (241s) [74.2GB]  train[vol=0.2845 surf=0.1966]  val_avg_surf_p=141.6494
    val_single_in_dist         loss=0.8150  surf[p=171.8414 Ux=2.6132 Uy=0.8142]  vol[p=135.5626 Ux=4.8572 Uy=1.7169]
    val_geom_camber_rc         loss=0.9159  surf[p=184.0361 Ux=3.4344 Uy=1.1086]  vol[p=153.4992 Ux=5.7845 Uy=2.4050]
    val_geom_camber_cruise     loss=0.2273  surf[p=88.4239 Ux=1.2278 Uy=0.5748]  vol[p=68.9746 Ux=2.9146 Uy=1.0747]
    val_re_rand                loss=0.5340  surf[p=122.2964 Ux=2.1815 Uy=0.8203]  vol[p=98.2334 Ux=4.0003 Uy=1.6661]
  ep20 step 100/375 loss=0.5115 vol=0.3224 surf=0.1891 lr=3.00e-04
  ep20 step 200/375 loss=0.0920 vol=0.0648 surf=0.0272 lr=3.00e-04
  ep20 step 300/375 loss=0.1712 vol=0.1075 surf=0.0637 lr=3.00e-04
Epoch  20 (235s) [74.2GB]  train[vol=0.3343 surf=0.2568]  val_avg_surf_p=147.0618
    val_single_in_dist         loss=1.0718  surf[p=191.7625 Ux=3.0955 Uy=0.7870]  vol[p=158.4335 Ux=5.1591 Uy=1.7536]
    val_geom_camber_rc         loss=0.9026  surf[p=178.7923 Ux=3.6548 Uy=1.0859]  vol[p=158.8076 Ux=5.6657 Uy=2.3633]
    val_geom_camber_cruise     loss=0.2850  surf[p=96.2283 Ux=2.8693 Uy=0.6025]  vol[p=76.1628 Ux=4.0649 Uy=1.2046]
    val_re_rand                loss=0.5830  surf[p=121.4642 Ux=2.9907 Uy=0.8332]  vol[p=104.7158 Ux=4.5329 Uy=1.6918]
  ep21 step 100/375 loss=0.0837 vol=0.0625 surf=0.0213 lr=3.00e-04
  ep21 step 200/375 loss=0.1157 vol=0.0698 surf=0.0459 lr=3.00e-04
  ep21 step 300/375 loss=0.3007 vol=0.1667 surf=0.1340 lr=3.00e-04
Epoch  21 (243s) [74.2GB]  train[vol=0.3532 surf=0.2708]  val_avg_surf_p=117.9728
    val_single_in_dist         loss=0.7354  surf[p=138.2598 Ux=1.9822 Uy=0.8191]  vol[p=130.1317 Ux=4.4708 Uy=1.8403]
    val_geom_camber_rc         loss=0.6491  surf[p=132.8356 Ux=3.2261 Uy=1.0754]  vol[p=126.7713 Ux=5.4509 Uy=2.4506]
    val_geom_camber_cruise     loss=0.2693  surf[p=92.7081 Ux=1.2580 Uy=0.6305]  vol[p=77.0217 Ux=3.0090 Uy=1.1754]
    val_re_rand                loss=0.5134  surf[p=108.0877 Ux=2.1625 Uy=0.8579]  vol[p=96.6731 Ux=4.0020 Uy=1.7048]
  ep22 step 100/375 loss=1.0741 vol=0.5139 surf=0.5602 lr=3.00e-04
  ep22 step 200/375 loss=0.1451 vol=0.0957 surf=0.0494 lr=3.00e-04
  ep22 step 300/375 loss=0.1760 vol=0.1239 surf=0.0521 lr=3.00e-04
Epoch  22 (243s) [74.2GB]  train[vol=0.2766 surf=0.2088]  val_avg_surf_p=123.5479
    val_single_in_dist         loss=0.8536  surf[p=173.2189 Ux=1.5599 Uy=0.8286]  vol[p=150.4245 Ux=3.8133 Uy=1.5484]
    val_geom_camber_rc         loss=0.5723  surf[p=123.5527 Ux=2.4174 Uy=1.0196]  vol[p=108.5344 Ux=4.9371 Uy=2.1448]
    val_geom_camber_cruise     loss=0.2049  surf[p=86.1780 Ux=1.0233 Uy=0.5816]  vol[p=69.2577 Ux=2.6559 Uy=1.0418]
    val_re_rand                loss=0.5056  surf[p=111.2421 Ux=1.7899 Uy=0.8362]  vol[p=91.7706 Ux=3.7520 Uy=1.5995]
  ep23 step 100/375 loss=0.1942 vol=0.1299 surf=0.0643 lr=3.00e-04
  ep23 step 200/375 loss=0.4772 vol=0.2774 surf=0.1997 lr=3.00e-04
  ep23 step 300/375 loss=0.2601 vol=0.1426 surf=0.1175 lr=3.00e-04
Epoch  23 (241s) [74.2GB]  train[vol=0.2564 surf=0.1963]  val_avg_surf_p=103.5510 *
    val_single_in_dist         loss=0.8464  surf[p=134.5628 Ux=1.6301 Uy=0.8123]  vol[p=116.8842 Ux=3.8935 Uy=1.5625]
    val_geom_camber_rc         loss=0.5420  surf[p=114.3332 Ux=2.5232 Uy=1.0384]  vol[p=106.1801 Ux=4.5378 Uy=2.1478]
    val_geom_camber_cruise     loss=0.1893  surf[p=74.8469 Ux=1.0757 Uy=0.5665]  vol[p=60.2859 Ux=2.5060 Uy=0.9918]
    val_re_rand                loss=0.3986  surf[p=90.4610 Ux=1.7782 Uy=0.7937]  vol[p=77.7954 Ux=3.3953 Uy=1.4982]
  ep24 step 100/375 loss=0.1971 vol=0.1332 surf=0.0639 lr=3.00e-04
  ep24 step 200/375 loss=0.0911 vol=0.0690 surf=0.0221 lr=3.00e-04
  ep24 step 300/375 loss=0.2557 vol=0.1613 surf=0.0944 lr=3.00e-04
Epoch  24 (244s) [74.2GB]  train[vol=0.2179 surf=0.1602]  val_avg_surf_p=114.9018
    val_single_in_dist         loss=0.7422  surf[p=151.5453 Ux=1.5092 Uy=0.7581]  vol[p=133.6377 Ux=3.8784 Uy=1.6912]
    val_geom_camber_rc         loss=0.5852  surf[p=126.8706 Ux=2.1665 Uy=0.9205]  vol[p=111.7211 Ux=4.4404 Uy=2.1547]
    val_geom_camber_cruise     loss=0.1996  surf[p=80.4500 Ux=1.1246 Uy=0.5429]  vol[p=63.4854 Ux=2.6685 Uy=1.0633]
    val_re_rand                loss=0.4110  surf[p=100.7412 Ux=1.7071 Uy=0.7519]  vol[p=84.6939 Ux=3.4848 Uy=1.5565]
  ep25 step 100/375 loss=0.1031 vol=0.0757 surf=0.0274 lr=3.00e-04
  ep25 step 200/375 loss=0.2090 vol=0.1430 surf=0.0660 lr=3.00e-04
  ep25 step 300/375 loss=0.2263 vol=0.1307 surf=0.0956 lr=3.00e-04
Epoch  25 (244s) [74.2GB]  train[vol=0.2152 surf=0.1657]  val_avg_surf_p=97.9765 *
    val_single_in_dist         loss=0.6666  surf[p=124.1879 Ux=1.3812 Uy=0.7292]  vol[p=114.0385 Ux=3.5189 Uy=1.4821]
    val_geom_camber_rc         loss=0.5306  surf[p=107.6665 Ux=2.2502 Uy=0.9654]  vol[p=103.7868 Ux=4.4591 Uy=2.1906]
    val_geom_camber_cruise     loss=0.1691  surf[p=72.1223 Ux=1.0971 Uy=0.5249]  vol[p=57.8041 Ux=2.4397 Uy=0.9571]
    val_re_rand                loss=0.3913  surf[p=87.9293 Ux=1.7905 Uy=0.7211]  vol[p=76.9455 Ux=3.3698 Uy=1.4828]
  ep26 step 100/375 loss=0.1918 vol=0.1264 surf=0.0653 lr=3.00e-04
  ep26 step 200/375 loss=0.1868 vol=0.1229 surf=0.0639 lr=3.00e-04
  ep26 step 300/375 loss=0.1997 vol=0.1063 surf=0.0934 lr=3.00e-04
Epoch  26 (242s) [74.2GB]  train[vol=0.2194 surf=0.1577]  val_avg_surf_p=95.7592 *
    val_single_in_dist         loss=0.4601  surf[p=104.7039 Ux=1.6264 Uy=0.6800]  vol[p=94.6151 Ux=3.6285 Uy=1.4052]
    val_geom_camber_rc         loss=0.5294  surf[p=115.7283 Ux=2.0736 Uy=0.9092]  vol[p=106.9830 Ux=4.3129 Uy=2.0821]
    val_geom_camber_cruise     loss=0.1686  surf[p=72.2427 Ux=1.1545 Uy=0.5261]  vol[p=55.5170 Ux=2.6461 Uy=0.9654]
    val_re_rand                loss=0.4031  surf[p=90.3621 Ux=1.6294 Uy=0.7023]  vol[p=75.8344 Ux=3.3666 Uy=1.4415]
  ep27 step 100/375 loss=0.1489 vol=0.0970 surf=0.0519 lr=2.99e-04
  ep27 step 200/375 loss=0.3180 vol=0.1671 surf=0.1509 lr=2.99e-04
  ep27 step 300/375 loss=0.2852 vol=0.1806 surf=0.1046 lr=2.99e-04
Epoch  27 (240s) [74.2GB]  train[vol=0.3666 surf=0.2569]  val_avg_surf_p=136.6795
    val_single_in_dist         loss=1.3453  surf[p=198.0183 Ux=2.2088 Uy=0.9043]  vol[p=178.6878 Ux=4.6099 Uy=1.8241]
    val_geom_camber_rc         loss=0.6782  surf[p=146.3480 Ux=2.8122 Uy=0.9441]  vol[p=126.4404 Ux=5.0877 Uy=2.2310]
    val_geom_camber_cruise     loss=0.2547  surf[p=89.3403 Ux=1.3425 Uy=0.6052]  vol[p=71.4043 Ux=3.1102 Uy=1.1956]
    val_re_rand                loss=0.5404  surf[p=113.0113 Ux=1.9375 Uy=0.8063]  vol[p=96.1461 Ux=3.9141 Uy=1.7070]
  ep28 step 100/375 loss=0.9973 vol=0.3797 surf=0.6176 lr=2.99e-04
  ep28 step 200/375 loss=0.3274 vol=0.2229 surf=0.1045 lr=2.99e-04
  ep28 step 300/375 loss=0.2306 vol=0.1532 surf=0.0774 lr=2.99e-04
Epoch  28 (244s) [74.2GB]  train[vol=0.2023 surf=0.1459]  val_avg_surf_p=96.7139
    val_single_in_dist         loss=0.5684  surf[p=113.4238 Ux=1.4923 Uy=0.6582]  vol[p=99.5242 Ux=3.6677 Uy=1.4971]
    val_geom_camber_rc         loss=0.4930  surf[p=111.9854 Ux=2.2950 Uy=0.8823]  vol[p=98.4775 Ux=4.3215 Uy=2.0219]
    val_geom_camber_cruise     loss=0.1779  surf[p=74.5892 Ux=1.1253 Uy=0.4954]  vol[p=57.5779 Ux=2.5094 Uy=1.0098]
    val_re_rand                loss=0.3594  surf[p=86.8572 Ux=1.6522 Uy=0.6881]  vol[p=73.9698 Ux=3.3165 Uy=1.4607]
  ep29 step 100/375 loss=0.8224 vol=0.4248 surf=0.3976 lr=2.99e-04
  ep29 step 200/375 loss=0.9509 vol=0.5992 surf=0.3517 lr=2.99e-04
  ep29 step 300/375 loss=0.0920 vol=0.0634 surf=0.0286 lr=2.99e-04
Epoch  29 (237s) [74.2GB]  train[vol=0.2696 surf=0.1979]  val_avg_surf_p=107.7486
    val_single_in_dist         loss=0.6784  surf[p=137.5089 Ux=2.0539 Uy=0.7582]  vol[p=126.4750 Ux=4.1013 Uy=1.4957]
    val_geom_camber_rc         loss=0.5050  surf[p=111.4691 Ux=2.2895 Uy=0.9663]  vol[p=107.6828 Ux=4.2531 Uy=2.0922]
    val_geom_camber_cruise     loss=0.1921  surf[p=84.0434 Ux=1.2170 Uy=0.5331]  vol[p=65.1133 Ux=2.8708 Uy=1.0465]
    val_re_rand                loss=0.4188  surf[p=97.9731 Ux=1.6812 Uy=0.7742]  vol[p=84.0390 Ux=3.4345 Uy=1.5094]
  ep30 step 100/375 loss=0.5090 vol=0.3176 surf=0.1914 lr=2.99e-04
  ep30 step 200/375 loss=0.1344 vol=0.0927 surf=0.0416 lr=2.99e-04
  ep30 step 300/375 loss=0.5239 vol=0.2935 surf=0.2304 lr=2.99e-04
Epoch  30 (241s) [74.2GB]  train[vol=0.2881 surf=0.2210]  val_avg_surf_p=128.2775
    val_single_in_dist         loss=1.9314  surf[p=190.5317 Ux=2.4836 Uy=0.9985]  vol[p=163.0101 Ux=5.1288 Uy=2.0298]
    val_geom_camber_rc         loss=0.8206  surf[p=136.3242 Ux=2.3779 Uy=1.0613]  vol[p=121.7327 Ux=4.6834 Uy=2.1972]
    val_geom_camber_cruise     loss=0.2580  surf[p=86.2597 Ux=1.7347 Uy=0.5786]  vol[p=62.1893 Ux=3.5070 Uy=1.0500]
    val_re_rand                loss=0.4854  surf[p=99.9945 Ux=1.9450 Uy=0.7676]  vol[p=81.9630 Ux=3.7738 Uy=1.5101]
  ep31 step 100/375 loss=0.3246 vol=0.1761 surf=0.1486 lr=2.99e-04
  ep31 step 200/375 loss=0.7906 vol=0.4214 surf=0.3691 lr=2.99e-04
  ep31 step 300/375 loss=16.9181 vol=10.7964 surf=6.1217 lr=2.99e-04
Epoch  31 (241s) [74.2GB]  train[vol=0.2912 surf=0.1976]  val_avg_surf_p=104.2452
    val_single_in_dist         loss=0.6766  surf[p=121.9114 Ux=1.5271 Uy=0.6480]  vol[p=104.7577 Ux=3.5737 Uy=1.3950]
    val_geom_camber_rc         loss=0.5398  surf[p=127.9077 Ux=2.5690 Uy=0.8730]  vol[p=106.6096 Ux=4.6357 Uy=2.0162]
    val_geom_camber_cruise     loss=0.1689  surf[p=73.2836 Ux=1.1058 Uy=0.4963]  vol[p=56.4841 Ux=2.5774 Uy=0.9353]
    val_re_rand                loss=0.3919  surf[p=93.8783 Ux=1.7086 Uy=0.6949]  vol[p=76.9927 Ux=3.3946 Uy=1.4303]
  ep32 step 100/375 loss=0.3772 vol=0.2142 surf=0.1631 lr=2.99e-04
  ep32 step 200/375 loss=1.0743 vol=0.6521 surf=0.4222 lr=2.99e-04
  ep32 step 300/375 loss=0.2876 vol=0.1587 surf=0.1289 lr=2.99e-04
Epoch  32 (243s) [74.2GB]  train[vol=0.2700 surf=0.1885]  val_avg_surf_p=127.3830
    val_single_in_dist         loss=0.9076  surf[p=160.2266 Ux=2.7951 Uy=0.7675]  vol[p=142.9873 Ux=4.9279 Uy=1.7316]
    val_geom_camber_rc         loss=0.6472  surf[p=136.3379 Ux=2.9467 Uy=1.1402]  vol[p=132.3289 Ux=4.9902 Uy=2.5158]
    val_geom_camber_cruise     loss=0.2113  surf[p=102.2910 Ux=1.8590 Uy=0.4971]  vol[p=81.5981 Ux=3.3674 Uy=1.0183]
    val_re_rand                loss=0.4468  surf[p=110.6765 Ux=2.2836 Uy=0.7655]  vol[p=99.8113 Ux=3.9004 Uy=1.5798]
  ep33 step 100/375 loss=0.2055 vol=0.0955 surf=0.1100 lr=2.99e-04
  ep33 step 200/375 loss=0.3742 vol=0.2393 surf=0.1349 lr=2.99e-04
  ep33 step 300/375 loss=0.2832 vol=0.1874 surf=0.0957 lr=2.99e-04
Epoch  33 (240s) [74.2GB]  train[vol=0.3242 surf=0.2271]  val_avg_surf_p=102.2729
    val_single_in_dist         loss=0.7745  surf[p=133.1703 Ux=1.5471 Uy=0.7629]  vol[p=119.4562 Ux=3.6057 Uy=1.4923]
    val_geom_camber_rc         loss=0.5129  surf[p=114.0231 Ux=2.3175 Uy=0.8781]  vol[p=105.1089 Ux=4.5329 Uy=2.0297]
    val_geom_camber_cruise     loss=0.1649  surf[p=70.4541 Ux=1.6146 Uy=0.5059]  vol[p=53.3291 Ux=2.9652 Uy=0.8797]
    val_re_rand                loss=0.4192  surf[p=91.4441 Ux=1.8787 Uy=0.7063]  vol[p=77.9615 Ux=3.5146 Uy=1.4033]
  ep34 step 100/375 loss=0.3221 vol=0.1848 surf=0.1373 lr=2.99e-04
  ep34 step 200/375 loss=0.0796 vol=0.0593 surf=0.0203 lr=2.99e-04
  ep34 step 300/375 loss=0.0851 vol=0.0610 surf=0.0242 lr=2.99e-04
Epoch  34 (243s) [74.2GB]  train[vol=0.2667 surf=0.1850]  val_avg_surf_p=118.7985
    val_single_in_dist         loss=0.7202  surf[p=154.9309 Ux=2.4256 Uy=0.9019]  vol[p=126.3306 Ux=4.6921 Uy=1.7235]
    val_geom_camber_rc         loss=0.5633  surf[p=125.3445 Ux=2.6597 Uy=1.0897]  vol[p=109.6267 Ux=4.5489 Uy=2.0584]
    val_geom_camber_cruise     loss=0.1725  surf[p=89.5902 Ux=1.4550 Uy=0.5903]  vol[p=65.5257 Ux=2.5346 Uy=1.0389]
    val_re_rand                loss=0.4039  surf[p=105.3282 Ux=2.1147 Uy=0.8302]  vol[p=84.7137 Ux=3.3730 Uy=1.5141]
  ep35 step 100/375 loss=0.1862 vol=0.1197 surf=0.0665 lr=2.99e-04
  ep35 step 200/375 loss=0.0662 vol=0.0477 surf=0.0185 lr=2.99e-04
  ep35 step 300/375 loss=0.0826 vol=0.0623 surf=0.0202 lr=2.99e-04
Epoch  35 (240s) [74.2GB]  train[vol=0.2420 surf=0.1691]  val_avg_surf_p=107.7830
    val_single_in_dist         loss=0.6052  surf[p=126.7606 Ux=1.9827 Uy=0.7034]  vol[p=117.8398 Ux=3.7679 Uy=1.3734]
    val_geom_camber_rc         loss=0.7003  surf[p=128.5555 Ux=2.6465 Uy=1.0695]  vol[p=121.2472 Ux=4.5823 Uy=2.3415]
    val_geom_camber_cruise     loss=0.1847  surf[p=80.1438 Ux=1.4193 Uy=0.5316]  vol[p=64.2176 Ux=2.6161 Uy=0.9924]
    val_re_rand                loss=0.4986  surf[p=95.6719 Ux=2.0799 Uy=0.7380]  vol[p=83.6867 Ux=3.4488 Uy=1.4999]
  ep36 step 100/375 loss=0.1477 vol=0.1021 surf=0.0456 lr=2.99e-04
  ep36 step 200/375 loss=0.3894 vol=0.1777 surf=0.2117 lr=2.99e-04
  ep36 step 300/375 loss=0.1382 vol=0.0973 surf=0.0410 lr=2.99e-04
Epoch  36 (240s) [74.2GB]  train[vol=0.1828 surf=0.1249]  val_avg_surf_p=82.0883 *
    val_single_in_dist         loss=0.5035  surf[p=97.4577 Ux=1.1804 Uy=0.6216]  vol[p=87.8536 Ux=3.1933 Uy=1.2400]
    val_geom_camber_rc         loss=0.4142  surf[p=95.5761 Ux=1.8830 Uy=0.7832]  vol[p=90.0183 Ux=3.9722 Uy=1.8418]
    val_geom_camber_cruise     loss=0.1259  surf[p=59.7096 Ux=0.7873 Uy=0.4380]  vol[p=47.3981 Ux=2.1866 Uy=0.8293]
    val_re_rand                loss=0.3273  surf[p=75.6096 Ux=1.3330 Uy=0.6015]  vol[p=66.2193 Ux=2.9322 Uy=1.2510]
  ep37 step 100/375 loss=0.0567 vol=0.0422 surf=0.0144 lr=2.99e-04
  ep37 step 200/375 loss=0.5368 vol=0.2621 surf=0.2747 lr=2.99e-04
  ep37 step 300/375 loss=0.1626 vol=0.0950 surf=0.0676 lr=2.99e-04
Epoch  37 (240s) [74.2GB]  train[vol=0.1832 surf=0.1357]  val_avg_surf_p=83.7339
    val_single_in_dist         loss=0.4377  surf[p=103.9948 Ux=1.4881 Uy=0.6133]  vol[p=94.2398 Ux=3.3941 Uy=1.2643]
    val_geom_camber_rc         loss=0.4345  surf[p=95.5107 Ux=1.9280 Uy=0.7940]  vol[p=89.9247 Ux=3.9894 Uy=1.8509]
    val_geom_camber_cruise     loss=0.1317  surf[p=56.4886 Ux=1.1003 Uy=0.4285]  vol[p=47.1105 Ux=2.4592 Uy=0.8649]
    val_re_rand                loss=0.3364  surf[p=78.9416 Ux=1.5752 Uy=0.6135]  vol[p=69.2129 Ux=3.1901 Uy=1.2962]
  ep38 step 100/375 loss=0.2679 vol=0.1574 surf=0.1105 lr=2.99e-04
  ep38 step 200/375 loss=0.2740 vol=0.1622 surf=0.1118 lr=2.99e-04
  ep38 step 300/375 loss=0.2512 vol=0.1586 surf=0.0926 lr=2.99e-04
Epoch  38 (243s) [74.2GB]  train[vol=0.2709 surf=0.2060]  val_avg_surf_p=115.9772
    val_single_in_dist         loss=0.7797  surf[p=137.8277 Ux=1.9443 Uy=0.7862]  vol[p=125.3919 Ux=3.9680 Uy=1.6125]
    val_geom_camber_rc         loss=0.7277  surf[p=136.2043 Ux=2.9720 Uy=0.8510]  vol[p=133.3874 Ux=5.4278 Uy=2.0818]
    val_geom_camber_cruise     loss=0.2112  surf[p=89.7745 Ux=1.7881 Uy=0.5704]  vol[p=64.0322 Ux=3.0956 Uy=1.0756]
    val_re_rand                loss=0.4202  surf[p=100.1022 Ux=2.2599 Uy=0.6806]  vol[p=86.9767 Ux=3.9416 Uy=1.4605]
  ep39 step 100/375 loss=0.1277 vol=0.0871 surf=0.0406 lr=2.99e-04
  ep39 step 200/375 loss=0.7362 vol=0.4564 surf=0.2798 lr=2.99e-04
  ep39 step 300/375 loss=0.1540 vol=0.0861 surf=0.0679 lr=2.99e-04
Epoch  39 (240s) [74.2GB]  train[vol=0.1970 surf=0.1487]  val_avg_surf_p=93.8521
    val_single_in_dist         loss=0.6407  surf[p=128.4801 Ux=1.4776 Uy=0.7285]  vol[p=114.2241 Ux=3.7150 Uy=1.4762]
    val_geom_camber_rc         loss=0.4865  surf[p=106.6301 Ux=2.0855 Uy=0.9126]  vol[p=97.6846 Ux=4.2041 Uy=2.0602]
    val_geom_camber_cruise     loss=0.1539  surf[p=59.8273 Ux=1.0813 Uy=0.4982]  vol[p=48.8146 Ux=2.4976 Uy=1.0069]
    val_re_rand                loss=0.3316  surf[p=80.4709 Ux=1.5298 Uy=0.6971]  vol[p=68.7636 Ux=3.1260 Uy=1.4786]
  ep40 step 100/375 loss=0.2846 vol=0.1490 surf=0.1356 lr=2.99e-04
  ep40 step 200/375 loss=1.0895 vol=0.6897 surf=0.3998 lr=2.99e-04
  ep40 step 300/375 loss=0.0692 vol=0.0497 surf=0.0195 lr=2.99e-04
Epoch  40 (242s) [74.2GB]  train[vol=0.2728 surf=0.2049]  val_avg_surf_p=89.5646
    val_single_in_dist         loss=0.5018  surf[p=103.6106 Ux=1.5412 Uy=0.6801]  vol[p=97.5132 Ux=3.4436 Uy=1.3454]
    val_geom_camber_rc         loss=0.4500  surf[p=106.9794 Ux=2.1599 Uy=0.8470]  vol[p=97.5860 Ux=4.0476 Uy=1.9736]
    val_geom_camber_cruise     loss=0.1335  surf[p=60.6178 Ux=1.1339 Uy=0.4664]  vol[p=47.2620 Ux=2.3660 Uy=0.8530]
    val_re_rand                loss=0.3517  surf[p=87.0505 Ux=1.6558 Uy=0.6707]  vol[p=72.2896 Ux=3.1553 Uy=1.3413]
  ep41 step 100/375 loss=0.1077 vol=0.0679 surf=0.0398 lr=2.99e-04
  ep41 step 200/375 loss=0.3996 vol=0.2475 surf=0.1520 lr=2.99e-04
  ep41 step 300/375 loss=0.1825 vol=0.1302 surf=0.0523 lr=2.99e-04
Epoch  41 (238s) [74.2GB]  train[vol=0.2129 surf=0.1477]  val_avg_surf_p=83.8373
    val_single_in_dist         loss=0.4889  surf[p=97.1763 Ux=1.6644 Uy=0.6646]  vol[p=90.8254 Ux=3.5263 Uy=1.2852]
    val_geom_camber_rc         loss=0.4161  surf[p=95.8564 Ux=2.3504 Uy=0.8283]  vol[p=92.4105 Ux=4.0695 Uy=1.8716]
    val_geom_camber_cruise     loss=0.1510  surf[p=60.8991 Ux=1.8510 Uy=0.5381]  vol[p=52.8253 Ux=3.0318 Uy=0.9279]
    val_re_rand                loss=0.3555  surf[p=81.4174 Ux=2.2465 Uy=0.6625]  vol[p=72.7957 Ux=3.4988 Uy=1.3381]
  ep42 step 100/375 loss=0.2404 vol=0.1701 surf=0.0703 lr=2.99e-04
  ep42 step 200/375 loss=0.3149 vol=0.1800 surf=0.1349 lr=2.99e-04
  ep42 step 300/375 loss=0.1641 vol=0.1064 surf=0.0577 lr=2.99e-04
Epoch  42 (243s) [74.2GB]  train[vol=0.2574 surf=0.1703]  val_avg_surf_p=113.9614
    val_single_in_dist         loss=1.5165  surf[p=168.6708 Ux=1.5636 Uy=0.7950]  vol[p=148.3676 Ux=3.9321 Uy=1.7351]
    val_geom_camber_rc         loss=0.6405  surf[p=128.5002 Ux=2.0042 Uy=0.8444]  vol[p=120.8327 Ux=4.3122 Uy=1.9370]
    val_geom_camber_cruise     loss=0.1726  surf[p=69.2195 Ux=1.3157 Uy=0.4467]  vol[p=54.8797 Ux=2.8933 Uy=0.8824]
    val_re_rand                loss=0.3979  surf[p=89.4549 Ux=1.7200 Uy=0.6381]  vol[p=77.0589 Ux=3.4285 Uy=1.3377]
  ep43 step 100/375 loss=0.2073 vol=0.1168 surf=0.0905 lr=2.99e-04
  ep43 step 200/375 loss=0.3378 vol=0.1855 surf=0.1523 lr=2.99e-04
  ep43 step 300/375 loss=0.3495 vol=0.2258 surf=0.1237 lr=2.99e-04
Epoch  43 (241s) [74.2GB]  train[vol=0.2395 surf=0.1724]  val_avg_surf_p=97.0598
    val_single_in_dist         loss=0.5271  surf[p=107.4950 Ux=1.8492 Uy=0.6654]  vol[p=104.9906 Ux=3.6992 Uy=1.3274]
    val_geom_camber_rc         loss=0.5263  surf[p=106.3494 Ux=2.3528 Uy=0.8630]  vol[p=101.2253 Ux=4.4270 Uy=1.9831]
    val_geom_camber_cruise     loss=0.1748  surf[p=76.1851 Ux=1.4728 Uy=0.4919]  vol[p=59.6327 Ux=2.8072 Uy=0.9482]
    val_re_rand                loss=0.4612  surf[p=98.2095 Ux=1.8962 Uy=0.6632]  vol[p=84.4961 Ux=3.4946 Uy=1.4066]
  ep44 step 100/375 loss=0.2474 vol=0.1701 surf=0.0773 lr=2.99e-04
  ep44 step 200/375 loss=0.1379 vol=0.0917 surf=0.0461 lr=2.99e-04
  ep44 step 300/375 loss=0.4663 vol=0.2852 surf=0.1811 lr=2.99e-04
Epoch  44 (241s) [74.2GB]  train[vol=0.1404 surf=0.0914]  val_avg_surf_p=80.6099 *
    val_single_in_dist         loss=0.4376  surf[p=102.4101 Ux=1.1401 Uy=0.6952]  vol[p=87.3573 Ux=3.0782 Uy=1.3071]
    val_geom_camber_rc         loss=0.4174  surf[p=92.1610 Ux=1.8434 Uy=0.8285]  vol[p=87.5355 Ux=3.9256 Uy=1.8810]
    val_geom_camber_cruise     loss=0.1184  surf[p=56.5129 Ux=0.9028 Uy=0.4189]  vol[p=45.9470 Ux=2.2196 Uy=0.8231]
    val_re_rand                loss=0.3248  surf[p=71.3556 Ux=1.3394 Uy=0.5795]  vol[p=62.7508 Ux=2.8758 Uy=1.2180]
  ep45 step 100/375 loss=0.2684 vol=0.1493 surf=0.1190 lr=2.99e-04
  ep45 step 200/375 loss=0.2184 vol=0.1249 surf=0.0935 lr=2.99e-04
  ep45 step 300/375 loss=0.1582 vol=0.0994 surf=0.0587 lr=2.99e-04
Epoch  45 (240s) [74.2GB]  train[vol=0.1856 surf=0.1143]  val_avg_surf_p=98.3429
    val_single_in_dist         loss=0.4860  surf[p=115.2484 Ux=1.4658 Uy=0.6006]  vol[p=101.4193 Ux=3.4753 Uy=1.2556]
    val_geom_camber_rc         loss=0.7360  surf[p=121.0157 Ux=2.2974 Uy=0.9772]  vol[p=111.4279 Ux=4.6237 Uy=2.1665]
    val_geom_camber_cruise     loss=0.1363  surf[p=68.6592 Ux=1.1487 Uy=0.4392]  vol[p=51.3986 Ux=2.4293 Uy=0.8377]
    val_re_rand                loss=0.4780  surf[p=88.4483 Ux=1.6018 Uy=0.6613]  vol[p=74.0667 Ux=3.1884 Uy=1.3342]
Timeout (180.0 min). Stopping.

Training done in 181.2 min

Best val: epoch 44, val_avg/mae_surf_p = 80.6099

Evaluating on held-out test splits...
Test: test_single_in_dist: 200, test_geom_camber_rc: 200, test_geom_camber_cruise: 200, test_re_rand: 200

  TEST  avg_surf_p=71.2331
    test_single_in_dist        loss=0.4450  surf[p=88.2278 Ux=1.1200 Uy=0.6460]  vol[p=77.3464 Ux=2.8486 Uy=1.2239]
    test_geom_camber_rc        loss=0.3704  surf[p=82.5126 Ux=1.7797 Uy=0.7746]  vol[p=81.0851 Ux=3.7830 Uy=1.7455]
    test_geom_camber_cruise    loss=0.0908  surf[p=47.7258 Ux=0.8574 Uy=0.3776]  vol[p=39.3981 Ux=2.0821 Uy=0.7357]
    test_re_rand               loss=0.2063  surf[p=66.4662 Ux=1.1639 Uy=0.5566]  vol[p=57.2971 Ux=2.6253 Uy=1.1161]

Logged model artifact 'model-mlintern-pai2-72h-v4-r2-r3-med-h192l6-recipe-180m-ovdk5h26' (aliases: best, epoch-44)
wandb: uploading artifact model-mlintern-pai2-72h-v4-r2-r3-med-h192l6-recipe-180m-ovdk5h26; updating run metadata
wandb: uploading artifact model-mlintern-pai2-72h-v4-r2-r3-med-h192l6-recipe-180m-ovdk5h26
wandb: uploading data
wandb: 
wandb: Run history:
wandb:                             epoch_time_s ▇▅▅▆█▅▆██▆▅▆▆▇▆▄▅▁▇▇▅██▆█▂▅▆▇▅▇▅▅▇▅▆▃▇▆▅
wandb:                              global_step ▁▁▁▁▁▂▂▂▂▂▂▂▂▃▃▃▃▃▃▃▄▄▄▅▅▅▆▆▆▆▆▆▇▇▇▇▇▇██
wandb:                                       lr ███████████▇▇▇▇▇▇▇▆▆▆▆▆▆▅▅▅▅▄▄▄▄▃▃▃▂▂▂▂▁
wandb:        test/test_geom_camber_cruise/loss ▁
wandb: test/test_geom_camber_cruise/mae_surf_Ux ▁
wandb: test/test_geom_camber_cruise/mae_surf_Uy ▁
wandb:  test/test_geom_camber_cruise/mae_surf_p ▁
wandb:  test/test_geom_camber_cruise/mae_vol_Ux ▁
wandb:  test/test_geom_camber_cruise/mae_vol_Uy ▁
wandb:   test/test_geom_camber_cruise/mae_vol_p ▁
wandb:                                      +81 ...
wandb: 
wandb: Run summary:
wandb:                               best_epoch 44
wandb:                  best_val_avg/mae_surf_p 80.60992
wandb:                             epoch_time_s 240.24814
wandb:                              global_step 16875
wandb:                                       lr 0.0003
wandb:        test/test_geom_camber_cruise/loss 0.09078
wandb: test/test_geom_camber_cruise/mae_surf_Ux 0.85742
wandb: test/test_geom_camber_cruise/mae_surf_Uy 0.37758
wandb:  test/test_geom_camber_cruise/mae_surf_p 47.72576
wandb:  test/test_geom_camber_cruise/mae_vol_Ux 2.08208
wandb:                                      +84 ...
wandb: 
wandb: 🚀 View run mlintern-pai2-72h-v4-r2/r3-med-h192l6-recipe-180m at: https://wandb.ai/wandb-applied-ai-team/senpai-v1-ml-intern/runs/ovdk5h26
wandb: ⭐️ View project at: https://wandb.ai/wandb-applied-ai-team/senpai-v1-ml-intern
wandb: Synced 7 W&B file(s), 0 media file(s), 3 artifact file(s) and 0 other file(s)
wandb: Find logs at: ./wandb/run-20260430_131355-ovdk5h26/logs
