Seeded with 23
Device: cuda
Train: 1499, val_single_in_dist: 100, val_geom_camber_rc: 100, val_geom_camber_cruise: 100, val_re_rand: 100
Model: Transolver (8.83M params)
wandb: [wandb.login()] Loaded credentials for https://api.wandb.ai from WANDB_API_KEY.
wandb: W&B API key is configured. Use `wandb login --relogin` to force relogin
wandb: setting up run 8wvgf0ic
wandb: Tracking run with wandb version 0.26.1
wandb: Run data is saved locally in /workspace/ml-intern-benchmark/target/wandb/run-20260430_161919-8wvgf0ic
wandb: Run `wandb offline` to turn off syncing.
wandb: Syncing run mlintern-pai2-72h-v4-r2/r4-scale-h384l8-sub32k-cosine120-240m-s23
wandb: ⭐️ View project at https://wandb.ai/wandb-applied-ai-team/senpai-v1-ml-intern
wandb: 🚀 View run at https://wandb.ai/wandb-applied-ai-team/senpai-v1-ml-intern/runs/8wvgf0ic
  ep1 step 100/375 loss=3.3034 vol=1.9084 surf=1.3950 lr=3.00e-04
  ep1 step 200/375 loss=1.2814 vol=0.8018 surf=0.4797 lr=3.00e-04
  ep1 step 300/375 loss=2.4309 vol=1.2783 surf=1.1526 lr=3.00e-04
Epoch   1 (139s) [23.5GB]  train[vol=1.2182 surf=0.8417]  val_avg_surf_p=255.0120 *
    val_single_in_dist         loss=3.0877  surf[p=312.1159 Ux=5.3521 Uy=1.5969]  vol[p=276.0454 Ux=8.9419 Uy=2.8549]
    val_geom_camber_rc         loss=2.2701  surf[p=295.7242 Ux=6.5267 Uy=1.9321]  vol[p=264.8664 Ux=8.7263 Uy=3.6049]
    val_geom_camber_cruise     loss=0.8074  surf[p=192.8411 Ux=4.2398 Uy=1.1394]  vol[p=150.2195 Ux=6.8660 Uy=1.9073]
    val_re_rand                loss=1.3739  surf[p=219.3667 Ux=4.9662 Uy=1.4194]  vol[p=183.0390 Ux=7.5457 Uy=2.5990]
  ep2 step 100/375 loss=2.5548 vol=1.2172 surf=1.3376 lr=3.00e-04
  ep2 step 200/375 loss=0.6317 vol=0.3576 surf=0.2741 lr=3.00e-04
  ep2 step 300/375 loss=1.4246 vol=0.7871 surf=0.6375 lr=3.00e-04
Epoch   2 (137s) [23.5GB]  train[vol=0.8206 surf=0.5979]  val_avg_surf_p=196.6001 *
    val_single_in_dist         loss=2.1322  surf[p=234.4693 Ux=3.4602 Uy=1.2354]  vol[p=202.8186 Ux=6.6412 Uy=2.5799]
    val_geom_camber_rc         loss=1.6133  surf[p=220.8489 Ux=4.9741 Uy=1.5826]  vol[p=208.6674 Ux=7.6457 Uy=3.3810]
    val_geom_camber_cruise     loss=0.6641  surf[p=158.5451 Ux=3.2875 Uy=1.0180]  vol[p=132.3955 Ux=5.7119 Uy=1.8601]
    val_re_rand                loss=1.0204  surf[p=172.5371 Ux=3.7646 Uy=1.2338]  vol[p=152.6296 Ux=6.1885 Uy=2.4237]
  ep3 step 100/375 loss=0.6453 vol=0.3864 surf=0.2589 lr=3.00e-04
  ep3 step 200/375 loss=1.9552 vol=0.9814 surf=0.9738 lr=3.00e-04
  ep3 step 300/375 loss=0.1828 vol=0.1311 surf=0.0517 lr=3.00e-04
Epoch   3 (137s) [23.5GB]  train[vol=0.5467 surf=0.3999]  val_avg_surf_p=211.8861
    val_single_in_dist         loss=2.1972  surf[p=263.9575 Ux=3.4248 Uy=1.1458]  vol[p=241.8936 Ux=6.6756 Uy=2.4488]
    val_geom_camber_rc         loss=1.4436  surf[p=235.6507 Ux=5.0410 Uy=1.3882]  vol[p=221.2746 Ux=7.6804 Uy=3.0033]
    val_geom_camber_cruise     loss=0.6293  surf[p=162.7830 Ux=3.2091 Uy=1.1476]  vol[p=143.3365 Ux=5.7934 Uy=1.9752]
    val_re_rand                loss=0.9574  surf[p=185.1530 Ux=3.7225 Uy=1.2192]  vol[p=169.3258 Ux=6.1439 Uy=2.3769]
  ep4 step 100/375 loss=0.3168 vol=0.2118 surf=0.1050 lr=3.00e-04
  ep4 step 200/375 loss=0.2976 vol=0.1817 surf=0.1159 lr=3.00e-04
  ep4 step 300/375 loss=0.3510 vol=0.2018 surf=0.1492 lr=3.00e-04
Epoch   4 (137s) [23.5GB]  train[vol=0.5862 surf=0.4478]  val_avg_surf_p=205.2913
    val_single_in_dist         loss=1.8569  surf[p=228.3620 Ux=2.7882 Uy=1.2835]  vol[p=213.5337 Ux=5.9961 Uy=2.3988]
    val_geom_camber_rc         loss=1.4660  surf[p=245.3824 Ux=4.4710 Uy=1.3969]  vol[p=246.7398 Ux=7.6275 Uy=2.9179]
    val_geom_camber_cruise     loss=0.6554  surf[p=156.2673 Ux=2.8260 Uy=0.9942]  vol[p=126.5011 Ux=5.3774 Uy=1.7828]
    val_re_rand                loss=1.0448  surf[p=191.1536 Ux=3.4861 Uy=1.1966]  vol[p=171.2467 Ux=6.2384 Uy=2.2513]
  ep5 step 100/375 loss=0.8493 vol=0.4660 surf=0.3833 lr=2.99e-04
  ep5 step 200/375 loss=0.3975 vol=0.2640 surf=0.1335 lr=2.99e-04
  ep5 step 300/375 loss=0.2832 vol=0.1852 surf=0.0979 lr=2.99e-04
Epoch   5 (137s) [23.5GB]  train[vol=0.7877 surf=0.5344]  val_avg_surf_p=220.2647
    val_single_in_dist         loss=2.7733  surf[p=270.8218 Ux=4.0575 Uy=1.3932]  vol[p=232.6462 Ux=7.3582 Uy=2.8319]
    val_geom_camber_rc         loss=2.3104  surf[p=272.3509 Ux=6.5903 Uy=1.7308]  vol[p=251.1282 Ux=9.6988 Uy=3.5060]
    val_geom_camber_cruise     loss=0.6110  surf[p=154.2603 Ux=3.8004 Uy=1.0309]  vol[p=137.1298 Ux=5.7603 Uy=1.7932]
    val_re_rand                loss=1.0894  surf[p=183.6258 Ux=4.3411 Uy=1.2257]  vol[p=166.3690 Ux=6.2359 Uy=2.3554]
  ep6 step 100/375 loss=0.4033 vol=0.2571 surf=0.1463 lr=2.99e-04
  ep6 step 200/375 loss=0.5836 vol=0.3410 surf=0.2426 lr=2.99e-04
  ep6 step 300/375 loss=0.8655 vol=0.5352 surf=0.3303 lr=2.99e-04
Epoch   6 (137s) [23.5GB]  train[vol=0.5851 surf=0.4047]  val_avg_surf_p=162.8182 *
    val_single_in_dist         loss=1.2911  surf[p=179.0868 Ux=2.8418 Uy=1.0212]  vol[p=152.0693 Ux=5.7961 Uy=2.1137]
    val_geom_camber_rc         loss=1.2251  surf[p=192.7632 Ux=4.5749 Uy=1.3655]  vol[p=172.7332 Ux=7.2904 Uy=2.8603]
    val_geom_camber_cruise     loss=0.4962  surf[p=124.1736 Ux=3.4037 Uy=0.8793]  vol[p=100.9749 Ux=5.5606 Uy=1.5116]
    val_re_rand                loss=0.8410  surf[p=155.2491 Ux=3.6548 Uy=1.1464]  vol[p=131.9953 Ux=5.9200 Uy=2.1011]
  ep7 step 100/375 loss=0.3172 vol=0.2054 surf=0.1117 lr=2.98e-04
  ep7 step 200/375 loss=1.1840 vol=0.6593 surf=0.5247 lr=2.98e-04
  ep7 step 300/375 loss=1.9573 vol=0.9570 surf=1.0004 lr=2.98e-04
Epoch   7 (137s) [23.5GB]  train[vol=0.4876 surf=0.3550]  val_avg_surf_p=192.9083
    val_single_in_dist         loss=1.4775  surf[p=221.3837 Ux=3.9478 Uy=1.0404]  vol[p=188.9985 Ux=6.6892 Uy=2.1852]
    val_geom_camber_rc         loss=1.2521  surf[p=219.5307 Ux=5.0285 Uy=1.5625]  vol[p=184.4282 Ux=6.9228 Uy=2.9794]
    val_geom_camber_cruise     loss=0.5442  surf[p=156.3781 Ux=2.9151 Uy=0.8651]  vol[p=147.6305 Ux=4.8782 Uy=1.5790]
    val_re_rand                loss=0.8351  surf[p=174.3406 Ux=3.6500 Uy=1.1517]  vol[p=154.3445 Ux=5.5234 Uy=2.1388]
  ep8 step 100/375 loss=1.0274 vol=0.5755 surf=0.4519 lr=2.97e-04
  ep8 step 200/375 loss=0.2158 vol=0.1237 surf=0.0922 lr=2.97e-04
  ep8 step 300/375 loss=0.1466 vol=0.0953 surf=0.0513 lr=2.97e-04
Epoch   8 (137s) [23.5GB]  train[vol=0.4563 surf=0.3260]  val_avg_surf_p=188.1333
    val_single_in_dist         loss=1.1923  surf[p=198.4293 Ux=3.3186 Uy=0.9470]  vol[p=165.0867 Ux=6.0168 Uy=2.0724]
    val_geom_camber_rc         loss=1.7447  surf[p=256.5360 Ux=5.9824 Uy=1.4988]  vol[p=214.1644 Ux=9.0311 Uy=3.0966]
    val_geom_camber_cruise     loss=0.4928  surf[p=129.8883 Ux=3.4432 Uy=0.7235]  vol[p=97.1802 Ux=5.5359 Uy=1.4359]
    val_re_rand                loss=0.9270  surf[p=167.6796 Ux=4.2639 Uy=1.0120]  vol[p=134.6847 Ux=6.5689 Uy=2.0652]
  ep9 step 100/375 loss=0.3554 vol=0.2285 surf=0.1269 lr=2.97e-04
  ep9 step 200/375 loss=0.9951 vol=0.5482 surf=0.4470 lr=2.97e-04
  ep9 step 300/375 loss=0.8518 vol=0.4829 surf=0.3689 lr=2.97e-04
Epoch   9 (137s) [23.5GB]  train[vol=0.5913 surf=0.4255]  val_avg_surf_p=224.1769
    val_single_in_dist         loss=2.7580  surf[p=274.2477 Ux=3.5414 Uy=1.2477]  vol[p=228.6344 Ux=6.9242 Uy=3.0522]
    val_geom_camber_rc         loss=2.4503  surf[p=301.0525 Ux=5.4301 Uy=1.8356]  vol[p=259.4587 Ux=8.3737 Uy=3.8849]
    val_geom_camber_cruise     loss=0.5024  surf[p=139.4001 Ux=2.5352 Uy=0.7905]  vol[p=113.6204 Ux=4.9402 Uy=1.5539]
    val_re_rand                loss=1.2231  surf[p=182.0071 Ux=3.5737 Uy=1.1955]  vol[p=152.4893 Ux=6.0206 Uy=2.4632]
  ep10 step 100/375 loss=1.0242 vol=0.5905 surf=0.4337 lr=2.96e-04
  ep10 step 200/375 loss=0.9033 vol=0.5391 surf=0.3642 lr=2.96e-04
  ep10 step 300/375 loss=1.0379 vol=0.5406 surf=0.4973 lr=2.96e-04
Epoch  10 (137s) [23.5GB]  train[vol=0.4882 surf=0.3219]  val_avg_surf_p=159.1621 *
    val_single_in_dist         loss=1.6069  surf[p=183.5675 Ux=2.3776 Uy=1.0263]  vol[p=160.7308 Ux=5.1883 Uy=2.1699]
    val_geom_camber_rc         loss=1.1669  surf[p=194.3961 Ux=4.3146 Uy=1.3467]  vol[p=176.0066 Ux=6.7311 Uy=2.6583]
    val_geom_camber_cruise     loss=0.4351  surf[p=114.8471 Ux=2.6503 Uy=0.7912]  vol[p=94.9057 Ux=4.8554 Uy=1.4544]
    val_re_rand                loss=0.8055  surf[p=143.8377 Ux=3.4816 Uy=1.0544]  vol[p=123.5126 Ux=5.6141 Uy=1.9939]
  ep11 step 100/375 loss=0.2862 vol=0.1706 surf=0.1157 lr=2.95e-04
  ep11 step 200/375 loss=0.1574 vol=0.1140 surf=0.0433 lr=2.95e-04
  ep11 step 300/375 loss=0.4931 vol=0.3245 surf=0.1686 lr=2.95e-04
Epoch  11 (137s) [23.5GB]  train[vol=0.5504 surf=0.3549]  val_avg_surf_p=186.3180
    val_single_in_dist         loss=1.8891  surf[p=248.8731 Ux=4.0230 Uy=1.3575]  vol[p=209.5514 Ux=7.5431 Uy=2.7643]
    val_geom_camber_rc         loss=1.3280  surf[p=200.3311 Ux=4.5588 Uy=1.5493]  vol[p=187.3243 Ux=7.2978 Uy=3.1587]
    val_geom_camber_cruise     loss=0.5788  surf[p=131.1380 Ux=3.1051 Uy=0.9404]  vol[p=102.5549 Ux=5.5545 Uy=1.7953]
    val_re_rand                loss=0.8886  surf[p=164.9298 Ux=3.5962 Uy=1.1672]  vol[p=138.6589 Ux=5.9177 Uy=2.2951]
  ep12 step 100/375 loss=0.9432 vol=0.5253 surf=0.4179 lr=2.94e-04
  ep12 step 200/375 loss=0.9116 vol=0.4109 surf=0.5006 lr=2.94e-04
  ep12 step 300/375 loss=0.0869 vol=0.0655 surf=0.0215 lr=2.94e-04
Epoch  12 (137s) [23.5GB]  train[vol=0.3720 surf=0.2628]  val_avg_surf_p=137.7678 *
    val_single_in_dist         loss=0.7640  surf[p=131.9769 Ux=1.9800 Uy=0.7993]  vol[p=122.7161 Ux=4.5023 Uy=1.6948]
    val_geom_camber_rc         loss=1.0982  surf[p=180.4783 Ux=4.1361 Uy=1.1832]  vol[p=163.7741 Ux=6.7103 Uy=2.5540]
    val_geom_camber_cruise     loss=0.3797  surf[p=106.7841 Ux=2.6388 Uy=0.7425]  vol[p=88.7065 Ux=4.6974 Uy=1.4044]
    val_re_rand                loss=0.6901  surf[p=131.8318 Ux=3.1711 Uy=0.9438]  vol[p=114.3495 Ux=5.2478 Uy=1.8673]
  ep13 step 100/375 loss=0.5141 vol=0.2464 surf=0.2677 lr=2.93e-04
  ep13 step 200/375 loss=0.2179 vol=0.1283 surf=0.0896 lr=2.93e-04
  ep13 step 300/375 loss=0.4549 vol=0.3148 surf=0.1401 lr=2.93e-04
Epoch  13 (137s) [23.5GB]  train[vol=0.2677 surf=0.1865]  val_avg_surf_p=148.0312
    val_single_in_dist         loss=0.9014  surf[p=158.7315 Ux=3.2117 Uy=1.0314]  vol[p=156.3549 Ux=5.4863 Uy=2.0206]
    val_geom_camber_rc         loss=1.0284  surf[p=181.1101 Ux=4.2021 Uy=1.2698]  vol[p=168.4871 Ux=6.3837 Uy=2.5816]
    val_geom_camber_cruise     loss=0.4275  surf[p=115.4543 Ux=3.2290 Uy=0.8334]  vol[p=109.6990 Ux=4.9192 Uy=1.6267]
    val_re_rand                loss=0.7314  surf[p=136.8289 Ux=3.5811 Uy=1.0694]  vol[p=125.5885 Ux=5.3818 Uy=2.0139]
  ep14 step 100/375 loss=3.4806 vol=1.9606 surf=1.5200 lr=2.91e-04
  ep14 step 200/375 loss=0.6479 vol=0.3477 surf=0.3002 lr=2.91e-04
  ep14 step 300/375 loss=0.5079 vol=0.2893 surf=0.2185 lr=2.91e-04
Epoch  14 (137s) [23.5GB]  train[vol=0.5449 surf=0.3478]  val_avg_surf_p=146.5938
    val_single_in_dist         loss=0.9067  surf[p=177.2079 Ux=2.3251 Uy=0.8027]  vol[p=157.1636 Ux=4.7267 Uy=1.7279]
    val_geom_camber_rc         loss=0.8704  surf[p=156.6614 Ux=3.9733 Uy=1.1760]  vol[p=149.7121 Ux=6.1752 Uy=2.4609]
    val_geom_camber_cruise     loss=0.3718  surf[p=117.6940 Ux=2.2409 Uy=0.7489]  vol[p=93.5472 Ux=4.1978 Uy=1.3986]
    val_re_rand                loss=0.6742  surf[p=134.8119 Ux=3.0295 Uy=0.9456]  vol[p=117.5322 Ux=4.9139 Uy=1.8450]
  ep15 step 100/375 loss=0.1680 vol=0.1014 surf=0.0666 lr=2.90e-04
  ep15 step 200/375 loss=0.3014 vol=0.2064 surf=0.0950 lr=2.90e-04
  ep15 step 300/375 loss=0.2592 vol=0.1671 surf=0.0922 lr=2.90e-04
Epoch  15 (137s) [23.5GB]  train[vol=0.5876 surf=0.3771]  val_avg_surf_p=157.5476
    val_single_in_dist         loss=0.9055  surf[p=183.5641 Ux=2.8649 Uy=1.0364]  vol[p=163.0712 Ux=5.1686 Uy=2.0009]
    val_geom_camber_rc         loss=0.9710  surf[p=178.2163 Ux=4.1656 Uy=1.2272]  vol[p=166.4769 Ux=6.2829 Uy=2.5700]
    val_geom_camber_cruise     loss=0.3944  surf[p=122.8323 Ux=2.3427 Uy=0.8121]  vol[p=103.1107 Ux=4.5263 Uy=1.5186]
    val_re_rand                loss=0.7421  surf[p=145.5779 Ux=3.1257 Uy=1.0730]  vol[p=126.8839 Ux=5.1534 Uy=2.0281]
  ep16 step 100/375 loss=0.6463 vol=0.2777 surf=0.3686 lr=2.89e-04
  ep16 step 200/375 loss=0.4148 vol=0.2734 surf=0.1414 lr=2.89e-04
  ep16 step 300/375 loss=0.4226 vol=0.2744 surf=0.1482 lr=2.89e-04
Epoch  16 (137s) [23.5GB]  train[vol=0.4948 surf=0.3401]  val_avg_surf_p=150.2952
    val_single_in_dist         loss=0.8537  surf[p=175.7934 Ux=2.4580 Uy=0.8255]  vol[p=149.0571 Ux=4.5222 Uy=1.6702]
    val_geom_camber_rc         loss=0.9401  surf[p=169.0190 Ux=3.4444 Uy=1.1330]  vol[p=158.7508 Ux=5.8117 Uy=2.4598]
    val_geom_camber_cruise     loss=0.3384  surf[p=118.6992 Ux=1.9618 Uy=0.7547]  vol[p=97.8823 Ux=4.0418 Uy=1.3263]
    val_re_rand                loss=0.6408  surf[p=137.6691 Ux=2.6858 Uy=0.9519]  vol[p=119.0735 Ux=4.6039 Uy=1.8221]
  ep17 step 100/375 loss=0.3265 vol=0.2102 surf=0.1163 lr=2.87e-04
  ep17 step 200/375 loss=0.1581 vol=0.1036 surf=0.0545 lr=2.87e-04
  ep17 step 300/375 loss=0.5396 vol=0.2995 surf=0.2401 lr=2.87e-04
Epoch  17 (137s) [23.5GB]  train[vol=0.2611 surf=0.1786]  val_avg_surf_p=124.0222 *
    val_single_in_dist         loss=0.5791  surf[p=118.7542 Ux=1.9141 Uy=0.7171]  vol[p=105.2807 Ux=4.0176 Uy=1.4624]
    val_geom_camber_rc         loss=0.9579  surf[p=164.6930 Ux=4.1568 Uy=1.0913]  vol[p=150.6916 Ux=6.3794 Uy=2.3432]
    val_geom_camber_cruise     loss=0.3111  surf[p=94.3591 Ux=2.3152 Uy=0.6664]  vol[p=80.5489 Ux=4.1375 Uy=1.2256]
    val_re_rand                loss=0.6208  surf[p=118.2824 Ux=3.0725 Uy=0.8761]  vol[p=102.6628 Ux=4.7272 Uy=1.6840]
  ep18 step 100/375 loss=0.2200 vol=0.1149 surf=0.1050 lr=2.85e-04
  ep18 step 200/375 loss=0.4410 vol=0.2262 surf=0.2148 lr=2.85e-04
  ep18 step 300/375 loss=0.2283 vol=0.1567 surf=0.0716 lr=2.85e-04
Epoch  18 (137s) [23.5GB]  train[vol=0.2698 surf=0.1860]  val_avg_surf_p=180.8785
    val_single_in_dist         loss=1.5484  surf[p=230.7305 Ux=4.2977 Uy=1.0126]  vol[p=210.2364 Ux=7.2793 Uy=2.0323]
    val_geom_camber_rc         loss=1.0413  surf[p=193.4179 Ux=4.1818 Uy=1.1888]  vol[p=175.2560 Ux=6.6619 Uy=2.6195]
    val_geom_camber_cruise     loss=0.5146  surf[p=143.4311 Ux=3.0225 Uy=0.7723]  vol[p=114.1140 Ux=5.4793 Uy=1.5030]
    val_re_rand                loss=0.7180  surf[p=155.9345 Ux=3.2036 Uy=1.0051]  vol[p=132.4640 Ux=5.3629 Uy=2.0167]
  ep19 step 100/375 loss=2.1376 vol=0.9650 surf=1.1726 lr=2.84e-04
  ep19 step 200/375 loss=0.6928 vol=0.4310 surf=0.2618 lr=2.84e-04
  ep19 step 300/375 loss=0.3254 vol=0.2162 surf=0.1092 lr=2.84e-04
Epoch  19 (137s) [23.5GB]  train[vol=0.4093 surf=0.2724]  val_avg_surf_p=164.5860
    val_single_in_dist         loss=1.5140  surf[p=194.8975 Ux=3.5211 Uy=0.9863]  vol[p=169.0596 Ux=5.6486 Uy=1.8059]
    val_geom_camber_rc         loss=0.9896  surf[p=182.4939 Ux=4.8376 Uy=1.3197]  vol[p=162.8462 Ux=5.7956 Uy=2.4189]
    val_geom_camber_cruise     loss=0.4738  surf[p=128.8285 Ux=3.0626 Uy=0.7517]  vol[p=107.3272 Ux=4.3529 Uy=1.3667]
    val_re_rand                loss=0.7628  surf[p=152.1240 Ux=3.8705 Uy=1.0066]  vol[p=131.2710 Ux=4.8815 Uy=1.8575]
  ep20 step 100/375 loss=0.5402 vol=0.2837 surf=0.2565 lr=2.82e-04
  ep20 step 200/375 loss=0.8853 vol=0.5346 surf=0.3507 lr=2.82e-04
  ep20 step 300/375 loss=1.6629 vol=0.7388 surf=0.9241 lr=2.82e-04
Epoch  20 (137s) [23.5GB]  train[vol=0.5384 surf=0.3581]  val_avg_surf_p=148.1045
    val_single_in_dist         loss=0.9723  surf[p=162.7958 Ux=2.2775 Uy=0.8420]  vol[p=138.0881 Ux=4.7433 Uy=1.6935]
    val_geom_camber_rc         loss=0.9084  surf[p=171.8057 Ux=4.2129 Uy=1.1180]  vol[p=151.6688 Ux=6.0953 Uy=2.3348]
    val_geom_camber_cruise     loss=0.4050  surf[p=118.6805 Ux=3.1086 Uy=0.9077]  vol[p=96.1363 Ux=4.4455 Uy=1.5031]
    val_re_rand                loss=0.6909  surf[p=139.1361 Ux=3.6797 Uy=1.0651]  vol[p=114.7933 Ux=4.9819 Uy=1.9006]
  ep21 step 100/375 loss=0.8000 vol=0.3916 surf=0.4084 lr=2.80e-04
  ep21 step 200/375 loss=0.1571 vol=0.1056 surf=0.0515 lr=2.80e-04
  ep21 step 300/375 loss=0.2868 vol=0.1973 surf=0.0895 lr=2.80e-04
Epoch  21 (137s) [23.5GB]  train[vol=0.2760 surf=0.1864]  val_avg_surf_p=124.1346
    val_single_in_dist         loss=0.6465  surf[p=118.6252 Ux=1.9983 Uy=0.6824]  vol[p=110.4385 Ux=4.2091 Uy=1.4305]
    val_geom_camber_rc         loss=0.8231  surf[p=152.0689 Ux=4.0632 Uy=1.1019]  vol[p=138.8200 Ux=5.7966 Uy=2.3386]
    val_geom_camber_cruise     loss=0.3405  surf[p=106.4907 Ux=2.6905 Uy=0.6414]  vol[p=88.7302 Ux=4.7568 Uy=1.2360]
    val_re_rand                loss=0.6295  surf[p=119.3537 Ux=3.4451 Uy=0.9031]  vol[p=104.1962 Ux=5.0710 Uy=1.7425]
  ep22 step 100/375 loss=0.3262 vol=0.1724 surf=0.1538 lr=2.78e-04
  ep22 step 200/375 loss=0.2351 vol=0.1503 surf=0.0849 lr=2.78e-04
  ep22 step 300/375 loss=0.0659 vol=0.0478 surf=0.0181 lr=2.78e-04
Epoch  22 (137s) [23.5GB]  train[vol=0.4754 surf=0.2710]  val_avg_surf_p=136.3161
    val_single_in_dist         loss=0.7530  surf[p=139.8263 Ux=1.8640 Uy=0.8382]  vol[p=126.5070 Ux=4.4666 Uy=1.6161]
    val_geom_camber_rc         loss=0.8652  surf[p=163.4447 Ux=3.9319 Uy=1.1462]  vol[p=152.0713 Ux=5.6919 Uy=2.3219]
    val_geom_camber_cruise     loss=0.3603  surf[p=111.8261 Ux=2.1896 Uy=0.7478]  vol[p=92.5643 Ux=4.1241 Uy=1.2189]
    val_re_rand                loss=0.6674  surf[p=130.1675 Ux=3.0029 Uy=0.9825]  vol[p=110.7151 Ux=4.6547 Uy=1.7204]
  ep23 step 100/375 loss=0.2562 vol=0.1669 surf=0.0894 lr=2.76e-04
  ep23 step 200/375 loss=1.0967 vol=0.5782 surf=0.5185 lr=2.76e-04
  ep23 step 300/375 loss=0.4815 vol=0.2543 surf=0.2272 lr=2.76e-04
Epoch  23 (137s) [23.5GB]  train[vol=0.2900 surf=0.2005]  val_avg_surf_p=137.2159
    val_single_in_dist         loss=0.6353  surf[p=115.5081 Ux=1.6784 Uy=0.7277]  vol[p=100.4790 Ux=3.7764 Uy=1.5165]
    val_geom_camber_rc         loss=1.0951  surf[p=199.5646 Ux=4.2160 Uy=1.1858]  vol[p=175.3771 Ux=6.3306 Uy=2.4908]
    val_geom_camber_cruise     loss=0.3458  surf[p=100.2539 Ux=2.3967 Uy=0.7271]  vol[p=83.4187 Ux=4.0842 Uy=1.3520]
    val_re_rand                loss=0.6958  surf[p=133.5371 Ux=3.1918 Uy=0.9587]  vol[p=111.8576 Ux=4.7487 Uy=1.8613]
  ep24 step 100/375 loss=0.2982 vol=0.1914 surf=0.1068 lr=2.74e-04
  ep24 step 200/375 loss=0.7676 vol=0.3649 surf=0.4027 lr=2.74e-04
  ep24 step 300/375 loss=0.3876 vol=0.2373 surf=0.1503 lr=2.74e-04
Epoch  24 (137s) [23.5GB]  train[vol=0.4067 surf=0.2678]  val_avg_surf_p=188.2784
    val_single_in_dist         loss=1.8621  surf[p=260.5492 Ux=4.0663 Uy=1.0652]  vol[p=232.0900 Ux=7.0175 Uy=2.1832]
    val_geom_camber_rc         loss=1.3142  surf[p=213.6684 Ux=4.5247 Uy=1.1967]  vol[p=184.6263 Ux=6.2980 Uy=2.6077]
    val_geom_camber_cruise     loss=0.4950  surf[p=127.0303 Ux=3.1056 Uy=0.7360]  vol[p=103.3282 Ux=5.0116 Uy=1.4084]
    val_re_rand                loss=0.7934  surf[p=151.8657 Ux=3.4751 Uy=0.9827]  vol[p=128.8681 Ux=5.0434 Uy=1.9476]
  ep25 step 100/375 loss=0.6966 vol=0.4753 surf=0.2213 lr=2.71e-04
  ep25 step 200/375 loss=0.3557 vol=0.1970 surf=0.1587 lr=2.71e-04
  ep25 step 300/375 loss=0.4259 vol=0.2773 surf=0.1487 lr=2.71e-04
Epoch  25 (137s) [23.5GB]  train[vol=0.3025 surf=0.2037]  val_avg_surf_p=156.7258
    val_single_in_dist         loss=0.9960  surf[p=151.3484 Ux=2.4512 Uy=0.7439]  vol[p=129.3920 Ux=4.5990 Uy=1.7058]
    val_geom_camber_rc         loss=1.2677  surf[p=225.8318 Ux=4.5897 Uy=1.1397]  vol[p=191.2816 Ux=6.7640 Uy=2.6377]
    val_geom_camber_cruise     loss=0.3356  surf[p=104.2463 Ux=2.4943 Uy=0.7251]  vol[p=89.4594 Ux=3.9586 Uy=1.3460]
    val_re_rand                loss=0.7710  surf[p=145.4768 Ux=3.3044 Uy=0.9008]  vol[p=120.2508 Ux=4.7925 Uy=1.8597]
  ep26 step 100/375 loss=0.4233 vol=0.2534 surf=0.1700 lr=2.69e-04
  ep26 step 200/375 loss=0.5042 vol=0.3253 surf=0.1789 lr=2.69e-04
  ep26 step 300/375 loss=0.1208 vol=0.0759 surf=0.0449 lr=2.69e-04
Epoch  26 (137s) [23.5GB]  train[vol=0.2193 surf=0.1397]  val_avg_surf_p=116.2264 *
    val_single_in_dist         loss=0.5466  surf[p=104.0195 Ux=1.4288 Uy=0.6215]  vol[p=90.3969 Ux=3.3920 Uy=1.2485]
    val_geom_camber_rc         loss=0.7809  surf[p=158.0747 Ux=3.4300 Uy=1.1129]  vol[p=139.1471 Ux=5.3665 Uy=2.3123]
    val_geom_camber_cruise     loss=0.2753  surf[p=90.8418 Ux=1.6875 Uy=0.6093]  vol[p=77.7019 Ux=3.5068 Uy=1.1768]
    val_re_rand                loss=0.5333  surf[p=111.9697 Ux=2.4497 Uy=0.8190]  vol[p=96.1507 Ux=4.1422 Uy=1.6372]
  ep27 step 100/375 loss=0.6500 vol=0.3498 surf=0.3002 lr=2.67e-04
  ep27 step 200/375 loss=0.2901 vol=0.1953 surf=0.0948 lr=2.67e-04
  ep27 step 300/375 loss=0.0958 vol=0.0693 surf=0.0264 lr=2.67e-04
Epoch  27 (137s) [23.5GB]  train[vol=0.2787 surf=0.1702]  val_avg_surf_p=123.7286
    val_single_in_dist         loss=0.6512  surf[p=116.2070 Ux=1.8257 Uy=0.6381]  vol[p=105.0572 Ux=3.8726 Uy=1.4142]
    val_geom_camber_rc         loss=0.9727  surf[p=168.2503 Ux=3.7021 Uy=1.1415]  vol[p=150.9093 Ux=5.9397 Uy=2.3873]
    val_geom_camber_cruise     loss=0.2983  surf[p=97.0350 Ux=1.9565 Uy=0.6196]  vol[p=78.8108 Ux=3.7485 Uy=1.2081]
    val_re_rand                loss=0.5988  surf[p=113.4223 Ux=2.6910 Uy=0.8306]  vol[p=97.4373 Ux=4.3077 Uy=1.6336]
  ep28 step 100/375 loss=0.7296 vol=0.2853 surf=0.4443 lr=2.64e-04
  ep28 step 200/375 loss=0.0506 vol=0.0389 surf=0.0116 lr=2.64e-04
  ep28 step 300/375 loss=0.5912 vol=0.2973 surf=0.2939 lr=2.64e-04
Epoch  28 (137s) [23.5GB]  train[vol=0.3627 surf=0.2090]  val_avg_surf_p=136.3649
    val_single_in_dist         loss=0.7439  surf[p=137.1643 Ux=2.0850 Uy=0.8912]  vol[p=123.1312 Ux=4.3982 Uy=1.9765]
    val_geom_camber_rc         loss=0.9224  surf[p=163.0859 Ux=4.3475 Uy=1.2539]  vol[p=148.8473 Ux=5.9481 Uy=2.7922]
    val_geom_camber_cruise     loss=0.3693  surf[p=115.6464 Ux=2.6429 Uy=0.7653]  vol[p=87.6790 Ux=4.5629 Uy=1.4320]
    val_re_rand                loss=0.6638  surf[p=129.5632 Ux=3.4638 Uy=0.9798]  vol[p=106.2200 Ux=4.9693 Uy=1.9622]
  ep29 step 100/375 loss=0.1714 vol=0.1160 surf=0.0554 lr=2.61e-04
  ep29 step 200/375 loss=0.2070 vol=0.1422 surf=0.0648 lr=2.61e-04
  ep29 step 300/375 loss=0.1912 vol=0.1206 surf=0.0706 lr=2.61e-04
Epoch  29 (137s) [23.5GB]  train[vol=0.3406 surf=0.2116]  val_avg_surf_p=134.2004
    val_single_in_dist         loss=0.8675  surf[p=163.7108 Ux=2.1451 Uy=0.7760]  vol[p=149.4337 Ux=4.4335 Uy=1.7339]
    val_geom_camber_rc         loss=0.7231  surf[p=142.7793 Ux=3.5150 Uy=1.1235]  vol[p=133.0344 Ux=5.2374 Uy=2.4216]
    val_geom_camber_cruise     loss=0.3628  surf[p=107.2829 Ux=2.4903 Uy=0.8071]  vol[p=95.2990 Ux=4.2109 Uy=1.3474]
    val_re_rand                loss=0.6005  surf[p=123.0284 Ux=3.0498 Uy=1.0003]  vol[p=108.5973 Ux=4.6494 Uy=1.8231]
  ep30 step 100/375 loss=0.3375 vol=0.2438 surf=0.0937 lr=2.59e-04
  ep30 step 200/375 loss=0.2165 vol=0.1415 surf=0.0750 lr=2.59e-04
  ep30 step 300/375 loss=0.4465 vol=0.2168 surf=0.2298 lr=2.59e-04
Epoch  30 (137s) [23.5GB]  train[vol=0.2593 surf=0.1674]  val_avg_surf_p=117.3105
    val_single_in_dist         loss=0.5422  surf[p=110.0078 Ux=1.7778 Uy=0.6726]  vol[p=99.0278 Ux=3.6046 Uy=1.2693]
    val_geom_camber_rc         loss=0.7588  surf[p=147.4023 Ux=3.5959 Uy=1.1310]  vol[p=128.8630 Ux=5.3267 Uy=2.2245]
    val_geom_camber_cruise     loss=0.3121  surf[p=100.2141 Ux=2.0529 Uy=0.6976]  vol[p=84.8585 Ux=3.7044 Uy=1.2599]
    val_re_rand                loss=0.5778  surf[p=111.6180 Ux=2.6599 Uy=0.8571]  vol[p=95.9045 Ux=4.1211 Uy=1.6228]
  ep31 step 100/375 loss=0.1958 vol=0.1260 surf=0.0697 lr=2.56e-04
  ep31 step 200/375 loss=1.2726 vol=0.7738 surf=0.4988 lr=2.56e-04
  ep31 step 300/375 loss=1.5801 vol=0.8747 surf=0.7055 lr=2.56e-04
Epoch  31 (137s) [23.5GB]  train[vol=0.3095 surf=0.1673]  val_avg_surf_p=108.3828 *
    val_single_in_dist         loss=0.6394  surf[p=103.6706 Ux=1.6192 Uy=0.6400]  vol[p=93.9073 Ux=3.4324 Uy=1.2375]
    val_geom_camber_rc         loss=0.6587  surf[p=136.3377 Ux=3.5150 Uy=1.0115]  vol[p=120.9343 Ux=5.1670 Uy=2.0393]
    val_geom_camber_cruise     loss=0.2806  surf[p=90.5482 Ux=2.0899 Uy=0.6320]  vol[p=76.2207 Ux=3.7350 Uy=1.1766]
    val_re_rand                loss=0.5044  surf[p=102.9747 Ux=2.7007 Uy=0.8231]  vol[p=89.5713 Ux=4.1638 Uy=1.5382]
  ep32 step 100/375 loss=0.2396 vol=0.1434 surf=0.0962 lr=2.53e-04
  ep32 step 200/375 loss=0.2027 vol=0.1336 surf=0.0691 lr=2.53e-04
  ep32 step 300/375 loss=0.5084 vol=0.3393 surf=0.1691 lr=2.53e-04
Epoch  32 (137s) [23.5GB]  train[vol=0.2898 surf=0.1786]  val_avg_surf_p=104.7695 *
    val_single_in_dist         loss=0.5361  surf[p=107.2375 Ux=1.5126 Uy=0.6408]  vol[p=92.0557 Ux=3.3271 Uy=1.2317]
    val_geom_camber_rc         loss=0.6098  surf[p=123.0091 Ux=3.2046 Uy=0.9655]  vol[p=111.0962 Ux=4.9444 Uy=2.0294]
    val_geom_camber_cruise     loss=0.2539  surf[p=87.4209 Ux=1.9422 Uy=0.6121]  vol[p=72.3139 Ux=3.7212 Uy=1.1184]
    val_re_rand                loss=0.4725  surf[p=101.4104 Ux=2.5913 Uy=0.7882]  vol[p=88.3318 Ux=4.1792 Uy=1.5373]
  ep33 step 100/375 loss=0.9995 vol=0.5422 surf=0.4573 lr=2.50e-04
  ep33 step 200/375 loss=0.4085 vol=0.2415 surf=0.1670 lr=2.50e-04
  ep33 step 300/375 loss=0.0529 vol=0.0382 surf=0.0147 lr=2.50e-04
Epoch  33 (137s) [23.5GB]  train[vol=0.2749 surf=0.1897]  val_avg_surf_p=122.2513
    val_single_in_dist         loss=0.6103  surf[p=114.4251 Ux=1.9930 Uy=0.6958]  vol[p=101.5179 Ux=3.7533 Uy=1.3654]
    val_geom_camber_rc         loss=0.8379  surf[p=148.7247 Ux=3.8333 Uy=1.0476]  vol[p=131.2111 Ux=5.1443 Uy=2.1481]
    val_geom_camber_cruise     loss=0.3559  surf[p=109.5471 Ux=2.0223 Uy=0.6360]  vol[p=94.6593 Ux=3.7517 Uy=1.2190]
    val_re_rand                loss=0.5550  surf[p=116.3084 Ux=2.8965 Uy=0.8296]  vol[p=101.2692 Ux=4.2451 Uy=1.5843]
  ep34 step 100/375 loss=0.4901 vol=0.3380 surf=0.1521 lr=2.47e-04
  ep34 step 200/375 loss=0.2275 vol=0.1453 surf=0.0822 lr=2.47e-04
  ep34 step 300/375 loss=0.0806 vol=0.0603 surf=0.0203 lr=2.47e-04
Epoch  34 (137s) [23.5GB]  train[vol=0.2870 surf=0.1802]  val_avg_surf_p=124.4442
    val_single_in_dist         loss=0.6290  surf[p=128.2800 Ux=2.2812 Uy=0.6169]  vol[p=110.4263 Ux=4.0437 Uy=1.2944]
    val_geom_camber_rc         loss=0.7352  surf[p=162.7238 Ux=3.5257 Uy=1.0629]  vol[p=141.5741 Ux=5.4799 Uy=2.1413]
    val_geom_camber_cruise     loss=0.2610  surf[p=89.4714 Ux=2.0653 Uy=0.5901]  vol[p=73.7045 Ux=3.6790 Uy=1.1516]
    val_re_rand                loss=0.5337  surf[p=117.3016 Ux=2.7538 Uy=0.8075]  vol[p=97.6565 Ux=4.3363 Uy=1.5690]
  ep35 step 100/375 loss=1.6851 vol=1.0893 surf=0.5958 lr=2.44e-04
  ep35 step 200/375 loss=0.4489 vol=0.2654 surf=0.1835 lr=2.44e-04
  ep35 step 300/375 loss=0.2215 vol=0.1549 surf=0.0666 lr=2.44e-04
Epoch  35 (137s) [23.5GB]  train[vol=0.2485 surf=0.1648]  val_avg_surf_p=125.8373
    val_single_in_dist         loss=0.6332  surf[p=138.4224 Ux=1.7538 Uy=0.8390]  vol[p=116.3125 Ux=3.7072 Uy=1.5544]
    val_geom_camber_rc         loss=0.6927  surf[p=144.4114 Ux=2.9553 Uy=1.0634]  vol[p=128.3773 Ux=4.7851 Uy=2.2422]
    val_geom_camber_cruise     loss=0.3043  surf[p=104.9916 Ux=1.8527 Uy=0.6492]  vol[p=82.1621 Ux=3.6524 Uy=1.2544]
    val_re_rand                loss=0.5343  surf[p=115.5238 Ux=2.3925 Uy=0.8565]  vol[p=96.9205 Ux=4.0694 Uy=1.7343]
  ep36 step 100/375 loss=0.2768 vol=0.1599 surf=0.1169 lr=2.41e-04
  ep36 step 200/375 loss=0.1124 vol=0.0840 surf=0.0284 lr=2.41e-04
  ep36 step 300/375 loss=0.1976 vol=0.1162 surf=0.0814 lr=2.41e-04
Epoch  36 (137s) [23.5GB]  train[vol=0.2145 surf=0.1329]  val_avg_surf_p=111.9183
    val_single_in_dist         loss=0.4137  surf[p=98.0561 Ux=1.4994 Uy=0.6115]  vol[p=90.3285 Ux=3.3881 Uy=1.2248]
    val_geom_camber_rc         loss=0.6080  surf[p=138.2854 Ux=2.8739 Uy=0.9562]  vol[p=123.1859 Ux=4.9837 Uy=2.0209]
    val_geom_camber_cruise     loss=0.2926  surf[p=102.5808 Ux=1.6809 Uy=0.6266]  vol[p=84.7929 Ux=3.4967 Uy=1.1570]
    val_re_rand                loss=0.4808  surf[p=108.7511 Ux=2.2117 Uy=0.7634]  vol[p=92.5304 Ux=3.9193 Uy=1.4980]
  ep37 step 100/375 loss=0.7484 vol=0.4463 surf=0.3020 lr=2.38e-04
  ep37 step 200/375 loss=0.1989 vol=0.1176 surf=0.0813 lr=2.38e-04
  ep37 step 300/375 loss=0.6873 vol=0.4277 surf=0.2596 lr=2.38e-04
Epoch  37 (137s) [23.5GB]  train[vol=0.3368 surf=0.2207]  val_avg_surf_p=107.2735
    val_single_in_dist         loss=0.4663  surf[p=115.3977 Ux=1.5071 Uy=0.6049]  vol[p=106.7523 Ux=3.3897 Uy=1.2680]
    val_geom_camber_rc         loss=0.5903  surf[p=122.8806 Ux=2.9539 Uy=0.9302]  vol[p=111.3337 Ux=4.6273 Uy=1.9963]
    val_geom_camber_cruise     loss=0.2541  surf[p=90.7253 Ux=1.6515 Uy=0.5820]  vol[p=76.5368 Ux=3.5136 Uy=1.1097]
    val_re_rand                loss=0.4452  surf[p=100.0905 Ux=2.3032 Uy=0.7380]  vol[p=87.2866 Ux=3.7983 Uy=1.4788]
  ep38 step 100/375 loss=0.6202 vol=0.3606 surf=0.2596 lr=2.35e-04
  ep38 step 200/375 loss=0.1680 vol=0.1130 surf=0.0550 lr=2.35e-04
  ep38 step 300/375 loss=0.3920 vol=0.2478 surf=0.1442 lr=2.35e-04
Epoch  38 (137s) [23.5GB]  train[vol=0.1933 surf=0.1131]  val_avg_surf_p=106.3018
    val_single_in_dist         loss=0.4518  surf[p=101.2916 Ux=1.5529 Uy=0.5991]  vol[p=96.6231 Ux=3.4625 Uy=1.1358]
    val_geom_camber_rc         loss=0.5903  surf[p=131.7341 Ux=3.0971 Uy=0.9990]  vol[p=120.1508 Ux=4.6603 Uy=2.0227]
    val_geom_camber_cruise     loss=0.2704  surf[p=91.2854 Ux=1.9579 Uy=0.5538]  vol[p=78.1199 Ux=3.8661 Uy=1.0682]
    val_re_rand                loss=0.4742  surf[p=100.8962 Ux=2.5304 Uy=0.7446]  vol[p=88.9798 Ux=4.1076 Uy=1.4542]
  ep39 step 100/375 loss=0.2857 vol=0.2107 surf=0.0750 lr=2.32e-04
  ep39 step 200/375 loss=0.3135 vol=0.1867 surf=0.1268 lr=2.32e-04
  ep39 step 300/375 loss=0.0677 vol=0.0484 surf=0.0193 lr=2.32e-04
Epoch  39 (137s) [23.5GB]  train[vol=0.2602 surf=0.1385]  val_avg_surf_p=99.8672 *
    val_single_in_dist         loss=0.3855  surf[p=93.6843 Ux=1.2725 Uy=0.5959]  vol[p=81.7080 Ux=3.0552 Uy=1.1311]
    val_geom_camber_rc         loss=0.5470  surf[p=120.2697 Ux=3.0301 Uy=0.8859]  vol[p=108.9080 Ux=4.8771 Uy=1.8896]
    val_geom_camber_cruise     loss=0.2273  surf[p=85.7476 Ux=1.6527 Uy=0.5689]  vol[p=72.7027 Ux=3.3199 Uy=1.0319]
    val_re_rand                loss=0.4616  surf[p=99.7671 Ux=2.3333 Uy=0.7275]  vol[p=88.2710 Ux=3.8436 Uy=1.4428]
  ep40 step 100/375 loss=1.8152 vol=1.1275 surf=0.6878 lr=2.28e-04
  ep40 step 200/375 loss=0.3163 vol=0.2030 surf=0.1134 lr=2.28e-04
  ep40 step 300/375 loss=0.1364 vol=0.0863 surf=0.0501 lr=2.28e-04
Epoch  40 (137s) [23.5GB]  train[vol=0.1820 surf=0.1246]  val_avg_surf_p=108.8912
    val_single_in_dist         loss=0.5072  surf[p=111.6834 Ux=1.3703 Uy=0.6305]  vol[p=95.5898 Ux=3.1505 Uy=1.1251]
    val_geom_camber_rc         loss=0.5774  surf[p=130.3996 Ux=3.0753 Uy=0.9401]  vol[p=111.6079 Ux=4.7088 Uy=1.8971]
    val_geom_camber_cruise     loss=0.2460  surf[p=88.2362 Ux=1.6744 Uy=0.5976]  vol[p=73.0574 Ux=3.3733 Uy=1.0129]
    val_re_rand                loss=0.4905  surf[p=105.2456 Ux=2.4126 Uy=0.7674]  vol[p=88.2104 Ux=3.8830 Uy=1.4182]
  ep41 step 100/375 loss=14.1066 vol=10.4006 surf=3.7060 lr=2.25e-04
  ep41 step 200/375 loss=0.1371 vol=0.0860 surf=0.0510 lr=2.25e-04
  ep41 step 300/375 loss=0.1418 vol=0.0961 surf=0.0457 lr=2.25e-04
Epoch  41 (137s) [23.5GB]  train[vol=0.2939 surf=0.1701]  val_avg_surf_p=145.6653
    val_single_in_dist         loss=0.8096  surf[p=153.1607 Ux=2.2229 Uy=0.7720]  vol[p=131.3020 Ux=4.5308 Uy=1.5536]
    val_geom_camber_rc         loss=0.7579  surf[p=154.1384 Ux=3.3428 Uy=1.0211]  vol[p=135.5820 Ux=5.2195 Uy=2.1032]
    val_geom_camber_cruise     loss=0.4426  surf[p=141.0977 Ux=2.3355 Uy=0.8809]  vol[p=103.3835 Ux=4.0940 Uy=1.4981]
    val_re_rand                loss=0.6141  surf[p=134.2645 Ux=2.7970 Uy=0.8946]  vol[p=109.3957 Ux=4.4283 Uy=1.7280]
  ep42 step 100/375 loss=0.2740 vol=0.1830 surf=0.0910 lr=2.22e-04
  ep42 step 200/375 loss=0.2037 vol=0.1481 surf=0.0556 lr=2.22e-04
  ep42 step 300/375 loss=0.1568 vol=0.0960 surf=0.0608 lr=2.22e-04
Epoch  42 (137s) [23.5GB]  train[vol=0.1498 surf=0.0981]  val_avg_surf_p=94.6961 *
    val_single_in_dist         loss=0.4318  surf[p=91.3221 Ux=1.5300 Uy=0.5406]  vol[p=76.3054 Ux=3.1990 Uy=1.0562]
    val_geom_camber_rc         loss=0.5174  surf[p=118.2966 Ux=2.8973 Uy=0.9213]  vol[p=107.7152 Ux=4.8878 Uy=1.9546]
    val_geom_camber_cruise     loss=0.2189  surf[p=74.9361 Ux=1.9678 Uy=0.5096]  vol[p=63.1535 Ux=3.5847 Uy=0.9531]
    val_re_rand                loss=0.4268  surf[p=94.2295 Ux=2.3543 Uy=0.7021]  vol[p=81.0338 Ux=3.9422 Uy=1.3876]
  ep43 step 100/375 loss=0.0370 vol=0.0272 surf=0.0099 lr=2.18e-04
  ep43 step 200/375 loss=0.1173 vol=0.0784 surf=0.0388 lr=2.18e-04
  ep43 step 300/375 loss=0.1327 vol=0.0881 surf=0.0446 lr=2.18e-04
Epoch  43 (137s) [23.5GB]  train[vol=0.1136 surf=0.0655]  val_avg_surf_p=87.4966 *
    val_single_in_dist         loss=0.2912  surf[p=83.5766 Ux=1.2206 Uy=0.5039]  vol[p=74.2302 Ux=2.9776 Uy=1.0386]
    val_geom_camber_rc         loss=0.4211  surf[p=98.3777 Ux=2.6855 Uy=0.8053]  vol[p=92.5791 Ux=4.2699 Uy=1.7057]
    val_geom_camber_cruise     loss=0.2097  surf[p=79.8247 Ux=1.6204 Uy=0.5385]  vol[p=65.1275 Ux=3.2502 Uy=0.9806]
    val_re_rand                loss=0.3910  surf[p=88.2073 Ux=2.2002 Uy=0.6694]  vol[p=77.5038 Ux=3.6284 Uy=1.3162]
  ep44 step 100/375 loss=0.1235 vol=0.0768 surf=0.0467 lr=2.15e-04
  ep44 step 200/375 loss=0.5579 vol=0.2193 surf=0.3386 lr=2.15e-04
  ep44 step 300/375 loss=0.0776 vol=0.0510 surf=0.0266 lr=2.15e-04
Epoch  44 (137s) [23.5GB]  train[vol=0.2560 surf=0.1451]  val_avg_surf_p=102.7285
    val_single_in_dist         loss=0.3964  surf[p=96.1565 Ux=1.5986 Uy=0.5635]  vol[p=83.7513 Ux=3.5830 Uy=1.2003]
    val_geom_camber_rc         loss=0.6405  surf[p=126.4852 Ux=3.0667 Uy=0.9612]  vol[p=117.9715 Ux=5.0355 Uy=2.0958]
    val_geom_camber_cruise     loss=0.2484  surf[p=87.8149 Ux=1.9128 Uy=0.5672]  vol[p=71.9829 Ux=3.8872 Uy=1.1177]
    val_re_rand                loss=0.5136  surf[p=100.4572 Ux=2.5138 Uy=0.7569]  vol[p=87.3078 Ux=4.2353 Uy=1.5252]
  ep45 step 100/375 loss=0.1946 vol=0.1284 surf=0.0662 lr=2.11e-04
  ep45 step 200/375 loss=0.0895 vol=0.0654 surf=0.0241 lr=2.11e-04
  ep45 step 300/375 loss=0.1255 vol=0.0834 surf=0.0421 lr=2.11e-04
Epoch  45 (137s) [23.5GB]  train[vol=0.1916 surf=0.1205]  val_avg_surf_p=99.3363
    val_single_in_dist         loss=0.4829  surf[p=108.7583 Ux=1.6619 Uy=0.6047]  vol[p=97.4630 Ux=3.4703 Uy=1.1669]
    val_geom_camber_rc         loss=0.4787  surf[p=109.0768 Ux=2.8783 Uy=0.8398]  vol[p=101.8403 Ux=4.5270 Uy=1.7847]
    val_geom_camber_cruise     loss=0.2398  surf[p=83.4563 Ux=1.9757 Uy=0.5700]  vol[p=71.3695 Ux=3.5218 Uy=0.9822]
    val_re_rand                loss=0.4163  surf[p=96.0537 Ux=2.3437 Uy=0.7058]  vol[p=84.7364 Ux=3.7651 Uy=1.3739]
  ep46 step 100/375 loss=0.2749 vol=0.1631 surf=0.1118 lr=2.07e-04
  ep46 step 200/375 loss=0.4024 vol=0.2261 surf=0.1763 lr=2.07e-04
  ep46 step 300/375 loss=0.1712 vol=0.0805 surf=0.0907 lr=2.07e-04
Epoch  46 (137s) [23.5GB]  train[vol=0.1491 surf=0.0956]  val_avg_surf_p=96.2090
    val_single_in_dist         loss=0.4622  surf[p=101.1257 Ux=1.5906 Uy=0.5683]  vol[p=85.4137 Ux=3.4263 Uy=1.1714]
    val_geom_camber_rc         loss=0.5075  surf[p=118.6647 Ux=2.9670 Uy=0.8617]  vol[p=103.7532 Ux=4.7058 Uy=1.8310]
    val_geom_camber_cruise     loss=0.2093  surf[p=72.6281 Ux=1.7981 Uy=0.5826]  vol[p=62.5343 Ux=3.2277 Uy=0.9724]
    val_re_rand                loss=0.4265  surf[p=92.4176 Ux=2.3495 Uy=0.7226]  vol[p=78.5636 Ux=3.6939 Uy=1.3714]
  ep47 step 100/375 loss=0.0332 vol=0.0237 surf=0.0095 lr=2.04e-04
  ep47 step 200/375 loss=0.3266 vol=0.1692 surf=0.1574 lr=2.04e-04
  ep47 step 300/375 loss=0.0748 vol=0.0534 surf=0.0214 lr=2.04e-04
Epoch  47 (137s) [23.5GB]  train[vol=0.2231 surf=0.1451]  val_avg_surf_p=96.9036
    val_single_in_dist         loss=0.4817  surf[p=104.1988 Ux=1.4665 Uy=0.6216]  vol[p=87.7608 Ux=3.5107 Uy=1.2132]
    val_geom_camber_rc         loss=0.5653  surf[p=116.3961 Ux=3.2107 Uy=0.9205]  vol[p=109.4148 Ux=4.7716 Uy=1.9795]
    val_geom_camber_cruise     loss=0.2116  surf[p=74.9451 Ux=1.7875 Uy=0.5338]  vol[p=61.3720 Ux=3.5061 Uy=0.9700]
    val_re_rand                loss=0.4379  surf[p=92.0743 Ux=2.4337 Uy=0.7578]  vol[p=79.9615 Ux=3.8220 Uy=1.4270]
  ep48 step 100/375 loss=0.2698 vol=0.1731 surf=0.0966 lr=2.00e-04
  ep48 step 200/375 loss=0.0911 vol=0.0615 surf=0.0296 lr=2.00e-04
  ep48 step 300/375 loss=0.3824 vol=0.2069 surf=0.1755 lr=2.00e-04
Epoch  48 (137s) [23.5GB]  train[vol=0.1551 surf=0.0898]  val_avg_surf_p=91.9330
    val_single_in_dist         loss=0.2813  surf[p=84.0478 Ux=1.1600 Uy=0.5021]  vol[p=78.9613 Ux=2.8855 Uy=0.9825]
    val_geom_camber_rc         loss=0.4782  surf[p=112.5429 Ux=2.8624 Uy=0.8613]  vol[p=102.2352 Ux=4.2730 Uy=1.8503]
    val_geom_camber_cruise     loss=0.2109  surf[p=77.4054 Ux=1.6544 Uy=0.5126]  vol[p=64.8553 Ux=3.1842 Uy=0.9577]
    val_re_rand                loss=0.4119  surf[p=93.7360 Ux=2.3614 Uy=0.7069]  vol[p=81.0433 Ux=3.6014 Uy=1.3570]
  ep49 step 100/375 loss=0.2530 vol=0.1633 surf=0.0897 lr=1.96e-04
  ep49 step 200/375 loss=0.1446 vol=0.0911 surf=0.0535 lr=1.96e-04
  ep49 step 300/375 loss=0.1360 vol=0.0961 surf=0.0399 lr=1.96e-04
Epoch  49 (137s) [23.5GB]  train[vol=0.1788 surf=0.0989]  val_avg_surf_p=89.8404
    val_single_in_dist         loss=0.3876  surf[p=84.7602 Ux=1.2676 Uy=0.5255]  vol[p=79.1754 Ux=2.9032 Uy=1.0673]
    val_geom_camber_rc         loss=0.4376  surf[p=101.8558 Ux=2.6456 Uy=0.8121]  vol[p=95.6243 Ux=4.2935 Uy=1.7163]
    val_geom_camber_cruise     loss=0.2257  surf[p=83.5496 Ux=1.7477 Uy=0.5187]  vol[p=66.0714 Ux=3.3045 Uy=0.9673]
    val_re_rand                loss=0.3823  surf[p=89.1959 Ux=2.2320 Uy=0.6814]  vol[p=76.7713 Ux=3.6291 Uy=1.3120]
  ep50 step 100/375 loss=0.4309 vol=0.2344 surf=0.1965 lr=1.93e-04
  ep50 step 200/375 loss=0.1151 vol=0.0808 surf=0.0344 lr=1.93e-04
  ep50 step 300/375 loss=0.1226 vol=0.0725 surf=0.0501 lr=1.93e-04
Epoch  50 (137s) [23.5GB]  train[vol=0.1236 surf=0.0780]  val_avg_surf_p=88.4231
    val_single_in_dist         loss=0.3972  surf[p=87.5562 Ux=1.2788 Uy=0.5225]  vol[p=79.4884 Ux=3.0367 Uy=1.0434]
    val_geom_camber_rc         loss=0.4294  surf[p=99.3863 Ux=2.7435 Uy=0.8138]  vol[p=92.4043 Ux=4.1151 Uy=1.6820]
    val_geom_camber_cruise     loss=0.2021  surf[p=77.5648 Ux=1.7103 Uy=0.4990]  vol[p=64.6638 Ux=3.3381 Uy=0.9228]
    val_re_rand                loss=0.3824  surf[p=89.1852 Ux=2.2248 Uy=0.6820]  vol[p=77.8819 Ux=3.5574 Uy=1.3144]
  ep51 step 100/375 loss=0.3353 vol=0.2058 surf=0.1295 lr=1.89e-04
  ep51 step 200/375 loss=0.5153 vol=0.2741 surf=0.2412 lr=1.89e-04
  ep51 step 300/375 loss=0.2061 vol=0.1250 surf=0.0811 lr=1.89e-04
Epoch  51 (137s) [23.5GB]  train[vol=0.1531 surf=0.1037]  val_avg_surf_p=85.4253 *
    val_single_in_dist         loss=0.4738  surf[p=88.5035 Ux=1.3778 Uy=0.5639]  vol[p=78.5449 Ux=2.9914 Uy=1.1098]
    val_geom_camber_rc         loss=0.4182  surf[p=98.1184 Ux=2.5277 Uy=0.7657]  vol[p=91.9771 Ux=4.2983 Uy=1.7575]
    val_geom_camber_cruise     loss=0.2021  surf[p=71.6409 Ux=1.7346 Uy=0.4939]  vol[p=61.2710 Ux=3.3087 Uy=0.9327]
    val_re_rand                loss=0.3827  surf[p=83.4385 Ux=2.2193 Uy=0.6642]  vol[p=73.8530 Ux=3.6752 Uy=1.3373]
  ep52 step 100/375 loss=0.1061 vol=0.0701 surf=0.0360 lr=1.85e-04
  ep52 step 200/375 loss=0.1592 vol=0.1101 surf=0.0491 lr=1.85e-04
  ep52 step 300/375 loss=0.0554 vol=0.0420 surf=0.0134 lr=1.85e-04
Epoch  52 (137s) [23.5GB]  train[vol=0.1862 surf=0.1012]  val_avg_surf_p=86.9403
    val_single_in_dist         loss=0.2548  surf[p=76.9138 Ux=1.1285 Uy=0.5232]  vol[p=73.1952 Ux=2.9651 Uy=1.0402]
    val_geom_camber_rc         loss=0.4562  surf[p=101.6728 Ux=2.6693 Uy=0.8141]  vol[p=91.7486 Ux=4.2786 Uy=1.7354]
    val_geom_camber_cruise     loss=0.2121  surf[p=81.1062 Ux=1.6089 Uy=0.5060]  vol[p=68.7492 Ux=3.2398 Uy=0.9225]
    val_re_rand                loss=0.3912  surf[p=88.0686 Ux=2.1224 Uy=0.6717]  vol[p=76.5875 Ux=3.5514 Uy=1.3177]
  ep53 step 100/375 loss=0.1339 vol=0.0809 surf=0.0530 lr=1.81e-04
  ep53 step 200/375 loss=0.1169 vol=0.0723 surf=0.0446 lr=1.81e-04
  ep53 step 300/375 loss=0.1287 vol=0.0825 surf=0.0462 lr=1.81e-04
Epoch  53 (137s) [23.5GB]  train[vol=0.2974 surf=0.1739]  val_avg_surf_p=106.5028
    val_single_in_dist         loss=0.4488  surf[p=103.9821 Ux=1.6227 Uy=0.5984]  vol[p=94.4683 Ux=3.1101 Uy=1.2605]
    val_geom_camber_rc         loss=0.4972  surf[p=109.3625 Ux=3.3256 Uy=0.9298]  vol[p=97.8305 Ux=4.2952 Uy=1.9141]
    val_geom_camber_cruise     loss=0.3095  surf[p=109.2109 Ux=2.1963 Uy=0.6790]  vol[p=93.4974 Ux=3.4948 Uy=1.1816]
    val_re_rand                loss=0.4353  surf[p=103.4558 Ux=2.7331 Uy=0.8268]  vol[p=91.0077 Ux=3.6960 Uy=1.5093]
  ep54 step 100/375 loss=0.1195 vol=0.0670 surf=0.0525 lr=1.77e-04
  ep54 step 200/375 loss=0.1021 vol=0.0619 surf=0.0402 lr=1.77e-04
  ep54 step 300/375 loss=0.0503 vol=0.0361 surf=0.0143 lr=1.77e-04
Epoch  54 (137s) [23.5GB]  train[vol=0.1637 surf=0.0942]  val_avg_surf_p=90.8981
    val_single_in_dist         loss=0.4742  surf[p=98.6049 Ux=1.2755 Uy=0.5542]  vol[p=83.9995 Ux=3.0567 Uy=1.0726]
    val_geom_camber_rc         loss=0.4842  surf[p=108.1179 Ux=2.9826 Uy=0.8980]  vol[p=99.5565 Ux=4.3820 Uy=1.8589]
    val_geom_camber_cruise     loss=0.2010  surf[p=68.8016 Ux=1.7725 Uy=0.5261]  vol[p=58.3876 Ux=3.4362 Uy=0.9265]
    val_re_rand                loss=0.4086  surf[p=88.0680 Ux=2.3411 Uy=0.7390]  vol[p=74.8325 Ux=3.7088 Uy=1.3647]
  ep55 step 100/375 loss=0.1984 vol=0.1305 surf=0.0680 lr=1.73e-04
  ep55 step 200/375 loss=0.0295 vol=0.0238 surf=0.0057 lr=1.73e-04
  ep55 step 300/375 loss=0.1262 vol=0.0868 surf=0.0394 lr=1.73e-04
Epoch  55 (137s) [23.5GB]  train[vol=0.1865 surf=0.1056]  val_avg_surf_p=82.4352 *
    val_single_in_dist         loss=0.3548  surf[p=74.5144 Ux=1.1374 Uy=0.4728]  vol[p=66.7829 Ux=2.7397 Uy=0.9455]
    val_geom_camber_rc         loss=0.4431  surf[p=103.5971 Ux=2.8594 Uy=0.8119]  vol[p=95.2766 Ux=4.1207 Uy=1.6530]
    val_geom_camber_cruise     loss=0.1828  surf[p=68.3254 Ux=1.6636 Uy=0.4514]  vol[p=56.1340 Ux=3.0425 Uy=0.8627]
    val_re_rand                loss=0.3651  surf[p=83.3040 Ux=2.2205 Uy=0.6439]  vol[p=72.1167 Ux=3.3991 Uy=1.2369]
  ep56 step 100/375 loss=0.1473 vol=0.0893 surf=0.0580 lr=1.70e-04
  ep56 step 200/375 loss=0.1008 vol=0.0716 surf=0.0292 lr=1.70e-04
  ep56 step 300/375 loss=0.1820 vol=0.1231 surf=0.0589 lr=1.70e-04
Epoch  56 (137s) [23.5GB]  train[vol=0.1543 surf=0.0792]  val_avg_surf_p=86.2827
    val_single_in_dist         loss=0.3146  surf[p=78.5244 Ux=1.2479 Uy=0.5424]  vol[p=74.3583 Ux=2.8983 Uy=1.0230]
    val_geom_camber_rc         loss=0.4917  surf[p=110.2289 Ux=3.1796 Uy=0.9096]  vol[p=101.4231 Ux=4.2962 Uy=1.7813]
    val_geom_camber_cruise     loss=0.1778  surf[p=68.9981 Ux=1.6818 Uy=0.4753]  vol[p=55.9012 Ux=2.9727 Uy=0.8499]
    val_re_rand                loss=0.4052  surf[p=87.3794 Ux=2.3430 Uy=0.6935]  vol[p=75.5534 Ux=3.4522 Uy=1.2907]
  ep57 step 100/375 loss=0.1764 vol=0.1126 surf=0.0638 lr=1.66e-04
  ep57 step 200/375 loss=0.0595 vol=0.0419 surf=0.0176 lr=1.66e-04
  ep57 step 300/375 loss=0.0523 vol=0.0398 surf=0.0125 lr=1.66e-04
Epoch  57 (137s) [23.5GB]  train[vol=0.1457 surf=0.0783]  val_avg_surf_p=111.0813
    val_single_in_dist         loss=1.1188  surf[p=142.6902 Ux=2.0434 Uy=0.9188]  vol[p=134.8134 Ux=4.3792 Uy=1.6479]
    val_geom_camber_rc         loss=0.5851  surf[p=123.2104 Ux=2.7417 Uy=1.0087]  vol[p=120.6264 Ux=5.0530 Uy=2.0299]
    val_geom_camber_cruise     loss=0.2632  surf[p=80.3114 Ux=2.0315 Uy=0.5248]  vol[p=65.4299 Ux=3.9272 Uy=1.0125]
    val_re_rand                loss=0.4771  surf[p=98.1131 Ux=2.3620 Uy=0.7742]  vol[p=86.3396 Ux=4.1842 Uy=1.4459]
  ep58 step 100/375 loss=0.3964 vol=0.2407 surf=0.1557 lr=1.62e-04
  ep58 step 200/375 loss=0.2002 vol=0.1180 surf=0.0822 lr=1.62e-04
  ep58 step 300/375 loss=0.7485 vol=0.4208 surf=0.3277 lr=1.62e-04
Epoch  58 (137s) [23.5GB]  train[vol=0.2093 surf=0.1339]  val_avg_surf_p=97.6663
    val_single_in_dist         loss=0.3258  surf[p=100.4693 Ux=1.5093 Uy=0.5892]  vol[p=87.2670 Ux=3.2958 Uy=1.1296]
    val_geom_camber_rc         loss=0.4735  surf[p=112.2282 Ux=2.9418 Uy=0.8479]  vol[p=101.8222 Ux=4.4867 Uy=1.7791]
    val_geom_camber_cruise     loss=0.2251  surf[p=84.4631 Ux=1.6957 Uy=0.5132]  vol[p=71.2974 Ux=3.2713 Uy=0.9862]
    val_re_rand                loss=0.3981  surf[p=93.5045 Ux=2.2849 Uy=0.6983]  vol[p=81.4330 Ux=3.6784 Uy=1.3504]
  ep59 step 100/375 loss=0.0598 vol=0.0444 surf=0.0154 lr=1.58e-04
  ep59 step 200/375 loss=0.1178 vol=0.0828 surf=0.0349 lr=1.58e-04
  ep59 step 300/375 loss=0.0446 vol=0.0318 surf=0.0128 lr=1.58e-04
Epoch  59 (137s) [23.5GB]  train[vol=0.1675 surf=0.0968]  val_avg_surf_p=87.4016
    val_single_in_dist         loss=0.2712  surf[p=73.8131 Ux=1.3364 Uy=0.4953]  vol[p=67.7770 Ux=2.9080 Uy=0.9590]
    val_geom_camber_rc         loss=0.4596  surf[p=109.7582 Ux=2.7996 Uy=0.8218]  vol[p=97.9170 Ux=4.3059 Uy=1.7250]
    val_geom_camber_cruise     loss=0.2056  surf[p=73.0945 Ux=1.7751 Uy=0.4594]  vol[p=60.5188 Ux=3.2725 Uy=0.8552]
    val_re_rand                loss=0.4057  surf[p=92.9407 Ux=2.3112 Uy=0.6648]  vol[p=78.7087 Ux=3.6490 Uy=1.2752]
  ep60 step 100/375 loss=0.1674 vol=0.1115 surf=0.0559 lr=1.54e-04
  ep60 step 200/375 loss=0.0845 vol=0.0537 surf=0.0308 lr=1.54e-04
  ep60 step 300/375 loss=0.0784 vol=0.0560 surf=0.0224 lr=1.54e-04
Epoch  60 (137s) [23.5GB]  train[vol=0.1124 surf=0.0569]  val_avg_surf_p=81.9449 *
    val_single_in_dist         loss=0.2294  surf[p=65.9412 Ux=1.1882 Uy=0.4498]  vol[p=61.6919 Ux=2.7346 Uy=0.8856]
    val_geom_camber_rc         loss=0.4374  surf[p=105.8036 Ux=2.7799 Uy=0.8048]  vol[p=96.3540 Ux=4.2278 Uy=1.6644]
    val_geom_camber_cruise     loss=0.1929  surf[p=70.0419 Ux=1.7649 Uy=0.4524]  vol[p=58.1883 Ux=3.2891 Uy=0.8234]
    val_re_rand                loss=0.3913  surf[p=85.9929 Ux=2.3110 Uy=0.6491]  vol[p=74.2790 Ux=3.5715 Uy=1.2149]
  ep61 step 100/375 loss=0.0946 vol=0.0729 surf=0.0217 lr=1.50e-04
  ep61 step 200/375 loss=0.3199 vol=0.1880 surf=0.1320 lr=1.50e-04
  ep61 step 300/375 loss=0.0718 vol=0.0504 surf=0.0214 lr=1.50e-04
Epoch  61 (137s) [23.5GB]  train[vol=0.1677 surf=0.0980]  val_avg_surf_p=80.6289 *
    val_single_in_dist         loss=0.3190  surf[p=76.5214 Ux=1.1333 Uy=0.4730]  vol[p=69.7901 Ux=2.7073 Uy=0.9175]
    val_geom_camber_rc         loss=0.4022  surf[p=96.7646 Ux=2.5850 Uy=0.7634]  vol[p=88.6103 Ux=4.0322 Uy=1.6151]
    val_geom_camber_cruise     loss=0.1825  surf[p=69.0484 Ux=1.4542 Uy=0.4513]  vol[p=57.5129 Ux=3.0423 Uy=0.8529]
    val_re_rand                loss=0.3304  surf[p=80.1811 Ux=2.0734 Uy=0.6240]  vol[p=69.8992 Ux=3.3698 Uy=1.1988]
  ep62 step 100/375 loss=0.0459 vol=0.0355 surf=0.0104 lr=1.46e-04
  ep62 step 200/375 loss=0.0071 vol=0.0052 surf=0.0019 lr=1.46e-04
  ep62 step 300/375 loss=0.0418 vol=0.0326 surf=0.0093 lr=1.46e-04
Epoch  62 (137s) [23.5GB]  train[vol=0.1173 surf=0.0610]  val_avg_surf_p=77.3236 *
    val_single_in_dist         loss=0.2225  surf[p=66.1248 Ux=1.1345 Uy=0.4469]  vol[p=60.8258 Ux=2.6230 Uy=0.8565]
    val_geom_camber_rc         loss=0.3982  surf[p=96.7431 Ux=2.5672 Uy=0.7651]  vol[p=87.9295 Ux=3.8966 Uy=1.6317]
    val_geom_camber_cruise     loss=0.1805  surf[p=67.1237 Ux=1.6389 Uy=0.4477]  vol[p=55.7996 Ux=3.0711 Uy=0.8171]
    val_re_rand                loss=0.3415  surf[p=79.3027 Ux=2.1247 Uy=0.6344]  vol[p=68.5146 Ux=3.3210 Uy=1.2086]
  ep63 step 100/375 loss=0.0870 vol=0.0555 surf=0.0315 lr=1.42e-04
  ep63 step 200/375 loss=0.0824 vol=0.0586 surf=0.0237 lr=1.42e-04
  ep63 step 300/375 loss=0.1323 vol=0.0935 surf=0.0388 lr=1.42e-04
Epoch  63 (137s) [23.5GB]  train[vol=0.1253 surf=0.0627]  val_avg_surf_p=106.3811
    val_single_in_dist         loss=0.4846  surf[p=117.7926 Ux=1.6671 Uy=0.8292]  vol[p=103.0433 Ux=4.2354 Uy=1.6159]
    val_geom_camber_rc         loss=0.6085  surf[p=134.5554 Ux=2.9780 Uy=0.9773]  vol[p=119.2884 Ux=5.2980 Uy=2.0318]
    val_geom_camber_cruise     loss=0.2512  surf[p=74.3918 Ux=2.3838 Uy=0.6131]  vol[p=63.4035 Ux=4.9231 Uy=1.0924]
    val_re_rand                loss=0.5322  surf[p=98.7847 Ux=2.9093 Uy=0.8401]  vol[p=85.6692 Ux=5.2654 Uy=1.5359]
  ep64 step 100/375 loss=0.0364 vol=0.0253 surf=0.0110 lr=1.38e-04
  ep64 step 200/375 loss=0.2435 vol=0.0953 surf=0.1482 lr=1.38e-04
  ep64 step 300/375 loss=0.4484 vol=0.2130 surf=0.2354 lr=1.38e-04
Epoch  64 (137s) [23.5GB]  train[vol=0.1241 surf=0.0727]  val_avg_surf_p=81.2718
    val_single_in_dist         loss=0.2549  surf[p=73.9148 Ux=1.1355 Uy=0.4693]  vol[p=65.9842 Ux=2.7057 Uy=0.9590]
    val_geom_camber_rc         loss=0.4503  surf[p=105.9976 Ux=2.9427 Uy=0.8390]  vol[p=94.0409 Ux=4.2008 Uy=1.6860]
    val_geom_camber_cruise     loss=0.1873  surf[p=64.2618 Ux=1.9942 Uy=0.5055]  vol[p=55.0734 Ux=3.0362 Uy=0.8488]
    val_re_rand                loss=0.3807  surf[p=80.9128 Ux=2.5039 Uy=0.6846]  vol[p=68.7064 Ux=3.3948 Uy=1.2355]
  ep65 step 100/375 loss=0.0800 vol=0.0498 surf=0.0303 lr=1.34e-04
  ep65 step 200/375 loss=1.1683 vol=0.7508 surf=0.4175 lr=1.34e-04
  ep65 step 300/375 loss=0.2639 vol=0.1566 surf=0.1073 lr=1.34e-04
Epoch  65 (137s) [23.5GB]  train[vol=0.1553 surf=0.0826]  val_avg_surf_p=86.7901
    val_single_in_dist         loss=0.2736  surf[p=74.3992 Ux=1.1617 Uy=0.4486]  vol[p=66.8161 Ux=2.8389 Uy=0.9057]
    val_geom_camber_rc         loss=0.4937  surf[p=121.6369 Ux=2.9366 Uy=0.8780]  vol[p=103.5839 Ux=4.3402 Uy=1.7518]
    val_geom_camber_cruise     loss=0.1789  surf[p=64.5770 Ux=1.8327 Uy=0.4494]  vol[p=56.7394 Ux=3.0932 Uy=0.8259]
    val_re_rand                loss=0.4007  surf[p=86.5473 Ux=2.4340 Uy=0.6653]  vol[p=74.1708 Ux=3.4864 Uy=1.2300]
  ep66 step 100/375 loss=0.0445 vol=0.0342 surf=0.0103 lr=1.30e-04
  ep66 step 200/375 loss=0.0967 vol=0.0629 surf=0.0338 lr=1.30e-04
  ep66 step 300/375 loss=0.0993 vol=0.0633 surf=0.0361 lr=1.30e-04
Epoch  66 (137s) [23.5GB]  train[vol=0.0715 surf=0.0383]  val_avg_surf_p=76.3016 *
    val_single_in_dist         loss=0.3484  surf[p=69.8395 Ux=0.9908 Uy=0.4448]  vol[p=62.2935 Ux=2.5562 Uy=0.9103]
    val_geom_camber_rc         loss=0.4074  surf[p=103.3427 Ux=2.3777 Uy=0.7603]  vol[p=92.3209 Ux=3.9633 Uy=1.5939]
    val_geom_camber_cruise     loss=0.1533  surf[p=54.9517 Ux=1.5599 Uy=0.4139]  vol[p=46.8052 Ux=2.9243 Uy=0.7766]
    val_re_rand                loss=0.3492  surf[p=77.0726 Ux=2.0179 Uy=0.6080]  vol[p=66.1058 Ux=3.2928 Uy=1.1681]
  ep67 step 100/375 loss=0.0867 vol=0.0671 surf=0.0196 lr=1.27e-04
  ep67 step 200/375 loss=0.0762 vol=0.0540 surf=0.0223 lr=1.27e-04
  ep67 step 300/375 loss=0.0460 vol=0.0246 surf=0.0214 lr=1.27e-04
Epoch  67 (137s) [23.5GB]  train[vol=0.1915 surf=0.0963]  val_avg_surf_p=77.6096
    val_single_in_dist         loss=0.3283  surf[p=64.4606 Ux=0.9614 Uy=0.4358]  vol[p=60.3697 Ux=2.4860 Uy=0.8635]
    val_geom_camber_rc         loss=0.3935  surf[p=98.2763 Ux=2.4401 Uy=0.7630]  vol[p=89.8297 Ux=4.1420 Uy=1.6042]
    val_geom_camber_cruise     loss=0.1878  surf[p=68.0297 Ux=1.6589 Uy=0.4552]  vol[p=54.7294 Ux=3.0323 Uy=0.8171]
    val_re_rand                loss=0.3514  surf[p=79.6719 Ux=2.0725 Uy=0.6196]  vol[p=68.3866 Ux=3.4016 Uy=1.1727]
  ep68 step 100/375 loss=0.1358 vol=0.0899 surf=0.0460 lr=1.23e-04
  ep68 step 200/375 loss=0.2106 vol=0.1421 surf=0.0684 lr=1.23e-04
  ep68 step 300/375 loss=0.4589 vol=0.2674 surf=0.1915 lr=1.23e-04
Epoch  68 (137s) [23.5GB]  train[vol=0.2527 surf=0.1339]  val_avg_surf_p=82.0989
    val_single_in_dist         loss=0.3701  surf[p=77.1426 Ux=1.1395 Uy=0.4908]  vol[p=66.2185 Ux=2.7686 Uy=0.9608]
    val_geom_camber_rc         loss=0.4028  surf[p=98.8551 Ux=2.3605 Uy=0.8184]  vol[p=91.1920 Ux=3.9804 Uy=1.7024]
    val_geom_camber_cruise     loss=0.1987  surf[p=69.5424 Ux=1.6764 Uy=0.4965]  vol[p=55.3054 Ux=3.0376 Uy=0.8822]
    val_re_rand                loss=0.3734  surf[p=82.8556 Ux=2.0577 Uy=0.6912]  vol[p=70.7876 Ux=3.4002 Uy=1.2898]
  ep69 step 100/375 loss=0.0470 vol=0.0334 surf=0.0136 lr=1.19e-04
  ep69 step 200/375 loss=0.1036 vol=0.0755 surf=0.0280 lr=1.19e-04
  ep69 step 300/375 loss=0.1208 vol=0.0770 surf=0.0438 lr=1.19e-04
Epoch  69 (137s) [23.5GB]  train[vol=0.1319 surf=0.0673]  val_avg_surf_p=88.8456
    val_single_in_dist         loss=0.3014  surf[p=95.1165 Ux=1.3111 Uy=0.4939]  vol[p=82.5650 Ux=2.8471 Uy=1.0500]
    val_geom_camber_rc         loss=0.4369  surf[p=103.5918 Ux=2.8215 Uy=0.8599]  vol[p=92.2400 Ux=4.1349 Uy=1.7567]
    val_geom_camber_cruise     loss=0.1930  surf[p=70.1417 Ux=1.6769 Uy=0.4648]  vol[p=58.7018 Ux=3.1142 Uy=0.9197]
    val_re_rand                loss=0.3945  surf[p=86.5326 Ux=2.2525 Uy=0.6917]  vol[p=74.3178 Ux=3.5030 Uy=1.3269]
  ep70 step 100/375 loss=0.0910 vol=0.0618 surf=0.0293 lr=1.15e-04
  ep70 step 200/375 loss=0.0663 vol=0.0373 surf=0.0290 lr=1.15e-04
  ep70 step 300/375 loss=0.0401 vol=0.0306 surf=0.0095 lr=1.15e-04
Epoch  70 (137s) [23.5GB]  train[vol=0.1104 surf=0.0571]  val_avg_surf_p=90.7957
    val_single_in_dist         loss=0.3201  surf[p=92.4767 Ux=1.2304 Uy=0.5278]  vol[p=81.2679 Ux=2.9196 Uy=1.2108]
    val_geom_camber_rc         loss=0.4659  surf[p=106.2066 Ux=2.7830 Uy=0.8333]  vol[p=96.7197 Ux=4.2553 Uy=1.8726]
    val_geom_camber_cruise     loss=0.2221  surf[p=76.8407 Ux=1.7565 Uy=0.5182]  vol[p=61.1087 Ux=3.1646 Uy=1.0185]
    val_re_rand                loss=0.4155  surf[p=87.6588 Ux=2.2786 Uy=0.7118]  vol[p=74.9045 Ux=3.5492 Uy=1.4133]
  ep71 step 100/375 loss=0.0705 vol=0.0490 surf=0.0215 lr=1.11e-04
  ep71 step 200/375 loss=0.2044 vol=0.1432 surf=0.0612 lr=1.11e-04
  ep71 step 300/375 loss=0.1329 vol=0.0961 surf=0.0368 lr=1.11e-04
Epoch  71 (137s) [23.5GB]  train[vol=0.0934 surf=0.0476]  val_avg_surf_p=75.9430 *
    val_single_in_dist         loss=0.3097  surf[p=72.4186 Ux=1.1152 Uy=0.4230]  vol[p=64.7589 Ux=2.5487 Uy=0.8679]
    val_geom_camber_rc         loss=0.3667  surf[p=88.9725 Ux=2.4550 Uy=0.7397]  vol[p=81.0136 Ux=3.8528 Uy=1.5449]
    val_geom_camber_cruise     loss=0.1771  surf[p=64.6394 Ux=1.6464 Uy=0.4239]  vol[p=52.7479 Ux=2.9776 Uy=0.8145]
    val_re_rand                loss=0.3362  surf[p=77.7413 Ux=2.1145 Uy=0.6225]  vol[p=66.7409 Ux=3.3011 Uy=1.1822]
  ep72 step 100/375 loss=0.1601 vol=0.0956 surf=0.0646 lr=1.07e-04
  ep72 step 200/375 loss=0.1384 vol=0.0868 surf=0.0516 lr=1.07e-04
  ep72 step 300/375 loss=0.1173 vol=0.0845 surf=0.0329 lr=1.07e-04
Epoch  72 (137s) [23.5GB]  train[vol=0.1005 surf=0.0548]  val_avg_surf_p=75.4249 *
    val_single_in_dist         loss=0.2217  surf[p=63.0281 Ux=1.0627 Uy=0.4339]  vol[p=58.3303 Ux=2.5777 Uy=0.8411]
    val_geom_camber_rc         loss=0.3853  surf[p=99.2269 Ux=2.4562 Uy=0.7488]  vol[p=88.8221 Ux=4.0967 Uy=1.5691]
    val_geom_camber_cruise     loss=0.1722  surf[p=61.9144 Ux=1.7277 Uy=0.4223]  vol[p=51.5682 Ux=3.1082 Uy=0.7803]
    val_re_rand                loss=0.3468  surf[p=77.5303 Ux=2.1046 Uy=0.6143]  vol[p=66.4605 Ux=3.3954 Uy=1.1613]
  ep73 step 100/375 loss=0.0628 vol=0.0456 surf=0.0173 lr=1.04e-04
  ep73 step 200/375 loss=0.0390 vol=0.0313 surf=0.0077 lr=1.04e-04
  ep73 step 300/375 loss=0.0582 vol=0.0427 surf=0.0155 lr=1.04e-04
Epoch  73 (137s) [23.5GB]  train[vol=0.0832 surf=0.0463]  val_avg_surf_p=79.3198
    val_single_in_dist         loss=0.3384  surf[p=68.6509 Ux=1.0568 Uy=0.4411]  vol[p=61.8252 Ux=2.5820 Uy=0.8570]
    val_geom_camber_rc         loss=0.3955  surf[p=99.8415 Ux=2.4729 Uy=0.7824]  vol[p=88.7985 Ux=4.0249 Uy=1.6026]
    val_geom_camber_cruise     loss=0.1878  surf[p=67.4942 Ux=1.6807 Uy=0.4513]  vol[p=54.4467 Ux=3.1396 Uy=0.8032]
    val_re_rand                loss=0.3290  surf[p=81.2925 Ux=2.1064 Uy=0.6352]  vol[p=69.1305 Ux=3.4222 Uy=1.1758]
  ep74 step 100/375 loss=0.0393 vol=0.0309 surf=0.0085 lr=9.99e-05
  ep74 step 200/375 loss=0.1019 vol=0.0652 surf=0.0368 lr=9.99e-05
  ep74 step 300/375 loss=0.1628 vol=0.1068 surf=0.0560 lr=9.99e-05
Epoch  74 (137s) [23.5GB]  train[vol=0.0866 surf=0.0489]  val_avg_surf_p=77.3138
    val_single_in_dist         loss=0.2262  surf[p=63.1340 Ux=1.0379 Uy=0.4290]  vol[p=57.2918 Ux=2.5739 Uy=0.8143]
    val_geom_camber_rc         loss=0.4126  surf[p=99.5863 Ux=2.7537 Uy=0.7744]  vol[p=88.0932 Ux=4.0653 Uy=1.5863]
    val_geom_camber_cruise     loss=0.1848  surf[p=65.5046 Ux=1.8813 Uy=0.4294]  vol[p=53.6632 Ux=3.2264 Uy=0.7825]
    val_re_rand                loss=0.3513  surf[p=81.0301 Ux=2.3185 Uy=0.6204]  vol[p=68.7127 Ux=3.4631 Uy=1.1682]
  ep75 step 100/375 loss=0.1445 vol=0.1022 surf=0.0423 lr=9.62e-05
  ep75 step 200/375 loss=0.1134 vol=0.0890 surf=0.0244 lr=9.62e-05
  ep75 step 300/375 loss=0.1034 vol=0.0662 surf=0.0372 lr=9.62e-05
Epoch  75 (137s) [23.5GB]  train[vol=0.1193 surf=0.0633]  val_avg_surf_p=116.0405
    val_single_in_dist         loss=0.7671  surf[p=179.7638 Ux=1.9690 Uy=0.8172]  vol[p=157.1264 Ux=3.9223 Uy=1.5261]
    val_geom_camber_rc         loss=0.4872  surf[p=113.1866 Ux=3.1181 Uy=1.0359]  vol[p=99.3071 Ux=4.4317 Uy=1.7957]
    val_geom_camber_cruise     loss=0.2506  surf[p=75.5626 Ux=2.4275 Uy=0.6082]  vol[p=65.0156 Ux=3.8973 Uy=0.9274]
    val_re_rand                loss=0.4490  surf[p=95.6492 Ux=2.7688 Uy=0.8405]  vol[p=83.2165 Ux=3.9439 Uy=1.3745]
  ep76 step 100/375 loss=0.0972 vol=0.0664 surf=0.0308 lr=9.26e-05
  ep76 step 200/375 loss=0.1029 vol=0.0639 surf=0.0390 lr=9.26e-05
  ep76 step 300/375 loss=0.0587 vol=0.0410 surf=0.0177 lr=9.26e-05
Epoch  76 (137s) [23.5GB]  train[vol=0.1307 surf=0.0663]  val_avg_surf_p=77.8293
    val_single_in_dist         loss=0.3776  surf[p=78.3360 Ux=1.1935 Uy=0.4574]  vol[p=70.2800 Ux=2.6844 Uy=0.9291]
    val_geom_camber_rc         loss=0.3739  surf[p=95.9875 Ux=2.4528 Uy=0.7477]  vol[p=89.2185 Ux=3.7788 Uy=1.5093]
    val_geom_camber_cruise     loss=0.1578  surf[p=61.6787 Ux=1.5928 Uy=0.4024]  vol[p=49.7368 Ux=2.9978 Uy=0.7658]
    val_re_rand                loss=0.3470  surf[p=75.3151 Ux=2.0565 Uy=0.5890]  vol[p=65.3269 Ux=3.2763 Uy=1.1349]
  ep77 step 100/375 loss=0.0985 vol=0.0603 surf=0.0382 lr=8.90e-05
  ep77 step 200/375 loss=0.0230 vol=0.0183 surf=0.0048 lr=8.90e-05
  ep77 step 300/375 loss=0.0269 vol=0.0216 surf=0.0052 lr=8.90e-05
Epoch  77 (137s) [23.5GB]  train[vol=0.1463 surf=0.0748]  val_avg_surf_p=74.9791 *
    val_single_in_dist         loss=0.2440  surf[p=66.2206 Ux=1.0342 Uy=0.4388]  vol[p=59.5992 Ux=2.5193 Uy=0.8385]
    val_geom_camber_rc         loss=0.3967  surf[p=94.1426 Ux=2.7481 Uy=0.7973]  vol[p=86.1066 Ux=3.9193 Uy=1.6047]
    val_geom_camber_cruise     loss=0.1703  surf[p=60.9375 Ux=1.6585 Uy=0.4133]  vol[p=51.7675 Ux=3.1352 Uy=0.7790]
    val_re_rand                loss=0.3485  surf[p=78.6158 Ux=2.2207 Uy=0.6243]  vol[p=68.2972 Ux=3.3972 Uy=1.1824]
  ep78 step 100/375 loss=0.1069 vol=0.0677 surf=0.0392 lr=8.54e-05
  ep78 step 200/375 loss=0.0552 vol=0.0391 surf=0.0162 lr=8.54e-05
  ep78 step 300/375 loss=0.1465 vol=0.1003 surf=0.0462 lr=8.54e-05
Epoch  78 (137s) [23.5GB]  train[vol=0.1223 surf=0.0606]  val_avg_surf_p=77.1208
    val_single_in_dist         loss=0.2220  surf[p=67.7491 Ux=1.1626 Uy=0.4658]  vol[p=63.4414 Ux=2.6481 Uy=0.8849]
    val_geom_camber_rc         loss=0.3834  surf[p=93.2360 Ux=2.5344 Uy=0.7897]  vol[p=84.5444 Ux=3.8664 Uy=1.5744]
    val_geom_camber_cruise     loss=0.1868  surf[p=67.0981 Ux=1.7931 Uy=0.4420]  vol[p=54.0860 Ux=3.2444 Uy=0.8252]
    val_re_rand                loss=0.3526  surf[p=80.4000 Ux=2.1895 Uy=0.6327]  vol[p=69.0099 Ux=3.4511 Uy=1.1923]
  ep79 step 100/375 loss=0.1287 vol=0.0841 surf=0.0446 lr=8.19e-05
  ep79 step 200/375 loss=0.0705 vol=0.0460 surf=0.0244 lr=8.19e-05
  ep79 step 300/375 loss=0.0513 vol=0.0401 surf=0.0112 lr=8.19e-05
Epoch  79 (137s) [23.5GB]  train[vol=0.0938 surf=0.0475]  val_avg_surf_p=74.8358 *
    val_single_in_dist         loss=0.3055  surf[p=68.9401 Ux=1.0002 Uy=0.4441]  vol[p=61.9657 Ux=2.4682 Uy=0.8365]
    val_geom_camber_rc         loss=0.3688  surf[p=91.5756 Ux=2.4567 Uy=0.7763]  vol[p=82.4694 Ux=3.7278 Uy=1.5377]
    val_geom_camber_cruise     loss=0.1657  surf[p=61.3037 Ux=1.6342 Uy=0.4105]  vol[p=51.8780 Ux=3.1134 Uy=0.7523]
    val_re_rand                loss=0.3269  surf[p=77.5239 Ux=2.0924 Uy=0.6218]  vol[p=67.0725 Ux=3.2986 Uy=1.1482]
  ep80 step 100/375 loss=0.0273 vol=0.0222 surf=0.0051 lr=7.84e-05
  ep80 step 200/375 loss=0.0602 vol=0.0410 surf=0.0192 lr=7.84e-05
  ep80 step 300/375 loss=0.1031 vol=0.0583 surf=0.0448 lr=7.84e-05
Epoch  80 (137s) [23.5GB]  train[vol=0.0857 surf=0.0416]  val_avg_surf_p=74.1712 *
    val_single_in_dist         loss=0.2292  surf[p=64.7752 Ux=1.0123 Uy=0.4154]  vol[p=59.2825 Ux=2.5016 Uy=0.8144]
    val_geom_camber_rc         loss=0.3781  surf[p=94.4121 Ux=2.4845 Uy=0.7699]  vol[p=85.0617 Ux=3.8640 Uy=1.5494]
    val_geom_camber_cruise     loss=0.1643  surf[p=61.0675 Ux=1.5985 Uy=0.4102]  vol[p=50.9384 Ux=3.0916 Uy=0.7462]
    val_re_rand                loss=0.3239  surf[p=76.4302 Ux=2.0994 Uy=0.6090]  vol[p=66.2317 Ux=3.3382 Uy=1.1325]
  ep81 step 100/375 loss=0.1038 vol=0.0652 surf=0.0386 lr=7.50e-05
  ep81 step 200/375 loss=0.1050 vol=0.0724 surf=0.0326 lr=7.50e-05
  ep81 step 300/375 loss=0.0480 vol=0.0336 surf=0.0143 lr=7.50e-05
Epoch  81 (137s) [23.5GB]  train[vol=0.0733 surf=0.0379]  val_avg_surf_p=72.1130 *
    val_single_in_dist         loss=0.2282  surf[p=60.9047 Ux=0.9303 Uy=0.3892]  vol[p=56.9732 Ux=2.4358 Uy=0.7882]
    val_geom_camber_rc         loss=0.3679  surf[p=91.6602 Ux=2.4689 Uy=0.7575]  vol[p=83.0610 Ux=3.7046 Uy=1.5255]
    val_geom_camber_cruise     loss=0.1603  surf[p=60.2208 Ux=1.5677 Uy=0.4013]  vol[p=49.3113 Ux=3.0709 Uy=0.7410]
    val_re_rand                loss=0.3196  surf[p=75.6662 Ux=2.0756 Uy=0.6065]  vol[p=64.8960 Ux=3.2645 Uy=1.1240]
  ep82 step 100/375 loss=0.1204 vol=0.0734 surf=0.0471 lr=7.16e-05
  ep82 step 200/375 loss=0.0831 vol=0.0612 surf=0.0220 lr=7.16e-05
  ep82 step 300/375 loss=0.0659 vol=0.0470 surf=0.0189 lr=7.16e-05
Epoch  82 (137s) [23.5GB]  train[vol=0.0551 surf=0.0275]  val_avg_surf_p=78.1441
    val_single_in_dist         loss=0.3574  surf[p=72.3480 Ux=1.2193 Uy=0.4493]  vol[p=65.5408 Ux=2.7508 Uy=0.8670]
    val_geom_camber_rc         loss=0.3644  surf[p=88.9037 Ux=2.5467 Uy=0.7624]  vol[p=82.4102 Ux=3.8073 Uy=1.4995]
    val_geom_camber_cruise     loss=0.1922  surf[p=72.3311 Ux=1.8268 Uy=0.4362]  vol[p=56.5798 Ux=3.3677 Uy=0.7996]
    val_re_rand                loss=0.3280  surf[p=78.9937 Ux=2.2434 Uy=0.6124]  vol[p=67.3481 Ux=3.4686 Uy=1.1303]
  ep83 step 100/375 loss=0.0288 vol=0.0214 surf=0.0074 lr=6.83e-05
  ep83 step 200/375 loss=0.1706 vol=0.0850 surf=0.0855 lr=6.83e-05
  ep83 step 300/375 loss=0.0837 vol=0.0479 surf=0.0357 lr=6.83e-05
Epoch  83 (137s) [23.5GB]  train[vol=0.0849 surf=0.0433]  val_avg_surf_p=72.7203
    val_single_in_dist         loss=0.2649  surf[p=63.3139 Ux=1.0473 Uy=0.4170]  vol[p=59.4301 Ux=2.5400 Uy=0.8097]
    val_geom_camber_rc         loss=0.3702  surf[p=89.5308 Ux=2.5229 Uy=0.7504]  vol[p=82.3721 Ux=3.7764 Uy=1.4982]
    val_geom_camber_cruise     loss=0.1744  surf[p=62.1184 Ux=1.7300 Uy=0.4186]  vol[p=50.8275 Ux=3.1125 Uy=0.7509]
    val_re_rand                loss=0.3232  surf[p=75.9181 Ux=2.1461 Uy=0.6133]  vol[p=65.7519 Ux=3.3053 Uy=1.1212]
  ep84 step 100/375 loss=0.1532 vol=0.1035 surf=0.0497 lr=6.50e-05
  ep84 step 200/375 loss=0.1337 vol=0.0931 surf=0.0405 lr=6.50e-05
  ep84 step 300/375 loss=0.1714 vol=0.1082 surf=0.0632 lr=6.50e-05
Epoch  84 (137s) [23.5GB]  train[vol=0.0901 surf=0.0478]  val_avg_surf_p=77.8042
    val_single_in_dist         loss=0.2585  surf[p=74.6149 Ux=1.1771 Uy=0.5174]  vol[p=67.0695 Ux=2.6767 Uy=0.9122]
    val_geom_camber_rc         loss=0.3735  surf[p=91.7140 Ux=2.5434 Uy=0.8298]  vol[p=83.3261 Ux=3.9122 Uy=1.5615]
    val_geom_camber_cruise     loss=0.1978  surf[p=65.8767 Ux=1.9420 Uy=0.4587]  vol[p=53.6811 Ux=3.2929 Uy=0.8109]
    val_re_rand                loss=0.3392  surf[p=79.0113 Ux=2.2842 Uy=0.6611]  vol[p=67.7064 Ux=3.4504 Uy=1.1634]
  ep85 step 100/375 loss=0.2258 vol=0.1052 surf=0.1206 lr=6.18e-05
  ep85 step 200/375 loss=0.0736 vol=0.0511 surf=0.0226 lr=6.18e-05
  ep85 step 300/375 loss=0.0785 vol=0.0491 surf=0.0294 lr=6.18e-05
Epoch  85 (137s) [23.5GB]  train[vol=0.0753 surf=0.0338]  val_avg_surf_p=72.8912
    val_single_in_dist         loss=0.2203  surf[p=60.5143 Ux=0.9544 Uy=0.3980]  vol[p=55.1226 Ux=2.4064 Uy=0.7811]
    val_geom_camber_rc         loss=0.3749  surf[p=92.7779 Ux=2.5372 Uy=0.7930]  vol[p=83.6159 Ux=3.8676 Uy=1.5242]
    val_geom_camber_cruise     loss=0.1729  surf[p=62.1041 Ux=1.7069 Uy=0.4184]  vol[p=49.8284 Ux=3.0486 Uy=0.7405]
    val_re_rand                loss=0.3227  surf[p=76.1683 Ux=2.1410 Uy=0.6193]  vol[p=64.8388 Ux=3.2833 Uy=1.1110]
  ep86 step 100/375 loss=0.0610 vol=0.0520 surf=0.0090 lr=5.87e-05
  ep86 step 200/375 loss=0.0630 vol=0.0446 surf=0.0184 lr=5.87e-05
  ep86 step 300/375 loss=0.1022 vol=0.0727 surf=0.0295 lr=5.87e-05
Epoch  86 (137s) [23.5GB]  train[vol=0.0669 surf=0.0356]  val_avg_surf_p=72.1865
    val_single_in_dist         loss=0.2982  surf[p=64.0982 Ux=0.9711 Uy=0.4126]  vol[p=57.4900 Ux=2.3945 Uy=0.8048]
    val_geom_camber_rc         loss=0.3527  surf[p=86.2729 Ux=2.6233 Uy=0.7933]  vol[p=79.4080 Ux=3.6625 Uy=1.4918]
    val_geom_camber_cruise     loss=0.1787  surf[p=63.2047 Ux=1.7901 Uy=0.4332]  vol[p=51.2143 Ux=3.0431 Uy=0.7728]
    val_re_rand                loss=0.3175  surf[p=75.1702 Ux=2.2354 Uy=0.6365]  vol[p=64.3922 Ux=3.2522 Uy=1.1306]
  ep87 step 100/375 loss=0.0418 vol=0.0308 surf=0.0110 lr=5.56e-05
  ep87 step 200/375 loss=0.0220 vol=0.0182 surf=0.0038 lr=5.56e-05
  ep87 step 300/375 loss=0.0346 vol=0.0272 surf=0.0074 lr=5.56e-05
Epoch  87 (137s) [23.5GB]  train[vol=0.0890 surf=0.0509]  val_avg_surf_p=74.5671
    val_single_in_dist         loss=0.2825  surf[p=69.1601 Ux=1.0568 Uy=0.4630]  vol[p=60.0670 Ux=2.6587 Uy=0.8841]
    val_geom_camber_rc         loss=0.3827  surf[p=90.3198 Ux=2.6855 Uy=0.7835]  vol[p=82.8679 Ux=4.0782 Uy=1.5420]
    val_geom_camber_cruise     loss=0.1826  surf[p=62.9402 Ux=1.7933 Uy=0.4376]  vol[p=52.5967 Ux=3.2220 Uy=0.7829]
    val_re_rand                loss=0.3300  surf[p=75.8482 Ux=2.2240 Uy=0.6412]  vol[p=66.0720 Ux=3.4481 Uy=1.1676]
  ep88 step 100/375 loss=0.0185 vol=0.0143 surf=0.0042 lr=5.26e-05
  ep88 step 200/375 loss=0.1609 vol=0.0960 surf=0.0650 lr=5.26e-05
  ep88 step 300/375 loss=0.0620 vol=0.0465 surf=0.0155 lr=5.26e-05
Epoch  88 (137s) [23.5GB]  train[vol=0.0809 surf=0.0397]  val_avg_surf_p=72.1271
    val_single_in_dist         loss=0.2238  surf[p=60.8057 Ux=1.0187 Uy=0.4308]  vol[p=55.2227 Ux=2.4887 Uy=0.8366]
    val_geom_camber_rc         loss=0.3699  surf[p=86.1348 Ux=2.5618 Uy=0.7669]  vol[p=79.8442 Ux=3.8596 Uy=1.5302]
    val_geom_camber_cruise     loss=0.1922  surf[p=66.0101 Ux=1.7747 Uy=0.4413]  vol[p=55.2465 Ux=3.1952 Uy=0.8123]
    val_re_rand                loss=0.3251  surf[p=75.5578 Ux=2.1891 Uy=0.6352]  vol[p=66.1245 Ux=3.3703 Uy=1.1663]
  ep89 step 100/375 loss=0.0409 vol=0.0295 surf=0.0114 lr=4.96e-05
  ep89 step 200/375 loss=0.0636 vol=0.0448 surf=0.0188 lr=4.96e-05
  ep89 step 300/375 loss=0.0479 vol=0.0272 surf=0.0207 lr=4.96e-05
Epoch  89 (137s) [23.5GB]  train[vol=0.0738 surf=0.0345]  val_avg_surf_p=70.0870 *
    val_single_in_dist         loss=0.2335  surf[p=60.0234 Ux=0.8846 Uy=0.4262]  vol[p=54.7442 Ux=2.3890 Uy=0.8098]
    val_geom_camber_rc         loss=0.3549  surf[p=87.2335 Ux=2.3896 Uy=0.7579]  vol[p=80.2300 Ux=3.7118 Uy=1.5177]
    val_geom_camber_cruise     loss=0.1681  surf[p=60.1749 Ux=1.5692 Uy=0.4029]  vol[p=49.8068 Ux=3.0312 Uy=0.7438]
    val_re_rand                loss=0.3068  surf[p=72.9162 Ux=2.0366 Uy=0.5985]  vol[p=63.3013 Ux=3.2352 Uy=1.1161]
  ep90 step 100/375 loss=0.0511 vol=0.0398 surf=0.0113 lr=4.67e-05
  ep90 step 200/375 loss=0.0709 vol=0.0543 surf=0.0166 lr=4.67e-05
  ep90 step 300/375 loss=0.0470 vol=0.0379 surf=0.0090 lr=4.67e-05
Epoch  90 (137s) [23.5GB]  train[vol=0.0510 surf=0.0237]  val_avg_surf_p=70.3008
    val_single_in_dist         loss=0.2243  surf[p=58.4326 Ux=0.9091 Uy=0.4210]  vol[p=53.5901 Ux=2.3512 Uy=0.7936]
    val_geom_camber_rc         loss=0.3477  surf[p=87.2402 Ux=2.3750 Uy=0.7562]  vol[p=80.0273 Ux=3.6636 Uy=1.5070]
    val_geom_camber_cruise     loss=0.1707  surf[p=61.6972 Ux=1.6073 Uy=0.4035]  vol[p=50.5394 Ux=3.0380 Uy=0.7408]
    val_re_rand                loss=0.3049  surf[p=73.8333 Ux=2.0503 Uy=0.5991]  vol[p=63.6733 Ux=3.2193 Uy=1.1127]
  ep91 step 100/375 loss=0.0981 vol=0.0665 surf=0.0316 lr=4.39e-05
  ep91 step 200/375 loss=0.0307 vol=0.0229 surf=0.0078 lr=4.39e-05
  ep91 step 300/375 loss=0.0363 vol=0.0287 surf=0.0076 lr=4.39e-05
Epoch  91 (137s) [23.5GB]  train[vol=0.0778 surf=0.0347]  val_avg_surf_p=81.3853
    val_single_in_dist         loss=0.2717  surf[p=78.0342 Ux=1.5864 Uy=0.5195]  vol[p=70.9641 Ux=3.2888 Uy=1.0276]
    val_geom_camber_rc         loss=0.4020  surf[p=93.3973 Ux=2.7344 Uy=0.8211]  vol[p=86.4613 Ux=3.9116 Uy=1.6571]
    val_geom_camber_cruise     loss=0.2270  surf[p=73.1503 Ux=1.9245 Uy=0.4875]  vol[p=60.3424 Ux=3.4912 Uy=0.8982]
    val_re_rand                loss=0.3435  surf[p=80.9593 Ux=2.3057 Uy=0.6674]  vol[p=70.2188 Ux=3.4818 Uy=1.2384]
  ep92 step 100/375 loss=0.0238 vol=0.0190 surf=0.0047 lr=4.12e-05
  ep92 step 200/375 loss=0.0664 vol=0.0467 surf=0.0197 lr=4.12e-05
  ep92 step 300/375 loss=0.0319 vol=0.0254 surf=0.0065 lr=4.12e-05
Epoch  92 (137s) [23.5GB]  train[vol=0.0695 surf=0.0332]  val_avg_surf_p=69.1192 *
    val_single_in_dist         loss=0.1945  surf[p=55.9806 Ux=0.9313 Uy=0.3923]  vol[p=52.1745 Ux=2.4278 Uy=0.7687]
    val_geom_camber_rc         loss=0.3477  surf[p=86.5750 Ux=2.3914 Uy=0.7405]  vol[p=79.2917 Ux=3.7183 Uy=1.4866]
    val_geom_camber_cruise     loss=0.1686  surf[p=61.0910 Ux=1.5972 Uy=0.3996]  vol[p=48.9510 Ux=3.0306 Uy=0.7411]
    val_re_rand                loss=0.3006  surf[p=72.8303 Ux=2.0354 Uy=0.5855]  vol[p=62.3246 Ux=3.2170 Uy=1.1014]
  ep93 step 100/375 loss=0.0954 vol=0.0721 surf=0.0233 lr=3.85e-05
  ep93 step 200/375 loss=0.0287 vol=0.0228 surf=0.0058 lr=3.85e-05
  ep93 step 300/375 loss=0.0875 vol=0.0592 surf=0.0284 lr=3.85e-05
Epoch  93 (137s) [23.5GB]  train[vol=0.0663 surf=0.0336]  val_avg_surf_p=70.9112
    val_single_in_dist         loss=0.2232  surf[p=57.9303 Ux=0.9097 Uy=0.3884]  vol[p=53.2683 Ux=2.4336 Uy=0.7802]
    val_geom_camber_rc         loss=0.3597  surf[p=88.2190 Ux=2.4220 Uy=0.7601]  vol[p=80.5225 Ux=3.7746 Uy=1.4937]
    val_geom_camber_cruise     loss=0.1725  surf[p=63.2525 Ux=1.5688 Uy=0.3978]  vol[p=50.0481 Ux=3.0784 Uy=0.7613]
    val_re_rand                loss=0.3166  surf[p=74.2428 Ux=2.0621 Uy=0.5932]  vol[p=63.3451 Ux=3.2913 Uy=1.1121]
  ep94 step 100/375 loss=0.0417 vol=0.0283 surf=0.0134 lr=3.59e-05
  ep94 step 200/375 loss=0.0361 vol=0.0258 surf=0.0103 lr=3.59e-05
  ep94 step 300/375 loss=0.0913 vol=0.0685 surf=0.0229 lr=3.59e-05
Epoch  94 (137s) [23.5GB]  train[vol=0.0903 surf=0.0451]  val_avg_surf_p=71.2040
    val_single_in_dist         loss=0.2158  surf[p=58.2841 Ux=1.0244 Uy=0.3844]  vol[p=55.5808 Ux=2.5149 Uy=0.7917]
    val_geom_camber_rc         loss=0.3532  surf[p=88.7992 Ux=2.4216 Uy=0.7229]  vol[p=80.3228 Ux=3.7400 Uy=1.4629]
    val_geom_camber_cruise     loss=0.1736  surf[p=62.2363 Ux=1.6367 Uy=0.4073]  vol[p=50.9278 Ux=3.1399 Uy=0.7574]
    val_re_rand                loss=0.3125  surf[p=75.4965 Ux=2.0507 Uy=0.5883]  vol[p=64.2346 Ux=3.2852 Uy=1.1103]
  ep95 step 100/375 loss=0.0132 vol=0.0111 surf=0.0021 lr=3.34e-05
  ep95 step 200/375 loss=0.0365 vol=0.0290 surf=0.0075 lr=3.34e-05
  ep95 step 300/375 loss=0.0568 vol=0.0448 surf=0.0120 lr=3.34e-05
Epoch  95 (137s) [23.5GB]  train[vol=0.0838 surf=0.0411]  val_avg_surf_p=70.6474
    val_single_in_dist         loss=0.2065  surf[p=55.6874 Ux=0.9128 Uy=0.3870]  vol[p=51.6865 Ux=2.3611 Uy=0.7616]
    val_geom_camber_rc         loss=0.3686  surf[p=91.7535 Ux=2.5170 Uy=0.7391]  vol[p=83.2356 Ux=3.7979 Uy=1.4909]
    val_geom_camber_cruise     loss=0.1649  surf[p=59.8252 Ux=1.5797 Uy=0.4019]  vol[p=48.3001 Ux=3.0684 Uy=0.7358]
    val_re_rand                loss=0.3151  surf[p=75.3236 Ux=2.0868 Uy=0.5909]  vol[p=64.0884 Ux=3.2848 Uy=1.1032]
  ep96 step 100/375 loss=0.0585 vol=0.0455 surf=0.0129 lr=3.10e-05
  ep96 step 200/375 loss=0.0378 vol=0.0270 surf=0.0108 lr=3.10e-05
  ep96 step 300/375 loss=0.1026 vol=0.0634 surf=0.0392 lr=3.10e-05
Epoch  96 (137s) [23.5GB]  train[vol=0.0701 surf=0.0332]  val_avg_surf_p=69.7908
    val_single_in_dist         loss=0.2070  surf[p=54.7974 Ux=0.8675 Uy=0.3955]  vol[p=50.8440 Ux=2.3070 Uy=0.7739]
    val_geom_camber_rc         loss=0.3651  surf[p=90.7263 Ux=2.5223 Uy=0.7531]  vol[p=82.2626 Ux=3.7407 Uy=1.4847]
    val_geom_camber_cruise     loss=0.1652  surf[p=59.3764 Ux=1.5653 Uy=0.4001]  vol[p=47.9193 Ux=3.0218 Uy=0.7344]
    val_re_rand                loss=0.3110  surf[p=74.2632 Ux=2.0830 Uy=0.5926]  vol[p=63.1048 Ux=3.2536 Uy=1.0906]
  ep97 step 100/375 loss=0.0346 vol=0.0267 surf=0.0080 lr=2.86e-05
  ep97 step 200/375 loss=0.0910 vol=0.0705 surf=0.0205 lr=2.86e-05
  ep97 step 300/375 loss=0.1203 vol=0.0773 surf=0.0430 lr=2.86e-05
Epoch  97 (137s) [23.5GB]  train[vol=0.0433 surf=0.0212]  val_avg_surf_p=69.1235
    val_single_in_dist         loss=0.2105  surf[p=54.0644 Ux=0.8898 Uy=0.3761]  vol[p=50.4566 Ux=2.3399 Uy=0.7384]
    val_geom_camber_rc         loss=0.3569  surf[p=88.1599 Ux=2.4661 Uy=0.7480]  vol[p=79.5504 Ux=3.7617 Uy=1.4803]
    val_geom_camber_cruise     loss=0.1660  surf[p=60.0173 Ux=1.5940 Uy=0.3929]  vol[p=48.1766 Ux=3.1235 Uy=0.7275]
    val_re_rand                loss=0.3108  surf[p=74.2524 Ux=2.0739 Uy=0.5921]  vol[p=62.8443 Ux=3.2988 Uy=1.0971]
  ep98 step 100/375 loss=0.0402 vol=0.0313 surf=0.0090 lr=2.64e-05
  ep98 step 200/375 loss=0.0331 vol=0.0242 surf=0.0089 lr=2.64e-05
  ep98 step 300/375 loss=0.1686 vol=0.0953 surf=0.0733 lr=2.64e-05
Epoch  98 (137s) [23.5GB]  train[vol=0.0653 surf=0.0316]  val_avg_surf_p=69.5921
    val_single_in_dist         loss=0.2055  surf[p=53.7811 Ux=0.8958 Uy=0.3824]  vol[p=50.5988 Ux=2.3330 Uy=0.7430]
    val_geom_camber_rc         loss=0.3661  surf[p=90.1568 Ux=2.4875 Uy=0.7475]  vol[p=82.2444 Ux=3.7919 Uy=1.4921]
    val_geom_camber_cruise     loss=0.1643  surf[p=59.9011 Ux=1.5662 Uy=0.3921]  vol[p=48.1596 Ux=3.0856 Uy=0.7330]
    val_re_rand                loss=0.3139  surf[p=74.5294 Ux=2.0442 Uy=0.5910]  vol[p=63.2945 Ux=3.2752 Uy=1.1023]
  ep99 step 100/375 loss=0.0738 vol=0.0539 surf=0.0199 lr=2.42e-05
  ep99 step 200/375 loss=0.1434 vol=0.0863 surf=0.0571 lr=2.42e-05
  ep99 step 300/375 loss=0.0620 vol=0.0436 surf=0.0184 lr=2.42e-05
Epoch  99 (137s) [23.5GB]  train[vol=0.0441 surf=0.0197]  val_avg_surf_p=68.7176 *
    val_single_in_dist         loss=0.1954  surf[p=53.2125 Ux=0.8388 Uy=0.3808]  vol[p=49.3491 Ux=2.2699 Uy=0.7378]
    val_geom_camber_rc         loss=0.3605  surf[p=89.6643 Ux=2.4414 Uy=0.7477]  vol[p=81.0995 Ux=3.7130 Uy=1.4816]
    val_geom_camber_cruise     loss=0.1613  surf[p=58.7899 Ux=1.5493 Uy=0.3886]  vol[p=46.7546 Ux=3.0351 Uy=0.7235]
    val_re_rand                loss=0.3098  surf[p=73.2037 Ux=2.0340 Uy=0.5839]  vol[p=61.8829 Ux=3.2209 Uy=1.0882]
  ep100 step 100/375 loss=0.0161 vol=0.0115 surf=0.0046 lr=2.21e-05
  ep100 step 200/375 loss=0.0806 vol=0.0552 surf=0.0254 lr=2.21e-05
  ep100 step 300/375 loss=0.0608 vol=0.0452 surf=0.0156 lr=2.21e-05
Epoch 100 (137s) [23.5GB]  train[vol=0.0546 surf=0.0313]  val_avg_surf_p=67.6402 *
    val_single_in_dist         loss=0.1977  surf[p=52.6865 Ux=0.8561 Uy=0.3757]  vol[p=49.1655 Ux=2.3076 Uy=0.7337]
    val_geom_camber_rc         loss=0.3590  surf[p=87.1336 Ux=2.4948 Uy=0.7570]  vol[p=80.4549 Ux=3.7493 Uy=1.4760]
    val_geom_camber_cruise     loss=0.1597  surf[p=58.4655 Ux=1.5323 Uy=0.3844]  vol[p=47.1704 Ux=3.0327 Uy=0.7202]
    val_re_rand                loss=0.3090  surf[p=72.2750 Ux=2.0523 Uy=0.5904]  vol[p=61.7566 Ux=3.2467 Uy=1.0892]
  ep101 step 100/375 loss=0.0920 vol=0.0605 surf=0.0315 lr=2.01e-05
  ep101 step 200/375 loss=4.6674 vol=3.4582 surf=1.2092 lr=2.01e-05
  ep101 step 300/375 loss=0.0414 vol=0.0282 surf=0.0132 lr=2.01e-05
Epoch 101 (137s) [23.5GB]  train[vol=0.0562 surf=0.0251]  val_avg_surf_p=68.6678
    val_single_in_dist         loss=0.1908  surf[p=53.2338 Ux=0.8574 Uy=0.3808]  vol[p=49.2341 Ux=2.2432 Uy=0.7347]
    val_geom_camber_rc         loss=0.3699  surf[p=91.1338 Ux=2.5637 Uy=0.7593]  vol[p=82.3798 Ux=3.7587 Uy=1.4953]
    val_geom_camber_cruise     loss=0.1599  surf[p=57.2953 Ux=1.5796 Uy=0.3904]  vol[p=45.9732 Ux=3.0479 Uy=0.7165]
    val_re_rand                loss=0.3115  surf[p=73.0083 Ux=2.0940 Uy=0.5908]  vol[p=62.0582 Ux=3.2400 Uy=1.0874]
  ep102 step 100/375 loss=0.2756 vol=0.1843 surf=0.0914 lr=1.82e-05
  ep102 step 200/375 loss=0.0736 vol=0.0503 surf=0.0234 lr=1.82e-05
  ep102 step 300/375 loss=0.0583 vol=0.0407 surf=0.0176 lr=1.82e-05
Epoch 102 (137s) [23.5GB]  train[vol=0.0512 surf=0.0227]  val_avg_surf_p=69.2133
    val_single_in_dist         loss=0.2014  surf[p=53.7455 Ux=0.8711 Uy=0.3836]  vol[p=50.4027 Ux=2.2967 Uy=0.7396]
    val_geom_camber_rc         loss=0.3679  surf[p=89.6116 Ux=2.5258 Uy=0.7680]  vol[p=81.8164 Ux=3.7866 Uy=1.5009]
    val_geom_camber_cruise     loss=0.1657  surf[p=59.6463 Ux=1.5844 Uy=0.3980]  vol[p=47.6272 Ux=3.0724 Uy=0.7292]
    val_re_rand                loss=0.3141  surf[p=73.8497 Ux=2.0761 Uy=0.6002]  vol[p=62.5742 Ux=3.2502 Uy=1.1002]
  ep103 step 100/375 loss=0.0718 vol=0.0508 surf=0.0210 lr=1.63e-05
  ep103 step 200/375 loss=0.0271 vol=0.0197 surf=0.0073 lr=1.63e-05
  ep103 step 300/375 loss=0.0572 vol=0.0399 surf=0.0173 lr=1.63e-05
Epoch 103 (137s) [23.5GB]  train[vol=0.0554 surf=0.0236]  val_avg_surf_p=67.9882
    val_single_in_dist         loss=0.1852  surf[p=51.9185 Ux=0.8789 Uy=0.3715]  vol[p=49.0954 Ux=2.2989 Uy=0.7284]
    val_geom_camber_rc         loss=0.3623  surf[p=87.9545 Ux=2.5238 Uy=0.7552]  vol[p=80.6243 Ux=3.7925 Uy=1.4997]
    val_geom_camber_cruise     loss=0.1656  surf[p=59.4029 Ux=1.5427 Uy=0.3876]  vol[p=47.7040 Ux=3.1025 Uy=0.7328]
    val_re_rand                loss=0.3101  surf[p=72.6767 Ux=2.0476 Uy=0.5897]  vol[p=61.8301 Ux=3.2682 Uy=1.1001]
  ep104 step 100/375 loss=0.0741 vol=0.0485 surf=0.0256 lr=1.46e-05
  ep104 step 200/375 loss=0.1400 vol=0.0750 surf=0.0649 lr=1.46e-05
  ep104 step 300/375 loss=0.0719 vol=0.0419 surf=0.0299 lr=1.46e-05
Epoch 104 (137s) [23.5GB]  train[vol=0.0488 surf=0.0224]  val_avg_surf_p=68.5673
    val_single_in_dist         loss=0.1910  surf[p=52.1084 Ux=0.8811 Uy=0.3774]  vol[p=49.0077 Ux=2.2889 Uy=0.7250]
    val_geom_camber_rc         loss=0.3676  surf[p=89.9777 Ux=2.5322 Uy=0.7556]  vol[p=81.4964 Ux=3.8029 Uy=1.4864]
    val_geom_camber_cruise     loss=0.1635  surf[p=58.8495 Ux=1.5936 Uy=0.3917]  vol[p=46.6757 Ux=3.0781 Uy=0.7239]
    val_re_rand                loss=0.3093  surf[p=73.3335 Ux=2.0886 Uy=0.5895]  vol[p=61.9003 Ux=3.2712 Uy=1.0903]
  ep105 step 100/375 loss=0.0297 vol=0.0218 surf=0.0079 lr=1.30e-05
  ep105 step 200/375 loss=0.0582 vol=0.0406 surf=0.0175 lr=1.30e-05
  ep105 step 300/375 loss=0.0765 vol=0.0539 surf=0.0226 lr=1.30e-05
Epoch 105 (137s) [23.5GB]  train[vol=0.0562 surf=0.0254]  val_avg_surf_p=67.7966
    val_single_in_dist         loss=0.1973  surf[p=51.8363 Ux=0.8391 Uy=0.3799]  vol[p=48.9423 Ux=2.2405 Uy=0.7275]
    val_geom_camber_rc         loss=0.3646  surf[p=88.9169 Ux=2.4989 Uy=0.7515]  vol[p=80.7735 Ux=3.7390 Uy=1.4828]
    val_geom_camber_cruise     loss=0.1597  surf[p=57.7021 Ux=1.5513 Uy=0.3888]  vol[p=46.1556 Ux=3.0206 Uy=0.7188]
    val_re_rand                loss=0.3115  surf[p=72.7311 Ux=2.0679 Uy=0.5881]  vol[p=61.8027 Ux=3.2233 Uy=1.0869]
  ep106 step 100/375 loss=0.0812 vol=0.0641 surf=0.0171 lr=1.14e-05
  ep106 step 200/375 loss=0.0438 vol=0.0317 surf=0.0121 lr=1.14e-05
  ep106 step 300/375 loss=0.0260 vol=0.0167 surf=0.0093 lr=1.14e-05
Epoch 106 (137s) [23.5GB]  train[vol=0.0504 surf=0.0219]  val_avg_surf_p=68.4376
    val_single_in_dist         loss=0.1872  surf[p=51.9449 Ux=0.8429 Uy=0.3854]  vol[p=49.2146 Ux=2.2651 Uy=0.7375]
    val_geom_camber_rc         loss=0.3703  surf[p=90.1882 Ux=2.5263 Uy=0.7578]  vol[p=82.2100 Ux=3.7751 Uy=1.4832]
    val_geom_camber_cruise     loss=0.1648  surf[p=58.7208 Ux=1.5985 Uy=0.3967]  vol[p=46.7460 Ux=3.0701 Uy=0.7271]
    val_re_rand                loss=0.3118  surf[p=72.8962 Ux=2.0798 Uy=0.5913]  vol[p=61.8054 Ux=3.2357 Uy=1.0864]
Timeout (240.0 min). Stopping.

Training done in 241.8 min

Best val: epoch 100, val_avg/mae_surf_p = 67.6402

Evaluating on held-out test splits...
Test: test_single_in_dist: 200, test_geom_camber_rc: 200, test_geom_camber_cruise: 200, test_re_rand: 200

  TEST  avg_surf_p=64.1360
    test_single_in_dist        loss=0.2250  surf[p=48.4872 Ux=0.8279 Uy=0.3712]  vol[p=47.1586 Ux=2.1179 Uy=0.7146]
    test_geom_camber_rc        loss=0.3189  surf[p=79.4505 Ux=2.3460 Uy=0.7249]  vol[p=73.9061 Ux=3.5503 Uy=1.3819]
    test_geom_camber_cruise    loss=0.1224  surf[p=49.5245 Ux=1.4000 Uy=0.3529]  vol[p=39.5055 Ux=2.7686 Uy=0.6505]
    test_re_rand               loss=0.3655  surf[p=79.0818 Ux=2.8289 Uy=0.7162]  vol[p=65.3147 Ux=3.6315 Uy=1.1109]

Logged model artifact 'model-mlintern-pai2-72h-v4-r2-r4-scale-h384l8-sub32k-cosine120-240m-s23-8wvgf0ic' (aliases: best, epoch-100)
wandb: uploading artifact model-mlintern-pai2-72h-v4-r2-r4-scale-h384l8-sub32k-cosine120-240m-s23-8wvgf0ic; updating run metadata
wandb: uploading artifact model-mlintern-pai2-72h-v4-r2-r4-scale-h384l8-sub32k-cosine120-240m-s23-8wvgf0ic
wandb: 
wandb: Run history:
wandb:                             epoch_time_s █▁▁▁▂▂▁▁▂▂▂▂▂▁▂▂▂▁▂▁▂▁▂▂▂▂▂▂▂▁▁▁▂▁▁▂▁▁▂▂
wandb:                              global_step ▁▁▂▂▂▂▂▂▂▂▃▃▃▃▃▄▄▄▅▅▅▅▅▅▅▆▆▆▆▆▇▇▇▇▇▇▇▇██
wandb:                                       lr █████████▇▇▇▇▇▆▆▆▆▅▅▅▅▄▄▄▃▃▃▃▃▂▂▂▂▂▂▂▁▁▁
wandb:        test/test_geom_camber_cruise/loss ▁
wandb: test/test_geom_camber_cruise/mae_surf_Ux ▁
wandb: test/test_geom_camber_cruise/mae_surf_Uy ▁
wandb:  test/test_geom_camber_cruise/mae_surf_p ▁
wandb:  test/test_geom_camber_cruise/mae_vol_Ux ▁
wandb:  test/test_geom_camber_cruise/mae_vol_Uy ▁
wandb:   test/test_geom_camber_cruise/mae_vol_p ▁
wandb:                                      +81 ...
wandb: 
wandb: Run summary:
wandb:                               best_epoch 100
wandb:                  best_val_avg/mae_surf_p 67.64016
wandb:                             epoch_time_s 136.90663
wandb:                              global_step 39750
wandb:                                       lr 1e-05
wandb:        test/test_geom_camber_cruise/loss 0.12235
wandb: test/test_geom_camber_cruise/mae_surf_Ux 1.40001
wandb: test/test_geom_camber_cruise/mae_surf_Uy 0.35292
wandb:  test/test_geom_camber_cruise/mae_surf_p 49.52455
wandb:  test/test_geom_camber_cruise/mae_vol_Ux 2.7686
wandb:                                      +84 ...
wandb: 
wandb: 🚀 View run mlintern-pai2-72h-v4-r2/r4-scale-h384l8-sub32k-cosine120-240m-s23 at: https://wandb.ai/wandb-applied-ai-team/senpai-v1-ml-intern/runs/8wvgf0ic
wandb: ⭐️ View project at: https://wandb.ai/wandb-applied-ai-team/senpai-v1-ml-intern
wandb: Synced 7 W&B file(s), 0 media file(s), 3 artifact file(s) and 0 other file(s)
wandb: Find logs at: ./wandb/run-20260430_161919-8wvgf0ic/logs
