Seeded with 14
Device: cuda
Train: 1499, val_single_in_dist: 100, val_geom_camber_rc: 100, val_geom_camber_cruise: 100, val_re_rand: 100
Model: Transolver (0.66M params)
wandb: [wandb.login()] Loaded credentials for https://api.wandb.ai from WANDB_API_KEY.
wandb: W&B API key is configured. Use `wandb login --relogin` to force relogin
wandb: Tracking run with wandb version 0.26.1
wandb: Run data is saved locally in /workspace/ml-intern-benchmark/target/wandb/run-20260430_161919-xe5n01w8
wandb: Run `wandb offline` to turn off syncing.
wandb: Syncing run mlintern-pai2-72h-v4-r2/r4-recipe-cosine120-240m-s14
wandb: ⭐️ View project at https://wandb.ai/wandb-applied-ai-team/senpai-v1-ml-intern
wandb: 🚀 View run at https://wandb.ai/wandb-applied-ai-team/senpai-v1-ml-intern/runs/xe5n01w8
  ep1 step 100/375 loss=0.9743 vol=0.6038 surf=0.3706 lr=3.00e-04
  ep1 step 200/375 loss=1.5437 vol=0.8560 surf=0.6877 lr=3.00e-04
  ep1 step 300/375 loss=5.3141 vol=3.4376 surf=1.8765 lr=3.00e-04
Epoch   1 (134s) [41.7GB]  train[vol=1.2601 surf=0.9945]  val_avg_surf_p=252.9162 *
    val_single_in_dist         loss=2.4287  surf[p=292.2246 Ux=3.9017 Uy=1.6347]  vol[p=251.7131 Ux=6.8899 Uy=3.0795]
    val_geom_camber_rc         loss=1.6090  surf[p=267.2995 Ux=4.5620 Uy=1.8984]  vol[p=227.6805 Ux=7.1284 Uy=3.4830]
    val_geom_camber_cruise     loss=0.8110  surf[p=227.5086 Ux=3.4045 Uy=1.2442]  vol[p=174.9917 Ux=5.6567 Uy=2.2679]
    val_re_rand                loss=1.1000  surf[p=224.6322 Ux=3.8682 Uy=1.4797]  vol[p=183.0566 Ux=6.2865 Uy=2.6529]
  ep2 step 100/375 loss=0.1938 vol=0.1287 surf=0.0651 lr=3.00e-04
  ep2 step 200/375 loss=1.6774 vol=1.0989 surf=0.5785 lr=3.00e-04
  ep2 step 300/375 loss=3.4724 vol=1.6070 surf=1.8653 lr=3.00e-04
Epoch   2 (132s) [42.1GB]  train[vol=0.7574 surf=0.6047]  val_avg_surf_p=276.3909
    val_single_in_dist         loss=4.3331  surf[p=376.2308 Ux=4.0335 Uy=1.5995]  vol[p=340.2725 Ux=8.0438 Uy=3.0679]
    val_geom_camber_rc         loss=2.1444  surf[p=290.8174 Ux=4.9440 Uy=1.7267]  vol[p=254.1450 Ux=7.7714 Uy=3.5815]
    val_geom_camber_cruise     loss=0.8215  surf[p=211.5367 Ux=2.4663 Uy=1.2510]  vol[p=172.4026 Ux=5.5345 Uy=2.4907]
    val_re_rand                loss=1.2670  surf[p=226.9788 Ux=3.4260 Uy=1.4275]  vol[p=193.6793 Ux=6.3694 Uy=2.9183]
  ep3 step 100/375 loss=3.2020 vol=1.4787 surf=1.7232 lr=3.00e-04
  ep3 step 200/375 loss=0.2701 vol=0.1861 surf=0.0840 lr=3.00e-04
  ep3 step 300/375 loss=0.3908 vol=0.2268 surf=0.1641 lr=3.00e-04
Epoch   3 (132s) [42.1GB]  train[vol=0.6489 surf=0.5133]  val_avg_surf_p=203.0440 *
    val_single_in_dist         loss=2.6960  surf[p=275.7177 Ux=2.8991 Uy=1.2398]  vol[p=219.9811 Ux=6.5042 Uy=2.7935]
    val_geom_camber_rc         loss=1.8377  surf[p=237.2300 Ux=4.4329 Uy=1.6057]  vol[p=202.7213 Ux=6.9300 Uy=3.5228]
    val_geom_camber_cruise     loss=0.5509  surf[p=140.9706 Ux=2.4684 Uy=0.8063]  vol[p=114.8124 Ux=5.1654 Uy=1.6838]
    val_re_rand                loss=0.9355  surf[p=158.2575 Ux=3.1201 Uy=1.0829]  vol[p=132.3649 Ux=5.7692 Uy=2.2962]
  ep4 step 100/375 loss=0.7261 vol=0.4548 surf=0.2713 lr=3.00e-04
  ep4 step 200/375 loss=0.6752 vol=0.3727 surf=0.3025 lr=3.00e-04
  ep4 step 300/375 loss=0.5355 vol=0.3188 surf=0.2167 lr=3.00e-04
Epoch   4 (131s) [42.1GB]  train[vol=0.6179 surf=0.5099]  val_avg_surf_p=186.7973 *
    val_single_in_dist         loss=1.7950  surf[p=243.6784 Ux=2.6500 Uy=1.2281]  vol[p=210.1066 Ux=6.3353 Uy=2.5587]
    val_geom_camber_rc         loss=1.1942  surf[p=195.6266 Ux=3.6314 Uy=1.4736]  vol[p=184.2147 Ux=6.2328 Uy=2.9557]
    val_geom_camber_cruise     loss=0.4349  surf[p=144.5168 Ux=1.9016 Uy=0.8398]  vol[p=115.2400 Ux=4.2575 Uy=1.6187]
    val_re_rand                loss=0.7461  surf[p=163.3674 Ux=2.6383 Uy=1.0975]  vol[p=143.1573 Ux=5.1217 Uy=2.1330]
  ep5 step 100/375 loss=0.8426 vol=0.5387 surf=0.3039 lr=2.99e-04
  ep5 step 200/375 loss=0.9926 vol=0.5659 surf=0.4266 lr=2.99e-04
  ep5 step 300/375 loss=1.2545 vol=0.7290 surf=0.5254 lr=2.99e-04
Epoch   5 (132s) [42.1GB]  train[vol=0.5231 surf=0.4243]  val_avg_surf_p=162.0448 *
    val_single_in_dist         loss=1.5678  surf[p=210.6312 Ux=3.1877 Uy=1.1173]  vol[p=191.8783 Ux=6.1193 Uy=2.4524]
    val_geom_camber_rc         loss=1.1632  surf[p=187.7889 Ux=4.2176 Uy=1.2338]  vol[p=169.1664 Ux=6.7024 Uy=2.9131]
    val_geom_camber_cruise     loss=0.3654  surf[p=106.5358 Ux=1.7141 Uy=0.7846]  vol[p=89.4608 Ux=3.7746 Uy=1.5597]
    val_re_rand                loss=0.7782  surf[p=143.2234 Ux=2.8874 Uy=0.9952]  vol[p=123.1655 Ux=5.1390 Uy=2.1571]
  ep6 step 100/375 loss=0.6417 vol=0.3669 surf=0.2747 lr=2.99e-04
  ep6 step 200/375 loss=1.2195 vol=0.7148 surf=0.5047 lr=2.99e-04
  ep6 step 300/375 loss=0.8277 vol=0.5237 surf=0.3040 lr=2.99e-04
Epoch   6 (133s) [42.1GB]  train[vol=0.5838 surf=0.4675]  val_avg_surf_p=160.6923 *
    val_single_in_dist         loss=1.5737  surf[p=210.9618 Ux=3.0624 Uy=1.1603]  vol[p=192.0464 Ux=5.9914 Uy=2.4456]
    val_geom_camber_rc         loss=1.1993  surf[p=166.9598 Ux=3.6851 Uy=1.2600]  vol[p=163.4930 Ux=6.0813 Uy=2.8919]
    val_geom_camber_cruise     loss=0.3902  surf[p=118.5161 Ux=2.0299 Uy=0.7707]  vol[p=98.5018 Ux=3.8703 Uy=1.4812]
    val_re_rand                loss=0.8310  surf[p=146.3312 Ux=2.9774 Uy=1.0442]  vol[p=128.7127 Ux=5.1241 Uy=2.1656]
  ep7 step 100/375 loss=0.3541 vol=0.2238 surf=0.1303 lr=2.98e-04
  ep7 step 200/375 loss=0.2857 vol=0.1796 surf=0.1061 lr=2.98e-04
  ep7 step 300/375 loss=1.0130 vol=0.5158 surf=0.4972 lr=2.98e-04
Epoch   7 (132s) [42.1GB]  train[vol=0.4107 surf=0.3258]  val_avg_surf_p=184.8748
    val_single_in_dist         loss=1.7006  surf[p=248.1344 Ux=2.7605 Uy=1.3711]  vol[p=199.4427 Ux=5.6086 Uy=2.5637]
    val_geom_camber_rc         loss=1.3407  surf[p=220.6043 Ux=3.6383 Uy=1.6129]  vol[p=183.8494 Ux=6.1925 Uy=3.1981]
    val_geom_camber_cruise     loss=0.3834  surf[p=126.8631 Ux=1.7760 Uy=0.7863]  vol[p=97.8559 Ux=3.6356 Uy=1.4462]
    val_re_rand                loss=0.6973  surf[p=143.8972 Ux=2.4873 Uy=1.0547]  vol[p=118.5467 Ux=4.6396 Uy=2.0616]
  ep8 step 100/375 loss=0.2554 vol=0.1619 surf=0.0934 lr=2.97e-04
  ep8 step 200/375 loss=0.4049 vol=0.2685 surf=0.1364 lr=2.97e-04
  ep8 step 300/375 loss=0.4499 vol=0.2836 surf=0.1663 lr=2.97e-04
Epoch   8 (133s) [42.1GB]  train[vol=0.4046 surf=0.2966]  val_avg_surf_p=182.5536
    val_single_in_dist         loss=2.0608  surf[p=243.0139 Ux=3.0379 Uy=1.1184]  vol[p=225.3796 Ux=6.6797 Uy=2.4630]
    val_geom_camber_rc         loss=1.5950  surf[p=201.1851 Ux=4.8453 Uy=1.4039]  vol[p=191.3962 Ux=7.8329 Uy=3.1656]
    val_geom_camber_cruise     loss=0.4617  surf[p=140.9173 Ux=1.9162 Uy=0.7511]  vol[p=116.0871 Ux=4.2227 Uy=1.5533]
    val_re_rand                loss=0.8141  surf[p=145.0980 Ux=2.8762 Uy=0.9695]  vol[p=130.9666 Ux=5.1226 Uy=2.1167]
  ep9 step 100/375 loss=0.8627 vol=0.4928 surf=0.3698 lr=2.97e-04
  ep9 step 200/375 loss=0.7723 vol=0.4292 surf=0.3431 lr=2.97e-04
  ep9 step 300/375 loss=0.3089 vol=0.1497 surf=0.1592 lr=2.97e-04
Epoch   9 (132s) [42.1GB]  train[vol=0.5291 surf=0.4162]  val_avg_surf_p=149.2530 *
    val_single_in_dist         loss=1.2737  surf[p=197.9824 Ux=2.4081 Uy=0.9400]  vol[p=173.8210 Ux=5.5983 Uy=2.3874]
    val_geom_camber_rc         loss=1.0333  surf[p=165.0561 Ux=3.0673 Uy=1.1970]  vol[p=150.8460 Ux=5.6583 Uy=2.8982]
    val_geom_camber_cruise     loss=0.3177  surf[p=102.2764 Ux=1.6288 Uy=0.6517]  vol[p=88.2853 Ux=3.6554 Uy=1.4276]
    val_re_rand                loss=0.6635  surf[p=131.6969 Ux=2.3071 Uy=0.9039]  vol[p=113.6435 Ux=4.5121 Uy=2.0254]
  ep10 step 100/375 loss=0.4247 vol=0.2568 surf=0.1679 lr=2.96e-04
  ep10 step 200/375 loss=0.5263 vol=0.3059 surf=0.2204 lr=2.96e-04
  ep10 step 300/375 loss=1.1740 vol=0.6574 surf=0.5165 lr=2.96e-04
Epoch  10 (134s) [42.1GB]  train[vol=0.4075 surf=0.3303]  val_avg_surf_p=145.0063 *
    val_single_in_dist         loss=1.3324  surf[p=185.0292 Ux=2.6695 Uy=1.2203]  vol[p=169.7913 Ux=5.3980 Uy=2.3470]
    val_geom_camber_rc         loss=0.9860  surf[p=166.1794 Ux=3.5470 Uy=1.3814]  vol[p=153.6792 Ux=6.2085 Uy=2.7078]
    val_geom_camber_cruise     loss=0.3426  surf[p=104.5421 Ux=1.7735 Uy=0.8202]  vol[p=88.3362 Ux=3.7033 Uy=1.7467]
    val_re_rand                loss=0.6001  surf[p=124.2744 Ux=2.3997 Uy=1.0346]  vol[p=107.0150 Ux=4.4915 Uy=2.1093]
  ep11 step 100/375 loss=2.1761 vol=1.4763 surf=0.6998 lr=2.95e-04
  ep11 step 200/375 loss=0.1873 vol=0.1331 surf=0.0542 lr=2.95e-04
  ep11 step 300/375 loss=0.2958 vol=0.1565 surf=0.1393 lr=2.95e-04
Epoch  11 (131s) [42.1GB]  train[vol=0.4414 surf=0.3379]  val_avg_surf_p=132.0217 *
    val_single_in_dist         loss=1.1491  surf[p=173.8450 Ux=2.3751 Uy=0.9488]  vol[p=151.5557 Ux=4.9946 Uy=1.9867]
    val_geom_camber_rc         loss=0.8360  surf[p=146.2923 Ux=3.0377 Uy=1.1279]  vol[p=134.0934 Ux=5.5746 Uy=2.5313]
    val_geom_camber_cruise     loss=0.2696  surf[p=93.5081 Ux=1.3886 Uy=0.6491]  vol[p=74.3114 Ux=3.2283 Uy=1.2573]
    val_re_rand                loss=0.5511  surf[p=114.4415 Ux=2.1544 Uy=0.8720]  vol[p=99.8895 Ux=4.1727 Uy=1.8016]
  ep12 step 100/375 loss=0.1271 vol=0.0891 surf=0.0380 lr=2.94e-04
  ep12 step 200/375 loss=0.1384 vol=0.0952 surf=0.0432 lr=2.94e-04
  ep12 step 300/375 loss=0.5035 vol=0.3154 surf=0.1880 lr=2.94e-04
Epoch  12 (132s) [42.1GB]  train[vol=0.3583 surf=0.2932]  val_avg_surf_p=137.5122
    val_single_in_dist         loss=1.0333  surf[p=169.5997 Ux=2.0564 Uy=0.9141]  vol[p=146.4627 Ux=4.9060 Uy=2.0195]
    val_geom_camber_rc         loss=0.7931  surf[p=146.5702 Ux=2.8997 Uy=1.1066]  vol[p=128.5735 Ux=5.4391 Uy=2.5361]
    val_geom_camber_cruise     loss=0.3167  surf[p=109.8267 Ux=1.2677 Uy=0.6880]  vol[p=87.7034 Ux=3.1880 Uy=1.4464]
    val_re_rand                loss=0.5647  surf[p=124.0523 Ux=1.9898 Uy=0.8833]  vol[p=104.9174 Ux=4.0678 Uy=1.9151]
  ep13 step 100/375 loss=1.8050 vol=0.7434 surf=1.0617 lr=2.93e-04
  ep13 step 200/375 loss=0.3090 vol=0.1679 surf=0.1411 lr=2.93e-04
  ep13 step 300/375 loss=0.0972 vol=0.0736 surf=0.0236 lr=2.93e-04
Epoch  13 (134s) [42.1GB]  train[vol=0.3214 surf=0.2487]  val_avg_surf_p=136.1705
    val_single_in_dist         loss=0.9064  surf[p=170.6086 Ux=2.2304 Uy=1.1099]  vol[p=138.9254 Ux=4.7092 Uy=2.0749]
    val_geom_camber_rc         loss=0.8045  surf[p=156.5369 Ux=2.7081 Uy=1.2821]  vol[p=137.9629 Ux=5.0956 Uy=2.6209]
    val_geom_camber_cruise     loss=0.2642  surf[p=96.2086 Ux=1.3602 Uy=0.7452]  vol[p=71.9816 Ux=3.1380 Uy=1.2317]
    val_re_rand                loss=0.5701  surf[p=121.3280 Ux=2.2013 Uy=0.9899]  vol[p=102.3545 Ux=4.2662 Uy=1.8331]
  ep14 step 100/375 loss=0.4539 vol=0.2617 surf=0.1922 lr=2.91e-04
  ep14 step 200/375 loss=0.8292 vol=0.4260 surf=0.4032 lr=2.91e-04
  ep14 step 300/375 loss=0.2432 vol=0.1707 surf=0.0725 lr=2.91e-04
Epoch  14 (132s) [42.1GB]  train[vol=0.3736 surf=0.2894]  val_avg_surf_p=128.8803 *
    val_single_in_dist         loss=0.8812  surf[p=156.3911 Ux=1.9212 Uy=0.8730]  vol[p=136.3790 Ux=4.3842 Uy=1.8344]
    val_geom_camber_rc         loss=0.7675  surf[p=133.9421 Ux=2.9000 Uy=1.1475]  vol[p=125.6686 Ux=5.5838 Uy=2.4407]
    val_geom_camber_cruise     loss=0.3166  surf[p=106.9894 Ux=1.5655 Uy=0.6449]  vol[p=84.7146 Ux=3.5565 Uy=1.2867]
    val_re_rand                loss=0.5192  surf[p=118.1985 Ux=2.1467 Uy=0.8613]  vol[p=100.8052 Ux=4.2996 Uy=1.7705]
  ep15 step 100/375 loss=0.4010 vol=0.2517 surf=0.1492 lr=2.90e-04
  ep15 step 200/375 loss=0.1475 vol=0.0943 surf=0.0532 lr=2.90e-04
  ep15 step 300/375 loss=0.1669 vol=0.1054 surf=0.0615 lr=2.90e-04
Epoch  15 (131s) [42.1GB]  train[vol=0.2688 surf=0.1883]  val_avg_surf_p=116.7466 *
    val_single_in_dist         loss=0.8436  surf[p=137.2478 Ux=2.2074 Uy=0.8280]  vol[p=129.3669 Ux=4.7677 Uy=1.8409]
    val_geom_camber_rc         loss=0.7515  surf[p=130.3369 Ux=2.5769 Uy=1.0587]  vol[p=123.6010 Ux=4.8869 Uy=2.4156]
    val_geom_camber_cruise     loss=0.2544  surf[p=89.1601 Ux=1.4322 Uy=0.5913]  vol[p=71.0655 Ux=3.4067 Uy=1.2515]
    val_re_rand                loss=0.5130  surf[p=110.2414 Ux=1.9965 Uy=0.8309]  vol[p=93.9370 Ux=4.0344 Uy=1.7860]
  ep16 step 100/375 loss=0.8290 vol=0.4224 surf=0.4066 lr=2.89e-04
  ep16 step 200/375 loss=1.1208 vol=0.6376 surf=0.4832 lr=2.89e-04
  ep16 step 300/375 loss=0.4949 vol=0.2785 surf=0.2165 lr=2.89e-04
Epoch  16 (132s) [42.1GB]  train[vol=0.3741 surf=0.2836]  val_avg_surf_p=133.3683
    val_single_in_dist         loss=0.7737  surf[p=143.0020 Ux=1.9821 Uy=0.7994]  vol[p=129.8708 Ux=4.4280 Uy=1.7883]
    val_geom_camber_rc         loss=0.7585  surf[p=141.1763 Ux=2.7996 Uy=1.0360]  vol[p=130.0777 Ux=5.5906 Uy=2.4213]
    val_geom_camber_cruise     loss=0.3322  surf[p=120.8776 Ux=1.7148 Uy=0.6655]  vol[p=97.4468 Ux=3.3190 Uy=1.3911]
    val_re_rand                loss=0.5407  surf[p=128.4173 Ux=2.2732 Uy=0.8466]  vol[p=108.6292 Ux=4.2138 Uy=1.8408]
  ep17 step 100/375 loss=0.6779 vol=0.3953 surf=0.2826 lr=2.87e-04
  ep17 step 200/375 loss=0.4411 vol=0.2570 surf=0.1841 lr=2.87e-04
  ep17 step 300/375 loss=2.3541 vol=1.3575 surf=0.9966 lr=2.87e-04
Epoch  17 (133s) [42.1GB]  train[vol=0.3968 surf=0.2853]  val_avg_surf_p=121.8600
    val_single_in_dist         loss=0.8988  surf[p=162.3060 Ux=3.0148 Uy=0.8820]  vol[p=148.5166 Ux=5.4490 Uy=1.7961]
    val_geom_camber_rc         loss=0.7113  surf[p=122.6357 Ux=3.2449 Uy=1.0427]  vol[p=116.4761 Ux=5.6678 Uy=2.3330]
    val_geom_camber_cruise     loss=0.2682  surf[p=88.2484 Ux=2.3755 Uy=0.6025]  vol[p=73.4899 Ux=4.1256 Uy=1.1906]
    val_re_rand                loss=0.5574  surf[p=114.2500 Ux=2.7068 Uy=0.8482]  vol[p=99.8828 Ux=4.7458 Uy=1.7332]
  ep18 step 100/375 loss=0.0708 vol=0.0500 surf=0.0208 lr=2.85e-04
  ep18 step 200/375 loss=0.5877 vol=0.3566 surf=0.2312 lr=2.85e-04
  ep18 step 300/375 loss=1.9076 vol=1.2920 surf=0.6157 lr=2.85e-04
Epoch  18 (132s) [42.1GB]  train[vol=0.3274 surf=0.2410]  val_avg_surf_p=131.0052
    val_single_in_dist         loss=1.6396  surf[p=180.4713 Ux=2.8958 Uy=0.9799]  vol[p=155.8147 Ux=5.6727 Uy=2.0452]
    val_geom_camber_rc         loss=0.8450  surf[p=145.3030 Ux=2.6262 Uy=1.1202]  vol[p=131.9264 Ux=5.0537 Uy=2.4517]
    val_geom_camber_cruise     loss=0.2603  surf[p=91.6798 Ux=1.3984 Uy=0.6633]  vol[p=72.3222 Ux=3.0363 Uy=1.2940]
    val_re_rand                loss=0.5049  surf[p=106.5666 Ux=1.9731 Uy=0.8472]  vol[p=91.2601 Ux=3.8184 Uy=1.7622]
  ep19 step 100/375 loss=0.2831 vol=0.1663 surf=0.1168 lr=2.84e-04
  ep19 step 200/375 loss=0.2639 vol=0.1780 surf=0.0860 lr=2.84e-04
  ep19 step 300/375 loss=0.1897 vol=0.1264 surf=0.0633 lr=2.84e-04
Epoch  19 (132s) [42.1GB]  train[vol=0.2724 surf=0.1979]  val_avg_surf_p=160.5696
    val_single_in_dist         loss=1.1305  surf[p=192.2707 Ux=2.8597 Uy=1.0024]  vol[p=158.7517 Ux=5.1528 Uy=2.1357]
    val_geom_camber_rc         loss=1.2526  surf[p=221.4883 Ux=4.6885 Uy=1.3715]  vol[p=184.8067 Ux=7.2240 Uy=2.9818]
    val_geom_camber_cruise     loss=0.2802  surf[p=93.1847 Ux=1.8554 Uy=0.7045]  vol[p=70.4180 Ux=3.2457 Uy=1.3007]
    val_re_rand                loss=0.6806  surf[p=135.3348 Ux=2.7363 Uy=0.9608]  vol[p=106.1644 Ux=4.5001 Uy=1.9798]
  ep20 step 100/375 loss=0.3516 vol=0.2098 surf=0.1418 lr=2.82e-04
  ep20 step 200/375 loss=0.4748 vol=0.2880 surf=0.1868 lr=2.82e-04
  ep20 step 300/375 loss=0.1281 vol=0.0850 surf=0.0431 lr=2.82e-04
Epoch  20 (131s) [42.1GB]  train[vol=0.3064 surf=0.2277]  val_avg_surf_p=161.3430
    val_single_in_dist         loss=2.5697  surf[p=246.1026 Ux=3.3282 Uy=1.3173]  vol[p=220.2015 Ux=6.6310 Uy=2.5636]
    val_geom_camber_rc         loss=1.2555  surf[p=177.1269 Ux=3.4000 Uy=1.4717]  vol[p=158.7273 Ux=5.9115 Uy=2.8748]
    val_geom_camber_cruise     loss=0.2968  surf[p=98.2540 Ux=1.9802 Uy=0.7054]  vol[p=74.9915 Ux=3.6676 Uy=1.3106]
    val_re_rand                loss=0.6877  surf[p=123.8887 Ux=2.7288 Uy=0.9996]  vol[p=105.0416 Ux=4.5792 Uy=1.9166]
  ep21 step 100/375 loss=0.3479 vol=0.2251 surf=0.1228 lr=2.80e-04
  ep21 step 200/375 loss=0.6158 vol=0.3532 surf=0.2626 lr=2.80e-04
  ep21 step 300/375 loss=0.1484 vol=0.0987 surf=0.0497 lr=2.80e-04
Epoch  21 (132s) [42.1GB]  train[vol=0.2355 surf=0.1672]  val_avg_surf_p=118.9622
    val_single_in_dist         loss=0.6835  surf[p=138.4036 Ux=2.0360 Uy=0.8541]  vol[p=115.3981 Ux=4.1154 Uy=1.7360]
    val_geom_camber_rc         loss=0.5810  surf[p=126.4142 Ux=2.4356 Uy=0.9880]  vol[p=110.6428 Ux=4.6182 Uy=2.2856]
    val_geom_camber_cruise     loss=0.2419  surf[p=99.0378 Ux=1.3716 Uy=0.6241]  vol[p=72.5135 Ux=3.1036 Uy=1.2201]
    val_re_rand                loss=0.4532  surf[p=111.9930 Ux=1.9634 Uy=0.7962]  vol[p=88.9896 Ux=3.8025 Uy=1.6967]
  ep22 step 100/375 loss=0.2123 vol=0.1305 surf=0.0818 lr=2.78e-04
  ep22 step 200/375 loss=1.0744 vol=0.5778 surf=0.4966 lr=2.78e-04
  ep22 step 300/375 loss=0.0495 vol=0.0347 surf=0.0149 lr=2.78e-04
Epoch  22 (134s) [42.1GB]  train[vol=0.3246 surf=0.2387]  val_avg_surf_p=104.4236 *
    val_single_in_dist         loss=0.5946  surf[p=118.4932 Ux=1.9794 Uy=0.7121]  vol[p=106.0231 Ux=4.1819 Uy=1.5510]
    val_geom_camber_rc         loss=0.5851  surf[p=112.6160 Ux=2.7839 Uy=0.9295]  vol[p=109.2889 Ux=5.1487 Uy=2.1642]
    val_geom_camber_cruise     loss=0.2159  surf[p=86.1004 Ux=1.5036 Uy=0.5493]  vol[p=67.1174 Ux=2.9230 Uy=1.1231]
    val_re_rand                loss=0.4299  surf[p=100.4848 Ux=2.0838 Uy=0.7433]  vol[p=85.2431 Ux=3.8031 Uy=1.6006]
  ep23 step 100/375 loss=0.3242 vol=0.1910 surf=0.1331 lr=2.76e-04
  ep23 step 200/375 loss=0.3065 vol=0.1809 surf=0.1257 lr=2.76e-04
  ep23 step 300/375 loss=0.1724 vol=0.1076 surf=0.0647 lr=2.76e-04
Epoch  23 (134s) [42.1GB]  train[vol=0.2649 surf=0.1930]  val_avg_surf_p=157.5405
    val_single_in_dist         loss=1.1370  surf[p=187.0609 Ux=2.5821 Uy=0.8307]  vol[p=169.7227 Ux=5.5103 Uy=1.8209]
    val_geom_camber_rc         loss=0.6954  surf[p=162.8166 Ux=2.6773 Uy=1.1134]  vol[p=155.3226 Ux=5.1109 Uy=2.5105]
    val_geom_camber_cruise     loss=0.3348  surf[p=133.7416 Ux=2.0068 Uy=0.7126]  vol[p=109.0198 Ux=4.2013 Uy=1.4283]
    val_re_rand                loss=0.5593  surf[p=146.5429 Ux=2.3112 Uy=0.9188]  vol[p=130.2354 Ux=4.5733 Uy=1.9209]
  ep24 step 100/375 loss=1.1017 vol=0.5802 surf=0.5215 lr=2.74e-04
  ep24 step 200/375 loss=0.5676 vol=0.3311 surf=0.2365 lr=2.74e-04
  ep24 step 300/375 loss=0.1183 vol=0.0780 surf=0.0403 lr=2.74e-04
Epoch  24 (134s) [42.1GB]  train[vol=0.4067 surf=0.3088]  val_avg_surf_p=136.9872
    val_single_in_dist         loss=0.8112  surf[p=157.0621 Ux=2.4583 Uy=0.9554]  vol[p=137.5062 Ux=4.4678 Uy=1.9099]
    val_geom_camber_rc         loss=0.6912  surf[p=131.0446 Ux=2.7948 Uy=1.0537]  vol[p=113.1755 Ux=5.0230 Uy=2.3424]
    val_geom_camber_cruise     loss=0.3601  surf[p=123.7003 Ux=1.8428 Uy=0.7177]  vol[p=93.9293 Ux=3.6631 Uy=1.4580]
    val_re_rand                loss=0.6109  surf[p=136.1419 Ux=2.4789 Uy=0.8940]  vol[p=111.5690 Ux=4.4227 Uy=1.8727]
  ep25 step 100/375 loss=0.3127 vol=0.1642 surf=0.1484 lr=2.71e-04
  ep25 step 200/375 loss=0.1336 vol=0.0978 surf=0.0358 lr=2.71e-04
  ep25 step 300/375 loss=0.4427 vol=0.2688 surf=0.1738 lr=2.71e-04
Epoch  25 (134s) [42.1GB]  train[vol=0.2063 surf=0.1456]  val_avg_surf_p=123.8162
    val_single_in_dist         loss=0.8447  surf[p=172.7602 Ux=1.8967 Uy=0.7674]  vol[p=159.9722 Ux=4.1998 Uy=1.6968]
    val_geom_camber_rc         loss=0.6780  surf[p=141.0373 Ux=2.6262 Uy=0.9753]  vol[p=134.6067 Ux=5.0141 Uy=2.2659]
    val_geom_camber_cruise     loss=0.2001  surf[p=79.7825 Ux=1.0951 Uy=0.5232]  vol[p=63.8012 Ux=2.8234 Uy=1.0437]
    val_re_rand                loss=0.5049  surf[p=101.6850 Ux=1.9093 Uy=0.7399]  vol[p=89.8659 Ux=3.8589 Uy=1.5922]
  ep26 step 100/375 loss=0.6127 vol=0.3908 surf=0.2219 lr=2.69e-04
  ep26 step 200/375 loss=0.3378 vol=0.2275 surf=0.1103 lr=2.69e-04
  ep26 step 300/375 loss=0.2830 vol=0.1912 surf=0.0919 lr=2.69e-04
Epoch  26 (130s) [42.1GB]  train[vol=0.3378 surf=0.2349]  val_avg_surf_p=115.9199
    val_single_in_dist         loss=0.6347  surf[p=133.4333 Ux=1.9241 Uy=0.7108]  vol[p=118.2248 Ux=4.4823 Uy=1.5731]
    val_geom_camber_rc         loss=0.6139  surf[p=125.8267 Ux=2.6526 Uy=0.9794]  vol[p=113.7235 Ux=5.4000 Uy=2.2561]
    val_geom_camber_cruise     loss=0.2269  surf[p=91.7977 Ux=1.4928 Uy=0.5623]  vol[p=68.7877 Ux=3.3188 Uy=1.1677]
    val_re_rand                loss=0.4875  surf[p=112.6217 Ux=2.0619 Uy=0.7721]  vol[p=92.8626 Ux=4.1450 Uy=1.6691]
  ep27 step 100/375 loss=0.1805 vol=0.1279 surf=0.0526 lr=2.67e-04
  ep27 step 200/375 loss=0.0938 vol=0.0721 surf=0.0217 lr=2.67e-04
  ep27 step 300/375 loss=0.4452 vol=0.2788 surf=0.1664 lr=2.67e-04
Epoch  27 (131s) [42.1GB]  train[vol=0.2143 surf=0.1506]  val_avg_surf_p=101.8455 *
    val_single_in_dist         loss=0.5637  surf[p=119.2904 Ux=1.6000 Uy=0.6823]  vol[p=99.5866 Ux=3.7308 Uy=1.4439]
    val_geom_camber_rc         loss=0.5542  surf[p=123.2805 Ux=2.7406 Uy=0.8787]  vol[p=113.2303 Ux=5.0348 Uy=2.0702]
    val_geom_camber_cruise     loss=0.1812  surf[p=72.8881 Ux=1.0635 Uy=0.5197]  vol[p=56.9440 Ux=2.6015 Uy=1.0055]
    val_re_rand                loss=0.4187  surf[p=91.9228 Ux=1.7503 Uy=0.7064]  vol[p=77.5108 Ux=3.4965 Uy=1.4684]
  ep28 step 100/375 loss=0.3566 vol=0.2267 surf=0.1298 lr=2.64e-04
  ep28 step 200/375 loss=0.2065 vol=0.1203 surf=0.0863 lr=2.64e-04
  ep28 step 300/375 loss=0.1605 vol=0.0913 surf=0.0692 lr=2.64e-04
Epoch  28 (131s) [42.1GB]  train[vol=0.1869 surf=0.1294]  val_avg_surf_p=110.9188
    val_single_in_dist         loss=0.6956  surf[p=133.9754 Ux=1.8955 Uy=0.7231]  vol[p=117.6644 Ux=4.2744 Uy=1.5530]
    val_geom_camber_rc         loss=0.6493  surf[p=133.1685 Ux=2.6015 Uy=0.9945]  vol[p=122.7200 Ux=5.0282 Uy=2.2164]
    val_geom_camber_cruise     loss=0.2007  surf[p=78.0394 Ux=0.9937 Uy=0.5785]  vol[p=61.3338 Ux=2.5372 Uy=1.0693]
    val_re_rand                loss=0.5040  surf[p=98.4920 Ux=1.7198 Uy=0.7886]  vol[p=83.1475 Ux=3.4732 Uy=1.5872]
  ep29 step 100/375 loss=0.4532 vol=0.2729 surf=0.1803 lr=2.61e-04
  ep29 step 200/375 loss=0.1612 vol=0.1076 surf=0.0535 lr=2.61e-04
  ep29 step 300/375 loss=0.3518 vol=0.2178 surf=0.1341 lr=2.61e-04
Epoch  29 (131s) [42.1GB]  train[vol=0.2190 surf=0.1716]  val_avg_surf_p=104.0773
    val_single_in_dist         loss=0.7190  surf[p=122.6343 Ux=1.5768 Uy=0.6909]  vol[p=113.7788 Ux=3.7232 Uy=1.5094]
    val_geom_camber_rc         loss=0.5910  surf[p=112.5372 Ux=2.2850 Uy=0.8972]  vol[p=101.9664 Ux=4.4324 Uy=2.1362]
    val_geom_camber_cruise     loss=0.2083  surf[p=82.6782 Ux=1.0371 Uy=0.5538]  vol[p=65.3694 Ux=2.7192 Uy=1.0547]
    val_re_rand                loss=0.4011  surf[p=98.4595 Ux=1.7479 Uy=0.7369]  vol[p=83.4853 Ux=3.5632 Uy=1.5466]
  ep30 step 100/375 loss=0.3868 vol=0.2242 surf=0.1625 lr=2.59e-04
  ep30 step 200/375 loss=0.4572 vol=0.2420 surf=0.2152 lr=2.59e-04
  ep30 step 300/375 loss=0.8267 vol=0.3765 surf=0.4502 lr=2.59e-04
Epoch  30 (133s) [42.1GB]  train[vol=0.1759 surf=0.1214]  val_avg_surf_p=96.8838 *
    val_single_in_dist         loss=0.5478  surf[p=113.8923 Ux=1.4601 Uy=0.7606]  vol[p=107.8364 Ux=3.6261 Uy=1.5086]
    val_geom_camber_rc         loss=0.5470  surf[p=108.2786 Ux=2.4115 Uy=0.9295]  vol[p=102.1396 Ux=4.5415 Uy=2.0902]
    val_geom_camber_cruise     loss=0.1867  surf[p=73.1842 Ux=1.1716 Uy=0.5404]  vol[p=59.1832 Ux=2.6306 Uy=1.0262]
    val_re_rand                loss=0.3929  surf[p=92.1799 Ux=1.7846 Uy=0.7484]  vol[p=79.3349 Ux=3.4225 Uy=1.5115]
  ep31 step 100/375 loss=0.1350 vol=0.0961 surf=0.0388 lr=2.56e-04
  ep31 step 200/375 loss=0.1101 vol=0.0772 surf=0.0328 lr=2.56e-04
  ep31 step 300/375 loss=0.5477 vol=0.2803 surf=0.2673 lr=2.56e-04
Epoch  31 (131s) [42.1GB]  train[vol=0.2427 surf=0.1680]  val_avg_surf_p=108.3890
    val_single_in_dist         loss=0.6064  surf[p=127.1397 Ux=1.7000 Uy=0.8388]  vol[p=119.4003 Ux=4.1415 Uy=1.7540]
    val_geom_camber_rc         loss=0.5946  surf[p=128.9740 Ux=2.6736 Uy=1.0951]  vol[p=118.9979 Ux=5.0144 Uy=2.3273]
    val_geom_camber_cruise     loss=0.1998  surf[p=76.4401 Ux=1.5969 Uy=0.5790]  vol[p=63.9842 Ux=3.3533 Uy=1.0979]
    val_re_rand                loss=0.4843  surf[p=101.0020 Ux=2.2847 Uy=0.8227]  vol[p=91.5610 Ux=4.2186 Uy=1.6719]
  ep32 step 100/375 loss=1.1738 vol=0.7597 surf=0.4140 lr=2.53e-04
  ep32 step 200/375 loss=0.2601 vol=0.1799 surf=0.0802 lr=2.53e-04
  ep32 step 300/375 loss=0.1311 vol=0.0973 surf=0.0338 lr=2.53e-04
Epoch  32 (131s) [42.1GB]  train[vol=0.2090 surf=0.1466]  val_avg_surf_p=97.3579
    val_single_in_dist         loss=0.5796  surf[p=110.2696 Ux=1.5436 Uy=0.6872]  vol[p=102.3509 Ux=3.7505 Uy=1.4759]
    val_geom_camber_rc         loss=0.6110  surf[p=125.7385 Ux=2.5572 Uy=0.9614]  vol[p=119.7087 Ux=4.7552 Uy=2.2076]
    val_geom_camber_cruise     loss=0.1634  surf[p=67.0693 Ux=1.1741 Uy=0.4947]  vol[p=52.3860 Ux=2.7632 Uy=0.9736]
    val_re_rand                loss=0.4360  surf[p=86.3541 Ux=1.8090 Uy=0.6940]  vol[p=75.9161 Ux=3.5837 Uy=1.4877]
  ep33 step 100/375 loss=0.1461 vol=0.0972 surf=0.0489 lr=2.50e-04
  ep33 step 200/375 loss=0.1153 vol=0.0736 surf=0.0417 lr=2.50e-04
  ep33 step 300/375 loss=0.5737 vol=0.3447 surf=0.2290 lr=2.50e-04
Epoch  33 (132s) [42.1GB]  train[vol=0.2601 surf=0.1862]  val_avg_surf_p=100.1590
    val_single_in_dist         loss=0.6103  surf[p=133.0901 Ux=1.4815 Uy=0.8645]  vol[p=114.2027 Ux=3.5704 Uy=1.6136]
    val_geom_camber_rc         loss=0.4900  surf[p=109.8419 Ux=2.1600 Uy=0.9356]  vol[p=99.5097 Ux=4.4448 Uy=2.1881]
    val_geom_camber_cruise     loss=0.1739  surf[p=68.4787 Ux=0.9682 Uy=0.6316]  vol[p=54.2710 Ux=2.5871 Uy=1.1226]
    val_re_rand                loss=0.3903  surf[p=89.2254 Ux=1.5940 Uy=0.7845]  vol[p=75.7479 Ux=3.4045 Uy=1.5745]
  ep34 step 100/375 loss=0.2887 vol=0.1886 surf=0.1001 lr=2.47e-04
  ep34 step 200/375 loss=0.1096 vol=0.0473 surf=0.0623 lr=2.47e-04
  ep34 step 300/375 loss=0.5215 vol=0.3072 surf=0.2143 lr=2.47e-04
Epoch  34 (132s) [42.1GB]  train[vol=0.2053 surf=0.1468]  val_avg_surf_p=111.7850
    val_single_in_dist         loss=0.8224  surf[p=145.8696 Ux=2.2490 Uy=0.7784]  vol[p=128.1227 Ux=4.4862 Uy=1.5421]
    val_geom_camber_rc         loss=0.6074  surf[p=127.3929 Ux=2.2929 Uy=1.0248]  vol[p=121.9252 Ux=4.6474 Uy=2.2536]
    val_geom_camber_cruise     loss=0.1681  surf[p=70.2565 Ux=1.0376 Uy=0.5808]  vol[p=56.1476 Ux=2.8118 Uy=0.9773]
    val_re_rand                loss=0.4891  surf[p=103.6212 Ux=1.7571 Uy=0.8066]  vol[p=91.2511 Ux=3.6834 Uy=1.5773]
  ep35 step 100/375 loss=0.1891 vol=0.1189 surf=0.0702 lr=2.44e-04
  ep35 step 200/375 loss=0.5947 vol=0.3379 surf=0.2568 lr=2.44e-04
  ep35 step 300/375 loss=0.0892 vol=0.0620 surf=0.0272 lr=2.44e-04
Epoch  35 (133s) [42.1GB]  train[vol=0.1943 surf=0.1429]  val_avg_surf_p=99.0984
    val_single_in_dist         loss=0.6307  surf[p=116.9397 Ux=1.3619 Uy=0.6808]  vol[p=99.7249 Ux=3.4804 Uy=1.3683]
    val_geom_camber_rc         loss=0.5133  surf[p=113.8666 Ux=1.9664 Uy=0.8698]  vol[p=103.5206 Ux=4.2299 Uy=2.0185]
    val_geom_camber_cruise     loss=0.1594  surf[p=73.7662 Ux=0.9407 Uy=0.4709]  vol[p=55.5370 Ux=2.4717 Uy=0.9821]
    val_re_rand                loss=0.3706  surf[p=91.8210 Ux=1.4491 Uy=0.6589]  vol[p=75.8268 Ux=3.1877 Uy=1.4265]
  ep36 step 100/375 loss=0.1444 vol=0.0809 surf=0.0635 lr=2.41e-04
  ep36 step 200/375 loss=0.2314 vol=0.1338 surf=0.0976 lr=2.41e-04
  ep36 step 300/375 loss=0.4808 vol=0.2782 surf=0.2026 lr=2.41e-04
Epoch  36 (133s) [42.1GB]  train[vol=0.2765 surf=0.1877]  val_avg_surf_p=104.6890
    val_single_in_dist         loss=0.8603  surf[p=138.0389 Ux=1.6375 Uy=0.7294]  vol[p=127.3936 Ux=3.9550 Uy=1.4573]
    val_geom_camber_rc         loss=0.4592  surf[p=103.9981 Ux=2.0557 Uy=0.8380]  vol[p=96.6346 Ux=4.3061 Uy=1.9285]
    val_geom_camber_cruise     loss=0.1859  surf[p=82.2271 Ux=1.1519 Uy=0.5141]  vol[p=65.3045 Ux=2.5706 Uy=1.0733]
    val_re_rand                loss=0.4046  surf[p=94.4918 Ux=1.6301 Uy=0.6848]  vol[p=81.3586 Ux=3.2962 Uy=1.4654]
  ep37 step 100/375 loss=0.2035 vol=0.1383 surf=0.0652 lr=2.38e-04
  ep37 step 200/375 loss=0.3048 vol=0.1955 surf=0.1094 lr=2.38e-04
  ep37 step 300/375 loss=0.3625 vol=0.1738 surf=0.1887 lr=2.38e-04
Epoch  37 (131s) [42.1GB]  train[vol=0.2306 surf=0.1609]  val_avg_surf_p=115.4576
    val_single_in_dist         loss=0.7076  surf[p=149.9633 Ux=2.2867 Uy=0.7079]  vol[p=133.6891 Ux=4.6067 Uy=1.4685]
    val_geom_camber_rc         loss=0.5015  surf[p=122.8205 Ux=2.3083 Uy=0.9157]  vol[p=114.5411 Ux=4.3738 Uy=2.1246]
    val_geom_camber_cruise     loss=0.2054  surf[p=87.2902 Ux=1.8861 Uy=0.5509]  vol[p=70.2566 Ux=3.5644 Uy=1.0724]
    val_re_rand                loss=0.4166  surf[p=101.7563 Ux=2.0002 Uy=0.7101]  vol[p=88.7816 Ux=3.7632 Uy=1.5227]
  ep38 step 100/375 loss=0.5023 vol=0.3038 surf=0.1985 lr=2.35e-04
  ep38 step 200/375 loss=0.1547 vol=0.1118 surf=0.0429 lr=2.35e-04
  ep38 step 300/375 loss=0.4021 vol=0.1940 surf=0.2081 lr=2.35e-04
Epoch  38 (133s) [42.1GB]  train[vol=0.2273 surf=0.1456]  val_avg_surf_p=101.2368
    val_single_in_dist         loss=0.5424  surf[p=116.4063 Ux=1.6014 Uy=0.6505]  vol[p=105.2891 Ux=3.6064 Uy=1.3799]
    val_geom_camber_rc         loss=0.6500  surf[p=111.7729 Ux=1.9534 Uy=0.9171]  vol[p=100.8096 Ux=4.1650 Uy=2.1042]
    val_geom_camber_cruise     loss=0.2088  surf[p=80.0196 Ux=1.5039 Uy=0.6157]  vol[p=58.4501 Ux=3.0734 Uy=1.0635]
    val_re_rand                loss=0.4445  surf[p=96.7482 Ux=1.7904 Uy=0.7795]  vol[p=79.2477 Ux=3.6415 Uy=1.5247]
  ep39 step 100/375 loss=0.2311 vol=0.1484 surf=0.0827 lr=2.32e-04
  ep39 step 200/375 loss=0.0449 vol=0.0341 surf=0.0108 lr=2.32e-04
  ep39 step 300/375 loss=0.1442 vol=0.1024 surf=0.0419 lr=2.32e-04
Epoch  39 (131s) [42.1GB]  train[vol=0.2200 surf=0.1556]  val_avg_surf_p=107.7240
    val_single_in_dist         loss=0.6068  surf[p=127.9777 Ux=1.8478 Uy=0.7522]  vol[p=115.0675 Ux=3.8097 Uy=1.8195]
    val_geom_camber_rc         loss=0.5726  surf[p=116.5352 Ux=2.5153 Uy=0.9326]  vol[p=99.7231 Ux=4.4987 Uy=2.2285]
    val_geom_camber_cruise     loss=0.2178  surf[p=86.2545 Ux=1.5871 Uy=0.5676]  vol[p=61.7057 Ux=2.8778 Uy=1.1835]
    val_re_rand                loss=0.3913  surf[p=100.1287 Ux=1.9791 Uy=0.7614]  vol[p=79.9518 Ux=3.4604 Uy=1.6135]
  ep40 step 100/375 loss=0.1171 vol=0.0868 surf=0.0303 lr=2.28e-04
  ep40 step 200/375 loss=0.5982 vol=0.4383 surf=0.1600 lr=2.28e-04
  ep40 step 300/375 loss=0.5329 vol=0.3104 surf=0.2225 lr=2.28e-04
Epoch  40 (131s) [42.1GB]  train[vol=0.2009 surf=0.1387]  val_avg_surf_p=95.1558 *
    val_single_in_dist         loss=0.4610  surf[p=125.3667 Ux=1.4657 Uy=0.6302]  vol[p=111.7878 Ux=3.4034 Uy=1.3052]
    val_geom_camber_rc         loss=0.5520  surf[p=108.5522 Ux=2.0884 Uy=0.8249]  vol[p=100.0392 Ux=4.2137 Uy=1.9594]
    val_geom_camber_cruise     loss=0.1419  surf[p=62.8439 Ux=0.9056 Uy=0.4777]  vol[p=50.2286 Ux=2.3183 Uy=0.9033]
    val_re_rand                loss=0.3347  surf[p=83.8605 Ux=1.4853 Uy=0.6480]  vol[p=72.2319 Ux=3.1337 Uy=1.3516]
  ep41 step 100/375 loss=0.2509 vol=0.1495 surf=0.1014 lr=2.25e-04
  ep41 step 200/375 loss=0.1360 vol=0.0812 surf=0.0548 lr=2.25e-04
  ep41 step 300/375 loss=0.3092 vol=0.1928 surf=0.1164 lr=2.25e-04
Epoch  41 (133s) [42.1GB]  train[vol=0.1338 surf=0.0852]  val_avg_surf_p=88.3998 *
    val_single_in_dist         loss=0.5476  surf[p=111.8059 Ux=1.3681 Uy=0.6308]  vol[p=95.0111 Ux=3.3007 Uy=1.3294]
    val_geom_camber_rc         loss=0.4835  surf[p=104.2961 Ux=2.0019 Uy=0.8432]  vol[p=98.4792 Ux=4.1319 Uy=1.9589]
    val_geom_camber_cruise     loss=0.1284  surf[p=57.9485 Ux=0.8280 Uy=0.4618]  vol[p=46.5821 Ux=2.2273 Uy=0.8422]
    val_re_rand                loss=0.3294  surf[p=79.5485 Ux=1.4087 Uy=0.6574]  vol[p=68.7239 Ux=3.0310 Uy=1.3432]
  ep42 step 100/375 loss=0.6229 vol=0.2336 surf=0.3893 lr=2.22e-04
  ep42 step 200/375 loss=4.8923 vol=2.3854 surf=2.5069 lr=2.22e-04
  ep42 step 300/375 loss=0.9481 vol=0.5204 surf=0.4277 lr=2.22e-04
Epoch  42 (134s) [42.1GB]  train[vol=0.3184 surf=0.2314]  val_avg_surf_p=105.0008
    val_single_in_dist         loss=0.5081  surf[p=115.1853 Ux=1.6448 Uy=0.6858]  vol[p=105.9056 Ux=3.6386 Uy=1.4260]
    val_geom_camber_rc         loss=0.5119  surf[p=122.5288 Ux=2.3005 Uy=0.9260]  vol[p=109.7844 Ux=4.4395 Uy=2.0581]
    val_geom_camber_cruise     loss=0.2051  surf[p=83.0052 Ux=1.5227 Uy=0.5433]  vol[p=65.9224 Ux=3.1926 Uy=0.9930]
    val_re_rand                loss=0.4103  surf[p=99.2840 Ux=1.8698 Uy=0.7206]  vol[p=83.2457 Ux=3.7530 Uy=1.4456]
  ep43 step 100/375 loss=0.1036 vol=0.0675 surf=0.0361 lr=2.18e-04
  ep43 step 200/375 loss=0.2905 vol=0.1544 surf=0.1361 lr=2.18e-04
  ep43 step 300/375 loss=0.8740 vol=0.4926 surf=0.3815 lr=2.18e-04
Epoch  43 (132s) [42.1GB]  train[vol=0.1434 surf=0.0855]  val_avg_surf_p=79.4525 *
    val_single_in_dist         loss=0.4383  surf[p=93.0527 Ux=1.2061 Uy=0.6489]  vol[p=84.7620 Ux=3.3839 Uy=1.2569]
    val_geom_camber_rc         loss=0.3902  surf[p=89.9278 Ux=1.8641 Uy=0.8144]  vol[p=85.7014 Ux=4.0964 Uy=1.8536]
    val_geom_camber_cruise     loss=0.1318  surf[p=60.7794 Ux=0.7825 Uy=0.4917]  vol[p=47.4761 Ux=2.2986 Uy=0.8938]
    val_re_rand                loss=0.3057  surf[p=74.0503 Ux=1.2994 Uy=0.6508]  vol[p=64.3252 Ux=3.0232 Uy=1.3147]
  ep44 step 100/375 loss=0.1646 vol=0.1071 surf=0.0575 lr=2.15e-04
  ep44 step 200/375 loss=0.0653 vol=0.0439 surf=0.0215 lr=2.15e-04
  ep44 step 300/375 loss=0.3849 vol=0.2193 surf=0.1656 lr=2.15e-04
Epoch  44 (131s) [42.1GB]  train[vol=0.2497 surf=0.1528]  val_avg_surf_p=84.1642
    val_single_in_dist         loss=0.4059  surf[p=103.9935 Ux=1.6873 Uy=0.6179]  vol[p=92.8326 Ux=3.7378 Uy=1.2698]
    val_geom_camber_rc         loss=0.4525  surf[p=94.6478 Ux=2.0406 Uy=0.7873]  vol[p=89.7521 Ux=4.2951 Uy=1.8516]
    val_geom_camber_cruise     loss=0.1342  surf[p=60.2770 Ux=1.0450 Uy=0.4700]  vol[p=48.2889 Ux=2.4543 Uy=0.8526]
    val_re_rand                loss=0.3150  surf[p=77.7384 Ux=1.5076 Uy=0.6352]  vol[p=67.6152 Ux=3.1943 Uy=1.3039]
  ep45 step 100/375 loss=0.3359 vol=0.1840 surf=0.1519 lr=2.11e-04
  ep45 step 200/375 loss=1.4242 vol=1.0154 surf=0.4089 lr=2.11e-04
  ep45 step 300/375 loss=0.0596 vol=0.0434 surf=0.0162 lr=2.11e-04
Epoch  45 (131s) [42.1GB]  train[vol=0.2554 surf=0.1897]  val_avg_surf_p=88.3126
    val_single_in_dist         loss=0.5581  surf[p=113.6695 Ux=1.4054 Uy=0.5909]  vol[p=103.1730 Ux=3.5344 Uy=1.3155]
    val_geom_camber_rc         loss=0.4364  surf[p=99.6465 Ux=1.9627 Uy=0.8100]  vol[p=93.7479 Ux=4.0460 Uy=1.8880]
    val_geom_camber_cruise     loss=0.1367  surf[p=61.5593 Ux=1.0383 Uy=0.4538]  vol[p=51.9418 Ux=2.5053 Uy=0.8735]
    val_re_rand                loss=0.3239  surf[p=78.3749 Ux=1.4942 Uy=0.6183]  vol[p=70.3051 Ux=3.1579 Uy=1.3018]
  ep46 step 100/375 loss=0.7332 vol=0.4524 surf=0.2808 lr=2.07e-04
  ep46 step 200/375 loss=0.3411 vol=0.2067 surf=0.1344 lr=2.07e-04
  ep46 step 300/375 loss=2.6567 vol=1.3583 surf=1.2984 lr=2.07e-04
Epoch  46 (130s) [42.1GB]  train[vol=0.2500 surf=0.1659]  val_avg_surf_p=84.9270
    val_single_in_dist         loss=0.6194  surf[p=110.2784 Ux=1.3712 Uy=0.6007]  vol[p=105.6782 Ux=3.4564 Uy=1.3061]
    val_geom_camber_rc         loss=0.4793  surf[p=96.0760 Ux=1.8501 Uy=0.7998]  vol[p=92.2304 Ux=4.0371 Uy=1.8854]
    val_geom_camber_cruise     loss=0.1279  surf[p=55.5812 Ux=0.8876 Uy=0.4536]  vol[p=46.5110 Ux=2.2853 Uy=0.8611]
    val_re_rand                loss=0.3347  surf[p=77.7723 Ux=1.4190 Uy=0.6388]  vol[p=68.6908 Ux=3.0529 Uy=1.3317]
  ep47 step 100/375 loss=0.2103 vol=0.1312 surf=0.0791 lr=2.04e-04
  ep47 step 200/375 loss=0.1903 vol=0.1196 surf=0.0707 lr=2.04e-04
  ep47 step 300/375 loss=0.0959 vol=0.0701 surf=0.0258 lr=2.04e-04
Epoch  47 (134s) [42.1GB]  train[vol=0.1453 surf=0.1023]  val_avg_surf_p=78.2329 *
    val_single_in_dist         loss=0.4219  surf[p=94.2300 Ux=1.3136 Uy=0.5863]  vol[p=86.2436 Ux=3.2825 Uy=1.2662]
    val_geom_camber_rc         loss=0.4192  surf[p=91.3907 Ux=1.9010 Uy=0.7628]  vol[p=87.2562 Ux=4.0773 Uy=1.8431]
    val_geom_camber_cruise     loss=0.1178  surf[p=53.0315 Ux=1.0633 Uy=0.4237]  vol[p=41.9050 Ux=2.4983 Uy=0.7996]
    val_re_rand                loss=0.2988  surf[p=74.2793 Ux=1.4652 Uy=0.6163]  vol[p=64.4770 Ux=3.1549 Uy=1.2947]
  ep48 step 100/375 loss=0.4431 vol=0.2626 surf=0.1805 lr=2.00e-04
  ep48 step 200/375 loss=0.2617 vol=0.1420 surf=0.1197 lr=2.00e-04
  ep48 step 300/375 loss=0.1418 vol=0.0938 surf=0.0480 lr=2.00e-04
Epoch  48 (132s) [42.1GB]  train[vol=0.1458 surf=0.1047]  val_avg_surf_p=89.2397
    val_single_in_dist         loss=0.5452  surf[p=117.0552 Ux=1.3328 Uy=0.5948]  vol[p=97.1624 Ux=3.2209 Uy=1.2928]
    val_geom_camber_rc         loss=0.4032  surf[p=98.8787 Ux=1.8633 Uy=0.7564]  vol[p=87.9454 Ux=3.9016 Uy=1.8639]
    val_geom_camber_cruise     loss=0.1440  surf[p=61.8791 Ux=1.0401 Uy=0.4462]  vol[p=50.7423 Ux=2.5528 Uy=0.8800]
    val_re_rand                loss=0.3097  surf[p=79.1459 Ux=1.4556 Uy=0.5816]  vol[p=68.1270 Ux=3.1011 Uy=1.3144]
  ep49 step 100/375 loss=0.1625 vol=0.1016 surf=0.0609 lr=1.96e-04
  ep49 step 200/375 loss=0.2570 vol=0.1688 surf=0.0883 lr=1.96e-04
  ep49 step 300/375 loss=0.0933 vol=0.0621 surf=0.0312 lr=1.96e-04
Epoch  49 (133s) [42.1GB]  train[vol=0.2014 surf=0.1399]  val_avg_surf_p=82.8166
    val_single_in_dist         loss=0.3815  surf[p=95.0906 Ux=1.1455 Uy=0.5841]  vol[p=86.3624 Ux=3.1287 Uy=1.3053]
    val_geom_camber_rc         loss=0.4675  surf[p=101.2518 Ux=1.9250 Uy=0.7933]  vol[p=97.8838 Ux=3.9760 Uy=1.8559]
    val_geom_camber_cruise     loss=0.1146  surf[p=54.7460 Ux=0.8951 Uy=0.4214]  vol[p=43.3356 Ux=2.2761 Uy=0.7889]
    val_re_rand                loss=0.3206  surf[p=80.1781 Ux=1.4033 Uy=0.6130]  vol[p=68.8765 Ux=3.0035 Uy=1.2968]
  ep50 step 100/375 loss=0.0891 vol=0.0653 surf=0.0238 lr=1.93e-04
  ep50 step 200/375 loss=0.0231 vol=0.0164 surf=0.0067 lr=1.93e-04
  ep50 step 300/375 loss=0.3706 vol=0.2482 surf=0.1224 lr=1.93e-04
Epoch  50 (133s) [42.1GB]  train[vol=0.2407 surf=0.1610]  val_avg_surf_p=79.7835
    val_single_in_dist         loss=0.3678  surf[p=89.5315 Ux=1.2443 Uy=0.6098]  vol[p=86.4905 Ux=3.2211 Uy=1.2801]
    val_geom_camber_rc         loss=0.4224  surf[p=94.5381 Ux=1.9596 Uy=0.8116]  vol[p=90.2367 Ux=4.0311 Uy=1.8618]
    val_geom_camber_cruise     loss=0.1219  surf[p=56.3098 Ux=0.8712 Uy=0.4426]  vol[p=47.6657 Ux=2.2420 Uy=0.7844]
    val_re_rand                loss=0.3395  surf[p=78.7545 Ux=1.3805 Uy=0.6377]  vol[p=69.3308 Ux=2.9846 Uy=1.2951]
  ep51 step 100/375 loss=0.9227 vol=0.5575 surf=0.3652 lr=1.89e-04
  ep51 step 200/375 loss=0.0691 vol=0.0517 surf=0.0174 lr=1.89e-04
  ep51 step 300/375 loss=0.3398 vol=0.1899 surf=0.1499 lr=1.89e-04
Epoch  51 (132s) [42.1GB]  train[vol=0.1762 surf=0.1163]  val_avg_surf_p=89.1816
    val_single_in_dist         loss=0.4553  surf[p=112.8665 Ux=1.1179 Uy=0.5772]  vol[p=99.5663 Ux=3.1385 Uy=1.2824]
    val_geom_camber_rc         loss=0.4580  surf[p=106.7442 Ux=1.8500 Uy=0.7794]  vol[p=100.4502 Ux=3.9851 Uy=1.8500]
    val_geom_camber_cruise     loss=0.1174  surf[p=57.3152 Ux=0.8001 Uy=0.4186]  vol[p=43.8270 Ux=2.1426 Uy=0.8015]
    val_re_rand                loss=0.3101  surf[p=79.8006 Ux=1.3122 Uy=0.5876]  vol[p=67.7052 Ux=2.9195 Uy=1.2519]
  ep52 step 100/375 loss=0.4088 vol=0.2412 surf=0.1676 lr=1.85e-04
  ep52 step 200/375 loss=0.0964 vol=0.0663 surf=0.0301 lr=1.85e-04
  ep52 step 300/375 loss=0.1071 vol=0.0712 surf=0.0358 lr=1.85e-04
Epoch  52 (130s) [42.1GB]  train[vol=0.2015 surf=0.1243]  val_avg_surf_p=74.8956 *
    val_single_in_dist         loss=0.2943  surf[p=83.2507 Ux=1.0891 Uy=0.5422]  vol[p=78.5739 Ux=3.0176 Uy=1.2126]
    val_geom_camber_rc         loss=0.4180  surf[p=88.4293 Ux=1.7199 Uy=0.7442]  vol[p=84.8562 Ux=3.8126 Uy=1.7596]
    val_geom_camber_cruise     loss=0.1197  surf[p=53.6591 Ux=0.8526 Uy=0.4343]  vol[p=46.9485 Ux=2.3192 Uy=0.8417]
    val_re_rand                loss=0.3096  surf[p=74.2433 Ux=1.3380 Uy=0.6040]  vol[p=66.3784 Ux=3.0019 Uy=1.2789]
  ep53 step 100/375 loss=0.1516 vol=0.1072 surf=0.0444 lr=1.81e-04
  ep53 step 200/375 loss=0.1999 vol=0.1142 surf=0.0856 lr=1.81e-04
  ep53 step 300/375 loss=0.0743 vol=0.0479 surf=0.0265 lr=1.81e-04
Epoch  53 (132s) [42.1GB]  train[vol=0.1765 surf=0.1211]  val_avg_surf_p=82.9540
    val_single_in_dist         loss=0.4748  surf[p=109.5567 Ux=1.3063 Uy=0.5664]  vol[p=92.7163 Ux=3.2231 Uy=1.1974]
    val_geom_camber_rc         loss=0.3982  surf[p=93.7782 Ux=1.8782 Uy=0.8003]  vol[p=87.7180 Ux=3.8891 Uy=1.8565]
    val_geom_camber_cruise     loss=0.1160  surf[p=53.6986 Ux=0.8503 Uy=0.4360]  vol[p=46.1677 Ux=2.1851 Uy=0.8076]
    val_re_rand                loss=0.3248  surf[p=74.7826 Ux=1.2883 Uy=0.5944]  vol[p=66.2357 Ux=2.8785 Uy=1.2331]
  ep54 step 100/375 loss=0.2020 vol=0.1475 surf=0.0545 lr=1.77e-04
  ep54 step 200/375 loss=0.1292 vol=0.0827 surf=0.0465 lr=1.77e-04
  ep54 step 300/375 loss=0.0485 vol=0.0331 surf=0.0155 lr=1.77e-04
Epoch  54 (131s) [42.1GB]  train[vol=0.1533 surf=0.1019]  val_avg_surf_p=78.9373
    val_single_in_dist         loss=0.4141  surf[p=97.0645 Ux=1.3470 Uy=0.5661]  vol[p=93.4275 Ux=3.2138 Uy=1.2631]
    val_geom_camber_rc         loss=0.4089  surf[p=92.3241 Ux=1.8252 Uy=0.7984]  vol[p=89.2469 Ux=3.8182 Uy=1.8474]
    val_geom_camber_cruise     loss=0.1218  surf[p=55.8912 Ux=0.8356 Uy=0.4426]  vol[p=43.5974 Ux=2.4259 Uy=0.8407]
    val_re_rand                loss=0.2830  surf[p=70.4693 Ux=1.2516 Uy=0.5989]  vol[p=62.6255 Ux=2.8673 Uy=1.2523]
  ep55 step 100/375 loss=0.1248 vol=0.0693 surf=0.0555 lr=1.73e-04
  ep55 step 200/375 loss=0.1975 vol=0.1086 surf=0.0889 lr=1.73e-04
  ep55 step 300/375 loss=0.1266 vol=0.0857 surf=0.0410 lr=1.73e-04
Epoch  55 (133s) [42.1GB]  train[vol=0.2116 surf=0.1337]  val_avg_surf_p=81.4058
    val_single_in_dist         loss=0.3696  surf[p=92.3822 Ux=1.2769 Uy=0.5860]  vol[p=86.0114 Ux=3.2326 Uy=1.1676]
    val_geom_camber_rc         loss=0.5104  surf[p=97.2791 Ux=1.9490 Uy=0.8590]  vol[p=91.1079 Ux=4.0486 Uy=1.8757]
    val_geom_camber_cruise     loss=0.1234  surf[p=57.8311 Ux=1.0365 Uy=0.4628]  vol[p=47.0430 Ux=2.4171 Uy=0.8065]
    val_re_rand                loss=0.3167  surf[p=78.1307 Ux=1.4381 Uy=0.6307]  vol[p=68.2563 Ux=3.0627 Uy=1.2799]
  ep56 step 100/375 loss=0.2551 vol=0.1418 surf=0.1133 lr=1.70e-04
  ep56 step 200/375 loss=0.2127 vol=0.1368 surf=0.0760 lr=1.70e-04
  ep56 step 300/375 loss=0.1533 vol=0.0902 surf=0.0631 lr=1.70e-04
Epoch  56 (133s) [42.1GB]  train[vol=0.1403 surf=0.0926]  val_avg_surf_p=73.4618 *
    val_single_in_dist         loss=0.3619  surf[p=90.7132 Ux=1.3171 Uy=0.5658]  vol[p=81.6954 Ux=3.0393 Uy=1.1420]
    val_geom_camber_rc         loss=0.3958  surf[p=84.4892 Ux=1.8376 Uy=0.7574]  vol[p=81.9801 Ux=3.7857 Uy=1.7124]
    val_geom_camber_cruise     loss=0.1024  surf[p=50.0426 Ux=0.7055 Uy=0.4097]  vol[p=41.8496 Ux=1.9931 Uy=0.7442]
    val_re_rand                loss=0.2543  surf[p=68.6020 Ux=1.2390 Uy=0.5817]  vol[p=60.3537 Ux=2.7431 Uy=1.1892]
  ep57 step 100/375 loss=0.1557 vol=0.1048 surf=0.0509 lr=1.66e-04
  ep57 step 200/375 loss=0.1476 vol=0.0835 surf=0.0641 lr=1.66e-04
  ep57 step 300/375 loss=0.0713 vol=0.0505 surf=0.0208 lr=1.66e-04
Epoch  57 (132s) [42.1GB]  train[vol=0.1771 surf=0.1070]  val_avg_surf_p=73.2350 *
    val_single_in_dist         loss=0.3171  surf[p=84.8706 Ux=1.1961 Uy=0.5598]  vol[p=78.5006 Ux=3.0526 Uy=1.1614]
    val_geom_camber_rc         loss=0.3750  surf[p=88.1626 Ux=1.9919 Uy=0.7485]  vol[p=83.2432 Ux=3.8951 Uy=1.7527]
    val_geom_camber_cruise     loss=0.1070  surf[p=51.2529 Ux=0.8833 Uy=0.4121]  vol[p=41.3669 Ux=2.1938 Uy=0.7586]
    val_re_rand                loss=0.2745  surf[p=68.6538 Ux=1.3662 Uy=0.5707]  vol[p=60.1464 Ux=2.8835 Uy=1.1897]
  ep58 step 100/375 loss=0.2196 vol=0.1389 surf=0.0806 lr=1.62e-04
  ep58 step 200/375 loss=0.1444 vol=0.0884 surf=0.0560 lr=1.62e-04
  ep58 step 300/375 loss=0.7658 vol=0.4143 surf=0.3515 lr=1.62e-04
Epoch  58 (131s) [42.1GB]  train[vol=0.1300 surf=0.0900]  val_avg_surf_p=71.4941 *
    val_single_in_dist         loss=0.3092  surf[p=81.4998 Ux=1.2784 Uy=0.5420]  vol[p=75.5263 Ux=3.1319 Uy=1.1685]
    val_geom_camber_rc         loss=0.4154  surf[p=84.5015 Ux=1.8723 Uy=0.7460]  vol[p=79.4959 Ux=3.9265 Uy=1.7236]
    val_geom_camber_cruise     loss=0.1012  surf[p=49.9123 Ux=0.8137 Uy=0.4198]  vol[p=40.9123 Ux=2.1336 Uy=0.7787]
    val_re_rand                loss=0.2800  surf[p=70.0627 Ux=1.3172 Uy=0.5832]  vol[p=61.0347 Ux=2.8895 Uy=1.2282]
  ep59 step 100/375 loss=0.1689 vol=0.0951 surf=0.0738 lr=1.58e-04
  ep59 step 200/375 loss=0.1625 vol=0.1083 surf=0.0541 lr=1.58e-04
  ep59 step 300/375 loss=0.1181 vol=0.0755 surf=0.0425 lr=1.58e-04
Epoch  59 (131s) [42.1GB]  train[vol=0.1755 surf=0.1069]  val_avg_surf_p=87.7542
    val_single_in_dist         loss=0.3299  surf[p=96.2812 Ux=1.2646 Uy=0.5815]  vol[p=83.8928 Ux=3.1168 Uy=1.2826]
    val_geom_camber_rc         loss=0.4117  surf[p=104.8708 Ux=1.8800 Uy=0.8083]  vol[p=91.9612 Ux=3.8793 Uy=1.9330]
    val_geom_camber_cruise     loss=0.1414  surf[p=67.0235 Ux=0.8602 Uy=0.4891]  vol[p=51.7932 Ux=2.2019 Uy=0.8754]
    val_re_rand                loss=0.3119  surf[p=82.8412 Ux=1.3483 Uy=0.6139]  vol[p=68.8948 Ux=2.8423 Uy=1.3146]
  ep60 step 100/375 loss=0.8334 vol=0.2441 surf=0.5892 lr=1.54e-04
  ep60 step 200/375 loss=0.0946 vol=0.0662 surf=0.0284 lr=1.54e-04
  ep60 step 300/375 loss=0.3007 vol=0.1796 surf=0.1211 lr=1.54e-04
Epoch  60 (132s) [42.1GB]  train[vol=0.1678 surf=0.1086]  val_avg_surf_p=82.5724
    val_single_in_dist         loss=0.4835  surf[p=105.8753 Ux=1.6371 Uy=0.5846]  vol[p=95.5066 Ux=3.4691 Uy=1.2929]
    val_geom_camber_rc         loss=0.4578  surf[p=101.1695 Ux=1.9760 Uy=0.7972]  vol[p=95.4336 Ux=3.9667 Uy=1.7915]
    val_geom_camber_cruise     loss=0.1029  surf[p=49.4079 Ux=0.9023 Uy=0.4090]  vol[p=41.3773 Ux=2.1738 Uy=0.7676]
    val_re_rand                loss=0.2887  surf[p=73.8367 Ux=1.4608 Uy=0.5916]  vol[p=65.5707 Ux=2.9318 Uy=1.2345]
  ep61 step 100/375 loss=0.2331 vol=0.1466 surf=0.0865 lr=1.50e-04
  ep61 step 200/375 loss=0.0734 vol=0.0553 surf=0.0181 lr=1.50e-04
  ep61 step 300/375 loss=0.0195 vol=0.0150 surf=0.0044 lr=1.50e-04
Epoch  61 (134s) [42.1GB]  train[vol=0.2242 surf=0.1400]  val_avg_surf_p=69.6801 *
    val_single_in_dist         loss=0.3611  surf[p=80.8128 Ux=1.0657 Uy=0.5196]  vol[p=74.3699 Ux=2.9431 Uy=1.0806]
    val_geom_camber_rc         loss=0.3633  surf[p=85.7570 Ux=1.6509 Uy=0.7106]  vol[p=80.6461 Ux=3.6486 Uy=1.6593]
    val_geom_camber_cruise     loss=0.0955  surf[p=46.8922 Ux=0.6722 Uy=0.3827]  vol[p=39.4135 Ux=1.9684 Uy=0.7080]
    val_re_rand                loss=0.2606  surf[p=65.2583 Ux=1.1412 Uy=0.5361]  vol[p=57.9722 Ux=2.6468 Uy=1.1235]
  ep62 step 100/375 loss=0.5274 vol=0.1669 surf=0.3605 lr=1.46e-04
  ep62 step 200/375 loss=0.6188 vol=0.3643 surf=0.2545 lr=1.46e-04
  ep62 step 300/375 loss=0.1413 vol=0.0808 surf=0.0605 lr=1.46e-04
Epoch  62 (133s) [42.1GB]  train[vol=0.2400 surf=0.1611]  val_avg_surf_p=72.1905
    val_single_in_dist         loss=0.3422  surf[p=89.1190 Ux=1.3374 Uy=0.5415]  vol[p=82.7129 Ux=3.2464 Uy=1.1289]
    val_geom_camber_rc         loss=0.3517  surf[p=82.8210 Ux=1.7254 Uy=0.7079]  vol[p=77.6774 Ux=3.6198 Uy=1.6367]
    val_geom_camber_cruise     loss=0.0995  surf[p=50.0323 Ux=0.8340 Uy=0.3864]  vol[p=42.7263 Ux=2.0860 Uy=0.7302]
    val_re_rand                loss=0.2508  surf[p=66.7899 Ux=1.2597 Uy=0.5265]  vol[p=59.0844 Ux=2.7362 Uy=1.1468]
  ep63 step 100/375 loss=0.0387 vol=0.0286 surf=0.0100 lr=1.42e-04
  ep63 step 200/375 loss=0.1188 vol=0.0774 surf=0.0414 lr=1.42e-04
  ep63 step 300/375 loss=0.2163 vol=0.1289 surf=0.0873 lr=1.42e-04
Epoch  63 (132s) [42.1GB]  train[vol=0.1015 surf=0.0594]  val_avg_surf_p=69.9554
    val_single_in_dist         loss=0.3341  surf[p=82.4752 Ux=1.1247 Uy=0.4998]  vol[p=73.9823 Ux=2.9216 Uy=1.0733]
    val_geom_camber_rc         loss=0.3764  surf[p=84.0675 Ux=1.6792 Uy=0.7388]  vol[p=81.1693 Ux=3.5946 Uy=1.6942]
    val_geom_camber_cruise     loss=0.0949  surf[p=48.9919 Ux=0.7322 Uy=0.3884]  vol[p=39.5534 Ux=2.0369 Uy=0.7005]
    val_re_rand                loss=0.2404  surf[p=64.2869 Ux=1.1975 Uy=0.5363]  vol[p=57.1606 Ux=2.6898 Uy=1.1107]
  ep64 step 100/375 loss=0.2068 vol=0.1427 surf=0.0641 lr=1.38e-04
  ep64 step 200/375 loss=0.1534 vol=0.0981 surf=0.0553 lr=1.38e-04
  ep64 step 300/375 loss=0.2738 vol=0.1432 surf=0.1306 lr=1.38e-04
Epoch  64 (133s) [42.1GB]  train[vol=0.1234 surf=0.0743]  val_avg_surf_p=70.0278
    val_single_in_dist         loss=0.3429  surf[p=81.0128 Ux=1.2155 Uy=0.4904]  vol[p=75.9699 Ux=2.9497 Uy=1.1131]
    val_geom_camber_rc         loss=0.3423  surf[p=79.8574 Ux=1.6161 Uy=0.6935]  vol[p=74.7098 Ux=3.5515 Uy=1.6248]
    val_geom_camber_cruise     loss=0.1027  surf[p=52.2349 Ux=0.6923 Uy=0.4040]  vol[p=41.4921 Ux=1.9367 Uy=0.7409]
    val_re_rand                loss=0.2488  surf[p=67.0062 Ux=1.1236 Uy=0.5368]  vol[p=57.4787 Ux=2.5893 Uy=1.1364]
  ep65 step 100/375 loss=0.3818 vol=0.2532 surf=0.1286 lr=1.34e-04
  ep65 step 200/375 loss=0.0631 vol=0.0478 surf=0.0153 lr=1.34e-04
  ep65 step 300/375 loss=0.0396 vol=0.0300 surf=0.0096 lr=1.34e-04
Epoch  65 (133s) [42.1GB]  train[vol=0.1172 surf=0.0788]  val_avg_surf_p=91.9746
    val_single_in_dist         loss=0.4716  surf[p=110.8789 Ux=2.0370 Uy=0.6647]  vol[p=110.8305 Ux=4.5291 Uy=1.4027]
    val_geom_camber_rc         loss=0.4890  surf[p=99.4218 Ux=2.2799 Uy=0.8306]  vol[p=93.8545 Ux=3.9856 Uy=1.8181]
    val_geom_camber_cruise     loss=0.1643  surf[p=71.8904 Ux=1.3025 Uy=0.5144]  vol[p=60.9032 Ux=2.9010 Uy=0.9851]
    val_re_rand                loss=0.3478  surf[p=85.7073 Ux=1.7781 Uy=0.6470]  vol[p=75.6917 Ux=3.3436 Uy=1.3415]
  ep66 step 100/375 loss=0.1944 vol=0.1287 surf=0.0656 lr=1.30e-04
  ep66 step 200/375 loss=0.5860 vol=0.2249 surf=0.3612 lr=1.30e-04
  ep66 step 300/375 loss=0.1050 vol=0.0686 surf=0.0364 lr=1.30e-04
Epoch  66 (132s) [42.1GB]  train[vol=0.1259 surf=0.0782]  val_avg_surf_p=68.9571 *
    val_single_in_dist         loss=0.3350  surf[p=84.3246 Ux=1.0708 Uy=0.5122]  vol[p=78.3508 Ux=2.8975 Uy=1.0447]
    val_geom_camber_rc         loss=0.3388  surf[p=81.1818 Ux=1.6712 Uy=0.6936]  vol[p=75.7923 Ux=3.5828 Uy=1.5976]
    val_geom_camber_cruise     loss=0.0905  surf[p=47.2974 Ux=0.7620 Uy=0.3743]  vol[p=39.4083 Ux=1.9062 Uy=0.6867]
    val_re_rand                loss=0.2223  surf[p=63.0244 Ux=1.1405 Uy=0.5179]  vol[p=55.3706 Ux=2.5546 Uy=1.0751]
  ep67 step 100/375 loss=0.1347 vol=0.0857 surf=0.0490 lr=1.27e-04
  ep67 step 200/375 loss=0.2870 vol=0.2029 surf=0.0841 lr=1.27e-04
  ep67 step 300/375 loss=0.0498 vol=0.0385 surf=0.0113 lr=1.27e-04
Epoch  67 (131s) [42.1GB]  train[vol=0.1028 surf=0.0569]  val_avg_surf_p=69.2425
    val_single_in_dist         loss=0.3391  surf[p=79.3688 Ux=1.0621 Uy=0.5218]  vol[p=74.9733 Ux=2.9406 Uy=1.0448]
    val_geom_camber_rc         loss=0.4311  surf[p=85.5209 Ux=1.8188 Uy=0.7607]  vol[p=79.3466 Ux=3.8375 Uy=1.6435]
    val_geom_camber_cruise     loss=0.0882  surf[p=45.8468 Ux=0.7225 Uy=0.3639]  vol[p=38.3749 Ux=1.9592 Uy=0.6891]
    val_re_rand                loss=0.2570  surf[p=66.2337 Ux=1.2078 Uy=0.5476]  vol[p=58.7411 Ux=2.6953 Uy=1.1211]
  ep68 step 100/375 loss=0.2063 vol=0.1378 surf=0.0685 lr=1.23e-04
  ep68 step 200/375 loss=0.3292 vol=0.2020 surf=0.1272 lr=1.23e-04
  ep68 step 300/375 loss=0.1060 vol=0.0721 surf=0.0339 lr=1.23e-04
Epoch  68 (131s) [42.1GB]  train[vol=0.2156 surf=0.1452]  val_avg_surf_p=79.4615
    val_single_in_dist         loss=0.3377  surf[p=90.6206 Ux=1.2493 Uy=0.5883]  vol[p=81.7349 Ux=3.1946 Uy=1.1496]
    val_geom_camber_rc         loss=0.4560  surf[p=95.2253 Ux=2.0507 Uy=0.7565]  vol[p=88.0064 Ux=3.9821 Uy=1.7245]
    val_geom_camber_cruise     loss=0.1129  surf[p=57.1890 Ux=0.9275 Uy=0.4062]  vol[p=47.4447 Ux=2.2607 Uy=0.7762]
    val_re_rand                loss=0.2943  surf[p=74.8112 Ux=1.3744 Uy=0.5802]  vol[p=64.5373 Ux=2.8581 Uy=1.2033]
  ep69 step 100/375 loss=0.2025 vol=0.1241 surf=0.0783 lr=1.19e-04
  ep69 step 200/375 loss=0.1045 vol=0.0706 surf=0.0340 lr=1.19e-04
  ep69 step 300/375 loss=0.4308 vol=0.2787 surf=0.1521 lr=1.19e-04
Epoch  69 (132s) [42.1GB]  train[vol=0.0993 surf=0.0604]  val_avg_surf_p=65.9604 *
    val_single_in_dist         loss=0.3000  surf[p=75.9689 Ux=1.0452 Uy=0.4936]  vol[p=69.8395 Ux=2.8177 Uy=1.0188]
    val_geom_camber_rc         loss=0.3215  surf[p=79.6205 Ux=1.5898 Uy=0.6982]  vol[p=75.5536 Ux=3.5401 Uy=1.5948]
    val_geom_camber_cruise     loss=0.0868  surf[p=45.5038 Ux=0.6571 Uy=0.3669]  vol[p=37.0148 Ux=1.9064 Uy=0.6714]
    val_re_rand                loss=0.2387  surf[p=62.7485 Ux=1.0693 Uy=0.5186]  vol[p=54.5754 Ux=2.5114 Uy=1.0760]
  ep70 step 100/375 loss=0.1358 vol=0.0871 surf=0.0487 lr=1.15e-04
  ep70 step 200/375 loss=0.3182 vol=0.1948 surf=0.1233 lr=1.15e-04
  ep70 step 300/375 loss=0.0657 vol=0.0448 surf=0.0210 lr=1.15e-04
Epoch  70 (132s) [42.1GB]  train[vol=0.1279 surf=0.0797]  val_avg_surf_p=68.6096
    val_single_in_dist         loss=0.2786  surf[p=80.1479 Ux=0.9800 Uy=0.4863]  vol[p=72.5971 Ux=2.7487 Uy=1.0465]
    val_geom_camber_rc         loss=0.3192  surf[p=81.3976 Ux=1.5818 Uy=0.6841]  vol[p=74.6342 Ux=3.5862 Uy=1.5969]
    val_geom_camber_cruise     loss=0.0918  surf[p=47.8459 Ux=0.7303 Uy=0.3681]  vol[p=39.9220 Ux=2.0175 Uy=0.7075]
    val_re_rand                loss=0.2470  surf[p=65.0468 Ux=1.1066 Uy=0.5191]  vol[p=56.1910 Ux=2.6167 Uy=1.1072]
  ep71 step 100/375 loss=0.3613 vol=0.2256 surf=0.1357 lr=1.11e-04
  ep71 step 200/375 loss=0.0732 vol=0.0510 surf=0.0222 lr=1.11e-04
  ep71 step 300/375 loss=0.1050 vol=0.0720 surf=0.0330 lr=1.11e-04
Epoch  71 (131s) [42.1GB]  train[vol=0.1832 surf=0.1092]  val_avg_surf_p=85.4628
    val_single_in_dist         loss=0.5244  surf[p=122.0070 Ux=1.4937 Uy=0.6628]  vol[p=105.1892 Ux=3.4163 Uy=1.4508]
    val_geom_camber_rc         loss=0.3826  surf[p=94.1768 Ux=1.6533 Uy=0.7390]  vol[p=86.1613 Ux=3.6885 Uy=1.7325]
    val_geom_camber_cruise     loss=0.1188  surf[p=55.2383 Ux=0.7840 Uy=0.4138]  vol[p=41.8235 Ux=2.0806 Uy=0.7834]
    val_re_rand                loss=0.2683  surf[p=70.4292 Ux=1.1258 Uy=0.5526]  vol[p=59.4451 Ux=2.6660 Uy=1.1698]
  ep72 step 100/375 loss=0.4097 vol=0.2504 surf=0.1593 lr=1.07e-04
  ep72 step 200/375 loss=0.0710 vol=0.0524 surf=0.0186 lr=1.07e-04
  ep72 step 300/375 loss=0.3045 vol=0.1832 surf=0.1212 lr=1.07e-04
Epoch  72 (131s) [42.1GB]  train[vol=0.1810 surf=0.1233]  val_avg_surf_p=66.5605
    val_single_in_dist         loss=0.2624  surf[p=73.0289 Ux=0.9077 Uy=0.4804]  vol[p=67.5852 Ux=2.6778 Uy=1.0109]
    val_geom_camber_rc         loss=0.3494  surf[p=82.5134 Ux=1.6625 Uy=0.6987]  vol[p=76.6578 Ux=3.6081 Uy=1.5730]
    val_geom_camber_cruise     loss=0.0919  surf[p=46.5332 Ux=0.6871 Uy=0.3842]  vol[p=39.7021 Ux=1.9214 Uy=0.7046]
    val_re_rand                loss=0.2376  surf[p=64.1664 Ux=1.1129 Uy=0.5330]  vol[p=56.5170 Ux=2.5507 Uy=1.0895]
  ep73 step 100/375 loss=0.1046 vol=0.0666 surf=0.0380 lr=1.04e-04
  ep73 step 200/375 loss=0.0903 vol=0.0635 surf=0.0268 lr=1.04e-04
  ep73 step 300/375 loss=0.1122 vol=0.0675 surf=0.0447 lr=1.04e-04
Epoch  73 (133s) [42.1GB]  train[vol=0.1170 surf=0.0686]  val_avg_surf_p=62.3758 *
    val_single_in_dist         loss=0.2212  surf[p=68.0474 Ux=0.9167 Uy=0.4703]  vol[p=65.2821 Ux=2.6102 Uy=0.9835]
    val_geom_camber_rc         loss=0.3113  surf[p=75.0316 Ux=1.5318 Uy=0.6572]  vol[p=71.3287 Ux=3.4134 Uy=1.5278]
    val_geom_camber_cruise     loss=0.0862  surf[p=45.3549 Ux=0.6692 Uy=0.3627]  vol[p=38.6386 Ux=1.8740 Uy=0.6801]
    val_re_rand                loss=0.2247  surf[p=61.0691 Ux=1.0529 Uy=0.4986]  vol[p=54.0362 Ux=2.4795 Uy=1.0526]
  ep74 step 100/375 loss=0.0235 vol=0.0189 surf=0.0046 lr=9.99e-05
  ep74 step 200/375 loss=0.0871 vol=0.0608 surf=0.0262 lr=9.99e-05
  ep74 step 300/375 loss=0.0644 vol=0.0428 surf=0.0216 lr=9.99e-05
Epoch  74 (132s) [42.1GB]  train[vol=0.1282 surf=0.0859]  val_avg_surf_p=68.5222
    val_single_in_dist         loss=0.3081  surf[p=83.0067 Ux=0.9941 Uy=0.5187]  vol[p=78.3384 Ux=2.8217 Uy=1.0812]
    val_geom_camber_rc         loss=0.3565  surf[p=81.4759 Ux=1.5603 Uy=0.7080]  vol[p=76.1944 Ux=3.5494 Uy=1.6065]
    val_geom_camber_cruise     loss=0.0858  surf[p=46.2353 Ux=0.6862 Uy=0.3573]  vol[p=38.7506 Ux=1.9141 Uy=0.6785]
    val_re_rand                loss=0.2398  surf[p=63.3710 Ux=1.0682 Uy=0.5302]  vol[p=56.2106 Ux=2.5455 Uy=1.0975]
  ep75 step 100/375 loss=0.0972 vol=0.0646 surf=0.0326 lr=9.62e-05
  ep75 step 200/375 loss=0.0494 vol=0.0342 surf=0.0152 lr=9.62e-05
  ep75 step 300/375 loss=0.1331 vol=0.0949 surf=0.0382 lr=9.62e-05
Epoch  75 (130s) [42.1GB]  train[vol=0.0993 surf=0.0620]  val_avg_surf_p=63.3221
    val_single_in_dist         loss=0.2493  surf[p=70.9046 Ux=0.9368 Uy=0.4625]  vol[p=67.8783 Ux=2.6264 Uy=0.9695]
    val_geom_camber_rc         loss=0.3198  surf[p=77.0143 Ux=1.5455 Uy=0.6625]  vol[p=72.5670 Ux=3.4240 Uy=1.5258]
    val_geom_camber_cruise     loss=0.0812  surf[p=43.3126 Ux=0.6845 Uy=0.3545]  vol[p=36.7414 Ux=1.8931 Uy=0.6493]
    val_re_rand                loss=0.2388  surf[p=62.0568 Ux=1.0676 Uy=0.5040]  vol[p=54.7099 Ux=2.5179 Uy=1.0538]
  ep76 step 100/375 loss=0.1970 vol=0.1288 surf=0.0682 lr=9.26e-05
  ep76 step 200/375 loss=0.0551 vol=0.0418 surf=0.0133 lr=9.26e-05
  ep76 step 300/375 loss=0.2109 vol=0.0868 surf=0.1241 lr=9.26e-05
Epoch  76 (132s) [42.1GB]  train[vol=0.0889 surf=0.0519]  val_avg_surf_p=61.9857 *
    val_single_in_dist         loss=0.2336  surf[p=69.5104 Ux=0.9589 Uy=0.4739]  vol[p=65.5336 Ux=2.7031 Uy=1.0113]
    val_geom_camber_rc         loss=0.3000  surf[p=74.8031 Ux=1.5920 Uy=0.6657]  vol[p=71.1205 Ux=3.4630 Uy=1.5555]
    val_geom_camber_cruise     loss=0.0822  surf[p=43.5209 Ux=0.7154 Uy=0.3600]  vol[p=37.1454 Ux=1.9329 Uy=0.6668]
    val_re_rand                loss=0.2266  surf[p=60.1084 Ux=1.1075 Uy=0.4961]  vol[p=53.1641 Ux=2.5301 Uy=1.0458]
  ep77 step 100/375 loss=0.0495 vol=0.0381 surf=0.0114 lr=8.90e-05
  ep77 step 200/375 loss=0.2189 vol=0.1595 surf=0.0595 lr=8.90e-05
  ep77 step 300/375 loss=0.0903 vol=0.0583 surf=0.0320 lr=8.90e-05
Epoch  77 (132s) [42.1GB]  train[vol=0.0892 surf=0.0485]  val_avg_surf_p=64.6796
    val_single_in_dist         loss=0.2242  surf[p=73.0734 Ux=0.9616 Uy=0.4909]  vol[p=68.2458 Ux=2.7031 Uy=1.0024]
    val_geom_camber_rc         loss=0.3435  surf[p=76.7909 Ux=1.5755 Uy=0.6756]  vol[p=71.6167 Ux=3.5293 Uy=1.5462]
    val_geom_camber_cruise     loss=0.0855  surf[p=46.0652 Ux=0.6679 Uy=0.3606]  vol[p=37.9670 Ux=1.9051 Uy=0.6670]
    val_re_rand                loss=0.2301  surf[p=62.7890 Ux=1.0581 Uy=0.5046]  vol[p=55.2041 Ux=2.5135 Uy=1.0550]
  ep78 step 100/375 loss=0.4251 vol=0.2951 surf=0.1300 lr=8.54e-05
  ep78 step 200/375 loss=0.0517 vol=0.0345 surf=0.0172 lr=8.54e-05
  ep78 step 300/375 loss=0.1075 vol=0.0751 surf=0.0324 lr=8.54e-05
Epoch  78 (133s) [42.1GB]  train[vol=0.1235 surf=0.0705]  val_avg_surf_p=71.7318
    val_single_in_dist         loss=0.3966  surf[p=83.3469 Ux=1.0882 Uy=0.4889]  vol[p=75.5765 Ux=2.8708 Uy=1.1325]
    val_geom_camber_rc         loss=0.3349  surf[p=83.9098 Ux=1.6606 Uy=0.7083]  vol[p=76.3048 Ux=3.5870 Uy=1.6040]
    val_geom_camber_cruise     loss=0.0904  surf[p=49.6691 Ux=0.9059 Uy=0.3577]  vol[p=39.7530 Ux=2.0525 Uy=0.6761]
    val_re_rand                loss=0.2590  surf[p=70.0014 Ux=1.2803 Uy=0.5172]  vol[p=59.2518 Ux=2.7220 Uy=1.0989]
  ep79 step 100/375 loss=0.0819 vol=0.0548 surf=0.0272 lr=8.19e-05
  ep79 step 200/375 loss=0.2034 vol=0.1335 surf=0.0699 lr=8.19e-05
  ep79 step 300/375 loss=0.1162 vol=0.0823 surf=0.0339 lr=8.19e-05
Epoch  79 (133s) [42.1GB]  train[vol=0.1011 surf=0.0584]  val_avg_surf_p=71.6002
    val_single_in_dist         loss=0.3011  surf[p=81.2661 Ux=1.2882 Uy=0.4916]  vol[p=75.3068 Ux=3.3877 Uy=1.0395]
    val_geom_camber_rc         loss=0.3314  surf[p=82.2763 Ux=1.8299 Uy=0.6783]  vol[p=79.1327 Ux=3.8835 Uy=1.5790]
    val_geom_camber_cruise     loss=0.1044  surf[p=54.2246 Ux=0.8684 Uy=0.3660]  vol[p=42.2592 Ux=2.2688 Uy=0.6972]
    val_re_rand                loss=0.2422  surf[p=68.6339 Ux=1.3044 Uy=0.5034]  vol[p=59.5246 Ux=2.8830 Uy=1.0767]
  ep80 step 100/375 loss=0.1108 vol=0.0771 surf=0.0337 lr=7.84e-05
  ep80 step 200/375 loss=0.1265 vol=0.0834 surf=0.0430 lr=7.84e-05
  ep80 step 300/375 loss=0.1455 vol=0.0993 surf=0.0462 lr=7.84e-05
Epoch  80 (133s) [42.1GB]  train[vol=0.1186 surf=0.0689]  val_avg_surf_p=74.6379
    val_single_in_dist         loss=0.3654  surf[p=90.9824 Ux=1.1805 Uy=0.6156]  vol[p=83.3807 Ux=3.0253 Uy=1.2017]
    val_geom_camber_rc         loss=0.3911  surf[p=94.6726 Ux=1.7456 Uy=0.7754]  vol[p=87.2577 Ux=3.6881 Uy=1.7209]
    val_geom_camber_cruise     loss=0.0962  surf[p=44.9169 Ux=0.8503 Uy=0.3727]  vol[p=40.5759 Ux=2.1212 Uy=0.6942]
    val_re_rand                loss=0.3124  surf[p=67.9795 Ux=1.2101 Uy=0.5434]  vol[p=60.5966 Ux=2.6798 Uy=1.1163]
  ep81 step 100/375 loss=0.0423 vol=0.0330 surf=0.0093 lr=7.50e-05
  ep81 step 200/375 loss=0.1274 vol=0.0896 surf=0.0379 lr=7.50e-05
  ep81 step 300/375 loss=0.0668 vol=0.0470 surf=0.0198 lr=7.50e-05
Epoch  81 (131s) [42.1GB]  train[vol=0.0869 surf=0.0488]  val_avg_surf_p=61.5244 *
    val_single_in_dist         loss=0.2648  surf[p=65.7461 Ux=0.8953 Uy=0.4399]  vol[p=62.4939 Ux=2.5639 Uy=0.9418]
    val_geom_camber_rc         loss=0.2785  surf[p=72.6638 Ux=1.4946 Uy=0.6387]  vol[p=68.5682 Ux=3.3426 Uy=1.4811]
    val_geom_camber_cruise     loss=0.0911  surf[p=46.1186 Ux=0.6969 Uy=0.3506]  vol[p=39.0796 Ux=1.9172 Uy=0.6864]
    val_re_rand                loss=0.2366  surf[p=61.5691 Ux=1.0836 Uy=0.4955]  vol[p=54.7814 Ux=2.5300 Uy=1.0524]
  ep82 step 100/375 loss=0.0808 vol=0.0482 surf=0.0325 lr=7.16e-05
  ep82 step 200/375 loss=0.0997 vol=0.0611 surf=0.0386 lr=7.16e-05
  ep82 step 300/375 loss=0.0694 vol=0.0545 surf=0.0149 lr=7.16e-05
Epoch  82 (133s) [42.1GB]  train[vol=0.1312 surf=0.0760]  val_avg_surf_p=67.3897
    val_single_in_dist         loss=0.3223  surf[p=81.4845 Ux=1.1092 Uy=0.4968]  vol[p=78.6869 Ux=2.9350 Uy=1.0416]
    val_geom_camber_rc         loss=0.3104  surf[p=78.9814 Ux=1.5733 Uy=0.6767]  vol[p=74.1716 Ux=3.4296 Uy=1.5513]
    val_geom_camber_cruise     loss=0.0892  surf[p=47.4850 Ux=0.7788 Uy=0.3519]  vol[p=41.8768 Ux=2.0059 Uy=0.6662]
    val_re_rand                loss=0.2238  surf[p=61.6079 Ux=1.0886 Uy=0.4964]  vol[p=55.7469 Ux=2.5058 Uy=1.0500]
  ep83 step 100/375 loss=0.0401 vol=0.0291 surf=0.0110 lr=6.83e-05
  ep83 step 200/375 loss=0.0326 vol=0.0260 surf=0.0065 lr=6.83e-05
  ep83 step 300/375 loss=0.0613 vol=0.0439 surf=0.0173 lr=6.83e-05
Epoch  83 (133s) [42.1GB]  train[vol=0.1061 surf=0.0648]  val_avg_surf_p=64.6694
    val_single_in_dist         loss=0.3138  surf[p=77.6180 Ux=1.0030 Uy=0.4970]  vol[p=73.3986 Ux=2.9439 Uy=1.0491]
    val_geom_camber_rc         loss=0.3025  surf[p=75.4450 Ux=1.5279 Uy=0.6576]  vol[p=72.2310 Ux=3.4328 Uy=1.5514]
    val_geom_camber_cruise     loss=0.0860  surf[p=44.7135 Ux=0.6641 Uy=0.3596]  vol[p=37.9698 Ux=1.8772 Uy=0.6486]
    val_re_rand                loss=0.2309  surf[p=60.9011 Ux=1.0556 Uy=0.4898]  vol[p=53.7928 Ux=2.4966 Uy=1.0357]
  ep84 step 100/375 loss=0.1604 vol=0.1027 surf=0.0577 lr=6.50e-05
  ep84 step 200/375 loss=0.1644 vol=0.1139 surf=0.0504 lr=6.50e-05
  ep84 step 300/375 loss=0.3270 vol=0.2077 surf=0.1193 lr=6.50e-05
Epoch  84 (130s) [42.1GB]  train[vol=0.1226 surf=0.0795]  val_avg_surf_p=63.3528
    val_single_in_dist         loss=0.3432  surf[p=73.8647 Ux=0.9433 Uy=0.4716]  vol[p=71.4206 Ux=2.7152 Uy=1.0019]
    val_geom_camber_rc         loss=0.3070  surf[p=76.6002 Ux=1.5097 Uy=0.6555]  vol[p=71.4903 Ux=3.3978 Uy=1.4896]
    val_geom_camber_cruise     loss=0.0798  surf[p=42.4908 Ux=0.6552 Uy=0.3530]  vol[p=36.9636 Ux=1.8693 Uy=0.6525]
    val_re_rand                loss=0.2237  surf[p=60.4553 Ux=1.0380 Uy=0.4914]  vol[p=53.5918 Ux=2.4807 Uy=1.0326]
  ep85 step 100/375 loss=0.0933 vol=0.0570 surf=0.0362 lr=6.18e-05
  ep85 step 200/375 loss=0.1027 vol=0.0694 surf=0.0333 lr=6.18e-05
  ep85 step 300/375 loss=0.3205 vol=0.2155 surf=0.1050 lr=6.18e-05
Epoch  85 (132s) [42.1GB]  train[vol=0.1219 surf=0.0748]  val_avg_surf_p=66.3615
    val_single_in_dist         loss=0.3904  surf[p=84.9767 Ux=1.0721 Uy=0.4902]  vol[p=77.8956 Ux=2.8655 Uy=1.0120]
    val_geom_camber_rc         loss=0.3018  surf[p=75.5518 Ux=1.5483 Uy=0.6487]  vol[p=70.7078 Ux=3.4006 Uy=1.4885]
    val_geom_camber_cruise     loss=0.0808  surf[p=45.0198 Ux=0.6710 Uy=0.3435]  vol[p=38.2924 Ux=1.8703 Uy=0.6354]
    val_re_rand                loss=0.2186  surf[p=59.8977 Ux=1.0437 Uy=0.4831]  vol[p=52.8552 Ux=2.4338 Uy=1.0193]
  ep86 step 100/375 loss=0.1908 vol=0.1116 surf=0.0791 lr=5.87e-05
  ep86 step 200/375 loss=0.0863 vol=0.0573 surf=0.0290 lr=5.87e-05
  ep86 step 300/375 loss=0.2166 vol=0.1250 surf=0.0916 lr=5.87e-05
Epoch  86 (130s) [42.1GB]  train[vol=0.0990 surf=0.0559]  val_avg_surf_p=60.8845 *
    val_single_in_dist         loss=0.2773  surf[p=70.1896 Ux=0.9021 Uy=0.4560]  vol[p=65.9776 Ux=2.6376 Uy=0.9473]
    val_geom_camber_rc         loss=0.3063  surf[p=74.5995 Ux=1.4923 Uy=0.6429]  vol[p=69.5439 Ux=3.3699 Uy=1.4941]
    val_geom_camber_cruise     loss=0.0769  surf[p=40.6874 Ux=0.6192 Uy=0.3405]  vol[p=35.8660 Ux=1.7883 Uy=0.6371]
    val_re_rand                loss=0.2085  surf[p=58.0615 Ux=0.9998 Uy=0.4756]  vol[p=51.8334 Ux=2.3865 Uy=1.0115]
  ep87 step 100/375 loss=0.0356 vol=0.0274 surf=0.0082 lr=5.56e-05
  ep87 step 200/375 loss=0.2948 vol=0.1842 surf=0.1107 lr=5.56e-05
  ep87 step 300/375 loss=0.0853 vol=0.0588 surf=0.0265 lr=5.56e-05
Epoch  87 (130s) [42.1GB]  train[vol=0.1233 surf=0.0755]  val_avg_surf_p=65.8208
    val_single_in_dist         loss=0.2560  surf[p=74.7919 Ux=0.9227 Uy=0.4949]  vol[p=70.1713 Ux=2.6531 Uy=1.0073]
    val_geom_camber_rc         loss=0.3182  surf[p=80.8898 Ux=1.5310 Uy=0.6477]  vol[p=72.6029 Ux=3.3682 Uy=1.4918]
    val_geom_camber_cruise     loss=0.0835  surf[p=45.2820 Ux=0.7285 Uy=0.3494]  vol[p=38.7335 Ux=1.9078 Uy=0.6517]
    val_re_rand                loss=0.2137  surf[p=62.3195 Ux=1.1136 Uy=0.4828]  vol[p=54.1077 Ux=2.5146 Uy=1.0197]
  ep88 step 100/375 loss=0.0973 vol=0.0687 surf=0.0285 lr=5.26e-05
  ep88 step 200/375 loss=0.1266 vol=0.0871 surf=0.0395 lr=5.26e-05
  ep88 step 300/375 loss=0.0902 vol=0.0599 surf=0.0302 lr=5.26e-05
Epoch  88 (133s) [42.1GB]  train[vol=0.0956 surf=0.0521]  val_avg_surf_p=60.1605 *
    val_single_in_dist         loss=0.2527  surf[p=66.0376 Ux=0.8695 Uy=0.4639]  vol[p=63.8828 Ux=2.5590 Uy=0.9753]
    val_geom_camber_rc         loss=0.3090  surf[p=74.8037 Ux=1.4879 Uy=0.6513]  vol[p=70.2729 Ux=3.3425 Uy=1.4966]
    val_geom_camber_cruise     loss=0.0759  surf[p=40.3858 Ux=0.6614 Uy=0.3444]  vol[p=36.2097 Ux=1.8674 Uy=0.6389]
    val_re_rand                loss=0.2220  surf[p=59.4151 Ux=1.0119 Uy=0.4873]  vol[p=53.1165 Ux=2.4077 Uy=1.0208]
  ep89 step 100/375 loss=0.0877 vol=0.0559 surf=0.0318 lr=4.96e-05
  ep89 step 200/375 loss=0.0934 vol=0.0558 surf=0.0375 lr=4.96e-05
  ep89 step 300/375 loss=0.1153 vol=0.0514 surf=0.0639 lr=4.96e-05
Epoch  89 (132s) [42.1GB]  train[vol=0.0841 surf=0.0490]  val_avg_surf_p=66.5893
    val_single_in_dist         loss=0.3593  surf[p=82.1314 Ux=0.9723 Uy=0.4938]  vol[p=77.3904 Ux=2.7835 Uy=1.0410]
    val_geom_camber_rc         loss=0.2999  surf[p=78.5200 Ux=1.4894 Uy=0.6619]  vol[p=72.5167 Ux=3.3271 Uy=1.5390]
    val_geom_camber_cruise     loss=0.0832  surf[p=44.4684 Ux=0.6731 Uy=0.3586]  vol[p=38.1678 Ux=1.8571 Uy=0.6729]
    val_re_rand                loss=0.2258  surf[p=61.2375 Ux=1.0710 Uy=0.4844]  vol[p=53.2982 Ux=2.4237 Uy=1.0325]
  ep90 step 100/375 loss=0.0533 vol=0.0372 surf=0.0162 lr=4.67e-05
  ep90 step 200/375 loss=0.1313 vol=0.0742 surf=0.0571 lr=4.67e-05
  ep90 step 300/375 loss=0.1115 vol=0.0675 surf=0.0439 lr=4.67e-05
Epoch  90 (133s) [42.1GB]  train[vol=0.1189 surf=0.0722]  val_avg_surf_p=62.5132
    val_single_in_dist         loss=0.2578  surf[p=73.5035 Ux=0.9865 Uy=0.4649]  vol[p=70.1795 Ux=2.7190 Uy=0.9679]
    val_geom_camber_rc         loss=0.3344  surf[p=75.4758 Ux=1.4800 Uy=0.6533]  vol[p=70.8511 Ux=3.4131 Uy=1.4894]
    val_geom_camber_cruise     loss=0.0768  surf[p=40.8638 Ux=0.6481 Uy=0.3385]  vol[p=35.9167 Ux=1.8529 Uy=0.6357]
    val_re_rand                loss=0.2216  surf[p=60.2096 Ux=1.0056 Uy=0.4844]  vol[p=53.1983 Ux=2.4099 Uy=1.0166]
  ep91 step 100/375 loss=0.0771 vol=0.0548 surf=0.0223 lr=4.39e-05
  ep91 step 200/375 loss=0.2076 vol=0.1327 surf=0.0748 lr=4.39e-05
  ep91 step 300/375 loss=0.0876 vol=0.0621 surf=0.0255 lr=4.39e-05
Epoch  91 (130s) [42.1GB]  train[vol=0.1088 surf=0.0665]  val_avg_surf_p=60.1104 *
    val_single_in_dist         loss=0.2496  surf[p=67.7371 Ux=0.8906 Uy=0.4636]  vol[p=65.4741 Ux=2.5370 Uy=0.9486]
    val_geom_camber_rc         loss=0.3024  surf[p=74.0890 Ux=1.4931 Uy=0.6461]  vol[p=69.4914 Ux=3.3365 Uy=1.4761]
    val_geom_camber_cruise     loss=0.0743  surf[p=40.3216 Ux=0.6361 Uy=0.3381]  vol[p=35.6619 Ux=1.8023 Uy=0.6170]
    val_re_rand                loss=0.2100  surf[p=58.2940 Ux=1.0019 Uy=0.4817]  vol[p=51.5978 Ux=2.3855 Uy=1.0113]
  ep92 step 100/375 loss=0.1106 vol=0.0663 surf=0.0443 lr=4.12e-05
  ep92 step 200/375 loss=0.1192 vol=0.0811 surf=0.0381 lr=4.12e-05
  ep92 step 300/375 loss=0.1479 vol=0.0910 surf=0.0569 lr=4.12e-05
Epoch  92 (132s) [42.1GB]  train[vol=0.1061 surf=0.0635]  val_avg_surf_p=63.0737
    val_single_in_dist         loss=0.2914  surf[p=73.2333 Ux=0.9711 Uy=0.5088]  vol[p=68.4105 Ux=2.7542 Uy=0.9965]
    val_geom_camber_rc         loss=0.2962  surf[p=76.4502 Ux=1.5218 Uy=0.6856]  vol[p=72.4487 Ux=3.4399 Uy=1.5150]
    val_geom_camber_cruise     loss=0.0796  surf[p=42.4554 Ux=0.7127 Uy=0.3437]  vol[p=36.3143 Ux=1.9167 Uy=0.6321]
    val_re_rand                loss=0.2369  surf[p=60.1560 Ux=1.0523 Uy=0.4969]  vol[p=53.3012 Ux=2.4701 Uy=1.0167]
  ep93 step 100/375 loss=0.0511 vol=0.0373 surf=0.0138 lr=3.85e-05
  ep93 step 200/375 loss=0.1172 vol=0.0751 surf=0.0420 lr=3.85e-05
  ep93 step 300/375 loss=0.0580 vol=0.0436 surf=0.0144 lr=3.85e-05
Epoch  93 (131s) [42.1GB]  train[vol=0.1460 surf=0.0827]  val_avg_surf_p=61.8860
    val_single_in_dist         loss=0.2362  surf[p=69.4167 Ux=0.9324 Uy=0.5088]  vol[p=66.6952 Ux=2.6093 Uy=0.9897]
    val_geom_camber_rc         loss=0.2954  surf[p=76.1536 Ux=1.5213 Uy=0.6654]  vol[p=71.6260 Ux=3.3569 Uy=1.4956]
    val_geom_camber_cruise     loss=0.0787  surf[p=41.2520 Ux=0.6579 Uy=0.3468]  vol[p=37.1352 Ux=1.8557 Uy=0.6342]
    val_re_rand                loss=0.2309  surf[p=60.7218 Ux=1.0481 Uy=0.4964]  vol[p=53.9865 Ux=2.4290 Uy=1.0307]
  ep94 step 100/375 loss=0.0466 vol=0.0349 surf=0.0117 lr=3.59e-05
  ep94 step 200/375 loss=0.0162 vol=0.0138 surf=0.0024 lr=3.59e-05
  ep94 step 300/375 loss=0.1064 vol=0.0774 surf=0.0290 lr=3.59e-05
Epoch  94 (131s) [42.1GB]  train[vol=0.0986 surf=0.0586]  val_avg_surf_p=60.3055
    val_single_in_dist         loss=0.2365  surf[p=66.0662 Ux=0.8864 Uy=0.4644]  vol[p=62.4650 Ux=2.5221 Uy=0.9335]
    val_geom_camber_rc         loss=0.3073  surf[p=75.4938 Ux=1.4548 Uy=0.6384]  vol[p=70.9128 Ux=3.3039 Uy=1.4503]
    val_geom_camber_cruise     loss=0.0767  surf[p=40.8536 Ux=0.6343 Uy=0.3407]  vol[p=35.9647 Ux=1.8195 Uy=0.6367]
    val_re_rand                loss=0.2148  surf[p=58.8085 Ux=0.9880 Uy=0.4807]  vol[p=52.0116 Ux=2.3760 Uy=1.0093]
  ep95 step 100/375 loss=0.1076 vol=0.0795 surf=0.0281 lr=3.34e-05
  ep95 step 200/375 loss=0.1385 vol=0.0747 surf=0.0638 lr=3.34e-05
  ep95 step 300/375 loss=0.1469 vol=0.0908 surf=0.0562 lr=3.34e-05
Epoch  95 (130s) [42.1GB]  train[vol=0.0815 surf=0.0441]  val_avg_surf_p=57.7051 *
    val_single_in_dist         loss=0.2219  surf[p=62.8932 Ux=0.8499 Uy=0.4508]  vol[p=60.9776 Ux=2.5021 Uy=0.9162]
    val_geom_camber_rc         loss=0.2899  surf[p=72.2248 Ux=1.4178 Uy=0.6301]  vol[p=68.6415 Ux=3.2581 Uy=1.4410]
    val_geom_camber_cruise     loss=0.0725  surf[p=39.0003 Ux=0.6278 Uy=0.3296]  vol[p=34.4964 Ux=1.8129 Uy=0.6088]
    val_re_rand                loss=0.2096  surf[p=56.7020 Ux=0.9620 Uy=0.4700]  vol[p=50.5256 Ux=2.3355 Uy=0.9863]
  ep96 step 100/375 loss=0.2178 vol=0.1438 surf=0.0741 lr=3.10e-05
  ep96 step 200/375 loss=0.0718 vol=0.0451 surf=0.0268 lr=3.10e-05
  ep96 step 300/375 loss=0.1557 vol=0.1030 surf=0.0527 lr=3.10e-05
Epoch  96 (132s) [42.1GB]  train[vol=0.1096 surf=0.0594]  val_avg_surf_p=59.3509
    val_single_in_dist         loss=0.2317  surf[p=65.3856 Ux=0.8804 Uy=0.4579]  vol[p=63.0282 Ux=2.5968 Uy=0.9419]
    val_geom_camber_rc         loss=0.3015  surf[p=73.1695 Ux=1.4455 Uy=0.6426]  vol[p=69.0573 Ux=3.2819 Uy=1.4606]
    val_geom_camber_cruise     loss=0.0746  surf[p=40.1771 Ux=0.6224 Uy=0.3287]  vol[p=35.1025 Ux=1.7961 Uy=0.6197]
    val_re_rand                loss=0.2208  surf[p=58.6713 Ux=0.9944 Uy=0.4757]  vol[p=51.8363 Ux=2.3582 Uy=1.0034]
  ep97 step 100/375 loss=0.0782 vol=0.0593 surf=0.0190 lr=2.86e-05
  ep97 step 200/375 loss=0.0675 vol=0.0450 surf=0.0225 lr=2.86e-05
  ep97 step 300/375 loss=0.0980 vol=0.0668 surf=0.0312 lr=2.86e-05
Epoch  97 (134s) [42.1GB]  train[vol=0.1020 surf=0.0590]  val_avg_surf_p=61.0653
    val_single_in_dist         loss=0.2261  surf[p=68.7491 Ux=0.9873 Uy=0.4650]  vol[p=67.9016 Ux=2.6924 Uy=0.9421]
    val_geom_camber_rc         loss=0.2899  surf[p=75.9330 Ux=1.5227 Uy=0.6349]  vol[p=72.3460 Ux=3.4102 Uy=1.4466]
    val_geom_camber_cruise     loss=0.0748  surf[p=40.5987 Ux=0.6403 Uy=0.3389]  vol[p=35.2405 Ux=1.8287 Uy=0.6117]
    val_re_rand                loss=0.2212  surf[p=58.9804 Ux=1.0161 Uy=0.4844]  vol[p=52.2162 Ux=2.4079 Uy=0.9969]
  ep98 step 100/375 loss=0.2423 vol=0.1458 surf=0.0965 lr=2.64e-05
  ep98 step 200/375 loss=0.0563 vol=0.0390 surf=0.0174 lr=2.64e-05
  ep98 step 300/375 loss=0.0615 vol=0.0422 surf=0.0193 lr=2.64e-05
Epoch  98 (131s) [42.1GB]  train[vol=0.0822 surf=0.0434]  val_avg_surf_p=57.6625 *
    val_single_in_dist         loss=0.2269  surf[p=63.7232 Ux=0.8554 Uy=0.4472]  vol[p=61.7261 Ux=2.4940 Uy=0.9153]
    val_geom_camber_rc         loss=0.2870  surf[p=71.4089 Ux=1.4010 Uy=0.6220]  vol[p=67.7922 Ux=3.2576 Uy=1.4407]
    val_geom_camber_cruise     loss=0.0723  surf[p=39.0558 Ux=0.6195 Uy=0.3243]  vol[p=34.4468 Ux=1.7913 Uy=0.6047]
    val_re_rand                loss=0.2096  surf[p=56.4622 Ux=0.9663 Uy=0.4657]  vol[p=50.4814 Ux=2.3312 Uy=0.9848]
  ep99 step 100/375 loss=0.1287 vol=0.0895 surf=0.0391 lr=2.42e-05
  ep99 step 200/375 loss=0.0925 vol=0.0559 surf=0.0366 lr=2.42e-05
  ep99 step 300/375 loss=0.1557 vol=0.1019 surf=0.0538 lr=2.42e-05
Epoch  99 (132s) [42.1GB]  train[vol=0.0837 surf=0.0422]  val_avg_surf_p=63.0354
    val_single_in_dist         loss=0.2480  surf[p=73.6413 Ux=0.9365 Uy=0.4896]  vol[p=68.7908 Ux=2.5385 Uy=1.0012]
    val_geom_camber_rc         loss=0.3147  surf[p=78.5498 Ux=1.4202 Uy=0.6511]  vol[p=71.8828 Ux=3.2800 Uy=1.4782]
    val_geom_camber_cruise     loss=0.0730  surf[p=40.2182 Ux=0.6077 Uy=0.3303]  vol[p=35.7137 Ux=1.7755 Uy=0.6127]
    val_re_rand                loss=0.2183  surf[p=59.7324 Ux=0.9693 Uy=0.4774]  vol[p=52.4020 Ux=2.3363 Uy=1.0009]
  ep100 step 100/375 loss=0.0471 vol=0.0321 surf=0.0150 lr=2.21e-05
  ep100 step 200/375 loss=0.0599 vol=0.0459 surf=0.0140 lr=2.21e-05
  ep100 step 300/375 loss=0.1980 vol=0.1183 surf=0.0797 lr=2.21e-05
Epoch 100 (134s) [42.1GB]  train[vol=0.1028 surf=0.0578]  val_avg_surf_p=57.6958
    val_single_in_dist         loss=0.2285  surf[p=63.0808 Ux=0.8567 Uy=0.4561]  vol[p=61.5288 Ux=2.4835 Uy=0.9217]
    val_geom_camber_rc         loss=0.2905  surf[p=71.4345 Ux=1.4120 Uy=0.6268]  vol[p=67.9553 Ux=3.2704 Uy=1.4420]
    val_geom_camber_cruise     loss=0.0717  surf[p=39.1550 Ux=0.6171 Uy=0.3267]  vol[p=34.5171 Ux=1.7774 Uy=0.6002]
    val_re_rand                loss=0.2096  surf[p=57.1129 Ux=0.9723 Uy=0.4689]  vol[p=50.9722 Ux=2.3508 Uy=0.9845]
  ep101 step 100/375 loss=0.3291 vol=0.1739 surf=0.1551 lr=2.01e-05
  ep101 step 200/375 loss=0.0920 vol=0.0675 surf=0.0245 lr=2.01e-05
  ep101 step 300/375 loss=0.0272 vol=0.0202 surf=0.0070 lr=2.01e-05
Epoch 101 (133s) [42.1GB]  train[vol=0.0897 surf=0.0538]  val_avg_surf_p=58.6143
    val_single_in_dist         loss=0.2344  surf[p=65.3196 Ux=0.8448 Uy=0.4482]  vol[p=63.2561 Ux=2.4935 Uy=0.9209]
    val_geom_camber_rc         loss=0.2907  surf[p=73.4618 Ux=1.4135 Uy=0.6249]  vol[p=69.4814 Ux=3.2580 Uy=1.4405]
    val_geom_camber_cruise     loss=0.0715  surf[p=38.7666 Ux=0.6117 Uy=0.3243]  vol[p=34.2913 Ux=1.7698 Uy=0.6013]
    val_re_rand                loss=0.2100  surf[p=56.9094 Ux=0.9562 Uy=0.4665]  vol[p=50.5818 Ux=2.3217 Uy=0.9811]
  ep102 step 100/375 loss=0.0910 vol=0.0598 surf=0.0311 lr=1.82e-05
  ep102 step 200/375 loss=0.0680 vol=0.0466 surf=0.0214 lr=1.82e-05
  ep102 step 300/375 loss=0.0216 vol=0.0171 surf=0.0046 lr=1.82e-05
Epoch 102 (134s) [42.1GB]  train[vol=0.0769 surf=0.0391]  val_avg_surf_p=58.2356
    val_single_in_dist         loss=0.2212  surf[p=63.2288 Ux=0.8581 Uy=0.4485]  vol[p=61.0904 Ux=2.4819 Uy=0.9101]
    val_geom_camber_rc         loss=0.2981  surf[p=73.2444 Ux=1.4200 Uy=0.6272]  vol[p=69.2721 Ux=3.2655 Uy=1.4374]
    val_geom_camber_cruise     loss=0.0708  surf[p=39.0364 Ux=0.6009 Uy=0.3212]  vol[p=34.5372 Ux=1.7495 Uy=0.5981]
    val_re_rand                loss=0.2092  surf[p=57.4329 Ux=0.9632 Uy=0.4689]  vol[p=50.8649 Ux=2.3203 Uy=0.9850]
  ep103 step 100/375 loss=0.0157 vol=0.0126 surf=0.0030 lr=1.63e-05
  ep103 step 200/375 loss=0.0887 vol=0.0617 surf=0.0270 lr=1.63e-05
  ep103 step 300/375 loss=5.1827 vol=3.4720 surf=1.7107 lr=1.63e-05
Epoch 103 (132s) [42.1GB]  train[vol=0.1021 surf=0.0577]  val_avg_surf_p=58.1252
    val_single_in_dist         loss=0.2252  surf[p=62.9181 Ux=0.8526 Uy=0.4537]  vol[p=61.0881 Ux=2.4600 Uy=0.9115]
    val_geom_camber_rc         loss=0.2972  surf[p=73.5883 Ux=1.4463 Uy=0.6371]  vol[p=68.3114 Ux=3.2584 Uy=1.4345]
    val_geom_camber_cruise     loss=0.0718  surf[p=38.8330 Ux=0.6071 Uy=0.3229]  vol[p=34.3825 Ux=1.7737 Uy=0.6039]
    val_re_rand                loss=0.2109  surf[p=57.1614 Ux=0.9653 Uy=0.4710]  vol[p=50.4384 Ux=2.3149 Uy=0.9821]
  ep104 step 100/375 loss=0.0884 vol=0.0512 surf=0.0372 lr=1.46e-05
  ep104 step 200/375 loss=0.0863 vol=0.0573 surf=0.0291 lr=1.46e-05
  ep104 step 300/375 loss=0.0417 vol=0.0322 surf=0.0096 lr=1.46e-05
Epoch 104 (131s) [42.1GB]  train[vol=0.0989 surf=0.0543]  val_avg_surf_p=58.0607
    val_single_in_dist         loss=0.2130  surf[p=63.6782 Ux=0.8656 Uy=0.4518]  vol[p=62.1145 Ux=2.4915 Uy=0.9205]
    val_geom_camber_rc         loss=0.2867  surf[p=72.6753 Ux=1.4386 Uy=0.6284]  vol[p=68.5604 Ux=3.2770 Uy=1.4398]
    val_geom_camber_cruise     loss=0.0719  surf[p=39.0045 Ux=0.6391 Uy=0.3272]  vol[p=34.5962 Ux=1.7815 Uy=0.6056]
    val_re_rand                loss=0.2107  surf[p=56.8850 Ux=0.9893 Uy=0.4698]  vol[p=50.4819 Ux=2.3405 Uy=0.9773]
  ep105 step 100/375 loss=0.0954 vol=0.0637 surf=0.0317 lr=1.30e-05
  ep105 step 200/375 loss=0.0453 vol=0.0339 surf=0.0115 lr=1.30e-05
  ep105 step 300/375 loss=0.1328 vol=0.0811 surf=0.0517 lr=1.30e-05
Epoch 105 (130s) [42.1GB]  train[vol=0.0803 surf=0.0415]  val_avg_surf_p=57.5382 *
    val_single_in_dist         loss=0.2267  surf[p=62.7286 Ux=0.8360 Uy=0.4399]  vol[p=61.2320 Ux=2.4515 Uy=0.9053]
    val_geom_camber_rc         loss=0.2916  surf[p=71.7795 Ux=1.4008 Uy=0.6268]  vol[p=68.5169 Ux=3.2351 Uy=1.4384]
    val_geom_camber_cruise     loss=0.0722  surf[p=39.2407 Ux=0.6094 Uy=0.3212]  vol[p=34.3223 Ux=1.7527 Uy=0.6074]
    val_re_rand                loss=0.2065  surf[p=56.4042 Ux=0.9616 Uy=0.4662]  vol[p=50.1629 Ux=2.3172 Uy=0.9783]
  ep106 step 100/375 loss=0.0515 vol=0.0382 surf=0.0133 lr=1.14e-05
  ep106 step 200/375 loss=0.0852 vol=0.0605 surf=0.0247 lr=1.14e-05
  ep106 step 300/375 loss=0.0942 vol=0.0705 surf=0.0237 lr=1.14e-05
Epoch 106 (133s) [42.1GB]  train[vol=0.1146 surf=0.0658]  val_avg_surf_p=57.3426 *
    val_single_in_dist         loss=0.2284  surf[p=62.7043 Ux=0.8348 Uy=0.4467]  vol[p=61.1177 Ux=2.4322 Uy=0.9076]
    val_geom_camber_rc         loss=0.2867  surf[p=71.4891 Ux=1.3988 Uy=0.6248]  vol[p=67.7223 Ux=3.2250 Uy=1.4280]
    val_geom_camber_cruise     loss=0.0698  surf[p=38.6261 Ux=0.6089 Uy=0.3221]  vol[p=33.9334 Ux=1.7597 Uy=0.6011]
    val_re_rand                loss=0.2083  surf[p=56.5510 Ux=0.9562 Uy=0.4621]  vol[p=50.3685 Ux=2.3107 Uy=0.9739]
  ep107 step 100/375 loss=0.0849 vol=0.0625 surf=0.0223 lr=9.96e-06
  ep107 step 200/375 loss=0.0770 vol=0.0549 surf=0.0221 lr=9.96e-06
  ep107 step 300/375 loss=0.0209 vol=0.0168 surf=0.0041 lr=9.96e-06
Epoch 107 (132s) [42.1GB]  train[vol=0.0897 surf=0.0510]  val_avg_surf_p=57.4946
    val_single_in_dist         loss=0.2256  surf[p=63.2555 Ux=0.8464 Uy=0.4463]  vol[p=61.8351 Ux=2.4543 Uy=0.9122]
    val_geom_camber_rc         loss=0.2893  surf[p=71.5752 Ux=1.4093 Uy=0.6233]  vol[p=68.2709 Ux=3.2250 Uy=1.4266]
    val_geom_camber_cruise     loss=0.0711  surf[p=38.6634 Ux=0.6056 Uy=0.3213]  vol[p=34.0447 Ux=1.7441 Uy=0.6049]
    val_re_rand                loss=0.2070  surf[p=56.4845 Ux=0.9597 Uy=0.4650]  vol[p=50.2271 Ux=2.3083 Uy=0.9774]
  ep108 step 100/375 loss=0.0738 vol=0.0499 surf=0.0240 lr=8.60e-06
  ep108 step 200/375 loss=0.0549 vol=0.0305 surf=0.0245 lr=8.60e-06
  ep108 step 300/375 loss=0.0388 vol=0.0290 surf=0.0098 lr=8.60e-06
Epoch 108 (132s) [42.1GB]  train[vol=0.0741 surf=0.0387]  val_avg_surf_p=56.9506 *
    val_single_in_dist         loss=0.2204  surf[p=61.5740 Ux=0.8221 Uy=0.4412]  vol[p=60.4570 Ux=2.4309 Uy=0.9033]
    val_geom_camber_rc         loss=0.2881  surf[p=71.4717 Ux=1.3950 Uy=0.6210]  vol[p=67.9543 Ux=3.2322 Uy=1.4243]
    val_geom_camber_cruise     loss=0.0699  surf[p=38.2848 Ux=0.6076 Uy=0.3204]  vol[p=33.9618 Ux=1.7537 Uy=0.5950]
    val_re_rand                loss=0.2078  surf[p=56.4719 Ux=0.9517 Uy=0.4647]  vol[p=50.2875 Ux=2.3069 Uy=0.9745]
  ep109 step 100/375 loss=0.0476 vol=0.0362 surf=0.0114 lr=7.34e-06
  ep109 step 200/375 loss=0.0357 vol=0.0277 surf=0.0081 lr=7.34e-06
  ep109 step 300/375 loss=0.0625 vol=0.0401 surf=0.0223 lr=7.34e-06
Epoch 109 (131s) [42.1GB]  train[vol=0.0948 surf=0.0519]  val_avg_surf_p=57.2533
    val_single_in_dist         loss=0.2220  surf[p=62.7646 Ux=0.8331 Uy=0.4465]  vol[p=61.4767 Ux=2.4566 Uy=0.9057]
    val_geom_camber_rc         loss=0.2898  surf[p=71.6426 Ux=1.3994 Uy=0.6244]  vol[p=68.1746 Ux=3.2298 Uy=1.4294]
    val_geom_camber_cruise     loss=0.0699  surf[p=38.3742 Ux=0.6101 Uy=0.3223]  vol[p=33.7395 Ux=1.7609 Uy=0.5947]
    val_re_rand                loss=0.2051  surf[p=56.2318 Ux=0.9548 Uy=0.4641]  vol[p=49.9855 Ux=2.3091 Uy=0.9697]
  ep110 step 100/375 loss=0.0847 vol=0.0604 surf=0.0243 lr=6.18e-06
  ep110 step 200/375 loss=0.0311 vol=0.0241 surf=0.0070 lr=6.18e-06
  ep110 step 300/375 loss=0.0858 vol=0.0646 surf=0.0212 lr=6.18e-06
Epoch 110 (132s) [42.1GB]  train[vol=0.0793 surf=0.0458]  val_avg_surf_p=57.3314
    val_single_in_dist         loss=0.2290  surf[p=63.5099 Ux=0.8300 Uy=0.4439]  vol[p=61.6901 Ux=2.4479 Uy=0.9057]
    val_geom_camber_rc         loss=0.2858  surf[p=71.4317 Ux=1.4042 Uy=0.6217]  vol[p=67.9090 Ux=3.2186 Uy=1.4300]
    val_geom_camber_cruise     loss=0.0695  surf[p=38.4031 Ux=0.6138 Uy=0.3206]  vol[p=33.7681 Ux=1.7521 Uy=0.5949]
    val_re_rand                loss=0.2069  surf[p=55.9811 Ux=0.9516 Uy=0.4611]  vol[p=49.7393 Ux=2.2972 Uy=0.9696]
Timeout (240.0 min). Stopping.

Training done in 242.1 min

Best val: epoch 108, val_avg/mae_surf_p = 56.9506

Evaluating on held-out test splits...
Test: test_single_in_dist: 200, test_geom_camber_rc: 200, test_geom_camber_cruise: 200, test_re_rand: 200

  TEST  avg_surf_p=50.6576
    test_single_in_dist        loss=0.2640  surf[p=56.3259 Ux=0.8413 Uy=0.4356]  vol[p=56.0824 Ux=2.3226 Uy=0.8873]
    test_geom_camber_rc        loss=0.2389  surf[p=65.4381 Ux=1.3605 Uy=0.5946]  vol[p=62.7226 Ux=3.1191 Uy=1.3503]
    test_geom_camber_cruise    loss=0.0525  surf[p=32.2712 Ux=0.5392 Uy=0.2934]  vol[p=28.7958 Ux=1.6005 Uy=0.5465]
    test_re_rand               loss=0.1301  surf[p=48.5951 Ux=0.8622 Uy=0.4306]  vol[p=44.0999 Ux=2.1539 Uy=0.8640]

Logged model artifact 'model-mlintern-pai2-72h-v4-r2-r4-recipe-cosine120-240m-s14-xe5n01w8' (aliases: best, epoch-108)
wandb: uploading artifact model-mlintern-pai2-72h-v4-r2-r4-recipe-cosine120-240m-s14-xe5n01w8; updating run metadata
wandb: uploading artifact model-mlintern-pai2-72h-v4-r2-r4-recipe-cosine120-240m-s14-xe5n01w8
wandb: uploading history steps 41360-41360, summary, console lines 888-895
wandb: 
wandb: Run history:
wandb:                             epoch_time_s █▄▄▅▅▄▄▆▄▃█▂▃▂▃▅▆▅▁▄▅▄▃▄▃▄▃▄▁▃▅▁▁▄▂▄▇▆▇▃
wandb:                              global_step ▁▁▁▁▂▂▂▂▂▂▃▃▃▃▃▃▄▄▄▄▅▅▅▅▅▆▆▆▆▆▆▆▆▆▆▆▇▇▇█
wandb:                                       lr █████████▇▇▇▇▇▇▆▆▆▆▆▅▅▅▅▄▄▄▃▃▃▃▃▃▂▂▂▁▁▁▁
wandb:        test/test_geom_camber_cruise/loss ▁
wandb: test/test_geom_camber_cruise/mae_surf_Ux ▁
wandb: test/test_geom_camber_cruise/mae_surf_Uy ▁
wandb:  test/test_geom_camber_cruise/mae_surf_p ▁
wandb:  test/test_geom_camber_cruise/mae_vol_Ux ▁
wandb:  test/test_geom_camber_cruise/mae_vol_Uy ▁
wandb:   test/test_geom_camber_cruise/mae_vol_p ▁
wandb:                                      +81 ...
wandb: 
wandb: Run summary:
wandb:                               best_epoch 108
wandb:                  best_val_avg/mae_surf_p 56.95059
wandb:                             epoch_time_s 132.47858
wandb:                              global_step 41250
wandb:                                       lr 1e-05
wandb:        test/test_geom_camber_cruise/loss 0.05251
wandb: test/test_geom_camber_cruise/mae_surf_Ux 0.53922
wandb: test/test_geom_camber_cruise/mae_surf_Uy 0.29337
wandb:  test/test_geom_camber_cruise/mae_surf_p 32.27118
wandb:  test/test_geom_camber_cruise/mae_vol_Ux 1.60048
wandb:                                      +84 ...
wandb: 
wandb: 🚀 View run mlintern-pai2-72h-v4-r2/r4-recipe-cosine120-240m-s14 at: https://wandb.ai/wandb-applied-ai-team/senpai-v1-ml-intern/runs/xe5n01w8
wandb: ⭐️ View project at: https://wandb.ai/wandb-applied-ai-team/senpai-v1-ml-intern
wandb: Synced 7 W&B file(s), 0 media file(s), 3 artifact file(s) and 0 other file(s)
wandb: Find logs at: ./wandb/run-20260430_161919-xe5n01w8/logs
