Seeded with 51
Device: cuda
Train: 1499, val_single_in_dist: 100, val_geom_camber_rc: 100, val_geom_camber_cruise: 100, val_re_rand: 100
Model: Transolver (3.94M params)
wandb: [wandb.login()] Loaded credentials for https://api.wandb.ai from WANDB_API_KEY.
wandb: W&B API key is configured. Use `wandb login --relogin` to force relogin
wandb: Tracking run with wandb version 0.26.1
wandb: Run data is saved locally in /workspace/ml-intern-benchmark/target/wandb/run-20260430_204121-5rejws4o
wandb: Run `wandb offline` to turn off syncing.
wandb: Syncing run mlintern-pai2-72h-v4-r2/r5-scale-h256l8-sub32k-cosine160-360m-s51
wandb: ⭐️ View project at https://wandb.ai/wandb-applied-ai-team/senpai-v1-ml-intern
wandb: 🚀 View run at https://wandb.ai/wandb-applied-ai-team/senpai-v1-ml-intern/runs/5rejws4o
  ep1 step 100/375 loss=0.6613 vol=0.3984 surf=0.2629 lr=3.00e-04
  ep1 step 200/375 loss=0.5598 vol=0.3742 surf=0.1856 lr=3.00e-04
  ep1 step 300/375 loss=0.6368 vol=0.3583 surf=0.2786 lr=3.00e-04
Epoch   1 (131s) [17.1GB]  train[vol=1.3781 surf=0.9924]  val_avg_surf_p=237.0768 *
    val_single_in_dist         loss=2.4877  surf[p=258.6800 Ux=3.4212 Uy=1.4815]  vol[p=238.4500 Ux=6.9004 Uy=2.9903]
    val_geom_camber_rc         loss=2.3564  surf[p=306.2288 Ux=5.8037 Uy=1.9044]  vol[p=270.7480 Ux=8.7612 Uy=3.9164]
    val_geom_camber_cruise     loss=0.7845  surf[p=165.2772 Ux=3.2929 Uy=1.3199]  vol[p=144.1711 Ux=5.8340 Uy=2.3447]
    val_re_rand                loss=1.4935  surf[p=218.1210 Ux=4.3148 Uy=1.5120]  vol[p=189.7362 Ux=6.9272 Uy=2.9923]
  ep2 step 100/375 loss=0.4813 vol=0.3206 surf=0.1608 lr=3.00e-04
  ep2 step 200/375 loss=3.4235 vol=1.5821 surf=1.8415 lr=3.00e-04
  ep2 step 300/375 loss=0.6751 vol=0.3981 surf=0.2770 lr=3.00e-04
Epoch   2 (200s) [17.1GB]  train[vol=0.7888 surf=0.5811]  val_avg_surf_p=248.6310
    val_single_in_dist         loss=3.6034  surf[p=354.2193 Ux=4.3981 Uy=2.0359]  vol[p=310.9843 Ux=8.2995 Uy=3.4659]
    val_geom_camber_rc         loss=2.0391  surf[p=274.1598 Ux=5.1939 Uy=2.2388]  vol[p=242.7840 Ux=7.9516 Uy=4.3670]
    val_geom_camber_cruise     loss=1.0676  surf[p=164.3275 Ux=5.2636 Uy=1.3449]  vol[p=133.2740 Ux=8.7855 Uy=2.7248]
    val_re_rand                loss=1.3926  surf[p=201.8176 Ux=4.7735 Uy=1.6878]  vol[p=168.6916 Ux=7.9699 Uy=3.2996]
  ep3 step 100/375 loss=15.3610 vol=8.8400 surf=6.5211 lr=3.00e-04
  ep3 step 200/375 loss=2.8685 vol=1.6771 surf=1.1914 lr=3.00e-04
  ep3 step 300/375 loss=1.9796 vol=1.1455 surf=0.8340 lr=3.00e-04
Epoch   3 (192s) [17.1GB]  train[vol=0.8157 surf=0.5753]  val_avg_surf_p=203.0410 *
    val_single_in_dist         loss=2.1519  surf[p=277.3720 Ux=2.9305 Uy=1.2698]  vol[p=252.9719 Ux=6.1749 Uy=3.0100]
    val_geom_camber_rc         loss=1.5384  surf[p=218.9352 Ux=5.0268 Uy=1.4592]  vol[p=200.7996 Ux=7.7106 Uy=3.2486]
    val_geom_camber_cruise     loss=0.6207  surf[p=141.1327 Ux=3.5698 Uy=0.8262]  vol[p=115.0687 Ux=6.0063 Uy=1.7731]
    val_re_rand                loss=1.0275  surf[p=174.7240 Ux=3.9201 Uy=1.1152]  vol[p=149.4044 Ux=6.4591 Uy=2.4146]
  ep4 step 100/375 loss=1.2065 vol=0.6398 surf=0.5667 lr=3.00e-04
  ep4 step 200/375 loss=0.2373 vol=0.1610 surf=0.0763 lr=3.00e-04
  ep4 step 300/375 loss=0.8367 vol=0.5479 surf=0.2888 lr=3.00e-04
Epoch   4 (183s) [17.1GB]  train[vol=0.5492 surf=0.4168]  val_avg_surf_p=189.1596 *
    val_single_in_dist         loss=1.7566  surf[p=222.7324 Ux=2.4842 Uy=1.1744]  vol[p=190.8662 Ux=5.6779 Uy=2.3927]
    val_geom_camber_rc         loss=1.4642  surf[p=219.0248 Ux=4.5021 Uy=1.3701]  vol[p=195.9630 Ux=7.1259 Uy=3.0655]
    val_geom_camber_cruise     loss=0.5281  surf[p=144.8803 Ux=2.7327 Uy=0.9285]  vol[p=119.3534 Ux=5.2258 Uy=1.8496]
    val_re_rand                loss=0.9384  surf[p=170.0010 Ux=3.2999 Uy=1.1018]  vol[p=145.2966 Ux=5.7433 Uy=2.3206]
  ep5 step 100/375 loss=1.8857 vol=1.0311 surf=0.8546 lr=3.00e-04
  ep5 step 200/375 loss=0.3371 vol=0.1890 surf=0.1481 lr=3.00e-04
  ep5 step 300/375 loss=0.7328 vol=0.4725 surf=0.2603 lr=3.00e-04
Epoch   5 (173s) [17.1GB]  train[vol=0.5718 surf=0.4227]  val_avg_surf_p=166.2291 *
    val_single_in_dist         loss=1.4392  surf[p=196.4684 Ux=2.4819 Uy=1.0036]  vol[p=171.7674 Ux=5.5674 Uy=2.1074]
    val_geom_camber_rc         loss=1.2158  surf[p=188.1821 Ux=4.2075 Uy=1.3678]  vol[p=171.7652 Ux=6.8490 Uy=2.8692]
    val_geom_camber_cruise     loss=0.4904  surf[p=125.9451 Ux=3.1956 Uy=0.8001]  vol[p=103.5546 Ux=5.6016 Uy=1.4738]
    val_re_rand                loss=0.8590  surf[p=154.3207 Ux=3.4802 Uy=1.0899]  vol[p=132.8764 Ux=5.9475 Uy=2.1211]
  ep6 step 100/375 loss=0.8243 vol=0.5156 surf=0.3087 lr=2.99e-04
  ep6 step 200/375 loss=0.5403 vol=0.3509 surf=0.1895 lr=2.99e-04
  ep6 step 300/375 loss=0.8139 vol=0.5055 surf=0.3085 lr=2.99e-04
