Device: cuda
Train: 1499, val_single_in_dist: 100, val_geom_camber_rc: 100, val_geom_camber_cruise: 100, val_re_rand: 100
Model: Transolver (3.94M params)  grad_checkpoint=True
wandb: [wandb.login()] Loaded credentials for https://api.wandb.ai from WANDB_API_KEY.
wandb: W&B API key is configured. Use `wandb login --relogin` to force relogin
wandb: Tracking run with wandb version 0.26.1
wandb: Run data is saved locally in /workspace/ml-intern-benchmark/target/wandb/run-20260430_142539-7243go8b
wandb: Run `wandb offline` to turn off syncing.
wandb: Syncing run mlintern-pai2-24h-v3-r1/v3-pure-b2-e50
wandb: ⭐️ View project at https://wandb.ai/wandb-applied-ai-team/senpai-v1-ml-intern
wandb: 🚀 View run at https://wandb.ai/wandb-applied-ai-team/senpai-v1-ml-intern/runs/7243go8b
Epoch   1 (494s) [15.6GB]  train[vol=2.2995 surf=0.9710]  val_avg_surf_p=262.8504 *
    val_single_in_dist         loss=48.2797  surf[p=360.0000 Ux=4.1840 Uy=1.6957]  vol[p=374.7860 Ux=14.4323 Uy=4.6868]
    val_geom_camber_rc         loss=26.8874  surf[p=253.1073 Ux=5.6465 Uy=1.9031]  vol[p=287.0141 Ux=13.5697 Uy=5.2216]
    val_geom_camber_cruise     loss=15.8372  surf[p=228.3584 Ux=3.7241 Uy=1.4679]  vol[p=211.0285 Ux=10.4317 Uy=3.6714]
    val_re_rand                loss=17.1331  surf[p=209.9359 Ux=4.3925 Uy=1.5368]  vol[p=227.0715 Ux=11.8030 Uy=4.0040]
Epoch   2 (482s) [15.6GB]  train[vol=1.5235 surf=0.6774]  val_avg_surf_p=274.6953
    val_single_in_dist         loss=41.1721  surf[p=335.3718 Ux=3.7917 Uy=1.2916]  vol[p=383.7324 Ux=11.6157 Uy=4.2484]
    val_geom_camber_rc         loss=25.7998  surf[p=278.5071 Ux=5.9464 Uy=1.7623]  vol[p=328.2160 Ux=12.2810 Uy=5.1399]
    val_geom_camber_cruise     loss=15.5414  surf[p=246.5656 Ux=4.2698 Uy=1.1717]  vol[p=241.9038 Ux=9.2906 Uy=3.3355]
    val_re_rand                loss=16.6896  surf[p=238.3365 Ux=4.6024 Uy=1.3033]  vol[p=263.2767 Ux=10.1799 Uy=3.8670]
Epoch   3 (490s) [15.6GB]  train[vol=1.3351 surf=0.5746]  val_avg_surf_p=204.6497 *
    val_single_in_dist         loss=28.3436  surf[p=227.0964 Ux=2.4238 Uy=1.2081]  vol[p=317.9822 Ux=10.7000 Uy=3.8041]
    val_geom_camber_rc         loss=18.7164  surf[p=227.2905 Ux=4.4779 Uy=1.5513]  vol[p=344.9319 Ux=12.8500 Uy=4.6277]
    val_geom_camber_cruise     loss=8.0219  surf[p=172.4875 Ux=2.0125 Uy=1.1650]  vol[p=205.8895 Ux=8.5243 Uy=2.9348]
    val_re_rand                loss=12.6617  surf[p=191.7244 Ux=3.2663 Uy=1.3193]  vol[p=247.9826 Ux=10.2893 Uy=3.4332]
Epoch   4 (499s) [15.6GB]  train[vol=1.0901 surf=0.5195]  val_avg_surf_p=174.3040 *
    val_single_in_dist         loss=24.9739  surf[p=203.9486 Ux=2.6411 Uy=1.0848]  vol[p=231.8446 Ux=9.1133 Uy=3.1843]
    val_geom_camber_rc         loss=18.0149  surf[p=201.1659 Ux=4.4868 Uy=1.4189]  vol[p=206.3239 Ux=10.5864 Uy=3.9767]
    val_geom_camber_cruise     loss=6.5201  surf[p=135.4781 Ux=2.3500 Uy=0.8868]  vol[p=156.4848 Ux=6.8154 Uy=2.2570]
    val_re_rand                loss=11.2092  surf[p=156.6233 Ux=3.1934 Uy=1.1320]  vol[p=169.2601 Ux=8.2887 Uy=2.8825]
Epoch   5 (486s) [15.6GB]  train[vol=1.0493 surf=0.5214]  val_avg_surf_p=188.8903
    val_single_in_dist         loss=41.0391  surf[p=271.4495 Ux=4.1682 Uy=1.2518]  vol[p=290.5876 Ux=9.1779 Uy=3.2383]
    val_geom_camber_rc         loss=15.2434  surf[p=181.9856 Ux=3.7907 Uy=1.4273]  vol[p=201.5280 Ux=9.7685 Uy=3.8106]
    val_geom_camber_cruise     loss=7.5231  surf[p=148.7949 Ux=3.2792 Uy=0.8557]  vol[p=143.9588 Ux=6.7525 Uy=2.3311]
    val_re_rand                loss=9.9425  surf[p=153.3311 Ux=3.3060 Uy=1.0776]  vol[p=160.7166 Ux=7.8537 Uy=2.8295]
Epoch   6 (493s) [15.6GB]  train[vol=0.8218 surf=0.3859]  val_avg_surf_p=175.2299
    val_single_in_dist         loss=27.0592  surf[p=212.9157 Ux=2.5547 Uy=1.0425]  vol[p=226.8304 Ux=8.3018 Uy=3.2012]
    val_geom_camber_rc         loss=18.7312  surf[p=209.7437 Ux=3.9915 Uy=1.4960]  vol[p=199.7878 Ux=9.3947 Uy=3.9693]
    val_geom_camber_cruise     loss=5.6152  surf[p=126.2080 Ux=2.2227 Uy=0.8086]  vol[p=134.7197 Ux=5.2609 Uy=2.2946]
    val_re_rand                loss=10.0624  surf[p=152.0523 Ux=2.8546 Uy=1.0958]  vol[p=149.1219 Ux=6.6560 Uy=2.8520]
Epoch   7 (491s) [15.6GB]  train[vol=0.9442 surf=0.4919]  val_avg_surf_p=213.7049
    val_single_in_dist         loss=38.8212  surf[p=292.6978 Ux=5.1689 Uy=1.3060]  vol[p=264.6485 Ux=12.3158 Uy=3.8662]
    val_geom_camber_rc         loss=17.3140  surf[p=202.0827 Ux=3.8061 Uy=1.4425]  vol[p=208.1730 Ux=9.6624 Uy=4.3567]
    val_geom_camber_cruise     loss=11.3956  surf[p=183.2609 Ux=2.7267 Uy=1.2381]  vol[p=175.1050 Ux=6.9781 Uy=3.0880]
    val_re_rand                loss=12.1371  surf[p=176.7781 Ux=2.8895 Uy=1.3235]  vol[p=181.1242 Ux=7.6774 Uy=3.5299]
Epoch   8 (485s) [15.6GB]  train[vol=0.8935 surf=0.4419]  val_avg_surf_p=156.0224 *
    val_single_in_dist         loss=13.5479  surf[p=166.9477 Ux=2.0558 Uy=0.9735]  vol[p=216.2890 Ux=7.9136 Uy=3.0057]
    val_geom_camber_rc         loss=13.3089  surf[p=170.4595 Ux=3.3820 Uy=1.3703]  vol[p=183.9510 Ux=8.7086 Uy=3.8850]
    val_geom_camber_cruise     loss=5.3929  surf[p=137.5763 Ux=1.5957 Uy=0.7686]  vol[p=148.8357 Ux=5.1406 Uy=2.2859]
    val_re_rand                loss=8.8339  surf[p=149.1060 Ux=2.3786 Uy=1.0560]  vol[p=155.7324 Ux=6.5677 Uy=2.8416]
Epoch   9 (496s) [15.6GB]  train[vol=0.8284 surf=0.3972]  val_avg_surf_p=148.6455 *
    val_single_in_dist         loss=14.2167  surf[p=181.5449 Ux=2.3655 Uy=1.0398]  vol[p=216.5555 Ux=8.1545 Uy=2.9650]
    val_geom_camber_rc         loss=12.3659  surf[p=164.7557 Ux=3.3655 Uy=1.3737]  vol[p=187.3381 Ux=9.0077 Uy=3.7019]
    val_geom_camber_cruise     loss=4.7193  surf[p=114.3933 Ux=1.5818 Uy=0.7104]  vol[p=128.0630 Ux=4.9456 Uy=2.2480]
    val_re_rand                loss=7.8956  surf[p=133.8883 Ux=2.3002 Uy=1.0059]  vol[p=143.8357 Ux=6.5859 Uy=2.7998]
Epoch  10 (492s) [15.6GB]  train[vol=0.7041 surf=0.3155]  val_avg_surf_p=152.5520
    val_single_in_dist         loss=13.0149  surf[p=172.1360 Ux=2.2841 Uy=0.9063]  vol[p=201.3179 Ux=7.4192 Uy=2.9402]
    val_geom_camber_rc         loss=11.2754  surf[p=153.1793 Ux=2.8729 Uy=1.2095]  vol[p=182.6734 Ux=8.5123 Uy=3.7570]
    val_geom_camber_cruise     loss=6.7209  surf[p=143.1256 Ux=2.1635 Uy=0.7983]  vol[p=172.8177 Ux=5.8238 Uy=2.1079]
    val_re_rand                loss=8.0923  surf[p=141.7671 Ux=2.4276 Uy=1.0154]  vol[p=168.2548 Ux=6.8341 Uy=2.7662]
Epoch  11 (492s) [15.6GB]  train[vol=1.0429 surf=0.5468]  val_avg_surf_p=146.8329 *
    val_single_in_dist         loss=19.7423  surf[p=185.6879 Ux=2.8578 Uy=0.9530]  vol[p=253.1282 Ux=8.1795 Uy=3.0936]
    val_geom_camber_rc         loss=11.5647  surf[p=155.9572 Ux=2.8798 Uy=1.2270]  vol[p=198.0144 Ux=8.4587 Uy=3.7572]
    val_geom_camber_cruise     loss=4.5207  surf[p=110.7818 Ux=1.8453 Uy=0.6916]  vol[p=137.8472 Ux=4.9654 Uy=2.1251]
    val_re_rand                loss=8.3967  surf[p=134.9047 Ux=2.4568 Uy=0.9638]  vol[p=157.0024 Ux=6.4303 Uy=2.7647]
Epoch  12 (493s) [15.6GB]  train[vol=0.7227 surf=0.3416]  val_avg_surf_p=141.0854 *
    val_single_in_dist         loss=15.5859  surf[p=180.5723 Ux=1.9427 Uy=0.9490]  vol[p=204.8789 Ux=7.1347 Uy=3.0517]
    val_geom_camber_rc         loss=10.6569  surf[p=152.6885 Ux=3.0995 Uy=1.1565]  vol[p=178.5378 Ux=7.8861 Uy=3.5599]
    val_geom_camber_cruise     loss=4.3271  surf[p=103.9856 Ux=1.8832 Uy=0.7087]  vol[p=133.3292 Ux=5.1563 Uy=2.0155]
    val_re_rand                loss=7.8401  surf[p=127.0952 Ux=2.4071 Uy=0.9465]  vol[p=148.5172 Ux=6.3176 Uy=2.6800]
Epoch  13 (487s) [15.6GB]  train[vol=0.6533 surf=0.2909]  val_avg_surf_p=149.0175
    val_single_in_dist         loss=20.7523  surf[p=195.8523 Ux=2.4349 Uy=1.0007]  vol[p=207.0207 Ux=7.0215 Uy=2.9218]
    val_geom_camber_rc         loss=11.1222  surf[p=147.1994 Ux=3.2961 Uy=1.2366]  vol[p=162.3370 Ux=8.4472 Uy=3.4914]
    val_geom_camber_cruise     loss=4.6275  surf[p=121.3670 Ux=2.2902 Uy=0.6730]  vol[p=132.1213 Ux=5.4604 Uy=2.1025]
    val_re_rand                loss=7.7197  surf[p=131.6511 Ux=2.8552 Uy=0.9296]  vol[p=142.6149 Ux=6.7679 Uy=2.6466]
Epoch  14 (489s) [15.6GB]  train[vol=0.7063 surf=0.3180]  val_avg_surf_p=151.6938
    val_single_in_dist         loss=23.8921  surf[p=209.0539 Ux=2.7776 Uy=1.0000]  vol[p=193.5963 Ux=6.5883 Uy=2.7702]
    val_geom_camber_rc         loss=11.6692  surf[p=152.3404 Ux=3.2957 Uy=1.2378]  vol[p=165.1622 Ux=7.4720 Uy=3.5355]
    val_geom_camber_cruise     loss=5.0161  surf[p=115.8252 Ux=2.7481 Uy=0.7125]  vol[p=133.5585 Ux=5.3984 Uy=2.0556]
    val_re_rand                loss=8.0061  surf[p=129.5560 Ux=3.0562 Uy=0.9619]  vol[p=138.0669 Ux=6.2961 Uy=2.6507]
Epoch  15 (487s) [15.6GB]  train[vol=0.7052 surf=0.3459]  val_avg_surf_p=124.2644 *
    val_single_in_dist         loss=9.9791  surf[p=142.7562 Ux=1.9899 Uy=0.8286]  vol[p=194.3980 Ux=6.8273 Uy=2.7664]
    val_geom_camber_rc         loss=10.4831  surf[p=138.5727 Ux=2.8977 Uy=1.0922]  vol[p=167.5685 Ux=7.8493 Uy=3.4261]
    val_geom_camber_cruise     loss=3.5414  surf[p=101.3783 Ux=1.6152 Uy=0.6056]  vol[p=140.3325 Ux=5.0111 Uy=1.9522]
    val_re_rand                loss=6.6103  surf[p=114.3506 Ux=2.1253 Uy=0.8697]  vol[p=142.8514 Ux=5.9711 Uy=2.5400]
Epoch  16 (490s) [15.6GB]  train[vol=0.6129 surf=0.2897]  val_avg_surf_p=118.9722 *
    val_single_in_dist         loss=10.6070  surf[p=136.8298 Ux=1.5906 Uy=0.8711]  vol[p=167.7923 Ux=6.1853 Uy=2.6640]
    val_geom_camber_rc         loss=9.1678  surf[p=128.2041 Ux=2.5750 Uy=1.0960]  vol[p=149.3386 Ux=7.5669 Uy=3.4847]
    val_geom_camber_cruise     loss=3.5721  surf[p=98.7485 Ux=1.2934 Uy=0.8163]  vol[p=109.8371 Ux=4.3363 Uy=1.9216]
    val_re_rand                loss=6.4438  surf[p=112.1067 Ux=1.9475 Uy=0.9469]  vol[p=124.1281 Ux=5.6660 Uy=2.5154]
Epoch  17 (485s) [15.6GB]  train[vol=0.5586 surf=0.2773]  val_avg_surf_p=127.0882
    val_single_in_dist         loss=12.7057  surf[p=163.4618 Ux=1.6759 Uy=0.8168]  vol[p=177.0745 Ux=5.8815 Uy=2.5468]
    val_geom_camber_rc         loss=7.9861  surf[p=122.2402 Ux=2.6740 Uy=1.0635]  vol[p=133.6427 Ux=7.2330 Uy=3.2632]
    val_geom_camber_cruise     loss=3.8691  surf[p=105.5785 Ux=1.6011 Uy=0.7094]  vol[p=116.8267 Ux=4.6834 Uy=1.7678]
    val_re_rand                loss=6.3993  surf[p=117.0724 Ux=2.1017 Uy=0.8792]  vol[p=125.0938 Ux=5.7057 Uy=2.3916]
Epoch  18 (481s) [15.6GB]  train[vol=0.5281 surf=0.2411]  val_avg_surf_p=118.3166 *
    val_single_in_dist         loss=11.8062  surf[p=147.1356 Ux=2.1640 Uy=0.7813]  vol[p=161.3718 Ux=6.1307 Uy=2.4874]
    val_geom_camber_rc         loss=7.6574  surf[p=124.3645 Ux=2.4485 Uy=1.0587]  vol[p=134.9479 Ux=7.3436 Uy=3.1964]
    val_geom_camber_cruise     loss=3.2876  surf[p=92.5996 Ux=1.3926 Uy=0.6113]  vol[p=117.9447 Ux=4.2648 Uy=1.7078]
    val_re_rand                loss=6.0473  surf[p=109.1666 Ux=1.9513 Uy=0.8303]  vol[p=128.1780 Ux=5.4869 Uy=2.3580]
