wandb: [wandb.login()] Loaded credentials for https://api.wandb.ai from WANDB_API_KEY.
wandb: W&B API key is configured. Use `wandb login --relogin` to force relogin
wandb: setting up run y2s0betq
wandb: Tracking run with wandb version 0.25.1
wandb: Run data is saved locally in /workspace/ml-intern-benchmark/target/wandb/run-20260429_233403-y2s0betq
wandb: Run `wandb offline` to turn off syncing.
wandb: Syncing run mlintern-pai2-24h-v2-r1/wc-lr1e3-sw50-100ep-seed1
wandb: ⭐️ View project at https://wandb.ai/wandb-applied-ai-team/senpai-v1-ml-intern
wandb: 🚀 View run at https://wandb.ai/wandb-applied-ai-team/senpai-v1-ml-intern/runs/y2s0betq
Device: cuda
Train: 1499, val_single_in_dist: 100, val_geom_camber_rc: 100, val_geom_camber_cruise: 100, val_re_rand: 100
Model: Transolver (0.66M params)
Epoch   1 (137s) [46.6GB]  train[vol=2.4130 surf=1.4586]  val_avg_surf_p=239.5120 *  lr=2.01e-04
    val_single_in_dist         loss=99.3785  surf[p=313.4464 Ux=4.7790 Uy=1.6343]  vol[p=303.9357 Ux=13.1327 Uy=5.1494]
    val_geom_camber_rc         loss=43.5697  surf[p=248.3953 Ux=5.2086 Uy=1.9582]  vol[p=260.7219 Ux=12.0466 Uy=5.1755]
    val_geom_camber_cruise     loss=20.0891  surf[p=199.9743 Ux=2.9875 Uy=1.4515]  vol[p=233.6029 Ux=9.8017 Uy=3.6588]
    val_re_rand                loss=25.8553  surf[p=196.2320 Ux=3.7843 Uy=1.5723]  vol[p=220.5562 Ux=10.5795 Uy=4.1234]
Epoch   2 (138s) [46.6GB]  train[vol=1.6163 surf=0.7135]  val_avg_surf_p=216.3607 *  lr=4.01e-04
    val_single_in_dist         loss=67.0838  surf[p=273.0499 Ux=4.5101 Uy=1.6065]  vol[p=299.5293 Ux=12.6004 Uy=4.7284]
    val_geom_camber_rc         loss=32.3874  surf[p=230.1030 Ux=4.6297 Uy=1.7779]  vol[p=224.0440 Ux=11.5360 Uy=4.8290]
    val_geom_camber_cruise     loss=17.5115  surf[p=174.6983 Ux=2.8408 Uy=1.0694]  vol[p=207.9566 Ux=8.7510 Uy=3.1533]
    val_re_rand                loss=22.5058  surf[p=187.5914 Ux=3.4711 Uy=1.3418]  vol[p=203.0652 Ux=9.5745 Uy=3.6829]
Epoch   3 (136s) [47.1GB]  train[vol=1.4708 surf=0.6192]  val_avg_surf_p=231.6802  lr=6.00e-04
    val_single_in_dist         loss=76.7459  surf[p=311.5288 Ux=4.5176 Uy=1.1516]  vol[p=286.2725 Ux=11.3222 Uy=4.4286]
    val_geom_camber_rc         loss=45.4282  surf[p=286.9988 Ux=5.3161 Uy=1.5950]  vol[p=248.9825 Ux=11.6590 Uy=5.0449]
    val_geom_camber_cruise     loss=12.2660  surf[p=142.0297 Ux=2.6827 Uy=0.9062]  vol[p=164.0801 Ux=7.7285 Uy=2.9467]
    val_re_rand                loss=23.2538  surf[p=186.1634 Ux=3.5357 Uy=1.1362]  vol[p=177.3633 Ux=8.8856 Uy=3.6412]
Epoch   4 (135s) [47.1GB]  train[vol=1.3460 surf=0.5518]  val_avg_surf_p=210.3032 *  lr=8.00e-04
    val_single_in_dist         loss=59.6718  surf[p=272.4952 Ux=3.5439 Uy=1.3913]  vol[p=278.5431 Ux=11.5143 Uy=4.7771]
    val_geom_camber_rc         loss=35.0355  surf[p=251.8503 Ux=4.4993 Uy=1.6040]  vol[p=239.6773 Ux=11.5070 Uy=5.0792]
    val_geom_camber_cruise     loss=11.8010  surf[p=138.1527 Ux=2.6063 Uy=0.9073]  vol[p=163.3137 Ux=8.3581 Uy=2.9079]
    val_re_rand                loss=20.7897  surf[p=178.7145 Ux=3.4735 Uy=1.1803]  vol[p=181.6389 Ux=9.4732 Uy=3.6542]
Epoch   5 (137s) [47.1GB]  train[vol=1.3838 surf=0.5659]  val_avg_surf_p=195.8932 *  lr=1.00e-03
    val_single_in_dist         loss=51.0228  surf[p=233.6682 Ux=4.0125 Uy=1.1937]  vol[p=307.4102 Ux=10.7670 Uy=4.5226]
    val_geom_camber_rc         loss=27.9453  surf[p=211.0056 Ux=4.7699 Uy=1.3764]  vol[p=260.6999 Ux=10.0209 Uy=4.7868]
    val_geom_camber_cruise     loss=15.1310  surf[p=159.7916 Ux=3.3662 Uy=0.8585]  vol[p=190.8558 Ux=8.2393 Uy=2.7648]
    val_re_rand                loss=20.2127  surf[p=179.1073 Ux=4.0685 Uy=1.1040]  vol[p=207.2365 Ux=8.8235 Uy=3.4442]
Epoch   6 (138s) [47.1GB]  train[vol=1.1547 surf=0.4823]  val_avg_surf_p=179.1740 *  lr=1.00e-03
    val_single_in_dist         loss=43.0907  surf[p=233.8309 Ux=2.1841 Uy=1.2567]  vol[p=205.8260 Ux=8.7826 Uy=3.6746]
    val_geom_camber_rc         loss=27.9906  surf[p=203.1118 Ux=3.3759 Uy=1.4082]  vol[p=188.9713 Ux=9.6431 Uy=4.1672]
    val_geom_camber_cruise     loss=9.8083  surf[p=122.6766 Ux=2.1032 Uy=0.7584]  vol[p=133.2067 Ux=6.7113 Uy=2.2772]
    val_re_rand                loss=18.7952  surf[p=157.0768 Ux=2.7538 Uy=1.0907]  vol[p=150.2859 Ux=7.8997 Uy=3.0433]
Epoch   7 (135s) [47.1GB]  train[vol=1.0224 surf=0.4125]  val_avg_surf_p=151.5934 *  lr=9.99e-04
    val_single_in_dist         loss=40.0005  surf[p=193.8154 Ux=3.1004 Uy=0.8896]  vol[p=223.1630 Ux=9.4861 Uy=3.6456]
    val_geom_camber_rc         loss=21.1472  surf[p=170.4404 Ux=3.5561 Uy=1.1973]  vol[p=181.0829 Ux=9.0171 Uy=4.0448]
    val_geom_camber_cruise     loss=7.2433  surf[p=109.0202 Ux=1.9428 Uy=0.6528]  vol[p=147.3886 Ux=6.2688 Uy=2.2681]
    val_re_rand                loss=13.9439  surf[p=133.0978 Ux=2.5985 Uy=0.9145]  vol[p=151.1632 Ux=7.2298 Uy=2.9515]
Epoch   8 (135s) [47.1GB]  train[vol=0.8818 surf=0.3883]  val_avg_surf_p=142.3708 *  lr=9.98e-04
    val_single_in_dist         loss=33.3587  surf[p=173.8938 Ux=2.6352 Uy=0.9269]  vol[p=208.0548 Ux=8.8789 Uy=3.4000]
    val_geom_camber_rc         loss=20.7375  surf[p=165.0955 Ux=3.4657 Uy=1.2410]  vol[p=165.0680 Ux=8.7044 Uy=3.9002]
    val_geom_camber_cruise     loss=6.9807  surf[p=106.7214 Ux=1.7636 Uy=0.6380]  vol[p=156.8286 Ux=6.6838 Uy=2.2199]
    val_re_rand                loss=12.3236  surf[p=123.7724 Ux=2.4228 Uy=0.9035]  vol[p=147.3352 Ux=7.2652 Uy=2.8485]
Epoch   9 (137s) [47.1GB]  train[vol=0.7884 surf=0.3345]  val_avg_surf_p=149.9412  lr=9.96e-04
    val_single_in_dist         loss=30.8599  surf[p=183.9739 Ux=2.1937 Uy=0.9500]  vol[p=187.7396 Ux=7.7214 Uy=3.1775]
    val_geom_camber_rc         loss=20.0121  surf[p=167.4161 Ux=3.3156 Uy=1.2513]  vol[p=162.8878 Ux=8.6129 Uy=3.7375]
    val_geom_camber_cruise     loss=7.9995  surf[p=116.9305 Ux=1.9015 Uy=0.7561]  vol[p=123.4759 Ux=5.6800 Uy=2.0651]
    val_re_rand                loss=12.4868  surf[p=131.4442 Ux=2.4096 Uy=0.9645]  vol[p=132.3410 Ux=6.7291 Uy=2.6658]
Epoch  10 (136s) [47.1GB]  train[vol=0.6703 surf=0.2859]  val_avg_surf_p=127.0295 *  lr=9.93e-04
    val_single_in_dist         loss=27.1135  surf[p=156.9400 Ux=2.4191 Uy=1.0007]  vol[p=189.8895 Ux=8.3209 Uy=3.3526]
    val_geom_camber_rc         loss=16.4698  surf[p=136.0973 Ux=2.7895 Uy=1.1841]  vol[p=159.8388 Ux=7.7387 Uy=3.7356]
    val_geom_camber_cruise     loss=6.4486  surf[p=102.8112 Ux=1.3498 Uy=0.7540]  vol[p=128.7232 Ux=5.0425 Uy=2.1101]
    val_re_rand                loss=10.0757  surf[p=112.2696 Ux=1.9631 Uy=0.9442]  vol[p=129.5622 Ux=5.9753 Uy=2.7602]
Epoch  11 (136s) [47.1GB]  train[vol=0.6926 surf=0.3064]  val_avg_surf_p=131.9006  lr=9.90e-04
    val_single_in_dist         loss=30.8371  surf[p=175.3374 Ux=1.7564 Uy=0.8875]  vol[p=183.6007 Ux=6.9998 Uy=3.0703]
    val_geom_camber_rc         loss=16.2305  surf[p=138.4959 Ux=2.4501 Uy=1.0497]  vol[p=160.5729 Ux=7.0413 Uy=3.5483]
    val_geom_camber_cruise     loss=6.1977  surf[p=101.2153 Ux=1.3526 Uy=0.6126]  vol[p=130.7975 Ux=4.5199 Uy=1.9646]
    val_re_rand                loss=10.1248  surf[p=112.5537 Ux=1.9259 Uy=0.8322]  vol[p=131.2219 Ux=5.5598 Uy=2.5769]
Epoch  12 (134s) [47.1GB]  train[vol=0.6770 surf=0.3296]  val_avg_surf_p=139.7710  lr=9.87e-04
    val_single_in_dist         loss=25.6614  surf[p=159.5331 Ux=2.5983 Uy=0.8843]  vol[p=175.4722 Ux=6.5720 Uy=2.7081]
    val_geom_camber_rc         loss=18.0771  surf[p=164.8959 Ux=2.8350 Uy=1.1259]  vol[p=171.9256 Ux=6.6013 Uy=3.4352]
    val_geom_camber_cruise     loss=7.6231  surf[p=102.9982 Ux=2.8317 Uy=0.7694]  vol[p=131.9339 Ux=5.3863 Uy=1.9212]
    val_re_rand                loss=12.9755  surf[p=131.6566 Ux=2.7592 Uy=0.9694]  vol[p=143.1705 Ux=5.9095 Uy=2.5683]
Epoch  13 (135s) [47.1GB]  train[vol=0.5616 surf=0.2489]  val_avg_surf_p=125.8735 *  lr=9.83e-04
    val_single_in_dist         loss=17.9839  surf[p=135.4081 Ux=1.8561 Uy=0.8347]  vol[p=159.8481 Ux=6.2962 Uy=2.6194]
    val_geom_camber_rc         loss=14.4922  surf[p=130.0418 Ux=2.9024 Uy=1.0527]  vol[p=150.0378 Ux=7.0665 Uy=3.2737]
    val_geom_camber_cruise     loss=6.8860  surf[p=117.2116 Ux=1.6369 Uy=0.6629]  vol[p=121.7678 Ux=4.4247 Uy=1.9025]
    val_re_rand                loss=10.3331  surf[p=120.8326 Ux=2.2148 Uy=0.8467]  vol[p=125.9710 Ux=5.3881 Uy=2.4739]
Epoch  14 (136s) [47.1GB]  train[vol=0.5267 surf=0.2325]  val_avg_surf_p=126.8520  lr=9.78e-04
    val_single_in_dist         loss=24.3641  surf[p=145.1354 Ux=2.2272 Uy=0.8762]  vol[p=172.3341 Ux=6.5299 Uy=3.1106]
    val_geom_camber_rc         loss=17.1193  surf[p=159.3904 Ux=3.8745 Uy=1.1238]  vol[p=174.0395 Ux=7.9630 Uy=3.5426]
    val_geom_camber_cruise     loss=5.1904  surf[p=89.0827 Ux=1.7812 Uy=0.5623]  vol[p=105.9100 Ux=4.6173 Uy=1.7367]
    val_re_rand                loss=10.0952  surf[p=113.7995 Ux=2.6030 Uy=0.7853]  vol[p=125.1841 Ux=5.8523 Uy=2.4865]
Epoch  15 (135s) [47.1GB]  train[vol=0.5642 surf=0.2517]  val_avg_surf_p=119.2047 *  lr=9.73e-04
    val_single_in_dist         loss=21.1346  surf[p=137.4495 Ux=2.2536 Uy=0.7963]  vol[p=154.4089 Ux=6.4424 Uy=2.7659]
    val_geom_camber_rc         loss=16.3456  surf[p=137.4711 Ux=2.6803 Uy=1.0867]  vol[p=151.9775 Ux=6.8515 Uy=3.3305]
    val_geom_camber_cruise     loss=4.6505  surf[p=90.8185 Ux=1.0725 Uy=0.6620]  vol[p=126.1120 Ux=4.1948 Uy=1.7578]
    val_re_rand                loss=10.2611  surf[p=111.0796 Ux=1.7538 Uy=0.8308]  vol[p=130.2586 Ux=5.2425 Uy=2.4149]
Epoch  16 (138s) [47.1GB]  train[vol=0.4516 surf=0.1967]  val_avg_surf_p=112.8277 *  lr=9.67e-04
    val_single_in_dist         loss=21.2813  surf[p=135.0427 Ux=1.4890 Uy=0.7707]  vol[p=162.2855 Ux=5.9901 Uy=2.6410]
    val_geom_camber_rc         loss=14.1008  surf[p=125.8007 Ux=2.1935 Uy=1.0417]  vol[p=148.9326 Ux=6.6713 Uy=3.3608]
    val_geom_camber_cruise     loss=5.1465  surf[p=83.4325 Ux=1.8086 Uy=0.6327]  vol[p=98.8218 Ux=4.1405 Uy=1.7169]
    val_re_rand                loss=9.6700  surf[p=107.0349 Ux=2.0690 Uy=0.8186]  vol[p=115.9665 Ux=5.1982 Uy=2.3956]
Epoch  17 (136s) [47.1GB]  train[vol=0.5303 surf=0.2621]  val_avg_surf_p=110.4111 *  lr=9.61e-04
    val_single_in_dist         loss=19.1574  surf[p=128.1545 Ux=1.7100 Uy=0.8132]  vol[p=163.0177 Ux=6.1044 Uy=2.6305]
    val_geom_camber_rc         loss=11.8732  surf[p=115.3662 Ux=2.0922 Uy=0.9741]  vol[p=149.7957 Ux=6.2350 Uy=3.2330]
    val_geom_camber_cruise     loss=4.7627  surf[p=92.1562 Ux=1.0384 Uy=0.5281]  vol[p=121.8599 Ux=4.0051 Uy=1.6072]
    val_re_rand                loss=9.2909  surf[p=105.9676 Ux=1.6756 Uy=0.7122]  vol[p=126.4323 Ux=5.0312 Uy=2.2767]
Epoch  18 (137s) [47.1GB]  train[vol=0.4503 surf=0.1960]  val_avg_surf_p=112.4878  lr=9.55e-04
    val_single_in_dist         loss=21.3140  surf[p=134.5982 Ux=1.5913 Uy=0.7840]  vol[p=158.2008 Ux=5.4608 Uy=2.4455]
    val_geom_camber_rc         loss=13.7740  surf[p=135.1934 Ux=2.3333 Uy=0.9035]  vol[p=155.0846 Ux=5.8040 Uy=3.1606]
    val_geom_camber_cruise     loss=4.0437  surf[p=79.0724 Ux=1.2440 Uy=0.5355]  vol[p=99.9881 Ux=3.9527 Uy=1.5489]
    val_re_rand                loss=8.0819  surf[p=101.0871 Ux=1.7612 Uy=0.7010]  vol[p=115.5723 Ux=4.6041 Uy=2.2289]
Epoch  19 (136s) [47.1GB]  train[vol=0.4623 surf=0.2286]  val_avg_surf_p=117.6087  lr=9.47e-04
    val_single_in_dist         loss=20.7763  surf[p=131.7396 Ux=1.6411 Uy=0.7225]  vol[p=154.8545 Ux=5.5072 Uy=2.3480]
    val_geom_camber_rc         loss=18.4461  surf[p=155.3821 Ux=2.2020 Uy=0.9493]  vol[p=152.2165 Ux=6.0326 Uy=3.0857]
    val_geom_camber_cruise     loss=4.2292  surf[p=75.2132 Ux=1.5082 Uy=0.5407]  vol[p=89.2906 Ux=3.9748 Uy=1.4925]
    val_re_rand                loss=11.2008  surf[p=108.1000 Ux=1.7602 Uy=0.7046]  vol[p=112.6716 Ux=4.7808 Uy=2.1774]
Epoch  20 (138s) [47.1GB]  train[vol=0.3627 surf=0.1437]  val_avg_surf_p=91.3896 *  lr=9.40e-04
    val_single_in_dist         loss=12.7656  surf[p=101.9673 Ux=1.6464 Uy=0.7758]  vol[p=139.1500 Ux=5.5032 Uy=2.2145]
    val_geom_camber_rc         loss=10.7351  surf[p=103.8741 Ux=2.1118 Uy=0.9160]  vol[p=132.1540 Ux=5.8709 Uy=2.9485]
    val_geom_camber_cruise     loss=3.5309  surf[p=68.6650 Ux=1.4415 Uy=0.5364]  vol[p=93.0858 Ux=3.9810 Uy=1.5290]
    val_re_rand                loss=7.6804  surf[p=91.0520 Ux=1.8354 Uy=0.7046]  vol[p=109.4375 Ux=4.8062 Uy=2.1070]
Epoch  21 (137s) [47.1GB]  train[vol=0.3700 surf=0.1641]  val_avg_surf_p=98.5015  lr=9.32e-04
    val_single_in_dist         loss=12.0710  surf[p=112.4861 Ux=1.8286 Uy=0.6775]  vol[p=137.7710 Ux=5.6656 Uy=2.1348]
    val_geom_camber_rc         loss=11.9587  surf[p=113.8248 Ux=2.5099 Uy=0.8533]  vol[p=135.8912 Ux=6.0667 Uy=2.8924]
    val_geom_camber_cruise     loss=3.8206  surf[p=76.4527 Ux=1.3634 Uy=0.5196]  vol[p=96.0163 Ux=3.8939 Uy=1.4706]
    val_re_rand                loss=8.0286  surf[p=91.2426 Ux=1.9056 Uy=0.6601]  vol[p=108.0184 Ux=4.7333 Uy=2.0566]
Epoch  22 (137s) [47.1GB]  train[vol=0.4202 surf=0.1847]  val_avg_surf_p=99.0589  lr=9.23e-04
    val_single_in_dist         loss=14.6802  surf[p=109.8468 Ux=1.2915 Uy=0.6518]  vol[p=139.9618 Ux=5.0971 Uy=2.2482]
    val_geom_camber_rc         loss=10.7220  surf[p=113.0884 Ux=1.9621 Uy=0.8929]  vol[p=129.2295 Ux=5.6280 Uy=2.9644]
    val_geom_camber_cruise     loss=4.3844  surf[p=78.6506 Ux=1.0290 Uy=0.5128]  vol[p=93.1467 Ux=3.6395 Uy=1.4899]
    val_re_rand                loss=8.4674  surf[p=94.6496 Ux=1.5205 Uy=0.6741]  vol[p=106.3317 Ux=4.4428 Uy=2.0984]
Epoch  23 (137s) [47.1GB]  train[vol=0.4418 surf=0.2112]  val_avg_surf_p=104.0361  lr=9.14e-04
    val_single_in_dist         loss=12.0306  surf[p=108.2400 Ux=1.3871 Uy=0.6037]  vol[p=134.8940 Ux=5.2681 Uy=2.0013]
    val_geom_camber_rc         loss=14.5313  surf[p=134.0956 Ux=1.8171 Uy=0.8788]  vol[p=146.7132 Ux=5.3957 Uy=2.7594]
    val_geom_camber_cruise     loss=3.2750  surf[p=73.5203 Ux=0.9820 Uy=0.4562]  vol[p=89.8092 Ux=3.4672 Uy=1.3342]
    val_re_rand                loss=8.5663  surf[p=100.2884 Ux=1.4148 Uy=0.6363]  vol[p=112.8540 Ux=4.3330 Uy=1.9441]
Epoch  24 (134s) [47.1GB]  train[vol=0.3597 surf=0.1540]  val_avg_surf_p=90.8162 *  lr=9.05e-04
    val_single_in_dist         loss=11.3173  surf[p=107.3610 Ux=1.4415 Uy=0.6236]  vol[p=139.9856 Ux=4.9049 Uy=1.9912]
    val_geom_camber_rc         loss=9.7830  surf[p=104.2144 Ux=1.7864 Uy=0.8096]  vol[p=122.5247 Ux=5.3203 Uy=2.6766]
    val_geom_camber_cruise     loss=3.0160  surf[p=65.4496 Ux=1.2233 Uy=0.4619]  vol[p=86.7750 Ux=3.7205 Uy=1.4106]
    val_re_rand                loss=6.2756  surf[p=86.2401 Ux=1.4731 Uy=0.6200]  vol[p=100.6518 Ux=4.2932 Uy=1.9402]
Epoch  25 (135s) [47.1GB]  train[vol=0.4284 surf=0.1979]  val_avg_surf_p=98.8801  lr=8.95e-04
    val_single_in_dist         loss=14.6220  surf[p=113.3988 Ux=1.4455 Uy=0.6763]  vol[p=145.4801 Ux=4.6293 Uy=2.0802]
    val_geom_camber_rc         loss=11.5575  surf[p=125.3156 Ux=2.1358 Uy=0.8704]  vol[p=136.2656 Ux=5.3542 Uy=2.8476]
    val_geom_camber_cruise     loss=3.3537  surf[p=67.6587 Ux=1.0837 Uy=0.5905]  vol[p=83.6159 Ux=3.3706 Uy=1.4322]
    val_re_rand                loss=7.2335  surf[p=89.1474 Ux=1.5536 Uy=0.6812]  vol[p=100.7789 Ux=4.1933 Uy=1.9949]
Epoch  26 (135s) [47.1GB]  train[vol=0.4036 surf=0.1928]  val_avg_surf_p=86.2083 *  lr=8.84e-04
    val_single_in_dist         loss=13.5249  surf[p=105.3779 Ux=1.2339 Uy=0.5841]  vol[p=131.1028 Ux=4.6436 Uy=2.0683]
    val_geom_camber_rc         loss=9.3076  surf[p=102.1504 Ux=1.7750 Uy=0.8407]  vol[p=120.1314 Ux=5.1019 Uy=2.7565]
    val_geom_camber_cruise     loss=2.5146  surf[p=57.8121 Ux=0.7978 Uy=0.4044]  vol[p=76.0043 Ux=3.3667 Uy=1.3555]
    val_re_rand                loss=6.4036  surf[p=79.4929 Ux=1.2497 Uy=0.5943]  vol[p=93.1584 Ux=4.0823 Uy=1.9696]
Epoch  27 (136s) [47.1GB]  train[vol=0.3253 surf=0.1408]  val_avg_surf_p=91.8338  lr=8.73e-04
    val_single_in_dist         loss=12.7197  surf[p=114.7739 Ux=1.6010 Uy=0.6781]  vol[p=136.6111 Ux=5.2147 Uy=1.9048]
    val_geom_camber_rc         loss=9.9027  surf[p=105.2600 Ux=2.2625 Uy=0.8048]  vol[p=114.6388 Ux=5.7265 Uy=2.6733]
    val_geom_camber_cruise     loss=3.2339  surf[p=63.4945 Ux=1.7524 Uy=0.4626]  vol[p=74.4538 Ux=4.2796 Uy=1.3040]
    val_re_rand                loss=6.7636  surf[p=83.8067 Ux=1.8184 Uy=0.6203]  vol[p=91.8270 Ux=4.5857 Uy=1.8840]
Epoch  28 (138s) [47.1GB]  train[vol=0.3265 surf=0.1386]  val_avg_surf_p=100.2854  lr=8.62e-04
    val_single_in_dist         loss=24.8336  surf[p=145.5598 Ux=1.7917 Uy=0.7271]  vol[p=163.6778 Ux=5.3509 Uy=2.1346]
    val_geom_camber_rc         loss=10.0025  surf[p=108.1130 Ux=1.9818 Uy=0.8306]  vol[p=130.6664 Ux=5.8248 Uy=2.7616]
    val_geom_camber_cruise     loss=2.9091  surf[p=63.0611 Ux=1.4823 Uy=0.5269]  vol[p=84.8711 Ux=3.7284 Uy=1.3708]
    val_re_rand                loss=8.2301  surf[p=84.4075 Ux=1.7420 Uy=0.6497]  vol[p=103.6876 Ux=4.5061 Uy=1.9405]
Epoch  29 (137s) [47.1GB]  train[vol=0.3389 surf=0.1478]  val_avg_surf_p=92.6330  lr=8.51e-04
    val_single_in_dist         loss=14.4996  surf[p=125.8064 Ux=1.2784 Uy=0.6567]  vol[p=139.9724 Ux=4.4701 Uy=2.1580]
    val_geom_camber_rc         loss=7.5385  surf[p=92.0295 Ux=1.7669 Uy=0.8164]  vol[p=108.7211 Ux=5.3674 Uy=2.7196]
    val_geom_camber_cruise     loss=3.5826  surf[p=70.3163 Ux=0.8971 Uy=0.4513]  vol[p=76.3423 Ux=3.2938 Uy=1.3520]
    val_re_rand                loss=7.7561  surf[p=82.3799 Ux=1.2737 Uy=0.6074]  vol[p=91.8958 Ux=4.0204 Uy=1.9321]
Epoch  30 (137s) [47.1GB]  train[vol=0.2935 surf=0.1130]  val_avg_surf_p=85.6300 *  lr=8.39e-04
    val_single_in_dist         loss=9.8044  surf[p=94.4522 Ux=1.1779 Uy=0.5720]  vol[p=120.3777 Ux=4.4617 Uy=1.9558]
    val_geom_camber_rc         loss=9.8959  surf[p=95.3867 Ux=2.1229 Uy=0.7484]  vol[p=111.3392 Ux=5.6445 Uy=2.5180]
    val_geom_camber_cruise     loss=3.1689  surf[p=71.8755 Ux=1.1491 Uy=0.4761]  vol[p=72.2235 Ux=3.6065 Uy=1.4966]
    val_re_rand                loss=6.1574  surf[p=80.8057 Ux=1.5827 Uy=0.5953]  vol[p=88.5981 Ux=4.4995 Uy=1.8977]
Epoch  31 (138s) [47.1GB]  train[vol=0.2643 surf=0.1054]  val_avg_surf_p=94.5427  lr=8.26e-04
    val_single_in_dist         loss=11.3504  surf[p=110.1509 Ux=1.2985 Uy=0.5662]  vol[p=132.4456 Ux=4.5068 Uy=1.9231]
    val_geom_camber_rc         loss=10.8406  surf[p=118.8469 Ux=2.1584 Uy=0.7750]  vol[p=132.4722 Ux=5.4180 Uy=2.5936]
    val_geom_camber_cruise     loss=3.1548  surf[p=61.3282 Ux=0.8843 Uy=0.3684]  vol[p=68.0070 Ux=3.2498 Uy=1.2347]
    val_re_rand                loss=9.6251  surf[p=87.8449 Ux=1.4293 Uy=0.5501]  vol[p=95.8599 Ux=4.0196 Uy=1.8049]
Epoch  32 (137s) [47.1GB]  train[vol=0.2800 surf=0.1138]  val_avg_surf_p=92.0617  lr=8.14e-04
    val_single_in_dist         loss=10.1319  surf[p=116.5723 Ux=1.6102 Uy=0.6455]  vol[p=128.0232 Ux=4.9118 Uy=1.9302]
    val_geom_camber_rc         loss=8.7980  surf[p=107.1002 Ux=1.8079 Uy=0.7505]  vol[p=119.8988 Ux=5.0028 Uy=2.5267]
    val_geom_camber_cruise     loss=2.9021  surf[p=60.7584 Ux=1.3054 Uy=0.4387]  vol[p=71.3379 Ux=3.7758 Uy=1.2962]
    val_re_rand                loss=6.3009  surf[p=83.8161 Ux=1.5707 Uy=0.5834]  vol[p=94.6994 Ux=4.2244 Uy=1.8345]
Epoch  33 (136s) [47.1GB]  train[vol=0.3231 surf=0.1425]  val_avg_surf_p=78.4807 *  lr=8.01e-04
    val_single_in_dist         loss=8.8916  surf[p=88.8235 Ux=1.0195 Uy=0.5279]  vol[p=108.2711 Ux=4.1069 Uy=1.8087]
    val_geom_camber_rc         loss=9.3086  surf[p=99.3872 Ux=1.5636 Uy=0.6994]  vol[p=107.3355 Ux=4.8484 Uy=2.4064]
    val_geom_camber_cruise     loss=2.0887  surf[p=52.8758 Ux=0.6999 Uy=0.3447]  vol[p=63.3185 Ux=2.9622 Uy=1.1892]
    val_re_rand                loss=5.8048  surf[p=72.8364 Ux=1.1120 Uy=0.5045]  vol[p=82.0248 Ux=3.6906 Uy=1.6949]
Epoch  34 (136s) [47.1GB]  train[vol=0.3557 surf=0.1678]  val_avg_surf_p=82.3676  lr=7.87e-04
    val_single_in_dist         loss=12.7203  surf[p=94.8663 Ux=1.2669 Uy=0.5176]  vol[p=129.7717 Ux=4.3350 Uy=1.8314]
    val_geom_camber_rc         loss=10.3778  surf[p=94.9456 Ux=1.6554 Uy=0.7271]  vol[p=110.3842 Ux=5.0188 Uy=2.4388]
    val_geom_camber_cruise     loss=2.7096  surf[p=61.9479 Ux=1.3737 Uy=0.3861]  vol[p=77.6999 Ux=3.7965 Uy=1.2063]
    val_re_rand                loss=6.1168  surf[p=77.7106 Ux=1.4099 Uy=0.5447]  vol[p=91.2345 Ux=4.2304 Uy=1.7560]
Epoch  35 (135s) [47.1GB]  train[vol=0.2801 surf=0.1124]  val_avg_surf_p=74.9444 *  lr=7.73e-04
    val_single_in_dist         loss=9.4202  surf[p=89.8998 Ux=1.0573 Uy=0.5379]  vol[p=128.5905 Ux=4.2634 Uy=1.8316]
    val_geom_camber_rc         loss=6.6028  surf[p=87.5114 Ux=1.5909 Uy=0.6741]  vol[p=105.2000 Ux=4.8312 Uy=2.4090]
    val_geom_camber_cruise     loss=2.2368  surf[p=52.5301 Ux=0.7860 Uy=0.3453]  vol[p=69.4653 Ux=3.1889 Uy=1.1708]
    val_re_rand                loss=5.4744  surf[p=69.8363 Ux=1.2071 Uy=0.5176]  vol[p=85.7038 Ux=3.9606 Uy=1.7316]
Epoch  36 (138s) [47.1GB]  train[vol=0.2518 surf=0.0968]  val_avg_surf_p=82.3998  lr=7.59e-04
    val_single_in_dist         loss=10.0609  surf[p=92.6487 Ux=1.5442 Uy=0.5455]  vol[p=118.6529 Ux=4.3532 Uy=1.7373]
    val_geom_camber_rc         loss=7.3426  surf[p=102.3674 Ux=1.8446 Uy=0.6930]  vol[p=114.2522 Ux=4.9283 Uy=2.3230]
    val_geom_camber_cruise     loss=2.1974  surf[p=53.4484 Ux=1.1832 Uy=0.3872]  vol[p=71.3143 Ux=3.3283 Uy=1.1836]
    val_re_rand                loss=6.2283  surf[p=81.1348 Ux=1.5903 Uy=0.5387]  vol[p=91.7762 Ux=4.1315 Uy=1.6938]
Epoch  37 (136s) [47.1GB]  train[vol=0.3424 surf=0.1604]  val_avg_surf_p=82.1362  lr=7.45e-04
    val_single_in_dist         loss=12.2789  surf[p=102.3314 Ux=1.1599 Uy=0.5399]  vol[p=112.2641 Ux=4.1265 Uy=1.7078]
    val_geom_camber_rc         loss=7.5085  surf[p=92.8964 Ux=1.5965 Uy=0.6693]  vol[p=106.3763 Ux=4.8696 Uy=2.2784]
    val_geom_camber_cruise     loss=2.2463  surf[p=58.2080 Ux=0.8315 Uy=0.3696]  vol[p=64.8443 Ux=2.9942 Uy=1.1840]
    val_re_rand                loss=5.4082  surf[p=75.1090 Ux=1.1555 Uy=0.5184]  vol[p=83.1100 Ux=3.7380 Uy=1.6523]
Epoch  38 (138s) [47.1GB]  train[vol=0.2941 surf=0.1238]  val_avg_surf_p=78.7304  lr=7.31e-04
    val_single_in_dist         loss=12.3919  surf[p=96.8648 Ux=1.3051 Uy=0.4933]  vol[p=110.8351 Ux=4.1071 Uy=1.6978]
    val_geom_camber_rc         loss=6.0297  surf[p=86.3020 Ux=1.6712 Uy=0.6439]  vol[p=100.4868 Ux=4.8276 Uy=2.2604]
    val_geom_camber_cruise     loss=2.2272  surf[p=57.0896 Ux=1.1336 Uy=0.3825]  vol[p=66.7133 Ux=3.1963 Uy=1.2159]
    val_re_rand                loss=5.5619  surf[p=74.6653 Ux=1.2851 Uy=0.5035]  vol[p=82.8441 Ux=3.7887 Uy=1.6850]
Epoch  39 (137s) [47.1GB]  train[vol=0.1922 surf=0.0597]  val_avg_surf_p=76.2981  lr=7.16e-04
    val_single_in_dist         loss=9.2504  surf[p=91.9278 Ux=1.1306 Uy=0.6323]  vol[p=117.3447 Ux=3.8990 Uy=1.7307]
    val_geom_camber_rc         loss=7.4999  surf[p=92.6783 Ux=1.4328 Uy=0.7251]  vol[p=92.6963 Ux=4.5884 Uy=2.2354]
    val_geom_camber_cruise     loss=1.8527  surf[p=47.5410 Ux=0.9544 Uy=0.3804]  vol[p=58.2511 Ux=2.9425 Uy=1.1467]
    val_re_rand                loss=5.8881  surf[p=73.0453 Ux=1.2225 Uy=0.5462]  vol[p=78.6250 Ux=3.6582 Uy=1.6390]
Epoch  40 (135s) [47.1GB]  train[vol=0.3463 surf=0.1453]  val_avg_surf_p=74.3395 *  lr=7.01e-04
    val_single_in_dist         loss=9.9982  surf[p=91.1502 Ux=1.4916 Uy=0.5483]  vol[p=115.9342 Ux=4.4739 Uy=1.6856]
    val_geom_camber_rc         loss=6.5158  surf[p=85.1905 Ux=2.1392 Uy=0.6623]  vol[p=97.1255 Ux=5.2052 Uy=2.2785]
    val_geom_camber_cruise     loss=2.0125  surf[p=49.9812 Ux=0.7930 Uy=0.4386]  vol[p=65.1282 Ux=2.8847 Uy=1.1776]
    val_re_rand                loss=6.0636  surf[p=71.0361 Ux=1.3415 Uy=0.5303]  vol[p=80.9609 Ux=3.7473 Uy=1.6343]
Epoch  41 (136s) [47.1GB]  train[vol=0.2284 surf=0.0902]  val_avg_surf_p=73.4276 *  lr=6.86e-04
    val_single_in_dist         loss=10.8500  surf[p=83.2901 Ux=1.0276 Uy=0.6342]  vol[p=107.9821 Ux=3.9223 Uy=1.7939]
    val_geom_camber_rc         loss=5.9954  surf[p=83.1508 Ux=1.5717 Uy=0.7076]  vol[p=96.6302 Ux=4.7994 Uy=2.2976]
    val_geom_camber_cruise     loss=2.1770  surf[p=55.6821 Ux=0.8634 Uy=0.3879]  vol[p=60.3613 Ux=3.0042 Uy=1.0926]
    val_re_rand                loss=5.4858  surf[p=71.5875 Ux=1.1626 Uy=0.5314]  vol[p=78.2746 Ux=3.7717 Uy=1.6193]
Epoch  42 (135s) [47.1GB]  train[vol=0.2837 surf=0.1218]  val_avg_surf_p=66.9976 *  lr=6.70e-04
    val_single_in_dist         loss=7.3846  surf[p=75.7510 Ux=0.8919 Uy=0.4837]  vol[p=100.2143 Ux=3.6979 Uy=1.6519]
    val_geom_camber_rc         loss=4.9692  surf[p=77.1434 Ux=1.4457 Uy=0.6187]  vol[p=89.2837 Ux=4.4242 Uy=2.1829]
    val_geom_camber_cruise     loss=1.8567  surf[p=48.0996 Ux=0.6862 Uy=0.3345]  vol[p=57.8920 Ux=2.9137 Uy=1.0936]
    val_re_rand                loss=5.8563  surf[p=66.9964 Ux=1.0660 Uy=0.4895]  vol[p=76.4774 Ux=3.4809 Uy=1.5840]
Epoch  43 (136s) [47.1GB]  train[vol=0.2560 surf=0.1041]  val_avg_surf_p=68.1891  lr=6.55e-04
    val_single_in_dist         loss=7.7893  surf[p=82.7299 Ux=1.1080 Uy=0.4650]  vol[p=96.4753 Ux=3.9502 Uy=1.5901]
    val_geom_camber_rc         loss=5.2662  surf[p=77.7213 Ux=1.3615 Uy=0.6133]  vol[p=90.3677 Ux=4.4822 Uy=2.1423]
    val_geom_camber_cruise     loss=1.9748  surf[p=45.9361 Ux=1.1279 Uy=0.3165]  vol[p=54.0441 Ux=3.0988 Uy=1.0457]
    val_re_rand                loss=5.4413  surf[p=66.3692 Ux=1.2390 Uy=0.4779]  vol[p=75.1449 Ux=3.6377 Uy=1.5604]
Epoch  44 (138s) [47.1GB]  train[vol=0.2372 surf=0.0989]  val_avg_surf_p=70.5648  lr=6.39e-04
    val_single_in_dist         loss=9.3987  surf[p=83.1796 Ux=0.9063 Uy=0.5275]  vol[p=105.8572 Ux=3.8079 Uy=1.6653]
    val_geom_camber_rc         loss=5.0747  surf[p=78.4584 Ux=1.2661 Uy=0.6172]  vol[p=92.5824 Ux=4.3668 Uy=2.1916]
    val_geom_camber_cruise     loss=1.9421  surf[p=51.5232 Ux=0.6182 Uy=0.3460]  vol[p=57.4865 Ux=2.7082 Uy=1.0620]
    val_re_rand                loss=5.8407  surf[p=69.0979 Ux=0.9962 Uy=0.4788]  vol[p=78.1022 Ux=3.4373 Uy=1.5647]
Epoch  45 (135s) [47.1GB]  train[vol=0.2199 surf=0.0944]  val_avg_surf_p=67.6421  lr=6.23e-04
    val_single_in_dist         loss=5.8609  surf[p=75.3021 Ux=0.9214 Uy=0.5079]  vol[p=103.6746 Ux=3.6976 Uy=1.6269]
    val_geom_camber_rc         loss=6.0127  surf[p=81.9979 Ux=1.3625 Uy=0.6189]  vol[p=94.2772 Ux=4.3099 Uy=2.0916]
    val_geom_camber_cruise     loss=1.7455  surf[p=46.7269 Ux=0.8272 Uy=0.3255]  vol[p=56.6101 Ux=2.7670 Uy=1.0340]
    val_re_rand                loss=5.5008  surf[p=66.5413 Ux=1.0939 Uy=0.4734]  vol[p=76.0271 Ux=3.4313 Uy=1.5012]
Epoch  46 (136s) [47.1GB]  train[vol=0.2903 surf=0.1174]  val_avg_surf_p=65.9310 *  lr=6.07e-04
    val_single_in_dist         loss=6.4762  surf[p=77.1248 Ux=1.2101 Uy=0.5351]  vol[p=100.9575 Ux=3.8366 Uy=1.6480]
    val_geom_camber_rc         loss=4.8008  surf[p=72.9377 Ux=1.3296 Uy=0.5940]  vol[p=88.7370 Ux=4.4304 Uy=2.0927]
    val_geom_camber_cruise     loss=1.6641  surf[p=47.2043 Ux=0.8964 Uy=0.3151]  vol[p=55.8257 Ux=2.9671 Uy=0.9991]
    val_re_rand                loss=5.0669  surf[p=66.4573 Ux=1.1883 Uy=0.4696]  vol[p=75.0267 Ux=3.6229 Uy=1.5234]
Epoch  47 (137s) [47.1GB]  train[vol=0.2145 surf=0.0836]  val_avg_surf_p=66.2470  lr=5.90e-04
    val_single_in_dist         loss=9.1708  surf[p=77.7397 Ux=0.8472 Uy=0.4908]  vol[p=109.1522 Ux=3.6324 Uy=1.6809]
    val_geom_camber_rc         loss=5.3720  surf[p=77.9052 Ux=1.2538 Uy=0.6125]  vol[p=92.2418 Ux=4.1991 Uy=2.0896]
    val_geom_camber_cruise     loss=1.6545  surf[p=45.1888 Ux=0.7646 Uy=0.3307]  vol[p=57.2356 Ux=2.7423 Uy=1.0344]
    val_re_rand                loss=4.7341  surf[p=64.1543 Ux=1.0003 Uy=0.4638]  vol[p=76.7454 Ux=3.3710 Uy=1.5026]
Epoch  48 (135s) [47.1GB]  train[vol=0.2574 surf=0.1166]  val_avg_surf_p=62.9997 *  lr=5.74e-04
    val_single_in_dist         loss=9.0835  surf[p=65.1339 Ux=0.7785 Uy=0.4499]  vol[p=90.0500 Ux=3.6773 Uy=1.5614]
    val_geom_camber_rc         loss=5.7536  surf[p=80.4086 Ux=1.2328 Uy=0.5911]  vol[p=97.0654 Ux=4.2750 Uy=2.0868]
    val_geom_camber_cruise     loss=1.5094  surf[p=42.7737 Ux=0.6289 Uy=0.2991]  vol[p=53.1705 Ux=2.8327 Uy=1.0256]
    val_re_rand                loss=4.6906  surf[p=63.6826 Ux=0.9275 Uy=0.4412]  vol[p=74.2621 Ux=3.4016 Uy=1.5011]
Epoch  49 (135s) [47.1GB]  train[vol=0.2523 surf=0.1098]  val_avg_surf_p=59.1870 *  lr=5.58e-04
    val_single_in_dist         loss=5.0246  surf[p=61.9346 Ux=0.8835 Uy=0.4278]  vol[p=90.6111 Ux=3.5346 Uy=1.4930]
    val_geom_camber_rc         loss=4.1923  surf[p=72.2394 Ux=1.3478 Uy=0.5489]  vol[p=88.2602 Ux=4.2386 Uy=1.9910]
    val_geom_camber_cruise     loss=1.4805  surf[p=41.2407 Ux=0.7580 Uy=0.2821]  vol[p=55.2669 Ux=2.7368 Uy=1.0158]
    val_re_rand                loss=5.0290  surf[p=61.3331 Ux=1.0247 Uy=0.4241]  vol[p=74.3646 Ux=3.4541 Uy=1.4598]
Epoch  50 (136s) [47.1GB]  train[vol=0.2660 surf=0.1028]  val_avg_surf_p=65.2766  lr=5.41e-04
    val_single_in_dist         loss=9.9185  surf[p=79.5355 Ux=1.1108 Uy=0.4805]  vol[p=101.3262 Ux=3.6871 Uy=1.5359]
    val_geom_camber_rc         loss=4.6090  surf[p=74.5047 Ux=1.2583 Uy=0.6136]  vol[p=87.5104 Ux=4.1882 Uy=2.0078]
    val_geom_camber_cruise     loss=1.5588  surf[p=44.4311 Ux=0.7030 Uy=0.3074]  vol[p=53.8193 Ux=2.7048 Uy=1.0239]
    val_re_rand                loss=4.8097  surf[p=62.6349 Ux=1.0369 Uy=0.4607]  vol[p=73.0601 Ux=3.3455 Uy=1.4765]
Epoch  51 (138s) [47.1GB]  train[vol=0.2825 surf=0.1106]  val_avg_surf_p=64.4626  lr=5.25e-04
    val_single_in_dist         loss=12.9196  surf[p=80.2644 Ux=1.0414 Uy=0.4573]  vol[p=103.2173 Ux=3.6117 Uy=1.5463]
    val_geom_camber_rc         loss=5.0434  surf[p=80.4773 Ux=1.2155 Uy=0.5832]  vol[p=89.3892 Ux=4.1894 Uy=2.0353]
    val_geom_camber_cruise     loss=1.2546  surf[p=37.3864 Ux=0.7132 Uy=0.2921]  vol[p=48.8171 Ux=2.6079 Uy=0.9521]
    val_re_rand                loss=4.8991  surf[p=59.7223 Ux=0.9546 Uy=0.4355]  vol[p=69.4413 Ux=3.2830 Uy=1.4374]
Epoch  52 (136s) [47.1GB]  train[vol=0.3011 surf=0.1250]  val_avg_surf_p=56.2515 *  lr=5.08e-04
    val_single_in_dist         loss=8.4095  surf[p=61.3635 Ux=0.8256 Uy=0.4569]  vol[p=89.9498 Ux=3.4707 Uy=1.5062]
    val_geom_camber_rc         loss=4.4675  surf[p=68.9527 Ux=1.2742 Uy=0.5626]  vol[p=85.2750 Ux=4.1275 Uy=1.9431]
    val_geom_camber_cruise     loss=1.3036  surf[p=39.0041 Ux=0.6574 Uy=0.2844]  vol[p=50.2896 Ux=2.5761 Uy=0.9497]
    val_re_rand                loss=4.2749  surf[p=55.6859 Ux=0.9777 Uy=0.4185]  vol[p=68.0710 Ux=3.2716 Uy=1.4015]
Epoch  53 (136s) [47.1GB]  train[vol=0.2304 surf=0.0954]  val_avg_surf_p=59.2912  lr=4.92e-04
    val_single_in_dist         loss=7.3102  surf[p=62.8433 Ux=0.7536 Uy=0.4171]  vol[p=90.0359 Ux=3.4645 Uy=1.4730]
    val_geom_camber_rc         loss=5.6005  surf[p=72.4715 Ux=1.1931 Uy=0.6020]  vol[p=89.4101 Ux=4.0977 Uy=1.9558]
    val_geom_camber_cruise     loss=1.3696  surf[p=41.8731 Ux=0.6443 Uy=0.3212]  vol[p=51.5059 Ux=2.7349 Uy=0.9932]
    val_re_rand                loss=4.6199  surf[p=59.9770 Ux=0.9576 Uy=0.4456]  vol[p=70.3646 Ux=3.3577 Uy=1.4230]
Epoch  54 (137s) [47.1GB]  train[vol=0.1769 surf=0.0665]  val_avg_surf_p=59.8823  lr=4.75e-04
    val_single_in_dist         loss=6.8034  surf[p=66.3228 Ux=0.7739 Uy=0.4399]  vol[p=89.0014 Ux=3.4269 Uy=1.4946]
    val_geom_camber_rc         loss=4.7557  surf[p=75.8810 Ux=1.2793 Uy=0.5695]  vol[p=87.4190 Ux=4.0783 Uy=1.9080]
    val_geom_camber_cruise     loss=1.3505  surf[p=38.1651 Ux=0.5155 Uy=0.2715]  vol[p=47.8465 Ux=2.5122 Uy=0.9351]
    val_re_rand                loss=4.4447  surf[p=59.1602 Ux=0.8750 Uy=0.4224]  vol[p=68.3799 Ux=3.1731 Uy=1.3892]
Epoch  55 (135s) [47.1GB]  train[vol=0.2222 surf=0.0922]  val_avg_surf_p=59.8227  lr=4.59e-04
    val_single_in_dist         loss=7.3073  surf[p=72.2285 Ux=0.9394 Uy=0.4212]  vol[p=91.1384 Ux=3.4190 Uy=1.4497]
    val_geom_camber_rc         loss=4.5604  surf[p=70.5572 Ux=1.1526 Uy=0.5819]  vol[p=88.3290 Ux=4.0244 Uy=1.9609]
    val_geom_camber_cruise     loss=1.4912  surf[p=39.9291 Ux=0.6004 Uy=0.3188]  vol[p=48.1706 Ux=2.5924 Uy=0.9602]
    val_re_rand                loss=5.2443  surf[p=56.5762 Ux=0.8576 Uy=0.4568]  vol[p=67.1902 Ux=3.2023 Uy=1.4157]
Epoch  56 (136s) [47.1GB]  train[vol=0.1468 surf=0.0412]  val_avg_surf_p=53.1057 *  lr=4.42e-04
    val_single_in_dist         loss=5.5068  surf[p=55.9855 Ux=0.6735 Uy=0.3901]  vol[p=84.3768 Ux=3.2652 Uy=1.4278]
    val_geom_camber_rc         loss=4.3147  surf[p=68.1137 Ux=1.0546 Uy=0.5282]  vol[p=83.1149 Ux=3.9373 Uy=1.9154]
    val_geom_camber_cruise     loss=1.1705  surf[p=35.7620 Ux=0.5509 Uy=0.2850]  vol[p=47.8563 Ux=2.4885 Uy=0.9444]
    val_re_rand                loss=3.5076  surf[p=52.5614 Ux=0.7985 Uy=0.4155]  vol[p=65.2488 Ux=3.0874 Uy=1.3771]
Epoch  57 (137s) [47.1GB]  train[vol=0.1977 surf=0.0674]  val_avg_surf_p=56.4911  lr=4.26e-04
    val_single_in_dist         loss=7.2417  surf[p=66.2747 Ux=0.8346 Uy=0.4292]  vol[p=86.7165 Ux=3.3040 Uy=1.4289]
    val_geom_camber_rc         loss=4.3882  surf[p=67.6892 Ux=1.1058 Uy=0.5375]  vol[p=83.2188 Ux=3.8665 Uy=1.8779]
    val_geom_camber_cruise     loss=1.4073  surf[p=38.9097 Ux=0.5160 Uy=0.2857]  vol[p=48.0392 Ux=2.4447 Uy=0.9323]
    val_re_rand                loss=3.6717  surf[p=53.0909 Ux=0.8443 Uy=0.4123]  vol[p=64.2727 Ux=3.0567 Uy=1.3602]
Epoch  58 (138s) [47.1GB]  train[vol=0.2536 surf=0.0900]  val_avg_surf_p=52.8112 *  lr=4.10e-04
    val_single_in_dist         loss=3.7298  surf[p=52.4911 Ux=0.7093 Uy=0.3870]  vol[p=81.4218 Ux=3.2404 Uy=1.3933]
    val_geom_camber_rc         loss=4.0487  surf[p=69.9370 Ux=1.1396 Uy=0.5230]  vol[p=84.7163 Ux=4.0145 Uy=1.8638]
    val_geom_camber_cruise     loss=1.1698  surf[p=34.9576 Ux=0.5166 Uy=0.2664]  vol[p=45.1093 Ux=2.4488 Uy=0.8986]
    val_re_rand                loss=5.1401  surf[p=53.8589 Ux=0.8060 Uy=0.3967]  vol[p=65.4191 Ux=3.1152 Uy=1.3443]
Epoch  59 (136s) [47.1GB]  train[vol=0.2135 surf=0.0731]  val_avg_surf_p=53.3251  lr=3.93e-04
    val_single_in_dist         loss=4.5102  surf[p=55.9384 Ux=0.9492 Uy=0.3971]  vol[p=80.8094 Ux=3.5292 Uy=1.4272]
    val_geom_camber_rc         loss=4.1387  surf[p=68.9263 Ux=1.2552 Uy=0.5424]  vol[p=82.5247 Ux=4.1504 Uy=1.8900]
    val_geom_camber_cruise     loss=1.1739  surf[p=33.4351 Ux=0.7101 Uy=0.2571]  vol[p=44.5061 Ux=2.7006 Uy=0.8979]
    val_re_rand                loss=5.3082  surf[p=55.0004 Ux=1.0084 Uy=0.4137]  vol[p=65.2317 Ux=3.2725 Uy=1.3577]
Epoch  60 (137s) [47.1GB]  train[vol=0.1659 surf=0.0569]  val_avg_surf_p=63.8641  lr=3.77e-04
    val_single_in_dist         loss=9.2479  surf[p=81.3352 Ux=0.8632 Uy=0.4193]  vol[p=95.2235 Ux=3.3594 Uy=1.4655]
    val_geom_camber_rc         loss=4.5406  surf[p=74.4547 Ux=1.2112 Uy=0.5389]  vol[p=86.8937 Ux=3.9739 Uy=1.8531]
    val_geom_camber_cruise     loss=1.5674  surf[p=39.8301 Ux=0.5941 Uy=0.2639]  vol[p=46.3786 Ux=2.4341 Uy=0.9021]
    val_re_rand                loss=4.1268  surf[p=59.8365 Ux=0.9476 Uy=0.4077]  vol[p=67.5407 Ux=3.1311 Uy=1.3456]
Epoch  61 (137s) [47.1GB]  train[vol=0.1286 surf=0.0330]  val_avg_surf_p=56.6291  lr=3.61e-04
    val_single_in_dist         loss=8.8824  surf[p=67.9282 Ux=0.6573 Uy=0.3902]  vol[p=86.6684 Ux=3.2263 Uy=1.4208]
    val_geom_camber_rc         loss=4.0190  surf[p=67.8613 Ux=1.0378 Uy=0.5166]  vol[p=84.9308 Ux=3.8558 Uy=1.8260]
    val_geom_camber_cruise     loss=1.2229  surf[p=36.7111 Ux=0.4935 Uy=0.2469]  vol[p=46.1869 Ux=2.4582 Uy=0.8975]
    val_re_rand                loss=4.7781  surf[p=54.0157 Ux=0.7737 Uy=0.3888]  vol[p=65.3740 Ux=3.0215 Uy=1.3183]
Epoch  62 (136s) [47.1GB]  train[vol=0.1224 surf=0.0305]  val_avg_surf_p=52.7722 *  lr=3.45e-04
    val_single_in_dist         loss=4.8283  surf[p=53.5609 Ux=0.6446 Uy=0.3729]  vol[p=80.1936 Ux=3.1265 Uy=1.3227]
    val_geom_camber_rc         loss=3.7578  surf[p=64.9147 Ux=1.0071 Uy=0.5089]  vol[p=79.4807 Ux=3.7697 Uy=1.7978]
    val_geom_camber_cruise     loss=1.2316  surf[p=38.9318 Ux=0.4881 Uy=0.2875]  vol[p=46.4069 Ux=2.3640 Uy=0.8823]
    val_re_rand                loss=3.7480  surf[p=53.6813 Ux=0.7785 Uy=0.4011]  vol[p=63.6165 Ux=2.9975 Uy=1.2915]
Epoch  63 (137s) [47.1GB]  train[vol=0.1310 surf=0.0332]  val_avg_surf_p=51.3718 *  lr=3.30e-04
    val_single_in_dist         loss=5.5303  surf[p=57.9712 Ux=0.6817 Uy=0.3702]  vol[p=79.2664 Ux=3.1398 Uy=1.3552]
    val_geom_camber_rc         loss=3.5562  surf[p=63.3622 Ux=1.0137 Uy=0.4952]  vol[p=78.9290 Ux=3.7454 Uy=1.7780]
    val_geom_camber_cruise     loss=0.9802  surf[p=32.6587 Ux=0.4670 Uy=0.2358]  vol[p=42.3527 Ux=2.3184 Uy=0.8518]
    val_re_rand                loss=4.5141  surf[p=51.4951 Ux=0.7699 Uy=0.3686]  vol[p=61.7233 Ux=2.9378 Uy=1.2761]
Epoch  64 (136s) [47.1GB]  train[vol=0.2182 surf=0.0773]  val_avg_surf_p=50.5146 *  lr=3.14e-04
    val_single_in_dist         loss=4.6576  surf[p=53.7252 Ux=0.6877 Uy=0.3764]  vol[p=78.9970 Ux=3.0919 Uy=1.3342]
    val_geom_camber_rc         loss=3.4574  surf[p=61.7278 Ux=1.0069 Uy=0.4953]  vol[p=78.3992 Ux=3.7673 Uy=1.7836]
    val_geom_camber_cruise     loss=1.1031  surf[p=34.9988 Ux=0.5297 Uy=0.2532]  vol[p=43.1505 Ux=2.3388 Uy=0.8527]
    val_re_rand                loss=3.5437  surf[p=51.6065 Ux=0.7950 Uy=0.3825]  vol[p=62.4996 Ux=2.9589 Uy=1.2791]
Epoch  65 (138s) [47.1GB]  train[vol=0.2313 surf=0.1180]  val_avg_surf_p=50.9309  lr=2.99e-04
    val_single_in_dist         loss=6.0699  surf[p=55.1986 Ux=0.6587 Uy=0.3682]  vol[p=80.4330 Ux=3.1318 Uy=1.3488]
    val_geom_camber_rc         loss=3.6195  surf[p=63.1910 Ux=1.0054 Uy=0.5088]  vol[p=79.3016 Ux=3.7501 Uy=1.8163]
    val_geom_camber_cruise     loss=1.0368  surf[p=32.3571 Ux=0.4751 Uy=0.2384]  vol[p=42.4958 Ux=2.2984 Uy=0.8487]
    val_re_rand                loss=3.8189  surf[p=52.9770 Ux=0.7694 Uy=0.3774]  vol[p=63.1450 Ux=2.9334 Uy=1.2871]
Epoch  66 (137s) [47.1GB]  train[vol=0.1413 surf=0.0477]  val_avg_surf_p=48.1308 *  lr=2.84e-04
    val_single_in_dist         loss=4.7451  surf[p=51.1491 Ux=0.6291 Uy=0.3923]  vol[p=76.1284 Ux=3.0351 Uy=1.3276]
    val_geom_camber_rc         loss=3.3729  surf[p=59.9975 Ux=0.9915 Uy=0.5220]  vol[p=77.6154 Ux=3.6578 Uy=1.7585]
    val_geom_camber_cruise     loss=0.9427  surf[p=31.5204 Ux=0.4294 Uy=0.2438]  vol[p=43.1912 Ux=2.2877 Uy=0.8513]
    val_re_rand                loss=4.0651  surf[p=49.8561 Ux=0.7488 Uy=0.3934]  vol[p=62.6901 Ux=2.9109 Uy=1.2819]
Epoch  67 (136s) [47.1GB]  train[vol=0.2215 surf=0.0809]  val_avg_surf_p=49.9111  lr=2.69e-04
    val_single_in_dist         loss=4.3452  surf[p=52.4153 Ux=0.6450 Uy=0.3543]  vol[p=75.9647 Ux=3.0771 Uy=1.2911]
    val_geom_camber_rc         loss=3.9552  surf[p=63.6150 Ux=0.9745 Uy=0.4927]  vol[p=78.3312 Ux=3.7476 Uy=1.7467]
    val_geom_camber_cruise     loss=1.0521  surf[p=32.3334 Ux=0.4390 Uy=0.2496]  vol[p=41.8297 Ux=2.2622 Uy=0.8390]
    val_re_rand                loss=3.6807  surf[p=51.2805 Ux=0.7325 Uy=0.3801]  vol[p=61.4967 Ux=2.8769 Uy=1.2664]
Epoch  68 (135s) [47.1GB]  train[vol=0.1540 surf=0.0546]  val_avg_surf_p=49.1102  lr=2.55e-04
    val_single_in_dist         loss=5.5843  surf[p=52.2442 Ux=0.6989 Uy=0.3322]  vol[p=77.4002 Ux=3.0843 Uy=1.2790]
    val_geom_camber_rc         loss=3.5772  surf[p=61.7530 Ux=1.0629 Uy=0.4852]  vol[p=78.1865 Ux=3.7150 Uy=1.7205]
    val_geom_camber_cruise     loss=0.9018  surf[p=32.0201 Ux=0.4611 Uy=0.2393]  vol[p=41.8284 Ux=2.2333 Uy=0.8133]
    val_re_rand                loss=3.5975  surf[p=50.4236 Ux=0.7726 Uy=0.3681]  vol[p=60.9746 Ux=2.8755 Uy=1.2392]
Epoch  69 (138s) [47.1GB]  train[vol=0.1197 surf=0.0333]  val_avg_surf_p=50.3705  lr=2.41e-04
    val_single_in_dist         loss=6.6130  surf[p=58.8162 Ux=0.6365 Uy=0.3647]  vol[p=85.3122 Ux=3.1240 Uy=1.3312]
    val_geom_camber_rc         loss=3.5459  surf[p=62.2407 Ux=0.9916 Uy=0.4891]  vol[p=79.6934 Ux=3.7679 Uy=1.7390]
    val_geom_camber_cruise     loss=0.9599  surf[p=32.4302 Ux=0.4794 Uy=0.2552]  vol[p=42.6292 Ux=2.2841 Uy=0.8250]
    val_re_rand                loss=4.1892  surf[p=47.9951 Ux=0.7317 Uy=0.3636]  vol[p=60.1846 Ux=2.8710 Uy=1.2382]
Epoch  70 (136s) [47.1GB]  train[vol=0.1202 surf=0.0319]  val_avg_surf_p=47.3337 *  lr=2.27e-04
    val_single_in_dist         loss=4.9075  surf[p=49.2524 Ux=0.5549 Uy=0.3411]  vol[p=76.5964 Ux=2.9355 Uy=1.2749]
    val_geom_camber_rc         loss=3.3765  surf[p=60.5143 Ux=0.9627 Uy=0.4757]  vol[p=74.0874 Ux=3.6135 Uy=1.7095]
    val_geom_camber_cruise     loss=0.9477  surf[p=30.9055 Ux=0.4261 Uy=0.2233]  vol[p=41.2313 Ux=2.2247 Uy=0.8073]
    val_re_rand                loss=3.7917  surf[p=48.6627 Ux=0.7194 Uy=0.3579]  vol[p=59.6625 Ux=2.8317 Uy=1.2278]
Epoch  71 (137s) [47.1GB]  train[vol=0.1073 surf=0.0227]  val_avg_surf_p=47.4740  lr=2.13e-04
    val_single_in_dist         loss=4.7134  surf[p=48.6036 Ux=0.5636 Uy=0.3245]  vol[p=75.1982 Ux=2.9313 Uy=1.2676]
    val_geom_camber_rc         loss=3.8274  surf[p=62.2478 Ux=0.9840 Uy=0.4879]  vol[p=78.6554 Ux=3.6135 Uy=1.7072]
    val_geom_camber_cruise     loss=0.9020  surf[p=30.2458 Ux=0.4299 Uy=0.2224]  vol[p=40.5273 Ux=2.1602 Uy=0.8004]
    val_re_rand                loss=3.4699  surf[p=48.7988 Ux=0.7081 Uy=0.3584]  vol[p=60.2319 Ux=2.8087 Uy=1.2243]
Epoch  72 (138s) [47.1GB]  train[vol=0.1891 surf=0.0759]  val_avg_surf_p=46.0210 *  lr=1.99e-04
    val_single_in_dist         loss=3.7742  surf[p=46.2824 Ux=0.5398 Uy=0.3278]  vol[p=74.4071 Ux=2.9952 Uy=1.2779]
    val_geom_camber_rc         loss=3.4526  surf[p=59.8467 Ux=0.9390 Uy=0.4808]  vol[p=76.4611 Ux=3.6250 Uy=1.7026]
    val_geom_camber_cruise     loss=0.9543  surf[p=30.9097 Ux=0.4150 Uy=0.2311]  vol[p=41.1019 Ux=2.1541 Uy=0.8242]
    val_re_rand                loss=3.4565  surf[p=47.0452 Ux=0.6892 Uy=0.3529]  vol[p=59.2249 Ux=2.7996 Uy=1.2207]
Epoch  73 (134s) [47.1GB]  train[vol=0.1190 surf=0.0328]  val_avg_surf_p=47.1803  lr=1.86e-04
    val_single_in_dist         loss=3.3683  surf[p=47.8847 Ux=0.5594 Uy=0.3539]  vol[p=72.0053 Ux=2.9034 Uy=1.2456]
    val_geom_camber_rc         loss=3.3655  surf[p=60.1009 Ux=0.9384 Uy=0.4776]  vol[p=75.0212 Ux=3.5579 Uy=1.6797]
    val_geom_camber_cruise     loss=0.9521  surf[p=32.1044 Ux=0.4557 Uy=0.2366]  vol[p=41.1310 Ux=2.2322 Uy=0.8266]
    val_re_rand                loss=3.7066  surf[p=48.6312 Ux=0.7067 Uy=0.3579]  vol[p=59.1971 Ux=2.7962 Uy=1.2223]
Epoch  74 (137s) [47.1GB]  train[vol=0.1149 surf=0.0293]  val_avg_surf_p=51.0580  lr=1.74e-04
    val_single_in_dist         loss=4.8891  surf[p=54.2909 Ux=0.5465 Uy=0.3439]  vol[p=76.1785 Ux=2.9424 Uy=1.2544]
    val_geom_camber_rc         loss=3.9925  surf[p=68.9450 Ux=0.9633 Uy=0.4950]  vol[p=81.7093 Ux=3.5830 Uy=1.7025]
    val_geom_camber_cruise     loss=0.9069  surf[p=30.5441 Ux=0.4102 Uy=0.2240]  vol[p=40.3008 Ux=2.1929 Uy=0.7915]
    val_re_rand                loss=3.8046  surf[p=50.4521 Ux=0.6901 Uy=0.3582]  vol[p=60.4092 Ux=2.7709 Uy=1.2154]
Epoch  75 (137s) [47.1GB]  train[vol=0.1762 surf=0.0621]  val_avg_surf_p=45.7878 *  lr=1.61e-04
    val_single_in_dist         loss=4.4415  surf[p=46.2786 Ux=0.5283 Uy=0.3358]  vol[p=72.7201 Ux=2.9326 Uy=1.2462]
    val_geom_camber_rc         loss=3.5095  surf[p=60.6698 Ux=0.9713 Uy=0.4836]  vol[p=76.6132 Ux=3.6555 Uy=1.6997]
    val_geom_camber_cruise     loss=0.8756  surf[p=28.8952 Ux=0.4032 Uy=0.2250]  vol[p=39.6512 Ux=2.1494 Uy=0.7887]
    val_re_rand                loss=3.8853  surf[p=47.3074 Ux=0.6912 Uy=0.3566]  vol[p=58.8110 Ux=2.7703 Uy=1.2031]
Epoch  76 (135s) [47.1GB]  train[vol=0.1486 surf=0.0584]  val_avg_surf_p=47.0299  lr=1.49e-04
