wandb: [wandb.login()] Loaded credentials for https://api.wandb.ai from WANDB_API_KEY.
wandb: W&B API key is configured. Use `wandb login --relogin` to force relogin
wandb: setting up run oaflkudf
wandb: Tracking run with wandb version 0.25.1
wandb: Run data is saved locally in /workspace/ml-intern-benchmark/target/wandb/run-20260429_233650-oaflkudf
wandb: Run `wandb offline` to turn off syncing.
wandb: Syncing run mlintern-pai2-24h-v2-r1/wc-lr1e3-sw50-100ep-seed2
wandb: ⭐️ View project at https://wandb.ai/wandb-applied-ai-team/senpai-v1-ml-intern
wandb: 🚀 View run at https://wandb.ai/wandb-applied-ai-team/senpai-v1-ml-intern/runs/oaflkudf
Device: cuda
Train: 1499, val_single_in_dist: 100, val_geom_camber_rc: 100, val_geom_camber_cruise: 100, val_re_rand: 100
Model: Transolver (0.66M params)
Epoch   1 (138s) [47.1GB]  train[vol=2.3510 surf=1.4329]  val_avg_surf_p=318.2365 *  lr=2.01e-04
    val_single_in_dist         loss=99.2335  surf[p=380.5701 Ux=5.2983 Uy=1.7038]  vol[p=463.1271 Ux=13.0077 Uy=5.3430]
    val_geom_camber_rc         loss=57.5375  surf[p=347.6727 Ux=7.1438 Uy=1.9998]  vol[p=478.9261 Ux=13.0287 Uy=5.4650]
    val_geom_camber_cruise     loss=28.0079  surf[p=253.6343 Ux=4.7233 Uy=1.4150]  vol[p=248.0185 Ux=8.9001 Uy=3.6575]
    val_re_rand                loss=40.0300  surf[p=291.0687 Ux=6.0064 Uy=1.5537]  vol[p=325.5847 Ux=10.5943 Uy=4.2049]
Epoch   2 (135s) [47.1GB]  train[vol=1.7439 surf=0.7292]  val_avg_surf_p=216.1139 *  lr=4.01e-04
    val_single_in_dist         loss=63.1955  surf[p=277.4003 Ux=3.5352 Uy=1.2561]  vol[p=354.7408 Ux=13.1584 Uy=4.7141]
    val_geom_camber_rc         loss=34.8380  surf[p=219.5159 Ux=5.1600 Uy=1.7257]  vol[p=231.3542 Ux=12.5360 Uy=5.0104]
    val_geom_camber_cruise     loss=16.7267  surf[p=181.7384 Ux=2.7361 Uy=0.9977]  vol[p=176.9922 Ux=9.6628 Uy=2.9466]
    val_re_rand                loss=22.2585  surf[p=185.8008 Ux=3.5814 Uy=1.2234]  vol[p=193.0240 Ux=10.3460 Uy=3.6306]
Epoch   3 (138s) [47.1GB]  train[vol=1.4715 surf=0.6137]  val_avg_surf_p=265.3663  lr=6.00e-04
    val_single_in_dist         loss=66.7978  surf[p=288.4815 Ux=5.0868 Uy=1.6740]  vol[p=345.2402 Ux=12.4302 Uy=4.9345]
    val_geom_camber_rc         loss=48.7539  surf[p=292.4933 Ux=5.6032 Uy=2.0270]  vol[p=386.3684 Ux=12.1459 Uy=4.9260]
    val_geom_camber_cruise     loss=22.2473  surf[p=218.2608 Ux=4.1062 Uy=1.1866]  vol[p=243.1604 Ux=8.3684 Uy=3.1918]
    val_re_rand                loss=40.9255  surf[p=262.2296 Ux=5.1891 Uy=1.5462]  vol[p=309.5563 Ux=9.7522 Uy=3.7507]
Epoch   4 (134s) [47.1GB]  train[vol=1.5913 surf=0.6375]  val_avg_surf_p=191.0508 *  lr=8.00e-04
    val_single_in_dist         loss=58.0897  surf[p=232.0283 Ux=2.8546 Uy=1.3075]  vol[p=252.4442 Ux=11.6282 Uy=4.4406]
    val_geom_camber_rc         loss=29.3524  surf[p=213.6616 Ux=4.2200 Uy=1.6250]  vol[p=247.9555 Ux=10.9510 Uy=4.8369]
    val_geom_camber_cruise     loss=11.1187  surf[p=143.0953 Ux=2.2455 Uy=0.9803]  vol[p=152.0860 Ux=7.7722 Uy=2.6977]
    val_re_rand                loss=20.1379  surf[p=175.4181 Ux=3.2706 Uy=1.3029]  vol[p=184.2873 Ux=8.7634 Uy=3.5060]
Epoch   5 (136s) [47.1GB]  train[vol=1.2378 surf=0.4813]  val_avg_surf_p=174.0031 *  lr=1.00e-03
    val_single_in_dist         loss=41.0527  surf[p=207.8820 Ux=2.8877 Uy=1.0775]  vol[p=274.3694 Ux=10.4815 Uy=3.6745]
    val_geom_camber_rc         loss=27.4936  surf[p=203.7919 Ux=3.9602 Uy=1.4731]  vol[p=218.1149 Ux=10.4795 Uy=4.3864]
    val_geom_camber_cruise     loss=9.9010  surf[p=130.0022 Ux=2.5086 Uy=0.9107]  vol[p=135.6585 Ux=7.0282 Uy=2.5868]
    val_re_rand                loss=16.5245  surf[p=154.3361 Ux=3.1446 Uy=1.1302]  vol[p=167.8135 Ux=8.5420 Uy=3.2308]
Epoch   6 (137s) [47.1GB]  train[vol=1.1717 surf=0.5275]  val_avg_surf_p=181.2868  lr=1.00e-03
    val_single_in_dist         loss=44.2273  surf[p=237.7847 Ux=2.8949 Uy=1.1209]  vol[p=243.6328 Ux=10.0687 Uy=3.8163]
    val_geom_camber_rc         loss=26.3836  surf[p=195.7386 Ux=4.0353 Uy=1.3122]  vol[p=195.1445 Ux=8.8653 Uy=4.1111]
    val_geom_camber_cruise     loss=10.8749  surf[p=133.2875 Ux=2.8428 Uy=0.7730]  vol[p=151.9261 Ux=7.5501 Uy=2.5398]
    val_re_rand                loss=17.3266  surf[p=158.3361 Ux=3.3192 Uy=1.0145]  vol[p=162.8538 Ux=7.8913 Uy=3.0822]
Epoch   7 (138s) [47.1GB]  train[vol=0.8732 surf=0.3532]  val_avg_surf_p=156.3977 *  lr=9.99e-04
    val_single_in_dist         loss=34.2031  surf[p=185.3582 Ux=2.8772 Uy=1.1203]  vol[p=234.6462 Ux=8.5632 Uy=3.7158]
    val_geom_camber_rc         loss=24.0130  surf[p=184.0591 Ux=3.6159 Uy=1.3461]  vol[p=214.2201 Ux=9.0751 Uy=4.2281]
    val_geom_camber_cruise     loss=7.8173  surf[p=112.0452 Ux=2.4883 Uy=0.8429]  vol[p=134.3512 Ux=6.0779 Uy=2.2649]
    val_re_rand                loss=14.4528  surf[p=144.1284 Ux=2.9542 Uy=1.0760]  vol[p=157.5580 Ux=7.2606 Uy=2.9883]
Epoch   8 (136s) [47.1GB]  train[vol=0.8447 surf=0.3638]  val_avg_surf_p=153.0930 *  lr=9.98e-04
    val_single_in_dist         loss=35.2662  surf[p=202.5787 Ux=2.9673 Uy=1.0594]  vol[p=261.3356 Ux=9.6851 Uy=3.2967]
    val_geom_camber_rc         loss=22.1523  surf[p=166.2688 Ux=3.0477 Uy=1.2420]  vol[p=222.7087 Ux=9.0203 Uy=3.7146]
    val_geom_camber_cruise     loss=7.3597  surf[p=107.4129 Ux=1.8027 Uy=0.7042]  vol[p=114.0598 Ux=5.4025 Uy=2.2172]
    val_re_rand                loss=15.0322  surf[p=136.1114 Ux=2.5010 Uy=1.0090]  vol[p=153.9448 Ux=6.8757 Uy=2.7703]
Epoch   9 (136s) [47.1GB]  train[vol=0.7761 surf=0.3390]  val_avg_surf_p=137.2672 *  lr=9.96e-04
    val_single_in_dist         loss=29.5504  surf[p=172.8059 Ux=2.2083 Uy=0.8930]  vol[p=196.6103 Ux=8.3649 Uy=3.1781]
    val_geom_camber_rc         loss=18.7815  surf[p=154.0679 Ux=2.6772 Uy=1.1686]  vol[p=182.1224 Ux=7.5562 Uy=3.7005]
    val_geom_camber_cruise     loss=6.4103  surf[p=97.8473 Ux=1.8190 Uy=0.6112]  vol[p=110.9071 Ux=5.6066 Uy=1.9157]
    val_re_rand                loss=12.6146  surf[p=124.3476 Ux=2.1902 Uy=0.9027]  vol[p=137.5635 Ux=6.3365 Uy=2.6625]
Epoch  10 (136s) [47.1GB]  train[vol=0.7056 surf=0.3159]  val_avg_surf_p=157.0007  lr=9.93e-04
    val_single_in_dist         loss=41.6609  surf[p=209.4184 Ux=1.8397 Uy=1.1039]  vol[p=241.6545 Ux=7.5901 Uy=3.5353]
    val_geom_camber_rc         loss=22.9820  surf[p=162.1053 Ux=3.0159 Uy=1.3289]  vol[p=189.6271 Ux=7.6934 Uy=3.8887]
    val_geom_camber_cruise     loss=9.0857  surf[p=123.9062 Ux=1.7399 Uy=0.6699]  vol[p=123.7553 Ux=5.0925 Uy=1.9702]
    val_re_rand                loss=14.5849  surf[p=132.5730 Ux=2.3417 Uy=0.9348]  vol[p=142.8930 Ux=6.1867 Uy=2.7171]
Epoch  11 (135s) [47.1GB]  train[vol=0.6753 surf=0.3187]  val_avg_surf_p=152.6591  lr=9.90e-04
    val_single_in_dist         loss=47.8839  surf[p=221.2412 Ux=2.2315 Uy=1.1267]  vol[p=261.0777 Ux=7.3485 Uy=3.3965]
    val_geom_camber_rc         loss=20.8065  surf[p=168.3742 Ux=2.7128 Uy=1.1424]  vol[p=183.7343 Ux=7.1986 Uy=3.4797]
    val_geom_camber_cruise     loss=5.9075  surf[p=95.2703 Ux=1.4426 Uy=0.6519]  vol[p=112.1116 Ux=4.6291 Uy=1.9009]
    val_re_rand                loss=13.0199  surf[p=125.7505 Ux=2.1304 Uy=0.8363]  vol[p=136.0230 Ux=5.8671 Uy=2.4884]
Epoch  12 (134s) [47.1GB]  train[vol=0.5570 surf=0.2498]  val_avg_surf_p=142.4419  lr=9.87e-04
    val_single_in_dist         loss=32.5205  surf[p=167.2349 Ux=2.9283 Uy=0.8103]  vol[p=204.6881 Ux=7.6254 Uy=2.7099]
    val_geom_camber_rc         loss=35.2209  surf[p=174.6303 Ux=3.4305 Uy=1.0878]  vol[p=212.9203 Ux=7.7788 Uy=3.4276]
    val_geom_camber_cruise     loss=7.3132  surf[p=96.4067 Ux=2.7562 Uy=0.6224]  vol[p=111.5141 Ux=6.2886 Uy=1.7172]
    val_re_rand                loss=19.5068  surf[p=131.4957 Ux=3.0327 Uy=0.8721]  vol[p=143.9342 Ux=6.8296 Uy=2.4554]
Epoch  13 (136s) [47.1GB]  train[vol=0.5167 surf=0.2544]  val_avg_surf_p=124.0091 *  lr=9.83e-04
    val_single_in_dist         loss=18.0678  surf[p=132.4072 Ux=2.0013 Uy=0.7136]  vol[p=170.5099 Ux=6.3193 Uy=2.5545]
    val_geom_camber_rc         loss=15.0404  surf[p=146.6148 Ux=3.2264 Uy=1.0106]  vol[p=165.2571 Ux=7.0836 Uy=3.2503]
    val_geom_camber_cruise     loss=6.2497  surf[p=94.8795 Ux=1.6315 Uy=0.5747]  vol[p=117.8976 Ux=4.7378 Uy=1.6706]
    val_re_rand                loss=11.6360  surf[p=122.1347 Ux=2.4243 Uy=0.7804]  vol[p=135.8355 Ux=5.8041 Uy=2.3051]
Epoch  14 (136s) [47.1GB]  train[vol=0.5213 surf=0.2377]  val_avg_surf_p=121.4850 *  lr=9.78e-04
    val_single_in_dist         loss=22.8361  surf[p=169.5939 Ux=1.9609 Uy=0.9625]  vol[p=191.5296 Ux=6.0838 Uy=2.8500]
    val_geom_camber_rc         loss=13.1272  surf[p=119.1941 Ux=2.1695 Uy=1.0161]  vol[p=136.2393 Ux=5.9506 Uy=3.2601]
    val_geom_camber_cruise     loss=5.6157  surf[p=91.6911 Ux=1.2022 Uy=0.6401]  vol[p=101.0314 Ux=4.0389 Uy=1.6875]
    val_re_rand                loss=9.4423  surf[p=105.4609 Ux=1.7251 Uy=0.8129]  vol[p=114.5372 Ux=4.8854 Uy=2.3575]
Epoch  15 (137s) [47.1GB]  train[vol=0.4970 surf=0.2380]  val_avg_surf_p=107.8648 *  lr=9.73e-04
    val_single_in_dist         loss=17.1962  surf[p=120.8154 Ux=1.5993 Uy=0.8846]  vol[p=157.4027 Ux=5.7536 Uy=2.4773]
    val_geom_camber_rc         loss=13.9500  surf[p=128.6345 Ux=2.3265 Uy=1.1941]  vol[p=149.7099 Ux=5.8387 Uy=3.3443]
    val_geom_camber_cruise     loss=4.8154  surf[p=82.9326 Ux=1.5021 Uy=0.5765]  vol[p=103.9387 Ux=4.2601 Uy=1.6219]
    val_re_rand                loss=8.9782  surf[p=99.0765 Ux=1.8913 Uy=0.8112]  vol[p=118.9202 Ux=5.1208 Uy=2.2743]
Epoch  16 (137s) [47.1GB]  train[vol=0.5641 surf=0.2643]  val_avg_surf_p=117.2953  lr=9.67e-04
    val_single_in_dist         loss=17.3341  surf[p=134.2327 Ux=1.9797 Uy=0.7864]  vol[p=186.8052 Ux=5.9148 Uy=2.5618]
    val_geom_camber_rc         loss=13.7979  surf[p=141.4500 Ux=2.9741 Uy=0.9895]  vol[p=153.4334 Ux=6.5405 Uy=3.1717]
    val_geom_camber_cruise     loss=5.7151  surf[p=84.7669 Ux=1.6948 Uy=0.6517]  vol[p=113.0651 Ux=4.4454 Uy=1.7322]
    val_re_rand                loss=10.5998  surf[p=108.7315 Ux=2.1155 Uy=0.7897]  vol[p=128.4016 Ux=5.2017 Uy=2.3090]
Epoch  17 (135s) [47.1GB]  train[vol=0.5559 surf=0.2598]  val_avg_surf_p=114.5625  lr=9.61e-04
    val_single_in_dist         loss=18.5731  surf[p=138.5512 Ux=2.2647 Uy=0.6905]  vol[p=168.2881 Ux=5.7579 Uy=2.3852]
    val_geom_camber_rc         loss=11.0197  surf[p=111.8704 Ux=2.3162 Uy=0.9049]  vol[p=134.5162 Ux=5.8017 Uy=3.0973]
    val_geom_camber_cruise     loss=7.0185  surf[p=101.6907 Ux=2.0490 Uy=0.5338]  vol[p=108.4997 Ux=4.2686 Uy=1.6095]
    val_re_rand                loss=9.2001  surf[p=106.1376 Ux=2.2174 Uy=0.7141]  vol[p=118.9621 Ux=4.9639 Uy=2.1916]
Epoch  18 (136s) [47.1GB]  train[vol=0.4348 surf=0.1933]  val_avg_surf_p=109.3486  lr=9.55e-04
    val_single_in_dist         loss=17.8354  surf[p=145.8626 Ux=1.9335 Uy=0.7082]  vol[p=168.6149 Ux=5.5127 Uy=2.2611]
    val_geom_camber_rc         loss=10.7327  surf[p=115.8963 Ux=2.2411 Uy=0.9213]  vol[p=135.9721 Ux=5.7205 Uy=3.0649]
    val_geom_camber_cruise     loss=4.1003  surf[p=75.5008 Ux=1.2666 Uy=0.5473]  vol[p=95.3539 Ux=3.7313 Uy=1.5006]
    val_re_rand                loss=8.7426  surf[p=100.1349 Ux=1.7662 Uy=0.7193]  vol[p=113.3107 Ux=4.6573 Uy=2.1644]
Epoch  19 (137s) [47.1GB]  train[vol=0.4524 surf=0.2092]  val_avg_surf_p=102.1761 *  lr=9.47e-04
    val_single_in_dist         loss=13.9000  surf[p=114.5974 Ux=2.4238 Uy=0.7961]  vol[p=150.6601 Ux=6.1362 Uy=2.2368]
    val_geom_camber_rc         loss=11.4218  surf[p=116.3393 Ux=2.3603 Uy=0.9611]  vol[p=135.1979 Ux=6.1081 Uy=2.9323]
    val_geom_camber_cruise     loss=4.0031  surf[p=81.0068 Ux=1.3321 Uy=0.5740]  vol[p=98.2095 Ux=3.8852 Uy=1.6816]
    val_re_rand                loss=7.8900  surf[p=96.7611 Ux=1.8050 Uy=0.7358]  vol[p=113.1729 Ux=4.7771 Uy=2.2441]
Epoch  20 (137s) [47.1GB]  train[vol=0.3661 surf=0.1719]  val_avg_surf_p=103.2751  lr=9.40e-04
    val_single_in_dist         loss=13.4480  surf[p=121.0185 Ux=1.5609 Uy=0.6046]  vol[p=144.2950 Ux=5.2536 Uy=2.1630]
    val_geom_camber_rc         loss=13.9799  surf[p=121.6402 Ux=2.4976 Uy=0.8273]  vol[p=147.4013 Ux=5.7539 Uy=2.9841]
    val_geom_camber_cruise     loss=3.5374  surf[p=74.5852 Ux=1.2855 Uy=0.4672]  vol[p=87.1652 Ux=3.6526 Uy=1.4289]
    val_re_rand                loss=8.0001  surf[p=95.8567 Ux=1.7916 Uy=0.6502]  vol[p=111.3181 Ux=4.4897 Uy=2.1135]
Epoch  21 (138s) [47.1GB]  train[vol=0.4902 surf=0.2470]  val_avg_surf_p=110.4829  lr=9.32e-04
    val_single_in_dist         loss=13.9278  surf[p=119.0552 Ux=1.6694 Uy=0.7152]  vol[p=151.4739 Ux=5.1332 Uy=2.1488]
    val_geom_camber_rc         loss=11.2384  surf[p=131.8922 Ux=2.2182 Uy=0.9339]  vol[p=150.3802 Ux=5.8235 Uy=2.9285]
    val_geom_camber_cruise     loss=4.2013  surf[p=81.1504 Ux=1.6298 Uy=0.5469]  vol[p=93.9110 Ux=4.1811 Uy=1.4959]
    val_re_rand                loss=9.1685  surf[p=109.8337 Ux=2.0458 Uy=0.7403]  vol[p=117.7805 Ux=4.9889 Uy=2.1050]
Epoch  22 (138s) [47.1GB]  train[vol=0.4370 surf=0.2147]  val_avg_surf_p=99.7950 *  lr=9.23e-04
    val_single_in_dist         loss=15.4365  surf[p=115.3137 Ux=2.0191 Uy=0.6572]  vol[p=146.2447 Ux=5.4313 Uy=2.2093]
    val_geom_camber_rc         loss=11.9870  surf[p=126.3320 Ux=2.6000 Uy=0.8342]  vol[p=141.6301 Ux=5.7419 Uy=2.9804]
    val_geom_camber_cruise     loss=3.3569  surf[p=66.5434 Ux=0.9916 Uy=0.5211]  vol[p=89.1739 Ux=3.7054 Uy=1.3712]
    val_re_rand                loss=7.7396  surf[p=90.9910 Ux=1.5484 Uy=0.6646]  vol[p=106.6071 Ux=4.4969 Uy=2.0442]
Epoch  23 (135s) [47.1GB]  train[vol=0.3875 surf=0.1772]  val_avg_surf_p=89.9576 *  lr=9.14e-04
    val_single_in_dist         loss=12.8721  surf[p=101.7686 Ux=1.1542 Uy=0.6553]  vol[p=141.7702 Ux=4.7654 Uy=2.1135]
    val_geom_camber_rc         loss=8.6847  surf[p=101.1082 Ux=1.9093 Uy=0.8219]  vol[p=130.4562 Ux=5.4168 Uy=2.7511]
    val_geom_camber_cruise     loss=3.6412  surf[p=71.8216 Ux=0.8125 Uy=0.4818]  vol[p=89.7766 Ux=3.3924 Uy=1.4185]
    val_re_rand                loss=6.8898  surf[p=85.1321 Ux=1.3339 Uy=0.6297]  vol[p=104.9843 Ux=4.1367 Uy=1.9723]
Epoch  24 (136s) [47.1GB]  train[vol=0.3994 surf=0.1780]  val_avg_surf_p=90.5101  lr=9.05e-04
    val_single_in_dist         loss=15.1366  surf[p=108.0769 Ux=1.3110 Uy=0.6202]  vol[p=131.4179 Ux=4.7845 Uy=2.0856]
    val_geom_camber_rc         loss=10.3038  surf[p=100.7699 Ux=1.8685 Uy=0.9425]  vol[p=125.9239 Ux=5.2342 Uy=2.8389]
    val_geom_camber_cruise     loss=3.5369  surf[p=68.9291 Ux=1.0080 Uy=0.5058]  vol[p=83.2385 Ux=3.4423 Uy=1.4244]
    val_re_rand                loss=6.8107  surf[p=84.2647 Ux=1.3784 Uy=0.6929]  vol[p=99.6302 Ux=4.0951 Uy=2.0221]
Epoch  25 (136s) [47.1GB]  train[vol=0.2737 surf=0.1140]  val_avg_surf_p=94.7642  lr=8.95e-04
    val_single_in_dist         loss=19.1657  surf[p=118.8367 Ux=1.2806 Uy=0.7111]  vol[p=137.0319 Ux=4.8904 Uy=2.0182]
    val_geom_camber_rc         loss=10.5291  surf[p=107.1802 Ux=2.0194 Uy=0.8431]  vol[p=138.4290 Ux=5.7045 Uy=2.6515]
    val_geom_camber_cruise     loss=3.0405  surf[p=67.1631 Ux=0.8439 Uy=0.5096]  vol[p=75.4971 Ux=3.2675 Uy=1.3930]
    val_re_rand                loss=6.9364  surf[p=85.8768 Ux=1.3598 Uy=0.6790]  vol[p=103.6838 Ux=4.2486 Uy=1.9358]
Epoch  26 (136s) [47.1GB]  train[vol=0.3770 surf=0.1713]  val_avg_surf_p=91.2542  lr=8.84e-04
    val_single_in_dist         loss=13.8458  surf[p=104.4199 Ux=1.0670 Uy=0.6604]  vol[p=129.3726 Ux=4.4866 Uy=2.0848]
    val_geom_camber_rc         loss=9.8146  surf[p=109.5574 Ux=1.7351 Uy=0.8844]  vol[p=131.8906 Ux=5.3236 Uy=2.7025]
    val_geom_camber_cruise     loss=3.0756  surf[p=64.7225 Ux=0.9715 Uy=0.4612]  vol[p=75.4294 Ux=3.4604 Uy=1.3351]
    val_re_rand                loss=8.0409  surf[p=86.3171 Ux=1.4057 Uy=0.6440]  vol[p=99.4290 Ux=4.2758 Uy=1.9204]
Epoch  27 (134s) [47.1GB]  train[vol=0.3212 surf=0.1455]  val_avg_surf_p=95.0169  lr=8.73e-04
    val_single_in_dist         loss=16.8159  surf[p=116.5783 Ux=1.3086 Uy=0.6540]  vol[p=132.1179 Ux=4.5700 Uy=2.0036]
    val_geom_camber_rc         loss=11.2434  surf[p=112.9600 Ux=2.2973 Uy=0.8290]  vol[p=127.0776 Ux=5.8335 Uy=2.6313]
    val_geom_camber_cruise     loss=2.9987  surf[p=65.6015 Ux=0.9945 Uy=0.4586]  vol[p=71.0102 Ux=3.3729 Uy=1.3081]
    val_re_rand                loss=6.6875  surf[p=84.9279 Ux=1.5508 Uy=0.6319]  vol[p=96.9835 Ux=4.3340 Uy=1.8857]
Epoch  28 (135s) [47.1GB]  train[vol=0.3164 surf=0.1402]  val_avg_surf_p=87.3242 *  lr=8.62e-04
    val_single_in_dist         loss=13.8927  surf[p=106.1398 Ux=1.1749 Uy=0.5855]  vol[p=133.1221 Ux=4.4537 Uy=1.8732]
    val_geom_camber_rc         loss=6.9604  surf[p=96.1055 Ux=1.7158 Uy=0.7204]  vol[p=113.8643 Ux=5.1418 Uy=2.4654]
    val_geom_camber_cruise     loss=2.8265  surf[p=63.5721 Ux=0.9196 Uy=0.4393]  vol[p=69.1532 Ux=3.4500 Uy=1.2470]
    val_re_rand                loss=6.8848  surf[p=83.4793 Ux=1.2458 Uy=0.5794]  vol[p=92.4153 Ux=4.0087 Uy=1.8111]
Epoch  29 (136s) [47.1GB]  train[vol=0.4597 surf=0.2271]  val_avg_surf_p=85.5203 *  lr=8.51e-04
    val_single_in_dist         loss=11.0353  surf[p=99.4725 Ux=1.8312 Uy=0.5823]  vol[p=120.1317 Ux=4.7714 Uy=1.9357]
    val_geom_camber_rc         loss=9.6896  surf[p=105.5695 Ux=1.8084 Uy=0.7959]  vol[p=118.3454 Ux=4.9209 Uy=2.6462]
    val_geom_camber_cruise     loss=2.6227  surf[p=56.9924 Ux=1.0271 Uy=0.4840]  vol[p=71.2940 Ux=3.1847 Uy=1.2915]
    val_re_rand                loss=6.3319  surf[p=80.0466 Ux=1.4199 Uy=0.6226]  vol[p=93.5451 Ux=3.9052 Uy=1.8565]
Epoch  30 (135s) [47.1GB]  train[vol=0.3483 surf=0.1589]  val_avg_surf_p=100.7957  lr=8.39e-04
    val_single_in_dist         loss=21.1335  surf[p=121.1738 Ux=1.1734 Uy=0.6279]  vol[p=136.6031 Ux=4.3759 Uy=1.9199]
    val_geom_camber_rc         loss=14.4862  surf[p=122.8927 Ux=1.6949 Uy=0.8349]  vol[p=120.8988 Ux=4.9098 Uy=2.5709]
    val_geom_camber_cruise     loss=2.7925  surf[p=64.9021 Ux=0.8419 Uy=0.4234]  vol[p=75.2482 Ux=3.2405 Uy=1.3260]
    val_re_rand                loss=10.7600  surf[p=94.2143 Ux=1.2904 Uy=0.6211]  vol[p=98.3298 Ux=3.9574 Uy=1.9075]
Epoch  31 (137s) [47.1GB]  train[vol=0.2922 surf=0.1365]  val_avg_surf_p=82.0675 *  lr=8.26e-04
    val_single_in_dist         loss=17.8202  surf[p=103.0888 Ux=1.2464 Uy=0.6331]  vol[p=125.1223 Ux=4.3221 Uy=1.8856]
    val_geom_camber_rc         loss=7.3939  surf[p=96.6899 Ux=2.0268 Uy=0.8346]  vol[p=116.6081 Ux=5.1690 Uy=2.4839]
    val_geom_camber_cruise     loss=2.2838  surf[p=51.5211 Ux=1.2028 Uy=0.4161]  vol[p=66.0179 Ux=3.2298 Uy=1.2678]
    val_re_rand                loss=6.6206  surf[p=76.9703 Ux=1.6813 Uy=0.6385]  vol[p=89.7229 Ux=4.0933 Uy=1.8203]
Epoch  32 (137s) [47.1GB]  train[vol=0.2462 surf=0.0977]  val_avg_surf_p=77.1529 *  lr=8.14e-04
    val_single_in_dist         loss=11.1981  surf[p=85.2960 Ux=1.0213 Uy=0.5300]  vol[p=114.3817 Ux=4.2467 Uy=1.7720]
    val_geom_camber_rc         loss=7.3774  surf[p=99.8413 Ux=1.6536 Uy=0.6684]  vol[p=117.5373 Ux=4.9932 Uy=2.3101]
    val_geom_camber_cruise     loss=2.1031  surf[p=49.9161 Ux=0.7459 Uy=0.3658]  vol[p=64.2866 Ux=3.1175 Uy=1.2109]
    val_re_rand                loss=5.6865  surf[p=73.5582 Ux=1.2318 Uy=0.5227]  vol[p=86.5955 Ux=3.9145 Uy=1.7212]
Epoch  33 (137s) [47.1GB]  train[vol=0.2684 surf=0.1130]  val_avg_surf_p=93.0385  lr=8.01e-04
    val_single_in_dist         loss=18.3504  surf[p=128.4988 Ux=1.4084 Uy=0.6876]  vol[p=135.4077 Ux=4.4726 Uy=1.9528]
    val_geom_camber_rc         loss=7.2407  surf[p=101.3927 Ux=1.7696 Uy=0.7828]  vol[p=122.4603 Ux=5.1263 Uy=2.5188]
    val_geom_camber_cruise     loss=2.3528  surf[p=58.5152 Ux=1.1747 Uy=0.4166]  vol[p=70.5215 Ux=3.2758 Uy=1.1979]
    val_re_rand                loss=6.7696  surf[p=83.7472 Ux=1.5013 Uy=0.5899]  vol[p=95.5593 Ux=4.0296 Uy=1.7754]
Epoch  34 (137s) [47.1GB]  train[vol=0.2432 surf=0.1002]  val_avg_surf_p=79.6933  lr=7.87e-04
    val_single_in_dist         loss=11.9022  surf[p=95.4374 Ux=1.1121 Uy=0.4977]  vol[p=125.2186 Ux=4.2969 Uy=1.7679]
    val_geom_camber_rc         loss=8.4831  surf[p=90.8183 Ux=1.7661 Uy=0.6799]  vol[p=113.4250 Ux=4.6727 Uy=2.3141]
    val_geom_camber_cruise     loss=2.8068  surf[p=57.7075 Ux=1.2512 Uy=0.3739]  vol[p=68.0820 Ux=3.6348 Uy=1.1621]
    val_re_rand                loss=6.1200  surf[p=74.8098 Ux=1.5136 Uy=0.5179]  vol[p=88.0407 Ux=4.1070 Uy=1.7251]
Epoch  35 (138s) [47.1GB]  train[vol=0.2935 surf=0.1296]  val_avg_surf_p=82.2631  lr=7.73e-04
    val_single_in_dist         loss=13.5429  surf[p=95.6338 Ux=1.6387 Uy=0.5419]  vol[p=117.9886 Ux=4.5827 Uy=1.8127]
    val_geom_camber_rc         loss=7.9866  surf[p=102.5632 Ux=1.8098 Uy=0.6950]  vol[p=116.1907 Ux=4.8841 Uy=2.2843]
    val_geom_camber_cruise     loss=2.3196  surf[p=52.3027 Ux=1.0639 Uy=0.3495]  vol[p=60.5387 Ux=3.1019 Uy=1.0982]
    val_re_rand                loss=6.7806  surf[p=78.5530 Ux=1.4147 Uy=0.5303]  vol[p=86.8850 Ux=3.8743 Uy=1.6598]
Epoch  36 (135s) [47.1GB]  train[vol=0.3257 surf=0.1450]  val_avg_surf_p=78.0861  lr=7.59e-04
    val_single_in_dist         loss=12.2717  surf[p=95.7580 Ux=0.9101 Uy=0.5705]  vol[p=111.3176 Ux=4.0976 Uy=1.8170]
    val_geom_camber_rc         loss=6.2744  surf[p=85.4030 Ux=1.4312 Uy=0.6929]  vol[p=103.6842 Ux=4.6108 Uy=2.3045]
    val_geom_camber_cruise     loss=2.1815  surf[p=54.9953 Ux=0.6614 Uy=0.4057]  vol[p=69.5034 Ux=3.1574 Uy=1.1370]
    val_re_rand                loss=6.2435  surf[p=76.1881 Ux=1.0886 Uy=0.5508]  vol[p=89.5412 Ux=3.8099 Uy=1.6743]
Epoch  37 (135s) [47.1GB]  train[vol=0.2175 surf=0.0854]  val_avg_surf_p=80.3677  lr=7.45e-04
    val_single_in_dist         loss=14.0282  surf[p=93.2357 Ux=1.1095 Uy=0.5252]  vol[p=121.1187 Ux=4.2898 Uy=1.8579]
    val_geom_camber_rc         loss=7.1023  surf[p=99.0795 Ux=1.7777 Uy=0.6939]  vol[p=113.7517 Ux=5.1164 Uy=2.3615]
    val_geom_camber_cruise     loss=2.0664  surf[p=53.5134 Ux=0.7781 Uy=0.3493]  vol[p=67.5386 Ux=3.1366 Uy=1.0842]
    val_re_rand                loss=5.7801  surf[p=75.6422 Ux=1.2361 Uy=0.5012]  vol[p=88.3250 Ux=3.9288 Uy=1.6505]
Epoch  38 (135s) [47.1GB]  train[vol=0.2851 surf=0.1218]  val_avg_surf_p=76.5957 *  lr=7.31e-04
    val_single_in_dist         loss=14.2117  surf[p=87.5258 Ux=1.0607 Uy=0.5409]  vol[p=115.9449 Ux=4.0996 Uy=1.7050]
    val_geom_camber_rc         loss=10.3261  surf[p=93.9577 Ux=1.4455 Uy=0.7228]  vol[p=110.9374 Ux=4.6845 Uy=2.2326]
    val_geom_camber_cruise     loss=1.9673  surf[p=49.3822 Ux=0.8721 Uy=0.3663]  vol[p=61.1305 Ux=2.9670 Uy=1.0606]
    val_re_rand                loss=6.2682  surf[p=75.5168 Ux=1.2301 Uy=0.5570]  vol[p=86.7541 Ux=3.7204 Uy=1.6231]
Epoch  39 (135s) [47.1GB]  train[vol=0.2358 surf=0.0896]  val_avg_surf_p=81.0095  lr=7.16e-04
    val_single_in_dist         loss=13.7227  surf[p=105.4526 Ux=1.2194 Uy=0.5206]  vol[p=123.0659 Ux=4.1908 Uy=1.7417]
    val_geom_camber_rc         loss=7.5569  surf[p=95.7709 Ux=1.5271 Uy=0.7019]  vol[p=114.6421 Ux=4.6743 Uy=2.3018]
    val_geom_camber_cruise     loss=2.2503  surf[p=51.5293 Ux=0.7716 Uy=0.3532]  vol[p=62.1259 Ux=2.9340 Uy=1.1051]
    val_re_rand                loss=5.8795  surf[p=71.2854 Ux=1.1615 Uy=0.5127]  vol[p=84.4297 Ux=3.7218 Uy=1.6433]
Epoch  40 (134s) [47.1GB]  train[vol=0.3186 surf=0.1549]  val_avg_surf_p=96.8111  lr=7.01e-04
    val_single_in_dist         loss=30.7900  surf[p=172.0304 Ux=1.9463 Uy=0.7569]  vol[p=185.5308 Ux=4.6844 Uy=2.0008]
    val_geom_camber_rc         loss=7.6112  surf[p=95.0749 Ux=1.4178 Uy=0.6685]  vol[p=117.4515 Ux=4.3913 Uy=2.1765]
    val_geom_camber_cruise     loss=1.7216  surf[p=46.1982 Ux=0.6815 Uy=0.3282]  vol[p=60.2683 Ux=2.8186 Uy=1.0443]
    val_re_rand                loss=6.1183  surf[p=73.9408 Ux=1.0151 Uy=0.4945]  vol[p=87.4938 Ux=3.4958 Uy=1.5786]
Epoch  41 (136s) [47.1GB]  train[vol=0.2242 surf=0.0864]  val_avg_surf_p=73.7522 *  lr=6.86e-04
    val_single_in_dist         loss=11.7741  surf[p=91.9629 Ux=1.0258 Uy=0.4894]  vol[p=109.6680 Ux=4.0029 Uy=1.7136]
    val_geom_camber_rc         loss=7.3052  surf[p=88.1294 Ux=1.4414 Uy=0.6534]  vol[p=100.5664 Ux=4.4964 Uy=2.1535]
    val_geom_camber_cruise     loss=1.8008  surf[p=44.9338 Ux=0.8331 Uy=0.3571]  vol[p=56.8378 Ux=3.0095 Uy=1.0882]
    val_re_rand                loss=5.6419  surf[p=69.9829 Ux=1.1399 Uy=0.5216]  vol[p=79.5286 Ux=3.6955 Uy=1.6120]
Epoch  42 (136s) [47.1GB]  train[vol=0.2203 surf=0.0819]  val_avg_surf_p=71.9922 *  lr=6.70e-04
    val_single_in_dist         loss=10.6076  surf[p=85.8106 Ux=1.0649 Uy=0.5281]  vol[p=114.0521 Ux=3.8900 Uy=1.7119]
    val_geom_camber_rc         loss=6.5657  surf[p=86.6676 Ux=1.6609 Uy=0.7029]  vol[p=102.6721 Ux=4.5744 Uy=2.1944]
    val_geom_camber_cruise     loss=1.8398  surf[p=45.9390 Ux=0.7584 Uy=0.3575]  vol[p=56.0919 Ux=2.8926 Uy=1.0683]
    val_re_rand                loss=5.6716  surf[p=69.5515 Ux=1.1520 Uy=0.5206]  vol[p=79.7320 Ux=3.5986 Uy=1.6088]
Epoch  43 (136s) [47.1GB]  train[vol=0.2848 surf=0.1161]  val_avg_surf_p=70.0197 *  lr=6.55e-04
    val_single_in_dist         loss=9.4089  surf[p=85.1663 Ux=1.0928 Uy=0.4977]  vol[p=107.6714 Ux=4.0563 Uy=1.6203]
    val_geom_camber_rc         loss=5.8147  surf[p=81.7323 Ux=1.4154 Uy=0.6973]  vol[p=97.4854 Ux=4.3771 Uy=2.2376]
    val_geom_camber_cruise     loss=1.7977  surf[p=47.6624 Ux=0.6742 Uy=0.3282]  vol[p=57.8851 Ux=2.8290 Uy=1.0887]
    val_re_rand                loss=4.6930  surf[p=65.5178 Ux=1.0485 Uy=0.4802]  vol[p=77.0780 Ux=3.5375 Uy=1.5861]
Epoch  44 (138s) [47.1GB]  train[vol=0.2236 surf=0.0872]  val_avg_surf_p=69.0031 *  lr=6.39e-04
    val_single_in_dist         loss=9.4224  surf[p=78.5163 Ux=0.8444 Uy=0.5021]  vol[p=104.3105 Ux=3.7624 Uy=1.5902]
    val_geom_camber_rc         loss=7.3992  surf[p=83.9679 Ux=1.2786 Uy=0.6293]  vol[p=98.3395 Ux=4.2591 Uy=2.1101]
    val_geom_camber_cruise     loss=1.7888  surf[p=47.7237 Ux=0.6905 Uy=0.3511]  vol[p=58.4727 Ux=2.7618 Uy=1.0246]
    val_re_rand                loss=5.3884  surf[p=65.8044 Ux=1.0013 Uy=0.4785]  vol[p=77.0480 Ux=3.4337 Uy=1.5199]
Epoch  45 (135s) [47.1GB]  train[vol=0.2360 surf=0.0872]  val_avg_surf_p=71.2441  lr=6.23e-04
    val_single_in_dist         loss=8.3612  surf[p=86.0685 Ux=0.9681 Uy=0.5136]  vol[p=109.5598 Ux=3.9731 Uy=1.5862]
    val_geom_camber_rc         loss=5.3403  surf[p=80.6974 Ux=1.2607 Uy=0.6381]  vol[p=97.5282 Ux=4.5026 Uy=2.1409]
    val_geom_camber_cruise     loss=1.8142  surf[p=49.1889 Ux=0.6462 Uy=0.3396]  vol[p=56.6741 Ux=2.7640 Uy=1.0030]
    val_re_rand                loss=5.1506  surf[p=69.0217 Ux=1.0113 Uy=0.4852]  vol[p=78.4526 Ux=3.5853 Uy=1.5296]
Epoch  46 (136s) [47.1GB]  train[vol=0.3277 surf=0.1328]  val_avg_surf_p=62.2722 *  lr=6.07e-04
    val_single_in_dist         loss=8.3414  surf[p=66.7513 Ux=1.1126 Uy=0.4786]  vol[p=102.1705 Ux=3.9175 Uy=1.5647]
    val_geom_camber_rc         loss=5.3692  surf[p=78.7207 Ux=1.6391 Uy=0.6113]  vol[p=97.3852 Ux=4.4543 Uy=2.1766]
    val_geom_camber_cruise     loss=1.4634  surf[p=41.4003 Ux=0.8322 Uy=0.3278]  vol[p=56.7218 Ux=2.8621 Uy=1.0306]
    val_re_rand                loss=5.0488  surf[p=62.2165 Ux=1.2554 Uy=0.4682]  vol[p=74.3234 Ux=3.6141 Uy=1.5568]
Epoch  47 (138s) [47.1GB]  train[vol=0.2475 surf=0.1094]  val_avg_surf_p=69.4668  lr=5.90e-04
    val_single_in_dist         loss=8.9681  surf[p=80.5582 Ux=0.9700 Uy=0.4719]  vol[p=103.9425 Ux=3.8833 Uy=1.5015]
    val_geom_camber_rc         loss=7.6062  surf[p=90.9898 Ux=1.3285 Uy=0.6311]  vol[p=102.4456 Ux=4.1512 Uy=2.0806]
    val_geom_camber_cruise     loss=1.5195  surf[p=40.7459 Ux=1.0017 Uy=0.3298]  vol[p=52.9699 Ux=3.0133 Uy=0.9844]
    val_re_rand                loss=5.5335  surf[p=65.5732 Ux=1.1245 Uy=0.4807]  vol[p=75.9799 Ux=3.4920 Uy=1.4902]
Epoch  48 (135s) [47.1GB]  train[vol=0.2138 surf=0.0925]  val_avg_surf_p=70.7583  lr=5.74e-04
    val_single_in_dist         loss=9.4230  surf[p=87.3912 Ux=0.8616 Uy=0.4817]  vol[p=107.7543 Ux=3.7014 Uy=1.6386]
    val_geom_camber_rc         loss=6.3997  surf[p=90.2217 Ux=1.4039 Uy=0.6535]  vol[p=106.8795 Ux=4.3194 Uy=2.1601]
    val_geom_camber_cruise     loss=1.4893  surf[p=41.6641 Ux=0.7977 Uy=0.3235]  vol[p=57.6502 Ux=2.8198 Uy=1.0020]
    val_re_rand                loss=4.7975  surf[p=63.7561 Ux=1.0631 Uy=0.4710]  vol[p=78.2517 Ux=3.4860 Uy=1.5071]
Epoch  49 (136s) [47.1GB]  train[vol=0.2559 surf=0.1081]  val_avg_surf_p=61.4773 *  lr=5.58e-04
    val_single_in_dist         loss=10.1664  surf[p=73.1690 Ux=0.8465 Uy=0.4241]  vol[p=91.0012 Ux=3.7599 Uy=1.4849]
    val_geom_camber_rc         loss=4.7815  surf[p=72.7828 Ux=1.2156 Uy=0.5643]  vol[p=89.4170 Ux=4.1188 Uy=1.9701]
    val_geom_camber_cruise     loss=1.3909  surf[p=39.3096 Ux=0.6502 Uy=0.2885]  vol[p=48.9439 Ux=2.7726 Uy=0.9476]
    val_re_rand                loss=4.6160  surf[p=60.6476 Ux=0.9606 Uy=0.4398]  vol[p=71.1174 Ux=3.3894 Uy=1.4543]
Epoch  50 (136s) [47.1GB]  train[vol=0.2731 surf=0.1238]  val_avg_surf_p=65.2721  lr=5.41e-04
    val_single_in_dist         loss=7.9954  surf[p=73.4880 Ux=0.7986 Uy=0.4634]  vol[p=96.0629 Ux=3.6076 Uy=1.5158]
    val_geom_camber_rc         loss=5.1802  surf[p=79.7704 Ux=1.3417 Uy=0.6354]  vol[p=99.4704 Ux=4.2753 Uy=2.1071]
    val_geom_camber_cruise     loss=1.4216  surf[p=42.7243 Ux=0.8565 Uy=0.2824]  vol[p=52.6590 Ux=2.6750 Uy=0.9457]
    val_re_rand                loss=5.2088  surf[p=65.1057 Ux=1.1131 Uy=0.4571]  vol[p=76.4403 Ux=3.3961 Uy=1.4878]
Epoch  51 (135s) [47.1GB]  train[vol=0.3495 surf=0.1425]  val_avg_surf_p=64.7091  lr=5.25e-04
    val_single_in_dist         loss=9.4116  surf[p=77.8328 Ux=0.8420 Uy=0.4239]  vol[p=96.1247 Ux=3.6894 Uy=1.5000]
    val_geom_camber_rc         loss=5.9291  surf[p=78.3407 Ux=1.2248 Uy=0.6154]  vol[p=90.0554 Ux=4.1085 Uy=2.0513]
    val_geom_camber_cruise     loss=1.3969  surf[p=40.7930 Ux=0.5530 Uy=0.2815]  vol[p=49.7662 Ux=2.6037 Uy=0.9300]
    val_re_rand                loss=4.6416  surf[p=61.8698 Ux=0.9436 Uy=0.4484]  vol[p=71.1290 Ux=3.2797 Uy=1.4349]
Epoch  52 (136s) [47.1GB]  train[vol=0.2369 surf=0.1005]  val_avg_surf_p=65.5926  lr=5.08e-04
    val_single_in_dist         loss=8.8372  surf[p=71.1949 Ux=0.8503 Uy=0.4507]  vol[p=92.1225 Ux=3.8098 Uy=1.4947]
    val_geom_camber_rc         loss=6.0049  surf[p=82.0537 Ux=1.6543 Uy=0.6304]  vol[p=95.5986 Ux=4.4232 Uy=2.0659]
    val_geom_camber_cruise     loss=1.5137  surf[p=45.7291 Ux=0.6422 Uy=0.2905]  vol[p=50.2689 Ux=2.6804 Uy=0.9545]
    val_re_rand                loss=4.5969  surf[p=63.3929 Ux=1.0611 Uy=0.4444]  vol[p=71.3038 Ux=3.4152 Uy=1.4479]
Epoch  53 (138s) [47.1GB]  train[vol=0.1978 surf=0.0779]  val_avg_surf_p=62.2004  lr=4.92e-04
    val_single_in_dist         loss=9.8945  surf[p=69.1060 Ux=0.8117 Uy=0.3996]  vol[p=96.6725 Ux=3.5262 Uy=1.4466]
    val_geom_camber_rc         loss=5.7643  surf[p=76.6905 Ux=1.2927 Uy=0.5424]  vol[p=93.2680 Ux=4.2135 Uy=2.0312]
    val_geom_camber_cruise     loss=1.2884  surf[p=38.7654 Ux=0.5265 Uy=0.2703]  vol[p=47.7345 Ux=2.4455 Uy=0.9113]
    val_re_rand                loss=4.9808  surf[p=64.2397 Ux=0.9725 Uy=0.4182]  vol[p=71.8150 Ux=3.2396 Uy=1.4490]
Epoch  54 (137s) [47.1GB]  train[vol=0.2864 surf=0.1025]  val_avg_surf_p=57.8971 *  lr=4.75e-04
    val_single_in_dist         loss=8.4933  surf[p=62.3104 Ux=0.7834 Uy=0.4262]  vol[p=86.9658 Ux=3.5096 Uy=1.4124]
    val_geom_camber_rc         loss=4.3402  surf[p=71.3159 Ux=1.1430 Uy=0.5613]  vol[p=87.9170 Ux=3.9568 Uy=1.9608]
    val_geom_camber_cruise     loss=1.3374  surf[p=38.3050 Ux=0.5813 Uy=0.2854]  vol[p=47.5085 Ux=2.5231 Uy=0.9058]
    val_re_rand                loss=4.3472  surf[p=59.6572 Ux=0.8995 Uy=0.4176]  vol[p=69.7340 Ux=3.1595 Uy=1.4013]
Epoch  55 (136s) [47.1GB]  train[vol=0.2151 surf=0.0875]  val_avg_surf_p=61.2923  lr=4.59e-04
    val_single_in_dist         loss=9.0123  surf[p=73.8725 Ux=0.9425 Uy=0.4047]  vol[p=100.1006 Ux=3.5794 Uy=1.4713]
    val_geom_camber_rc         loss=4.9420  surf[p=74.7646 Ux=1.1734 Uy=0.5584]  vol[p=89.9771 Ux=4.0063 Uy=1.9494]
    val_geom_camber_cruise     loss=1.2482  surf[p=37.5573 Ux=0.6060 Uy=0.2644]  vol[p=48.5267 Ux=2.4930 Uy=0.9168]
    val_re_rand                loss=4.3562  surf[p=58.9749 Ux=0.9198 Uy=0.4224]  vol[p=69.6174 Ux=3.1622 Uy=1.4039]
Epoch  56 (137s) [47.1GB]  train[vol=0.2715 surf=0.1059]  val_avg_surf_p=58.6766  lr=4.42e-04
    val_single_in_dist         loss=9.8287  surf[p=67.2060 Ux=0.6932 Uy=0.3994]  vol[p=90.4902 Ux=3.4605 Uy=1.4504]
    val_geom_camber_rc         loss=5.5640  surf[p=73.7701 Ux=1.1184 Uy=0.5503]  vol[p=87.1879 Ux=3.9965 Uy=1.9195]
    val_geom_camber_cruise     loss=1.1775  surf[p=35.5487 Ux=0.5275 Uy=0.2578]  vol[p=48.9540 Ux=2.4266 Uy=0.8810]
    val_re_rand                loss=4.6327  surf[p=58.1817 Ux=0.8374 Uy=0.4123]  vol[p=69.6057 Ux=3.1312 Uy=1.3860]
Epoch  57 (136s) [47.1GB]  train[vol=0.2235 surf=0.0893]  val_avg_surf_p=55.9306 *  lr=4.26e-04
    val_single_in_dist         loss=8.7857  surf[p=66.2716 Ux=0.6729 Uy=0.3788]  vol[p=88.2185 Ux=3.3778 Uy=1.3907]
    val_geom_camber_rc         loss=4.7166  surf[p=67.5512 Ux=1.0660 Uy=0.5252]  vol[p=86.8054 Ux=3.8661 Uy=1.8967]
    val_geom_camber_cruise     loss=1.1909  surf[p=35.2124 Ux=0.4906 Uy=0.2534]  vol[p=45.6512 Ux=2.4198 Uy=0.8667]
    val_re_rand                loss=4.0107  surf[p=54.6872 Ux=0.7925 Uy=0.3955]  vol[p=66.5678 Ux=3.0825 Uy=1.3705]
Epoch  58 (137s) [47.1GB]  train[vol=0.2105 surf=0.0809]  val_avg_surf_p=56.0882  lr=4.10e-04
    val_single_in_dist         loss=8.9920  surf[p=65.7000 Ux=0.7783 Uy=0.4099]  vol[p=89.8884 Ux=3.5259 Uy=1.4176]
    val_geom_camber_rc         loss=4.2010  surf[p=69.3399 Ux=1.1399 Uy=0.5439]  vol[p=88.2953 Ux=3.9517 Uy=1.9023]
    val_geom_camber_cruise     loss=1.0747  surf[p=33.3121 Ux=0.5112 Uy=0.2630]  vol[p=45.4132 Ux=2.5473 Uy=0.8615]
    val_re_rand                loss=4.3964  surf[p=56.0008 Ux=0.8247 Uy=0.4021]  vol[p=67.5094 Ux=3.1702 Uy=1.3524]
Epoch  59 (138s) [47.1GB]  train[vol=0.1880 surf=0.0665]  val_avg_surf_p=54.4831 *  lr=3.93e-04
    val_single_in_dist         loss=5.7973  surf[p=58.0502 Ux=0.6694 Uy=0.3812]  vol[p=83.9696 Ux=3.2988 Uy=1.3753]
    val_geom_camber_rc         loss=4.8379  surf[p=70.2283 Ux=1.1127 Uy=0.5646]  vol[p=89.7508 Ux=3.8441 Uy=1.9228]
    val_geom_camber_cruise     loss=1.0910  surf[p=35.3919 Ux=0.5243 Uy=0.2497]  vol[p=44.6291 Ux=2.3834 Uy=0.8703]
    val_re_rand                loss=3.9570  surf[p=54.2621 Ux=0.8339 Uy=0.3985]  vol[p=66.2736 Ux=3.0352 Uy=1.3669]
Epoch  60 (137s) [47.1GB]  train[vol=0.1977 surf=0.0696]  val_avg_surf_p=54.8865  lr=3.77e-04
    val_single_in_dist         loss=10.1839  surf[p=58.4579 Ux=0.6959 Uy=0.3487]  vol[p=87.7933 Ux=3.2962 Uy=1.3737]
    val_geom_camber_rc         loss=4.5887  surf[p=71.2490 Ux=1.1036 Uy=0.5728]  vol[p=86.5816 Ux=3.9127 Uy=1.9168]
    val_geom_camber_cruise     loss=1.1128  surf[p=35.6080 Ux=0.6273 Uy=0.2351]  vol[p=46.4861 Ux=2.4649 Uy=0.8480]
    val_re_rand                loss=3.7120  surf[p=54.2310 Ux=0.8820 Uy=0.3845]  vol[p=66.0906 Ux=3.1000 Uy=1.3334]
Epoch  61 (137s) [47.1GB]  train[vol=0.1549 surf=0.0476]  val_avg_surf_p=54.1727 *  lr=3.61e-04
    val_single_in_dist         loss=4.7579  surf[p=57.5502 Ux=0.7987 Uy=0.3688]  vol[p=86.9993 Ux=3.3126 Uy=1.3773]
    val_geom_camber_rc         loss=5.0350  surf[p=69.1935 Ux=1.0431 Uy=0.5238]  vol[p=85.8951 Ux=3.8898 Uy=1.8552]
    val_geom_camber_cruise     loss=1.0392  surf[p=33.3898 Ux=0.5052 Uy=0.2353]  vol[p=44.8350 Ux=2.3757 Uy=0.8658]
    val_re_rand                loss=4.4289  surf[p=56.5574 Ux=0.8098 Uy=0.3902]  vol[p=68.7418 Ux=3.0519 Uy=1.3457]
Epoch  62 (138s) [47.1GB]  train[vol=0.1523 surf=0.0493]  val_avg_surf_p=55.7255  lr=3.45e-04
    val_single_in_dist         loss=5.5315  surf[p=59.8335 Ux=0.7441 Uy=0.3821]  vol[p=83.9467 Ux=3.3946 Uy=1.3863]
    val_geom_camber_rc         loss=4.6708  surf[p=70.4975 Ux=1.1165 Uy=0.5427]  vol[p=85.8899 Ux=3.9389 Uy=1.8577]
    val_geom_camber_cruise     loss=1.1510  surf[p=35.8650 Ux=0.6875 Uy=0.2449]  vol[p=44.5552 Ux=2.4907 Uy=0.8460]
    val_re_rand                loss=3.9733  surf[p=56.7058 Ux=0.9059 Uy=0.3973]  vol[p=66.5215 Ux=3.1305 Uy=1.3307]
Epoch  63 (136s) [47.1GB]  train[vol=0.2052 surf=0.0628]  val_avg_surf_p=55.7592  lr=3.30e-04
    val_single_in_dist         loss=5.4973  surf[p=62.8736 Ux=0.6232 Uy=0.3832]  vol[p=88.1678 Ux=3.2383 Uy=1.4076]
    val_geom_camber_rc         loss=4.3440  surf[p=68.8026 Ux=1.0474 Uy=0.5187]  vol[p=83.1334 Ux=3.7320 Uy=1.8483]
    val_geom_camber_cruise     loss=1.1798  surf[p=36.4436 Ux=0.4873 Uy=0.2624]  vol[p=46.0970 Ux=2.3357 Uy=0.8725]
    val_re_rand                loss=3.8855  surf[p=54.9170 Ux=0.7754 Uy=0.3879]  vol[p=65.9649 Ux=2.9351 Uy=1.3272]
Epoch  64 (138s) [47.1GB]  train[vol=0.1685 surf=0.0635]  val_avg_surf_p=51.0018 *  lr=3.14e-04
    val_single_in_dist         loss=4.5477  surf[p=53.9301 Ux=0.6436 Uy=0.3521]  vol[p=81.2572 Ux=3.3857 Uy=1.3423]
    val_geom_camber_rc         loss=4.2950  surf[p=65.3289 Ux=1.1027 Uy=0.5096]  vol[p=83.0525 Ux=3.9965 Uy=1.8379]
    val_geom_camber_cruise     loss=0.9942  surf[p=32.8102 Ux=0.4814 Uy=0.2283]  vol[p=42.7886 Ux=2.3513 Uy=0.8304]
    val_re_rand                loss=3.6860  surf[p=51.9381 Ux=0.7966 Uy=0.3718]  vol[p=63.0233 Ux=3.0623 Uy=1.3011]
Epoch  65 (137s) [47.1GB]  train[vol=0.2004 surf=0.0713]  val_avg_surf_p=54.9880  lr=2.99e-04
    val_single_in_dist         loss=6.3483  surf[p=62.1186 Ux=0.6749 Uy=0.3692]  vol[p=80.9870 Ux=3.1657 Uy=1.3161]
    val_geom_camber_rc         loss=5.6950  surf[p=70.6932 Ux=1.1213 Uy=0.5300]  vol[p=86.8869 Ux=3.7890 Uy=1.8193]
    val_geom_camber_cruise     loss=1.0132  surf[p=33.4420 Ux=0.5128 Uy=0.2452]  vol[p=43.9604 Ux=2.2884 Uy=0.8184]
    val_re_rand                loss=3.7731  surf[p=53.6981 Ux=0.7786 Uy=0.3905]  vol[p=64.7344 Ux=2.9290 Uy=1.2888]
Epoch  66 (137s) [47.1GB]  train[vol=0.1681 surf=0.0649]  val_avg_surf_p=51.0925  lr=2.84e-04
    val_single_in_dist         loss=5.4631  surf[p=54.6177 Ux=0.6737 Uy=0.4013]  vol[p=78.6223 Ux=3.1441 Uy=1.3536]
    val_geom_camber_rc         loss=4.6525  surf[p=68.9953 Ux=1.0385 Uy=0.5376]  vol[p=86.7702 Ux=3.7006 Uy=1.8937]
    val_geom_camber_cruise     loss=0.9693  surf[p=30.5235 Ux=0.5677 Uy=0.2338]  vol[p=41.9699 Ux=2.2572 Uy=0.8312]
    val_re_rand                loss=3.8205  surf[p=50.2336 Ux=0.8213 Uy=0.3843]  vol[p=63.1960 Ux=2.8971 Uy=1.3139]
Epoch  67 (135s) [47.1GB]  train[vol=0.2239 surf=0.0721]  val_avg_surf_p=48.8982 *  lr=2.69e-04
    val_single_in_dist         loss=4.4143  surf[p=49.9053 Ux=0.5935 Uy=0.3410]  vol[p=78.2897 Ux=3.0697 Uy=1.2922]
    val_geom_camber_rc         loss=3.7963  surf[p=64.7228 Ux=0.9908 Uy=0.5065]  vol[p=81.3085 Ux=3.6554 Uy=1.7820]
    val_geom_camber_cruise     loss=0.9598  surf[p=31.0028 Ux=0.4522 Uy=0.2430]  vol[p=42.2048 Ux=2.2284 Uy=0.8112]
    val_re_rand                loss=3.6435  surf[p=49.9618 Ux=0.7412 Uy=0.3777]  vol[p=61.8313 Ux=2.8912 Uy=1.2677]
Epoch  68 (134s) [47.1GB]  train[vol=0.2583 surf=0.1095]  val_avg_surf_p=49.3680  lr=2.55e-04
    val_single_in_dist         loss=6.0582  surf[p=50.1876 Ux=0.6716 Uy=0.3412]  vol[p=79.5969 Ux=3.1445 Uy=1.2565]
    val_geom_camber_rc         loss=4.3571  surf[p=64.5073 Ux=1.0021 Uy=0.4911]  vol[p=80.1810 Ux=3.7076 Uy=1.7701]
    val_geom_camber_cruise     loss=0.9356  surf[p=31.0460 Ux=0.5451 Uy=0.2235]  vol[p=43.1010 Ux=2.2547 Uy=0.8059]
    val_re_rand                loss=3.8374  surf[p=51.7310 Ux=0.7936 Uy=0.3686]  vol[p=62.6331 Ux=2.8762 Uy=1.2716]
Epoch  69 (135s) [47.1GB]  train[vol=0.1545 surf=0.0426]  val_avg_surf_p=48.6114 *  lr=2.41e-04
    val_single_in_dist         loss=6.3130  surf[p=50.5952 Ux=0.6044 Uy=0.3464]  vol[p=79.4799 Ux=3.0555 Uy=1.2765]
    val_geom_camber_rc         loss=3.7130  surf[p=62.5005 Ux=1.0113 Uy=0.5017]  vol[p=80.5097 Ux=3.6254 Uy=1.7679]
    val_geom_camber_cruise     loss=1.0307  surf[p=32.1738 Ux=0.4620 Uy=0.2306]  vol[p=42.5946 Ux=2.2292 Uy=0.8216]
    val_re_rand                loss=3.6091  surf[p=49.1761 Ux=0.7422 Uy=0.3676]  vol[p=61.8769 Ux=2.8371 Uy=1.2690]
Epoch  70 (137s) [47.1GB]  train[vol=0.3156 surf=0.1234]  val_avg_surf_p=48.8869  lr=2.27e-04
    val_single_in_dist         loss=5.7584  surf[p=50.3655 Ux=0.5432 Uy=0.3271]  vol[p=77.3011 Ux=3.0480 Uy=1.2549]
    val_geom_camber_rc         loss=3.7741  surf[p=63.4203 Ux=0.9665 Uy=0.4967]  vol[p=79.6750 Ux=3.6385 Uy=1.7764]
    val_geom_camber_cruise     loss=0.9918  surf[p=31.8331 Ux=0.4336 Uy=0.2296]  vol[p=42.7762 Ux=2.2622 Uy=0.8121]
    val_re_rand                loss=3.4861  surf[p=49.9286 Ux=0.7188 Uy=0.3689]  vol[p=62.1519 Ux=2.8607 Uy=1.2594]
Epoch  71 (138s) [47.1GB]  train[vol=0.2175 surf=0.0737]  val_avg_surf_p=47.5463 *  lr=2.13e-04
    val_single_in_dist         loss=4.7380  surf[p=49.0293 Ux=0.5582 Uy=0.3360]  vol[p=76.6555 Ux=3.0491 Uy=1.2704]
    val_geom_camber_rc         loss=3.8683  surf[p=62.3150 Ux=1.0201 Uy=0.4986]  vol[p=80.2783 Ux=3.6280 Uy=1.7482]
    val_geom_camber_cruise     loss=0.8724  surf[p=29.5674 Ux=0.4176 Uy=0.2246]  vol[p=41.7697 Ux=2.1849 Uy=0.8028]
    val_re_rand                loss=3.5077  surf[p=49.2734 Ux=0.7539 Uy=0.3720]  vol[p=61.3585 Ux=2.8347 Uy=1.2611]
Epoch  72 (136s) [47.1GB]  train[vol=0.1794 surf=0.0506]  val_avg_surf_p=48.2797  lr=1.99e-04
    val_single_in_dist         loss=6.0172  surf[p=52.1531 Ux=0.5928 Uy=0.3319]  vol[p=77.6006 Ux=3.0985 Uy=1.2404]
    val_geom_camber_rc         loss=3.7347  surf[p=62.2658 Ux=1.0076 Uy=0.4921]  vol[p=79.5268 Ux=3.6250 Uy=1.7221]
    val_geom_camber_cruise     loss=0.9351  surf[p=30.3458 Ux=0.4544 Uy=0.2248]  vol[p=41.7203 Ux=2.2205 Uy=0.7869]
    val_re_rand                loss=3.4440  surf[p=48.3540 Ux=0.7282 Uy=0.3627]  vol[p=61.2238 Ux=2.8457 Uy=1.2400]
Epoch  73 (139s) [47.1GB]  train[vol=0.1146 surf=0.0235]  val_avg_surf_p=48.3934  lr=1.86e-04
    val_single_in_dist         loss=4.5142  surf[p=49.4340 Ux=0.5508 Uy=0.3393]  vol[p=75.0537 Ux=3.0213 Uy=1.2167]
    val_geom_camber_rc         loss=4.7992  surf[p=64.4437 Ux=0.9630 Uy=0.4855]  vol[p=80.1205 Ux=3.6032 Uy=1.7196]
    val_geom_camber_cruise     loss=0.9500  surf[p=29.8111 Ux=0.4246 Uy=0.2126]  vol[p=41.0705 Ux=2.1894 Uy=0.7786]
    val_re_rand                loss=3.6535  surf[p=49.8848 Ux=0.7280 Uy=0.3572]  vol[p=61.0761 Ux=2.7963 Uy=1.2306]
Epoch  74 (137s) [47.1GB]  train[vol=0.1377 surf=0.0312]  val_avg_surf_p=47.8275  lr=1.74e-04
