wandb: [wandb.login()] Loaded credentials for https://api.wandb.ai from WANDB_API_KEY.
wandb: W&B API key is configured. Use `wandb login --relogin` to force relogin
wandb: Tracking run with wandb version 0.26.1
wandb: Run data is saved locally in /workspace/ml-intern-benchmark/target/wandb/run-20260501_005507-5yzc8yii
wandb: Run `wandb offline` to turn off syncing.
wandb: Syncing run mlintern-pai2-72h-v4-r1/r4-onecycle-ema-w224-200
wandb: ⭐️ View project at https://wandb.ai/wandb-applied-ai-team/senpai-v1-ml-intern
wandb: 🚀 View run at https://wandb.ai/wandb-applied-ai-team/senpai-v1-ml-intern/runs/5yzc8yii
Device: cuda
Train: 1499, val_single_in_dist: 100, val_geom_camber_rc: 100, val_geom_camber_cruise: 100, val_re_rand: 100
Model: Transolver (1.95M params)
EMA enabled: decay=0.999
Epoch   1 (184s) [60.2GB]  train[vol=1.1988 surf=0.7877]  val_avg_surf_p=347.2010 *
    val_single_in_dist         loss=46.7807  surf[p=477.7525 Ux=18.7947 Uy=2.2369]  vol[p=452.7162 Ux=18.5438 Uy=5.9064]
    val_geom_camber_rc         loss=26.6412  surf[p=410.8150 Ux=14.9259 Uy=2.7092]  vol[p=372.2741 Ux=12.8356 Uy=6.0950]
    val_geom_camber_cruise     loss=13.7859  surf[p=223.3550 Ux=16.6103 Uy=1.5346]  vol[p=201.3845 Ux=14.7747 Uy=3.2777]
    val_re_rand                loss=16.8922  surf[p=276.8816 Ux=15.1148 Uy=1.9016]  vol[p=249.1541 Ux=13.2279 Uy=4.2601]
Epoch   2 (180s) [60.2GB]  train[vol=0.9051 surf=0.5517]  val_avg_surf_p=298.7622 *
    val_single_in_dist         loss=34.9329  surf[p=415.1842 Ux=10.5068 Uy=1.8619]  vol[p=360.8220 Ux=13.8439 Uy=5.2301]
    val_geom_camber_rc         loss=19.3190  surf[p=341.6522 Ux=9.6184 Uy=2.2559]  vol[p=278.0566 Ux=10.4716 Uy=5.2957]
    val_geom_camber_cruise     loss=8.4324  surf[p=203.5562 Ux=9.6002 Uy=1.2233]  vol[p=160.4238 Ux=10.2100 Uy=2.9541]
    val_re_rand                loss=11.1677  surf[p=234.6560 Ux=8.9516 Uy=1.5446]  vol[p=188.2888 Ux=9.7111 Uy=3.7619]
Epoch   3 (183s) [60.2GB]  train[vol=0.8432 surf=0.5234]  val_avg_surf_p=254.3114 *
    val_single_in_dist         loss=27.0794  surf[p=358.0845 Ux=6.7080 Uy=1.5642]  vol[p=282.8769 Ux=10.7398 Uy=4.4811]
    val_geom_camber_rc         loss=13.3862  surf[p=279.8649 Ux=6.7609 Uy=1.8001]  vol[p=216.1261 Ux=8.9888 Uy=4.6114]
    val_geom_camber_cruise     loss=5.4692  surf[p=180.6633 Ux=5.9484 Uy=0.9804]  vol[p=129.0528 Ux=7.5633 Uy=2.5276]
    val_re_rand                loss=7.6141  surf[p=198.6330 Ux=5.9516 Uy=1.2463]  vol[p=150.5551 Ux=7.6728 Uy=3.2527]
Epoch   4 (182s) [60.2GB]  train[vol=0.8068 surf=0.5042]  val_avg_surf_p=223.8059 *
    val_single_in_dist         loss=22.4558  surf[p=318.8241 Ux=5.2607 Uy=1.3304]  vol[p=247.9666 Ux=9.1477 Uy=3.8852]
    val_geom_camber_rc         loss=10.2736  surf[p=242.3190 Ux=5.4927 Uy=1.4975]  vol[p=191.0501 Ux=7.9224 Uy=4.1590]
    val_geom_camber_cruise     loss=4.0450  surf[p=160.1690 Ux=4.5514 Uy=0.8353]  vol[p=114.7356 Ux=6.3296 Uy=2.1787]
    val_re_rand                loss=5.8450  surf[p=173.9113 Ux=4.7947 Uy=1.0581]  vol[p=133.8097 Ux=6.6299 Uy=2.8800]
Epoch   5 (180s) [60.2GB]  train[vol=0.7729 surf=0.4765]  val_avg_surf_p=203.2173 *
    val_single_in_dist         loss=19.3365  surf[p=287.8619 Ux=4.6593 Uy=1.1542]  vol[p=229.9471 Ux=7.9241 Uy=3.4184]
    val_geom_camber_rc         loss=8.8471  surf[p=224.5872 Ux=4.9587 Uy=1.3358]  vol[p=181.6165 Ux=7.3686 Uy=3.8391]
    val_geom_camber_cruise     loss=3.2422  surf[p=142.9648 Ux=3.9851 Uy=0.7508]  vol[p=105.0575 Ux=5.6475 Uy=1.9091]
    val_re_rand                loss=4.9225  surf[p=157.4551 Ux=4.2928 Uy=0.9493]  vol[p=124.8520 Ux=6.0587 Uy=2.6070]
Epoch   6 (181s) [60.8GB]  train[vol=0.7495 surf=0.4650]  val_avg_surf_p=185.9929 *
    val_single_in_dist         loss=17.0684  surf[p=262.6420 Ux=4.1826 Uy=1.0567]  vol[p=213.8376 Ux=7.1139 Uy=3.1072]
    val_geom_camber_rc         loss=7.7411  surf[p=207.4389 Ux=4.6228 Uy=1.2502]  vol[p=171.1294 Ux=6.9759 Uy=3.5920]
    val_geom_camber_cruise     loss=2.7052  surf[p=128.8453 Ux=3.4963 Uy=0.6867]  vol[p=97.7963 Ux=5.0996 Uy=1.7192]
    val_re_rand                loss=4.3109  surf[p=145.0455 Ux=3.9200 Uy=0.8937]  vol[p=118.6508 Ux=5.6492 Uy=2.4146]
Epoch   7 (179s) [60.8GB]  train[vol=0.7288 surf=0.4547]  val_avg_surf_p=174.4889 *
    val_single_in_dist         loss=15.4916  surf[p=243.9380 Ux=3.8585 Uy=0.9924]  vol[p=203.7781 Ux=6.5651 Uy=2.8686]
    val_geom_camber_rc         loss=6.9717  surf[p=195.0173 Ux=4.4721 Uy=1.1962]  vol[p=165.5362 Ux=6.7072 Uy=3.4109]
    val_geom_camber_cruise     loss=2.3965  surf[p=121.0691 Ux=3.2051 Uy=0.6608]  vol[p=93.6727 Ux=4.7978 Uy=1.5995]
    val_re_rand                loss=3.9558  surf[p=137.9312 Ux=3.7386 Uy=0.8661]  vol[p=114.9856 Ux=5.3830 Uy=2.2890]
Epoch   8 (180s) [60.8GB]  train[vol=0.6823 surf=0.4198]  val_avg_surf_p=156.2979 *
    val_single_in_dist         loss=13.2523  surf[p=214.2120 Ux=3.5725 Uy=0.9410]  vol[p=188.3812 Ux=6.1648 Uy=2.6802]
    val_geom_camber_rc         loss=5.8669  surf[p=173.9785 Ux=4.1992 Uy=1.1340]  vol[p=153.5195 Ux=6.3347 Uy=3.2369]
    val_geom_camber_cruise     loss=2.0479  surf[p=110.0793 Ux=3.0708 Uy=0.6088]  vol[p=89.2856 Ux=4.6101 Uy=1.4769]
    val_re_rand                loss=3.4743  surf[p=126.9220 Ux=3.6044 Uy=0.8252]  vol[p=110.2757 Ux=5.1871 Uy=2.1651]
Epoch   9 (184s) [60.8GB]  train[vol=0.6300 surf=0.3892]  val_avg_surf_p=144.7308 *
    val_single_in_dist         loss=11.4990  surf[p=194.1424 Ux=3.4670 Uy=0.8830]  vol[p=175.4554 Ux=5.9014 Uy=2.4758]
    val_geom_camber_rc         loss=5.2720  surf[p=163.3551 Ux=3.9737 Uy=1.0925]  vol[p=146.8821 Ux=6.0995 Uy=3.0660]
    val_geom_camber_cruise     loss=1.8073  surf[p=101.7268 Ux=3.0003 Uy=0.5788]  vol[p=84.6515 Ux=4.4250 Uy=1.3842]
    val_re_rand                loss=3.1468  surf[p=119.6987 Ux=3.4354 Uy=0.7953]  vol[p=105.2897 Ux=4.9720 Uy=2.0522]
Epoch  10 (181s) [60.8GB]  train[vol=0.6248 surf=0.3862]  val_avg_surf_p=136.2755 *
    val_single_in_dist         loss=10.3442  surf[p=180.3418 Ux=3.3054 Uy=0.8284]  vol[p=164.6017 Ux=5.6797 Uy=2.2994]
    val_geom_camber_rc         loss=4.8225  surf[p=154.8664 Ux=3.7495 Uy=1.0591]  vol[p=139.7394 Ux=5.8366 Uy=2.9301]
    val_geom_camber_cruise     loss=1.6429  surf[p=95.5232 Ux=2.8320 Uy=0.5502]  vol[p=79.5194 Ux=4.2763 Uy=1.3050]
    val_re_rand                loss=2.8890  surf[p=114.3708 Ux=3.1965 Uy=0.7603]  vol[p=100.6836 Ux=4.7655 Uy=1.9565]
Epoch  11 (183s) [60.8GB]  train[vol=0.5850 surf=0.3584]  val_avg_surf_p=125.2547 *
    val_single_in_dist         loss=8.9788  surf[p=162.9664 Ux=2.9218 Uy=0.7559]  vol[p=150.9549 Ux=5.3314 Uy=2.1216]
    val_geom_camber_rc         loss=4.3297  surf[p=145.3960 Ux=3.4077 Uy=0.9914]  vol[p=132.7383 Ux=5.5803 Uy=2.7818]
    val_geom_camber_cruise     loss=1.3758  surf[p=86.0334 Ux=2.4273 Uy=0.5108]  vol[p=72.4322 Ux=3.8882 Uy=1.2167]
    val_re_rand                loss=2.6002  surf[p=106.6229 Ux=2.8141 Uy=0.7083]  vol[p=94.5479 Ux=4.4345 Uy=1.8539]
Epoch  12 (178s) [60.8GB]  train[vol=0.5580 surf=0.3406]  val_avg_surf_p=114.8494 *
    val_single_in_dist         loss=7.7830  surf[p=147.0948 Ux=2.6459 Uy=0.6813]  vol[p=138.6977 Ux=5.0548 Uy=1.9517]
    val_geom_camber_rc         loss=3.8867  surf[p=135.3874 Ux=3.1096 Uy=0.9163]  vol[p=124.6606 Ux=5.3603 Uy=2.6239]
    val_geom_camber_cruise     loss=1.1649  surf[p=78.0183 Ux=2.1422 Uy=0.4710]  vol[p=66.4391 Ux=3.6248 Uy=1.1435]
    val_re_rand                loss=2.3123  surf[p=98.8970 Ux=2.5319 Uy=0.6565]  vol[p=88.6178 Ux=4.1874 Uy=1.7519]
Epoch  13 (180s) [60.8GB]  train[vol=0.5168 surf=0.3093]  val_avg_surf_p=105.2532 *
    val_single_in_dist         loss=6.5878  surf[p=131.6838 Ux=2.3670 Uy=0.6180]  vol[p=126.3530 Ux=4.7753 Uy=1.7943]
    val_geom_camber_rc         loss=3.4851  surf[p=124.8634 Ux=2.7868 Uy=0.8443]  vol[p=116.5499 Ux=5.1284 Uy=2.4781]
    val_geom_camber_cruise     loss=1.0104  surf[p=71.9057 Ux=1.8277 Uy=0.4243]  vol[p=61.3371 Ux=3.3679 Uy=1.0677]
    val_re_rand                loss=2.0867  surf[p=92.5601 Ux=2.2177 Uy=0.6047]  vol[p=83.5337 Ux=3.9442 Uy=1.6590]
Epoch  14 (179s) [60.8GB]  train[vol=0.5156 surf=0.3104]  val_avg_surf_p=97.8217 *
    val_single_in_dist         loss=5.8107  surf[p=120.7132 Ux=2.1040 Uy=0.5761]  vol[p=117.7294 Ux=4.4747 Uy=1.6835]
    val_geom_camber_rc         loss=3.1631  surf[p=116.3095 Ux=2.5059 Uy=0.7873]  vol[p=110.6310 Ux=4.9025 Uy=2.3546]
    val_geom_camber_cruise     loss=0.8922  surf[p=67.0909 Ux=1.5525 Uy=0.3915]  vol[p=57.8174 Ux=3.1168 Uy=1.0021]
    val_re_rand                loss=1.9227  surf[p=87.1732 Ux=1.9461 Uy=0.5674]  vol[p=79.5028 Ux=3.7158 Uy=1.5747]
Epoch  15 (179s) [60.8GB]  train[vol=0.5122 surf=0.3107]  val_avg_surf_p=92.6116 *
    val_single_in_dist         loss=5.4082  surf[p=114.9809 Ux=1.8512 Uy=0.5515]  vol[p=111.7769 Ux=4.2457 Uy=1.6075]
    val_geom_camber_rc         loss=2.9303  surf[p=109.5759 Ux=2.2803 Uy=0.7526]  vol[p=105.0849 Ux=4.7141 Uy=2.2609]
    val_geom_camber_cruise     loss=0.8020  surf[p=63.1883 Ux=1.3328 Uy=0.3702]  vol[p=55.1094 Ux=2.9421 Uy=0.9475]
    val_re_rand                loss=1.7937  surf[p=82.7012 Ux=1.7460 Uy=0.5404]  vol[p=76.0597 Ux=3.5652 Uy=1.5060]
Epoch  16 (183s) [60.8GB]  train[vol=0.4742 surf=0.2864]  val_avg_surf_p=87.0109 *
    val_single_in_dist         loss=4.6366  surf[p=106.0196 Ux=1.6500 Uy=0.5150]  vol[p=105.2415 Ux=4.0296 Uy=1.5270]
    val_geom_camber_rc         loss=2.6632  surf[p=103.7104 Ux=2.1016 Uy=0.7206]  vol[p=100.8635 Ux=4.5674 Uy=2.1801]
    val_geom_camber_cruise     loss=0.7297  surf[p=59.3115 Ux=1.1683 Uy=0.3489]  vol[p=52.3812 Ux=2.7682 Uy=0.9006]
    val_re_rand                loss=1.6783  surf[p=79.0023 Ux=1.5803 Uy=0.5156]  vol[p=73.3968 Ux=3.4129 Uy=1.4424]
Epoch  17 (179s) [60.8GB]  train[vol=0.4461 surf=0.2623]  val_avg_surf_p=82.2634 *
    val_single_in_dist         loss=4.1949  surf[p=98.8157 Ux=1.4973 Uy=0.4902]  vol[p=100.0755 Ux=3.8143 Uy=1.4563]
    val_geom_camber_rc         loss=2.4968  surf[p=98.8564 Ux=1.9641 Uy=0.6894]  vol[p=97.5584 Ux=4.4263 Uy=2.1023]
    val_geom_camber_cruise     loss=0.6651  surf[p=55.5158 Ux=1.0417 Uy=0.3310]  vol[p=49.3501 Ux=2.5828 Uy=0.8610]
    val_re_rand                loss=1.6058  surf[p=75.8657 Ux=1.4584 Uy=0.4952]  vol[p=70.8922 Ux=3.2658 Uy=1.3878]
Epoch  18 (184s) [60.8GB]  train[vol=0.4292 surf=0.2519]  val_avg_surf_p=78.4698 *
    val_single_in_dist         loss=3.7614  surf[p=94.1306 Ux=1.3943 Uy=0.4703]  vol[p=95.5877 Ux=3.6226 Uy=1.3990]
    val_geom_camber_rc         loss=2.3137  surf[p=94.2225 Ux=1.8425 Uy=0.6619]  vol[p=93.8488 Ux=4.2682 Uy=2.0369]
    val_geom_camber_cruise     loss=0.6216  surf[p=52.7721 Ux=0.9776 Uy=0.3159]  vol[p=46.9994 Ux=2.4583 Uy=0.8263]
    val_re_rand                loss=1.5325  surf[p=72.7539 Ux=1.3775 Uy=0.4750]  vol[p=68.2639 Ux=3.1402 Uy=1.3406]
Epoch  19 (183s) [60.8GB]  train[vol=0.4061 surf=0.2382]  val_avg_surf_p=75.1292 *
    val_single_in_dist         loss=3.3486  surf[p=88.8513 Ux=1.2891 Uy=0.4441]  vol[p=90.9506 Ux=3.4452 Uy=1.3516]
    val_geom_camber_rc         loss=2.2176  surf[p=91.1542 Ux=1.7589 Uy=0.6412]  vol[p=91.2280 Ux=4.1626 Uy=1.9809]
    val_geom_camber_cruise     loss=0.5810  surf[p=50.2733 Ux=0.9135 Uy=0.3002]  vol[p=44.8422 Ux=2.3588 Uy=0.7982]
    val_re_rand                loss=1.4669  surf[p=70.2379 Ux=1.3062 Uy=0.4574]  vol[p=66.1510 Ux=3.0422 Uy=1.3023]
Epoch  20 (181s) [60.8GB]  train[vol=0.4299 surf=0.2534]  val_avg_surf_p=72.3048 *
    val_single_in_dist         loss=2.9045  surf[p=84.1014 Ux=1.1969 Uy=0.4235]  vol[p=87.5138 Ux=3.3198 Uy=1.3063]
    val_geom_camber_rc         loss=2.1312  surf[p=89.0181 Ux=1.6935 Uy=0.6245]  vol[p=89.9968 Ux=4.0904 Uy=1.9427]
    val_geom_camber_cruise     loss=0.5452  surf[p=48.1419 Ux=0.8324 Uy=0.2866]  vol[p=43.1712 Ux=2.2745 Uy=0.7710]
    val_re_rand                loss=1.4178  surf[p=67.9580 Ux=1.2354 Uy=0.4408]  vol[p=64.3903 Ux=2.9671 Uy=1.2649]
Epoch  21 (184s) [60.8GB]  train[vol=0.3928 surf=0.2258]  val_avg_surf_p=69.5625 *
    val_single_in_dist         loss=2.5728  surf[p=79.9058 Ux=1.0696 Uy=0.4108]  vol[p=83.3931 Ux=3.1988 Uy=1.2680]
    val_geom_camber_rc         loss=2.0368  surf[p=86.1609 Ux=1.5738 Uy=0.6059]  vol[p=87.2719 Ux=3.9877 Uy=1.8965]
    val_geom_camber_cruise     loss=0.5108  surf[p=46.2542 Ux=0.7418 Uy=0.2748]  vol[p=41.7551 Ux=2.2026 Uy=0.7475]
    val_re_rand                loss=1.3787  surf[p=65.9291 Ux=1.1368 Uy=0.4291]  vol[p=62.6339 Ux=2.8851 Uy=1.2323]
Epoch  22 (179s) [60.8GB]  train[vol=0.3958 surf=0.2264]  val_avg_surf_p=67.4013 *
    val_single_in_dist         loss=2.4337  surf[p=77.3254 Ux=0.9567 Uy=0.4016]  vol[p=80.7407 Ux=3.1012 Uy=1.2381]
    val_geom_camber_rc         loss=1.9923  surf[p=83.5742 Ux=1.4812 Uy=0.5924]  vol[p=85.2421 Ux=3.9083 Uy=1.8589]
    val_geom_camber_cruise     loss=0.4852  surf[p=44.5758 Ux=0.6521 Uy=0.2636]  vol[p=40.8561 Ux=2.1318 Uy=0.7300]
    val_re_rand                loss=1.3316  surf[p=64.1297 Ux=1.0480 Uy=0.4177]  vol[p=61.2544 Ux=2.8118 Uy=1.2023]
Epoch  23 (183s) [60.8GB]  train[vol=0.3974 surf=0.2305]  val_avg_surf_p=65.5928 *
    val_single_in_dist         loss=2.3045  surf[p=75.1919 Ux=0.9090 Uy=0.3965]  vol[p=79.1089 Ux=3.0338 Uy=1.2129]
    val_geom_camber_rc         loss=1.8947  surf[p=81.3108 Ux=1.4173 Uy=0.5808]  vol[p=83.2275 Ux=3.8281 Uy=1.8199]
    val_geom_camber_cruise     loss=0.4552  surf[p=42.9619 Ux=0.6250 Uy=0.2551]  vol[p=39.6867 Ux=2.0763 Uy=0.7127]
    val_re_rand                loss=1.3135  surf[p=62.9064 Ux=1.0026 Uy=0.4104]  vol[p=60.2402 Ux=2.7500 Uy=1.1775]
Epoch  24 (180s) [60.8GB]  train[vol=0.3791 surf=0.2161]  val_avg_surf_p=63.9513 *
    val_single_in_dist         loss=2.1858  surf[p=73.3945 Ux=0.8407 Uy=0.3880]  vol[p=78.0263 Ux=2.9678 Uy=1.1864]
    val_geom_camber_rc         loss=1.8584  surf[p=78.9840 Ux=1.3562 Uy=0.5693]  vol[p=81.5652 Ux=3.7410 Uy=1.7775]
    val_geom_camber_cruise     loss=0.4347  surf[p=41.8185 Ux=0.5870 Uy=0.2479]  vol[p=38.6987 Ux=2.0180 Uy=0.6974]
    val_re_rand                loss=1.2697  surf[p=61.6083 Ux=0.9559 Uy=0.4028]  vol[p=59.2747 Ux=2.6842 Uy=1.1541]
Epoch  25 (181s) [60.8GB]  train[vol=0.3746 surf=0.2136]  val_avg_surf_p=62.1218 *
    val_single_in_dist         loss=2.0971  surf[p=71.4774 Ux=0.7870 Uy=0.3738]  vol[p=76.2318 Ux=2.9125 Uy=1.1577]
    val_geom_camber_rc         loss=1.7760  surf[p=76.4809 Ux=1.2978 Uy=0.5537]  vol[p=79.6810 Ux=3.6662 Uy=1.7371]
    val_geom_camber_cruise     loss=0.4132  surf[p=40.2605 Ux=0.5370 Uy=0.2419]  vol[p=37.5323 Ux=1.9618 Uy=0.6861]
    val_re_rand                loss=1.2438  surf[p=60.2683 Ux=0.9074 Uy=0.3943]  vol[p=58.3353 Ux=2.6262 Uy=1.1333]
Epoch  26 (183s) [60.8GB]  train[vol=0.3608 surf=0.2039]  val_avg_surf_p=60.3022 *
    val_single_in_dist         loss=2.0567  surf[p=69.2728 Ux=0.7601 Uy=0.3645]  vol[p=74.8267 Ux=2.8537 Uy=1.1301]
    val_geom_camber_rc         loss=1.6631  surf[p=74.1603 Ux=1.2642 Uy=0.5406]  vol[p=77.7618 Ux=3.6126 Uy=1.7011]
    val_geom_camber_cruise     loss=0.3928  surf[p=38.8313 Ux=0.5251 Uy=0.2343]  vol[p=36.4534 Ux=1.9321 Uy=0.6724]
    val_re_rand                loss=1.2219  surf[p=58.9442 Ux=0.8875 Uy=0.3838]  vol[p=57.2148 Ux=2.5876 Uy=1.1104]
Epoch  27 (182s) [60.8GB]  train[vol=0.3697 surf=0.2125]  val_avg_surf_p=59.0419 *
    val_single_in_dist         loss=2.0638  surf[p=68.8520 Ux=0.7255 Uy=0.3573]  vol[p=73.7979 Ux=2.8179 Uy=1.1043]
    val_geom_camber_rc         loss=1.5913  surf[p=72.0748 Ux=1.2151 Uy=0.5296]  vol[p=75.9018 Ux=3.5582 Uy=1.6672]
    val_geom_camber_cruise     loss=0.3755  surf[p=37.6043 Ux=0.4812 Uy=0.2281]  vol[p=35.5470 Ux=1.8947 Uy=0.6600]
    val_re_rand                loss=1.1910  surf[p=57.6364 Ux=0.8399 Uy=0.3761]  vol[p=56.0481 Ux=2.5425 Uy=1.0909]
Epoch  28 (181s) [60.8GB]  train[vol=0.3367 surf=0.1863]  val_avg_surf_p=57.5690 *
    val_single_in_dist         loss=2.0091  surf[p=66.9575 Ux=0.6881 Uy=0.3484]  vol[p=72.3813 Ux=2.7704 Uy=1.0827]
    val_geom_camber_rc         loss=1.5306  surf[p=70.3283 Ux=1.1742 Uy=0.5201]  vol[p=74.4603 Ux=3.5111 Uy=1.6408]
    val_geom_camber_cruise     loss=0.3548  surf[p=36.3935 Ux=0.4439 Uy=0.2226]  vol[p=34.6592 Ux=1.8533 Uy=0.6464]
    val_re_rand                loss=1.1672  surf[p=56.5967 Ux=0.8062 Uy=0.3695]  vol[p=55.2834 Ux=2.5074 Uy=1.0743]
Epoch  29 (183s) [60.8GB]  train[vol=0.3385 surf=0.1899]  val_avg_surf_p=56.2910 *
    val_single_in_dist         loss=1.9681  surf[p=65.6629 Ux=0.6743 Uy=0.3407]  vol[p=71.4601 Ux=2.7372 Uy=1.0620]
    val_geom_camber_rc         loss=1.4566  surf[p=68.6848 Ux=1.1479 Uy=0.5137]  vol[p=73.2529 Ux=3.4725 Uy=1.6166]
    val_geom_camber_cruise     loss=0.3351  surf[p=35.3604 Ux=0.4448 Uy=0.2186]  vol[p=33.7109 Ux=1.8298 Uy=0.6348]
    val_re_rand                loss=1.1588  surf[p=55.4559 Ux=0.7904 Uy=0.3641]  vol[p=54.1156 Ux=2.4737 Uy=1.0579]
Epoch  30 (182s) [60.8GB]  train[vol=0.3240 surf=0.1765]  val_avg_surf_p=55.0478 *
    val_single_in_dist         loss=1.9932  surf[p=64.4870 Ux=0.6549 Uy=0.3342]  vol[p=70.3758 Ux=2.7036 Uy=1.0403]
    val_geom_camber_rc         loss=1.4021  surf[p=67.0960 Ux=1.1195 Uy=0.5035]  vol[p=72.2318 Ux=3.4320 Uy=1.5900]
    val_geom_camber_cruise     loss=0.3208  surf[p=34.3336 Ux=0.4376 Uy=0.2150]  vol[p=32.9628 Ux=1.8019 Uy=0.6243]
    val_re_rand                loss=1.1310  surf[p=54.2746 Ux=0.7777 Uy=0.3587]  vol[p=53.1469 Ux=2.4444 Uy=1.0415]
Epoch  31 (182s) [60.8GB]  train[vol=0.3470 surf=0.1937]  val_avg_surf_p=53.6462 *
    val_single_in_dist         loss=1.9386  surf[p=62.6848 Ux=0.6145 Uy=0.3290]  vol[p=68.8248 Ux=2.6562 Uy=1.0216]
    val_geom_camber_rc         loss=1.3165  surf[p=65.3726 Ux=1.0789 Uy=0.4941]  vol[p=70.5356 Ux=3.3812 Uy=1.5666]
    val_geom_camber_cruise     loss=0.3063  surf[p=33.2688 Ux=0.4010 Uy=0.2120]  vol[p=32.3170 Ux=1.7691 Uy=0.6123]
    val_re_rand                loss=1.1187  surf[p=53.2587 Ux=0.7555 Uy=0.3542]  vol[p=52.3348 Ux=2.4190 Uy=1.0299]
Epoch  32 (179s) [60.8GB]  train[vol=0.3345 surf=0.1845]  val_avg_surf_p=52.4363 *
    val_single_in_dist         loss=1.9239  surf[p=61.2125 Ux=0.6067 Uy=0.3247]  vol[p=67.1659 Ux=2.6268 Uy=1.0073]
    val_geom_camber_rc         loss=1.2603  surf[p=63.5204 Ux=1.0552 Uy=0.4836]  vol[p=68.8275 Ux=3.3292 Uy=1.5401]
    val_geom_camber_cruise     loss=0.2980  surf[p=32.6221 Ux=0.3986 Uy=0.2099]  vol[p=31.7122 Ux=1.7540 Uy=0.6029]
    val_re_rand                loss=1.1079  surf[p=52.3903 Ux=0.7475 Uy=0.3504]  vol[p=51.8116 Ux=2.3986 Uy=1.0184]
Epoch  33 (178s) [60.8GB]  train[vol=0.3216 surf=0.1766]  val_avg_surf_p=51.3913 *
    val_single_in_dist         loss=1.8951  surf[p=59.5361 Ux=0.5998 Uy=0.3206]  vol[p=65.8868 Ux=2.5993 Uy=0.9905]
    val_geom_camber_rc         loss=1.2237  surf[p=62.4791 Ux=1.0505 Uy=0.4762]  vol[p=67.6618 Ux=3.2991 Uy=1.5195]
    val_geom_camber_cruise     loss=0.2892  surf[p=32.0984 Ux=0.4021 Uy=0.2076]  vol[p=31.3610 Ux=1.7323 Uy=0.5948]
    val_re_rand                loss=1.0870  surf[p=51.4517 Ux=0.7468 Uy=0.3463]  vol[p=51.1775 Ux=2.3842 Uy=1.0083]
Epoch  34 (182s) [60.8GB]  train[vol=0.3202 surf=0.1778]  val_avg_surf_p=50.6613 *
    val_single_in_dist         loss=1.8610  surf[p=58.5587 Ux=0.5954 Uy=0.3179]  vol[p=64.6267 Ux=2.5715 Uy=0.9746]
    val_geom_camber_rc         loss=1.1826  surf[p=61.6854 Ux=1.0385 Uy=0.4721]  vol[p=66.8475 Ux=3.2687 Uy=1.4996]
    val_geom_camber_cruise     loss=0.2854  surf[p=31.6663 Ux=0.4181 Uy=0.2071]  vol[p=30.8531 Ux=1.7229 Uy=0.5909]
    val_re_rand                loss=1.0758  surf[p=50.7347 Ux=0.7471 Uy=0.3427]  vol[p=50.5190 Ux=2.3649 Uy=0.9975]
Epoch  35 (182s) [60.8GB]  train[vol=0.3287 surf=0.1822]  val_avg_surf_p=49.9468 *
    val_single_in_dist         loss=1.7581  surf[p=56.8508 Ux=0.5746 Uy=0.3164]  vol[p=63.1122 Ux=2.5448 Uy=0.9606]
    val_geom_camber_rc         loss=1.1865  surf[p=61.0932 Ux=1.0199 Uy=0.4687]  vol[p=66.5354 Ux=3.2432 Uy=1.4826]
    val_geom_camber_cruise     loss=0.2785  surf[p=31.2524 Ux=0.3979 Uy=0.2076]  vol[p=30.5184 Ux=1.7099 Uy=0.5863]
    val_re_rand                loss=1.0582  surf[p=50.5909 Ux=0.7279 Uy=0.3426]  vol[p=50.2201 Ux=2.3482 Uy=0.9908]
Epoch  36 (181s) [60.8GB]  train[vol=0.3153 surf=0.1757]  val_avg_surf_p=49.6443 *
    val_single_in_dist         loss=1.7716  surf[p=57.2044 Ux=0.5750 Uy=0.3157]  vol[p=62.2578 Ux=2.5236 Uy=0.9499]
    val_geom_camber_rc         loss=1.1890  surf[p=60.6167 Ux=1.0120 Uy=0.4660]  vol[p=66.0329 Ux=3.2261 Uy=1.4741]
    val_geom_camber_cruise     loss=0.2757  surf[p=30.7044 Ux=0.3946 Uy=0.2051]  vol[p=30.0621 Ux=1.6892 Uy=0.5797]
    val_re_rand                loss=1.0385  surf[p=50.0519 Ux=0.7221 Uy=0.3387]  vol[p=49.7170 Ux=2.3283 Uy=0.9811]
Epoch  37 (183s) [60.8GB]  train[vol=0.3032 surf=0.1637]  val_avg_surf_p=48.9302 *
    val_single_in_dist         loss=1.7620  surf[p=56.4246 Ux=0.5683 Uy=0.3150]  vol[p=61.4874 Ux=2.4982 Uy=0.9428]
    val_geom_camber_rc         loss=1.1722  surf[p=59.9331 Ux=0.9994 Uy=0.4645]  vol[p=65.5208 Ux=3.2091 Uy=1.4590]
    val_geom_camber_cruise     loss=0.2668  surf[p=30.0380 Ux=0.3864 Uy=0.2045]  vol[p=29.6313 Ux=1.6701 Uy=0.5744]
    val_re_rand                loss=1.0062  surf[p=49.3249 Ux=0.7067 Uy=0.3357]  vol[p=49.1861 Ux=2.3045 Uy=0.9707]
Epoch  38 (180s) [60.8GB]  train[vol=0.3156 surf=0.1697]  val_avg_surf_p=48.4011 *
    val_single_in_dist         loss=1.8308  surf[p=56.4271 Ux=0.5747 Uy=0.3142]  vol[p=60.6624 Ux=2.4781 Uy=0.9322]
    val_geom_camber_rc         loss=1.1344  surf[p=59.2137 Ux=0.9855 Uy=0.4612]  vol[p=64.6791 Ux=3.1822 Uy=1.4477]
    val_geom_camber_cruise     loss=0.2616  surf[p=29.4115 Ux=0.3914 Uy=0.2032]  vol[p=29.1152 Ux=1.6466 Uy=0.5678]
    val_re_rand                loss=0.9896  surf[p=48.5520 Ux=0.7023 Uy=0.3334]  vol[p=48.4766 Ux=2.2777 Uy=0.9609]
Epoch  39 (183s) [60.8GB]  train[vol=0.2999 surf=0.1625]  val_avg_surf_p=47.7104 *
    val_single_in_dist         loss=1.7872  surf[p=55.4419 Ux=0.5625 Uy=0.3113]  vol[p=60.2951 Ux=2.4571 Uy=0.9202]
    val_geom_camber_rc         loss=1.0810  surf[p=58.2222 Ux=0.9614 Uy=0.4597]  vol[p=63.5414 Ux=3.1553 Uy=1.4381]
    val_geom_camber_cruise     loss=0.2525  surf[p=29.0098 Ux=0.3661 Uy=0.2017]  vol[p=28.9665 Ux=1.6273 Uy=0.5637]
    val_re_rand                loss=0.9899  surf[p=48.1676 Ux=0.6812 Uy=0.3328]  vol[p=48.1860 Ux=2.2580 Uy=0.9543]
Epoch  40 (184s) [60.8GB]  train[vol=0.3109 surf=0.1707]  val_avg_surf_p=47.1122 *
    val_single_in_dist         loss=1.8011  surf[p=54.5715 Ux=0.5510 Uy=0.3086]  vol[p=59.7456 Ux=2.4422 Uy=0.9100]
    val_geom_camber_rc         loss=1.0365  surf[p=57.5814 Ux=0.9418 Uy=0.4565]  vol[p=63.1248 Ux=3.1377 Uy=1.4281]
    val_geom_camber_cruise     loss=0.2487  surf[p=28.6362 Ux=0.3802 Uy=0.1990]  vol[p=28.6643 Ux=1.6354 Uy=0.5591]
    val_re_rand                loss=0.9699  surf[p=47.6599 Ux=0.6802 Uy=0.3296]  vol[p=47.7877 Ux=2.2511 Uy=0.9467]
Epoch  41 (183s) [60.8GB]  train[vol=0.2942 surf=0.1611]  val_avg_surf_p=46.9448 *
    val_single_in_dist         loss=1.8375  surf[p=54.8181 Ux=0.5381 Uy=0.3080]  vol[p=60.1214 Ux=2.4250 Uy=0.9045]
    val_geom_camber_rc         loss=1.0178  surf[p=57.2503 Ux=0.9311 Uy=0.4566]  vol[p=62.7566 Ux=3.1188 Uy=1.4182]
    val_geom_camber_cruise     loss=0.2442  surf[p=28.2682 Ux=0.3497 Uy=0.1969]  vol[p=28.4014 Ux=1.6133 Uy=0.5523]
    val_re_rand                loss=0.9678  surf[p=47.4427 Ux=0.6567 Uy=0.3289]  vol[p=47.4820 Ux=2.2297 Uy=0.9389]
Epoch  42 (183s) [60.8GB]  train[vol=0.2913 surf=0.1570]  val_avg_surf_p=46.2564 *
    val_single_in_dist         loss=1.8309  surf[p=53.8807 Ux=0.5372 Uy=0.3031]  vol[p=58.8328 Ux=2.4034 Uy=0.8952]
    val_geom_camber_rc         loss=0.9742  surf[p=56.6129 Ux=0.9163 Uy=0.4486]  vol[p=61.8668 Ux=3.0954 Uy=1.4037]
    val_geom_camber_cruise     loss=0.2427  surf[p=27.9179 Ux=0.3499 Uy=0.1920]  vol[p=28.1332 Ux=1.5974 Uy=0.5454]
    val_re_rand                loss=0.9515  surf[p=46.6140 Ux=0.6460 Uy=0.3219]  vol[p=46.7041 Ux=2.2079 Uy=0.9293]
Epoch  43 (185s) [60.8GB]  train[vol=0.2851 surf=0.1537]  val_avg_surf_p=45.9408 *
    val_single_in_dist         loss=1.7998  surf[p=53.3248 Ux=0.5258 Uy=0.3016]  vol[p=58.1708 Ux=2.3791 Uy=0.8895]
    val_geom_camber_rc         loss=0.9719  surf[p=56.4967 Ux=0.9043 Uy=0.4428]  vol[p=61.7694 Ux=3.0813 Uy=1.3907]
    val_geom_camber_cruise     loss=0.2396  surf[p=27.6087 Ux=0.3456 Uy=0.1900]  vol[p=27.9166 Ux=1.5891 Uy=0.5421]
    val_re_rand                loss=0.9474  surf[p=46.3330 Ux=0.6329 Uy=0.3184]  vol[p=46.2441 Ux=2.1914 Uy=0.9216]
Epoch  44 (181s) [60.8GB]  train[vol=0.3015 surf=0.1607]  val_avg_surf_p=45.3942 *
    val_single_in_dist         loss=1.7647  surf[p=52.1087 Ux=0.5112 Uy=0.2982]  vol[p=57.1722 Ux=2.3514 Uy=0.8778]
    val_geom_camber_rc         loss=0.9760  surf[p=56.3016 Ux=0.8961 Uy=0.4397]  vol[p=61.6506 Ux=3.0692 Uy=1.3807]
    val_geom_camber_cruise     loss=0.2328  surf[p=27.2423 Ux=0.3414 Uy=0.1876]  vol[p=27.6191 Ux=1.5757 Uy=0.5358]
    val_re_rand                loss=0.9311  surf[p=45.9242 Ux=0.6247 Uy=0.3151]  vol[p=45.8419 Ux=2.1757 Uy=0.9147]
Epoch  45 (182s) [60.8GB]  train[vol=0.2887 surf=0.1530]  val_avg_surf_p=44.8533 *
    val_single_in_dist         loss=1.7725  surf[p=51.3420 Ux=0.5030 Uy=0.2945]  vol[p=56.2967 Ux=2.3321 Uy=0.8635]
    val_geom_camber_rc         loss=0.9458  surf[p=55.6097 Ux=0.8857 Uy=0.4347]  vol[p=61.1142 Ux=3.0458 Uy=1.3674]
    val_geom_camber_cruise     loss=0.2252  surf[p=26.7788 Ux=0.3285 Uy=0.1862]  vol[p=27.3346 Ux=1.5516 Uy=0.5306]
    val_re_rand                loss=0.9227  surf[p=45.6826 Ux=0.6157 Uy=0.3124]  vol[p=45.4186 Ux=2.1564 Uy=0.9100]
Epoch  46 (180s) [60.8GB]  train[vol=0.2794 surf=0.1459]  val_avg_surf_p=44.4111 *
    val_single_in_dist         loss=1.6884  surf[p=50.8280 Ux=0.5139 Uy=0.2877]  vol[p=55.9427 Ux=2.3108 Uy=0.8490]
    val_geom_camber_rc         loss=0.9241  surf[p=55.2776 Ux=0.8746 Uy=0.4302]  vol[p=60.4414 Ux=3.0230 Uy=1.3549]
    val_geom_camber_cruise     loss=0.2207  surf[p=26.3673 Ux=0.3394 Uy=0.1846]  vol[p=26.8931 Ux=1.5441 Uy=0.5266]
    val_re_rand                loss=0.9129  surf[p=45.1713 Ux=0.6177 Uy=0.3093]  vol[p=44.9716 Ux=2.1451 Uy=0.9041]
Epoch  47 (179s) [60.8GB]  train[vol=0.2722 surf=0.1418]  val_avg_surf_p=44.0535 *
    val_single_in_dist         loss=1.7130  surf[p=50.0792 Ux=0.5018 Uy=0.2854]  vol[p=55.5730 Ux=2.2925 Uy=0.8397]
    val_geom_camber_rc         loss=0.8999  surf[p=55.0114 Ux=0.8629 Uy=0.4278]  vol[p=59.5641 Ux=3.0008 Uy=1.3467]
    val_geom_camber_cruise     loss=0.2192  surf[p=26.2805 Ux=0.3332 Uy=0.1838]  vol[p=26.7098 Ux=1.5336 Uy=0.5236]
    val_re_rand                loss=0.9111  surf[p=44.8431 Ux=0.6084 Uy=0.3076]  vol[p=44.6209 Ux=2.1338 Uy=0.9004]
Epoch  48 (184s) [60.8GB]  train[vol=0.2653 surf=0.1383]  val_avg_surf_p=43.5472 *
    val_single_in_dist         loss=1.6688  surf[p=49.2221 Ux=0.4946 Uy=0.2823]  vol[p=54.6853 Ux=2.2750 Uy=0.8335]
    val_geom_camber_rc         loss=0.8624  surf[p=54.2819 Ux=0.8542 Uy=0.4237]  vol[p=58.6876 Ux=2.9746 Uy=1.3359]
    val_geom_camber_cruise     loss=0.2188  surf[p=25.9967 Ux=0.3413 Uy=0.1833]  vol[p=26.4377 Ux=1.5341 Uy=0.5202]
    val_re_rand                loss=0.9170  surf[p=44.6883 Ux=0.6038 Uy=0.3074]  vol[p=44.4907 Ux=2.1244 Uy=0.8970]
Epoch  49 (180s) [60.8GB]  train[vol=0.2803 surf=0.1515]  val_avg_surf_p=43.6744
    val_single_in_dist         loss=1.6830  surf[p=50.7970 Ux=0.4911 Uy=0.2806]  vol[p=55.2836 Ux=2.2587 Uy=0.8277]
    val_geom_camber_rc         loss=0.8310  surf[p=53.5527 Ux=0.8433 Uy=0.4214]  vol[p=57.9463 Ux=2.9518 Uy=1.3291]
    val_geom_camber_cruise     loss=0.2163  surf[p=25.7437 Ux=0.3285 Uy=0.1831]  vol[p=26.1506 Ux=1.5172 Uy=0.5165]
    val_re_rand                loss=0.9252  surf[p=44.6043 Ux=0.5947 Uy=0.3066]  vol[p=44.4030 Ux=2.1089 Uy=0.8926]
Epoch  50 (181s) [60.8GB]  train[vol=0.2854 surf=0.1504]  val_avg_surf_p=43.2952 *
    val_single_in_dist         loss=1.6904  surf[p=49.9638 Ux=0.4857 Uy=0.2774]  vol[p=54.3532 Ux=2.2464 Uy=0.8251]
    val_geom_camber_rc         loss=0.8267  surf[p=53.6687 Ux=0.8378 Uy=0.4226]  vol[p=57.7851 Ux=2.9444 Uy=1.3269]
    val_geom_camber_cruise     loss=0.2165  surf[p=25.5073 Ux=0.3310 Uy=0.1826]  vol[p=25.9943 Ux=1.5120 Uy=0.5138]
    val_re_rand                loss=0.9136  surf[p=44.0409 Ux=0.5872 Uy=0.3034]  vol[p=43.8354 Ux=2.0972 Uy=0.8874]
Epoch  51 (181s) [60.8GB]  train[vol=0.2764 surf=0.1456]  val_avg_surf_p=42.8985 *
    val_single_in_dist         loss=1.6852  surf[p=49.3238 Ux=0.4813 Uy=0.2752]  vol[p=53.5621 Ux=2.2363 Uy=0.8168]
    val_geom_camber_rc         loss=0.8441  surf[p=53.6381 Ux=0.8310 Uy=0.4204]  vol[p=57.9904 Ux=2.9410 Uy=1.3245]
    val_geom_camber_cruise     loss=0.2128  surf[p=25.1233 Ux=0.3247 Uy=0.1808]  vol[p=25.7150 Ux=1.4941 Uy=0.5105]
    val_re_rand                loss=0.8703  surf[p=43.5090 Ux=0.5794 Uy=0.3001]  vol[p=43.4617 Ux=2.0797 Uy=0.8788]
Epoch  52 (180s) [60.8GB]  train[vol=0.2918 surf=0.1580]  val_avg_surf_p=42.3863 *
    val_single_in_dist         loss=1.6670  surf[p=48.3668 Ux=0.4852 Uy=0.2740]  vol[p=52.7710 Ux=2.2298 Uy=0.8081]
    val_geom_camber_rc         loss=0.8376  surf[p=53.3675 Ux=0.8230 Uy=0.4165]  vol[p=57.7927 Ux=2.9210 Uy=1.3181]
    val_geom_camber_cruise     loss=0.2058  surf[p=24.7182 Ux=0.3252 Uy=0.1791]  vol[p=25.5495 Ux=1.4831 Uy=0.5073]
    val_re_rand                loss=0.8512  surf[p=43.0929 Ux=0.5758 Uy=0.2974]  vol[p=43.1099 Ux=2.0674 Uy=0.8720]
Epoch  53 (182s) [60.8GB]  train[vol=0.2778 surf=0.1448]  val_avg_surf_p=42.2916 *
    val_single_in_dist         loss=1.6696  surf[p=47.9763 Ux=0.4778 Uy=0.2717]  vol[p=52.8360 Ux=2.2188 Uy=0.8025]
    val_geom_camber_rc         loss=0.8249  surf[p=53.6421 Ux=0.8177 Uy=0.4151]  vol[p=57.8409 Ux=2.9156 Uy=1.3148]
    val_geom_camber_cruise     loss=0.2060  surf[p=24.6017 Ux=0.3263 Uy=0.1781]  vol[p=25.4175 Ux=1.4801 Uy=0.5057]
    val_re_rand                loss=0.8528  surf[p=42.9465 Ux=0.5725 Uy=0.2957]  vol[p=42.9856 Ux=2.0591 Uy=0.8669]
Epoch  54 (179s) [60.8GB]  train[vol=0.2691 surf=0.1396]  val_avg_surf_p=42.0067 *
    val_single_in_dist         loss=1.6732  surf[p=47.6416 Ux=0.4737 Uy=0.2709]  vol[p=52.4998 Ux=2.2075 Uy=0.7989]
    val_geom_camber_rc         loss=0.8210  surf[p=53.4056 Ux=0.8103 Uy=0.4137]  vol[p=57.4026 Ux=2.8982 Uy=1.3097]
    val_geom_camber_cruise     loss=0.2071  surf[p=24.5078 Ux=0.3062 Uy=0.1771]  vol[p=25.2952 Ux=1.4596 Uy=0.5023]
    val_re_rand                loss=0.8479  surf[p=42.4720 Ux=0.5575 Uy=0.2942]  vol[p=42.7098 Ux=2.0397 Uy=0.8618]
Epoch  55 (180s) [60.8GB]  train[vol=0.2607 surf=0.1339]  val_avg_surf_p=41.4609 *
    val_single_in_dist         loss=1.5694  surf[p=46.5113 Ux=0.4719 Uy=0.2665]  vol[p=51.6458 Ux=2.1964 Uy=0.7910]
    val_geom_camber_rc         loss=0.7962  surf[p=53.0159 Ux=0.8055 Uy=0.4094]  vol[p=56.7038 Ux=2.8760 Uy=1.2967]
    val_geom_camber_cruise     loss=0.2070  surf[p=24.4871 Ux=0.3099 Uy=0.1758]  vol[p=25.1159 Ux=1.4565 Uy=0.4995]
    val_re_rand                loss=0.8313  surf[p=41.8293 Ux=0.5578 Uy=0.2914]  vol[p=42.2285 Ux=2.0316 Uy=0.8564]
Epoch  56 (184s) [60.8GB]  train[vol=0.2748 surf=0.1460]  val_avg_surf_p=41.0412 *
