wandb: [wandb.login()] Loaded credentials for https://api.wandb.ai from WANDB_API_KEY.
wandb: W&B API key is configured. Use `wandb login --relogin` to force relogin
wandb: Tracking run with wandb version 0.26.1
wandb: Run data is saved locally in /workspace/ml-intern-benchmark/target/wandb/run-20260430_190119-upm9ec8x
wandb: Run `wandb offline` to turn off syncing.
wandb: Syncing run mlintern-pai2-72h-v4-r1/r4-onecycle-ema-seed3-200
wandb: ⭐️ View project at https://wandb.ai/wandb-applied-ai-team/senpai-v1-ml-intern
wandb: 🚀 View run at https://wandb.ai/wandb-applied-ai-team/senpai-v1-ml-intern/runs/upm9ec8x
Device: cuda
Train: 1499, val_single_in_dist: 100, val_geom_camber_rc: 100, val_geom_camber_cruise: 100, val_re_rand: 100
Model: Transolver (0.66M params)
EMA enabled: decay=0.999
Epoch   1 (97s) [32.9GB]  train[vol=1.3695 surf=1.0056]  val_avg_surf_p=365.3885 *
    val_single_in_dist         loss=50.9523  surf[p=505.3446 Ux=21.5194 Uy=2.2616]  vol[p=474.2180 Ux=19.7761 Uy=5.9661]
    val_geom_camber_rc         loss=29.8053  surf[p=430.9958 Ux=17.4495 Uy=2.7357]  vol[p=396.3148 Ux=13.7572 Uy=6.2071]
    val_geom_camber_cruise     loss=16.0954  surf[p=232.7099 Ux=19.4166 Uy=1.3148]  vol[p=228.9291 Ux=15.9828 Uy=3.4662]
    val_re_rand                loss=19.5597  surf[p=292.5037 Ux=17.8122 Uy=1.8104]  vol[p=277.4680 Ux=14.2618 Uy=4.4188]
Epoch   2 (97s) [32.9GB]  train[vol=0.9685 surf=0.5942]  val_avg_surf_p=338.1282 *
    val_single_in_dist         loss=42.8773  surf[p=476.4197 Ux=14.5944 Uy=2.0396]  vol[p=412.0572 Ux=15.5835 Uy=5.4745]
    val_geom_camber_rc         loss=24.1928  surf[p=399.1515 Ux=12.1748 Uy=2.5031]  vol[p=332.4520 Ux=11.2938 Uy=5.7141]
    val_geom_camber_cruise     loss=10.4231  surf[p=212.7386 Ux=12.7946 Uy=1.2149]  vol[p=192.8539 Ux=11.6690 Uy=3.2794]
    val_re_rand                loss=14.2156  surf[p=264.2029 Ux=11.8240 Uy=1.6489]  vol[p=227.1814 Ux=10.8716 Uy=4.1012]
Epoch   3 (97s) [32.9GB]  train[vol=0.9285 surf=0.5657]  val_avg_surf_p=295.2544 *
    val_single_in_dist         loss=33.9279  surf[p=421.3844 Ux=9.5538 Uy=1.6756]  vol[p=344.4554 Ux=12.0516 Uy=4.9075]
    val_geom_camber_rc         loss=18.0837  surf[p=338.8413 Ux=8.6966 Uy=2.0374]  vol[p=275.1659 Ux=9.6494 Uy=5.1819]
    val_geom_camber_cruise     loss=6.9342  surf[p=192.8424 Ux=8.1069 Uy=1.0157]  vol[p=158.8883 Ux=8.5405 Uy=2.9257]
    val_re_rand                loss=10.0882  surf[p=227.9495 Ux=7.9180 Uy=1.3450]  vol[p=183.1687 Ux=8.5326 Uy=3.6801]
Epoch   4 (97s) [32.9GB]  train[vol=0.8510 surf=0.5111]  val_avg_surf_p=254.5072 *
    val_single_in_dist         loss=27.4342  surf[p=364.8427 Ux=7.0718 Uy=1.3693]  vol[p=290.8829 Ux=10.1527 Uy=4.3785]
    val_geom_camber_rc         loss=13.7918  surf[p=286.9195 Ux=6.9355 Uy=1.6574]  vol[p=236.8725 Ux=8.8014 Uy=4.7118]
    val_geom_camber_cruise     loss=5.1021  surf[p=171.3793 Ux=5.9647 Uy=0.8764]  vol[p=134.4240 Ux=6.9833 Uy=2.5550]
    val_re_rand                loss=7.5560  surf[p=194.8873 Ux=6.1342 Uy=1.1258]  vol[p=155.8459 Ux=7.4022 Uy=3.2997]
Epoch   5 (95s) [32.9GB]  train[vol=0.8531 surf=0.5074]  val_avg_surf_p=228.6861 *
    val_single_in_dist         loss=23.4694  surf[p=330.2326 Ux=5.6915 Uy=1.2107]  vol[p=258.6350 Ux=8.8955 Uy=3.9165]
    val_geom_camber_rc         loss=11.2132  surf[p=255.5726 Ux=5.8533 Uy=1.4246]  vol[p=211.3042 Ux=8.1604 Uy=4.3180]
    val_geom_camber_cruise     loss=4.0038  surf[p=155.0532 Ux=4.8313 Uy=0.7969]  vol[p=118.4726 Ux=6.1068 Uy=2.2427]
    val_re_rand                loss=6.0976  surf[p=173.8859 Ux=5.1633 Uy=0.9985]  vol[p=140.0333 Ux=6.7566 Uy=2.9884]
Epoch   6 (98s) [32.9GB]  train[vol=0.7965 surf=0.4831]  val_avg_surf_p=212.7019 *
    val_single_in_dist         loss=21.0496  surf[p=307.4827 Ux=4.7490 Uy=1.1243]  vol[p=245.6588 Ux=7.7736 Uy=3.5446]
    val_geom_camber_rc         loss=9.7822  surf[p=238.3510 Ux=5.1678 Uy=1.3026]  vol[p=196.7957 Ux=7.5607 Uy=4.0139]
    val_geom_camber_cruise     loss=3.3336  surf[p=142.4892 Ux=4.1027 Uy=0.7356]  vol[p=107.8696 Ux=5.4973 Uy=2.0171]
    val_re_rand                loss=5.3439  surf[p=162.4848 Ux=4.5203 Uy=0.9311]  vol[p=132.4691 Ux=6.2041 Uy=2.7623]
Epoch   7 (97s) [32.9GB]  train[vol=0.7590 surf=0.4543]  val_avg_surf_p=195.8064 *
    val_single_in_dist         loss=18.3255  surf[p=278.7938 Ux=4.0293 Uy=1.0506]  vol[p=225.6413 Ux=7.0572 Uy=3.2528]
    val_geom_camber_rc         loss=8.5317  surf[p=223.3760 Ux=4.5943 Uy=1.2356]  vol[p=182.8375 Ux=7.0376 Uy=3.7827]
    val_geom_camber_cruise     loss=2.7742  surf[p=130.0313 Ux=3.4097 Uy=0.6861]  vol[p=99.8923 Ux=4.9769 Uy=1.8457]
    val_re_rand                loss=4.6301  surf[p=151.0246 Ux=3.9018 Uy=0.8899]  vol[p=124.9220 Ux=5.7167 Uy=2.5876]
Epoch   8 (97s) [32.9GB]  train[vol=0.7236 surf=0.4332]  val_avg_surf_p=178.6522 *
    val_single_in_dist         loss=15.8995  surf[p=250.7050 Ux=3.5120 Uy=0.9889]  vol[p=206.3428 Ux=6.5051 Uy=3.0175]
    val_geom_camber_rc         loss=7.2422  surf[p=205.4689 Ux=4.1902 Uy=1.1733]  vol[p=172.1403 Ux=6.7204 Uy=3.5854]
    val_geom_camber_cruise     loss=2.3515  surf[p=118.0080 Ux=2.9895 Uy=0.6323]  vol[p=94.1010 Ux=4.7343 Uy=1.7076]
    val_re_rand                loss=4.0367  surf[p=140.4268 Ux=3.5170 Uy=0.8480]  vol[p=118.9623 Ux=5.4677 Uy=2.4420]
Epoch   9 (97s) [32.9GB]  train[vol=0.6867 surf=0.4143]  val_avg_surf_p=161.6178 *
    val_single_in_dist         loss=13.6544  surf[p=225.1914 Ux=3.1930 Uy=0.9233]  vol[p=194.5863 Ux=6.0843 Uy=2.7947]
    val_geom_camber_rc         loss=6.1792  surf[p=185.8027 Ux=3.8816 Uy=1.1114]  vol[p=161.3018 Ux=6.4226 Uy=3.3923]
    val_geom_camber_cruise     loss=1.9768  surf[p=106.9829 Ux=2.6976 Uy=0.5870]  vol[p=88.5390 Ux=4.4675 Uy=1.5784]
    val_re_rand                loss=3.4683  surf[p=128.4942 Ux=3.2195 Uy=0.8029]  vol[p=112.4810 Ux=5.2117 Uy=2.2964]
Epoch  10 (97s) [32.9GB]  train[vol=0.6421 surf=0.3819]  val_avg_surf_p=145.6104 *
    val_single_in_dist         loss=11.6660  surf[p=200.8844 Ux=2.9120 Uy=0.8548]  vol[p=179.8436 Ux=5.7279 Uy=2.5822]
    val_geom_camber_rc         loss=5.3144  surf[p=166.7711 Ux=3.5722 Uy=1.0588]  vol[p=150.5057 Ux=6.1433 Uy=3.2003]
    val_geom_camber_cruise     loss=1.6664  surf[p=97.2967 Ux=2.4199 Uy=0.5527]  vol[p=83.3379 Ux=4.1418 Uy=1.4611]
    val_re_rand                loss=2.9998  surf[p=117.4894 Ux=2.9329 Uy=0.7655]  vol[p=106.4017 Ux=4.9473 Uy=2.1585]
Epoch  11 (98s) [32.9GB]  train[vol=0.6054 surf=0.3644]  val_avg_surf_p=131.4227 *
    val_single_in_dist         loss=9.9039  surf[p=177.6780 Ux=2.6218 Uy=0.7801]  vol[p=166.3655 Ux=5.4103 Uy=2.3770]
    val_geom_camber_rc         loss=4.6019  surf[p=149.5627 Ux=3.2533 Uy=0.9924]  vol[p=139.2445 Ux=5.8783 Uy=3.0268]
    val_geom_camber_cruise     loss=1.4257  surf[p=89.6538 Ux=2.1450 Uy=0.5141]  vol[p=78.2317 Ux=3.8925 Uy=1.3665]
    val_re_rand                loss=2.6581  surf[p=108.7963 Ux=2.6670 Uy=0.7210]  vol[p=100.7324 Ux=4.7186 Uy=2.0351]
Epoch  12 (97s) [32.9GB]  train[vol=0.5765 surf=0.3450]  val_avg_surf_p=121.1655 *
    val_single_in_dist         loss=8.6514  surf[p=161.8281 Ux=2.4206 Uy=0.7035]  vol[p=156.3938 Ux=5.1597 Uy=2.2160]
    val_geom_camber_rc         loss=4.1132  surf[p=137.4189 Ux=3.0026 Uy=0.9261]  vol[p=131.0903 Ux=5.6323 Uy=2.8797]
    val_geom_camber_cruise     loss=1.2494  surf[p=83.2489 Ux=1.9254 Uy=0.4721]  vol[p=74.1610 Ux=3.6533 Uy=1.2882]
    val_re_rand                loss=2.4182  surf[p=102.1662 Ux=2.4378 Uy=0.6699]  vol[p=95.9364 Ux=4.4709 Uy=1.9275]
Epoch  13 (95s) [32.9GB]  train[vol=0.5554 surf=0.3245]  val_avg_surf_p=110.2298 *
    val_single_in_dist         loss=7.4306  surf[p=142.8750 Ux=2.1795 Uy=0.6398]  vol[p=142.4692 Ux=4.8736 Uy=2.0628]
    val_geom_camber_rc         loss=3.6629  surf[p=125.1288 Ux=2.7320 Uy=0.8651]  vol[p=122.4871 Ux=5.3429 Uy=2.7385]
    val_geom_camber_cruise     loss=1.1118  surf[p=77.5357 Ux=1.7241 Uy=0.4414]  vol[p=69.7694 Ux=3.4326 Uy=1.2190]
    val_re_rand                loss=2.2003  surf[p=95.3799 Ux=2.2116 Uy=0.6271]  vol[p=90.8041 Ux=4.2201 Uy=1.8293]
Epoch  14 (98s) [32.9GB]  train[vol=0.5130 surf=0.2994]  val_avg_surf_p=102.9563 *
    val_single_in_dist         loss=6.5947  surf[p=132.1357 Ux=2.0069 Uy=0.5984]  vol[p=134.0987 Ux=4.6513 Uy=1.9457]
    val_geom_camber_rc         loss=3.3188  surf[p=117.2722 Ux=2.5356 Uy=0.8163]  vol[p=115.3507 Ux=5.1061 Uy=2.6187]
    val_geom_camber_cruise     loss=0.9987  surf[p=72.2706 Ux=1.5105 Uy=0.4138]  vol[p=65.4254 Ux=3.2002 Uy=1.1609]
    val_re_rand                loss=2.0433  surf[p=90.1468 Ux=2.0063 Uy=0.5907]  vol[p=86.2590 Ux=3.9775 Uy=1.7494]
Epoch  15 (97s) [32.9GB]  train[vol=0.5221 surf=0.3036]  val_avg_surf_p=95.3082 *
    val_single_in_dist         loss=5.6012  surf[p=117.9845 Ux=1.7338 Uy=0.5536]  vol[p=123.8791 Ux=4.3714 Uy=1.8383]
    val_geom_camber_rc         loss=3.0288  surf[p=109.4526 Ux=2.3028 Uy=0.7757]  vol[p=109.1192 Ux=4.8539 Uy=2.5004]
    val_geom_camber_cruise     loss=0.9133  surf[p=68.3250 Ux=1.3357 Uy=0.3923]  vol[p=61.9846 Ux=3.0349 Uy=1.1063]
    val_re_rand                loss=1.9029  surf[p=85.4706 Ux=1.7979 Uy=0.5630]  vol[p=82.4705 Ux=3.7724 Uy=1.6773]
Epoch  16 (96s) [32.9GB]  train[vol=0.4914 surf=0.2840]  val_avg_surf_p=89.1411 *
    val_single_in_dist         loss=4.9430  surf[p=108.0015 Ux=1.5488 Uy=0.5194]  vol[p=114.6280 Ux=4.1504 Uy=1.7450]
    val_geom_camber_rc         loss=2.7901  surf[p=103.6457 Ux=2.1252 Uy=0.7379]  vol[p=104.0686 Ux=4.6773 Uy=2.4069]
    val_geom_camber_cruise     loss=0.8214  surf[p=63.4653 Ux=1.1682 Uy=0.3711]  vol[p=57.9239 Ux=2.8427 Uy=1.0534]
    val_re_rand                loss=1.7950  surf[p=81.4521 Ux=1.6313 Uy=0.5379]  vol[p=79.0566 Ux=3.5958 Uy=1.6168]
Epoch  17 (98s) [32.9GB]  train[vol=0.4545 surf=0.2590]  val_avg_surf_p=84.1271 *
    val_single_in_dist         loss=4.4887  surf[p=101.3415 Ux=1.4033 Uy=0.4933]  vol[p=107.7764 Ux=4.0068 Uy=1.6659]
    val_geom_camber_rc         loss=2.6155  surf[p=98.3297 Ux=1.9881 Uy=0.7100]  vol[p=99.6545 Ux=4.5191 Uy=2.3277]
    val_geom_camber_cruise     loss=0.7486  surf[p=59.1766 Ux=1.0320 Uy=0.3534]  vol[p=54.6836 Ux=2.6989 Uy=1.0053]
    val_re_rand                loss=1.6932  surf[p=77.6603 Ux=1.4944 Uy=0.5164]  vol[p=75.7885 Ux=3.4456 Uy=1.5645]
Epoch  18 (97s) [32.9GB]  train[vol=0.4665 surf=0.2731]  val_avg_surf_p=80.8103 *
    val_single_in_dist         loss=4.1821  surf[p=97.3752 Ux=1.3140 Uy=0.4797]  vol[p=102.8928 Ux=3.8892 Uy=1.6052]
    val_geom_camber_rc         loss=2.4910  surf[p=95.9557 Ux=1.9108 Uy=0.6893]  vol[p=97.2304 Ux=4.4371 Uy=2.2658]
    val_geom_camber_cruise     loss=0.6875  surf[p=55.5678 Ux=0.9476 Uy=0.3426]  vol[p=51.9213 Ux=2.5773 Uy=0.9630]
    val_re_rand                loss=1.6017  surf[p=74.3424 Ux=1.4025 Uy=0.5001]  vol[p=72.7109 Ux=3.3265 Uy=1.5130]
Epoch  19 (98s) [32.9GB]  train[vol=0.4491 surf=0.2575]  val_avg_surf_p=77.7649 *
    val_single_in_dist         loss=3.8350  surf[p=93.4015 Ux=1.1945 Uy=0.4706]  vol[p=98.6415 Ux=3.7615 Uy=1.5585]
    val_geom_camber_rc         loss=2.3750  surf[p=92.9455 Ux=1.7790 Uy=0.6739]  vol[p=94.3103 Ux=4.3492 Uy=2.2197]
    val_geom_camber_cruise     loss=0.6420  surf[p=52.8199 Ux=0.8265 Uy=0.3308]  vol[p=49.5044 Ux=2.4673 Uy=0.9268]
    val_re_rand                loss=1.5393  surf[p=71.8929 Ux=1.2754 Uy=0.4839]  vol[p=70.2879 Ux=3.2213 Uy=1.4705]
Epoch  20 (97s) [32.9GB]  train[vol=0.4379 surf=0.2482]  val_avg_surf_p=75.0462 *
    val_single_in_dist         loss=3.5229  surf[p=89.7447 Ux=1.1035 Uy=0.4541]  vol[p=95.0372 Ux=3.6435 Uy=1.5102]
    val_geom_camber_rc         loss=2.2647  surf[p=89.9733 Ux=1.6905 Uy=0.6548]  vol[p=91.8791 Ux=4.2675 Uy=2.1647]
    val_geom_camber_cruise     loss=0.6005  surf[p=50.5750 Ux=0.7474 Uy=0.3202]  vol[p=47.4647 Ux=2.3776 Uy=0.8929]
    val_re_rand                loss=1.4902  surf[p=69.8919 Ux=1.2005 Uy=0.4691]  vol[p=68.4173 Ux=3.1313 Uy=1.4255]
Epoch  21 (97s) [32.9GB]  train[vol=0.4141 surf=0.2296]  val_avg_surf_p=72.5308 *
    val_single_in_dist         loss=3.3772  surf[p=86.8088 Ux=0.9985 Uy=0.4390]  vol[p=92.4007 Ux=3.5322 Uy=1.4676]
    val_geom_camber_rc         loss=2.1953  surf[p=87.6068 Ux=1.5875 Uy=0.6336]  vol[p=89.9270 Ux=4.1885 Uy=2.1161]
    val_geom_camber_cruise     loss=0.5566  surf[p=48.1082 Ux=0.6448 Uy=0.3057]  vol[p=45.3109 Ux=2.2896 Uy=0.8601]
    val_re_rand                loss=1.4362  surf[p=67.5995 Ux=1.1012 Uy=0.4524]  vol[p=66.3115 Ux=3.0395 Uy=1.3835]
Epoch  22 (97s) [32.9GB]  train[vol=0.4092 surf=0.2310]  val_avg_surf_p=70.0244 *
    val_single_in_dist         loss=3.1508  surf[p=82.6660 Ux=0.9054 Uy=0.4202]  vol[p=88.3077 Ux=3.4207 Uy=1.4178]
    val_geom_camber_rc         loss=2.1194  surf[p=85.3213 Ux=1.5112 Uy=0.6153]  vol[p=88.0398 Ux=4.1156 Uy=2.0688]
    val_geom_camber_cruise     loss=0.5246  surf[p=46.2536 Ux=0.5907 Uy=0.2942]  vol[p=43.6088 Ux=2.2346 Uy=0.8347]
    val_re_rand                loss=1.3956  surf[p=65.8566 Ux=1.0371 Uy=0.4382]  vol[p=64.6123 Ux=2.9748 Uy=1.3467]
Epoch  23 (98s) [32.9GB]  train[vol=0.4054 surf=0.2295]  val_avg_surf_p=68.0762 *
    val_single_in_dist         loss=3.0074  surf[p=80.0346 Ux=0.8804 Uy=0.4091]  vol[p=85.1673 Ux=3.3405 Uy=1.3810]
    val_geom_camber_rc         loss=2.0653  surf[p=83.7021 Ux=1.4619 Uy=0.6021]  vol[p=86.6126 Ux=4.0612 Uy=2.0267]
    val_geom_camber_cruise     loss=0.4896  surf[p=44.5073 Ux=0.5574 Uy=0.2824]  vol[p=42.2348 Ux=2.1888 Uy=0.8094]
    val_re_rand                loss=1.3470  surf[p=64.0610 Ux=0.9922 Uy=0.4257]  vol[p=62.9290 Ux=2.9216 Uy=1.3111]
Epoch  24 (97s) [32.9GB]  train[vol=0.3911 surf=0.2209]  val_avg_surf_p=66.4480 *
    val_single_in_dist         loss=2.8668  surf[p=78.1409 Ux=0.8258 Uy=0.3963]  vol[p=82.8949 Ux=3.2723 Uy=1.3502]
    val_geom_camber_rc         loss=2.0203  surf[p=82.0973 Ux=1.4182 Uy=0.5910]  vol[p=85.2854 Ux=4.0134 Uy=1.9971]
    val_geom_camber_cruise     loss=0.4664  surf[p=43.2272 Ux=0.5290 Uy=0.2724]  vol[p=40.7291 Ux=2.1460 Uy=0.7861]
    val_re_rand                loss=1.2980  surf[p=62.3267 Ux=0.9468 Uy=0.4140]  vol[p=61.3017 Ux=2.8632 Uy=1.2781]
Epoch  25 (98s) [32.9GB]  train[vol=0.3712 surf=0.2039]  val_avg_surf_p=64.5072 *
    val_single_in_dist         loss=2.7686  surf[p=76.0348 Ux=0.7734 Uy=0.3875]  vol[p=81.1694 Ux=3.2013 Uy=1.3174]
    val_geom_camber_rc         loss=1.9485  surf[p=79.8214 Ux=1.3579 Uy=0.5774]  vol[p=83.4191 Ux=3.9564 Uy=1.9622]
    val_geom_camber_cruise     loss=0.4425  surf[p=41.7247 Ux=0.4904 Uy=0.2627]  vol[p=39.4896 Ux=2.0910 Uy=0.7617]
    val_re_rand                loss=1.2393  surf[p=60.4477 Ux=0.8953 Uy=0.4045]  vol[p=59.6672 Ux=2.7996 Uy=1.2476]
Epoch  26 (97s) [32.9GB]  train[vol=0.3734 surf=0.2068]  val_avg_surf_p=63.0640 *
    val_single_in_dist         loss=2.6560  surf[p=74.0570 Ux=0.7685 Uy=0.3794]  vol[p=79.5199 Ux=3.1419 Uy=1.2898]
    val_geom_camber_rc         loss=1.9303  surf[p=78.7759 Ux=1.3433 Uy=0.5683]  vol[p=82.0806 Ux=3.9199 Uy=1.9365]
    val_geom_camber_cruise     loss=0.4227  surf[p=40.6423 Ux=0.4951 Uy=0.2542]  vol[p=38.5398 Ux=2.0534 Uy=0.7442]
    val_re_rand                loss=1.1829  surf[p=58.7807 Ux=0.8877 Uy=0.3943]  vol[p=58.3044 Ux=2.7554 Uy=1.2198]
Epoch  27 (96s) [32.9GB]  train[vol=0.3847 surf=0.2104]  val_avg_surf_p=61.6537 *
    val_single_in_dist         loss=2.5787  surf[p=72.3318 Ux=0.7394 Uy=0.3712]  vol[p=77.8314 Ux=3.0852 Uy=1.2589]
    val_geom_camber_rc         loss=1.8532  surf[p=76.9048 Ux=1.3036 Uy=0.5579]  vol[p=80.4488 Ux=3.8868 Uy=1.9062]
    val_geom_camber_cruise     loss=0.4071  surf[p=39.6946 Ux=0.4656 Uy=0.2490]  vol[p=37.8079 Ux=2.0149 Uy=0.7301]
    val_re_rand                loss=1.1570  surf[p=57.6837 Ux=0.8521 Uy=0.3867]  vol[p=57.4751 Ux=2.7161 Uy=1.1977]
Epoch  28 (96s) [32.9GB]  train[vol=0.3655 surf=0.1990]  val_avg_surf_p=60.4597 *
    val_single_in_dist         loss=2.5174  surf[p=70.3689 Ux=0.7108 Uy=0.3623]  vol[p=76.0247 Ux=3.0244 Uy=1.2335]
    val_geom_camber_rc         loss=1.7974  surf[p=75.4716 Ux=1.2658 Uy=0.5485]  vol[p=79.4615 Ux=3.8445 Uy=1.8728]
    val_geom_camber_cruise     loss=0.3937  surf[p=38.8854 Ux=0.4536 Uy=0.2442]  vol[p=37.1691 Ux=1.9806 Uy=0.7170]
    val_re_rand                loss=1.1329  surf[p=57.1130 Ux=0.8297 Uy=0.3810]  vol[p=56.9510 Ux=2.6794 Uy=1.1773]
Epoch  29 (96s) [32.9GB]  train[vol=0.3668 surf=0.1996]  val_avg_surf_p=59.1486 *
    val_single_in_dist         loss=2.4220  surf[p=68.9200 Ux=0.7071 Uy=0.3576]  vol[p=74.7732 Ux=2.9817 Uy=1.2103]
    val_geom_camber_rc         loss=1.6750  surf[p=73.6433 Ux=1.2399 Uy=0.5404]  vol[p=77.9004 Ux=3.8011 Uy=1.8416]
    val_geom_camber_cruise     loss=0.3790  surf[p=37.7200 Ux=0.4435 Uy=0.2391]  vol[p=36.1795 Ux=1.9508 Uy=0.7037]
    val_re_rand                loss=1.1182  surf[p=56.3110 Ux=0.8129 Uy=0.3749]  vol[p=56.1201 Ux=2.6496 Uy=1.1598]
Epoch  30 (99s) [32.9GB]  train[vol=0.3520 surf=0.1950]  val_avg_surf_p=57.9803 *
    val_single_in_dist         loss=2.2801  surf[p=66.8546 Ux=0.6774 Uy=0.3516]  vol[p=73.2613 Ux=2.9466 Uy=1.1917]
    val_geom_camber_rc         loss=1.6570  surf[p=72.6628 Ux=1.2155 Uy=0.5348]  vol[p=77.0746 Ux=3.7613 Uy=1.8201]
    val_geom_camber_cruise     loss=0.3648  surf[p=36.8972 Ux=0.4225 Uy=0.2347]  vol[p=35.5667 Ux=1.9361 Uy=0.6944]
    val_re_rand                loss=1.0991  surf[p=55.5067 Ux=0.7890 Uy=0.3715]  vol[p=55.3017 Ux=2.6176 Uy=1.1456]
Epoch  31 (97s) [32.9GB]  train[vol=0.3713 surf=0.2047]  val_avg_surf_p=56.8216 *
    val_single_in_dist         loss=2.1938  surf[p=65.1576 Ux=0.6650 Uy=0.3472]  vol[p=72.2669 Ux=2.9171 Uy=1.1765]
    val_geom_camber_rc         loss=1.6165  surf[p=71.2068 Ux=1.1891 Uy=0.5254]  vol[p=76.0288 Ux=3.7203 Uy=1.7941]
    val_geom_camber_cruise     loss=0.3598  surf[p=36.2671 Ux=0.4216 Uy=0.2315]  vol[p=34.8622 Ux=1.9180 Uy=0.6854]
    val_re_rand                loss=1.0905  surf[p=54.6548 Ux=0.7762 Uy=0.3670]  vol[p=54.5768 Ux=2.5912 Uy=1.1318]
Epoch  32 (97s) [32.9GB]  train[vol=0.3473 surf=0.1896]  val_avg_surf_p=55.8460 *
    val_single_in_dist         loss=2.1218  surf[p=63.5351 Ux=0.6593 Uy=0.3435]  vol[p=71.2194 Ux=2.8797 Uy=1.1636]
    val_geom_camber_rc         loss=1.5845  surf[p=70.3428 Ux=1.1765 Uy=0.5189]  vol[p=75.0455 Ux=3.6925 Uy=1.7769]
    val_geom_camber_cruise     loss=0.3526  surf[p=35.6640 Ux=0.4263 Uy=0.2278]  vol[p=34.3193 Ux=1.8939 Uy=0.6774]
    val_re_rand                loss=1.0698  surf[p=53.8421 Ux=0.7729 Uy=0.3619]  vol[p=53.9116 Ux=2.5669 Uy=1.1198]
Epoch  33 (97s) [32.9GB]  train[vol=0.3538 surf=0.1899]  val_avg_surf_p=54.8832 *
    val_single_in_dist         loss=2.0946  surf[p=62.5711 Ux=0.6435 Uy=0.3382]  vol[p=70.9553 Ux=2.8560 Uy=1.1443]
    val_geom_camber_rc         loss=1.4660  surf[p=68.5397 Ux=1.1455 Uy=0.5076]  vol[p=73.7238 Ux=3.6555 Uy=1.7487]
    val_geom_camber_cruise     loss=0.3455  surf[p=35.1876 Ux=0.4108 Uy=0.2256]  vol[p=33.8514 Ux=1.8748 Uy=0.6693]
    val_re_rand                loss=1.0728  surf[p=53.2343 Ux=0.7489 Uy=0.3564]  vol[p=53.5686 Ux=2.5413 Uy=1.1058]
Epoch  34 (97s) [32.9GB]  train[vol=0.3418 surf=0.1824]  val_avg_surf_p=54.0902 *
    val_single_in_dist         loss=2.0844  surf[p=61.9749 Ux=0.6422 Uy=0.3341]  vol[p=70.6357 Ux=2.8327 Uy=1.1291]
    val_geom_camber_rc         loss=1.3688  surf[p=67.4530 Ux=1.1234 Uy=0.5018]  vol[p=72.4607 Ux=3.6232 Uy=1.7236]
    val_geom_camber_cruise     loss=0.3386  surf[p=34.5413 Ux=0.4201 Uy=0.2216]  vol[p=33.1997 Ux=1.8515 Uy=0.6569]
    val_re_rand                loss=1.0698  surf[p=52.3916 Ux=0.7491 Uy=0.3537]  vol[p=52.9514 Ux=2.5214 Uy=1.0922]
Epoch  35 (96s) [32.9GB]  train[vol=0.3390 surf=0.1789]  val_avg_surf_p=53.4302 *
    val_single_in_dist         loss=2.0376  surf[p=61.5004 Ux=0.6527 Uy=0.3291]  vol[p=69.8746 Ux=2.8092 Uy=1.1124]
    val_geom_camber_rc         loss=1.2894  surf[p=66.4998 Ux=1.1066 Uy=0.4943]  vol[p=71.5238 Ux=3.5819 Uy=1.6998]
    val_geom_camber_cruise     loss=0.3322  surf[p=33.9260 Ux=0.4308 Uy=0.2191]  vol[p=32.7043 Ux=1.8377 Uy=0.6485]
    val_re_rand                loss=1.0535  surf[p=51.7944 Ux=0.7525 Uy=0.3499]  vol[p=52.3864 Ux=2.5020 Uy=1.0797]
Epoch  36 (97s) [32.9GB]  train[vol=0.3317 surf=0.1791]  val_avg_surf_p=52.9869 *
    val_single_in_dist         loss=2.0337  surf[p=61.1263 Ux=0.6578 Uy=0.3270]  vol[p=69.0093 Ux=2.7771 Uy=1.1007]
    val_geom_camber_rc         loss=1.2717  surf[p=66.0245 Ux=1.0949 Uy=0.4902]  vol[p=71.1537 Ux=3.5498 Uy=1.6826]
    val_geom_camber_cruise     loss=0.3253  surf[p=33.5234 Ux=0.4253 Uy=0.2163]  vol[p=32.2954 Ux=1.8196 Uy=0.6403]
    val_re_rand                loss=1.0287  surf[p=51.2732 Ux=0.7504 Uy=0.3457]  vol[p=52.0040 Ux=2.4839 Uy=1.0679]
Epoch  37 (98s) [32.9GB]  train[vol=0.3225 surf=0.1707]  val_avg_surf_p=52.2404 *
    val_single_in_dist         loss=1.9937  surf[p=59.8999 Ux=0.6383 Uy=0.3239]  vol[p=67.9145 Ux=2.7415 Uy=1.0852]
    val_geom_camber_rc         loss=1.2564  surf[p=65.3258 Ux=1.0737 Uy=0.4854]  vol[p=70.4468 Ux=3.5240 Uy=1.6695]
    val_geom_camber_cruise     loss=0.3125  surf[p=32.9079 Ux=0.4092 Uy=0.2137]  vol[p=31.8358 Ux=1.8020 Uy=0.6327]
    val_re_rand                loss=1.0082  surf[p=50.8282 Ux=0.7336 Uy=0.3432]  vol[p=51.6444 Ux=2.4671 Uy=1.0586]
Epoch  38 (97s) [32.9GB]  train[vol=0.3337 surf=0.1799]  val_avg_surf_p=51.7064 *
    val_single_in_dist         loss=1.9976  surf[p=59.8265 Ux=0.6355 Uy=0.3214]  vol[p=67.7178 Ux=2.7277 Uy=1.0716]
    val_geom_camber_rc         loss=1.2130  surf[p=64.3181 Ux=1.0510 Uy=0.4800]  vol[p=69.3526 Ux=3.4952 Uy=1.6477]
    val_geom_camber_cruise     loss=0.3075  surf[p=32.4512 Ux=0.4118 Uy=0.2110]  vol[p=31.4152 Ux=1.7928 Uy=0.6246]
    val_re_rand                loss=1.0068  surf[p=50.2298 Ux=0.7266 Uy=0.3397]  vol[p=51.1603 Ux=2.4503 Uy=1.0494]
Epoch  39 (98s) [32.9GB]  train[vol=0.3225 surf=0.1706]  val_avg_surf_p=50.9969 *
    val_single_in_dist         loss=1.9549  surf[p=58.8858 Ux=0.6123 Uy=0.3170]  vol[p=66.5453 Ux=2.7014 Uy=1.0569]
    val_geom_camber_rc         loss=1.1903  surf[p=63.4909 Ux=1.0295 Uy=0.4766]  vol[p=68.3084 Ux=3.4691 Uy=1.6323]
    val_geom_camber_cruise     loss=0.3001  surf[p=31.9016 Ux=0.3852 Uy=0.2079]  vol[p=31.0409 Ux=1.7691 Uy=0.6165]
    val_re_rand                loss=0.9918  surf[p=49.7094 Ux=0.7054 Uy=0.3362]  vol[p=50.6878 Ux=2.4316 Uy=1.0404]
Epoch  40 (96s) [32.9GB]  train[vol=0.3206 surf=0.1698]  val_avg_surf_p=50.1743 *
    val_single_in_dist         loss=1.8714  surf[p=57.4285 Ux=0.5995 Uy=0.3127]  vol[p=65.1919 Ux=2.6827 Uy=1.0487]
    val_geom_camber_rc         loss=1.1569  surf[p=62.6043 Ux=1.0141 Uy=0.4721]  vol[p=67.6553 Ux=3.4413 Uy=1.6168]
    val_geom_camber_cruise     loss=0.2912  surf[p=31.4719 Ux=0.3795 Uy=0.2058]  vol[p=30.6988 Ux=1.7583 Uy=0.6121]
    val_re_rand                loss=0.9911  surf[p=49.1927 Ux=0.6940 Uy=0.3336]  vol[p=50.1652 Ux=2.4090 Uy=1.0322]
Epoch  41 (96s) [32.9GB]  train[vol=0.3224 surf=0.1705]  val_avg_surf_p=49.4432 *
    val_single_in_dist         loss=1.8123  surf[p=56.0393 Ux=0.5804 Uy=0.3103]  vol[p=64.3149 Ux=2.6639 Uy=1.0364]
    val_geom_camber_rc         loss=1.1252  surf[p=61.9230 Ux=0.9979 Uy=0.4680]  vol[p=67.1841 Ux=3.4140 Uy=1.6021]
    val_geom_camber_cruise     loss=0.2864  surf[p=31.1362 Ux=0.3708 Uy=0.2052]  vol[p=30.3511 Ux=1.7431 Uy=0.6089]
    val_re_rand                loss=0.9933  surf[p=48.6743 Ux=0.6807 Uy=0.3316]  vol[p=49.7740 Ux=2.3948 Uy=1.0268]
Epoch  42 (96s) [32.9GB]  train[vol=0.3143 surf=0.1625]  val_avg_surf_p=49.2040 *
    val_single_in_dist         loss=1.8176  surf[p=55.9197 Ux=0.5716 Uy=0.3111]  vol[p=63.8483 Ux=2.6387 Uy=1.0294]
    val_geom_camber_rc         loss=1.1214  surf[p=61.8170 Ux=0.9862 Uy=0.4656]  vol[p=66.8561 Ux=3.3927 Uy=1.5888]
    val_geom_camber_cruise     loss=0.2781  surf[p=30.7142 Ux=0.3673 Uy=0.2035]  vol[p=30.1126 Ux=1.7255 Uy=0.6028]
    val_re_rand                loss=1.0041  surf[p=48.3649 Ux=0.6748 Uy=0.3304]  vol[p=49.5875 Ux=2.3802 Uy=1.0204]
Epoch  43 (96s) [32.9GB]  train[vol=0.3271 surf=0.1726]  val_avg_surf_p=49.0562 *
    val_single_in_dist         loss=1.8387  surf[p=56.1159 Ux=0.5719 Uy=0.3115]  vol[p=64.1799 Ux=2.6276 Uy=1.0218]
    val_geom_camber_rc         loss=1.0978  surf[p=61.0782 Ux=0.9685 Uy=0.4606]  vol[p=66.1757 Ux=3.3674 Uy=1.5736]
    val_geom_camber_cruise     loss=0.2770  surf[p=30.4489 Ux=0.3667 Uy=0.2019]  vol[p=29.9150 Ux=1.7097 Uy=0.5971]
    val_re_rand                loss=1.0257  surf[p=48.5819 Ux=0.6694 Uy=0.3298]  vol[p=49.8471 Ux=2.3695 Uy=1.0162]
Epoch  44 (99s) [32.9GB]  train[vol=0.3075 surf=0.1592]  val_avg_surf_p=48.5550 *
    val_single_in_dist         loss=1.8470  surf[p=55.7092 Ux=0.5659 Uy=0.3092]  vol[p=63.5123 Ux=2.6110 Uy=1.0107]
    val_geom_camber_rc         loss=1.0653  surf[p=60.2948 Ux=0.9530 Uy=0.4552]  vol[p=65.4181 Ux=3.3441 Uy=1.5565]
    val_geom_camber_cruise     loss=0.2733  surf[p=30.1646 Ux=0.3636 Uy=0.2008]  vol[p=29.6004 Ux=1.6971 Uy=0.5925]
    val_re_rand                loss=1.0064  surf[p=48.0514 Ux=0.6662 Uy=0.3272]  vol[p=49.2951 Ux=2.3622 Uy=1.0084]
Epoch  45 (96s) [32.9GB]  train[vol=0.3088 surf=0.1602]  val_avg_surf_p=48.1497 *
    val_single_in_dist         loss=1.8406  surf[p=55.1696 Ux=0.5567 Uy=0.3057]  vol[p=62.6418 Ux=2.5909 Uy=1.0047]
    val_geom_camber_rc         loss=1.0093  surf[p=59.6591 Ux=0.9398 Uy=0.4502]  vol[p=64.3921 Ux=3.3119 Uy=1.5384]
    val_geom_camber_cruise     loss=0.2703  surf[p=29.8715 Ux=0.3635 Uy=0.1998]  vol[p=29.3224 Ux=1.6831 Uy=0.5880]
    val_re_rand                loss=1.0266  surf[p=47.8983 Ux=0.6573 Uy=0.3264]  vol[p=49.0531 Ux=2.3500 Uy=1.0031]
Epoch  46 (97s) [32.9GB]  train[vol=0.2961 surf=0.1518]  val_avg_surf_p=47.8572 *
    val_single_in_dist         loss=1.8450  surf[p=54.8992 Ux=0.5573 Uy=0.3024]  vol[p=62.2571 Ux=2.5765 Uy=0.9957]
    val_geom_camber_rc         loss=0.9845  surf[p=59.4686 Ux=0.9313 Uy=0.4470]  vol[p=63.8731 Ux=3.2830 Uy=1.5267]
    val_geom_camber_cruise     loss=0.2682  surf[p=29.6723 Ux=0.3631 Uy=0.1979]  vol[p=29.1247 Ux=1.6749 Uy=0.5835]
    val_re_rand                loss=1.0075  surf[p=47.3888 Ux=0.6483 Uy=0.3231]  vol[p=48.5883 Ux=2.3325 Uy=0.9943]
Epoch  47 (97s) [32.9GB]  train[vol=0.2945 surf=0.1495]  val_avg_surf_p=47.1676 *
    val_single_in_dist         loss=1.8195  surf[p=54.1592 Ux=0.5548 Uy=0.3008]  vol[p=61.3459 Ux=2.5505 Uy=0.9853]
    val_geom_camber_rc         loss=0.9640  surf[p=58.4557 Ux=0.9179 Uy=0.4429]  vol[p=63.0479 Ux=3.2550 Uy=1.5121]
    val_geom_camber_cruise     loss=0.2616  surf[p=29.1896 Ux=0.3544 Uy=0.1961]  vol[p=28.7638 Ux=1.6602 Uy=0.5767]
    val_re_rand                loss=0.9978  surf[p=46.8658 Ux=0.6382 Uy=0.3201]  vol[p=48.2336 Ux=2.3196 Uy=0.9857]
Epoch  48 (97s) [32.9GB]  train[vol=0.3067 surf=0.1572]  val_avg_surf_p=46.5657 *
    val_single_in_dist         loss=1.7958  surf[p=52.8660 Ux=0.5423 Uy=0.2979]  vol[p=60.1550 Ux=2.5252 Uy=0.9767]
    val_geom_camber_rc         loss=0.9516  surf[p=58.1118 Ux=0.9090 Uy=0.4391]  vol[p=62.7859 Ux=3.2328 Uy=1.5002]
    val_geom_camber_cruise     loss=0.2563  surf[p=28.7461 Ux=0.3475 Uy=0.1948]  vol[p=28.5476 Ux=1.6458 Uy=0.5708]
    val_re_rand                loss=0.9795  surf[p=46.5389 Ux=0.6262 Uy=0.3177]  vol[p=47.9376 Ux=2.2988 Uy=0.9795]
Epoch  49 (98s) [32.9GB]  train[vol=0.2933 surf=0.1506]  val_avg_surf_p=45.9609 *
    val_single_in_dist         loss=1.7628  surf[p=51.6759 Ux=0.5378 Uy=0.2942]  vol[p=59.3994 Ux=2.5066 Uy=0.9662]
    val_geom_camber_rc         loss=0.9506  surf[p=57.6952 Ux=0.8949 Uy=0.4359]  vol[p=62.7251 Ux=3.2148 Uy=1.4899]
    val_geom_camber_cruise     loss=0.2486  surf[p=28.2788 Ux=0.3461 Uy=0.1929]  vol[p=28.2516 Ux=1.6332 Uy=0.5665]
    val_re_rand                loss=0.9373  surf[p=46.1939 Ux=0.6141 Uy=0.3144]  vol[p=47.5566 Ux=2.2764 Uy=0.9722]
Epoch  50 (96s) [32.9GB]  train[vol=0.2985 surf=0.1530]  val_avg_surf_p=45.7856 *
    val_single_in_dist         loss=1.7399  surf[p=51.3696 Ux=0.5272 Uy=0.2921]  vol[p=59.1466 Ux=2.4929 Uy=0.9561]
    val_geom_camber_rc         loss=0.9401  surf[p=57.7064 Ux=0.8837 Uy=0.4344]  vol[p=62.6667 Ux=3.1987 Uy=1.4823]
    val_geom_camber_cruise     loss=0.2428  surf[p=27.9227 Ux=0.3443 Uy=0.1919]  vol[p=28.0274 Ux=1.6239 Uy=0.5619]
    val_re_rand                loss=0.9470  surf[p=46.1436 Ux=0.6091 Uy=0.3129]  vol[p=47.5364 Ux=2.2585 Uy=0.9671]
Epoch  51 (97s) [32.9GB]  train[vol=0.2883 surf=0.1444]  val_avg_surf_p=45.4173 *
    val_single_in_dist         loss=1.7681  surf[p=51.1395 Ux=0.5243 Uy=0.2917]  vol[p=58.5599 Ux=2.4691 Uy=0.9440]
    val_geom_camber_rc         loss=0.9263  surf[p=57.1787 Ux=0.8739 Uy=0.4317]  vol[p=62.2892 Ux=3.1762 Uy=1.4733]
    val_geom_camber_cruise     loss=0.2432  surf[p=27.8436 Ux=0.3439 Uy=0.1907]  vol[p=27.9095 Ux=1.6154 Uy=0.5601]
    val_re_rand                loss=0.9154  surf[p=45.5073 Ux=0.6036 Uy=0.3095]  vol[p=47.0628 Ux=2.2440 Uy=0.9601]
Epoch  52 (97s) [32.9GB]  train[vol=0.2984 surf=0.1534]  val_avg_surf_p=44.9019 *
    val_single_in_dist         loss=1.8166  surf[p=51.0573 Ux=0.5181 Uy=0.2917]  vol[p=57.7841 Ux=2.4511 Uy=0.9361]
    val_geom_camber_rc         loss=0.9193  surf[p=56.2084 Ux=0.8587 Uy=0.4293]  vol[p=61.7543 Ux=3.1644 Uy=1.4662]
    val_geom_camber_cruise     loss=0.2421  surf[p=27.5597 Ux=0.3363 Uy=0.1891]  vol[p=27.6693 Ux=1.6027 Uy=0.5551]
    val_re_rand                loss=0.8647  surf[p=44.7822 Ux=0.5935 Uy=0.3069]  vol[p=46.4048 Ux=2.2276 Uy=0.9528]
Epoch  53 (97s) [32.9GB]  train[vol=0.2895 surf=0.1486]  val_avg_surf_p=44.4540 *
    val_single_in_dist         loss=1.7745  surf[p=50.2710 Ux=0.5174 Uy=0.2895]  vol[p=57.0836 Ux=2.4389 Uy=0.9258]
    val_geom_camber_rc         loss=0.9023  surf[p=55.8645 Ux=0.8504 Uy=0.4272]  vol[p=61.2317 Ux=3.1460 Uy=1.4550]
    val_geom_camber_cruise     loss=0.2412  surf[p=27.3407 Ux=0.3320 Uy=0.1872]  vol[p=27.5200 Ux=1.5948 Uy=0.5529]
    val_re_rand                loss=0.8509  surf[p=44.3397 Ux=0.5886 Uy=0.3047]  vol[p=45.9737 Ux=2.2139 Uy=0.9466]
Epoch  54 (97s) [32.9GB]  train[vol=0.2800 surf=0.1412]  val_avg_surf_p=44.2106 *
    val_single_in_dist         loss=1.8196  surf[p=49.6608 Ux=0.5100 Uy=0.2882]  vol[p=56.4255 Ux=2.4269 Uy=0.9213]
    val_geom_camber_rc         loss=0.8903  surf[p=55.6933 Ux=0.8451 Uy=0.4256]  vol[p=60.8800 Ux=3.1260 Uy=1.4462]
    val_geom_camber_cruise     loss=0.2385  surf[p=27.1475 Ux=0.3321 Uy=0.1866]  vol[p=27.3995 Ux=1.5891 Uy=0.5499]
    val_re_rand                loss=0.8729  surf[p=44.3408 Ux=0.5861 Uy=0.3033]  vol[p=45.8915 Ux=2.2052 Uy=0.9428]
Epoch  55 (98s) [32.9GB]  train[vol=0.2776 surf=0.1410]  val_avg_surf_p=44.1173 *
    val_single_in_dist         loss=1.8657  surf[p=49.3918 Ux=0.5008 Uy=0.2869]  vol[p=56.3690 Ux=2.4088 Uy=0.9181]
    val_geom_camber_rc         loss=0.8900  surf[p=55.7028 Ux=0.8371 Uy=0.4258]  vol[p=60.7091 Ux=3.1100 Uy=1.4398]
    val_geom_camber_cruise     loss=0.2366  surf[p=27.0734 Ux=0.3285 Uy=0.1864]  vol[p=27.3605 Ux=1.5822 Uy=0.5481]
    val_re_rand                loss=0.8924  surf[p=44.3011 Ux=0.5844 Uy=0.3021]  vol[p=45.8256 Ux=2.1976 Uy=0.9364]
Epoch  56 (97s) [32.9GB]  train[vol=0.2986 surf=0.1539]  val_avg_surf_p=43.7935 *
    val_single_in_dist         loss=1.8577  surf[p=49.4287 Ux=0.4957 Uy=0.2853]  vol[p=55.8303 Ux=2.3952 Uy=0.9145]
    val_geom_camber_rc         loss=0.8679  surf[p=55.0923 Ux=0.8300 Uy=0.4229]  vol[p=59.8897 Ux=3.0891 Uy=1.4301]
    val_geom_camber_cruise     loss=0.2339  surf[p=26.8298 Ux=0.3279 Uy=0.1852]  vol[p=27.1989 Ux=1.5722 Uy=0.5455]
    val_re_rand                loss=0.9039  surf[p=43.8233 Ux=0.5789 Uy=0.2999]  vol[p=45.3374 Ux=2.1853 Uy=0.9307]
Epoch  57 (97s) [32.9GB]  train[vol=0.2797 surf=0.1406]  val_avg_surf_p=43.5449 *
    val_single_in_dist         loss=1.8703  surf[p=49.4297 Ux=0.4948 Uy=0.2851]  vol[p=56.1588 Ux=2.3878 Uy=0.9104]
    val_geom_camber_rc         loss=0.8508  surf[p=54.6671 Ux=0.8219 Uy=0.4186]  vol[p=59.5485 Ux=3.0743 Uy=1.4192]
    val_geom_camber_cruise     loss=0.2261  surf[p=26.3918 Ux=0.3316 Uy=0.1841]  vol[p=27.0036 Ux=1.5656 Uy=0.5422]
    val_re_rand                loss=0.9168  surf[p=43.6911 Ux=0.5790 Uy=0.2982]  vol[p=45.3775 Ux=2.1802 Uy=0.9265]
Epoch  58 (96s) [32.9GB]  train[vol=0.2691 surf=0.1326]  val_avg_surf_p=43.3149 *
    val_single_in_dist         loss=1.9098  surf[p=49.3449 Ux=0.4935 Uy=0.2830]  vol[p=55.9023 Ux=2.3783 Uy=0.9041]
    val_geom_camber_rc         loss=0.8419  surf[p=54.1221 Ux=0.8173 Uy=0.4170]  vol[p=59.0796 Ux=3.0658 Uy=1.4164]
    val_geom_camber_cruise     loss=0.2221  surf[p=26.1656 Ux=0.3267 Uy=0.1832]  vol[p=26.8405 Ux=1.5595 Uy=0.5400]
    val_re_rand                loss=0.9473  surf[p=43.6268 Ux=0.5742 Uy=0.2988]  vol[p=45.3530 Ux=2.1756 Uy=0.9244]
Epoch  59 (96s) [32.9GB]  train[vol=0.2678 surf=0.1304]  val_avg_surf_p=42.8605 *
    val_single_in_dist         loss=1.8991  surf[p=48.7475 Ux=0.4865 Uy=0.2810]  vol[p=54.9746 Ux=2.3620 Uy=0.8979]
    val_geom_camber_rc         loss=0.8273  surf[p=53.3266 Ux=0.8075 Uy=0.4131]  vol[p=58.3294 Ux=3.0472 Uy=1.4054]
    val_geom_camber_cruise     loss=0.2195  surf[p=25.9432 Ux=0.3284 Uy=0.1825]  vol[p=26.6884 Ux=1.5528 Uy=0.5380]
    val_re_rand                loss=0.9303  surf[p=43.4246 Ux=0.5725 Uy=0.2969]  vol[p=45.1614 Ux=2.1668 Uy=0.9202]
Epoch  60 (97s) [32.9GB]  train[vol=0.2623 surf=0.1290]  val_avg_surf_p=42.2829 *
    val_single_in_dist         loss=1.8346  surf[p=47.9589 Ux=0.4783 Uy=0.2787]  vol[p=53.9587 Ux=2.3372 Uy=0.8861]
    val_geom_camber_rc         loss=0.8172  surf[p=52.9425 Ux=0.7991 Uy=0.4119]  vol[p=58.1173 Ux=3.0310 Uy=1.3971]
    val_geom_camber_cruise     loss=0.2187  surf[p=25.7417 Ux=0.3289 Uy=0.1816]  vol[p=26.5273 Ux=1.5475 Uy=0.5350]
    val_re_rand                loss=0.8733  surf[p=42.4887 Ux=0.5664 Uy=0.2950]  vol[p=44.4730 Ux=2.1511 Uy=0.9138]
Epoch  61 (97s) [32.9GB]  train[vol=0.2673 surf=0.1319]  val_avg_surf_p=41.9905 *
    val_single_in_dist         loss=1.7532  surf[p=47.0088 Ux=0.4735 Uy=0.2759]  vol[p=53.1160 Ux=2.3260 Uy=0.8790]
    val_geom_camber_rc         loss=0.8155  surf[p=53.1533 Ux=0.7980 Uy=0.4117]  vol[p=58.1125 Ux=3.0152 Uy=1.3954]
    val_geom_camber_cruise     loss=0.2165  surf[p=25.5023 Ux=0.3178 Uy=0.1812]  vol[p=26.2712 Ux=1.5318 Uy=0.5324]
    val_re_rand                loss=0.8582  surf[p=42.2976 Ux=0.5576 Uy=0.2940]  vol[p=44.1238 Ux=2.1326 Uy=0.9098]
Epoch  62 (97s) [32.9GB]  train[vol=0.2627 surf=0.1285]  val_avg_surf_p=41.6979 *
    val_single_in_dist         loss=1.6569  surf[p=46.3359 Ux=0.4682 Uy=0.2751]  vol[p=52.6838 Ux=2.3131 Uy=0.8681]
    val_geom_camber_rc         loss=0.8039  surf[p=52.9159 Ux=0.7921 Uy=0.4092]  vol[p=57.7066 Ux=3.0031 Uy=1.3876]
    val_geom_camber_cruise     loss=0.2160  surf[p=25.4166 Ux=0.3200 Uy=0.1806]  vol[p=26.1679 Ux=1.5268 Uy=0.5304]
    val_re_rand                loss=0.8362  surf[p=42.1232 Ux=0.5592 Uy=0.2924]  vol[p=43.9603 Ux=2.1262 Uy=0.9053]
Epoch  63 (97s) [32.9GB]  train[vol=0.2671 surf=0.1296]  val_avg_surf_p=41.3895 *
    val_single_in_dist         loss=1.6424  surf[p=45.3130 Ux=0.4614 Uy=0.2715]  vol[p=52.1922 Ux=2.3016 Uy=0.8619]
    val_geom_camber_rc         loss=0.7994  surf[p=52.7325 Ux=0.7868 Uy=0.4079]  vol[p=57.3773 Ux=2.9897 Uy=1.3819]
    val_geom_camber_cruise     loss=0.2152  surf[p=25.3361 Ux=0.3191 Uy=0.1799]  vol[p=25.9687 Ux=1.5197 Uy=0.5293]
    val_re_rand                loss=0.8519  surf[p=42.1762 Ux=0.5576 Uy=0.2912]  vol[p=43.8543 Ux=2.1191 Uy=0.9028]
Epoch  64 (99s) [32.9GB]  train[vol=0.2547 surf=0.1241]  val_avg_surf_p=41.0673 *
    val_single_in_dist         loss=1.6370  surf[p=44.9314 Ux=0.4558 Uy=0.2701]  vol[p=51.7281 Ux=2.2903 Uy=0.8541]
    val_geom_camber_rc         loss=0.7888  surf[p=52.2432 Ux=0.7783 Uy=0.4055]  vol[p=56.8861 Ux=2.9734 Uy=1.3752]
    val_geom_camber_cruise     loss=0.2118  surf[p=25.0595 Ux=0.3094 Uy=0.1786]  vol[p=25.7558 Ux=1.5065 Uy=0.5258]
    val_re_rand                loss=0.8164  surf[p=42.0349 Ux=0.5459 Uy=0.2901]  vol[p=43.6677 Ux=2.1051 Uy=0.8992]
Epoch  65 (97s) [32.9GB]  train[vol=0.2541 surf=0.1224]  val_avg_surf_p=40.7716 *
    val_single_in_dist         loss=1.6466  surf[p=44.8576 Ux=0.4508 Uy=0.2696]  vol[p=51.4311 Ux=2.2795 Uy=0.8505]
    val_geom_camber_rc         loss=0.7831  surf[p=51.8652 Ux=0.7729 Uy=0.4030]  vol[p=56.7681 Ux=2.9617 Uy=1.3692]
    val_geom_camber_cruise     loss=0.2102  surf[p=24.7620 Ux=0.3067 Uy=0.1776]  vol[p=25.5022 Ux=1.4992 Uy=0.5231]
    val_re_rand                loss=0.7893  surf[p=41.6016 Ux=0.5432 Uy=0.2881]  vol[p=43.1806 Ux=2.0929 Uy=0.8933]
Epoch  66 (97s) [32.9GB]  train[vol=0.2647 surf=0.1312]  val_avg_surf_p=40.4831 *
