wandb: [wandb.login()] Loaded credentials for https://api.wandb.ai from WANDB_API_KEY.
wandb: W&B API key is configured. Use `wandb login --relogin` to force relogin
wandb: Tracking run with wandb version 0.26.1
wandb: Run data is saved locally in /workspace/ml-intern-benchmark/target/wandb/run-20260501_020258-nfughzq3
wandb: Run `wandb offline` to turn off syncing.
wandb: Syncing run mlintern-pai2-72h-v4-r1/r4-onecycle-ema-w160-200
wandb: ⭐️ View project at https://wandb.ai/wandb-applied-ai-team/senpai-v1-ml-intern
wandb: 🚀 View run at https://wandb.ai/wandb-applied-ai-team/senpai-v1-ml-intern/runs/nfughzq3
Device: cuda
Train: 1499, val_single_in_dist: 100, val_geom_camber_rc: 100, val_geom_camber_cruise: 100, val_re_rand: 100
Model: Transolver (1.00M params)
EMA enabled: decay=0.999
Epoch   1 (158s) [52.3GB]  train[vol=1.4017 surf=0.9676]  val_avg_surf_p=359.4562 *
    val_single_in_dist         loss=49.8678  surf[p=496.2403 Ux=20.2841 Uy=2.3399]  vol[p=462.9254 Ux=19.5269 Uy=5.9346]
    val_geom_camber_rc         loss=29.1607  surf[p=426.6390 Ux=16.7834 Uy=2.8333]  vol[p=384.7544 Ux=13.7412 Uy=6.3849]
    val_geom_camber_cruise     loss=14.9248  surf[p=227.3729 Ux=18.1191 Uy=1.3259]  vol[p=218.4745 Ux=15.3969 Uy=3.4558]
    val_re_rand                loss=18.6358  surf[p=287.5726 Ux=16.7110 Uy=1.8636]  vol[p=265.5068 Ux=13.7979 Uy=4.4884]
Epoch   2 (158s) [52.3GB]  train[vol=0.9971 surf=0.6030]  val_avg_surf_p=324.7643 *
    val_single_in_dist         loss=41.4267  surf[p=462.0787 Ux=13.3030 Uy=2.0574]  vol[p=396.1108 Ux=15.3881 Uy=5.5164]
    val_geom_camber_rc         loss=22.5729  surf[p=372.5792 Ux=11.1941 Uy=2.5178]  vol[p=305.3103 Ux=11.4472 Uy=5.8005]
    val_geom_camber_cruise     loss=9.8209  surf[p=209.7266 Ux=11.5610 Uy=1.2062]  vol[p=182.6660 Ux=11.1864 Uy=3.2699]
    val_re_rand                loss=13.3053  surf[p=254.6725 Ux=10.6769 Uy=1.6557]  vol[p=210.8955 Ux=10.5922 Uy=4.1380]
Epoch   3 (155s) [52.3GB]  train[vol=0.9212 surf=0.5543]  val_avg_surf_p=281.0637 *
    val_single_in_dist         loss=32.0404  surf[p=402.8677 Ux=8.5429 Uy=1.6792]  vol[p=324.5945 Ux=12.1006 Uy=4.9001]
    val_geom_camber_rc         loss=15.8956  surf[p=308.1041 Ux=7.7139 Uy=2.0368]  vol[p=244.3020 Ux=9.5790 Uy=5.1307]
    val_geom_camber_cruise     loss=6.6927  surf[p=193.2200 Ux=7.3049 Uy=1.0535]  vol[p=155.1567 Ux=8.2094 Uy=2.9125]
    val_re_rand                loss=9.2335  surf[p=220.0629 Ux=7.0042 Uy=1.3815]  vol[p=173.1189 Ux=8.3896 Uy=3.6723]
Epoch   4 (158s) [52.3GB]  train[vol=0.8592 surf=0.5234]  val_avg_surf_p=244.5724 *
    val_single_in_dist         loss=25.9979  surf[p=353.6365 Ux=6.3631 Uy=1.4213]  vol[p=282.5476 Ux=10.0059 Uy=4.2704]
    val_geom_camber_rc         loss=12.1043  surf[p=264.8621 Ux=6.1132 Uy=1.6857]  vol[p=210.2014 Ux=8.4023 Uy=4.6096]
    val_geom_camber_cruise     loss=4.8607  surf[p=170.4813 Ux=5.4143 Uy=0.9278]  vol[p=132.3997 Ux=6.5848 Uy=2.4771]
    val_re_rand                loss=6.8803  surf[p=189.3098 Ux=5.4333 Uy=1.1827]  vol[p=149.5154 Ux=7.1127 Uy=3.2315]
Epoch   5 (158s) [52.3GB]  train[vol=0.8433 surf=0.5078]  val_avg_surf_p=219.6749 *
    val_single_in_dist         loss=21.8356  surf[p=314.5009 Ux=5.2800 Uy=1.2297]  vol[p=254.3862 Ux=8.7721 Uy=3.7649]
    val_geom_camber_rc         loss=10.1528  surf[p=242.1174 Ux=5.3703 Uy=1.4612]  vol[p=197.7157 Ux=7.8226 Uy=4.2044]
    val_geom_camber_cruise     loss=3.8003  surf[p=151.9715 Ux=4.4869 Uy=0.8255]  vol[p=115.2278 Ux=5.9697 Uy=2.1548]
    val_re_rand                loss=5.6774  surf[p=170.1099 Ux=4.7107 Uy=1.0444]  vol[p=136.3220 Ux=6.5643 Uy=2.9040]
Epoch   6 (158s) [52.3GB]  train[vol=0.7701 surf=0.4655]  val_avg_surf_p=201.3949 *
    val_single_in_dist         loss=19.3234  surf[p=287.6461 Ux=4.6427 Uy=1.1138]  vol[p=232.7316 Ux=7.8502 Uy=3.3803]
    val_geom_camber_rc         loss=8.7670  surf[p=222.8920 Ux=4.8384 Uy=1.3329]  vol[p=183.3764 Ux=7.2662 Uy=3.8952]
    val_geom_camber_cruise     loss=3.1512  surf[p=139.1895 Ux=3.8086 Uy=0.7363]  vol[p=107.8053 Ux=5.3905 Uy=1.9077]
    val_re_rand                loss=4.8723  surf[p=155.8522 Ux=4.1770 Uy=0.9480]  vol[p=127.2680 Ux=6.0438 Uy=2.6495]
Epoch   7 (157s) [52.3GB]  train[vol=0.7482 surf=0.4546]  val_avg_surf_p=188.4957 *
    val_single_in_dist         loss=17.5718  surf[p=271.1835 Ux=4.0909 Uy=1.0476]  vol[p=214.2091 Ux=7.2097 Uy=3.0970]
    val_geom_camber_rc         loss=7.9011  surf[p=210.7861 Ux=4.4831 Uy=1.2606]  vol[p=169.5317 Ux=6.9040 Uy=3.6719]
    val_geom_camber_cruise     loss=2.6546  surf[p=126.7565 Ux=3.2936 Uy=0.6872]  vol[p=100.4302 Ux=4.8565 Uy=1.7255]
    val_re_rand                loss=4.3386  surf[p=145.2569 Ux=3.7471 Uy=0.8977]  vol[p=119.2882 Ux=5.5689 Uy=2.4609]
Epoch   8 (156s) [52.3GB]  train[vol=0.7234 surf=0.4348]  val_avg_surf_p=172.5689 *
    val_single_in_dist         loss=15.3428  surf[p=248.0166 Ux=3.7500 Uy=0.9457]  vol[p=200.9768 Ux=6.7788 Uy=2.8299]
    val_geom_camber_rc         loss=6.8095  surf[p=193.3786 Ux=4.1830 Uy=1.1627]  vol[p=158.1332 Ux=6.5703 Uy=3.4426]
    val_geom_camber_cruise     loss=2.2714  surf[p=114.8138 Ux=3.0262 Uy=0.6347]  vol[p=93.1150 Ux=4.5963 Uy=1.5947]
    val_re_rand                loss=3.7839  surf[p=134.0665 Ux=3.4637 Uy=0.8371]  vol[p=113.5513 Ux=5.2862 Uy=2.3025]
Epoch   9 (160s) [52.3GB]  train[vol=0.6683 surf=0.4066]  val_avg_surf_p=155.1036 *
    val_single_in_dist         loss=13.1047  surf[p=218.5190 Ux=3.4406 Uy=0.8638]  vol[p=187.6200 Ux=6.4587 Uy=2.6174]
    val_geom_camber_rc         loss=5.8813  surf[p=175.2941 Ux=3.9203 Uy=1.0847]  vol[p=149.7722 Ux=6.3684 Uy=3.2723]
    val_geom_camber_cruise     loss=1.9090  surf[p=103.4729 Ux=2.7355 Uy=0.5746]  vol[p=87.6454 Ux=4.3027 Uy=1.4833]
    val_re_rand                loss=3.3078  surf[p=123.1282 Ux=3.1700 Uy=0.7791]  vol[p=108.1900 Ux=5.0247 Uy=2.1809]
Epoch  10 (159s) [52.3GB]  train[vol=0.6466 surf=0.3898]  val_avg_surf_p=141.3354 *
    val_single_in_dist         loss=11.2376  surf[p=194.8596 Ux=3.1570 Uy=0.7927]  vol[p=176.4862 Ux=6.0950 Uy=2.4302]
    val_geom_camber_rc         loss=5.1068  surf[p=160.7023 Ux=3.6242 Uy=1.0152]  vol[p=141.6513 Ux=6.1112 Uy=3.1261]
    val_geom_camber_cruise     loss=1.6319  surf[p=95.1688 Ux=2.4804 Uy=0.5327]  vol[p=82.5012 Ux=4.0288 Uy=1.3940]
    val_re_rand                loss=2.9245  surf[p=114.6109 Ux=2.9167 Uy=0.7317]  vol[p=103.3425 Ux=4.7742 Uy=2.0823]
Epoch  11 (160s) [52.3GB]  train[vol=0.5863 surf=0.3497]  val_avg_surf_p=129.7508 *
    val_single_in_dist         loss=9.6514  surf[p=174.3188 Ux=2.7409 Uy=0.7396]  vol[p=164.0529 Ux=5.6490 Uy=2.2753]
    val_geom_camber_rc         loss=4.5325  surf[p=148.6764 Ux=3.3221 Uy=0.9661]  vol[p=133.8401 Ux=5.8324 Uy=3.0030]
    val_geom_camber_cruise     loss=1.4298  surf[p=88.6667 Ux=2.1649 Uy=0.4955]  vol[p=76.5919 Ux=3.7411 Uy=1.3121]
    val_re_rand                loss=2.6343  surf[p=107.3412 Ux=2.6361 Uy=0.6866]  vol[p=97.7291 Ux=4.5102 Uy=1.9899]
Epoch  12 (161s) [52.3GB]  train[vol=0.5484 surf=0.3248]  val_avg_surf_p=119.8877 *
    val_single_in_dist         loss=8.5359  surf[p=158.7359 Ux=2.4436 Uy=0.6927]  vol[p=152.7435 Ux=5.3467 Uy=2.1321]
    val_geom_camber_rc         loss=4.0697  surf[p=137.3117 Ux=3.0211 Uy=0.9262]  vol[p=125.5841 Ux=5.5347 Uy=2.8873]
    val_geom_camber_cruise     loss=1.2462  surf[p=82.3324 Ux=1.8813 Uy=0.4625]  vol[p=71.4479 Ux=3.4727 Uy=1.2237]
    val_re_rand                loss=2.3763  surf[p=101.1706 Ux=2.3592 Uy=0.6509]  vol[p=92.6080 Ux=4.2422 Uy=1.8967]
Epoch  13 (158s) [52.3GB]  train[vol=0.5369 surf=0.3178]  val_avg_surf_p=111.4667 *
    val_single_in_dist         loss=7.4783  surf[p=144.5587 Ux=2.2187 Uy=0.6492]  vol[p=143.1497 Ux=5.0621 Uy=2.0088]
    val_geom_camber_rc         loss=3.7129  surf[p=128.9070 Ux=2.7689 Uy=0.8836]  vol[p=120.4157 Ux=5.2539 Uy=2.7620]
    val_geom_camber_cruise     loss=1.1053  surf[p=76.6856 Ux=1.6555 Uy=0.4322]  vol[p=66.9615 Ux=3.2400 Uy=1.1546]
    val_re_rand                loss=2.1686  surf[p=95.7157 Ux=2.1419 Uy=0.6166]  vol[p=88.3451 Ux=4.0119 Uy=1.8154]
Epoch  14 (157s) [52.3GB]  train[vol=0.5194 surf=0.3019]  val_avg_surf_p=103.4341 *
    val_single_in_dist         loss=6.5217  surf[p=131.3014 Ux=1.9660 Uy=0.6025]  vol[p=132.0196 Ux=4.7196 Uy=1.8956]
    val_geom_camber_rc         loss=3.3733  surf[p=120.1656 Ux=2.5289 Uy=0.8373]  vol[p=114.7512 Ux=5.0234 Uy=2.6397]
    val_geom_camber_cruise     loss=0.9795  surf[p=71.9172 Ux=1.4455 Uy=0.4074]  vol[p=63.4799 Ux=3.0449 Uy=1.0973]
    val_re_rand                loss=1.9919  surf[p=90.3521 Ux=1.9205 Uy=0.5836]  vol[p=83.9195 Ux=3.8155 Uy=1.7366]
Epoch  15 (157s) [52.3GB]  train[vol=0.4818 surf=0.2792]  val_avg_surf_p=96.9110 *
    val_single_in_dist         loss=5.8192  surf[p=121.4121 Ux=1.7202 Uy=0.5641]  vol[p=124.1716 Ux=4.3833 Uy=1.7953]
    val_geom_camber_rc         loss=3.1407  surf[p=113.4666 Ux=2.3538 Uy=0.7925]  vol[p=109.8724 Ux=4.7928 Uy=2.5126]
    val_geom_camber_cruise     loss=0.8941  surf[p=67.1271 Ux=1.2855 Uy=0.3889]  vol[p=59.4837 Ux=2.8652 Uy=1.0463]
    val_re_rand                loss=1.8515  surf[p=85.6382 Ux=1.7585 Uy=0.5572]  vol[p=79.8907 Ux=3.6269 Uy=1.6597]
Epoch  16 (158s) [52.3GB]  train[vol=0.4501 surf=0.2558]  val_avg_surf_p=90.2553 *
    val_single_in_dist         loss=5.0516  surf[p=111.7106 Ux=1.4555 Uy=0.5312]  vol[p=116.3751 Ux=4.0935 Uy=1.6960]
    val_geom_camber_rc         loss=2.8890  surf[p=105.9806 Ux=2.1536 Uy=0.7530]  vol[p=104.8661 Ux=4.6245 Uy=2.4057]
    val_geom_camber_cruise     loss=0.8055  surf[p=62.1672 Ux=1.0884 Uy=0.3695]  vol[p=55.3844 Ux=2.7001 Uy=0.9969]
    val_re_rand                loss=1.7291  surf[p=81.1628 Ux=1.5658 Uy=0.5354]  vol[p=76.4123 Ux=3.4593 Uy=1.5925]
Epoch  17 (158s) [52.3GB]  train[vol=0.4696 surf=0.2709]  val_avg_surf_p=85.5514 *
    val_single_in_dist         loss=4.5588  surf[p=105.8429 Ux=1.3371 Uy=0.5053]  vol[p=109.7689 Ux=3.9428 Uy=1.6178]
    val_geom_camber_rc         loss=2.6826  surf[p=100.1780 Ux=1.9999 Uy=0.7211]  vol[p=100.3293 Ux=4.4937 Uy=2.3214]
    val_geom_camber_cruise     loss=0.7441  surf[p=58.7663 Ux=0.9591 Uy=0.3486]  vol[p=52.3247 Ux=2.5818 Uy=0.9553]
    val_re_rand                loss=1.6385  surf[p=77.4182 Ux=1.4273 Uy=0.5135]  vol[p=73.4661 Ux=3.3335 Uy=1.5325]
Epoch  18 (160s) [52.3GB]  train[vol=0.4262 surf=0.2413]  val_avg_surf_p=81.7077 *
    val_single_in_dist         loss=4.1842  surf[p=100.4878 Ux=1.2262 Uy=0.4802]  vol[p=104.7062 Ux=3.7936 Uy=1.5523]
    val_geom_camber_rc         loss=2.5432  surf[p=96.4004 Ux=1.8728 Uy=0.6975]  vol[p=97.3964 Ux=4.3796 Uy=2.2462]
    val_geom_camber_cruise     loss=0.6924  surf[p=55.7256 Ux=0.8625 Uy=0.3312]  vol[p=49.8470 Ux=2.4815 Uy=0.9176]
    val_re_rand                loss=1.5667  surf[p=74.2170 Ux=1.3102 Uy=0.4953]  vol[p=70.8787 Ux=3.2186 Uy=1.4742]
Epoch  19 (157s) [52.3GB]  train[vol=0.4241 surf=0.2417]  val_avg_surf_p=78.0998 *
    val_single_in_dist         loss=3.8194  surf[p=94.7192 Ux=1.1221 Uy=0.4582]  vol[p=99.4006 Ux=3.6355 Uy=1.4897]
    val_geom_camber_rc         loss=2.4120  surf[p=92.6449 Ux=1.7713 Uy=0.6739]  vol[p=95.0442 Ux=4.2885 Uy=2.1818]
    val_geom_camber_cruise     loss=0.6490  surf[p=53.1354 Ux=0.7769 Uy=0.3128]  vol[p=47.3192 Ux=2.3857 Uy=0.8819]
    val_re_rand                loss=1.5192  surf[p=71.8995 Ux=1.2224 Uy=0.4772]  vol[p=68.9249 Ux=3.1194 Uy=1.4260]
Epoch  20 (155s) [52.3GB]  train[vol=0.4344 surf=0.2473]  val_avg_surf_p=74.8600 *
    val_single_in_dist         loss=3.4707  surf[p=89.7397 Ux=1.0407 Uy=0.4423]  vol[p=95.5301 Ux=3.5282 Uy=1.4446]
    val_geom_camber_rc         loss=2.3071  surf[p=88.8225 Ux=1.6593 Uy=0.6522]  vol[p=92.3022 Ux=4.1824 Uy=2.1236]
    val_geom_camber_cruise     loss=0.6104  surf[p=51.0511 Ux=0.7201 Uy=0.2962]  vol[p=45.6024 Ux=2.3286 Uy=0.8520]
    val_re_rand                loss=1.4637  surf[p=69.8266 Ux=1.1568 Uy=0.4607]  vol[p=67.4249 Ux=3.0497 Uy=1.3862]
Epoch  21 (159s) [52.3GB]  train[vol=0.4128 surf=0.2341]  val_avg_surf_p=72.1846 *
    val_single_in_dist         loss=3.2147  surf[p=85.9966 Ux=0.9727 Uy=0.4260]  vol[p=91.9540 Ux=3.4220 Uy=1.3980]
    val_geom_camber_rc         loss=2.2088  surf[p=85.7628 Ux=1.5737 Uy=0.6316]  vol[p=90.3092 Ux=4.1157 Uy=2.0703]
    val_geom_camber_cruise     loss=0.5816  surf[p=49.0670 Ux=0.6727 Uy=0.2839]  vol[p=43.8691 Ux=2.2647 Uy=0.8236]
    val_re_rand                loss=1.4195  surf[p=67.9121 Ux=1.0997 Uy=0.4453]  vol[p=65.7467 Ux=2.9846 Uy=1.3479]
Epoch  22 (158s) [52.3GB]  train[vol=0.4036 surf=0.2281]  val_avg_surf_p=69.6397 *
    val_single_in_dist         loss=3.1134  surf[p=82.9919 Ux=0.9329 Uy=0.4151]  vol[p=89.1385 Ux=3.3350 Uy=1.3644]
    val_geom_camber_rc         loss=2.0469  surf[p=82.3748 Ux=1.5116 Uy=0.6114]  vol[p=88.3704 Ux=4.0431 Uy=2.0216]
    val_geom_camber_cruise     loss=0.5510  surf[p=47.1680 Ux=0.6557 Uy=0.2734]  vol[p=42.2536 Ux=2.2020 Uy=0.7973]
    val_re_rand                loss=1.3791  surf[p=66.0241 Ux=1.0694 Uy=0.4339]  vol[p=64.2863 Ux=2.9275 Uy=1.3148]
Epoch  23 (161s) [52.3GB]  train[vol=0.3828 surf=0.2131]  val_avg_surf_p=68.0280 *
    val_single_in_dist         loss=2.9201  surf[p=79.9759 Ux=0.9148 Uy=0.4060]  vol[p=86.3825 Ux=3.2755 Uy=1.3304]
    val_geom_camber_rc         loss=1.9840  surf[p=81.4440 Ux=1.4691 Uy=0.5978]  vol[p=86.9797 Ux=3.9802 Uy=1.9770]
    val_geom_camber_cruise     loss=0.5262  surf[p=46.1035 Ux=0.6458 Uy=0.2649]  vol[p=41.2019 Ux=2.1609 Uy=0.7739]
    val_re_rand                loss=1.3435  surf[p=64.5888 Ux=1.0432 Uy=0.4244]  vol[p=62.9868 Ux=2.8794 Uy=1.2835]
Epoch  24 (158s) [52.3GB]  train[vol=0.3960 surf=0.2264]  val_avg_surf_p=66.3016 *
    val_single_in_dist         loss=2.7454  surf[p=77.2209 Ux=0.9034 Uy=0.4001]  vol[p=84.8169 Ux=3.2343 Uy=1.3011]
    val_geom_camber_rc         loss=1.9239  surf[p=79.8194 Ux=1.4379 Uy=0.5883]  vol[p=85.6415 Ux=3.9276 Uy=1.9406]
    val_geom_camber_cruise     loss=0.5064  surf[p=44.9174 Ux=0.6455 Uy=0.2632]  vol[p=40.2109 Ux=2.1116 Uy=0.7545]
    val_re_rand                loss=1.3229  surf[p=63.2487 Ux=1.0306 Uy=0.4195]  vol[p=61.8020 Ux=2.8278 Uy=1.2575]
Epoch  25 (157s) [52.3GB]  train[vol=0.3883 surf=0.2152]  val_avg_surf_p=64.6544 *
    val_single_in_dist         loss=2.6015  surf[p=75.2806 Ux=0.9142 Uy=0.3917]  vol[p=83.0992 Ux=3.1947 Uy=1.2703]
    val_geom_camber_rc         loss=1.8579  surf[p=78.0795 Ux=1.4299 Uy=0.5777]  vol[p=83.6756 Ux=3.8696 Uy=1.9043]
    val_geom_camber_cruise     loss=0.4842  surf[p=43.4673 Ux=0.6625 Uy=0.2582]  vol[p=39.2683 Ux=2.0750 Uy=0.7350]
    val_re_rand                loss=1.2835  surf[p=61.7900 Ux=1.0323 Uy=0.4090]  vol[p=60.4919 Ux=2.7806 Uy=1.2291]
Epoch  26 (158s) [52.3GB]  train[vol=0.3752 surf=0.2071]  val_avg_surf_p=62.6495 *
    val_single_in_dist         loss=2.4063  surf[p=72.5959 Ux=0.8423 Uy=0.3829]  vol[p=80.2817 Ux=3.1127 Uy=1.2361]
    val_geom_camber_rc         loss=1.7746  surf[p=76.0555 Ux=1.3543 Uy=0.5667]  vol[p=81.9572 Ux=3.8210 Uy=1.8715]
    val_geom_camber_cruise     loss=0.4604  surf[p=41.9598 Ux=0.6222 Uy=0.2506]  vol[p=38.2896 Ux=2.0388 Uy=0.7200]
    val_re_rand                loss=1.2499  surf[p=59.9868 Ux=0.9731 Uy=0.3986]  vol[p=59.2862 Ux=2.7349 Uy=1.2060]
Epoch  27 (154s) [52.3GB]  train[vol=0.4077 surf=0.2312]  val_avg_surf_p=60.9547 *
    val_single_in_dist         loss=2.3246  surf[p=70.1287 Ux=0.7773 Uy=0.3750]  vol[p=77.8197 Ux=3.0398 Uy=1.2046]
    val_geom_camber_rc         loss=1.6921  surf[p=74.5141 Ux=1.2791 Uy=0.5529]  vol[p=80.2806 Ux=3.7637 Uy=1.8326]
    val_geom_camber_cruise     loss=0.4357  surf[p=40.3809 Ux=0.5391 Uy=0.2429]  vol[p=37.2256 Ux=1.9812 Uy=0.7049]
    val_re_rand                loss=1.2291  surf[p=58.7950 Ux=0.8946 Uy=0.3900]  vol[p=58.3428 Ux=2.6810 Uy=1.1842]
Epoch  28 (158s) [52.3GB]  train[vol=0.3541 surf=0.1953]  val_avg_surf_p=59.2340 *
    val_single_in_dist         loss=2.2181  surf[p=67.6955 Ux=0.7504 Uy=0.3634]  vol[p=75.5764 Ux=2.9787 Uy=1.1761]
    val_geom_camber_rc         loss=1.5915  surf[p=72.2707 Ux=1.2414 Uy=0.5416]  vol[p=78.1371 Ux=3.7085 Uy=1.8014]
    val_geom_camber_cruise     loss=0.4182  surf[p=39.1696 Ux=0.5163 Uy=0.2365]  vol[p=36.3869 Ux=1.9548 Uy=0.6911]
    val_re_rand                loss=1.2188  surf[p=57.8002 Ux=0.8689 Uy=0.3848]  vol[p=57.3366 Ux=2.6481 Uy=1.1667]
Epoch  29 (158s) [52.3GB]  train[vol=0.3604 surf=0.2006]  val_avg_surf_p=57.9317 *
    val_single_in_dist         loss=2.1109  surf[p=65.5425 Ux=0.7326 Uy=0.3532]  vol[p=73.7910 Ux=2.9314 Uy=1.1503]
    val_geom_camber_rc         loss=1.5689  surf[p=71.4013 Ux=1.2057 Uy=0.5322]  vol[p=76.9197 Ux=3.6653 Uy=1.7737]
    val_geom_camber_cruise     loss=0.4031  surf[p=38.1522 Ux=0.4898 Uy=0.2307]  vol[p=35.6400 Ux=1.9168 Uy=0.6777]
    val_re_rand                loss=1.1754  surf[p=56.6310 Ux=0.8316 Uy=0.3770]  vol[p=56.2785 Ux=2.6045 Uy=1.1468]
Epoch  30 (156s) [52.3GB]  train[vol=0.3527 surf=0.1924]  val_avg_surf_p=56.9928 *
    val_single_in_dist         loss=2.0242  surf[p=64.1435 Ux=0.6857 Uy=0.3464]  vol[p=72.5833 Ux=2.8829 Uy=1.1288]
    val_geom_camber_rc         loss=1.5385  surf[p=70.6265 Ux=1.1653 Uy=0.5257]  vol[p=75.8231 Ux=3.6201 Uy=1.7488]
    val_geom_camber_cruise     loss=0.3854  surf[p=37.4703 Ux=0.4500 Uy=0.2272]  vol[p=34.9814 Ux=1.8778 Uy=0.6669]
    val_re_rand                loss=1.1452  surf[p=55.7308 Ux=0.7908 Uy=0.3717]  vol[p=55.3806 Ux=2.5702 Uy=1.1306]
Epoch  31 (158s) [52.3GB]  train[vol=0.3549 surf=0.1952]  val_avg_surf_p=56.1323 *
    val_single_in_dist         loss=2.0106  surf[p=62.9508 Ux=0.6540 Uy=0.3415]  vol[p=71.2534 Ux=2.8373 Uy=1.1077]
    val_geom_camber_rc         loss=1.5173  surf[p=70.0155 Ux=1.1347 Uy=0.5196]  vol[p=75.0704 Ux=3.5818 Uy=1.7253]
    val_geom_camber_cruise     loss=0.3724  surf[p=36.6898 Ux=0.4314 Uy=0.2234]  vol[p=34.4365 Ux=1.8502 Uy=0.6574]
    val_re_rand                loss=1.1276  surf[p=54.8729 Ux=0.7643 Uy=0.3664]  vol[p=54.5881 Ux=2.5392 Uy=1.1145]
Epoch  32 (158s) [52.3GB]  train[vol=0.3402 surf=0.1842]  val_avg_surf_p=55.1209 *
    val_single_in_dist         loss=1.9101  surf[p=60.9806 Ux=0.6340 Uy=0.3365]  vol[p=69.5594 Ux=2.7959 Uy=1.0874]
    val_geom_camber_rc         loss=1.4620  surf[p=69.1835 Ux=1.1056 Uy=0.5138]  vol[p=74.2034 Ux=3.5467 Uy=1.7021]
    val_geom_camber_cruise     loss=0.3631  surf[p=35.8947 Ux=0.4158 Uy=0.2197]  vol[p=33.9185 Ux=1.8239 Uy=0.6487]
    val_re_rand                loss=1.1262  surf[p=54.4250 Ux=0.7477 Uy=0.3638]  vol[p=54.0201 Ux=2.5141 Uy=1.1023]
Epoch  33 (157s) [52.3GB]  train[vol=0.3524 surf=0.1953]  val_avg_surf_p=54.4532 *
    val_single_in_dist         loss=1.8083  surf[p=60.1886 Ux=0.6195 Uy=0.3349]  vol[p=68.7410 Ux=2.7642 Uy=1.0696]
    val_geom_camber_rc         loss=1.3416  surf[p=68.0827 Ux=1.0861 Uy=0.5067]  vol[p=72.9047 Ux=3.5109 Uy=1.6749]
    val_geom_camber_cruise     loss=0.3551  surf[p=35.3557 Ux=0.4262 Uy=0.2184]  vol[p=33.5058 Ux=1.8154 Uy=0.6435]
    val_re_rand                loss=1.1391  surf[p=54.1857 Ux=0.7468 Uy=0.3603]  vol[p=53.7076 Ux=2.4987 Uy=1.0904]
Epoch  34 (158s) [52.3GB]  train[vol=0.3236 surf=0.1701]  val_avg_surf_p=53.7196 *
    val_single_in_dist         loss=1.7970  surf[p=59.5902 Ux=0.6216 Uy=0.3333]  vol[p=67.9813 Ux=2.7350 Uy=1.0508]
    val_geom_camber_rc         loss=1.2912  surf[p=66.7524 Ux=1.0752 Uy=0.4990]  vol[p=71.4166 Ux=3.4741 Uy=1.6518]
    val_geom_camber_cruise     loss=0.3451  surf[p=34.8046 Ux=0.4457 Uy=0.2163]  vol[p=32.9909 Ux=1.8009 Uy=0.6374]
    val_re_rand                loss=1.1315  surf[p=53.7313 Ux=0.7574 Uy=0.3575]  vol[p=53.1744 Ux=2.4802 Uy=1.0796]
Epoch  35 (158s) [52.3GB]  train[vol=0.3229 surf=0.1764]  val_avg_surf_p=52.9561 *
    val_single_in_dist         loss=1.8007  surf[p=58.5675 Ux=0.6515 Uy=0.3301]  vol[p=66.6226 Ux=2.7148 Uy=1.0395]
    val_geom_camber_rc         loss=1.2465  surf[p=65.5227 Ux=1.0770 Uy=0.4925]  vol[p=69.7272 Ux=3.4348 Uy=1.6281]
    val_geom_camber_cruise     loss=0.3368  surf[p=34.3343 Ux=0.4753 Uy=0.2143]  vol[p=32.5883 Ux=1.7890 Uy=0.6312]
    val_re_rand                loss=1.1391  surf[p=53.4000 Ux=0.7756 Uy=0.3541]  vol[p=52.7011 Ux=2.4620 Uy=1.0687]
Epoch  36 (158s) [52.3GB]  train[vol=0.3446 surf=0.1902]  val_avg_surf_p=52.1813 *
    val_single_in_dist         loss=1.7981  surf[p=57.9850 Ux=0.6294 Uy=0.3265]  vol[p=66.0140 Ux=2.6956 Uy=1.0282]
    val_geom_camber_rc         loss=1.2200  surf[p=64.5498 Ux=1.0447 Uy=0.4863]  vol[p=68.6164 Ux=3.3959 Uy=1.6089]
    val_geom_camber_cruise     loss=0.3284  surf[p=33.6368 Ux=0.4458 Uy=0.2116]  vol[p=32.1597 Ux=1.7654 Uy=0.6234]
    val_re_rand                loss=1.1106  surf[p=52.5535 Ux=0.7459 Uy=0.3502]  vol[p=51.9765 Ux=2.4345 Uy=1.0560]
Epoch  37 (159s) [52.3GB]  train[vol=0.3400 surf=0.1854]  val_avg_surf_p=51.4963 *
    val_single_in_dist         loss=1.8492  surf[p=57.3743 Ux=0.6434 Uy=0.3212]  vol[p=65.5868 Ux=2.6761 Uy=1.0102]
    val_geom_camber_rc         loss=1.1950  surf[p=63.7421 Ux=1.0321 Uy=0.4806]  vol[p=67.8137 Ux=3.3632 Uy=1.5874]
    val_geom_camber_cruise     loss=0.3229  surf[p=33.1074 Ux=0.4416 Uy=0.2104]  vol[p=31.7294 Ux=1.7460 Uy=0.6174]
    val_re_rand                loss=1.0859  surf[p=51.7615 Ux=0.7397 Uy=0.3465]  vol[p=51.3759 Ux=2.4177 Uy=1.0430]
Epoch  38 (159s) [52.3GB]  train[vol=0.3348 surf=0.1822]  val_avg_surf_p=50.9526 *
    val_single_in_dist         loss=1.8633  surf[p=57.0287 Ux=0.5849 Uy=0.3182]  vol[p=65.2706 Ux=2.6451 Uy=1.0007]
    val_geom_camber_rc         loss=1.1583  surf[p=62.7482 Ux=0.9860 Uy=0.4751]  vol[p=67.1231 Ux=3.3370 Uy=1.5661]
    val_geom_camber_cruise     loss=0.3189  surf[p=32.8035 Ux=0.3858 Uy=0.2083]  vol[p=31.3380 Ux=1.7215 Uy=0.6129]
    val_re_rand                loss=1.0714  surf[p=51.2299 Ux=0.6896 Uy=0.3430]  vol[p=51.0375 Ux=2.3950 Uy=1.0314]
Epoch  39 (160s) [52.3GB]  train[vol=0.3101 surf=0.1678]  val_avg_surf_p=50.2316 *
    val_single_in_dist         loss=1.8682  surf[p=56.1125 Ux=0.5729 Uy=0.3149]  vol[p=64.1660 Ux=2.6130 Uy=0.9894]
    val_geom_camber_rc         loss=1.1160  surf[p=61.8056 Ux=0.9676 Uy=0.4717]  vol[p=66.4690 Ux=3.3161 Uy=1.5511]
    val_geom_camber_cruise     loss=0.3105  surf[p=32.2917 Ux=0.3805 Uy=0.2065]  vol[p=30.9111 Ux=1.7038 Uy=0.6042]
    val_re_rand                loss=1.0643  surf[p=50.7168 Ux=0.6815 Uy=0.3410]  vol[p=50.5858 Ux=2.3769 Uy=1.0212]
Epoch  40 (156s) [52.3GB]  train[vol=0.3154 surf=0.1670]  val_avg_surf_p=49.5155 *
    val_single_in_dist         loss=1.8411  surf[p=55.2393 Ux=0.5481 Uy=0.3113]  vol[p=63.2926 Ux=2.5825 Uy=0.9816]
    val_geom_camber_rc         loss=1.0790  surf[p=60.8286 Ux=0.9472 Uy=0.4661]  vol[p=65.3477 Ux=3.2880 Uy=1.5367]
    val_geom_camber_cruise     loss=0.3035  surf[p=31.7901 Ux=0.3587 Uy=0.2038]  vol[p=30.6564 Ux=1.6902 Uy=0.5984]
    val_re_rand                loss=1.0511  surf[p=50.2040 Ux=0.6578 Uy=0.3375]  vol[p=50.0548 Ux=2.3572 Uy=1.0122]
Epoch  41 (156s) [52.3GB]  train[vol=0.3076 surf=0.1611]  val_avg_surf_p=48.7613 *
    val_single_in_dist         loss=1.8082  surf[p=53.9570 Ux=0.5464 Uy=0.3093]  vol[p=61.9360 Ux=2.5548 Uy=0.9693]
    val_geom_camber_rc         loss=1.0577  surf[p=60.2184 Ux=0.9344 Uy=0.4614]  vol[p=64.6033 Ux=3.2542 Uy=1.5164]
    val_geom_camber_cruise     loss=0.2984  surf[p=31.2806 Ux=0.3553 Uy=0.2019]  vol[p=30.4567 Ux=1.6792 Uy=0.5948]
    val_re_rand                loss=1.0416  surf[p=49.5891 Ux=0.6488 Uy=0.3346]  vol[p=49.6425 Ux=2.3375 Uy=1.0033]
Epoch  42 (157s) [52.3GB]  train[vol=0.3005 surf=0.1601]  val_avg_surf_p=48.4084 *
    val_single_in_dist         loss=1.8431  surf[p=53.6007 Ux=0.5471 Uy=0.3082]  vol[p=61.3265 Ux=2.5407 Uy=0.9569]
    val_geom_camber_rc         loss=1.0720  surf[p=60.0799 Ux=0.9218 Uy=0.4568]  vol[p=64.4670 Ux=3.2297 Uy=1.5057]
    val_geom_camber_cruise     loss=0.2972  surf[p=31.0708 Ux=0.3695 Uy=0.2010]  vol[p=30.1455 Ux=1.6779 Uy=0.5924]
    val_re_rand                loss=0.9906  surf[p=48.8820 Ux=0.6455 Uy=0.3308]  vol[p=48.8771 Ux=2.3153 Uy=0.9933]
Epoch  43 (155s) [52.3GB]  train[vol=0.3226 surf=0.1757]  val_avg_surf_p=47.8725 *
    val_single_in_dist         loss=1.8490  surf[p=53.0343 Ux=0.5408 Uy=0.3090]  vol[p=61.0018 Ux=2.5190 Uy=0.9493]
    val_geom_camber_rc         loss=1.0314  surf[p=59.1600 Ux=0.9134 Uy=0.4516]  vol[p=63.7119 Ux=3.1986 Uy=1.4899]
    val_geom_camber_cruise     loss=0.2949  surf[p=30.6334 Ux=0.3631 Uy=0.1997]  vol[p=29.8934 Ux=1.6593 Uy=0.5882]
    val_re_rand                loss=0.9862  surf[p=48.6626 Ux=0.6405 Uy=0.3296]  vol[p=48.8560 Ux=2.2967 Uy=0.9878]
Epoch  44 (154s) [52.3GB]  train[vol=0.3055 surf=0.1592]  val_avg_surf_p=47.2992 *
    val_single_in_dist         loss=1.8055  surf[p=52.1571 Ux=0.5319 Uy=0.3040]  vol[p=60.0961 Ux=2.4914 Uy=0.9372]
    val_geom_camber_rc         loss=0.9894  surf[p=58.3806 Ux=0.9010 Uy=0.4460]  vol[p=62.8001 Ux=3.1659 Uy=1.4745]
    val_geom_camber_cruise     loss=0.2874  surf[p=30.2375 Ux=0.3387 Uy=0.1978]  vol[p=29.6661 Ux=1.6360 Uy=0.5828]
    val_re_rand                loss=0.9957  surf[p=48.4218 Ux=0.6252 Uy=0.3293]  vol[p=48.5719 Ux=2.2791 Uy=0.9830]
Epoch  45 (157s) [52.3GB]  train[vol=0.3088 surf=0.1636]  val_avg_surf_p=46.6132 *
    val_single_in_dist         loss=1.7477  surf[p=50.9052 Ux=0.5269 Uy=0.2990]  vol[p=59.2117 Ux=2.4698 Uy=0.9258]
    val_geom_camber_rc         loss=0.9535  surf[p=57.7239 Ux=0.8914 Uy=0.4430]  vol[p=61.9598 Ux=3.1415 Uy=1.4630]
    val_geom_camber_cruise     loss=0.2809  surf[p=29.8242 Ux=0.3355 Uy=0.1965]  vol[p=29.5258 Ux=1.6323 Uy=0.5792]
    val_re_rand                loss=0.9982  surf[p=47.9994 Ux=0.6154 Uy=0.3264]  vol[p=48.2760 Ux=2.2667 Uy=0.9781]
Epoch  46 (159s) [52.3GB]  train[vol=0.3036 surf=0.1624]  val_avg_surf_p=46.1546 *
    val_single_in_dist         loss=1.6860  surf[p=49.9575 Ux=0.5237 Uy=0.2953]  vol[p=58.3963 Ux=2.4577 Uy=0.9125]
    val_geom_camber_rc         loss=0.9415  surf[p=57.4072 Ux=0.8780 Uy=0.4401]  vol[p=61.5987 Ux=3.1220 Uy=1.4525]
    val_geom_camber_cruise     loss=0.2796  surf[p=29.8213 Ux=0.3414 Uy=0.1960]  vol[p=29.4679 Ux=1.6327 Uy=0.5786]
    val_re_rand                loss=0.9820  surf[p=47.4324 Ux=0.6088 Uy=0.3233]  vol[p=48.0160 Ux=2.2569 Uy=0.9726]
Epoch  47 (162s) [52.3GB]  train[vol=0.2737 surf=0.1400]  val_avg_surf_p=45.7238 *
    val_single_in_dist         loss=1.6170  surf[p=49.6860 Ux=0.5136 Uy=0.2943]  vol[p=58.1074 Ux=2.4398 Uy=0.9061]
    val_geom_camber_rc         loss=0.9286  surf[p=57.0348 Ux=0.8651 Uy=0.4387]  vol[p=61.0144 Ux=3.1012 Uy=1.4439]
    val_geom_camber_cruise     loss=0.2774  surf[p=29.4351 Ux=0.3335 Uy=0.1949]  vol[p=29.0928 Ux=1.6128 Uy=0.5750]
    val_re_rand                loss=0.9671  surf[p=46.7392 Ux=0.6002 Uy=0.3202]  vol[p=47.4440 Ux=2.2401 Uy=0.9638]
Epoch  48 (159s) [52.3GB]  train[vol=0.2907 surf=0.1501]  val_avg_surf_p=45.3407 *
    val_single_in_dist         loss=1.5427  surf[p=49.1259 Ux=0.5110 Uy=0.2920]  vol[p=57.1542 Ux=2.4238 Uy=0.8988]
    val_geom_camber_rc         loss=0.9153  surf[p=56.4321 Ux=0.8595 Uy=0.4339]  vol[p=60.6615 Ux=3.0870 Uy=1.4333]
    val_geom_camber_cruise     loss=0.2724  surf[p=29.0744 Ux=0.3345 Uy=0.1935]  vol[p=28.8724 Ux=1.6024 Uy=0.5720]
    val_re_rand                loss=0.9571  surf[p=46.7306 Ux=0.6020 Uy=0.3193]  vol[p=47.3136 Ux=2.2257 Uy=0.9572]
Epoch  49 (158s) [52.3GB]  train[vol=0.2947 surf=0.1550]  val_avg_surf_p=44.9660 *
    val_single_in_dist         loss=1.5570  surf[p=48.8099 Ux=0.5098 Uy=0.2894]  vol[p=56.6499 Ux=2.4102 Uy=0.8922]
    val_geom_camber_rc         loss=0.9118  surf[p=56.2128 Ux=0.8446 Uy=0.4331]  vol[p=60.4129 Ux=3.0741 Uy=1.4277]
    val_geom_camber_cruise     loss=0.2657  surf[p=28.6252 Ux=0.3338 Uy=0.1915]  vol[p=28.4804 Ux=1.5919 Uy=0.5666]
    val_re_rand                loss=0.9354  surf[p=46.2159 Ux=0.5916 Uy=0.3164]  vol[p=46.7945 Ux=2.2112 Uy=0.9501]
Epoch  50 (157s) [52.3GB]  train[vol=0.2966 surf=0.1544]  val_avg_surf_p=44.8182 *
    val_single_in_dist         loss=1.6368  surf[p=49.6853 Ux=0.5099 Uy=0.2893]  vol[p=56.5873 Ux=2.4007 Uy=0.8862]
    val_geom_camber_rc         loss=0.8942  surf[p=55.7557 Ux=0.8360 Uy=0.4304]  vol[p=60.1629 Ux=3.0571 Uy=1.4167]
    val_geom_camber_cruise     loss=0.2597  surf[p=28.2940 Ux=0.3295 Uy=0.1900]  vol[p=28.3179 Ux=1.5773 Uy=0.5633]
    val_re_rand                loss=0.9216  surf[p=45.5379 Ux=0.5831 Uy=0.3131]  vol[p=46.2431 Ux=2.1939 Uy=0.9425]
Epoch  51 (160s) [52.3GB]  train[vol=0.2853 surf=0.1457]  val_avg_surf_p=44.3721 *
    val_single_in_dist         loss=1.6638  surf[p=48.9791 Ux=0.5098 Uy=0.2875]  vol[p=55.9132 Ux=2.3867 Uy=0.8783]
    val_geom_camber_rc         loss=0.8651  surf[p=55.3592 Ux=0.8255 Uy=0.4255]  vol[p=59.8541 Ux=3.0351 Uy=1.4064]
    val_geom_camber_cruise     loss=0.2541  surf[p=28.0517 Ux=0.3368 Uy=0.1890]  vol[p=28.1259 Ux=1.5755 Uy=0.5604]
    val_re_rand                loss=0.9036  surf[p=45.0984 Ux=0.5779 Uy=0.3107]  vol[p=45.9110 Ux=2.1842 Uy=0.9379]
Epoch  52 (160s) [52.3GB]  train[vol=0.2610 surf=0.1313]  val_avg_surf_p=44.1677 *
    val_single_in_dist         loss=1.6325  surf[p=49.1564 Ux=0.5039 Uy=0.2869]  vol[p=55.4608 Ux=2.3662 Uy=0.8712]
    val_geom_camber_rc         loss=0.8462  surf[p=54.7723 Ux=0.8176 Uy=0.4214]  vol[p=59.2499 Ux=3.0153 Uy=1.3963]
    val_geom_camber_cruise     loss=0.2488  surf[p=27.8560 Ux=0.3344 Uy=0.1879]  vol[p=27.8880 Ux=1.5690 Uy=0.5566]
    val_re_rand                loss=0.9118  surf[p=44.8861 Ux=0.5756 Uy=0.3094]  vol[p=45.6076 Ux=2.1780 Uy=0.9334]
Epoch  53 (159s) [52.3GB]  train[vol=0.2828 surf=0.1470]  val_avg_surf_p=43.8216 *
    val_single_in_dist         loss=1.6340  surf[p=49.0069 Ux=0.5023 Uy=0.2851]  vol[p=55.0583 Ux=2.3598 Uy=0.8661]
    val_geom_camber_rc         loss=0.8178  surf[p=53.9546 Ux=0.8130 Uy=0.4170]  vol[p=58.4801 Ux=2.9992 Uy=1.3860]
    val_geom_camber_cruise     loss=0.2450  surf[p=27.5585 Ux=0.3412 Uy=0.1863]  vol[p=27.6734 Ux=1.5686 Uy=0.5502]
    val_re_rand                loss=0.9447  surf[p=44.7666 Ux=0.5743 Uy=0.3082]  vol[p=45.4852 Ux=2.1736 Uy=0.9292]
Epoch  54 (158s) [52.3GB]  train[vol=0.2724 surf=0.1390]  val_avg_surf_p=43.4686 *
    val_single_in_dist         loss=1.6045  surf[p=48.5074 Ux=0.4985 Uy=0.2841]  vol[p=54.6785 Ux=2.3521 Uy=0.8624]
    val_geom_camber_rc         loss=0.8189  surf[p=53.6951 Ux=0.8028 Uy=0.4161]  vol[p=58.0901 Ux=2.9868 Uy=1.3812]
    val_geom_camber_cruise     loss=0.2428  surf[p=27.2500 Ux=0.3339 Uy=0.1844]  vol[p=27.4201 Ux=1.5541 Uy=0.5445]
    val_re_rand                loss=0.9095  surf[p=44.4221 Ux=0.5649 Uy=0.3061]  vol[p=45.1906 Ux=2.1557 Uy=0.9235]
Epoch  55 (156s) [52.3GB]  train[vol=0.2872 surf=0.1482]  val_avg_surf_p=43.0812 *
    val_single_in_dist         loss=1.5319  surf[p=47.7199 Ux=0.4805 Uy=0.2801]  vol[p=54.0872 Ux=2.3309 Uy=0.8576]
    val_geom_camber_rc         loss=0.8318  surf[p=53.6099 Ux=0.7953 Uy=0.4144]  vol[p=58.0361 Ux=2.9773 Uy=1.3765]
    val_geom_camber_cruise     loss=0.2359  surf[p=26.9075 Ux=0.3264 Uy=0.1838]  vol[p=27.1455 Ux=1.5433 Uy=0.5409]
    val_re_rand                loss=0.8673  surf[p=44.0875 Ux=0.5611 Uy=0.3034]  vol[p=44.8875 Ux=2.1427 Uy=0.9158]
Epoch  56 (157s) [52.3GB]  train[vol=0.2647 surf=0.1327]  val_avg_surf_p=42.6166 *
    val_single_in_dist         loss=1.4590  surf[p=46.3592 Ux=0.4761 Uy=0.2775]  vol[p=53.2471 Ux=2.3104 Uy=0.8513]
    val_geom_camber_rc         loss=0.8209  surf[p=53.5592 Ux=0.7902 Uy=0.4114]  vol[p=57.8308 Ux=2.9705 Uy=1.3711]
    val_geom_camber_cruise     loss=0.2301  surf[p=26.4944 Ux=0.3223 Uy=0.1827]  vol[p=26.9172 Ux=1.5333 Uy=0.5377]
    val_re_rand                loss=0.8637  surf[p=44.0536 Ux=0.5611 Uy=0.3028]  vol[p=44.8532 Ux=2.1387 Uy=0.9124]
Epoch  57 (159s) [52.3GB]  train[vol=0.2767 surf=0.1405]  val_avg_surf_p=42.0557 *
    val_single_in_dist         loss=1.3752  surf[p=44.9666 Ux=0.4728 Uy=0.2741]  vol[p=52.0873 Ux=2.2904 Uy=0.8410]
    val_geom_camber_rc         loss=0.8222  surf[p=53.4801 Ux=0.7835 Uy=0.4105]  vol[p=57.6434 Ux=2.9567 Uy=1.3675]
    val_geom_camber_cruise     loss=0.2278  surf[p=26.3262 Ux=0.3245 Uy=0.1826]  vol[p=26.7703 Ux=1.5264 Uy=0.5342]
    val_re_rand                loss=0.8439  surf[p=43.4501 Ux=0.5557 Uy=0.3004]  vol[p=44.2702 Ux=2.1247 Uy=0.9066]
Epoch  58 (157s) [52.3GB]  train[vol=0.2782 surf=0.1429]  val_avg_surf_p=41.4228 *
    val_single_in_dist         loss=1.3337  surf[p=43.7318 Ux=0.4741 Uy=0.2705]  vol[p=51.4328 Ux=2.2846 Uy=0.8306]
    val_geom_camber_rc         loss=0.8018  surf[p=52.5921 Ux=0.7760 Uy=0.4079]  vol[p=57.2738 Ux=2.9372 Uy=1.3600]
    val_geom_camber_cruise     loss=0.2240  surf[p=26.0240 Ux=0.3284 Uy=0.1820]  vol[p=26.7707 Ux=1.5261 Uy=0.5327]
    val_re_rand                loss=0.8507  surf[p=43.3431 Ux=0.5587 Uy=0.3000]  vol[p=44.3413 Ux=2.1225 Uy=0.9024]
Epoch  59 (156s) [52.3GB]  train[vol=0.2730 surf=0.1383]  val_avg_surf_p=41.4326
    val_single_in_dist         loss=1.3616  surf[p=44.1526 Ux=0.4698 Uy=0.2694]  vol[p=51.5137 Ux=2.2737 Uy=0.8236]
    val_geom_camber_rc         loss=0.7855  surf[p=52.3927 Ux=0.7693 Uy=0.4061]  vol[p=56.9975 Ux=2.9257 Uy=1.3504]
    val_geom_camber_cruise     loss=0.2220  surf[p=25.7608 Ux=0.3266 Uy=0.1811]  vol[p=26.7330 Ux=1.5234 Uy=0.5328]
    val_re_rand                loss=0.8568  surf[p=43.4245 Ux=0.5556 Uy=0.2993]  vol[p=44.5008 Ux=2.1203 Uy=0.8999]
Epoch  60 (157s) [52.3GB]  train[vol=0.2666 surf=0.1332]  val_avg_surf_p=41.1906 *
    val_single_in_dist         loss=1.3669  surf[p=43.9449 Ux=0.4712 Uy=0.2680]  vol[p=50.9829 Ux=2.2606 Uy=0.8179]
    val_geom_camber_rc         loss=0.7789  surf[p=52.2413 Ux=0.7692 Uy=0.4059]  vol[p=56.7901 Ux=2.9194 Uy=1.3440]
    val_geom_camber_cruise     loss=0.2227  surf[p=25.6024 Ux=0.3262 Uy=0.1795]  vol[p=26.6036 Ux=1.5142 Uy=0.5307]
    val_re_rand                loss=0.8500  surf[p=42.9736 Ux=0.5535 Uy=0.2985]  vol[p=44.1454 Ux=2.1090 Uy=0.8967]
Epoch  61 (159s) [52.3GB]  train[vol=0.2641 surf=0.1338]  val_avg_surf_p=40.8672 *
    val_single_in_dist         loss=1.2135  surf[p=42.9977 Ux=0.4602 Uy=0.2646]  vol[p=50.1611 Ux=2.2391 Uy=0.8094]
    val_geom_camber_rc         loss=0.7673  surf[p=52.0159 Ux=0.7646 Uy=0.4043]  vol[p=56.5209 Ux=2.9084 Uy=1.3369]
    val_geom_camber_cruise     loss=0.2237  surf[p=25.5812 Ux=0.3214 Uy=0.1788]  vol[p=26.5107 Ux=1.5050 Uy=0.5294]
    val_re_rand                loss=0.8469  surf[p=42.8740 Ux=0.5557 Uy=0.2983]  vol[p=43.9644 Ux=2.1030 Uy=0.8942]
Epoch  62 (159s) [52.3GB]  train[vol=0.2546 surf=0.1279]  val_avg_surf_p=40.7667 *
    val_single_in_dist         loss=1.2631  surf[p=43.2878 Ux=0.4557 Uy=0.2632]  vol[p=49.9268 Ux=2.2215 Uy=0.8058]
    val_geom_camber_rc         loss=0.7654  surf[p=52.1116 Ux=0.7639 Uy=0.4029]  vol[p=56.4516 Ux=2.9016 Uy=1.3344]
    val_geom_camber_cruise     loss=0.2184  surf[p=25.2525 Ux=0.3151 Uy=0.1786]  vol[p=26.2819 Ux=1.4984 Uy=0.5265]
    val_re_rand                loss=0.8159  surf[p=42.4148 Ux=0.5482 Uy=0.2970]  vol[p=43.4830 Ux=2.0948 Uy=0.8897]
Epoch  63 (158s) [52.3GB]  train[vol=0.2587 surf=0.1283]  val_avg_surf_p=40.4006 *
    val_single_in_dist         loss=1.2845  surf[p=43.0523 Ux=0.4548 Uy=0.2606]  vol[p=49.1626 Ux=2.2106 Uy=0.8002]
    val_geom_camber_rc         loss=0.7559  surf[p=51.7665 Ux=0.7577 Uy=0.4008]  vol[p=56.1783 Ux=2.8873 Uy=1.3251]
    val_geom_camber_cruise     loss=0.2121  surf[p=24.8275 Ux=0.3133 Uy=0.1772]  vol[p=26.0392 Ux=1.4896 Uy=0.5234]
    val_re_rand                loss=0.8065  surf[p=41.9560 Ux=0.5448 Uy=0.2955]  vol[p=43.1891 Ux=2.0851 Uy=0.8839]
Epoch  64 (158s) [52.3GB]  train[vol=0.2628 surf=0.1333]  val_avg_surf_p=40.2371 *
    val_single_in_dist         loss=1.2306  surf[p=42.8296 Ux=0.4560 Uy=0.2588]  vol[p=49.1280 Ux=2.2097 Uy=0.7976]
    val_geom_camber_rc         loss=0.7448  surf[p=51.5492 Ux=0.7522 Uy=0.3995]  vol[p=55.9441 Ux=2.8744 Uy=1.3183]
    val_geom_camber_cruise     loss=0.2085  surf[p=24.5136 Ux=0.3149 Uy=0.1762]  vol[p=25.7802 Ux=1.4873 Uy=0.5222]
    val_re_rand                loss=0.8207  surf[p=42.0562 Ux=0.5421 Uy=0.2945]  vol[p=43.2584 Ux=2.0776 Uy=0.8816]
Epoch  65 (159s) [52.3GB]  train[vol=0.2509 surf=0.1250]  val_avg_surf_p=40.2562
    val_single_in_dist         loss=1.3030  surf[p=42.7361 Ux=0.4554 Uy=0.2601]  vol[p=48.9847 Ux=2.1998 Uy=0.7977]
    val_geom_camber_rc         loss=0.7440  surf[p=51.7008 Ux=0.7507 Uy=0.3987]  vol[p=55.9430 Ux=2.8640 Uy=1.3158]
    val_geom_camber_cruise     loss=0.2047  surf[p=24.2295 Ux=0.3131 Uy=0.1751]  vol[p=25.6113 Ux=1.4790 Uy=0.5203]
    val_re_rand                loss=0.8304  surf[p=42.3582 Ux=0.5435 Uy=0.2948]  vol[p=43.3171 Ux=2.0727 Uy=0.8797]
Epoch  66 (159s) [52.3GB]  train[vol=0.2491 surf=0.1216]  val_avg_surf_p=40.1052 *
    val_single_in_dist         loss=1.3143  surf[p=42.5943 Ux=0.4527 Uy=0.2582]  vol[p=48.4785 Ux=2.1913 Uy=0.7934]
    val_geom_camber_rc         loss=0.7369  surf[p=51.4361 Ux=0.7451 Uy=0.3966]  vol[p=55.5078 Ux=2.8495 Uy=1.3098]
    val_geom_camber_cruise     loss=0.2020  surf[p=23.9893 Ux=0.3087 Uy=0.1735]  vol[p=25.4503 Ux=1.4669 Uy=0.5171]
    val_re_rand                loss=0.8591  surf[p=42.4011 Ux=0.5412 Uy=0.2936]  vol[p=43.1800 Ux=2.0667 Uy=0.8764]
Epoch  67 (159s) [52.3GB]  train[vol=0.2523 surf=0.1233]  val_avg_surf_p=39.7135 *
    val_single_in_dist         loss=1.2079  surf[p=41.7990 Ux=0.4477 Uy=0.2540]  vol[p=48.0713 Ux=2.1777 Uy=0.7888]
    val_geom_camber_rc         loss=0.7382  surf[p=51.2292 Ux=0.7417 Uy=0.3970]  vol[p=55.3433 Ux=2.8465 Uy=1.3066]
    val_geom_camber_cruise     loss=0.1999  surf[p=23.7899 Ux=0.3048 Uy=0.1728]  vol[p=25.1753 Ux=1.4601 Uy=0.5132]
    val_re_rand                loss=0.8565  surf[p=42.0358 Ux=0.5358 Uy=0.2920]  vol[p=42.7926 Ux=2.0545 Uy=0.8720]
Epoch  68 (160s) [52.3GB]  train[vol=0.2500 surf=0.1228]  val_avg_surf_p=39.5594 *
    val_single_in_dist         loss=1.2019  surf[p=41.9159 Ux=0.4484 Uy=0.2542]  vol[p=48.3017 Ux=2.1716 Uy=0.7848]
    val_geom_camber_rc         loss=0.7359  surf[p=50.8325 Ux=0.7384 Uy=0.3965]  vol[p=55.2265 Ux=2.8359 Uy=1.3046]
    val_geom_camber_cruise     loss=0.2009  surf[p=23.7847 Ux=0.3061 Uy=0.1721]  vol[p=25.1397 Ux=1.4580 Uy=0.5111]
    val_re_rand                loss=0.8630  surf[p=41.7044 Ux=0.5355 Uy=0.2915]  vol[p=42.5341 Ux=2.0481 Uy=0.8696]
Epoch  69 (158s) [52.3GB]  train[vol=0.2617 surf=0.1351]  val_avg_surf_p=39.4271 *
    val_single_in_dist         loss=1.2851  surf[p=42.1207 Ux=0.4387 Uy=0.2556]  vol[p=48.5943 Ux=2.1549 Uy=0.7826]
    val_geom_camber_rc         loss=0.7220  surf[p=50.3106 Ux=0.7355 Uy=0.3945]  vol[p=54.5668 Ux=2.8228 Uy=1.2975]
    val_geom_camber_cruise     loss=0.1977  surf[p=23.6157 Ux=0.3006 Uy=0.1717]  vol[p=24.9381 Ux=1.4505 Uy=0.5083]
    val_re_rand                loss=0.9036  surf[p=41.6613 Ux=0.5339 Uy=0.2916]  vol[p=42.4407 Ux=2.0438 Uy=0.8676]
Epoch  70 (158s) [52.3GB]  train[vol=0.2473 surf=0.1206]  val_avg_surf_p=39.1272 *
    val_single_in_dist         loss=1.2625  surf[p=41.5890 Ux=0.4295 Uy=0.2536]  vol[p=48.3325 Ux=2.1434 Uy=0.7784]
    val_geom_camber_rc         loss=0.7221  surf[p=50.0348 Ux=0.7304 Uy=0.3932]  vol[p=54.1403 Ux=2.8137 Uy=1.2926]
    val_geom_camber_cruise     loss=0.1975  surf[p=23.4641 Ux=0.2957 Uy=0.1705]  vol[p=24.8739 Ux=1.4443 Uy=0.5073]
    val_re_rand                loss=0.9322  surf[p=41.4210 Ux=0.5314 Uy=0.2907]  vol[p=42.3051 Ux=2.0354 Uy=0.8646]
Epoch  71 (159s) [52.3GB]  train[vol=0.2397 surf=0.1166]  val_avg_surf_p=38.8983 *
    val_single_in_dist         loss=1.2740  surf[p=41.5459 Ux=0.4293 Uy=0.2517]  vol[p=48.1602 Ux=2.1389 Uy=0.7757]
    val_geom_camber_rc         loss=0.7138  surf[p=49.8030 Ux=0.7286 Uy=0.3905]  vol[p=53.8839 Ux=2.8068 Uy=1.2891]
    val_geom_camber_cruise     loss=0.1956  surf[p=23.3273 Ux=0.2956 Uy=0.1702]  vol[p=24.7821 Ux=1.4424 Uy=0.5063]
    val_re_rand                loss=0.9169  surf[p=40.9171 Ux=0.5246 Uy=0.2877]  vol[p=41.8340 Ux=2.0267 Uy=0.8603]
Epoch  72 (157s) [52.3GB]  train[vol=0.2499 surf=0.1225]  val_avg_surf_p=38.7468 *
    val_single_in_dist         loss=1.3169  surf[p=41.4506 Ux=0.4284 Uy=0.2504]  vol[p=47.9741 Ux=2.1339 Uy=0.7712]
    val_geom_camber_rc         loss=0.7051  surf[p=49.7146 Ux=0.7228 Uy=0.3891]  vol[p=53.8985 Ux=2.7973 Uy=1.2837]
    val_geom_camber_cruise     loss=0.1945  surf[p=23.0022 Ux=0.2929 Uy=0.1692]  vol[p=24.4958 Ux=1.4370 Uy=0.5048]
    val_re_rand                loss=0.8771  surf[p=40.8200 Ux=0.5227 Uy=0.2868]  vol[p=41.8161 Ux=2.0228 Uy=0.8568]
Epoch  73 (158s) [52.3GB]  train[vol=0.2381 surf=0.1123]  val_avg_surf_p=38.5037 *
    val_single_in_dist         loss=1.2675  surf[p=40.7564 Ux=0.4320 Uy=0.2484]  vol[p=47.6095 Ux=2.1295 Uy=0.7673]
    val_geom_camber_rc         loss=0.7030  surf[p=49.6193 Ux=0.7240 Uy=0.3881]  vol[p=53.9914 Ux=2.7951 Uy=1.2817]
    val_geom_camber_cruise     loss=0.1941  surf[p=22.8787 Ux=0.2928 Uy=0.1680]  vol[p=24.4539 Ux=1.4316 Uy=0.5026]
    val_re_rand                loss=0.8645  surf[p=40.7603 Ux=0.5220 Uy=0.2850]  vol[p=41.7685 Ux=2.0153 Uy=0.8527]
Epoch  74 (157s) [52.3GB]  train[vol=0.2364 surf=0.1124]  val_avg_surf_p=38.3651 *
    val_single_in_dist         loss=1.2544  surf[p=40.6720 Ux=0.4283 Uy=0.2472]  vol[p=47.3108 Ux=2.1164 Uy=0.7611]
    val_geom_camber_rc         loss=0.6981  surf[p=49.5044 Ux=0.7238 Uy=0.3870]  vol[p=53.8080 Ux=2.7900 Uy=1.2754]
    val_geom_camber_cruise     loss=0.1919  surf[p=22.7007 Ux=0.2865 Uy=0.1676]  vol[p=24.3485 Ux=1.4226 Uy=0.5007]
    val_re_rand                loss=0.8615  surf[p=40.5835 Ux=0.5181 Uy=0.2833]  vol[p=41.5906 Ux=2.0070 Uy=0.8493]
Epoch  75 (159s) [52.3GB]  train[vol=0.2338 surf=0.1109]  val_avg_surf_p=38.4608
    val_single_in_dist         loss=1.2881  surf[p=40.9462 Ux=0.4378 Uy=0.2485]  vol[p=47.5282 Ux=2.1159 Uy=0.7586]
    val_geom_camber_rc         loss=0.7091  surf[p=49.8978 Ux=0.7205 Uy=0.3856]  vol[p=54.1592 Ux=2.7856 Uy=1.2700]
    val_geom_camber_cruise     loss=0.1908  surf[p=22.6135 Ux=0.2907 Uy=0.1672]  vol[p=24.2862 Ux=1.4250 Uy=0.4980]
    val_re_rand                loss=0.8435  surf[p=40.3860 Ux=0.5193 Uy=0.2827]  vol[p=41.4277 Ux=2.0034 Uy=0.8467]
Epoch  76 (158s) [52.3GB]  train[vol=0.2311 surf=0.1072]  val_avg_surf_p=38.2275 *
    val_single_in_dist         loss=1.2402  surf[p=40.5882 Ux=0.4219 Uy=0.2462]  vol[p=47.1658 Ux=2.1008 Uy=0.7538]
    val_geom_camber_rc         loss=0.7176  surf[p=49.7325 Ux=0.7184 Uy=0.3848]  vol[p=54.1037 Ux=2.7759 Uy=1.2661]
    val_geom_camber_cruise     loss=0.1886  surf[p=22.4116 Ux=0.2854 Uy=0.1661]  vol[p=24.1623 Ux=1.4161 Uy=0.4961]
    val_re_rand                loss=0.8111  surf[p=40.1776 Ux=0.5180 Uy=0.2815]  vol[p=41.2720 Ux=1.9933 Uy=0.8431]
Epoch  77 (158s) [52.3GB]  train[vol=0.2376 surf=0.1155]  val_avg_surf_p=37.7974 *
    val_single_in_dist         loss=1.0643  surf[p=39.5158 Ux=0.4158 Uy=0.2428]  vol[p=46.5808 Ux=2.0904 Uy=0.7469]
    val_geom_camber_rc         loss=0.7054  surf[p=49.2942 Ux=0.7122 Uy=0.3836]  vol[p=53.7296 Ux=2.7633 Uy=1.2596]
    val_geom_camber_cruise     loss=0.1896  surf[p=22.3725 Ux=0.2846 Uy=0.1653]  vol[p=24.0709 Ux=1.4143 Uy=0.4944]
    val_re_rand                loss=0.7956  surf[p=40.0070 Ux=0.5161 Uy=0.2807]  vol[p=41.0492 Ux=1.9867 Uy=0.8385]
Epoch  78 (160s) [52.3GB]  train[vol=0.2362 surf=0.1125]  val_avg_surf_p=37.6238 *
    val_single_in_dist         loss=1.0121  surf[p=39.4045 Ux=0.4092 Uy=0.2435]  vol[p=46.3617 Ux=2.0823 Uy=0.7436]
    val_geom_camber_rc         loss=0.6933  surf[p=48.8553 Ux=0.7076 Uy=0.3816]  vol[p=53.4171 Ux=2.7550 Uy=1.2558]
    val_geom_camber_cruise     loss=0.1867  surf[p=22.1236 Ux=0.2858 Uy=0.1642]  vol[p=23.9220 Ux=1.4068 Uy=0.4925]
    val_re_rand                loss=0.8212  surf[p=40.1121 Ux=0.5176 Uy=0.2805]  vol[p=41.1156 Ux=1.9830 Uy=0.8378]
Epoch  79 (156s) [52.3GB]  train[vol=0.2397 surf=0.1134]  val_avg_surf_p=37.3976 *
    val_single_in_dist         loss=1.1263  surf[p=39.5694 Ux=0.4159 Uy=0.2420]  vol[p=46.2058 Ux=2.0805 Uy=0.7409]
    val_geom_camber_rc         loss=0.6777  surf[p=48.2994 Ux=0.7035 Uy=0.3799]  vol[p=52.7598 Ux=2.7380 Uy=1.2486]
    val_geom_camber_cruise     loss=0.1864  surf[p=21.9627 Ux=0.2918 Uy=0.1635]  vol[p=23.8232 Ux=1.4082 Uy=0.4895]
    val_re_rand                loss=0.8234  surf[p=39.7590 Ux=0.5147 Uy=0.2789]  vol[p=40.8099 Ux=1.9734 Uy=0.8337]
Epoch  80 (158s) [52.3GB]  train[vol=0.2318 surf=0.1096]  val_avg_surf_p=37.2249 *
    val_single_in_dist         loss=1.1700  surf[p=39.2918 Ux=0.4115 Uy=0.2411]  vol[p=45.8519 Ux=2.0692 Uy=0.7401]
    val_geom_camber_rc         loss=0.6910  surf[p=48.6228 Ux=0.7030 Uy=0.3811]  vol[p=52.9931 Ux=2.7357 Uy=1.2475]
    val_geom_camber_cruise     loss=0.1865  surf[p=21.8204 Ux=0.2875 Uy=0.1630]  vol[p=23.6506 Ux=1.4046 Uy=0.4886]
    val_re_rand                loss=0.8071  surf[p=39.1647 Ux=0.5091 Uy=0.2764]  vol[p=40.2531 Ux=1.9642 Uy=0.8281]
Epoch  81 (156s) [52.3GB]  train[vol=0.2470 surf=0.1183]  val_avg_surf_p=37.1225 *
    val_single_in_dist         loss=1.2835  surf[p=39.6697 Ux=0.4257 Uy=0.2432]  vol[p=45.5780 Ux=2.0674 Uy=0.7412]
    val_geom_camber_rc         loss=0.6925  surf[p=48.4696 Ux=0.7007 Uy=0.3803]  vol[p=52.7769 Ux=2.7226 Uy=1.2442]
    val_geom_camber_cruise     loss=0.1843  surf[p=21.6273 Ux=0.2893 Uy=0.1624]  vol[p=23.4962 Ux=1.3998 Uy=0.4861]
    val_re_rand                loss=0.7989  surf[p=38.7234 Ux=0.5050 Uy=0.2747]  vol[p=39.8160 Ux=1.9532 Uy=0.8234]
Epoch  82 (157s) [52.3GB]  train[vol=0.2388 surf=0.1138]  val_avg_surf_p=36.8137 *
    val_single_in_dist         loss=1.3232  surf[p=39.3483 Ux=0.4113 Uy=0.2418]  vol[p=45.2914 Ux=2.0550 Uy=0.7376]
    val_geom_camber_rc         loss=0.6877  surf[p=48.2167 Ux=0.6965 Uy=0.3784]  vol[p=52.4090 Ux=2.7094 Uy=1.2368]
    val_geom_camber_cruise     loss=0.1838  surf[p=21.5361 Ux=0.2805 Uy=0.1616]  vol[p=23.4812 Ux=1.3925 Uy=0.4846]
    val_re_rand                loss=0.7749  surf[p=38.1538 Ux=0.5013 Uy=0.2731]  vol[p=39.4102 Ux=1.9458 Uy=0.8197]
Epoch  83 (159s) [52.3GB]  train[vol=0.2332 surf=0.1097]  val_avg_surf_p=36.7614 *
    val_single_in_dist         loss=1.4145  surf[p=39.2484 Ux=0.4149 Uy=0.2412]  vol[p=44.7847 Ux=2.0495 Uy=0.7336]
    val_geom_camber_rc         loss=0.6977  surf[p=48.3896 Ux=0.6981 Uy=0.3787]  vol[p=52.4317 Ux=2.7059 Uy=1.2355]
    val_geom_camber_cruise     loss=0.1840  surf[p=21.4945 Ux=0.2869 Uy=0.1607]  vol[p=23.3850 Ux=1.3928 Uy=0.4833]
    val_re_rand                loss=0.7686  surf[p=37.9132 Ux=0.5003 Uy=0.2723]  vol[p=39.2134 Ux=1.9414 Uy=0.8180]
Epoch  84 (158s) [52.3GB]  train[vol=0.2372 surf=0.1141]  val_avg_surf_p=36.4968 *
    val_single_in_dist         loss=1.2686  surf[p=38.1387 Ux=0.4007 Uy=0.2387]  vol[p=44.3074 Ux=2.0353 Uy=0.7294]
    val_geom_camber_rc         loss=0.6961  surf[p=48.4947 Ux=0.6961 Uy=0.3795]  vol[p=52.4104 Ux=2.6982 Uy=1.2344]
    val_geom_camber_cruise     loss=0.1821  surf[p=21.3506 Ux=0.2791 Uy=0.1611]  vol[p=23.2522 Ux=1.3866 Uy=0.4825]
    val_re_rand                loss=0.7939  surf[p=38.0033 Ux=0.4981 Uy=0.2726]  vol[p=39.1517 Ux=1.9360 Uy=0.8161]
Epoch  85 (156s) [52.3GB]  train[vol=0.2303 surf=0.1053]  val_avg_surf_p=36.3967 *
    val_single_in_dist         loss=1.1954  surf[p=37.7637 Ux=0.4020 Uy=0.2373]  vol[p=44.1664 Ux=2.0305 Uy=0.7255]
    val_geom_camber_rc         loss=0.7010  surf[p=48.5661 Ux=0.6973 Uy=0.3794]  vol[p=52.5351 Ux=2.6942 Uy=1.2338]
    val_geom_camber_cruise     loss=0.1805  surf[p=21.1968 Ux=0.2794 Uy=0.1598]  vol[p=23.0852 Ux=1.3835 Uy=0.4811]
    val_re_rand                loss=0.7807  surf[p=38.0603 Ux=0.4962 Uy=0.2722]  vol[p=39.1190 Ux=1.9301 Uy=0.8148]
Epoch  86 (157s) [52.3GB]  train[vol=0.2313 surf=0.1102]  val_avg_surf_p=36.1573 *
    val_single_in_dist         loss=1.1737  surf[p=37.2124 Ux=0.3985 Uy=0.2353]  vol[p=43.7491 Ux=2.0200 Uy=0.7200]
    val_geom_camber_rc         loss=0.6817  surf[p=48.2004 Ux=0.6967 Uy=0.3777]  vol[p=52.2835 Ux=2.6800 Uy=1.2302]
    val_geom_camber_cruise     loss=0.1796  surf[p=21.1125 Ux=0.2793 Uy=0.1598]  vol[p=23.0552 Ux=1.3795 Uy=0.4804]
    val_re_rand                loss=0.8035  surf[p=38.1037 Ux=0.4988 Uy=0.2715]  vol[p=39.1889 Ux=1.9264 Uy=0.8127]
Epoch  87 (157s) [52.3GB]  train[vol=0.2317 surf=0.1127]  val_avg_surf_p=36.2538
    val_single_in_dist         loss=1.3242  surf[p=37.9786 Ux=0.4042 Uy=0.2369]  vol[p=44.0531 Ux=2.0237 Uy=0.7203]
    val_geom_camber_rc         loss=0.6736  surf[p=47.9231 Ux=0.6909 Uy=0.3768]  vol[p=52.1848 Ux=2.6724 Uy=1.2242]
    val_geom_camber_cruise     loss=0.1792  surf[p=21.0164 Ux=0.2852 Uy=0.1593]  vol[p=23.0105 Ux=1.3769 Uy=0.4781]
    val_re_rand                loss=0.8002  surf[p=38.0970 Ux=0.4964 Uy=0.2711]  vol[p=39.1828 Ux=1.9238 Uy=0.8092]
Epoch  88 (157s) [52.3GB]  train[vol=0.2327 surf=0.1082]  val_avg_surf_p=36.2264
    val_single_in_dist         loss=1.3536  surf[p=38.1374 Ux=0.4046 Uy=0.2353]  vol[p=44.1928 Ux=2.0172 Uy=0.7166]
    val_geom_camber_rc         loss=0.6663  surf[p=47.7474 Ux=0.6894 Uy=0.3750]  vol[p=51.9382 Ux=2.6639 Uy=1.2206]
    val_geom_camber_cruise     loss=0.1760  surf[p=20.8876 Ux=0.2829 Uy=0.1589]  vol[p=22.8596 Ux=1.3744 Uy=0.4761]
    val_re_rand                loss=0.8237  surf[p=38.1332 Ux=0.4945 Uy=0.2704]  vol[p=39.1138 Ux=1.9220 Uy=0.8075]
Epoch  89 (159s) [52.3GB]  train[vol=0.2385 surf=0.1147]  val_avg_surf_p=36.1383 *
    val_single_in_dist         loss=1.3007  surf[p=37.7514 Ux=0.3917 Uy=0.2347]  vol[p=43.9426 Ux=2.0020 Uy=0.7130]
    val_geom_camber_rc         loss=0.6586  surf[p=47.8715 Ux=0.6852 Uy=0.3746]  vol[p=52.0435 Ux=2.6587 Uy=1.2174]
    val_geom_camber_cruise     loss=0.1724  surf[p=20.6724 Ux=0.2753 Uy=0.1581]  vol[p=22.8295 Ux=1.3685 Uy=0.4745]
    val_re_rand                loss=0.8119  surf[p=38.2579 Ux=0.4934 Uy=0.2708]  vol[p=39.2941 Ux=1.9224 Uy=0.8059]
Epoch  90 (156s) [52.3GB]  train[vol=0.2208 surf=0.0998]  val_avg_surf_p=36.0320 *
    val_single_in_dist         loss=1.2664  surf[p=37.7332 Ux=0.3936 Uy=0.2333]  vol[p=43.9314 Ux=1.9948 Uy=0.7112]
    val_geom_camber_rc         loss=0.6535  surf[p=47.6420 Ux=0.6832 Uy=0.3737]  vol[p=51.9136 Ux=2.6499 Uy=1.2140]
    val_geom_camber_cruise     loss=0.1722  surf[p=20.6249 Ux=0.2809 Uy=0.1575]  vol[p=22.7952 Ux=1.3714 Uy=0.4728]
    val_re_rand                loss=0.8070  surf[p=38.1279 Ux=0.4914 Uy=0.2698]  vol[p=39.1143 Ux=1.9197 Uy=0.8030]
Epoch  91 (158s) [52.3GB]  train[vol=0.2292 surf=0.1069]  val_avg_surf_p=35.8816 *
    val_single_in_dist         loss=1.1219  surf[p=37.3723 Ux=0.3883 Uy=0.2314]  vol[p=43.8469 Ux=1.9845 Uy=0.7077]
    val_geom_camber_rc         loss=0.6495  surf[p=47.3573 Ux=0.6814 Uy=0.3709]  vol[p=51.6935 Ux=2.6448 Uy=1.2100]
    val_geom_camber_cruise     loss=0.1713  surf[p=20.5597 Ux=0.2754 Uy=0.1560]  vol[p=22.5717 Ux=1.3610 Uy=0.4696]
    val_re_rand                loss=0.7924  surf[p=38.2370 Ux=0.4938 Uy=0.2688]  vol[p=39.1042 Ux=1.9127 Uy=0.8016]
Epoch  92 (159s) [52.3GB]  train[vol=0.2169 surf=0.0991]  val_avg_surf_p=35.7671 *
    val_single_in_dist         loss=1.1205  surf[p=36.8900 Ux=0.3829 Uy=0.2311]  vol[p=43.4461 Ux=1.9796 Uy=0.7074]
    val_geom_camber_rc         loss=0.6586  surf[p=47.4258 Ux=0.6765 Uy=0.3703]  vol[p=51.7734 Ux=2.6435 Uy=1.2086]
    val_geom_camber_cruise     loss=0.1695  surf[p=20.5278 Ux=0.2708 Uy=0.1555]  vol[p=22.5356 Ux=1.3556 Uy=0.4676]
    val_re_rand                loss=0.7841  surf[p=38.2246 Ux=0.4920 Uy=0.2681]  vol[p=38.9300 Ux=1.9059 Uy=0.8001]
Epoch  93 (156s) [52.3GB]  train[vol=0.2071 surf=0.0914]  val_avg_surf_p=35.6398 *
    val_single_in_dist         loss=1.1244  surf[p=36.7336 Ux=0.3797 Uy=0.2328]  vol[p=43.4032 Ux=1.9756 Uy=0.7069]
    val_geom_camber_rc         loss=0.6559  surf[p=47.3168 Ux=0.6752 Uy=0.3688]  vol[p=51.7567 Ux=2.6350 Uy=1.2037]
    val_geom_camber_cruise     loss=0.1681  surf[p=20.4613 Ux=0.2710 Uy=0.1559]  vol[p=22.4800 Ux=1.3516 Uy=0.4660]
    val_re_rand                loss=0.7869  surf[p=38.0475 Ux=0.4927 Uy=0.2669]  vol[p=38.8433 Ux=1.8984 Uy=0.7990]
Epoch  94 (158s) [52.3GB]  train[vol=0.2143 surf=0.0969]  val_avg_surf_p=35.5481 *
    val_single_in_dist         loss=1.2012  surf[p=36.8750 Ux=0.3799 Uy=0.2318]  vol[p=43.3792 Ux=1.9720 Uy=0.7051]
    val_geom_camber_rc         loss=0.6422  surf[p=47.0449 Ux=0.6711 Uy=0.3679]  vol[p=51.5325 Ux=2.6306 Uy=1.1991]
    val_geom_camber_cruise     loss=0.1665  surf[p=20.2412 Ux=0.2706 Uy=0.1547]  vol[p=22.3244 Ux=1.3461 Uy=0.4642]
    val_re_rand                loss=0.8074  surf[p=38.0314 Ux=0.4924 Uy=0.2660]  vol[p=38.8554 Ux=1.8953 Uy=0.7968]
Epoch  95 (157s) [52.3GB]  train[vol=0.2132 surf=0.0976]  val_avg_surf_p=35.1917 *
    val_single_in_dist         loss=1.1161  surf[p=35.7774 Ux=0.3754 Uy=0.2290]  vol[p=42.7087 Ux=1.9581 Uy=0.6991]
    val_geom_camber_rc         loss=0.6365  surf[p=46.7713 Ux=0.6699 Uy=0.3660]  vol[p=51.2837 Ux=2.6253 Uy=1.1958]
    val_geom_camber_cruise     loss=0.1648  surf[p=20.1608 Ux=0.2686 Uy=0.1538]  vol[p=22.2050 Ux=1.3399 Uy=0.4626]
    val_re_rand                loss=0.8187  surf[p=38.0572 Ux=0.4936 Uy=0.2658]  vol[p=38.7772 Ux=1.8903 Uy=0.7954]
Epoch  96 (160s) [52.3GB]  train[vol=0.2103 surf=0.0936]  val_avg_surf_p=34.8421 *
    val_single_in_dist         loss=1.1784  surf[p=35.5958 Ux=0.3790 Uy=0.2294]  vol[p=42.4529 Ux=1.9558 Uy=0.6978]
    val_geom_camber_rc         loss=0.6293  surf[p=46.5058 Ux=0.6673 Uy=0.3656]  vol[p=51.0052 Ux=2.6177 Uy=1.1931]
    val_geom_camber_cruise     loss=0.1629  surf[p=20.0071 Ux=0.2737 Uy=0.1538]  vol[p=22.1093 Ux=1.3451 Uy=0.4608]
    val_re_rand                loss=0.7935  surf[p=37.2596 Ux=0.4899 Uy=0.2641]  vol[p=38.1429 Ux=1.8824 Uy=0.7898]
Epoch  97 (158s) [52.3GB]  train[vol=0.2242 surf=0.1009]  val_avg_surf_p=34.7835 *
    val_single_in_dist         loss=1.1549  surf[p=35.6366 Ux=0.3716 Uy=0.2282]  vol[p=42.2997 Ux=1.9470 Uy=0.6952]
    val_geom_camber_rc         loss=0.6261  surf[p=46.2480 Ux=0.6647 Uy=0.3633]  vol[p=50.8754 Ux=2.6165 Uy=1.1899]
    val_geom_camber_cruise     loss=0.1637  surf[p=19.9759 Ux=0.2666 Uy=0.1532]  vol[p=22.0444 Ux=1.3361 Uy=0.4591]
    val_re_rand                loss=0.7917  surf[p=37.2735 Ux=0.4888 Uy=0.2635]  vol[p=38.0633 Ux=1.8760 Uy=0.7869]
Epoch  98 (158s) [52.3GB]  train[vol=0.2196 surf=0.0998]  val_avg_surf_p=34.6174 *
    val_single_in_dist         loss=1.0975  surf[p=35.2070 Ux=0.3700 Uy=0.2277]  vol[p=42.0866 Ux=1.9413 Uy=0.6946]
    val_geom_camber_rc         loss=0.6250  surf[p=46.3355 Ux=0.6691 Uy=0.3636]  vol[p=50.9680 Ux=2.6148 Uy=1.1892]
    val_geom_camber_cruise     loss=0.1633  surf[p=19.8899 Ux=0.2677 Uy=0.1530]  vol[p=22.0154 Ux=1.3341 Uy=0.4583]
    val_re_rand                loss=0.7932  surf[p=37.0371 Ux=0.4903 Uy=0.2634]  vol[p=37.8285 Ux=1.8702 Uy=0.7852]
Epoch  99 (161s) [52.3GB]  train[vol=0.2159 surf=0.0962]  val_avg_surf_p=34.5606 *
    val_single_in_dist         loss=1.0872  surf[p=34.9809 Ux=0.3669 Uy=0.2285]  vol[p=41.7269 Ux=1.9347 Uy=0.6930]
    val_geom_camber_rc         loss=0.6358  surf[p=46.6141 Ux=0.6691 Uy=0.3645]  vol[p=51.1543 Ux=2.6115 Uy=1.1902]
    val_geom_camber_cruise     loss=0.1617  surf[p=19.7876 Ux=0.2711 Uy=0.1526]  vol[p=21.9820 Ux=1.3350 Uy=0.4567]
    val_re_rand                loss=0.7771  surf[p=36.8597 Ux=0.4882 Uy=0.2627]  vol[p=37.6473 Ux=1.8653 Uy=0.7822]
Epoch 100 (159s) [52.3GB]  train[vol=0.2097 surf=0.0942]  val_avg_surf_p=34.3854 *
    val_single_in_dist         loss=0.8948  surf[p=34.2235 Ux=0.3629 Uy=0.2269]  vol[p=41.7715 Ux=1.9249 Uy=0.6891]
    val_geom_camber_rc         loss=0.6393  surf[p=46.9313 Ux=0.6674 Uy=0.3631]  vol[p=51.3416 Ux=2.6092 Uy=1.1873]
    val_geom_camber_cruise     loss=0.1604  surf[p=19.6375 Ux=0.2614 Uy=0.1517]  vol[p=21.8647 Ux=1.3290 Uy=0.4554]
    val_re_rand                loss=0.7525  surf[p=36.7492 Ux=0.4849 Uy=0.2608]  vol[p=37.5518 Ux=1.8591 Uy=0.7786]
Epoch 101 (159s) [52.3GB]  train[vol=0.2122 surf=0.0949]  val_avg_surf_p=34.2624 *
    val_single_in_dist         loss=0.8347  surf[p=34.0662 Ux=0.3627 Uy=0.2263]  vol[p=41.5729 Ux=1.9176 Uy=0.6866]
    val_geom_camber_rc         loss=0.6395  surf[p=46.9985 Ux=0.6702 Uy=0.3639]  vol[p=51.3231 Ux=2.6058 Uy=1.1855]
    val_geom_camber_cruise     loss=0.1589  surf[p=19.5088 Ux=0.2588 Uy=0.1514]  vol[p=21.8147 Ux=1.3249 Uy=0.4545]
    val_re_rand                loss=0.7569  surf[p=36.4762 Ux=0.4832 Uy=0.2605]  vol[p=37.3784 Ux=1.8527 Uy=0.7769]
Epoch 102 (158s) [52.3GB]  train[vol=0.2038 surf=0.0900]  val_avg_surf_p=34.1796 *
    val_single_in_dist         loss=0.8070  surf[p=33.8585 Ux=0.3662 Uy=0.2254]  vol[p=41.3172 Ux=1.9129 Uy=0.6829]
    val_geom_camber_rc         loss=0.6392  surf[p=46.8158 Ux=0.6676 Uy=0.3628]  vol[p=51.2201 Ux=2.5975 Uy=1.1807]
    val_geom_camber_cruise     loss=0.1584  surf[p=19.4335 Ux=0.2627 Uy=0.1511]  vol[p=21.7139 Ux=1.3274 Uy=0.4534]
    val_re_rand                loss=0.7532  surf[p=36.6107 Ux=0.4822 Uy=0.2607]  vol[p=37.3983 Ux=1.8517 Uy=0.7756]
Epoch 103 (158s) [52.3GB]  train[vol=0.2046 surf=0.0892]  val_avg_surf_p=34.1034 *
    val_single_in_dist         loss=0.8267  surf[p=33.9024 Ux=0.3659 Uy=0.2243]  vol[p=41.0241 Ux=1.9065 Uy=0.6810]
    val_geom_camber_rc         loss=0.6406  surf[p=46.7971 Ux=0.6709 Uy=0.3632]  vol[p=51.1933 Ux=2.5964 Uy=1.1784]
    val_geom_camber_cruise     loss=0.1577  surf[p=19.3439 Ux=0.2639 Uy=0.1509]  vol[p=21.5998 Ux=1.3245 Uy=0.4523]
    val_re_rand                loss=0.7586  surf[p=36.3702 Ux=0.4850 Uy=0.2603]  vol[p=37.1700 Ux=1.8480 Uy=0.7730]
Epoch 104 (158s) [52.3GB]  train[vol=0.2022 surf=0.0884]  val_avg_surf_p=34.1260
    val_single_in_dist         loss=0.9239  surf[p=34.0745 Ux=0.3566 Uy=0.2225]  vol[p=40.8991 Ux=1.8966 Uy=0.6775]
    val_geom_camber_rc         loss=0.6503  surf[p=46.8845 Ux=0.6657 Uy=0.3622]  vol[p=51.1092 Ux=2.5911 Uy=1.1754]
    val_geom_camber_cruise     loss=0.1571  surf[p=19.2567 Ux=0.2565 Uy=0.1501]  vol[p=21.4731 Ux=1.3199 Uy=0.4515]
    val_re_rand                loss=0.7530  surf[p=36.2881 Ux=0.4782 Uy=0.2595]  vol[p=37.1219 Ux=1.8420 Uy=0.7713]
Epoch 105 (159s) [52.3GB]  train[vol=0.2087 surf=0.0927]  val_avg_surf_p=34.0251 *
    val_single_in_dist         loss=0.9257  surf[p=34.0559 Ux=0.3610 Uy=0.2216]  vol[p=40.8753 Ux=1.8975 Uy=0.6745]
    val_geom_camber_rc         loss=0.6463  surf[p=46.7595 Ux=0.6647 Uy=0.3615]  vol[p=50.8862 Ux=2.5896 Uy=1.1736]
    val_geom_camber_cruise     loss=0.1571  surf[p=19.1497 Ux=0.2598 Uy=0.1496]  vol[p=21.3589 Ux=1.3171 Uy=0.4498]
    val_re_rand                loss=0.7461  surf[p=36.1351 Ux=0.4787 Uy=0.2586]  vol[p=36.9270 Ux=1.8387 Uy=0.7690]
Epoch 106 (158s) [52.3GB]  train[vol=0.1960 surf=0.0846]  val_avg_surf_p=33.9696 *
    val_single_in_dist         loss=0.9741  surf[p=34.2816 Ux=0.3579 Uy=0.2204]  vol[p=40.8275 Ux=1.8919 Uy=0.6733]
    val_geom_camber_rc         loss=0.6342  surf[p=46.4228 Ux=0.6603 Uy=0.3600]  vol[p=50.6321 Ux=2.5808 Uy=1.1690]
    val_geom_camber_cruise     loss=0.1558  surf[p=19.1146 Ux=0.2546 Uy=0.1492]  vol[p=21.2959 Ux=1.3122 Uy=0.4489]
    val_re_rand                loss=0.7393  surf[p=36.0595 Ux=0.4779 Uy=0.2582]  vol[p=36.8746 Ux=1.8364 Uy=0.7676]
Epoch 107 (155s) [52.3GB]  train[vol=0.2017 surf=0.0870]  val_avg_surf_p=33.9973
    val_single_in_dist         loss=0.9916  surf[p=34.6203 Ux=0.3548 Uy=0.2197]  vol[p=41.0016 Ux=1.8860 Uy=0.6720]
    val_geom_camber_rc         loss=0.6254  surf[p=46.1858 Ux=0.6582 Uy=0.3595]  vol[p=50.5134 Ux=2.5775 Uy=1.1685]
    val_geom_camber_cruise     loss=0.1545  surf[p=19.0733 Ux=0.2549 Uy=0.1490]  vol[p=21.2686 Ux=1.3106 Uy=0.4483]
    val_re_rand                loss=0.7502  surf[p=36.1096 Ux=0.4785 Uy=0.2581]  vol[p=36.9072 Ux=1.8355 Uy=0.7676]
Epoch 108 (158s) [52.3GB]  train[vol=0.2016 surf=0.0899]  val_avg_surf_p=33.9362 *
    val_single_in_dist         loss=0.9392  surf[p=34.1576 Ux=0.3475 Uy=0.2187]  vol[p=40.6630 Ux=1.8738 Uy=0.6693]
    val_geom_camber_rc         loss=0.6327  surf[p=46.4102 Ux=0.6563 Uy=0.3591]  vol[p=50.7710 Ux=2.5755 Uy=1.1698]
    val_geom_camber_cruise     loss=0.1534  surf[p=18.9994 Ux=0.2523 Uy=0.1484]  vol[p=21.2946 Ux=1.3089 Uy=0.4479]
    val_re_rand                loss=0.7445  surf[p=36.1776 Ux=0.4780 Uy=0.2585]  vol[p=36.9987 Ux=1.8336 Uy=0.7677]
Epoch 109 (157s) [52.3GB]  train[vol=0.1967 surf=0.0840]  val_avg_surf_p=33.9675
    val_single_in_dist         loss=0.9253  surf[p=34.2602 Ux=0.3498 Uy=0.2193]  vol[p=40.6145 Ux=1.8719 Uy=0.6686]
    val_geom_camber_rc         loss=0.6505  surf[p=46.5707 Ux=0.6560 Uy=0.3585]  vol[p=50.8959 Ux=2.5732 Uy=1.1691]
    val_geom_camber_cruise     loss=0.1538  surf[p=18.9647 Ux=0.2570 Uy=0.1480]  vol[p=21.3165 Ux=1.3087 Uy=0.4462]
    val_re_rand                loss=0.7217  surf[p=36.0746 Ux=0.4771 Uy=0.2583]  vol[p=36.9155 Ux=1.8295 Uy=0.7669]
Epoch 110 (158s) [52.3GB]  train[vol=0.1977 surf=0.0840]  val_avg_surf_p=33.9964
    val_single_in_dist         loss=1.0345  surf[p=34.6673 Ux=0.3453 Uy=0.2196]  vol[p=40.5091 Ux=1.8666 Uy=0.6684]
    val_geom_camber_rc         loss=0.6552  surf[p=46.4887 Ux=0.6540 Uy=0.3591]  vol[p=50.7364 Ux=2.5680 Uy=1.1672]
    val_geom_camber_cruise     loss=0.1530  surf[p=18.8996 Ux=0.2540 Uy=0.1471]  vol[p=21.2508 Ux=1.3041 Uy=0.4441]
    val_re_rand                loss=0.7223  surf[p=35.9301 Ux=0.4735 Uy=0.2578]  vol[p=36.7146 Ux=1.8223 Uy=0.7651]
Epoch 111 (155s) [52.3GB]  train[vol=0.1975 surf=0.0834]  val_avg_surf_p=33.9261 *
    val_single_in_dist         loss=1.1474  surf[p=34.9819 Ux=0.3420 Uy=0.2189]  vol[p=40.3686 Ux=1.8617 Uy=0.6670]
    val_geom_camber_rc         loss=0.6432  surf[p=46.3266 Ux=0.6522 Uy=0.3590]  vol[p=50.5433 Ux=2.5618 Uy=1.1636]
    val_geom_camber_cruise     loss=0.1518  surf[p=18.7482 Ux=0.2538 Uy=0.1462]  vol[p=21.0825 Ux=1.2975 Uy=0.4420]
    val_re_rand                loss=0.7215  surf[p=35.6478 Ux=0.4743 Uy=0.2568]  vol[p=36.4176 Ux=1.8160 Uy=0.7618]
Epoch 112 (157s) [52.3GB]  train[vol=0.1993 surf=0.0833]  val_avg_surf_p=33.7724 *
    val_single_in_dist         loss=1.1126  surf[p=34.8841 Ux=0.3374 Uy=0.2189]  vol[p=40.2318 Ux=1.8550 Uy=0.6655]
    val_geom_camber_rc         loss=0.6247  surf[p=45.9159 Ux=0.6507 Uy=0.3573]  vol[p=50.2086 Ux=2.5559 Uy=1.1592]
    val_geom_camber_cruise     loss=0.1522  surf[p=18.7764 Ux=0.2539 Uy=0.1465]  vol[p=21.0277 Ux=1.2955 Uy=0.4409]
    val_re_rand                loss=0.7326  surf[p=35.5130 Ux=0.4728 Uy=0.2560]  vol[p=36.3131 Ux=1.8123 Uy=0.7595]
Epoch 113 (157s) [52.3GB]  train[vol=0.2093 surf=0.0952]  val_avg_surf_p=33.7463 *
    val_single_in_dist         loss=1.0522  surf[p=34.7797 Ux=0.3370 Uy=0.2193]  vol[p=40.3096 Ux=1.8489 Uy=0.6621]
    val_geom_camber_rc         loss=0.6246  surf[p=45.8685 Ux=0.6516 Uy=0.3565]  vol[p=50.1797 Ux=2.5555 Uy=1.1593]
    val_geom_camber_cruise     loss=0.1523  surf[p=18.7146 Ux=0.2582 Uy=0.1460]  vol[p=20.9709 Ux=1.3009 Uy=0.4396]
    val_re_rand                loss=0.7423  surf[p=35.6224 Ux=0.4718 Uy=0.2560]  vol[p=36.3819 Ux=1.8127 Uy=0.7584]
Epoch 114 (157s) [52.3GB]  train[vol=0.1882 surf=0.0781]  val_avg_surf_p=33.5334 *
    val_single_in_dist         loss=0.9172  surf[p=33.8609 Ux=0.3333 Uy=0.2187]  vol[p=39.8256 Ux=1.8404 Uy=0.6584]
    val_geom_camber_rc         loss=0.6301  surf[p=46.1156 Ux=0.6470 Uy=0.3561]  vol[p=50.3773 Ux=2.5526 Uy=1.1592]
    val_geom_camber_cruise     loss=0.1520  surf[p=18.7228 Ux=0.2519 Uy=0.1457]  vol[p=20.9859 Ux=1.2948 Uy=0.4387]
    val_re_rand                loss=0.7201  surf[p=35.4343 Ux=0.4698 Uy=0.2560]  vol[p=36.3404 Ux=1.8096 Uy=0.7574]
Epoch 115 (159s) [52.3GB]  train[vol=0.1990 surf=0.0859]  val_avg_surf_p=33.4484 *
    val_single_in_dist         loss=0.9294  surf[p=33.7653 Ux=0.3347 Uy=0.2175]  vol[p=39.6926 Ux=1.8391 Uy=0.6566]
    val_geom_camber_rc         loss=0.6291  surf[p=45.9763 Ux=0.6478 Uy=0.3553]  vol[p=50.2137 Ux=2.5470 Uy=1.1563]
    val_geom_camber_cruise     loss=0.1514  surf[p=18.6638 Ux=0.2554 Uy=0.1455]  vol[p=20.9899 Ux=1.2954 Uy=0.4383]
    val_re_rand                loss=0.7140  surf[p=35.3881 Ux=0.4708 Uy=0.2555]  vol[p=36.3326 Ux=1.8063 Uy=0.7554]
Epoch 116 (158s) [52.3GB]  train[vol=0.2034 surf=0.0877]  val_avg_surf_p=33.2589 *
    val_single_in_dist         loss=0.8744  surf[p=33.2849 Ux=0.3324 Uy=0.2171]  vol[p=39.5327 Ux=1.8344 Uy=0.6543]
    val_geom_camber_rc         loss=0.6159  surf[p=45.5866 Ux=0.6417 Uy=0.3540]  vol[p=49.7980 Ux=2.5342 Uy=1.1514]
    val_geom_camber_cruise     loss=0.1514  surf[p=18.6181 Ux=0.2531 Uy=0.1452]  vol[p=20.9359 Ux=1.2931 Uy=0.4378]
    val_re_rand                loss=0.7224  surf[p=35.5462 Ux=0.4707 Uy=0.2561]  vol[p=36.4461 Ux=1.8073 Uy=0.7555]
Epoch 117 (158s) [52.3GB]  train[vol=0.1882 surf=0.0792]  val_avg_surf_p=33.1753 *
    val_single_in_dist         loss=0.8481  surf[p=33.1176 Ux=0.3276 Uy=0.2159]  vol[p=39.4228 Ux=1.8250 Uy=0.6531]
    val_geom_camber_rc         loss=0.6232  surf[p=45.6941 Ux=0.6412 Uy=0.3551]  vol[p=49.7720 Ux=2.5320 Uy=1.1515]
    val_geom_camber_cruise     loss=0.1508  surf[p=18.5935 Ux=0.2481 Uy=0.1444]  vol[p=20.8561 Ux=1.2857 Uy=0.4367]
    val_re_rand                loss=0.7189  surf[p=35.2959 Ux=0.4712 Uy=0.2552]  vol[p=36.1705 Ux=1.8004 Uy=0.7534]
Epoch 118 (160s) [52.3GB]  train[vol=0.1790 surf=0.0723]  val_avg_surf_p=33.1034 *
    val_single_in_dist         loss=0.8580  surf[p=32.9705 Ux=0.3269 Uy=0.2148]  vol[p=39.2665 Ux=1.8205 Uy=0.6512]
    val_geom_camber_rc         loss=0.6258  surf[p=45.7972 Ux=0.6462 Uy=0.3554]  vol[p=49.7840 Ux=2.5298 Uy=1.1517]
    val_geom_camber_cruise     loss=0.1502  surf[p=18.5315 Ux=0.2509 Uy=0.1437]  vol[p=20.7620 Ux=1.2836 Uy=0.4347]
    val_re_rand                loss=0.7116  surf[p=35.1145 Ux=0.4718 Uy=0.2547]  vol[p=36.0140 Ux=1.7943 Uy=0.7512]
Epoch 119 (159s) [52.3GB]  train[vol=0.1903 surf=0.0788]  val_avg_surf_p=32.9272 *
    val_single_in_dist         loss=0.8234  surf[p=32.4126 Ux=0.3196 Uy=0.2141]  vol[p=38.9181 Ux=1.8166 Uy=0.6487]
    val_geom_camber_rc         loss=0.6261  surf[p=45.8208 Ux=0.6431 Uy=0.3556]  vol[p=49.7932 Ux=2.5277 Uy=1.1510]
    val_geom_camber_cruise     loss=0.1493  surf[p=18.4488 Ux=0.2447 Uy=0.1431]  vol[p=20.6378 Ux=1.2787 Uy=0.4331]
    val_re_rand                loss=0.7113  surf[p=35.0268 Ux=0.4678 Uy=0.2546]  vol[p=35.9017 Ux=1.7897 Uy=0.7498]
Epoch 120 (158s) [52.3GB]  train[vol=0.1770 surf=0.0722]  val_avg_surf_p=32.9373
    val_single_in_dist         loss=0.8805  surf[p=32.4467 Ux=0.3166 Uy=0.2130]  vol[p=38.8872 Ux=1.8112 Uy=0.6484]
    val_geom_camber_rc         loss=0.6259  surf[p=45.7582 Ux=0.6409 Uy=0.3553]  vol[p=49.7888 Ux=2.5253 Uy=1.1490]
    val_geom_camber_cruise     loss=0.1489  surf[p=18.4275 Ux=0.2435 Uy=0.1432]  vol[p=20.5677 Ux=1.2755 Uy=0.4320]
    val_re_rand                loss=0.7066  surf[p=35.1168 Ux=0.4662 Uy=0.2550]  vol[p=35.8906 Ux=1.7870 Uy=0.7496]
Epoch 121 (159s) [52.3GB]  train[vol=0.1753 surf=0.0688]  val_avg_surf_p=32.8051 *
    val_single_in_dist         loss=0.8415  surf[p=32.1112 Ux=0.3193 Uy=0.2129]  vol[p=38.6105 Ux=1.8068 Uy=0.6469]
    val_geom_camber_rc         loss=0.6294  surf[p=45.6648 Ux=0.6378 Uy=0.3544]  vol[p=49.7610 Ux=2.5221 Uy=1.1479]
    val_geom_camber_cruise     loss=0.1492  surf[p=18.4036 Ux=0.2491 Uy=0.1436]  vol[p=20.5244 Ux=1.2770 Uy=0.4301]
    val_re_rand                loss=0.7030  surf[p=35.0409 Ux=0.4642 Uy=0.2547]  vol[p=35.7883 Ux=1.7848 Uy=0.7483]
Epoch 122 (157s) [52.3GB]  train[vol=0.1838 surf=0.0762]  val_avg_surf_p=32.7507 *
    val_single_in_dist         loss=0.8373  surf[p=31.9120 Ux=0.3204 Uy=0.2126]  vol[p=38.3391 Ux=1.8015 Uy=0.6457]
    val_geom_camber_rc         loss=0.6277  surf[p=45.7704 Ux=0.6392 Uy=0.3545]  vol[p=49.8417 Ux=2.5203 Uy=1.1472]
    val_geom_camber_cruise     loss=0.1496  surf[p=18.4412 Ux=0.2496 Uy=0.1435]  vol[p=20.5182 Ux=1.2746 Uy=0.4296]
    val_re_rand                loss=0.7083  surf[p=34.8793 Ux=0.4633 Uy=0.2540]  vol[p=35.6333 Ux=1.7801 Uy=0.7465]
Epoch 123 (158s) [52.3GB]  train[vol=0.1782 surf=0.0695]  val_avg_surf_p=32.5500 *
    val_single_in_dist         loss=0.8186  surf[p=31.4471 Ux=0.3186 Uy=0.2120]  vol[p=37.9879 Ux=1.7917 Uy=0.6430]
    val_geom_camber_rc         loss=0.6315  surf[p=45.7726 Ux=0.6424 Uy=0.3544]  vol[p=49.9392 Ux=2.5225 Uy=1.1485]
    val_geom_camber_cruise     loss=0.1482  surf[p=18.2844 Ux=0.2515 Uy=0.1429]  vol[p=20.4224 Ux=1.2746 Uy=0.4284]
    val_re_rand                loss=0.7021  surf[p=34.6958 Ux=0.4627 Uy=0.2534]  vol[p=35.4855 Ux=1.7750 Uy=0.7442]
Epoch 124 (162s) [52.3GB]  train[vol=0.1836 surf=0.0762]  val_avg_surf_p=32.5824
    val_single_in_dist         loss=0.8594  surf[p=31.8069 Ux=0.3170 Uy=0.2116]  vol[p=38.1726 Ux=1.7867 Uy=0.6420]
    val_geom_camber_rc         loss=0.6246  surf[p=45.6765 Ux=0.6388 Uy=0.3540]  vol[p=49.8266 Ux=2.5129 Uy=1.1477]
    val_geom_camber_cruise     loss=0.1470  surf[p=18.1513 Ux=0.2508 Uy=0.1423]  vol[p=20.3348 Ux=1.2706 Uy=0.4268]
    val_re_rand                loss=0.7117  surf[p=34.6950 Ux=0.4628 Uy=0.2534]  vol[p=35.4729 Ux=1.7702 Uy=0.7426]
Epoch 125 (157s) [52.3GB]  train[vol=0.1931 surf=0.0804]  val_avg_surf_p=32.5248 *
    val_single_in_dist         loss=0.9197  surf[p=32.0791 Ux=0.3150 Uy=0.2112]  vol[p=38.3565 Ux=1.7826 Uy=0.6416]
    val_geom_camber_rc         loss=0.6101  surf[p=45.3771 Ux=0.6393 Uy=0.3534]  vol[p=49.5199 Ux=2.5076 Uy=1.1439]
    val_geom_camber_cruise     loss=0.1452  surf[p=18.0251 Ux=0.2482 Uy=0.1420]  vol[p=20.2884 Ux=1.2714 Uy=0.4262]
    val_re_rand                loss=0.7186  surf[p=34.6177 Ux=0.4610 Uy=0.2536]  vol[p=35.4639 Ux=1.7679 Uy=0.7423]
Epoch 126 (154s) [52.3GB]  train[vol=0.1927 surf=0.0769]  val_avg_surf_p=32.5246 *
    val_single_in_dist         loss=0.9202  surf[p=32.1262 Ux=0.3110 Uy=0.2102]  vol[p=38.2998 Ux=1.7779 Uy=0.6397]
    val_geom_camber_rc         loss=0.6093  surf[p=45.3344 Ux=0.6358 Uy=0.3529]  vol[p=49.4721 Ux=2.5038 Uy=1.1426]
    val_geom_camber_cruise     loss=0.1443  surf[p=17.9685 Ux=0.2417 Uy=0.1415]  vol[p=20.2154 Ux=1.2638 Uy=0.4256]
    val_re_rand                loss=0.7258  surf[p=34.6692 Ux=0.4577 Uy=0.2536]  vol[p=35.5347 Ux=1.7676 Uy=0.7422]
Epoch 127 (158s) [52.3GB]  train[vol=0.1852 surf=0.0744]  val_avg_surf_p=32.4028 *
    val_single_in_dist         loss=0.8843  surf[p=31.7090 Ux=0.3128 Uy=0.2091]  vol[p=37.9454 Ux=1.7729 Uy=0.6371]
    val_geom_camber_rc         loss=0.6105  surf[p=45.3432 Ux=0.6364 Uy=0.3527]  vol[p=49.4930 Ux=2.5074 Uy=1.1435]
    val_geom_camber_cruise     loss=0.1438  surf[p=17.8684 Ux=0.2471 Uy=0.1411]  vol[p=20.2028 Ux=1.2654 Uy=0.4250]
    val_re_rand                loss=0.7272  surf[p=34.6908 Ux=0.4573 Uy=0.2536]  vol[p=35.6045 Ux=1.7686 Uy=0.7421]
Epoch 128 (156s) [52.3GB]  train[vol=0.1785 surf=0.0701]  val_avg_surf_p=32.3047 *
    val_single_in_dist         loss=0.8219  surf[p=31.2817 Ux=0.3103 Uy=0.2087]  vol[p=37.6373 Ux=1.7634 Uy=0.6348]
    val_geom_camber_rc         loss=0.6112  surf[p=45.3461 Ux=0.6346 Uy=0.3524]  vol[p=49.4568 Ux=2.5051 Uy=1.1420]
    val_geom_camber_cruise     loss=0.1434  surf[p=17.7803 Ux=0.2472 Uy=0.1405]  vol[p=20.1225 Ux=1.2624 Uy=0.4240]
    val_re_rand                loss=0.7350  surf[p=34.8105 Ux=0.4584 Uy=0.2534]  vol[p=35.6487 Ux=1.7697 Uy=0.7414]
Epoch 129 (160s) [52.3GB]  train[vol=0.1832 surf=0.0724]  val_avg_surf_p=32.1871 *
    val_single_in_dist         loss=0.7928  surf[p=30.9885 Ux=0.3080 Uy=0.2088]  vol[p=37.4280 Ux=1.7578 Uy=0.6339]
    val_geom_camber_rc         loss=0.6075  surf[p=45.1924 Ux=0.6331 Uy=0.3523]  vol[p=49.2283 Ux=2.4986 Uy=1.1391]
    val_geom_camber_cruise     loss=0.1435  surf[p=17.7321 Ux=0.2439 Uy=0.1400]  vol[p=20.0689 Ux=1.2581 Uy=0.4232]
    val_re_rand                loss=0.7398  surf[p=34.8355 Ux=0.4585 Uy=0.2526]  vol[p=35.5881 Ux=1.7668 Uy=0.7401]
Epoch 130 (158s) [52.3GB]  train[vol=0.1859 surf=0.0755]  val_avg_surf_p=32.2189
    val_single_in_dist         loss=0.8420  surf[p=31.1811 Ux=0.3062 Uy=0.2086]  vol[p=37.3443 Ux=1.7554 Uy=0.6334]
    val_geom_camber_rc         loss=0.6006  surf[p=45.0030 Ux=0.6329 Uy=0.3515]  vol[p=48.9883 Ux=2.4931 Uy=1.1355]
    val_geom_camber_cruise     loss=0.1441  surf[p=17.7911 Ux=0.2398 Uy=0.1402]  vol[p=20.0360 Ux=1.2535 Uy=0.4233]
    val_re_rand                loss=0.7419  surf[p=34.9004 Ux=0.4620 Uy=0.2528]  vol[p=35.5478 Ux=1.7655 Uy=0.7401]
Epoch 131 (157s) [52.3GB]  train[vol=0.1787 surf=0.0704]  val_avg_surf_p=32.1200 *
    val_single_in_dist         loss=0.8493  surf[p=31.0985 Ux=0.3018 Uy=0.2086]  vol[p=37.2343 Ux=1.7523 Uy=0.6331]
    val_geom_camber_rc         loss=0.5942  surf[p=44.7837 Ux=0.6297 Uy=0.3505]  vol[p=48.8354 Ux=2.4861 Uy=1.1317]
    val_geom_camber_cruise     loss=0.1433  surf[p=17.7367 Ux=0.2372 Uy=0.1397]  vol[p=19.9834 Ux=1.2509 Uy=0.4226]
    val_re_rand                loss=0.7448  surf[p=34.8611 Ux=0.4621 Uy=0.2529]  vol[p=35.5207 Ux=1.7624 Uy=0.7397]
Epoch 132 (160s) [52.3GB]  train[vol=0.1786 surf=0.0715]  val_avg_surf_p=32.1106 *
    val_single_in_dist         loss=0.8455  surf[p=31.1862 Ux=0.3020 Uy=0.2078]  vol[p=37.2932 Ux=1.7501 Uy=0.6306]
    val_geom_camber_rc         loss=0.5907  surf[p=44.6965 Ux=0.6256 Uy=0.3498]  vol[p=48.7516 Ux=2.4826 Uy=1.1301]
    val_geom_camber_cruise     loss=0.1436  surf[p=17.7413 Ux=0.2370 Uy=0.1396]  vol[p=19.9227 Ux=1.2501 Uy=0.4221]
    val_re_rand                loss=0.7321  surf[p=34.8185 Ux=0.4592 Uy=0.2525]  vol[p=35.4575 Ux=1.7589 Uy=0.7382]
Epoch 133 (159s) [52.3GB]  train[vol=0.1816 surf=0.0737]  val_avg_surf_p=32.0608 *
    val_single_in_dist         loss=0.8112  surf[p=31.0055 Ux=0.2998 Uy=0.2074]  vol[p=37.2289 Ux=1.7461 Uy=0.6296]
    val_geom_camber_rc         loss=0.5851  surf[p=44.4913 Ux=0.6241 Uy=0.3492]  vol[p=48.6272 Ux=2.4796 Uy=1.1287]
    val_geom_camber_cruise     loss=0.1443  surf[p=17.7343 Ux=0.2352 Uy=0.1394]  vol[p=19.8882 Ux=1.2475 Uy=0.4215]
    val_re_rand                loss=0.7367  surf[p=35.0123 Ux=0.4610 Uy=0.2526]  vol[p=35.5557 Ux=1.7597 Uy=0.7385]
Epoch 134 (158s) [52.3GB]  train[vol=0.1803 surf=0.0704]  val_avg_surf_p=31.9989 *
    val_single_in_dist         loss=0.7698  surf[p=30.8712 Ux=0.2986 Uy=0.2078]  vol[p=37.1715 Ux=1.7411 Uy=0.6268]
    val_geom_camber_rc         loss=0.5845  surf[p=44.4524 Ux=0.6239 Uy=0.3493]  vol[p=48.6760 Ux=2.4799 Uy=1.1280]
    val_geom_camber_cruise     loss=0.1436  surf[p=17.6816 Ux=0.2351 Uy=0.1402]  vol[p=19.8461 Ux=1.2458 Uy=0.4211]
    val_re_rand                loss=0.7375  surf[p=34.9904 Ux=0.4600 Uy=0.2532]  vol[p=35.5204 Ux=1.7555 Uy=0.7382]
Epoch 135 (159s) [52.3GB]  train[vol=0.1758 surf=0.0665]  val_avg_surf_p=31.7984 *
    val_single_in_dist         loss=0.7234  surf[p=30.5650 Ux=0.3015 Uy=0.2077]  vol[p=36.9694 Ux=1.7407 Uy=0.6239]
    val_geom_camber_rc         loss=0.5819  surf[p=44.2919 Ux=0.6235 Uy=0.3488]  vol[p=48.5552 Ux=2.4732 Uy=1.1266]
    val_geom_camber_cruise     loss=0.1432  surf[p=17.6235 Ux=0.2371 Uy=0.1393]  vol[p=19.7605 Ux=1.2431 Uy=0.4194]
    val_re_rand                loss=0.7417  surf[p=34.7131 Ux=0.4584 Uy=0.2520]  vol[p=35.2865 Ux=1.7499 Uy=0.7357]
Epoch 136 (159s) [52.3GB]  train[vol=0.1739 surf=0.0671]  val_avg_surf_p=31.7324 *
    val_single_in_dist         loss=0.7115  surf[p=30.4601 Ux=0.3011 Uy=0.2073]  vol[p=36.7762 Ux=1.7352 Uy=0.6219]
    val_geom_camber_rc         loss=0.5828  surf[p=44.3114 Ux=0.6273 Uy=0.3489]  vol[p=48.5295 Ux=2.4694 Uy=1.1265]
    val_geom_camber_cruise     loss=0.1421  surf[p=17.5446 Ux=0.2395 Uy=0.1388]  vol[p=19.7590 Ux=1.2414 Uy=0.4186]
    val_re_rand                loss=0.7485  surf[p=34.6135 Ux=0.4617 Uy=0.2514]  vol[p=35.2061 Ux=1.7469 Uy=0.7350]
Epoch 137 (158s) [52.3GB]  train[vol=0.1743 surf=0.0647]  val_avg_surf_p=31.8174
    val_single_in_dist         loss=0.7887  surf[p=30.7914 Ux=0.3005 Uy=0.2071]  vol[p=36.9149 Ux=1.7338 Uy=0.6229]
    val_geom_camber_rc         loss=0.5850  surf[p=44.4503 Ux=0.6279 Uy=0.3498]  vol[p=48.6639 Ux=2.4703 Uy=1.1263]
    val_geom_camber_cruise     loss=0.1413  surf[p=17.4923 Ux=0.2398 Uy=0.1386]  vol[p=19.6802 Ux=1.2389 Uy=0.4177]
    val_re_rand                loss=0.7516  surf[p=34.5355 Ux=0.4610 Uy=0.2514]  vol[p=35.1348 Ux=1.7458 Uy=0.7339]
Epoch 138 (157s) [52.3GB]  train[vol=0.1782 surf=0.0694]  val_avg_surf_p=31.8061
    val_single_in_dist         loss=0.7952  surf[p=30.8431 Ux=0.3018 Uy=0.2066]  vol[p=36.9439 Ux=1.7340 Uy=0.6239]
    val_geom_camber_rc         loss=0.5866  surf[p=44.5053 Ux=0.6275 Uy=0.3504]  vol[p=48.8346 Ux=2.4693 Uy=1.1258]
    val_geom_camber_cruise     loss=0.1419  surf[p=17.4342 Ux=0.2403 Uy=0.1381]  vol[p=19.6188 Ux=1.2366 Uy=0.4165]
    val_re_rand                loss=0.7496  surf[p=34.4419 Ux=0.4600 Uy=0.2511]  vol[p=35.0447 Ux=1.7446 Uy=0.7323]
Epoch 139 (156s) [52.3GB]  train[vol=0.1792 surf=0.0702]  val_avg_surf_p=31.8208
    val_single_in_dist         loss=0.7737  surf[p=30.9176 Ux=0.2988 Uy=0.2071]  vol[p=36.9761 Ux=1.7315 Uy=0.6218]
    val_geom_camber_rc         loss=0.5875  surf[p=44.5538 Ux=0.6278 Uy=0.3508]  vol[p=48.9046 Ux=2.4711 Uy=1.1255]
    val_geom_camber_cruise     loss=0.1416  surf[p=17.3662 Ux=0.2392 Uy=0.1386]  vol[p=19.5532 Ux=1.2336 Uy=0.4157]
    val_re_rand                loss=0.7535  surf[p=34.4455 Ux=0.4613 Uy=0.2518]  vol[p=35.0340 Ux=1.7440 Uy=0.7322]
Epoch 140 (158s) [52.3GB]  train[vol=0.1728 surf=0.0650]  val_avg_surf_p=31.7530
    val_single_in_dist         loss=0.7669  surf[p=30.7589 Ux=0.3005 Uy=0.2061]  vol[p=36.7870 Ux=1.7296 Uy=0.6212]
    val_geom_camber_rc         loss=0.5870  surf[p=44.4978 Ux=0.6272 Uy=0.3498]  vol[p=48.9142 Ux=2.4669 Uy=1.1238]
    val_geom_camber_cruise     loss=0.1406  surf[p=17.2879 Ux=0.2391 Uy=0.1375]  vol[p=19.5283 Ux=1.2312 Uy=0.4148]
    val_re_rand                loss=0.7474  surf[p=34.4673 Ux=0.4612 Uy=0.2512]  vol[p=35.0929 Ux=1.7419 Uy=0.7318]
Epoch 141 (159s) [52.3GB]  train[vol=0.1781 surf=0.0680]  val_avg_surf_p=31.6678 *
    val_single_in_dist         loss=0.7135  surf[p=30.5159 Ux=0.3002 Uy=0.2057]  vol[p=36.5776 Ux=1.7266 Uy=0.6198]
    val_geom_camber_rc         loss=0.5861  surf[p=44.4428 Ux=0.6245 Uy=0.3488]  vol[p=48.9048 Ux=2.4645 Uy=1.1225]
    val_geom_camber_cruise     loss=0.1409  surf[p=17.3009 Ux=0.2382 Uy=0.1374]  vol[p=19.5123 Ux=1.2288 Uy=0.4139]
    val_re_rand                loss=0.7402  surf[p=34.4117 Ux=0.4603 Uy=0.2511]  vol[p=35.0539 Ux=1.7392 Uy=0.7310]
Epoch 142 (157s) [52.3GB]  train[vol=0.1682 surf=0.0613]  val_avg_surf_p=31.5537 *
    val_single_in_dist         loss=0.6715  surf[p=30.1928 Ux=0.2970 Uy=0.2050]  vol[p=36.3682 Ux=1.7242 Uy=0.6176]
    val_geom_camber_rc         loss=0.5884  surf[p=44.4469 Ux=0.6241 Uy=0.3493]  vol[p=48.8853 Ux=2.4596 Uy=1.1218]
    val_geom_camber_cruise     loss=0.1408  surf[p=17.2909 Ux=0.2364 Uy=0.1374]  vol[p=19.5168 Ux=1.2281 Uy=0.4137]
    val_re_rand                loss=0.7413  surf[p=34.2841 Ux=0.4582 Uy=0.2503]  vol[p=34.9393 Ux=1.7357 Uy=0.7290]
Epoch 143 (159s) [52.3GB]  train[vol=0.1699 surf=0.0622]  val_avg_surf_p=31.6208
    val_single_in_dist         loss=0.7430  surf[p=30.5852 Ux=0.2944 Uy=0.2057]  vol[p=36.5001 Ux=1.7196 Uy=0.6169]
    val_geom_camber_rc         loss=0.5891  surf[p=44.4716 Ux=0.6238 Uy=0.3496]  vol[p=48.9038 Ux=2.4613 Uy=1.1219]
    val_geom_camber_cruise     loss=0.1403  surf[p=17.2643 Ux=0.2368 Uy=0.1373]  vol[p=19.4835 Ux=1.2261 Uy=0.4132]
    val_re_rand                loss=0.7385  surf[p=34.1621 Ux=0.4566 Uy=0.2502]  vol[p=34.8039 Ux=1.7320 Uy=0.7281]
Epoch 144 (160s) [52.3GB]  train[vol=0.1689 surf=0.0615]  val_avg_surf_p=31.5779
    val_single_in_dist         loss=0.7919  surf[p=30.6404 Ux=0.2938 Uy=0.2055]  vol[p=36.4589 Ux=1.7155 Uy=0.6163]
    val_geom_camber_rc         loss=0.5877  surf[p=44.3568 Ux=0.6244 Uy=0.3495]  vol[p=48.7882 Ux=2.4592 Uy=1.1210]
    val_geom_camber_cruise     loss=0.1396  surf[p=17.1804 Ux=0.2357 Uy=0.1374]  vol[p=19.4455 Ux=1.2221 Uy=0.4119]
    val_re_rand                loss=0.7392  surf[p=34.1342 Ux=0.4557 Uy=0.2502]  vol[p=34.7647 Ux=1.7290 Uy=0.7272]
Epoch 145 (157s) [52.3GB]  train[vol=0.1895 surf=0.0729]  val_avg_surf_p=31.5028 *
    val_single_in_dist         loss=0.7913  surf[p=30.4924 Ux=0.2917 Uy=0.2053]  vol[p=36.3679 Ux=1.7120 Uy=0.6160]
    val_geom_camber_rc         loss=0.5871  surf[p=44.3628 Ux=0.6249 Uy=0.3499]  vol[p=48.8256 Ux=2.4553 Uy=1.1208]
    val_geom_camber_cruise     loss=0.1392  surf[p=17.1086 Ux=0.2344 Uy=0.1373]  vol[p=19.4159 Ux=1.2219 Uy=0.4116]
    val_re_rand                loss=0.7467  surf[p=34.0475 Ux=0.4556 Uy=0.2504]  vol[p=34.7086 Ux=1.7269 Uy=0.7264]
Epoch 146 (159s) [52.3GB]  train[vol=0.1724 surf=0.0655]  val_avg_surf_p=31.3729 *
    val_single_in_dist         loss=0.7673  surf[p=30.1735 Ux=0.2913 Uy=0.2048]  vol[p=36.2194 Ux=1.7095 Uy=0.6160]
    val_geom_camber_rc         loss=0.5880  surf[p=44.3047 Ux=0.6243 Uy=0.3499]  vol[p=48.7787 Ux=2.4526 Uy=1.1209]
    val_geom_camber_cruise     loss=0.1391  surf[p=17.0609 Ux=0.2346 Uy=0.1371]  vol[p=19.3854 Ux=1.2209 Uy=0.4116]
    val_re_rand                loss=0.7464  surf[p=33.9526 Ux=0.4551 Uy=0.2501]  vol[p=34.6233 Ux=1.7248 Uy=0.7252]
Epoch 147 (158s) [52.3GB]  train[vol=0.1723 surf=0.0611]  val_avg_surf_p=31.3447 *
    val_single_in_dist         loss=0.7492  surf[p=30.0287 Ux=0.2924 Uy=0.2045]  vol[p=35.9831 Ux=1.7071 Uy=0.6146]
    val_geom_camber_rc         loss=0.5895  surf[p=44.3533 Ux=0.6257 Uy=0.3501]  vol[p=48.7827 Ux=2.4519 Uy=1.1208]
    val_geom_camber_cruise     loss=0.1390  surf[p=17.0246 Ux=0.2358 Uy=0.1373]  vol[p=19.3472 Ux=1.2204 Uy=0.4110]
    val_re_rand                loss=0.7426  surf[p=33.9720 Ux=0.4551 Uy=0.2500]  vol[p=34.6365 Ux=1.7230 Uy=0.7243]
Epoch 148 (160s) [52.3GB]  train[vol=0.1708 surf=0.0635]  val_avg_surf_p=31.3543
    val_single_in_dist         loss=0.7675  surf[p=30.0237 Ux=0.2899 Uy=0.2037]  vol[p=35.8895 Ux=1.7054 Uy=0.6130]
    val_geom_camber_rc         loss=0.5901  surf[p=44.3666 Ux=0.6228 Uy=0.3495]  vol[p=48.7396 Ux=2.4498 Uy=1.1190]
    val_geom_camber_cruise     loss=0.1388  surf[p=17.0182 Ux=0.2338 Uy=0.1359]  vol[p=19.3272 Ux=1.2199 Uy=0.4103]
    val_re_rand                loss=0.7419  surf[p=34.0085 Ux=0.4524 Uy=0.2491]  vol[p=34.6838 Ux=1.7213 Uy=0.7238]
Epoch 149 (156s) [52.3GB]  train[vol=0.1680 surf=0.0599]  val_avg_surf_p=31.3600
    val_single_in_dist         loss=0.7683  surf[p=30.0975 Ux=0.2893 Uy=0.2038]  vol[p=35.7676 Ux=1.7029 Uy=0.6113]
    val_geom_camber_rc         loss=0.5912  surf[p=44.3594 Ux=0.6249 Uy=0.3504]  vol[p=48.7232 Ux=2.4503 Uy=1.1191]
    val_geom_camber_cruise     loss=0.1379  surf[p=16.9916 Ux=0.2323 Uy=0.1367]  vol[p=19.3031 Ux=1.2178 Uy=0.4098]
    val_re_rand                loss=0.7399  surf[p=33.9914 Ux=0.4530 Uy=0.2494]  vol[p=34.6692 Ux=1.7206 Uy=0.7238]
Epoch 150 (157s) [52.3GB]  train[vol=0.1636 surf=0.0578]  val_avg_surf_p=31.3903
    val_single_in_dist         loss=0.7893  surf[p=30.2515 Ux=0.2893 Uy=0.2035]  vol[p=35.8638 Ux=1.6998 Uy=0.6103]
    val_geom_camber_rc         loss=0.5920  surf[p=44.4079 Ux=0.6265 Uy=0.3497]  vol[p=48.7586 Ux=2.4498 Uy=1.1191]
    val_geom_camber_cruise     loss=0.1374  surf[p=16.9794 Ux=0.2320 Uy=0.1356]  vol[p=19.2902 Ux=1.2175 Uy=0.4096]
    val_re_rand                loss=0.7313  surf[p=33.9224 Ux=0.4542 Uy=0.2483]  vol[p=34.5953 Ux=1.7190 Uy=0.7225]
Epoch 151 (158s) [52.3GB]  train[vol=0.1575 surf=0.0545]  val_avg_surf_p=31.4542
    val_single_in_dist         loss=0.8547  surf[p=30.5701 Ux=0.2849 Uy=0.2035]  vol[p=35.9526 Ux=1.6937 Uy=0.6103]
    val_geom_camber_rc         loss=0.5946  surf[p=44.4919 Ux=0.6228 Uy=0.3496]  vol[p=48.8430 Ux=2.4483 Uy=1.1196]
    val_geom_camber_cruise     loss=0.1375  surf[p=17.0036 Ux=0.2288 Uy=0.1355]  vol[p=19.3087 Ux=1.2179 Uy=0.4094]
    val_re_rand                loss=0.7250  surf[p=33.7513 Ux=0.4503 Uy=0.2479]  vol[p=34.4279 Ux=1.7152 Uy=0.7216]
Epoch 152 (158s) [52.3GB]  train[vol=0.1610 surf=0.0554]  val_avg_surf_p=31.3830
wandb: updating run metadata; uploading artifact model-mlintern-pai2-72h-v4-r1-r4-onecycle-ema-w160-200-nfughzq3
wandb: uploading artifact model-mlintern-pai2-72h-v4-r1-r4-onecycle-ema-w160-200-nfughzq3
wandb: uploading history steps 57151-57151, summary, console lines 755-766
wandb: 
wandb: Run history:
wandb:        epoch_time_s ▅▅▅▆▄▆▄▁▆▆▁▆▅▇▇▄▅▇▆█▆▃▃▄▆▃▅▆▅▅▇▅▃█▄▄▇▄▅▅
wandb:         global_step ▁▁▁▁▁▂▂▂▂▃▃▃▃▃▃▃▃▃▃▃▄▄▅▅▅▅▆▆▆▆▆▇▇▇▇▇▇▇██
wandb:                  lr ▁████████▇▇▇▇▇▆▆▆▆▆▆▅▅▅▅▄▄▄▄▄▃▃▃▃▃▃▂▂▂▁▁
wandb:          train/loss █▃▄▄▂▂▃▂▄▃▄▄▃▂▃▂▁▂▁▁▁▂▂▁▁▁▁▁▁▁▁▁▁▁▂▁▁▁▁▂
wandb:     train/surf_loss █▆▄▄▃▃▃▃▃▃▂▂▂▂▂▂▂▂▂▂▂▂▂▂▂▂▂▁▁▁▂▁▁▁▁▁▁▁▁▁
wandb:      train/vol_loss █▇▅▅▅▄▄▃▃▃▃▃▃▃▃▂▂▂▂▂▂▂▂▂▂▂▂▂▂▂▂▁▁▁▁▁▁▁▁▁
wandb:            val/loss █▄▃▃▃▂▂▂▁▁▁▁▁▁▁▁▁▁▁▁▁▁▁▁▁▁▁▁▁▁▁▁▁▁▁▁▁▁▁▁
wandb: val_avg/mae_surf_Ux █▆▄▃▃▂▂▂▂▂▂▂▂▂▂▁▁▁▁▁▁▁▁▁▁▁▁▁▁▁▁▁▁▁▁▁▁▁▁▁
wandb: val_avg/mae_surf_Uy █▅▄▄▃▃▂▂▂▂▂▁▁▁▁▁▁▁▁▁▁▁▁▁▁▁▁▁▁▁▁▁▁▁▁▁▁▁▁▁
wandb:  val_avg/mae_surf_p █▇▆▄▄▃▂▂▂▂▂▂▂▂▂▂▂▁▁▁▁▁▁▁▁▁▁▁▁▁▁▁▁▁▁▁▁▁▁▁
wandb:                 +39 ...
wandb: 
wandb: Run summary:
wandb:              best_epoch 147
wandb: best_val_avg/mae_surf_p 31.34466
wandb:            epoch_time_s 157.60666
wandb:             global_step 57000
wandb:                      lr 0.00015
wandb:     total_train_minutes 400.11157
wandb:              train/loss 1.01743
wandb:         train/surf_loss 0.05544
wandb:          train/vol_loss 0.16099
wandb:                val/loss 0.57531
wandb:                     +42 ...
wandb: 
wandb: 🚀 View run mlintern-pai2-72h-v4-r1/r4-onecycle-ema-w160-200 at: https://wandb.ai/wandb-applied-ai-team/senpai-v1-ml-intern/runs/nfughzq3
wandb: ⭐️ View project at: https://wandb.ai/wandb-applied-ai-team/senpai-v1-ml-intern
wandb: Synced 7 W&B file(s), 0 media file(s), 3 artifact file(s) and 0 other file(s)
wandb: Find logs at: ./wandb/run-20260501_020258-nfughzq3/logs
    val_single_in_dist         loss=0.8460  surf[p=30.4728 Ux=0.2846 Uy=0.2032]  vol[p=35.8979 Ux=1.6900 Uy=0.6089]
    val_geom_camber_rc         loss=0.5926  surf[p=44.4111 Ux=0.6228 Uy=0.3499]  vol[p=48.7529 Ux=2.4458 Uy=1.1173]
    val_geom_camber_cruise     loss=0.1373  surf[p=16.9391 Ux=0.2284 Uy=0.1364]  vol[p=19.2358 Ux=1.2162 Uy=0.4094]
    val_re_rand                loss=0.7254  surf[p=33.7091 Ux=0.4496 Uy=0.2482]  vol[p=34.3843 Ux=1.7133 Uy=0.7211]
Timeout (400.0 min). Stopping.

Training done in 400.1 min

Best val: epoch 147, val_avg/mae_surf_p = 31.3447

Logged model artifact 'model-mlintern-pai2-72h-v4-r1-r4-onecycle-ema-w160-200-nfughzq3' (aliases: best, epoch-147)
