wandb: [wandb.login()] Loaded credentials for https://api.wandb.ai from WANDB_API_KEY.
wandb: W&B API key is configured. Use `wandb login --relogin` to force relogin
wandb: Tracking run with wandb version 0.26.1
wandb: Run data is saved locally in /workspace/ml-intern-benchmark/target/wandb/run-20260430_204824-whereomp
wandb: Run `wandb offline` to turn off syncing.
wandb: Syncing run mlintern-pai2-72h-v4-r1/r4-onecycle-ema-w192-seed2-200
wandb: ⭐️ View project at https://wandb.ai/wandb-applied-ai-team/senpai-v1-ml-intern
wandb: 🚀 View run at https://wandb.ai/wandb-applied-ai-team/senpai-v1-ml-intern/runs/whereomp
Device: cuda
Train: 1499, val_single_in_dist: 100, val_geom_camber_rc: 100, val_geom_camber_cruise: 100, val_re_rand: 100
Model: Transolver (1.45M params)
EMA enabled: decay=0.999
Epoch   1 (146s) [49.2GB]  train[vol=1.2759 surf=0.8573]  val_avg_surf_p=342.9214 *
    val_single_in_dist         loss=47.4466  surf[p=481.3683 Ux=18.8632 Uy=2.5752]  vol[p=441.5550 Ux=18.8217 Uy=5.8892]
    val_geom_camber_rc         loss=26.6209  surf[p=393.7732 Ux=15.3585 Uy=2.9780]  vol[p=359.9773 Ux=13.4923 Uy=6.2358]
    val_geom_camber_cruise     loss=13.9641  surf[p=223.2531 Ux=16.7698 Uy=1.5621]  vol[p=203.4020 Ux=15.0618 Uy=3.4491]
    val_re_rand                loss=17.1629  surf[p=273.2908 Ux=15.3305 Uy=2.0522]  vol[p=248.1403 Ux=13.6151 Uy=4.4102]
Epoch   2 (143s) [49.2GB]  train[vol=0.9111 surf=0.5555]  val_avg_surf_p=290.8411 *
    val_single_in_dist         loss=36.2791  surf[p=417.5909 Ux=11.1667 Uy=1.9172]  vol[p=363.8600 Ux=14.2631 Uy=5.3129]
    val_geom_camber_rc         loss=18.2747  surf[p=313.9228 Ux=9.7000 Uy=2.2021]  vol[p=279.9435 Ux=10.4112 Uy=5.4730]
    val_geom_camber_cruise     loss=8.4926  surf[p=203.4112 Ux=9.8174 Uy=1.2484]  vol[p=169.7493 Ux=10.6078 Uy=3.2007]
    val_re_rand                loss=11.1515  surf[p=228.4394 Ux=9.2216 Uy=1.5521]  vol[p=195.0232 Ux=10.0287 Uy=3.9670]
Epoch   3 (142s) [49.2GB]  train[vol=0.8832 surf=0.5375]  val_avg_surf_p=250.0965 *
    val_single_in_dist         loss=28.4024  surf[p=362.6297 Ux=7.4650 Uy=1.4539]  vol[p=304.2504 Ux=11.3206 Uy=4.6191]
    val_geom_camber_rc         loss=12.9332  surf[p=260.0301 Ux=7.0918 Uy=1.6776]  vol[p=228.2094 Ux=8.7656 Uy=4.7801]
    val_geom_camber_cruise     loss=5.7301  surf[p=182.4323 Ux=6.4323 Uy=1.0283]  vol[p=144.3115 Ux=7.7355 Uy=2.7672]
    val_re_rand                loss=7.7261  surf[p=195.2939 Ux=6.4720 Uy=1.2212]  vol[p=162.2069 Ux=7.8429 Uy=3.4580]
Epoch   4 (143s) [49.2GB]  train[vol=0.8252 surf=0.5044]  val_avg_surf_p=224.0663 *
    val_single_in_dist         loss=23.3390  surf[p=322.5444 Ux=5.7427 Uy=1.2313]  vol[p=263.5974 Ux=9.3932 Uy=3.9858]
    val_geom_camber_rc         loss=10.3217  surf[p=236.6854 Ux=5.7687 Uy=1.4412]  vol[p=199.4958 Ux=7.9102 Uy=4.3006]
    val_geom_camber_cruise     loss=4.2733  surf[p=162.0593 Ux=4.9560 Uy=0.8536]  vol[p=124.3715 Ux=6.3748 Uy=2.2989]
    val_re_rand                loss=6.0433  surf[p=174.9761 Ux=5.1862 Uy=1.0445]  vol[p=142.0190 Ux=6.7518 Uy=3.0280]
Epoch   5 (142s) [49.2GB]  train[vol=0.8034 surf=0.4875]  val_avg_surf_p=208.5180 *
    val_single_in_dist         loss=20.6921  surf[p=300.7521 Ux=4.8176 Uy=1.1380]  vol[p=241.9174 Ux=8.4732 Uy=3.5794]
    val_geom_camber_rc         loss=9.0597  surf[p=224.2875 Ux=5.0481 Uy=1.3073]  vol[p=184.4363 Ux=7.4360 Uy=3.9919]
    val_geom_camber_cruise     loss=3.4945  surf[p=147.3592 Ux=4.0920 Uy=0.7583]  vol[p=111.5911 Ux=5.7010 Uy=2.0017]
    val_re_rand                loss=5.1672  surf[p=161.6733 Ux=4.3912 Uy=0.9537]  vol[p=130.1193 Ux=6.1057 Uy=2.7486]
Epoch   6 (143s) [49.2GB]  train[vol=0.7477 surf=0.4551]  val_avg_surf_p=193.4877 *
    val_single_in_dist         loss=18.7034  surf[p=280.8013 Ux=4.3513 Uy=1.1051]  vol[p=223.4868 Ux=7.6503 Uy=3.2740]
    val_geom_camber_rc         loss=8.0174  surf[p=208.8213 Ux=4.6763 Uy=1.2459]  vol[p=171.2231 Ux=7.1008 Uy=3.7560]
    val_geom_camber_cruise     loss=2.9979  surf[p=134.1212 Ux=3.6019 Uy=0.7056]  vol[p=99.2337 Ux=5.4083 Uy=1.8047]
    val_re_rand                loss=4.5811  surf[p=150.2069 Ux=3.9522 Uy=0.9174]  vol[p=120.5045 Ux=5.7823 Uy=2.5538]
Epoch   7 (143s) [49.2GB]  train[vol=0.7255 surf=0.4464]  val_avg_surf_p=179.6457 *
    val_single_in_dist         loss=16.5397  surf[p=259.4295 Ux=3.9977 Uy=1.0577]  vol[p=208.7042 Ux=7.0680 Uy=3.0254]
    val_geom_camber_rc         loss=7.1192  surf[p=195.6541 Ux=4.3879 Uy=1.1980]  vol[p=162.1156 Ux=6.7936 Uy=3.5401]
    val_geom_camber_cruise     loss=2.5687  surf[p=123.2603 Ux=3.3143 Uy=0.6612]  vol[p=93.4820 Ux=5.1475 Uy=1.6647]
    val_re_rand                loss=4.0993  surf[p=140.2388 Ux=3.7179 Uy=0.8825]  vol[p=114.2367 Ux=5.5512 Uy=2.3947]
Epoch   8 (143s) [49.2GB]  train[vol=0.7069 surf=0.4336]  val_avg_surf_p=164.4404 *
    val_single_in_dist         loss=14.6808  surf[p=235.0781 Ux=3.9300 Uy=0.9754]  vol[p=199.9494 Ux=6.8490 Uy=2.7801]
    val_geom_camber_rc         loss=6.2713  surf[p=179.5999 Ux=4.1814 Uy=1.1574]  vol[p=155.1972 Ux=6.5558 Uy=3.3616]
    val_geom_camber_cruise     loss=2.2381  surf[p=113.5421 Ux=3.1369 Uy=0.6108]  vol[p=89.6630 Ux=4.8254 Uy=1.5261]
    val_re_rand                loss=3.6195  surf[p=129.5415 Ux=3.5067 Uy=0.8384]  vol[p=108.8999 Ux=5.2565 Uy=2.2482]
Epoch   9 (143s) [49.2GB]  train[vol=0.6495 surf=0.3920]  val_avg_surf_p=150.0278 *
    val_single_in_dist         loss=12.7345  surf[p=208.3966 Ux=3.7093 Uy=0.9003]  vol[p=187.0480 Ux=6.4128 Uy=2.5812]
    val_geom_camber_rc         loss=5.4864  surf[p=165.2204 Ux=4.0387 Uy=1.1062]  vol[p=145.6354 Ux=6.3122 Uy=3.2090]
    val_geom_camber_cruise     loss=1.9490  surf[p=105.0423 Ux=3.0550 Uy=0.5648]  vol[p=85.3322 Ux=4.5187 Uy=1.4278]
    val_re_rand                loss=3.2261  surf[p=121.4519 Ux=3.4238 Uy=0.7948]  vol[p=104.6617 Ux=5.0488 Uy=2.1428]
Epoch  10 (144s) [49.2GB]  train[vol=0.6310 surf=0.3840]  val_avg_surf_p=136.4374 *
    val_single_in_dist         loss=10.7566  surf[p=185.8997 Ux=3.4319 Uy=0.8163]  vol[p=174.4034 Ux=5.9952 Uy=2.3843]
    val_geom_camber_rc         loss=4.7531  surf[p=150.5307 Ux=3.8086 Uy=1.0244]  vol[p=137.0086 Ux=5.9618 Uy=3.0413]
    val_geom_camber_cruise     loss=1.6737  surf[p=96.0940 Ux=2.9100 Uy=0.5345]  vol[p=80.2461 Ux=4.2181 Uy=1.3301]
    val_re_rand                loss=2.8690  surf[p=113.2251 Ux=3.2779 Uy=0.7496]  vol[p=100.0221 Ux=4.7945 Uy=2.0278]
Epoch  11 (143s) [49.2GB]  train[vol=0.5753 surf=0.3458]  val_avg_surf_p=126.2712 *
    val_single_in_dist         loss=9.4680  surf[p=170.6372 Ux=3.2209 Uy=0.7481]  vol[p=163.3602 Ux=5.7302 Uy=2.2098]
    val_geom_camber_rc         loss=4.2926  surf[p=140.7308 Ux=3.5514 Uy=0.9534]  vol[p=129.9760 Ux=5.7224 Uy=2.8940]
    val_geom_camber_cruise     loss=1.4635  surf[p=88.1860 Ux=2.6295 Uy=0.4957]  vol[p=74.5228 Ux=3.9813 Uy=1.2581]
    val_re_rand                loss=2.5897  surf[p=105.5307 Ux=3.0140 Uy=0.6925]  vol[p=94.6599 Ux=4.5610 Uy=1.9244]
Epoch  12 (142s) [49.2GB]  train[vol=0.5712 surf=0.3448]  val_avg_surf_p=118.2279 *
    val_single_in_dist         loss=8.1861  surf[p=156.5438 Ux=2.9110 Uy=0.6785]  vol[p=152.3993 Ux=5.3628 Uy=2.0730]
    val_geom_camber_rc         loss=3.9661  surf[p=133.9260 Ux=3.2302 Uy=0.8951]  vol[p=124.9697 Ux=5.4909 Uy=2.7743]
    val_geom_camber_cruise     loss=1.2936  surf[p=82.6730 Ux=2.3154 Uy=0.4656]  vol[p=71.2018 Ux=3.7046 Uy=1.1969]
    val_re_rand                loss=2.3518  surf[p=99.7689 Ux=2.6963 Uy=0.6470]  vol[p=90.8412 Ux=4.3111 Uy=1.8371]
Epoch  13 (144s) [49.2GB]  train[vol=0.5300 surf=0.3217]  val_avg_surf_p=110.6642 *
    val_single_in_dist         loss=7.2214  surf[p=144.9864 Ux=2.5534 Uy=0.6284]  vol[p=142.3184 Ux=5.0236 Uy=1.9485]
    val_geom_camber_rc         loss=3.6662  surf[p=127.1414 Ux=2.8994 Uy=0.8411]  vol[p=119.8483 Ux=5.2492 Uy=2.6547]
    val_geom_camber_cruise     loss=1.1130  surf[p=76.5849 Ux=1.9281 Uy=0.4327]  vol[p=67.0216 Ux=3.4078 Uy=1.1285]
    val_re_rand                loss=2.1386  surf[p=93.9443 Ux=2.3340 Uy=0.6046]  vol[p=86.3668 Ux=4.0447 Uy=1.7453]
Epoch  14 (144s) [49.2GB]  train[vol=0.5042 surf=0.2989]  val_avg_surf_p=102.7745 *
    val_single_in_dist         loss=6.3077  surf[p=132.8157 Ux=2.1619 Uy=0.5792]  vol[p=131.2001 Ux=4.6576 Uy=1.8239]
    val_geom_camber_rc         loss=3.3744  surf[p=118.2180 Ux=2.5772 Uy=0.7900]  vol[p=113.0341 Ux=5.0092 Uy=2.5322]
    val_geom_camber_cruise     loss=0.9776  surf[p=71.6238 Ux=1.5887 Uy=0.4047]  vol[p=63.4280 Ux=3.1488 Uy=1.0672]
    val_re_rand                loss=1.9470  surf[p=88.4406 Ux=2.0221 Uy=0.5694]  vol[p=82.0979 Ux=3.8194 Uy=1.6621]
Epoch  15 (143s) [49.2GB]  train[vol=0.4971 surf=0.2977]  val_avg_surf_p=96.9122 *
    val_single_in_dist         loss=5.7390  surf[p=123.3733 Ux=1.8784 Uy=0.5467]  vol[p=122.1554 Ux=4.3561 Uy=1.7119]
    val_geom_camber_rc         loss=3.1472  surf[p=112.4290 Ux=2.3195 Uy=0.7553]  vol[p=108.4608 Ux=4.7963 Uy=2.4251]
    val_geom_camber_cruise     loss=0.8685  surf[p=67.2325 Ux=1.3110 Uy=0.3800]  vol[p=59.9878 Ux=2.9220 Uy=1.0086]
    val_re_rand                loss=1.8193  surf[p=84.6142 Ux=1.7667 Uy=0.5418]  vol[p=79.0155 Ux=3.6177 Uy=1.5882]
Epoch  16 (145s) [49.2GB]  train[vol=0.4653 surf=0.2734]  val_avg_surf_p=89.8474 *
    val_single_in_dist         loss=4.8972  surf[p=112.3582 Ux=1.6339 Uy=0.5150]  vol[p=112.6024 Ux=4.0774 Uy=1.6154]
    val_geom_camber_rc         loss=2.9263  surf[p=105.8473 Ux=2.1275 Uy=0.7232]  vol[p=103.7159 Ux=4.6348 Uy=2.3318]
    val_geom_camber_cruise     loss=0.7711  surf[p=61.7467 Ux=1.1237 Uy=0.3544]  vol[p=55.3478 Ux=2.7548 Uy=0.9536]
    val_re_rand                loss=1.6877  surf[p=79.4375 Ux=1.5959 Uy=0.5167]  vol[p=74.8805 Ux=3.4618 Uy=1.5186]
Epoch  17 (143s) [49.2GB]  train[vol=0.4444 surf=0.2571]  val_avg_surf_p=84.3245 *
    val_single_in_dist         loss=4.2810  surf[p=102.9739 Ux=1.4605 Uy=0.4880]  vol[p=104.6740 Ux=3.8487 Uy=1.5384]
    val_geom_camber_rc         loss=2.7469  surf[p=100.5004 Ux=1.9889 Uy=0.6946]  vol[p=99.4553 Ux=4.4916 Uy=2.2487]
    val_geom_camber_cruise     loss=0.7143  surf[p=57.8922 Ux=1.0095 Uy=0.3343]  vol[p=51.6857 Ux=2.5892 Uy=0.9076]
    val_re_rand                loss=1.6071  surf[p=75.9315 Ux=1.4849 Uy=0.4946]  vol[p=71.8052 Ux=3.3239 Uy=1.4583]
Epoch  18 (141s) [49.2GB]  train[vol=0.4402 surf=0.2543]  val_avg_surf_p=79.9977 *
    val_single_in_dist         loss=3.9106  surf[p=97.0119 Ux=1.3237 Uy=0.4721]  vol[p=100.3238 Ux=3.6723 Uy=1.4817]
    val_geom_camber_rc         loss=2.5972  surf[p=95.8741 Ux=1.8595 Uy=0.6730]  vol[p=96.1557 Ux=4.3592 Uy=2.1668]
    val_geom_camber_cruise     loss=0.6648  surf[p=54.2772 Ux=0.9441 Uy=0.3206]  vol[p=48.4482 Ux=2.4791 Uy=0.8681]
    val_re_rand                loss=1.5541  surf[p=72.8277 Ux=1.3944 Uy=0.4800]  vol[p=69.3348 Ux=3.2114 Uy=1.4026]
Epoch  19 (144s) [49.2GB]  train[vol=0.4450 surf=0.2597]  val_avg_surf_p=76.7265 *
    val_single_in_dist         loss=3.6436  surf[p=92.6151 Ux=1.1692 Uy=0.4618]  vol[p=95.8180 Ux=3.5163 Uy=1.4237]
    val_geom_camber_rc         loss=2.4573  surf[p=92.2192 Ux=1.7546 Uy=0.6555]  vol[p=93.4659 Ux=4.2544 Uy=2.0909]
    val_geom_camber_cruise     loss=0.6172  surf[p=51.4174 Ux=0.8360 Uy=0.3093]  vol[p=46.2803 Ux=2.3656 Uy=0.8410]
    val_re_rand                loss=1.5048  surf[p=70.6543 Ux=1.3012 Uy=0.4679]  vol[p=67.8130 Ux=3.1167 Uy=1.3567]
Epoch  20 (142s) [49.2GB]  train[vol=0.4111 surf=0.2366]  val_avg_surf_p=73.8982 *
    val_single_in_dist         loss=3.3524  surf[p=87.9576 Ux=1.0656 Uy=0.4438]  vol[p=91.7806 Ux=3.4051 Uy=1.3752]
    val_geom_camber_rc         loss=2.3442  surf[p=89.5086 Ux=1.6418 Uy=0.6400]  vol[p=91.5224 Ux=4.1531 Uy=2.0284]
    val_geom_camber_cruise     loss=0.5722  surf[p=49.1414 Ux=0.7385 Uy=0.2969]  vol[p=44.3527 Ux=2.2804 Uy=0.8143]
    val_re_rand                loss=1.4654  surf[p=68.9853 Ux=1.1960 Uy=0.4548]  vol[p=66.5612 Ux=3.0334 Uy=1.3173]
Epoch  21 (142s) [49.2GB]  train[vol=0.4151 surf=0.2391]  val_avg_surf_p=71.6450 *
    val_single_in_dist         loss=3.2299  surf[p=85.6828 Ux=0.9784 Uy=0.4304]  vol[p=90.0023 Ux=3.3151 Uy=1.3414]
    val_geom_camber_rc         loss=2.2633  surf[p=87.1410 Ux=1.5497 Uy=0.6254]  vol[p=89.9707 Ux=4.0692 Uy=1.9764]
    val_geom_camber_cruise     loss=0.5368  surf[p=46.9789 Ux=0.6605 Uy=0.2843]  vol[p=42.6783 Ux=2.2134 Uy=0.7902]
    val_re_rand                loss=1.4169  surf[p=66.7774 Ux=1.1040 Uy=0.4403]  vol[p=64.9483 Ux=2.9557 Uy=1.2811]
Epoch  22 (142s) [49.2GB]  train[vol=0.4093 surf=0.2346]  val_avg_surf_p=69.5509 *
    val_single_in_dist         loss=3.1757  surf[p=83.3534 Ux=0.9500 Uy=0.4160]  vol[p=87.6851 Ux=3.2524 Uy=1.3129]
    val_geom_camber_rc         loss=2.1359  surf[p=85.1464 Ux=1.4969 Uy=0.6105]  vol[p=87.9421 Ux=3.9838 Uy=1.9298]
    val_geom_camber_cruise     loss=0.5016  surf[p=45.0668 Ux=0.6341 Uy=0.2735]  vol[p=41.2413 Ux=2.1521 Uy=0.7668]
    val_re_rand                loss=1.3713  surf[p=64.6369 Ux=1.0608 Uy=0.4261]  vol[p=63.2340 Ux=2.8808 Uy=1.2489]
Epoch  23 (141s) [49.2GB]  train[vol=0.4004 surf=0.2267]  val_avg_surf_p=67.5606 *
    val_single_in_dist         loss=2.9630  surf[p=80.1930 Ux=0.8896 Uy=0.4070]  vol[p=84.4588 Ux=3.1795 Uy=1.2859]
    val_geom_camber_rc         loss=2.0853  surf[p=83.2287 Ux=1.4321 Uy=0.5960]  vol[p=86.4692 Ux=3.9226 Uy=1.8872]
    val_geom_camber_cruise     loss=0.4755  surf[p=43.6070 Ux=0.5897 Uy=0.2644]  vol[p=40.0730 Ux=2.1009 Uy=0.7475]
    val_re_rand                loss=1.3322  surf[p=63.2136 Ux=1.0034 Uy=0.4157]  vol[p=62.0972 Ux=2.8175 Uy=1.2224]
Epoch  24 (142s) [49.2GB]  train[vol=0.3944 surf=0.2247]  val_avg_surf_p=65.7701 *
    val_single_in_dist         loss=2.7747  surf[p=77.7652 Ux=0.9014 Uy=0.3941]  vol[p=82.7383 Ux=3.1291 Uy=1.2499]
    val_geom_camber_rc         loss=1.9600  surf[p=81.1103 Ux=1.4119 Uy=0.5800]  vol[p=84.8219 Ux=3.8599 Uy=1.8486]
    val_geom_camber_cruise     loss=0.4502  surf[p=42.1876 Ux=0.6179 Uy=0.2546]  vol[p=38.9101 Ux=2.0614 Uy=0.7274]
    val_re_rand                loss=1.2979  surf[p=62.0174 Ux=1.0217 Uy=0.4046]  vol[p=60.9476 Ux=2.7799 Uy=1.1962]
Epoch  25 (143s) [49.2GB]  train[vol=0.3899 surf=0.2223]  val_avg_surf_p=63.7415 *
    val_single_in_dist         loss=2.5949  surf[p=74.7334 Ux=0.8527 Uy=0.3824]  vol[p=80.4395 Ux=3.0703 Uy=1.2195]
    val_geom_camber_rc         loss=1.8885  surf[p=78.6782 Ux=1.3426 Uy=0.5648]  vol[p=82.5216 Ux=3.7972 Uy=1.8153]
    val_geom_camber_cruise     loss=0.4291  surf[p=40.8877 Ux=0.5616 Uy=0.2480]  vol[p=37.8215 Ux=2.0052 Uy=0.7132]
    val_re_rand                loss=1.2624  surf[p=60.6666 Ux=0.9610 Uy=0.3951]  vol[p=59.6403 Ux=2.7232 Uy=1.1731]
Epoch  26 (143s) [49.2GB]  train[vol=0.3644 surf=0.2025]  val_avg_surf_p=61.9671 *
    val_single_in_dist         loss=2.4746  surf[p=72.6099 Ux=0.8291 Uy=0.3752]  vol[p=78.1959 Ux=3.0389 Uy=1.2011]
    val_geom_camber_rc         loss=1.7937  surf[p=76.2824 Ux=1.2929 Uy=0.5532]  vol[p=80.1936 Ux=3.7336 Uy=1.7854]
    val_geom_camber_cruise     loss=0.4206  surf[p=39.8681 Ux=0.5386 Uy=0.2439]  vol[p=36.8501 Ux=1.9694 Uy=0.7022]
    val_re_rand                loss=1.2514  surf[p=59.1082 Ux=0.9281 Uy=0.3885]  vol[p=58.2812 Ux=2.6821 Uy=1.1571]
Epoch  27 (144s) [49.2GB]  train[vol=0.3625 surf=0.2014]  val_avg_surf_p=60.6832 *
    val_single_in_dist         loss=2.3532  surf[p=70.6580 Ux=0.7651 Uy=0.3691]  vol[p=75.8777 Ux=2.9745 Uy=1.1808]
    val_geom_camber_rc         loss=1.7450  surf[p=75.0793 Ux=1.2284 Uy=0.5429]  vol[p=78.7169 Ux=3.6775 Uy=1.7584]
    val_geom_camber_cruise     loss=0.4029  surf[p=38.7896 Ux=0.4839 Uy=0.2377]  vol[p=35.9991 Ux=1.9284 Uy=0.6898]
    val_re_rand                loss=1.2363  surf[p=58.2060 Ux=0.8714 Uy=0.3820]  vol[p=57.1149 Ux=2.6456 Uy=1.1402]
Epoch  28 (145s) [49.2GB]  train[vol=0.3549 surf=0.1971]  val_avg_surf_p=59.3084 *
    val_single_in_dist         loss=2.3021  surf[p=69.1991 Ux=0.7301 Uy=0.3601]  vol[p=74.0800 Ux=2.9136 Uy=1.1613]
    val_geom_camber_rc         loss=1.6489  surf[p=73.2172 Ux=1.1943 Uy=0.5331]  vol[p=77.2993 Ux=3.6338 Uy=1.7337]
    val_geom_camber_cruise     loss=0.3807  surf[p=37.7342 Ux=0.4702 Uy=0.2292]  vol[p=35.1561 Ux=1.8911 Uy=0.6754]
    val_re_rand                loss=1.2206  surf[p=57.0830 Ux=0.8473 Uy=0.3742]  vol[p=56.2268 Ux=2.5981 Uy=1.1221]
Epoch  29 (142s) [49.2GB]  train[vol=0.3520 surf=0.1955]  val_avg_surf_p=58.1039 *
    val_single_in_dist         loss=2.2593  surf[p=68.0367 Ux=0.7063 Uy=0.3530]  vol[p=72.5700 Ux=2.8812 Uy=1.1353]
    val_geom_camber_rc         loss=1.5891  surf[p=71.5987 Ux=1.1550 Uy=0.5244]  vol[p=75.7161 Ux=3.5879 Uy=1.7087]
    val_geom_camber_cruise     loss=0.3698  surf[p=36.8976 Ux=0.4301 Uy=0.2244]  vol[p=34.4519 Ux=1.8565 Uy=0.6663]
    val_re_rand                loss=1.1877  surf[p=55.8827 Ux=0.8046 Uy=0.3669]  vol[p=55.2041 Ux=2.5575 Uy=1.1034]
Epoch  30 (143s) [49.2GB]  train[vol=0.3470 surf=0.1889]  val_avg_surf_p=56.9117 *
    val_single_in_dist         loss=2.1589  surf[p=65.9777 Ux=0.6737 Uy=0.3459]  vol[p=70.8555 Ux=2.8315 Uy=1.1141]
    val_geom_camber_rc         loss=1.4546  surf[p=70.1245 Ux=1.1292 Uy=0.5176]  vol[p=74.0693 Ux=3.5436 Uy=1.6876]
    val_geom_camber_cruise     loss=0.3601  surf[p=36.3635 Ux=0.4119 Uy=0.2211]  vol[p=33.8820 Ux=1.8333 Uy=0.6542]
    val_re_rand                loss=1.1924  surf[p=55.1811 Ux=0.7819 Uy=0.3624]  vol[p=54.5156 Ux=2.5305 Uy=1.0877]
Epoch  31 (141s) [49.2GB]  train[vol=0.3471 surf=0.1930]  val_avg_surf_p=55.7211 *
    val_single_in_dist         loss=2.0731  surf[p=64.1581 Ux=0.6571 Uy=0.3395]  vol[p=68.9255 Ux=2.7846 Uy=1.0961]
    val_geom_camber_rc         loss=1.3468  surf[p=68.8465 Ux=1.1163 Uy=0.5106]  vol[p=72.2825 Ux=3.4918 Uy=1.6610]
    val_geom_camber_cruise     loss=0.3454  surf[p=35.5447 Ux=0.4035 Uy=0.2190]  vol[p=33.0967 Ux=1.8016 Uy=0.6444]
    val_re_rand                loss=1.1884  surf[p=54.3351 Ux=0.7755 Uy=0.3582]  vol[p=53.6108 Ux=2.5025 Uy=1.0724]
Epoch  32 (141s) [49.2GB]  train[vol=0.3491 surf=0.1937]  val_avg_surf_p=54.7804 *
    val_single_in_dist         loss=2.0169  surf[p=62.6359 Ux=0.6426 Uy=0.3346]  vol[p=67.0474 Ux=2.7544 Uy=1.0817]
    val_geom_camber_rc         loss=1.3117  surf[p=68.0863 Ux=1.0962 Uy=0.5028]  vol[p=71.4292 Ux=3.4480 Uy=1.6380]
    val_geom_camber_cruise     loss=0.3339  surf[p=34.9638 Ux=0.3905 Uy=0.2169]  vol[p=32.7332 Ux=1.7757 Uy=0.6373]
    val_re_rand                loss=1.1659  surf[p=53.4354 Ux=0.7528 Uy=0.3529]  vol[p=52.6841 Ux=2.4717 Uy=1.0577]
Epoch  33 (141s) [49.2GB]  train[vol=0.3284 surf=0.1773]  val_avg_surf_p=54.1340 *
    val_single_in_dist         loss=2.0571  surf[p=62.1585 Ux=0.6340 Uy=0.3305]  vol[p=65.5342 Ux=2.7334 Uy=1.0627]
    val_geom_camber_rc         loss=1.3083  surf[p=67.4177 Ux=1.0790 Uy=0.4944]  vol[p=71.2089 Ux=3.4173 Uy=1.6160]
    val_geom_camber_cruise     loss=0.3236  surf[p=34.2223 Ux=0.3880 Uy=0.2133]  vol[p=32.2954 Ux=1.7516 Uy=0.6277]
    val_re_rand                loss=1.1176  surf[p=52.7374 Ux=0.7403 Uy=0.3479]  vol[p=52.2261 Ux=2.4420 Uy=1.0432]
Epoch  34 (142s) [49.2GB]  train[vol=0.3248 surf=0.1770]  val_avg_surf_p=52.7870 *
    val_single_in_dist         loss=1.9977  surf[p=60.4405 Ux=0.6221 Uy=0.3268]  vol[p=64.2417 Ux=2.7050 Uy=1.0487]
    val_geom_camber_rc         loss=1.2171  surf[p=65.4651 Ux=1.0696 Uy=0.4874]  vol[p=69.4510 Ux=3.3826 Uy=1.5896]
    val_geom_camber_cruise     loss=0.3146  surf[p=33.2252 Ux=0.3816 Uy=0.2102]  vol[p=31.4983 Ux=1.7184 Uy=0.6214]
    val_re_rand                loss=1.0997  surf[p=52.0173 Ux=0.7391 Uy=0.3444]  vol[p=51.6372 Ux=2.4213 Uy=1.0330]
Epoch  35 (141s) [49.2GB]  train[vol=0.3448 surf=0.1897]  val_avg_surf_p=51.6946 *
    val_single_in_dist         loss=1.8816  surf[p=58.4770 Ux=0.6038 Uy=0.3242]  vol[p=62.7501 Ux=2.6675 Uy=1.0333]
    val_geom_camber_rc         loss=1.1904  surf[p=64.4612 Ux=1.0514 Uy=0.4822]  vol[p=68.7012 Ux=3.3609 Uy=1.5709]
    val_geom_camber_cruise     loss=0.3064  surf[p=32.7875 Ux=0.3730 Uy=0.2080]  vol[p=31.2866 Ux=1.7020 Uy=0.6182]
    val_re_rand                loss=1.0427  surf[p=51.0525 Ux=0.7182 Uy=0.3392]  vol[p=50.8939 Ux=2.3960 Uy=1.0231]
Epoch  36 (141s) [49.2GB]  train[vol=0.3147 surf=0.1658]  val_avg_surf_p=51.0159 *
    val_single_in_dist         loss=1.8041  surf[p=57.3195 Ux=0.5915 Uy=0.3210]  vol[p=61.6004 Ux=2.6397 Uy=1.0206]
    val_geom_camber_rc         loss=1.2636  surf[p=64.3053 Ux=1.0390 Uy=0.4805]  vol[p=69.0809 Ux=3.3517 Uy=1.5638]
    val_geom_camber_cruise     loss=0.3001  surf[p=32.0354 Ux=0.3764 Uy=0.2053]  vol[p=30.9061 Ux=1.6898 Uy=0.6128]
    val_re_rand                loss=0.9911  surf[p=50.4034 Ux=0.7145 Uy=0.3355]  vol[p=50.4710 Ux=2.3747 Uy=1.0153]
Epoch  37 (143s) [49.2GB]  train[vol=0.3136 surf=0.1682]  val_avg_surf_p=49.9496 *
    val_single_in_dist         loss=1.7242  surf[p=55.2613 Ux=0.5656 Uy=0.3156]  vol[p=60.6526 Ux=2.5931 Uy=1.0035]
    val_geom_camber_rc         loss=1.2761  surf[p=63.6439 Ux=1.0211 Uy=0.4764]  vol[p=68.5144 Ux=3.3228 Uy=1.5526]
    val_geom_camber_cruise     loss=0.2941  surf[p=31.5327 Ux=0.3673 Uy=0.2027]  vol[p=30.5249 Ux=1.6731 Uy=0.6062]
    val_re_rand                loss=0.9552  surf[p=49.3604 Ux=0.6993 Uy=0.3312]  vol[p=49.5992 Ux=2.3480 Uy=1.0065]
Epoch  38 (142s) [49.2GB]  train[vol=0.3155 surf=0.1708]  val_avg_surf_p=49.3285 *
    val_single_in_dist         loss=1.7351  surf[p=54.5690 Ux=0.5694 Uy=0.3119]  vol[p=59.7388 Ux=2.5700 Uy=0.9853]
    val_geom_camber_rc         loss=1.2391  surf[p=62.8874 Ux=1.0126 Uy=0.4712]  vol[p=67.9430 Ux=3.2944 Uy=1.5378]
    val_geom_camber_cruise     loss=0.2885  surf[p=31.1508 Ux=0.3618 Uy=0.2004]  vol[p=30.1748 Ux=1.6517 Uy=0.5993]
    val_re_rand                loss=0.9401  surf[p=48.7067 Ux=0.6843 Uy=0.3277]  vol[p=48.9141 Ux=2.3241 Uy=0.9971]
Epoch  39 (145s) [49.2GB]  train[vol=0.3205 surf=0.1733]  val_avg_surf_p=48.8687 *
    val_single_in_dist         loss=1.7395  surf[p=54.6533 Ux=0.5765 Uy=0.3092]  vol[p=59.2688 Ux=2.5597 Uy=0.9720]
    val_geom_camber_rc         loss=1.1982  surf[p=61.9844 Ux=0.9960 Uy=0.4659]  vol[p=66.9999 Ux=3.2651 Uy=1.5206]
    val_geom_camber_cruise     loss=0.2810  surf[p=30.5678 Ux=0.3552 Uy=0.1983]  vol[p=29.6832 Ux=1.6311 Uy=0.5914]
    val_re_rand                loss=0.9410  surf[p=48.2692 Ux=0.6803 Uy=0.3251]  vol[p=48.4548 Ux=2.3064 Uy=0.9900]
Epoch  40 (144s) [49.2GB]  train[vol=0.3182 surf=0.1728]  val_avg_surf_p=48.5088 *
    val_single_in_dist         loss=1.7809  surf[p=54.5067 Ux=0.5586 Uy=0.3069]  vol[p=59.2287 Ux=2.5296 Uy=0.9606]
    val_geom_camber_rc         loss=1.1955  surf[p=61.6145 Ux=0.9811 Uy=0.4629]  vol[p=66.0565 Ux=3.2449 Uy=1.5127]
    val_geom_camber_cruise     loss=0.2752  surf[p=30.1109 Ux=0.3564 Uy=0.1966]  vol[p=29.3737 Ux=1.6180 Uy=0.5849]
    val_re_rand                loss=0.9426  surf[p=47.8032 Ux=0.6712 Uy=0.3230]  vol[p=47.9941 Ux=2.2936 Uy=0.9835]
Epoch  41 (143s) [49.2GB]  train[vol=0.3082 surf=0.1647]  val_avg_surf_p=47.9107 *
    val_single_in_dist         loss=1.7312  surf[p=53.1176 Ux=0.5523 Uy=0.3040]  vol[p=58.2735 Ux=2.5083 Uy=0.9487]
    val_geom_camber_rc         loss=1.1598  surf[p=61.1223 Ux=0.9671 Uy=0.4582]  vol[p=65.5386 Ux=3.2186 Uy=1.4990]
    val_geom_camber_cruise     loss=0.2662  surf[p=29.7047 Ux=0.3530 Uy=0.1954]  vol[p=28.9616 Ux=1.6070 Uy=0.5783]
    val_re_rand                loss=0.9595  surf[p=47.6981 Ux=0.6682 Uy=0.3231]  vol[p=47.9013 Ux=2.2834 Uy=0.9778]
Epoch  42 (142s) [49.2GB]  train[vol=0.3056 surf=0.1619]  val_avg_surf_p=47.6332 *
    val_single_in_dist         loss=1.6990  surf[p=52.4298 Ux=0.5524 Uy=0.3003]  vol[p=57.8623 Ux=2.4960 Uy=0.9356]
    val_geom_camber_rc         loss=1.1570  surf[p=61.2905 Ux=0.9584 Uy=0.4538]  vol[p=65.3445 Ux=3.1943 Uy=1.4872]
    val_geom_camber_cruise     loss=0.2601  surf[p=29.3419 Ux=0.3490 Uy=0.1944]  vol[p=28.6596 Ux=1.5957 Uy=0.5729]
    val_re_rand                loss=0.9520  surf[p=47.4706 Ux=0.6630 Uy=0.3209]  vol[p=47.7528 Ux=2.2671 Uy=0.9692]
Epoch  43 (143s) [49.2GB]  train[vol=0.2990 surf=0.1596]  val_avg_surf_p=46.8943 *
    val_single_in_dist         loss=1.6584  surf[p=51.4292 Ux=0.5427 Uy=0.2959]  vol[p=57.3741 Ux=2.4723 Uy=0.9239]
    val_geom_camber_rc         loss=1.0881  surf[p=60.3575 Ux=0.9535 Uy=0.4496]  vol[p=64.2178 Ux=3.1666 Uy=1.4687]
    val_geom_camber_cruise     loss=0.2577  surf[p=29.1297 Ux=0.3439 Uy=0.1936]  vol[p=28.6002 Ux=1.5775 Uy=0.5700]
    val_re_rand                loss=0.9345  surf[p=46.6610 Ux=0.6525 Uy=0.3168]  vol[p=47.2108 Ux=2.2498 Uy=0.9591]
Epoch  44 (142s) [49.2GB]  train[vol=0.3067 surf=0.1663]  val_avg_surf_p=46.5029 *
    val_single_in_dist         loss=1.6741  surf[p=51.3520 Ux=0.5424 Uy=0.2956]  vol[p=56.6624 Ux=2.4555 Uy=0.9130]
    val_geom_camber_rc         loss=1.0387  surf[p=59.6752 Ux=0.9376 Uy=0.4459]  vol[p=63.5785 Ux=3.1453 Uy=1.4522]
    val_geom_camber_cruise     loss=0.2535  surf[p=28.6819 Ux=0.3397 Uy=0.1922]  vol[p=28.2186 Ux=1.5667 Uy=0.5642]
    val_re_rand                loss=0.9490  surf[p=46.3024 Ux=0.6472 Uy=0.3156]  vol[p=46.9358 Ux=2.2363 Uy=0.9544]
Epoch  45 (141s) [49.2GB]  train[vol=0.2963 surf=0.1569]  val_avg_surf_p=46.2465 *
    val_single_in_dist         loss=1.6466  surf[p=50.7538 Ux=0.5391 Uy=0.2932]  vol[p=56.2439 Ux=2.4363 Uy=0.9018]
    val_geom_camber_rc         loss=1.0421  surf[p=59.7585 Ux=0.9269 Uy=0.4436]  vol[p=63.4021 Ux=3.1219 Uy=1.4428]
    val_geom_camber_cruise     loss=0.2502  surf[p=28.4370 Ux=0.3429 Uy=0.1911]  vol[p=27.9873 Ux=1.5639 Uy=0.5592]
    val_re_rand                loss=0.9092  surf[p=46.0366 Ux=0.6406 Uy=0.3132]  vol[p=46.5729 Ux=2.2217 Uy=0.9483]
Epoch  46 (142s) [49.2GB]  train[vol=0.2992 surf=0.1596]  val_avg_surf_p=45.9032 *
    val_single_in_dist         loss=1.5810  surf[p=49.9324 Ux=0.5278 Uy=0.2912]  vol[p=55.2513 Ux=2.4059 Uy=0.8925]
    val_geom_camber_rc         loss=1.0496  surf[p=59.6982 Ux=0.9175 Uy=0.4421]  vol[p=63.2696 Ux=3.1041 Uy=1.4384]
    val_geom_camber_cruise     loss=0.2468  surf[p=28.1661 Ux=0.3458 Uy=0.1909]  vol[p=27.8660 Ux=1.5535 Uy=0.5549]
    val_re_rand                loss=0.8838  surf[p=45.8162 Ux=0.6346 Uy=0.3103]  vol[p=46.3148 Ux=2.2065 Uy=0.9424]
Epoch  47 (142s) [49.2GB]  train[vol=0.2966 surf=0.1555]  val_avg_surf_p=45.2789 *
    val_single_in_dist         loss=1.5514  surf[p=49.1326 Ux=0.5158 Uy=0.2892]  vol[p=54.7472 Ux=2.3842 Uy=0.8840]
    val_geom_camber_rc         loss=1.0122  surf[p=58.7074 Ux=0.9036 Uy=0.4385]  vol[p=62.5163 Ux=3.0814 Uy=1.4289]
    val_geom_camber_cruise     loss=0.2422  surf[p=27.7549 Ux=0.3326 Uy=0.1897]  vol[p=27.5876 Ux=1.5375 Uy=0.5505]
    val_re_rand                loss=0.8817  surf[p=45.5208 Ux=0.6249 Uy=0.3086]  vol[p=46.0987 Ux=2.1891 Uy=0.9374]
Epoch  48 (142s) [49.2GB]  train[vol=0.2887 surf=0.1522]  val_avg_surf_p=44.9397 *
    val_single_in_dist         loss=1.5878  surf[p=48.8548 Ux=0.5049 Uy=0.2867]  vol[p=54.6471 Ux=2.3640 Uy=0.8754]
    val_geom_camber_rc         loss=0.9691  surf[p=58.1924 Ux=0.8902 Uy=0.4357]  vol[p=61.9547 Ux=3.0558 Uy=1.4201]
    val_geom_camber_cruise     loss=0.2371  surf[p=27.4692 Ux=0.3301 Uy=0.1883]  vol[p=27.3487 Ux=1.5303 Uy=0.5494]
    val_re_rand                loss=0.8756  surf[p=45.2423 Ux=0.6190 Uy=0.3059]  vol[p=45.8027 Ux=2.1759 Uy=0.9328]
Epoch  49 (144s) [49.2GB]  train[vol=0.2856 surf=0.1520]  val_avg_surf_p=44.4442 *
    val_single_in_dist         loss=1.5894  surf[p=48.6922 Ux=0.5025 Uy=0.2843]  vol[p=53.9726 Ux=2.3488 Uy=0.8682]
    val_geom_camber_rc         loss=0.9458  surf[p=57.4285 Ux=0.8771 Uy=0.4320]  vol[p=61.5043 Ux=3.0352 Uy=1.4100]
    val_geom_camber_cruise     loss=0.2364  surf[p=27.3560 Ux=0.3246 Uy=0.1865]  vol[p=27.2661 Ux=1.5190 Uy=0.5462]
    val_re_rand                loss=0.8499  surf[p=44.2999 Ux=0.6112 Uy=0.3022]  vol[p=44.9609 Ux=2.1581 Uy=0.9225]
Epoch  50 (143s) [49.2GB]  train[vol=0.2909 surf=0.1530]  val_avg_surf_p=44.0046 *
    val_single_in_dist         loss=1.5646  surf[p=47.5825 Ux=0.4922 Uy=0.2823]  vol[p=53.0378 Ux=2.3323 Uy=0.8599]
    val_geom_camber_rc         loss=0.9479  surf[p=57.4147 Ux=0.8697 Uy=0.4298]  vol[p=61.4322 Ux=3.0220 Uy=1.4004]
    val_geom_camber_cruise     loss=0.2344  surf[p=27.2186 Ux=0.3244 Uy=0.1850]  vol[p=27.0818 Ux=1.5067 Uy=0.5420]
    val_re_rand                loss=0.8381  surf[p=43.8027 Ux=0.6038 Uy=0.2997]  vol[p=44.4303 Ux=2.1461 Uy=0.9143]
Epoch  51 (142s) [49.2GB]  train[vol=0.2870 surf=0.1487]  val_avg_surf_p=43.3143 *
    val_single_in_dist         loss=1.4903  surf[p=46.6082 Ux=0.4897 Uy=0.2798]  vol[p=52.1373 Ux=2.3182 Uy=0.8500]
    val_geom_camber_rc         loss=0.9153  surf[p=56.2977 Ux=0.8585 Uy=0.4253]  vol[p=60.5266 Ux=3.0051 Uy=1.3872]
    val_geom_camber_cruise     loss=0.2299  surf[p=26.8889 Ux=0.3251 Uy=0.1838]  vol[p=26.8723 Ux=1.4997 Uy=0.5373]
    val_re_rand                loss=0.8674  surf[p=43.4625 Ux=0.6032 Uy=0.2987]  vol[p=44.2586 Ux=2.1378 Uy=0.9109]
Epoch  52 (141s) [49.2GB]  train[vol=0.2895 surf=0.1521]  val_avg_surf_p=43.1998 *
    val_single_in_dist         loss=1.5055  surf[p=47.1086 Ux=0.4891 Uy=0.2793]  vol[p=52.0032 Ux=2.3057 Uy=0.8456]
    val_geom_camber_rc         loss=0.8998  surf[p=55.9070 Ux=0.8476 Uy=0.4242]  vol[p=60.1088 Ux=2.9963 Uy=1.3802]
    val_geom_camber_cruise     loss=0.2281  surf[p=26.7161 Ux=0.3190 Uy=0.1826]  vol[p=26.5752 Ux=1.4909 Uy=0.5330]
    val_re_rand                loss=0.8990  surf[p=43.0674 Ux=0.5964 Uy=0.2983]  vol[p=43.9902 Ux=2.1293 Uy=0.9082]
Epoch  53 (141s) [49.2GB]  train[vol=0.2731 surf=0.1404]  val_avg_surf_p=43.0582 *
    val_single_in_dist         loss=1.5316  surf[p=47.1914 Ux=0.4912 Uy=0.2785]  vol[p=52.0432 Ux=2.2964 Uy=0.8405]
    val_geom_camber_rc         loss=0.8873  surf[p=55.2923 Ux=0.8397 Uy=0.4207]  vol[p=59.5311 Ux=2.9776 Uy=1.3703]
    val_geom_camber_cruise     loss=0.2264  surf[p=26.4794 Ux=0.3204 Uy=0.1809]  vol[p=26.3915 Ux=1.4873 Uy=0.5289]
    val_re_rand                loss=0.8803  surf[p=43.2697 Ux=0.5920 Uy=0.2974]  vol[p=44.0594 Ux=2.1190 Uy=0.9031]
Epoch  54 (145s) [49.2GB]  train[vol=0.2700 surf=0.1386]  val_avg_surf_p=42.7118 *
    val_single_in_dist         loss=1.4867  surf[p=46.4943 Ux=0.4875 Uy=0.2767]  vol[p=51.3556 Ux=2.2782 Uy=0.8327]
    val_geom_camber_rc         loss=0.8863  surf[p=55.3968 Ux=0.8368 Uy=0.4194]  vol[p=59.4479 Ux=2.9669 Uy=1.3667]
    val_geom_camber_cruise     loss=0.2217  surf[p=26.2448 Ux=0.3199 Uy=0.1793]  vol[p=26.2236 Ux=1.4790 Uy=0.5268]
    val_re_rand                loss=0.8539  surf[p=42.7112 Ux=0.5874 Uy=0.2947]  vol[p=43.6935 Ux=2.1013 Uy=0.8947]
Epoch  55 (141s) [49.2GB]  train[vol=0.2648 surf=0.1325]  val_avg_surf_p=42.5277 *
    val_single_in_dist         loss=1.4350  surf[p=46.3581 Ux=0.4814 Uy=0.2758]  vol[p=50.9092 Ux=2.2682 Uy=0.8263]
    val_geom_camber_rc         loss=0.8895  surf[p=55.3161 Ux=0.8294 Uy=0.4179]  vol[p=59.2873 Ux=2.9571 Uy=1.3613]
    val_geom_camber_cruise     loss=0.2200  surf[p=25.9592 Ux=0.3138 Uy=0.1782]  vol[p=26.0942 Ux=1.4708 Uy=0.5240]
    val_re_rand                loss=0.8544  surf[p=42.4772 Ux=0.5783 Uy=0.2937]  vol[p=43.4390 Ux=2.0883 Uy=0.8889]
Epoch  56 (142s) [49.2GB]  train[vol=0.2789 surf=0.1442]  val_avg_surf_p=42.9610
    val_single_in_dist         loss=1.4671  surf[p=47.7463 Ux=0.4798 Uy=0.2743]  vol[p=51.9373 Ux=2.2623 Uy=0.8233]
    val_geom_camber_rc         loss=0.9244  surf[p=56.1163 Ux=0.8229 Uy=0.4172]  vol[p=59.9037 Ux=2.9485 Uy=1.3581]
    val_geom_camber_cruise     loss=0.2180  surf[p=25.6291 Ux=0.3135 Uy=0.1773]  vol[p=25.9959 Ux=1.4647 Uy=0.5222]
    val_re_rand                loss=0.8299  surf[p=42.3523 Ux=0.5736 Uy=0.2917]  vol[p=43.2712 Ux=2.0783 Uy=0.8832]
Epoch  57 (144s) [49.2GB]  train[vol=0.2839 surf=0.1498]  val_avg_surf_p=42.7347
    val_single_in_dist         loss=1.4878  surf[p=47.7749 Ux=0.4821 Uy=0.2745]  vol[p=51.7217 Ux=2.2573 Uy=0.8209]
    val_geom_camber_rc         loss=0.9057  surf[p=55.4225 Ux=0.8181 Uy=0.4146]  vol[p=59.3878 Ux=2.9362 Uy=1.3503]
    val_geom_camber_cruise     loss=0.2166  surf[p=25.5453 Ux=0.3103 Uy=0.1771]  vol[p=25.8881 Ux=1.4611 Uy=0.5198]
    val_re_rand                loss=0.8368  surf[p=42.1961 Ux=0.5734 Uy=0.2912]  vol[p=42.9169 Ux=2.0738 Uy=0.8800]
Epoch  58 (143s) [49.2GB]  train[vol=0.2727 surf=0.1413]  val_avg_surf_p=42.2728 *
    val_single_in_dist         loss=1.5323  surf[p=47.2473 Ux=0.4788 Uy=0.2724]  vol[p=50.9218 Ux=2.2393 Uy=0.8132]
    val_geom_camber_rc         loss=0.8628  surf[p=54.7296 Ux=0.8081 Uy=0.4116]  vol[p=58.6295 Ux=2.9238 Uy=1.3371]
    val_geom_camber_cruise     loss=0.2145  surf[p=25.4437 Ux=0.3050 Uy=0.1756]  vol[p=25.6356 Ux=1.4510 Uy=0.5172]
    val_re_rand                loss=0.8711  surf[p=41.6708 Ux=0.5662 Uy=0.2901]  vol[p=42.4033 Ux=2.0622 Uy=0.8757]
Epoch  59 (141s) [49.2GB]  train[vol=0.2609 surf=0.1310]  val_avg_surf_p=42.0861 *
    val_single_in_dist         loss=1.5314  surf[p=47.0516 Ux=0.4803 Uy=0.2711]  vol[p=50.6378 Ux=2.2278 Uy=0.8087]
    val_geom_camber_rc         loss=0.8423  surf[p=54.4433 Ux=0.8009 Uy=0.4104]  vol[p=58.2320 Ux=2.9047 Uy=1.3297]
    val_geom_camber_cruise     loss=0.2145  surf[p=25.3598 Ux=0.3076 Uy=0.1754]  vol[p=25.5587 Ux=1.4471 Uy=0.5138]
    val_re_rand                loss=0.8963  surf[p=41.4897 Ux=0.5641 Uy=0.2892]  vol[p=42.2970 Ux=2.0538 Uy=0.8719]
Epoch  60 (142s) [49.2GB]  train[vol=0.2759 surf=0.1430]  val_avg_surf_p=41.8309 *
    val_single_in_dist         loss=1.5453  surf[p=46.6434 Ux=0.4799 Uy=0.2707]  vol[p=50.5635 Ux=2.2170 Uy=0.8032]
    val_geom_camber_rc         loss=0.8299  surf[p=54.0442 Ux=0.8021 Uy=0.4084]  vol[p=58.1202 Ux=2.8954 Uy=1.3242]
    val_geom_camber_cruise     loss=0.2129  surf[p=25.2106 Ux=0.3113 Uy=0.1743]  vol[p=25.4505 Ux=1.4451 Uy=0.5115]
    val_re_rand                loss=0.8733  surf[p=41.4256 Ux=0.5680 Uy=0.2880]  vol[p=42.2578 Ux=2.0495 Uy=0.8695]
Epoch  61 (142s) [49.2GB]  train[vol=0.2583 surf=0.1288]  val_avg_surf_p=41.2856 *
    val_single_in_dist         loss=1.5008  surf[p=45.9056 Ux=0.4751 Uy=0.2701]  vol[p=50.2103 Ux=2.2054 Uy=0.7999]
    val_geom_camber_rc         loss=0.8132  surf[p=53.2647 Ux=0.7949 Uy=0.4065]  vol[p=57.1784 Ux=2.8806 Uy=1.3182]
    val_geom_camber_cruise     loss=0.2104  surf[p=24.9346 Ux=0.3083 Uy=0.1744]  vol[p=25.2096 Ux=1.4402 Uy=0.5100]
    val_re_rand                loss=0.8773  surf[p=41.0375 Ux=0.5635 Uy=0.2873]  vol[p=42.0109 Ux=2.0411 Uy=0.8672]
Epoch  62 (142s) [49.2GB]  train[vol=0.2654 surf=0.1351]  val_avg_surf_p=41.0969 *
    val_single_in_dist         loss=1.4667  surf[p=45.4864 Ux=0.4681 Uy=0.2679]  vol[p=50.0844 Ux=2.1995 Uy=0.7976]
    val_geom_camber_rc         loss=0.8072  surf[p=52.9619 Ux=0.7938 Uy=0.4038]  vol[p=56.9795 Ux=2.8733 Uy=1.3108]
    val_geom_camber_cruise     loss=0.2091  surf[p=24.8511 Ux=0.2998 Uy=0.1733]  vol[p=25.0714 Ux=1.4317 Uy=0.5083]
    val_re_rand                loss=0.8648  surf[p=41.0884 Ux=0.5616 Uy=0.2871]  vol[p=41.9585 Ux=2.0351 Uy=0.8649]
Epoch  63 (140s) [49.2GB]  train[vol=0.2579 surf=0.1274]  val_avg_surf_p=40.9193 *
    val_single_in_dist         loss=1.4410  surf[p=45.2754 Ux=0.4592 Uy=0.2653]  vol[p=49.4180 Ux=2.1815 Uy=0.7889]
    val_geom_camber_rc         loss=0.8054  surf[p=52.6463 Ux=0.7854 Uy=0.4016]  vol[p=56.6404 Ux=2.8623 Uy=1.3062]
    val_geom_camber_cruise     loss=0.2102  surf[p=24.8644 Ux=0.2980 Uy=0.1727]  vol[p=25.0592 Ux=1.4310 Uy=0.5073]
    val_re_rand                loss=0.8410  surf[p=40.8909 Ux=0.5565 Uy=0.2866]  vol[p=41.8601 Ux=2.0309 Uy=0.8630]
Epoch  64 (142s) [49.2GB]  train[vol=0.2551 surf=0.1250]  val_avg_surf_p=40.5388 *
    val_single_in_dist         loss=1.3730  surf[p=44.1848 Ux=0.4526 Uy=0.2632]  vol[p=48.7326 Ux=2.1668 Uy=0.7848]
    val_geom_camber_rc         loss=0.8158  surf[p=52.5177 Ux=0.7815 Uy=0.4007]  vol[p=56.4662 Ux=2.8535 Uy=1.3009]
    val_geom_camber_cruise     loss=0.2074  surf[p=24.7732 Ux=0.2997 Uy=0.1723]  vol[p=24.9493 Ux=1.4304 Uy=0.5062]
    val_re_rand                loss=0.8256  surf[p=40.6794 Ux=0.5519 Uy=0.2853]  vol[p=41.6017 Ux=2.0207 Uy=0.8595]
Epoch  65 (144s) [49.2GB]  train[vol=0.2491 surf=0.1260]  val_avg_surf_p=40.1821 *
    val_single_in_dist         loss=1.3585  surf[p=43.8943 Ux=0.4563 Uy=0.2619]  vol[p=48.1892 Ux=2.1548 Uy=0.7816]
    val_geom_camber_rc         loss=0.8264  surf[p=52.6041 Ux=0.7772 Uy=0.3992]  vol[p=56.4354 Ux=2.8458 Uy=1.2994]
    val_geom_camber_cruise     loss=0.2030  surf[p=24.3937 Ux=0.3014 Uy=0.1718]  vol[p=24.7163 Ux=1.4232 Uy=0.5023]
    val_re_rand                loss=0.8064  surf[p=39.8365 Ux=0.5451 Uy=0.2828]  vol[p=40.9644 Ux=2.0036 Uy=0.8530]
Epoch  66 (143s) [49.2GB]  train[vol=0.2592 surf=0.1288]  val_avg_surf_p=39.8676 *
    val_single_in_dist         loss=1.3014  surf[p=43.1490 Ux=0.4500 Uy=0.2597]  vol[p=47.7936 Ux=2.1373 Uy=0.7748]
    val_geom_camber_rc         loss=0.8413  surf[p=52.8286 Ux=0.7764 Uy=0.3997]  vol[p=56.5049 Ux=2.8490 Uy=1.2958]
    val_geom_camber_cruise     loss=0.1985  surf[p=24.1623 Ux=0.2961 Uy=0.1707]  vol[p=24.6166 Ux=1.4142 Uy=0.4996]
    val_re_rand                loss=0.7733  surf[p=39.3304 Ux=0.5371 Uy=0.2794]  vol[p=40.5332 Ux=1.9948 Uy=0.8471]
Epoch  67 (142s) [49.2GB]  train[vol=0.2524 surf=0.1251]  val_avg_surf_p=39.7651 *
    val_single_in_dist         loss=1.2942  surf[p=43.0602 Ux=0.4509 Uy=0.2585]  vol[p=47.1822 Ux=2.1322 Uy=0.7684]
    val_geom_camber_rc         loss=0.8647  surf[p=53.3157 Ux=0.7734 Uy=0.4008]  vol[p=57.1404 Ux=2.8470 Uy=1.2943]
    val_geom_camber_cruise     loss=0.1963  surf[p=23.8564 Ux=0.2928 Uy=0.1696]  vol[p=24.4527 Ux=1.4061 Uy=0.4956]
    val_re_rand                loss=0.7394  surf[p=38.8280 Ux=0.5351 Uy=0.2773]  vol[p=40.0229 Ux=1.9851 Uy=0.8424]
Epoch  68 (144s) [49.2GB]  train[vol=0.2401 surf=0.1158]  val_avg_surf_p=39.3358 *
    val_single_in_dist         loss=1.2628  surf[p=42.1555 Ux=0.4452 Uy=0.2556]  vol[p=46.8382 Ux=2.1199 Uy=0.7631]
    val_geom_camber_rc         loss=0.8605  surf[p=53.1203 Ux=0.7703 Uy=0.4009]  vol[p=56.8718 Ux=2.8414 Uy=1.2922]
    val_geom_camber_cruise     loss=0.1941  surf[p=23.5728 Ux=0.2935 Uy=0.1697]  vol[p=24.4054 Ux=1.4028 Uy=0.4941]
    val_re_rand                loss=0.7319  surf[p=38.4946 Ux=0.5291 Uy=0.2753]  vol[p=39.4994 Ux=1.9744 Uy=0.8361]
Epoch  69 (142s) [49.2GB]  train[vol=0.2399 surf=0.1181]  val_avg_surf_p=38.8918 *
    val_single_in_dist         loss=1.2472  surf[p=41.3933 Ux=0.4407 Uy=0.2528]  vol[p=46.2768 Ux=2.1053 Uy=0.7561]
    val_geom_camber_rc         loss=0.8347  surf[p=52.4346 Ux=0.7656 Uy=0.3982]  vol[p=56.2612 Ux=2.8280 Uy=1.2868]
    val_geom_camber_cruise     loss=0.1930  surf[p=23.4503 Ux=0.2927 Uy=0.1694]  vol[p=24.2848 Ux=1.3994 Uy=0.4920]
    val_re_rand                loss=0.7403  surf[p=38.2889 Ux=0.5265 Uy=0.2741]  vol[p=39.2993 Ux=1.9665 Uy=0.8329]
Epoch  70 (143s) [49.2GB]  train[vol=0.2408 surf=0.1166]  val_avg_surf_p=38.7744 *
    val_single_in_dist         loss=1.2626  surf[p=41.3749 Ux=0.4383 Uy=0.2519]  vol[p=46.1713 Ux=2.0958 Uy=0.7507]
    val_geom_camber_rc         loss=0.8261  surf[p=52.2782 Ux=0.7592 Uy=0.3962]  vol[p=56.0841 Ux=2.8187 Uy=1.2834]
    val_geom_camber_cruise     loss=0.1926  surf[p=23.2866 Ux=0.2929 Uy=0.1686]  vol[p=24.1326 Ux=1.3970 Uy=0.4896]
    val_re_rand                loss=0.7260  surf[p=38.1578 Ux=0.5234 Uy=0.2736]  vol[p=39.1763 Ux=1.9624 Uy=0.8305]
Epoch  71 (142s) [49.2GB]  train[vol=0.2422 surf=0.1171]  val_avg_surf_p=38.3812 *
    val_single_in_dist         loss=1.2676  surf[p=40.6260 Ux=0.4333 Uy=0.2500]  vol[p=45.8992 Ux=2.0830 Uy=0.7462]
    val_geom_camber_rc         loss=0.8030  surf[p=51.6285 Ux=0.7511 Uy=0.3927]  vol[p=55.6328 Ux=2.8014 Uy=1.2762]
    val_geom_camber_cruise     loss=0.1903  surf[p=23.0534 Ux=0.2901 Uy=0.1677]  vol[p=23.8781 Ux=1.3897 Uy=0.4871]
    val_re_rand                loss=0.7330  surf[p=38.2171 Ux=0.5221 Uy=0.2735]  vol[p=39.1912 Ux=1.9584 Uy=0.8292]
Epoch  72 (142s) [49.2GB]  train[vol=0.2478 surf=0.1235]  val_avg_surf_p=38.2729 *
    val_single_in_dist         loss=1.2564  surf[p=40.4977 Ux=0.4298 Uy=0.2497]  vol[p=45.7269 Ux=2.0754 Uy=0.7427]
    val_geom_camber_rc         loss=0.8099  surf[p=51.6489 Ux=0.7484 Uy=0.3919]  vol[p=55.6452 Ux=2.7976 Uy=1.2738]
    val_geom_camber_cruise     loss=0.1874  surf[p=22.9048 Ux=0.2870 Uy=0.1666]  vol[p=23.7593 Ux=1.3817 Uy=0.4852]
    val_re_rand                loss=0.7147  surf[p=38.0400 Ux=0.5193 Uy=0.2725]  vol[p=38.9398 Ux=1.9525 Uy=0.8264]
Epoch  73 (144s) [49.2GB]  train[vol=0.2428 surf=0.1195]  val_avg_surf_p=37.9996 *
    val_single_in_dist         loss=1.3100  surf[p=40.2033 Ux=0.4270 Uy=0.2489]  vol[p=45.5940 Ux=2.0651 Uy=0.7416]
    val_geom_camber_rc         loss=0.7928  surf[p=51.2606 Ux=0.7452 Uy=0.3894]  vol[p=54.9915 Ux=2.7855 Uy=1.2673]
    val_geom_camber_cruise     loss=0.1856  surf[p=22.7389 Ux=0.2836 Uy=0.1660]  vol[p=23.6457 Ux=1.3756 Uy=0.4837]
    val_re_rand                loss=0.7268  surf[p=37.7955 Ux=0.5152 Uy=0.2726]  vol[p=38.7963 Ux=1.9444 Uy=0.8254]
Epoch  74 (141s) [49.2GB]  train[vol=0.2415 surf=0.1184]  val_avg_surf_p=38.0446
    val_single_in_dist         loss=1.3786  surf[p=40.2159 Ux=0.4239 Uy=0.2480]  vol[p=45.4923 Ux=2.0582 Uy=0.7386]
    val_geom_camber_rc         loss=0.7853  surf[p=51.3399 Ux=0.7449 Uy=0.3877]  vol[p=54.9815 Ux=2.7775 Uy=1.2611]
    val_geom_camber_cruise     loss=0.1857  surf[p=22.8056 Ux=0.2828 Uy=0.1654]  vol[p=23.6358 Ux=1.3717 Uy=0.4839]
    val_re_rand                loss=0.7487  surf[p=37.8170 Ux=0.5123 Uy=0.2716]  vol[p=38.8688 Ux=1.9372 Uy=0.8236]
Epoch  75 (143s) [49.2GB]  train[vol=0.2279 surf=0.1090]  val_avg_surf_p=38.0039
    val_single_in_dist         loss=1.2866  surf[p=40.1743 Ux=0.4287 Uy=0.2468]  vol[p=45.1296 Ux=2.0503 Uy=0.7352]
    val_geom_camber_rc         loss=0.7860  surf[p=51.3158 Ux=0.7515 Uy=0.3880]  vol[p=54.9586 Ux=2.7769 Uy=1.2588]
    val_geom_camber_cruise     loss=0.1854  surf[p=22.7271 Ux=0.2852 Uy=0.1651]  vol[p=23.6237 Ux=1.3716 Uy=0.4815]
    val_re_rand                loss=0.7606  surf[p=37.7985 Ux=0.5112 Uy=0.2711]  vol[p=38.9254 Ux=1.9331 Uy=0.8218]
Epoch  76 (139s) [49.2GB]  train[vol=0.2379 surf=0.1126]  val_avg_surf_p=37.8408 *
    val_single_in_dist         loss=1.3013  surf[p=40.0012 Ux=0.4201 Uy=0.2454]  vol[p=44.9771 Ux=2.0408 Uy=0.7306]
    val_geom_camber_rc         loss=0.7780  surf[p=50.9011 Ux=0.7459 Uy=0.3866]  vol[p=54.7934 Ux=2.7658 Uy=1.2541]
    val_geom_camber_cruise     loss=0.1849  surf[p=22.5466 Ux=0.2837 Uy=0.1647]  vol[p=23.5066 Ux=1.3686 Uy=0.4800]
    val_re_rand                loss=0.7889  surf[p=37.9142 Ux=0.5098 Uy=0.2713]  vol[p=39.0399 Ux=1.9289 Uy=0.8201]
Epoch  77 (142s) [49.2GB]  train[vol=0.2333 surf=0.1113]  val_avg_surf_p=37.6969 *
    val_single_in_dist         loss=1.3517  surf[p=39.7371 Ux=0.4184 Uy=0.2444]  vol[p=44.6601 Ux=2.0333 Uy=0.7265]
    val_geom_camber_rc         loss=0.7883  surf[p=50.9089 Ux=0.7448 Uy=0.3870]  vol[p=54.8330 Ux=2.7598 Uy=1.2507]
    val_geom_camber_cruise     loss=0.1851  surf[p=22.3472 Ux=0.2893 Uy=0.1651]  vol[p=23.3109 Ux=1.3710 Uy=0.4802]
    val_re_rand                loss=0.7956  surf[p=37.7944 Ux=0.5105 Uy=0.2708]  vol[p=38.9556 Ux=1.9246 Uy=0.8157]
Epoch  78 (142s) [49.2GB]  train[vol=0.2353 surf=0.1132]  val_avg_surf_p=37.3845 *
    val_single_in_dist         loss=1.2732  surf[p=38.9980 Ux=0.4165 Uy=0.2420]  vol[p=44.1710 Ux=2.0282 Uy=0.7238]
    val_geom_camber_rc         loss=0.7896  surf[p=50.9281 Ux=0.7451 Uy=0.3858]  vol[p=54.8747 Ux=2.7509 Uy=1.2470]
    val_geom_camber_cruise     loss=0.1828  surf[p=22.1420 Ux=0.2852 Uy=0.1635]  vol[p=23.1308 Ux=1.3618 Uy=0.4778]
    val_re_rand                loss=0.7733  surf[p=37.4698 Ux=0.5123 Uy=0.2702]  vol[p=38.6780 Ux=1.9183 Uy=0.8113]
Epoch  79 (140s) [49.2GB]  train[vol=0.2288 surf=0.1077]  val_avg_surf_p=37.0131 *
    val_single_in_dist         loss=1.2491  surf[p=38.6344 Ux=0.3985 Uy=0.2408]  vol[p=44.1501 Ux=2.0161 Uy=0.7200]
    val_geom_camber_rc         loss=0.7436  surf[p=49.8155 Ux=0.7332 Uy=0.3813]  vol[p=53.8104 Ux=2.7261 Uy=1.2355]
    val_geom_camber_cruise     loss=0.1800  surf[p=21.9657 Ux=0.2747 Uy=0.1622]  vol[p=22.9803 Ux=1.3494 Uy=0.4745]
    val_re_rand                loss=0.7918  surf[p=37.6367 Ux=0.5076 Uy=0.2700]  vol[p=38.7872 Ux=1.9167 Uy=0.8094]
Epoch  80 (141s) [49.2GB]  train[vol=0.2242 surf=0.1044]  val_avg_surf_p=36.6054 *
    val_single_in_dist         loss=1.2245  surf[p=38.4204 Ux=0.3987 Uy=0.2395]  vol[p=43.8459 Ux=2.0112 Uy=0.7161]
    val_geom_camber_rc         loss=0.7174  surf[p=48.9989 Ux=0.7264 Uy=0.3786]  vol[p=53.0707 Ux=2.7091 Uy=1.2277]
    val_geom_camber_cruise     loss=0.1785  surf[p=21.7739 Ux=0.2766 Uy=0.1615]  vol[p=22.8372 Ux=1.3465 Uy=0.4727]
    val_re_rand                loss=0.8010  surf[p=37.2286 Ux=0.5064 Uy=0.2695]  vol[p=38.5104 Ux=1.9122 Uy=0.8067]
Epoch  81 (143s) [49.2GB]  train[vol=0.2381 surf=0.1157]  val_avg_surf_p=36.6347
    val_single_in_dist         loss=1.1541  surf[p=38.7182 Ux=0.3985 Uy=0.2396]  vol[p=43.4507 Ux=2.0076 Uy=0.7130]
    val_geom_camber_rc         loss=0.7207  surf[p=49.0430 Ux=0.7216 Uy=0.3767]  vol[p=53.0427 Ux=2.7058 Uy=1.2223]
    val_geom_camber_cruise     loss=0.1757  surf[p=21.5587 Ux=0.2757 Uy=0.1608]  vol[p=22.7272 Ux=1.3428 Uy=0.4689]
    val_re_rand                loss=0.7975  surf[p=37.2190 Ux=0.5018 Uy=0.2685]  vol[p=38.4542 Ux=1.9079 Uy=0.8046]
Epoch  82 (142s) [49.2GB]  train[vol=0.2224 surf=0.1046]  val_avg_surf_p=36.4193 *
    val_single_in_dist         loss=1.1076  surf[p=38.1350 Ux=0.3942 Uy=0.2390]  vol[p=43.1829 Ux=1.9983 Uy=0.7095]
    val_geom_camber_rc         loss=0.7269  surf[p=49.0663 Ux=0.7183 Uy=0.3763]  vol[p=53.1246 Ux=2.7038 Uy=1.2190]
    val_geom_camber_cruise     loss=0.1753  surf[p=21.4417 Ux=0.2720 Uy=0.1596]  vol[p=22.6264 Ux=1.3391 Uy=0.4663]
    val_re_rand                loss=0.7761  surf[p=37.0341 Ux=0.4981 Uy=0.2671]  vol[p=38.2139 Ux=1.9009 Uy=0.8010]
Epoch  83 (144s) [49.2GB]  train[vol=0.2213 surf=0.1047]  val_avg_surf_p=36.1400 *
    val_single_in_dist         loss=1.0707  surf[p=37.4616 Ux=0.3936 Uy=0.2395]  vol[p=43.1953 Ux=1.9921 Uy=0.7091]
    val_geom_camber_rc         loss=0.7235  surf[p=48.9735 Ux=0.7158 Uy=0.3768]  vol[p=53.0122 Ux=2.6980 Uy=1.2184]
    val_geom_camber_cruise     loss=0.1736  surf[p=21.2204 Ux=0.2717 Uy=0.1588]  vol[p=22.4968 Ux=1.3369 Uy=0.4650]
    val_re_rand                loss=0.7832  surf[p=36.9047 Ux=0.4968 Uy=0.2669]  vol[p=38.1225 Ux=1.8991 Uy=0.7995]
Epoch  84 (145s) [49.2GB]  train[vol=0.2169 surf=0.1012]  val_avg_surf_p=35.9913 *
    val_single_in_dist         loss=1.0340  surf[p=37.1863 Ux=0.3912 Uy=0.2390]  vol[p=43.2310 Ux=1.9825 Uy=0.7077]
    val_geom_camber_rc         loss=0.7169  surf[p=48.8356 Ux=0.7126 Uy=0.3748]  vol[p=52.7585 Ux=2.6870 Uy=1.2135]
    val_geom_camber_cruise     loss=0.1719  surf[p=21.1431 Ux=0.2689 Uy=0.1587]  vol[p=22.3930 Ux=1.3288 Uy=0.4630]
    val_re_rand                loss=0.7823  surf[p=36.8003 Ux=0.4953 Uy=0.2662]  vol[p=38.1006 Ux=1.8915 Uy=0.7985]
Epoch  85 (144s) [49.2GB]  train[vol=0.2216 surf=0.1025]  val_avg_surf_p=35.7634 *
    val_single_in_dist         loss=0.9523  surf[p=36.6218 Ux=0.3862 Uy=0.2372]  vol[p=42.8441 Ux=1.9756 Uy=0.7027]
    val_geom_camber_rc         loss=0.7053  surf[p=48.5310 Ux=0.7079 Uy=0.3741]  vol[p=52.2246 Ux=2.6766 Uy=1.2114]
    val_geom_camber_cruise     loss=0.1726  surf[p=21.0971 Ux=0.2661 Uy=0.1580]  vol[p=22.2785 Ux=1.3225 Uy=0.4619]
    val_re_rand                loss=0.7762  surf[p=36.8035 Ux=0.4930 Uy=0.2648]  vol[p=37.9988 Ux=1.8862 Uy=0.7963]
Epoch  86 (141s) [49.2GB]  train[vol=0.2274 surf=0.1088]  val_avg_surf_p=35.9218
    val_single_in_dist         loss=1.1047  surf[p=37.4155 Ux=0.3864 Uy=0.2375]  vol[p=42.6757 Ux=1.9740 Uy=0.7005]
    val_geom_camber_rc         loss=0.7024  surf[p=48.6060 Ux=0.7098 Uy=0.3734]  vol[p=52.2662 Ux=2.6706 Uy=1.2104]
    val_geom_camber_cruise     loss=0.1711  surf[p=21.0564 Ux=0.2681 Uy=0.1579]  vol[p=22.2465 Ux=1.3234 Uy=0.4600]
    val_re_rand                loss=0.7625  surf[p=36.6094 Ux=0.4923 Uy=0.2644]  vol[p=37.8931 Ux=1.8833 Uy=0.7943]
Epoch  87 (144s) [49.2GB]  train[vol=0.2156 surf=0.0991]  val_avg_surf_p=35.9996
    val_single_in_dist         loss=1.1042  surf[p=37.5773 Ux=0.3862 Uy=0.2367]  vol[p=42.3893 Ux=1.9667 Uy=0.6994]
    val_geom_camber_rc         loss=0.7076  surf[p=48.7406 Ux=0.7088 Uy=0.3732]  vol[p=52.2313 Ux=2.6644 Uy=1.2067]
    val_geom_camber_cruise     loss=0.1703  surf[p=20.9038 Ux=0.2692 Uy=0.1583]  vol[p=22.2067 Ux=1.3214 Uy=0.4584]
    val_re_rand                loss=0.7749  surf[p=36.7768 Ux=0.4950 Uy=0.2642]  vol[p=37.9975 Ux=1.8816 Uy=0.7932]
Epoch  88 (142s) [49.2GB]  train[vol=0.2176 surf=0.1020]  val_avg_surf_p=35.9711
    val_single_in_dist         loss=1.1296  surf[p=37.5150 Ux=0.3825 Uy=0.2364]  vol[p=41.9516 Ux=1.9595 Uy=0.6982]
    val_geom_camber_rc         loss=0.7159  surf[p=48.7507 Ux=0.7043 Uy=0.3728]  vol[p=52.1459 Ux=2.6609 Uy=1.2057]
    val_geom_camber_cruise     loss=0.1712  surf[p=20.8803 Ux=0.2682 Uy=0.1578]  vol[p=22.1502 Ux=1.3226 Uy=0.4579]
    val_re_rand                loss=0.7674  surf[p=36.7383 Ux=0.4923 Uy=0.2639]  vol[p=37.9426 Ux=1.8800 Uy=0.7909]
Epoch  89 (143s) [49.2GB]  train[vol=0.2114 surf=0.0973]  val_avg_surf_p=35.7968
    val_single_in_dist         loss=1.1295  surf[p=37.1056 Ux=0.3766 Uy=0.2361]  vol[p=41.6541 Ux=1.9502 Uy=0.6965]
    val_geom_camber_rc         loss=0.7179  surf[p=48.7469 Ux=0.7013 Uy=0.3733]  vol[p=52.1986 Ux=2.6572 Uy=1.2037]
    val_geom_camber_cruise     loss=0.1688  surf[p=20.6645 Ux=0.2652 Uy=0.1564]  vol[p=22.0503 Ux=1.3199 Uy=0.4565]
    val_re_rand                loss=0.7738  surf[p=36.6705 Ux=0.4899 Uy=0.2634]  vol[p=37.8723 Ux=1.8738 Uy=0.7892]
Epoch  90 (141s) [49.2GB]  train[vol=0.2165 surf=0.0973]  val_avg_surf_p=35.6236 *
    val_single_in_dist         loss=1.0116  surf[p=36.2834 Ux=0.3813 Uy=0.2339]  vol[p=40.9371 Ux=1.9403 Uy=0.6903]
    val_geom_camber_rc         loss=0.7269  surf[p=48.9324 Ux=0.7088 Uy=0.3729]  vol[p=52.4195 Ux=2.6550 Uy=1.2024]
    val_geom_camber_cruise     loss=0.1670  surf[p=20.5668 Ux=0.2722 Uy=0.1558]  vol[p=21.9941 Ux=1.3141 Uy=0.4548]
    val_re_rand                loss=0.7603  surf[p=36.7116 Ux=0.5012 Uy=0.2631]  vol[p=37.8229 Ux=1.8688 Uy=0.7876]
Epoch  91 (144s) [49.2GB]  train[vol=0.2174 surf=0.1000]  val_avg_surf_p=35.5655 *
    val_single_in_dist         loss=1.0054  surf[p=36.0853 Ux=0.3707 Uy=0.2330]  vol[p=40.6643 Ux=1.9284 Uy=0.6858]
    val_geom_camber_rc         loss=0.7299  surf[p=49.0606 Ux=0.7038 Uy=0.3714]  vol[p=52.5893 Ux=2.6528 Uy=1.2000]
    val_geom_camber_cruise     loss=0.1643  surf[p=20.4124 Ux=0.2636 Uy=0.1547]  vol[p=21.8472 Ux=1.3097 Uy=0.4527]
    val_re_rand                loss=0.7800  surf[p=36.7036 Ux=0.4945 Uy=0.2627]  vol[p=37.8147 Ux=1.8649 Uy=0.7855]
Epoch  92 (143s) [49.2GB]  train[vol=0.2161 surf=0.0994]  val_avg_surf_p=35.3971 *
    val_single_in_dist         loss=1.0018  surf[p=35.9569 Ux=0.3631 Uy=0.2330]  vol[p=40.2826 Ux=1.9201 Uy=0.6847]
    val_geom_camber_rc         loss=0.7305  surf[p=48.8498 Ux=0.6975 Uy=0.3704]  vol[p=52.5160 Ux=2.6493 Uy=1.1973]
    val_geom_camber_cruise     loss=0.1624  surf[p=20.3457 Ux=0.2611 Uy=0.1544]  vol[p=21.7020 Ux=1.3083 Uy=0.4516]
    val_re_rand                loss=0.7910  surf[p=36.4361 Ux=0.4894 Uy=0.2618]  vol[p=37.5944 Ux=1.8588 Uy=0.7827]
Epoch  93 (142s) [49.2GB]  train[vol=0.2204 surf=0.1035]  val_avg_surf_p=35.0830 *
    val_single_in_dist         loss=0.9358  surf[p=35.0891 Ux=0.3658 Uy=0.2316]  vol[p=40.0655 Ux=1.9176 Uy=0.6825]
    val_geom_camber_rc         loss=0.7342  surf[p=48.6431 Ux=0.6979 Uy=0.3694]  vol[p=52.3704 Ux=2.6430 Uy=1.1935]
    val_geom_camber_cruise     loss=0.1606  surf[p=20.2306 Ux=0.2659 Uy=0.1539]  vol[p=21.5648 Ux=1.3064 Uy=0.4492]
    val_re_rand                loss=0.7737  surf[p=36.3693 Ux=0.4921 Uy=0.2609]  vol[p=37.4431 Ux=1.8598 Uy=0.7811]
Epoch  94 (142s) [49.2GB]  train[vol=0.2235 surf=0.1039]  val_avg_surf_p=35.0656 *
    val_single_in_dist         loss=0.9774  surf[p=35.0132 Ux=0.3650 Uy=0.2304]  vol[p=39.9086 Ux=1.9096 Uy=0.6786]
    val_geom_camber_rc         loss=0.7374  surf[p=48.7310 Ux=0.7031 Uy=0.3699]  vol[p=52.4256 Ux=2.6419 Uy=1.1938]
    val_geom_camber_cruise     loss=0.1587  surf[p=20.1227 Ux=0.2640 Uy=0.1537]  vol[p=21.4529 Ux=1.2979 Uy=0.4479]
    val_re_rand                loss=0.7704  surf[p=36.3953 Ux=0.4914 Uy=0.2604]  vol[p=37.4405 Ux=1.8527 Uy=0.7799]
Epoch  95 (143s) [49.2GB]  train[vol=0.2097 surf=0.0943]  val_avg_surf_p=35.2200
    val_single_in_dist         loss=1.0178  surf[p=35.3848 Ux=0.3616 Uy=0.2296]  vol[p=40.0380 Ux=1.9085 Uy=0.6765]
    val_geom_camber_rc         loss=0.7439  surf[p=48.9035 Ux=0.6986 Uy=0.3705]  vol[p=52.5613 Ux=2.6389 Uy=1.1948]
    val_geom_camber_cruise     loss=0.1588  surf[p=20.0197 Ux=0.2582 Uy=0.1531]  vol[p=21.4128 Ux=1.2967 Uy=0.4462]
    val_re_rand                loss=0.7658  surf[p=36.5722 Ux=0.4856 Uy=0.2602]  vol[p=37.5963 Ux=1.8512 Uy=0.7799]
Epoch  96 (143s) [49.2GB]  train[vol=0.2049 surf=0.0920]  val_avg_surf_p=35.1669
    val_single_in_dist         loss=1.1083  surf[p=35.5848 Ux=0.3586 Uy=0.2296]  vol[p=40.1821 Ux=1.9067 Uy=0.6766]
    val_geom_camber_rc         loss=0.7335  surf[p=48.5624 Ux=0.6976 Uy=0.3694]  vol[p=52.2290 Ux=2.6316 Uy=1.1900]
    val_geom_camber_cruise     loss=0.1588  surf[p=19.9456 Ux=0.2577 Uy=0.1528]  vol[p=21.3491 Ux=1.2920 Uy=0.4456]
    val_re_rand                loss=0.7630  surf[p=36.5748 Ux=0.4863 Uy=0.2592]  vol[p=37.6431 Ux=1.8466 Uy=0.7791]
Epoch  97 (142s) [49.2GB]  train[vol=0.2160 surf=0.0994]  val_avg_surf_p=34.9441 *
    val_single_in_dist         loss=1.0294  surf[p=35.2667 Ux=0.3583 Uy=0.2285]  vol[p=39.9185 Ux=1.9065 Uy=0.6739]
    val_geom_camber_rc         loss=0.7161  surf[p=48.1553 Ux=0.6942 Uy=0.3673]  vol[p=51.8565 Ux=2.6256 Uy=1.1870]
    val_geom_camber_cruise     loss=0.1581  surf[p=19.8462 Ux=0.2563 Uy=0.1523]  vol[p=21.3068 Ux=1.2878 Uy=0.4442]
    val_re_rand                loss=0.7707  surf[p=36.5083 Ux=0.4852 Uy=0.2589]  vol[p=37.5557 Ux=1.8427 Uy=0.7764]
Epoch  98 (143s) [49.2GB]  train[vol=0.1905 surf=0.0835]  val_avg_surf_p=34.6753 *
    val_single_in_dist         loss=0.9658  surf[p=34.7888 Ux=0.3627 Uy=0.2271]  vol[p=39.7282 Ux=1.9002 Uy=0.6698]
    val_geom_camber_rc         loss=0.7059  surf[p=47.8386 Ux=0.6937 Uy=0.3658]  vol[p=51.5510 Ux=2.6177 Uy=1.1837]
    val_geom_camber_cruise     loss=0.1576  surf[p=19.8139 Ux=0.2612 Uy=0.1516]  vol[p=21.2612 Ux=1.2909 Uy=0.4439]
    val_re_rand                loss=0.7753  surf[p=36.2600 Ux=0.4873 Uy=0.2584]  vol[p=37.3820 Ux=1.8393 Uy=0.7745]
Epoch  99 (142s) [49.2GB]  train[vol=0.2014 surf=0.0894]  val_avg_surf_p=34.6544 *
    val_single_in_dist         loss=0.9299  surf[p=34.4748 Ux=0.3612 Uy=0.2266]  vol[p=39.9014 Ux=1.8965 Uy=0.6694]
    val_geom_camber_rc         loss=0.7246  surf[p=48.1488 Ux=0.6903 Uy=0.3647]  vol[p=51.7695 Ux=2.6123 Uy=1.1807]
    val_geom_camber_cruise     loss=0.1564  surf[p=19.7920 Ux=0.2618 Uy=0.1514]  vol[p=21.1976 Ux=1.2897 Uy=0.4439]
    val_re_rand                loss=0.7595  surf[p=36.2021 Ux=0.4882 Uy=0.2582]  vol[p=37.2436 Ux=1.8379 Uy=0.7733]
Epoch 100 (142s) [49.2GB]  train[vol=0.2188 surf=0.1010]  val_avg_surf_p=34.6470 *
    val_single_in_dist         loss=0.9510  surf[p=34.6036 Ux=0.3487 Uy=0.2263]  vol[p=39.7333 Ux=1.8891 Uy=0.6672]
    val_geom_camber_rc         loss=0.7294  surf[p=48.1377 Ux=0.6863 Uy=0.3642]  vol[p=51.6027 Ux=2.6070 Uy=1.1787]
    val_geom_camber_cruise     loss=0.1563  surf[p=19.7415 Ux=0.2528 Uy=0.1508]  vol[p=21.0804 Ux=1.2825 Uy=0.4432]
    val_re_rand                loss=0.7714  surf[p=36.1053 Ux=0.4805 Uy=0.2578]  vol[p=37.1173 Ux=1.8291 Uy=0.7715]
Epoch 101 (144s) [49.2GB]  train[vol=0.2042 surf=0.0909]  val_avg_surf_p=34.5135 *
    val_single_in_dist         loss=0.8644  surf[p=34.0703 Ux=0.3447 Uy=0.2253]  vol[p=39.5088 Ux=1.8806 Uy=0.6624]
    val_geom_camber_rc         loss=0.7267  surf[p=48.0523 Ux=0.6857 Uy=0.3635]  vol[p=51.3504 Ux=2.6050 Uy=1.1768]
    val_geom_camber_cruise     loss=0.1561  surf[p=19.6997 Ux=0.2516 Uy=0.1505]  vol[p=20.9919 Ux=1.2783 Uy=0.4418]
    val_re_rand                loss=0.7801  surf[p=36.2318 Ux=0.4802 Uy=0.2578]  vol[p=37.1996 Ux=1.8277 Uy=0.7708]
Epoch 102 (143s) [49.2GB]  train[vol=0.2026 surf=0.0899]  val_avg_surf_p=34.4068 *
    val_single_in_dist         loss=0.8186  surf[p=33.7346 Ux=0.3435 Uy=0.2256]  vol[p=39.2744 Ux=1.8714 Uy=0.6601]
    val_geom_camber_rc         loss=0.7404  surf[p=48.0931 Ux=0.6883 Uy=0.3633]  vol[p=51.4384 Ux=2.6027 Uy=1.1764]
    val_geom_camber_cruise     loss=0.1558  surf[p=19.7203 Ux=0.2548 Uy=0.1512]  vol[p=20.9153 Ux=1.2803 Uy=0.4408]
    val_re_rand                loss=0.7665  surf[p=36.0792 Ux=0.4787 Uy=0.2575]  vol[p=37.0787 Ux=1.8240 Uy=0.7697]
Epoch 103 (143s) [49.2GB]  train[vol=0.2065 surf=0.0928]  val_avg_surf_p=34.3449 *
    val_single_in_dist         loss=0.8105  surf[p=33.8333 Ux=0.3439 Uy=0.2257]  vol[p=39.3647 Ux=1.8656 Uy=0.6594]
    val_geom_camber_rc         loss=0.7479  surf[p=47.9171 Ux=0.6886 Uy=0.3629]  vol[p=51.4291 Ux=2.5985 Uy=1.1726]
    val_geom_camber_cruise     loss=0.1553  surf[p=19.5413 Ux=0.2575 Uy=0.1504]  vol[p=20.8065 Ux=1.2770 Uy=0.4388]
    val_re_rand                loss=0.7555  surf[p=36.0879 Ux=0.4828 Uy=0.2568]  vol[p=37.1211 Ux=1.8247 Uy=0.7684]
Epoch 104 (142s) [49.2GB]  train[vol=0.2030 surf=0.0906]  val_avg_surf_p=34.2356 *
    val_single_in_dist         loss=0.7853  surf[p=33.3629 Ux=0.3452 Uy=0.2257]  vol[p=39.2041 Ux=1.8606 Uy=0.6574]
    val_geom_camber_rc         loss=0.7593  surf[p=47.9422 Ux=0.6910 Uy=0.3638]  vol[p=51.3862 Ux=2.5976 Uy=1.1723]
    val_geom_camber_cruise     loss=0.1553  surf[p=19.5319 Ux=0.2587 Uy=0.1502]  vol[p=20.7891 Ux=1.2741 Uy=0.4381]
    val_re_rand                loss=0.7537  surf[p=36.1054 Ux=0.4842 Uy=0.2565]  vol[p=37.1308 Ux=1.8197 Uy=0.7663]
Epoch 105 (143s) [49.2GB]  train[vol=0.1998 surf=0.0867]  val_avg_surf_p=34.0391 *
    val_single_in_dist         loss=0.7488  surf[p=32.9246 Ux=0.3412 Uy=0.2256]  vol[p=38.8370 Ux=1.8495 Uy=0.6536]
    val_geom_camber_rc         loss=0.7640  surf[p=47.9434 Ux=0.6907 Uy=0.3635]  vol[p=51.4362 Ux=2.5936 Uy=1.1705]
    val_geom_camber_cruise     loss=0.1543  surf[p=19.4078 Ux=0.2552 Uy=0.1498]  vol[p=20.7205 Ux=1.2703 Uy=0.4370]
    val_re_rand                loss=0.7504  surf[p=35.8806 Ux=0.4817 Uy=0.2564]  vol[p=36.9461 Ux=1.8144 Uy=0.7646]
Epoch 106 (142s) [49.2GB]  train[vol=0.2069 surf=0.0928]  val_avg_surf_p=34.0770
    val_single_in_dist         loss=0.7965  surf[p=33.2417 Ux=0.3407 Uy=0.2249]  vol[p=38.8465 Ux=1.8469 Uy=0.6522]
    val_geom_camber_rc         loss=0.7566  surf[p=48.0003 Ux=0.6898 Uy=0.3631]  vol[p=51.4798 Ux=2.5893 Uy=1.1707]
    val_geom_camber_cruise     loss=0.1537  surf[p=19.3227 Ux=0.2524 Uy=0.1496]  vol[p=20.6232 Ux=1.2664 Uy=0.4360]
    val_re_rand                loss=0.7604  surf[p=35.7432 Ux=0.4777 Uy=0.2561]  vol[p=36.8952 Ux=1.8090 Uy=0.7625]
Epoch 107 (144s) [49.2GB]  train[vol=0.1962 surf=0.0846]  val_avg_surf_p=33.8308 *
    val_single_in_dist         loss=0.7128  surf[p=32.3363 Ux=0.3349 Uy=0.2241]  vol[p=38.4077 Ux=1.8370 Uy=0.6477]
    val_geom_camber_rc         loss=0.7510  surf[p=48.0093 Ux=0.6849 Uy=0.3622]  vol[p=51.5669 Ux=2.5858 Uy=1.1693]
    val_geom_camber_cruise     loss=0.1527  surf[p=19.2595 Ux=0.2451 Uy=0.1491]  vol[p=20.6154 Ux=1.2605 Uy=0.4344]
    val_re_rand                loss=0.7560  surf[p=35.7181 Ux=0.4741 Uy=0.2559]  vol[p=36.8407 Ux=1.8056 Uy=0.7623]
Epoch 108 (144s) [49.2GB]  train[vol=0.1907 surf=0.0817]  val_avg_surf_p=33.8489
    val_single_in_dist         loss=0.7555  surf[p=32.6752 Ux=0.3335 Uy=0.2240]  vol[p=38.6373 Ux=1.8311 Uy=0.6476]
    val_geom_camber_rc         loss=0.7514  surf[p=47.9818 Ux=0.6860 Uy=0.3620]  vol[p=51.4204 Ux=2.5853 Uy=1.1690]
    val_geom_camber_cruise     loss=0.1515  surf[p=19.0646 Ux=0.2457 Uy=0.1487]  vol[p=20.4969 Ux=1.2555 Uy=0.4315]
    val_re_rand                loss=0.7617  surf[p=35.6740 Ux=0.4768 Uy=0.2554]  vol[p=36.8140 Ux=1.8045 Uy=0.7606]
Epoch 109 (143s) [49.2GB]  train[vol=0.1985 surf=0.0863]  val_avg_surf_p=34.1229
    val_single_in_dist         loss=0.8449  surf[p=33.3509 Ux=0.3292 Uy=0.2240]  vol[p=38.7984 Ux=1.8306 Uy=0.6482]
    val_geom_camber_rc         loss=0.7602  surf[p=48.1975 Ux=0.6848 Uy=0.3624]  vol[p=51.5305 Ux=2.5858 Uy=1.1675]
    val_geom_camber_cruise     loss=0.1519  surf[p=19.1606 Ux=0.2449 Uy=0.1487]  vol[p=20.5301 Ux=1.2554 Uy=0.4316]
    val_re_rand                loss=0.7762  surf[p=35.7828 Ux=0.4723 Uy=0.2556]  vol[p=36.7677 Ux=1.8010 Uy=0.7599]
Epoch 110 (146s) [49.2GB]  train[vol=0.1852 surf=0.0781]  val_avg_surf_p=34.1684
    val_single_in_dist         loss=0.9322  surf[p=33.8406 Ux=0.3295 Uy=0.2233]  vol[p=38.8200 Ux=1.8286 Uy=0.6491]
    val_geom_camber_rc         loss=0.7559  surf[p=48.0971 Ux=0.6811 Uy=0.3619]  vol[p=51.4440 Ux=2.5840 Uy=1.1650]
    val_geom_camber_cruise     loss=0.1501  surf[p=19.0010 Ux=0.2479 Uy=0.1478]  vol[p=20.4427 Ux=1.2556 Uy=0.4292]
    val_re_rand                loss=0.7976  surf[p=35.7351 Ux=0.4696 Uy=0.2550]  vol[p=36.7043 Ux=1.7966 Uy=0.7567]
Epoch 111 (143s) [49.2GB]  train[vol=0.2019 surf=0.0918]  val_avg_surf_p=33.8589
    val_single_in_dist         loss=0.7817  surf[p=32.6931 Ux=0.3315 Uy=0.2214]  vol[p=38.3623 Ux=1.8195 Uy=0.6442]
    val_geom_camber_rc         loss=0.7557  surf[p=48.0920 Ux=0.6804 Uy=0.3610]  vol[p=51.3658 Ux=2.5820 Uy=1.1637]
    val_geom_camber_cruise     loss=0.1495  surf[p=18.9229 Ux=0.2552 Uy=0.1476]  vol[p=20.3811 Ux=1.2557 Uy=0.4281]
    val_re_rand                loss=0.7968  surf[p=35.7277 Ux=0.4735 Uy=0.2541]  vol[p=36.6235 Ux=1.7944 Uy=0.7552]
Epoch 112 (142s) [49.2GB]  train[vol=0.1999 surf=0.0840]  val_avg_surf_p=33.7783 *
    val_single_in_dist         loss=0.8119  surf[p=32.7221 Ux=0.3261 Uy=0.2206]  vol[p=38.2756 Ux=1.8164 Uy=0.6421]
    val_geom_camber_rc         loss=0.7526  surf[p=47.9716 Ux=0.6777 Uy=0.3603]  vol[p=51.3164 Ux=2.5801 Uy=1.1622]
    val_geom_camber_cruise     loss=0.1479  surf[p=18.7840 Ux=0.2464 Uy=0.1470]  vol[p=20.3181 Ux=1.2484 Uy=0.4276]
    val_re_rand                loss=0.7996  surf[p=35.6355 Ux=0.4676 Uy=0.2537]  vol[p=36.5205 Ux=1.7874 Uy=0.7527]
Epoch 113 (143s) [49.2GB]  train[vol=0.1892 surf=0.0792]  val_avg_surf_p=33.7391 *
    val_single_in_dist         loss=0.8094  surf[p=32.6113 Ux=0.3250 Uy=0.2193]  vol[p=38.0745 Ux=1.8109 Uy=0.6386]
    val_geom_camber_rc         loss=0.7598  surf[p=48.1537 Ux=0.6740 Uy=0.3602]  vol[p=51.4064 Ux=2.5763 Uy=1.1591]
    val_geom_camber_cruise     loss=0.1462  surf[p=18.6262 Ux=0.2444 Uy=0.1464]  vol[p=20.1927 Ux=1.2429 Uy=0.4267]
    val_re_rand                loss=0.7990  surf[p=35.5651 Ux=0.4674 Uy=0.2540]  vol[p=36.4864 Ux=1.7859 Uy=0.7526]
Epoch 114 (143s) [49.2GB]  train[vol=0.1920 surf=0.0818]  val_avg_surf_p=33.4981 *
    val_single_in_dist         loss=0.7365  surf[p=32.0222 Ux=0.3205 Uy=0.2181]  vol[p=37.8684 Ux=1.8024 Uy=0.6354]
    val_geom_camber_rc         loss=0.7531  surf[p=48.0003 Ux=0.6722 Uy=0.3594]  vol[p=51.2877 Ux=2.5750 Uy=1.1559]
    val_geom_camber_cruise     loss=0.1458  surf[p=18.5420 Ux=0.2426 Uy=0.1459]  vol[p=20.1423 Ux=1.2385 Uy=0.4256]
    val_re_rand                loss=0.7766  surf[p=35.4279 Ux=0.4663 Uy=0.2536]  vol[p=36.3541 Ux=1.7824 Uy=0.7510]
Epoch 115 (143s) [49.2GB]  train[vol=0.1911 surf=0.0789]  val_avg_surf_p=33.2818 *
    val_single_in_dist         loss=0.6896  surf[p=31.4789 Ux=0.3169 Uy=0.2172]  vol[p=37.4358 Ux=1.7953 Uy=0.6326]
    val_geom_camber_rc         loss=0.7452  surf[p=47.9394 Ux=0.6679 Uy=0.3590]  vol[p=51.2788 Ux=2.5714 Uy=1.1548]
    val_geom_camber_cruise     loss=0.1453  surf[p=18.5247 Ux=0.2418 Uy=0.1453]  vol[p=20.1175 Ux=1.2378 Uy=0.4256]
    val_re_rand                loss=0.7595  surf[p=35.1840 Ux=0.4618 Uy=0.2524]  vol[p=36.1518 Ux=1.7773 Uy=0.7499]
Epoch 116 (144s) [49.2GB]  train[vol=0.1862 surf=0.0765]  val_avg_surf_p=33.2130 *
    val_single_in_dist         loss=0.7038  surf[p=31.5471 Ux=0.3144 Uy=0.2171]  vol[p=37.3317 Ux=1.7922 Uy=0.6320]
    val_geom_camber_rc         loss=0.7510  surf[p=47.9264 Ux=0.6673 Uy=0.3585]  vol[p=51.2222 Ux=2.5699 Uy=1.1545]
    val_geom_camber_cruise     loss=0.1440  surf[p=18.3295 Ux=0.2433 Uy=0.1446]  vol[p=20.0241 Ux=1.2407 Uy=0.4243]
    val_re_rand                loss=0.7439  surf[p=35.0488 Ux=0.4601 Uy=0.2517]  vol[p=36.0661 Ux=1.7762 Uy=0.7484]
Epoch 117 (142s) [49.2GB]  train[vol=0.1761 surf=0.0715]  val_avg_surf_p=33.1536 *
    val_single_in_dist         loss=0.7020  surf[p=31.3931 Ux=0.3126 Uy=0.2167]  vol[p=36.9632 Ux=1.7845 Uy=0.6294]
    val_geom_camber_rc         loss=0.7522  surf[p=47.9002 Ux=0.6657 Uy=0.3584]  vol[p=51.1176 Ux=2.5647 Uy=1.1525]
    val_geom_camber_cruise     loss=0.1432  surf[p=18.2609 Ux=0.2397 Uy=0.1441]  vol[p=19.9451 Ux=1.2359 Uy=0.4230]
    val_re_rand                loss=0.7286  surf[p=35.0600 Ux=0.4604 Uy=0.2510]  vol[p=36.0818 Ux=1.7743 Uy=0.7473]
Epoch 118 (143s) [49.2GB]  train[vol=0.1809 surf=0.0727]  val_avg_surf_p=33.2289
    val_single_in_dist         loss=0.7380  surf[p=31.6211 Ux=0.3104 Uy=0.2164]  vol[p=36.8731 Ux=1.7809 Uy=0.6297]
    val_geom_camber_rc         loss=0.7676  surf[p=47.9968 Ux=0.6638 Uy=0.3582]  vol[p=51.3248 Ux=2.5594 Uy=1.1501]
    val_geom_camber_cruise     loss=0.1425  surf[p=18.1839 Ux=0.2416 Uy=0.1443]  vol[p=19.8862 Ux=1.2342 Uy=0.4219]
    val_re_rand                loss=0.7037  surf[p=35.1139 Ux=0.4633 Uy=0.2511]  vol[p=36.1171 Ux=1.7753 Uy=0.7460]
Epoch 119 (142s) [49.2GB]  train[vol=0.1807 surf=0.0732]  val_avg_surf_p=33.4180
    val_single_in_dist         loss=0.8422  surf[p=32.3770 Ux=0.3101 Uy=0.2158]  vol[p=36.9844 Ux=1.7766 Uy=0.6302]
    val_geom_camber_rc         loss=0.7632  surf[p=47.9141 Ux=0.6621 Uy=0.3578]  vol[p=51.2410 Ux=2.5538 Uy=1.1479]
    val_geom_camber_cruise     loss=0.1418  surf[p=18.1461 Ux=0.2367 Uy=0.1434]  vol[p=19.8497 Ux=1.2303 Uy=0.4208]
    val_re_rand                loss=0.7180  surf[p=35.2348 Ux=0.4625 Uy=0.2509]  vol[p=36.2510 Ux=1.7745 Uy=0.7460]
Epoch 120 (142s) [49.2GB]  train[vol=0.1837 surf=0.0749]  val_avg_surf_p=33.4803
    val_single_in_dist         loss=0.8679  surf[p=32.4603 Ux=0.3102 Uy=0.2156]  vol[p=36.8042 Ux=1.7719 Uy=0.6287]
    val_geom_camber_rc         loss=0.7761  surf[p=48.0041 Ux=0.6628 Uy=0.3582]  vol[p=51.2848 Ux=2.5518 Uy=1.1483]
    val_geom_camber_cruise     loss=0.1424  surf[p=18.1560 Ux=0.2342 Uy=0.1429]  vol[p=19.8184 Ux=1.2265 Uy=0.4191]
    val_re_rand                loss=0.7243  surf[p=35.3007 Ux=0.4624 Uy=0.2511]  vol[p=36.2661 Ux=1.7720 Uy=0.7450]
Epoch 121 (143s) [49.2GB]  train[vol=0.1858 surf=0.0769]  val_avg_surf_p=33.3485
    val_single_in_dist         loss=0.8496  surf[p=32.2173 Ux=0.3063 Uy=0.2147]  vol[p=36.4803 Ux=1.7669 Uy=0.6261]
    val_geom_camber_rc         loss=0.7397  surf[p=47.5380 Ux=0.6597 Uy=0.3581]  vol[p=50.7198 Ux=2.5443 Uy=1.1456]
    val_geom_camber_cruise     loss=0.1428  surf[p=18.1229 Ux=0.2341 Uy=0.1430]  vol[p=19.7479 Ux=1.2242 Uy=0.4186]
    val_re_rand                loss=0.7615  surf[p=35.5159 Ux=0.4603 Uy=0.2520]  vol[p=36.5074 Ux=1.7707 Uy=0.7456]
Epoch 122 (145s) [49.2GB]  train[vol=0.1837 surf=0.0743]  val_avg_surf_p=33.0977 *
    val_single_in_dist         loss=0.7733  surf[p=31.6050 Ux=0.3046 Uy=0.2141]  vol[p=36.1504 Ux=1.7585 Uy=0.6234]
    val_geom_camber_rc         loss=0.7160  surf[p=47.1791 Ux=0.6563 Uy=0.3572]  vol[p=50.2871 Ux=2.5353 Uy=1.1419]
    val_geom_camber_cruise     loss=0.1423  surf[p=18.0191 Ux=0.2344 Uy=0.1430]  vol[p=19.6693 Ux=1.2237 Uy=0.4174]
    val_re_rand                loss=0.7810  surf[p=35.5876 Ux=0.4580 Uy=0.2517]  vol[p=36.5292 Ux=1.7679 Uy=0.7443]
Epoch 123 (141s) [49.2GB]  train[vol=0.1796 surf=0.0717]  val_avg_surf_p=32.9333 *
    val_single_in_dist         loss=0.7398  surf[p=31.2518 Ux=0.3047 Uy=0.2133]  vol[p=36.0192 Ux=1.7528 Uy=0.6212]
    val_geom_camber_rc         loss=0.7120  surf[p=47.0554 Ux=0.6550 Uy=0.3566]  vol[p=50.0825 Ux=2.5298 Uy=1.1403]
    val_geom_camber_cruise     loss=0.1409  surf[p=17.9333 Ux=0.2352 Uy=0.1428]  vol[p=19.5739 Ux=1.2227 Uy=0.4160]
    val_re_rand                loss=0.7759  surf[p=35.4926 Ux=0.4572 Uy=0.2513]  vol[p=36.3619 Ux=1.7615 Uy=0.7422]
Epoch 124 (143s) [49.2GB]  train[vol=0.1786 surf=0.0695]  val_avg_surf_p=32.8600 *
    val_single_in_dist         loss=0.7484  surf[p=31.1568 Ux=0.3056 Uy=0.2131]  vol[p=36.0918 Ux=1.7540 Uy=0.6222]
    val_geom_camber_rc         loss=0.7136  surf[p=46.9552 Ux=0.6530 Uy=0.3553]  vol[p=50.1481 Ux=2.5238 Uy=1.1381]
    val_geom_camber_cruise     loss=0.1412  surf[p=17.8838 Ux=0.2375 Uy=0.1418]  vol[p=19.5031 Ux=1.2230 Uy=0.4153]
    val_re_rand                loss=0.7701  surf[p=35.4442 Ux=0.4574 Uy=0.2499]  vol[p=36.2452 Ux=1.7595 Uy=0.7398]
Epoch 125 (144s) [49.2GB]  train[vol=0.1800 surf=0.0738]  val_avg_surf_p=32.6653 *
    val_single_in_dist         loss=0.7427  surf[p=30.9623 Ux=0.3027 Uy=0.2123]  vol[p=36.1397 Ux=1.7472 Uy=0.6197]
    val_geom_camber_rc         loss=0.6927  surf[p=46.4064 Ux=0.6505 Uy=0.3537]  vol[p=49.7698 Ux=2.5142 Uy=1.1339]
    val_geom_camber_cruise     loss=0.1412  surf[p=17.9345 Ux=0.2373 Uy=0.1419]  vol[p=19.5084 Ux=1.2207 Uy=0.4152]
    val_re_rand                loss=0.7700  surf[p=35.3579 Ux=0.4559 Uy=0.2494]  vol[p=36.1669 Ux=1.7547 Uy=0.7389]
Epoch 126 (141s) [49.2GB]  train[vol=0.1865 surf=0.0742]  val_avg_surf_p=32.5385 *
    val_single_in_dist         loss=0.7122  surf[p=30.5539 Ux=0.3019 Uy=0.2118]  vol[p=35.9499 Ux=1.7409 Uy=0.6167]
    val_geom_camber_rc         loss=0.7029  surf[p=46.5323 Ux=0.6508 Uy=0.3535]  vol[p=49.8541 Ux=2.5141 Uy=1.1330]
    val_geom_camber_cruise     loss=0.1405  surf[p=17.8303 Ux=0.2341 Uy=0.1412]  vol[p=19.4540 Ux=1.2157 Uy=0.4146]
    val_re_rand                loss=0.7603  surf[p=35.2374 Ux=0.4538 Uy=0.2487]  vol[p=36.0309 Ux=1.7497 Uy=0.7378]
Epoch 127 (144s) [49.2GB]  train[vol=0.1831 surf=0.0765]  val_avg_surf_p=32.6381
    val_single_in_dist         loss=0.7633  surf[p=30.9479 Ux=0.3008 Uy=0.2124]  vol[p=36.1417 Ux=1.7398 Uy=0.6170]
    val_geom_camber_rc         loss=0.7178  surf[p=46.6602 Ux=0.6527 Uy=0.3537]  vol[p=49.9572 Ux=2.5128 Uy=1.1327]
    val_geom_camber_cruise     loss=0.1403  surf[p=17.7865 Ux=0.2343 Uy=0.1408]  vol[p=19.3979 Ux=1.2154 Uy=0.4141]
    val_re_rand                loss=0.7616  surf[p=35.1579 Ux=0.4539 Uy=0.2487]  vol[p=35.9345 Ux=1.7490 Uy=0.7371]
Epoch 128 (142s) [49.2GB]  train[vol=0.1811 surf=0.0733]  val_avg_surf_p=32.5407
    val_single_in_dist         loss=0.7438  surf[p=30.8385 Ux=0.3029 Uy=0.2125]  vol[p=36.1508 Ux=1.7405 Uy=0.6156]
    val_geom_camber_rc         loss=0.7253  surf[p=46.6005 Ux=0.6531 Uy=0.3539]  vol[p=49.9858 Ux=2.5120 Uy=1.1318]
    val_geom_camber_cruise     loss=0.1402  surf[p=17.7277 Ux=0.2343 Uy=0.1406]  vol[p=19.3502 Ux=1.2141 Uy=0.4135]
    val_re_rand                loss=0.7572  surf[p=34.9959 Ux=0.4533 Uy=0.2484]  vol[p=35.7964 Ux=1.7486 Uy=0.7364]
Epoch 129 (141s) [49.2GB]  train[vol=0.1626 surf=0.0603]  val_avg_surf_p=32.6368
    val_single_in_dist         loss=0.7588  surf[p=30.9695 Ux=0.2982 Uy=0.2114]  vol[p=36.1901 Ux=1.7354 Uy=0.6133]
    val_geom_camber_rc         loss=0.7304  surf[p=46.8553 Ux=0.6522 Uy=0.3538]  vol[p=50.1664 Ux=2.5140 Uy=1.1318]
    val_geom_camber_cruise     loss=0.1389  surf[p=17.6721 Ux=0.2321 Uy=0.1409]  vol[p=19.3370 Ux=1.2092 Uy=0.4118]
    val_re_rand                loss=0.7630  surf[p=35.0503 Ux=0.4536 Uy=0.2487]  vol[p=35.8327 Ux=1.7463 Uy=0.7360]
Epoch 130 (143s) [49.2GB]  train[vol=0.1866 surf=0.0774]  val_avg_surf_p=32.6014
    val_single_in_dist         loss=0.8029  surf[p=31.1249 Ux=0.2960 Uy=0.2114]  vol[p=36.2569 Ux=1.7347 Uy=0.6128]
    val_geom_camber_rc         loss=0.7340  surf[p=46.8345 Ux=0.6488 Uy=0.3530]  vol[p=50.2105 Ux=2.5114 Uy=1.1296]
    val_geom_camber_cruise     loss=0.1379  surf[p=17.5696 Ux=0.2315 Uy=0.1401]  vol[p=19.2566 Ux=1.2067 Uy=0.4108]
    val_re_rand                loss=0.7560  surf[p=34.8766 Ux=0.4516 Uy=0.2482]  vol[p=35.7042 Ux=1.7424 Uy=0.7340]
Epoch 131 (143s) [49.2GB]  train[vol=0.1761 surf=0.0686]  val_avg_surf_p=32.6152
    val_single_in_dist         loss=0.7849  surf[p=30.9617 Ux=0.2949 Uy=0.2111]  vol[p=36.2262 Ux=1.7314 Uy=0.6110]
    val_geom_camber_rc         loss=0.7625  surf[p=47.1824 Ux=0.6481 Uy=0.3536]  vol[p=50.5708 Ux=2.5127 Uy=1.1318]
    val_geom_camber_cruise     loss=0.1377  surf[p=17.5387 Ux=0.2303 Uy=0.1399]  vol[p=19.2186 Ux=1.2033 Uy=0.4095]
    val_re_rand                loss=0.7397  surf[p=34.7779 Ux=0.4490 Uy=0.2480]  vol[p=35.5424 Ux=1.7378 Uy=0.7320]
Epoch 132 (143s) [49.2GB]  train[vol=0.1766 surf=0.0676]  val_avg_surf_p=32.4443 *
    val_single_in_dist         loss=0.7753  surf[p=30.6867 Ux=0.2949 Uy=0.2107]  vol[p=36.0325 Ux=1.7302 Uy=0.6099]
    val_geom_camber_rc         loss=0.7449  surf[p=46.8480 Ux=0.6460 Uy=0.3536]  vol[p=50.2353 Ux=2.5117 Uy=1.1307]
    val_geom_camber_cruise     loss=0.1368  surf[p=17.4229 Ux=0.2303 Uy=0.1390]  vol[p=19.1468 Ux=1.2018 Uy=0.4082]
    val_re_rand                loss=0.7519  surf[p=34.8196 Ux=0.4481 Uy=0.2476]  vol[p=35.5719 Ux=1.7358 Uy=0.7317]
Epoch 133 (143s) [49.2GB]  train[vol=0.1750 surf=0.0691]  val_avg_surf_p=32.3497 *
    val_single_in_dist         loss=0.7473  surf[p=30.4110 Ux=0.2943 Uy=0.2100]  vol[p=35.7396 Ux=1.7268 Uy=0.6078]
    val_geom_camber_rc         loss=0.7327  surf[p=46.7552 Ux=0.6446 Uy=0.3525]  vol[p=50.1240 Ux=2.5069 Uy=1.1286]
    val_geom_camber_cruise     loss=0.1363  surf[p=17.3601 Ux=0.2299 Uy=0.1385]  vol[p=19.0927 Ux=1.2004 Uy=0.4070]
    val_re_rand                loss=0.7589  surf[p=34.8725 Ux=0.4489 Uy=0.2474]  vol[p=35.6071 Ux=1.7351 Uy=0.7308]
Epoch 134 (144s) [49.2GB]  train[vol=0.1738 surf=0.0683]  val_avg_surf_p=32.3856
    val_single_in_dist         loss=0.7781  surf[p=30.6769 Ux=0.2959 Uy=0.2101]  vol[p=35.8762 Ux=1.7280 Uy=0.6078]
    val_geom_camber_rc         loss=0.7213  surf[p=46.6676 Ux=0.6467 Uy=0.3526]  vol[p=49.9735 Ux=2.5035 Uy=1.1276]
    val_geom_camber_cruise     loss=0.1354  surf[p=17.3069 Ux=0.2315 Uy=0.1382]  vol[p=19.0621 Ux=1.1992 Uy=0.4065]
    val_re_rand                loss=0.7657  surf[p=34.8911 Ux=0.4500 Uy=0.2475]  vol[p=35.5958 Ux=1.7319 Uy=0.7302]
Epoch 135 (143s) [49.2GB]  train[vol=0.1839 surf=0.0729]  val_avg_surf_p=32.5065
    val_single_in_dist         loss=0.8127  surf[p=31.0725 Ux=0.2943 Uy=0.2099]  vol[p=36.1006 Ux=1.7278 Uy=0.6073]
    val_geom_camber_rc         loss=0.7222  surf[p=46.7482 Ux=0.6438 Uy=0.3526]  vol[p=50.0122 Ux=2.5048 Uy=1.1263]
    val_geom_camber_cruise     loss=0.1356  surf[p=17.2969 Ux=0.2285 Uy=0.1382]  vol[p=19.0530 Ux=1.1986 Uy=0.4058]
    val_re_rand                loss=0.7662  surf[p=34.9085 Ux=0.4479 Uy=0.2475]  vol[p=35.5720 Ux=1.7305 Uy=0.7295]
Epoch 136 (143s) [49.2GB]  train[vol=0.1693 surf=0.0630]  val_avg_surf_p=32.4604
    val_single_in_dist         loss=0.8085  surf[p=30.9460 Ux=0.2941 Uy=0.2090]  vol[p=35.9467 Ux=1.7223 Uy=0.6062]
    val_geom_camber_rc         loss=0.7206  surf[p=46.8265 Ux=0.6432 Uy=0.3523]  vol[p=50.0156 Ux=2.5053 Uy=1.1259]
    val_geom_camber_cruise     loss=0.1355  surf[p=17.2596 Ux=0.2270 Uy=0.1377]  vol[p=19.0021 Ux=1.1972 Uy=0.4054]
    val_re_rand                loss=0.7654  surf[p=34.8096 Ux=0.4468 Uy=0.2467]  vol[p=35.4618 Ux=1.7277 Uy=0.7275]
Epoch 137 (142s) [49.2GB]  train[vol=0.1671 surf=0.0619]  val_avg_surf_p=32.3447 *
    val_single_in_dist         loss=0.7718  surf[p=30.5004 Ux=0.2921 Uy=0.2082]  vol[p=35.6647 Ux=1.7181 Uy=0.6030]
    val_geom_camber_rc         loss=0.7221  surf[p=46.8213 Ux=0.6417 Uy=0.3527]  vol[p=49.9980 Ux=2.5003 Uy=1.1247]
    val_geom_camber_cruise     loss=0.1348  surf[p=17.2487 Ux=0.2272 Uy=0.1373]  vol[p=19.0014 Ux=1.1944 Uy=0.4047]
    val_re_rand                loss=0.7662  surf[p=34.8084 Ux=0.4475 Uy=0.2465]  vol[p=35.4317 Ux=1.7249 Uy=0.7278]
Epoch 138 (144s) [49.2GB]  train[vol=0.1700 surf=0.0627]  val_avg_surf_p=32.2103 *
    val_single_in_dist         loss=0.7416  surf[p=30.1616 Ux=0.2892 Uy=0.2072]  vol[p=35.3471 Ux=1.7123 Uy=0.5999]
    val_geom_camber_rc         loss=0.7194  surf[p=46.6778 Ux=0.6403 Uy=0.3522]  vol[p=49.9028 Ux=2.4972 Uy=1.1228]
    val_geom_camber_cruise     loss=0.1355  surf[p=17.2307 Ux=0.2263 Uy=0.1372]  vol[p=18.9778 Ux=1.1922 Uy=0.4047]
    val_re_rand                loss=0.7631  surf[p=34.7710 Ux=0.4484 Uy=0.2459]  vol[p=35.3709 Ux=1.7220 Uy=0.7259]
Epoch 139 (141s) [49.2GB]  train[vol=0.1722 surf=0.0624]  val_avg_surf_p=32.2249
    val_single_in_dist         loss=0.7852  surf[p=30.4724 Ux=0.2903 Uy=0.2071]  vol[p=35.2355 Ux=1.7095 Uy=0.5986]
    val_geom_camber_rc         loss=0.7260  surf[p=46.6995 Ux=0.6400 Uy=0.3520]  vol[p=49.9925 Ux=2.4969 Uy=1.1230]
    val_geom_camber_cruise     loss=0.1348  surf[p=17.1469 Ux=0.2289 Uy=0.1365]  vol[p=18.9306 Ux=1.1927 Uy=0.4040]
    val_re_rand                loss=0.7532  surf[p=34.5808 Ux=0.4503 Uy=0.2457]  vol[p=35.2528 Ux=1.7203 Uy=0.7246]
Epoch 140 (142s) [49.2GB]  train[vol=0.1627 surf=0.0586]  val_avg_surf_p=32.2345
    val_single_in_dist         loss=0.8326  surf[p=30.6820 Ux=0.2921 Uy=0.2068]  vol[p=35.2993 Ux=1.7100 Uy=0.5987]
    val_geom_camber_rc         loss=0.7194  surf[p=46.5964 Ux=0.6416 Uy=0.3514]  vol[p=49.8870 Ux=2.4955 Uy=1.1215]
    val_geom_camber_cruise     loss=0.1341  surf[p=17.0849 Ux=0.2297 Uy=0.1365]  vol[p=18.8786 Ux=1.1902 Uy=0.4032]
    val_re_rand                loss=0.7583  surf[p=34.5749 Ux=0.4504 Uy=0.2456]  vol[p=35.2375 Ux=1.7176 Uy=0.7234]
Epoch 141 (143s) [49.2GB]  train[vol=0.1673 surf=0.0593]  val_avg_surf_p=32.1134 *
    val_single_in_dist         loss=0.7926  surf[p=30.3276 Ux=0.2917 Uy=0.2061]  vol[p=35.1196 Ux=1.7077 Uy=0.5973]
    val_geom_camber_rc         loss=0.7155  surf[p=46.4903 Ux=0.6406 Uy=0.3509]  vol[p=49.7932 Ux=2.4909 Uy=1.1192]
    val_geom_camber_cruise     loss=0.1338  surf[p=17.0349 Ux=0.2288 Uy=0.1364]  vol[p=18.8662 Ux=1.1880 Uy=0.4029]
    val_re_rand                loss=0.7654  surf[p=34.6011 Ux=0.4495 Uy=0.2457]  vol[p=35.2444 Ux=1.7152 Uy=0.7227]
Epoch 142 (141s) [49.2GB]  train[vol=0.1834 surf=0.0715]  val_avg_surf_p=32.0573 *
    val_single_in_dist         loss=0.7590  surf[p=30.0104 Ux=0.2921 Uy=0.2055]  vol[p=35.0083 Ux=1.7059 Uy=0.5958]
    val_geom_camber_rc         loss=0.7249  surf[p=46.5489 Ux=0.6410 Uy=0.3504]  vol[p=49.9110 Ux=2.4904 Uy=1.1189]
    val_geom_camber_cruise     loss=0.1332  surf[p=17.0113 Ux=0.2295 Uy=0.1363]  vol[p=18.8254 Ux=1.1872 Uy=0.4026]
    val_re_rand                loss=0.7657  surf[p=34.6586 Ux=0.4515 Uy=0.2457]  vol[p=35.2799 Ux=1.7150 Uy=0.7225]
Epoch 143 (141s) [49.2GB]  train[vol=0.1608 surf=0.0568]  val_avg_surf_p=32.0104 *
    val_single_in_dist         loss=0.7776  surf[p=30.0884 Ux=0.2902 Uy=0.2054]  vol[p=35.0177 Ux=1.7025 Uy=0.5950]
    val_geom_camber_rc         loss=0.7243  surf[p=46.4334 Ux=0.6389 Uy=0.3495]  vol[p=49.8706 Ux=2.4874 Uy=1.1170]
    val_geom_camber_cruise     loss=0.1332  surf[p=16.9555 Ux=0.2287 Uy=0.1361]  vol[p=18.7795 Ux=1.1866 Uy=0.4020]
    val_re_rand                loss=0.7639  surf[p=34.5641 Ux=0.4490 Uy=0.2454]  vol[p=35.1888 Ux=1.7125 Uy=0.7208]
Epoch 144 (141s) [49.2GB]  train[vol=0.1854 surf=0.0760]  val_avg_surf_p=31.9615 *
    val_single_in_dist         loss=0.7736  surf[p=29.9826 Ux=0.2874 Uy=0.2059]  vol[p=34.9170 Ux=1.6984 Uy=0.5943]
    val_geom_camber_rc         loss=0.7200  surf[p=46.3785 Ux=0.6367 Uy=0.3495]  vol[p=49.7892 Ux=2.4861 Uy=1.1162]
    val_geom_camber_cruise     loss=0.1324  surf[p=16.9327 Ux=0.2248 Uy=0.1360]  vol[p=18.7427 Ux=1.1845 Uy=0.4013]
    val_re_rand                loss=0.7698  surf[p=34.5520 Ux=0.4456 Uy=0.2453]  vol[p=35.1778 Ux=1.7096 Uy=0.7199]
Epoch 145 (143s) [49.2GB]  train[vol=0.1603 surf=0.0553]  val_avg_surf_p=31.8617 *
    val_single_in_dist         loss=0.7400  surf[p=29.6392 Ux=0.2894 Uy=0.2050]  vol[p=34.7801 Ux=1.6943 Uy=0.5932]
    val_geom_camber_rc         loss=0.7138  surf[p=46.3138 Ux=0.6378 Uy=0.3495]  vol[p=49.6985 Ux=2.4842 Uy=1.1151]
    val_geom_camber_cruise     loss=0.1319  surf[p=16.8983 Ux=0.2255 Uy=0.1354]  vol[p=18.7107 Ux=1.1821 Uy=0.4012]
    val_re_rand                loss=0.7736  surf[p=34.5955 Ux=0.4468 Uy=0.2449]  vol[p=35.1791 Ux=1.7077 Uy=0.7196]
Epoch 146 (142s) [49.2GB]  train[vol=0.1631 surf=0.0605]  val_avg_surf_p=31.9411
    val_single_in_dist         loss=0.7799  surf[p=30.0232 Ux=0.2863 Uy=0.2049]  vol[p=34.7898 Ux=1.6940 Uy=0.5937]
    val_geom_camber_rc         loss=0.7118  surf[p=46.3516 Ux=0.6356 Uy=0.3494]  vol[p=49.6593 Ux=2.4819 Uy=1.1138]
    val_geom_camber_cruise     loss=0.1319  surf[p=16.8988 Ux=0.2225 Uy=0.1353]  vol[p=18.6942 Ux=1.1793 Uy=0.4006]
    val_re_rand                loss=0.7707  surf[p=34.4910 Ux=0.4436 Uy=0.2444]  vol[p=35.0823 Ux=1.7045 Uy=0.7185]
Epoch 147 (144s) [49.2GB]  train[vol=0.1648 surf=0.0573]  val_avg_surf_p=31.9451
    val_single_in_dist         loss=0.7795  surf[p=29.9103 Ux=0.2864 Uy=0.2050]  vol[p=34.6665 Ux=1.6916 Uy=0.5928]
    val_geom_camber_rc         loss=0.7149  surf[p=46.4625 Ux=0.6362 Uy=0.3496]  vol[p=49.7915 Ux=2.4811 Uy=1.1137]
    val_geom_camber_cruise     loss=0.1314  surf[p=16.8461 Ux=0.2221 Uy=0.1348]  vol[p=18.6712 Ux=1.1785 Uy=0.4001]
    val_re_rand                loss=0.7724  surf[p=34.5615 Ux=0.4442 Uy=0.2439]  vol[p=35.1001 Ux=1.7036 Uy=0.7184]
Epoch 148 (141s) [49.2GB]  train[vol=0.1698 surf=0.0606]  val_avg_surf_p=31.9315
    val_single_in_dist         loss=0.7966  surf[p=30.0171 Ux=0.2845 Uy=0.2048]  vol[p=34.5832 Ux=1.6892 Uy=0.5926]
    val_geom_camber_rc         loss=0.7169  surf[p=46.4127 Ux=0.6352 Uy=0.3494]  vol[p=49.7696 Ux=2.4805 Uy=1.1130]
    val_geom_camber_cruise     loss=0.1313  surf[p=16.8038 Ux=0.2212 Uy=0.1346]  vol[p=18.6254 Ux=1.1786 Uy=0.3998]
    val_re_rand                loss=0.7701  surf[p=34.4926 Ux=0.4417 Uy=0.2436]  vol[p=35.0275 Ux=1.7016 Uy=0.7175]
Epoch 149 (142s) [49.2GB]  train[vol=0.1633 surf=0.0560]  val_avg_surf_p=31.8751
    val_single_in_dist         loss=0.8108  surf[p=29.9625 Ux=0.2851 Uy=0.2049]  vol[p=34.5721 Ux=1.6889 Uy=0.5927]
    val_geom_camber_rc         loss=0.7216  surf[p=46.4376 Ux=0.6344 Uy=0.3495]  vol[p=49.8282 Ux=2.4794 Uy=1.1125]
    val_geom_camber_cruise     loss=0.1307  surf[p=16.7718 Ux=0.2212 Uy=0.1344]  vol[p=18.5820 Ux=1.1763 Uy=0.3989]
    val_re_rand                loss=0.7600  surf[p=34.3285 Ux=0.4409 Uy=0.2433]  vol[p=34.9078 Ux=1.6980 Uy=0.7164]
Epoch 150 (145s) [49.2GB]  train[vol=0.1673 surf=0.0618]  val_avg_surf_p=31.8439 *
    val_single_in_dist         loss=0.8489  surf[p=30.0935 Ux=0.2845 Uy=0.2050]  vol[p=34.6404 Ux=1.6883 Uy=0.5926]
    val_geom_camber_rc         loss=0.7236  surf[p=46.3691 Ux=0.6341 Uy=0.3497]  vol[p=49.6848 Ux=2.4771 Uy=1.1114]
    val_geom_camber_cruise     loss=0.1306  surf[p=16.7032 Ux=0.2207 Uy=0.1342]  vol[p=18.5447 Ux=1.1757 Uy=0.3984]
    val_re_rand                loss=0.7605  surf[p=34.2096 Ux=0.4414 Uy=0.2431]  vol[p=34.8017 Ux=1.6961 Uy=0.7156]
Epoch 151 (144s) [49.2GB]  train[vol=0.1591 surf=0.0537]  val_avg_surf_p=31.8583
    val_single_in_dist         loss=0.8120  surf[p=29.9013 Ux=0.2837 Uy=0.2043]  vol[p=34.5358 Ux=1.6851 Uy=0.5911]
    val_geom_camber_rc         loss=0.7372  surf[p=46.5484 Ux=0.6337 Uy=0.3499]  vol[p=49.7818 Ux=2.4783 Uy=1.1121]
    val_geom_camber_cruise     loss=0.1309  surf[p=16.7695 Ux=0.2203 Uy=0.1340]  vol[p=18.5494 Ux=1.1734 Uy=0.3982]
    val_re_rand                loss=0.7540  surf[p=34.2137 Ux=0.4401 Uy=0.2427]  vol[p=34.7991 Ux=1.6951 Uy=0.7148]
Epoch 152 (141s) [49.2GB]  train[vol=0.1550 surf=0.0524]  val_avg_surf_p=31.8374 *
    val_single_in_dist         loss=0.8189  surf[p=29.8793 Ux=0.2827 Uy=0.2038]  vol[p=34.4883 Ux=1.6825 Uy=0.5898]
    val_geom_camber_rc         loss=0.7426  surf[p=46.6044 Ux=0.6331 Uy=0.3499]  vol[p=49.7581 Ux=2.4776 Uy=1.1122]
    val_geom_camber_cruise     loss=0.1309  surf[p=16.7308 Ux=0.2198 Uy=0.1341]  vol[p=18.5272 Ux=1.1709 Uy=0.3974]
    val_re_rand                loss=0.7530  surf[p=34.1351 Ux=0.4390 Uy=0.2426]  vol[p=34.7829 Ux=1.6926 Uy=0.7137]
Epoch 153 (143s) [49.2GB]  train[vol=0.1588 surf=0.0549]  val_avg_surf_p=31.8138 *
    val_single_in_dist         loss=0.8354  surf[p=29.8765 Ux=0.2822 Uy=0.2042]  vol[p=34.4390 Ux=1.6810 Uy=0.5896]
    val_geom_camber_rc         loss=0.7482  surf[p=46.6331 Ux=0.6332 Uy=0.3499]  vol[p=49.7857 Ux=2.4760 Uy=1.1114]
    val_geom_camber_cruise     loss=0.1306  surf[p=16.6816 Ux=0.2199 Uy=0.1338]  vol[p=18.4950 Ux=1.1692 Uy=0.3968]
    val_re_rand                loss=0.7523  surf[p=34.0640 Ux=0.4399 Uy=0.2423]  vol[p=34.7506 Ux=1.6908 Uy=0.7127]
Epoch 154 (142s) [49.2GB]  train[vol=0.1661 surf=0.0581]  val_avg_surf_p=31.7877 *
    val_single_in_dist         loss=0.8280  surf[p=29.8193 Ux=0.2835 Uy=0.2042]  vol[p=34.3589 Ux=1.6780 Uy=0.5888]
    val_geom_camber_rc         loss=0.7548  surf[p=46.7067 Ux=0.6348 Uy=0.3501]  vol[p=49.8812 Ux=2.4766 Uy=1.1123]
    val_geom_camber_cruise     loss=0.1306  surf[p=16.6420 Ux=0.2233 Uy=0.1338]  vol[p=18.5034 Ux=1.1702 Uy=0.3967]
    val_re_rand                loss=0.7543  surf[p=33.9829 Ux=0.4422 Uy=0.2425]  vol[p=34.6798 Ux=1.6906 Uy=0.7125]
Epoch 155 (142s) [49.2GB]  train[vol=0.1499 surf=0.0492]  val_avg_surf_p=31.8559
    val_single_in_dist         loss=0.8674  surf[p=30.0845 Ux=0.2811 Uy=0.2048]  vol[p=34.4461 Ux=1.6776 Uy=0.5896]
    val_geom_camber_rc         loss=0.7573  surf[p=46.7388 Ux=0.6337 Uy=0.3496]  vol[p=49.9063 Ux=2.4731 Uy=1.1116]
    val_geom_camber_cruise     loss=0.1304  surf[p=16.6017 Ux=0.2212 Uy=0.1333]  vol[p=18.4798 Ux=1.1686 Uy=0.3963]
    val_re_rand                loss=0.7571  surf[p=33.9987 Ux=0.4399 Uy=0.2420]  vol[p=34.6634 Ux=1.6880 Uy=0.7120]
Epoch 156 (145s) [49.2GB]  train[vol=0.1569 surf=0.0549]  val_avg_surf_p=31.9139
    val_single_in_dist         loss=0.8865  surf[p=30.1765 Ux=0.2824 Uy=0.2040]  vol[p=34.5366 Ux=1.6768 Uy=0.5893]
    val_geom_camber_rc         loss=0.7720  surf[p=46.8548 Ux=0.6343 Uy=0.3492]  vol[p=50.0124 Ux=2.4713 Uy=1.1109]
    val_geom_camber_cruise     loss=0.1302  surf[p=16.6100 Ux=0.2229 Uy=0.1331]  vol[p=18.4921 Ux=1.1700 Uy=0.3960]
    val_re_rand                loss=0.7537  surf[p=34.0142 Ux=0.4407 Uy=0.2420]  vol[p=34.6667 Ux=1.6881 Uy=0.7119]
Epoch 157 (143s) [49.2GB]  train[vol=0.1582 surf=0.0559]  val_avg_surf_p=31.8597
    val_single_in_dist         loss=0.8499  surf[p=30.0009 Ux=0.2820 Uy=0.2035]  vol[p=34.4459 Ux=1.6732 Uy=0.5875]
    val_geom_camber_rc         loss=0.7743  surf[p=46.8079 Ux=0.6344 Uy=0.3495]  vol[p=50.0089 Ux=2.4703 Uy=1.1100]
    val_geom_camber_cruise     loss=0.1298  surf[p=16.5765 Ux=0.2223 Uy=0.1330]  vol[p=18.4728 Ux=1.1687 Uy=0.3955]
    val_re_rand                loss=0.7511  surf[p=34.0534 Ux=0.4402 Uy=0.2419]  vol[p=34.6489 Ux=1.6860 Uy=0.7113]
Epoch 158 (143s) [49.2GB]  train[vol=0.1533 surf=0.0512]  val_avg_surf_p=31.8539
    val_single_in_dist         loss=0.8610  surf[p=30.0242 Ux=0.2794 Uy=0.2037]  vol[p=34.4833 Ux=1.6723 Uy=0.5872]
    val_geom_camber_rc         loss=0.7672  surf[p=46.7792 Ux=0.6330 Uy=0.3496]  vol[p=49.9590 Ux=2.4683 Uy=1.1097]
    val_geom_camber_cruise     loss=0.1299  surf[p=16.5514 Ux=0.2187 Uy=0.1335]  vol[p=18.4476 Ux=1.1668 Uy=0.3953]
    val_re_rand                loss=0.7545  surf[p=34.0606 Ux=0.4390 Uy=0.2424]  vol[p=34.6826 Ux=1.6854 Uy=0.7113]
Epoch 159 (142s) [49.2GB]  train[vol=0.1616 surf=0.0564]  val_avg_surf_p=31.7985
    val_single_in_dist         loss=0.8488  surf[p=29.9198 Ux=0.2799 Uy=0.2035]  vol[p=34.4325 Ux=1.6700 Uy=0.5869]
    val_geom_camber_rc         loss=0.7592  surf[p=46.7230 Ux=0.6324 Uy=0.3491]  vol[p=49.8468 Ux=2.4666 Uy=1.1084]
    val_geom_camber_cruise     loss=0.1297  surf[p=16.4945 Ux=0.2182 Uy=0.1330]  vol[p=18.4166 Ux=1.1662 Uy=0.3955]
    val_re_rand                loss=0.7572  surf[p=34.0566 Ux=0.4382 Uy=0.2418]  vol[p=34.6482 Ux=1.6841 Uy=0.7106]
Epoch 160 (143s) [49.2GB]  train[vol=0.1523 surf=0.0493]  val_avg_surf_p=31.7890
    val_single_in_dist         loss=0.8480  surf[p=29.8193 Ux=0.2802 Uy=0.2037]  vol[p=34.3096 Ux=1.6689 Uy=0.5870]
    val_geom_camber_rc         loss=0.7676  surf[p=46.8059 Ux=0.6332 Uy=0.3493]  vol[p=49.9024 Ux=2.4681 Uy=1.1087]
    val_geom_camber_cruise     loss=0.1293  surf[p=16.4481 Ux=0.2185 Uy=0.1330]  vol[p=18.3851 Ux=1.1660 Uy=0.3951]
    val_re_rand                loss=0.7544  surf[p=34.0828 Ux=0.4392 Uy=0.2420]  vol[p=34.6350 Ux=1.6844 Uy=0.7107]
Epoch 161 (142s) [49.2GB]  train[vol=0.1594 surf=0.0527]  val_avg_surf_p=31.7327 *
    val_single_in_dist         loss=0.8381  surf[p=29.6523 Ux=0.2795 Uy=0.2033]  vol[p=34.2248 Ux=1.6668 Uy=0.5860]
    val_geom_camber_rc         loss=0.7680  surf[p=46.8144 Ux=0.6335 Uy=0.3492]  vol[p=49.8745 Ux=2.4665 Uy=1.1081]
    val_geom_camber_cruise     loss=0.1292  surf[p=16.4084 Ux=0.2175 Uy=0.1324]  vol[p=18.3477 Ux=1.1633 Uy=0.3947]
    val_re_rand                loss=0.7542  surf[p=34.0558 Ux=0.4381 Uy=0.2416]  vol[p=34.6170 Ux=1.6822 Uy=0.7100]
Epoch 162 (142s) [49.2GB]  train[vol=0.1557 surf=0.0522]  val_avg_surf_p=31.7884
    val_single_in_dist         loss=0.8807  surf[p=29.8657 Ux=0.2781 Uy=0.2035]  vol[p=34.2538 Ux=1.6660 Uy=0.5858]
    val_geom_camber_rc         loss=0.7672  surf[p=46.8088 Ux=0.6323 Uy=0.3492]  vol[p=49.8538 Ux=2.4674 Uy=1.1088]
    val_geom_camber_cruise     loss=0.1292  surf[p=16.3910 Ux=0.2167 Uy=0.1321]  vol[p=18.3247 Ux=1.1642 Uy=0.3946]
    val_re_rand                loss=0.7590  surf[p=34.0878 Ux=0.4371 Uy=0.2413]  vol[p=34.6596 Ux=1.6827 Uy=0.7098]
Epoch 163 (145s) [49.2GB]  train[vol=0.1583 surf=0.0542]  val_avg_surf_p=31.8663
    val_single_in_dist         loss=0.9205  surf[p=30.0252 Ux=0.2773 Uy=0.2037]  vol[p=34.2909 Ux=1.6661 Uy=0.5859]
    val_geom_camber_rc         loss=0.7653  surf[p=46.8700 Ux=0.6325 Uy=0.3492]  vol[p=49.8703 Ux=2.4685 Uy=1.1088]
    val_geom_camber_cruise     loss=0.1294  surf[p=16.4104 Ux=0.2161 Uy=0.1320]  vol[p=18.3170 Ux=1.1631 Uy=0.3943]
    val_re_rand                loss=0.7626  surf[p=34.1593 Ux=0.4373 Uy=0.2416]  vol[p=34.7107 Ux=1.6826 Uy=0.7102]
Epoch 164 (143s) [49.2GB]  train[vol=0.1523 surf=0.0485]  val_avg_surf_p=31.8358
    val_single_in_dist         loss=0.8923  surf[p=29.8268 Ux=0.2746 Uy=0.2035]  vol[p=34.1751 Ux=1.6625 Uy=0.5849]
    val_geom_camber_rc         loss=0.7727  surf[p=46.9850 Ux=0.6319 Uy=0.3495]  vol[p=50.0230 Ux=2.4699 Uy=1.1094]
    val_geom_camber_cruise     loss=0.1291  surf[p=16.3940 Ux=0.2144 Uy=0.1320]  vol[p=18.2802 Ux=1.1611 Uy=0.3939]
    val_re_rand                loss=0.7628  surf[p=34.1376 Ux=0.4362 Uy=0.2414]  vol[p=34.7164 Ux=1.6819 Uy=0.7100]
Epoch 165 (144s) [49.2GB]  train[vol=0.1527 surf=0.0483]  val_avg_surf_p=31.8363
    val_single_in_dist         loss=0.8802  surf[p=29.7578 Ux=0.2748 Uy=0.2028]  vol[p=34.0668 Ux=1.6624 Uy=0.5842]
    val_geom_camber_rc         loss=0.7782  surf[p=47.1027 Ux=0.6316 Uy=0.3494]  vol[p=50.1941 Ux=2.4703 Uy=1.1089]
    val_geom_camber_cruise     loss=0.1288  surf[p=16.3704 Ux=0.2133 Uy=0.1317]  vol[p=18.2647 Ux=1.1603 Uy=0.3935]
    val_re_rand                loss=0.7613  surf[p=34.1144 Ux=0.4363 Uy=0.2415]  vol[p=34.6922 Ux=1.6816 Uy=0.7096]
Epoch 166 (143s) [49.2GB]  train[vol=0.1532 surf=0.0516]  val_avg_surf_p=31.7683
    val_single_in_dist         loss=0.8857  surf[p=29.6805 Ux=0.2787 Uy=0.2025]  vol[p=34.0352 Ux=1.6625 Uy=0.5832]
    val_geom_camber_rc         loss=0.7679  surf[p=46.9714 Ux=0.6328 Uy=0.3490]  vol[p=50.0927 Ux=2.4679 Uy=1.1078]
    val_geom_camber_cruise     loss=0.1290  surf[p=16.3604 Ux=0.2181 Uy=0.1317]  vol[p=18.2484 Ux=1.1602 Uy=0.3927]
    val_re_rand                loss=0.7629  surf[p=34.0611 Ux=0.4395 Uy=0.2413]  vol[p=34.6327 Ux=1.6801 Uy=0.7088]
Epoch 167 (142s) [49.2GB]  train[vol=0.1544 surf=0.0484]  val_avg_surf_p=31.7222 *
    val_single_in_dist         loss=0.8811  surf[p=29.6439 Ux=0.2793 Uy=0.2022]  vol[p=34.0119 Ux=1.6611 Uy=0.5828]
    val_geom_camber_rc         loss=0.7618  surf[p=46.8317 Ux=0.6334 Uy=0.3486]  vol[p=49.9764 Ux=2.4654 Uy=1.1067]
    val_geom_camber_cruise     loss=0.1289  surf[p=16.3384 Ux=0.2197 Uy=0.1316]  vol[p=18.2399 Ux=1.1585 Uy=0.3928]
    val_re_rand                loss=0.7639  surf[p=34.0746 Ux=0.4411 Uy=0.2414]  vol[p=34.6298 Ux=1.6792 Uy=0.7086]
Epoch 168 (143s) [49.2GB]  train[vol=0.1499 surf=0.0470]  val_avg_surf_p=31.6872 *
    val_single_in_dist         loss=0.8708  surf[p=29.5173 Ux=0.2760 Uy=0.2018]  vol[p=33.9228 Ux=1.6585 Uy=0.5822]
    val_geom_camber_rc         loss=0.7647  surf[p=46.8407 Ux=0.6321 Uy=0.3492]  vol[p=50.0191 Ux=2.4659 Uy=1.1076]
    val_geom_camber_cruise     loss=0.1284  surf[p=16.2912 Ux=0.2162 Uy=0.1315]  vol[p=18.1954 Ux=1.1571 Uy=0.3924]
    val_re_rand                loss=0.7608  surf[p=34.0996 Ux=0.4390 Uy=0.2414]  vol[p=34.6108 Ux=1.6784 Uy=0.7084]
Epoch 169 (142s) [49.2GB]  train[vol=0.1522 surf=0.0498]  val_avg_surf_p=31.6870 *
wandb: updating run metadata; uploading artifact model-mlintern-pai2-72h-v4-r1-r4-onecycle-ema-w192-seed2-200-whereomp
wandb: uploading artifact model-mlintern-pai2-72h-v4-r1-r4-onecycle-ema-w192-seed2-200-whereomp
wandb: uploading output.log; uploading wandb-summary.json; uploading config.yaml
wandb: 
wandb: Run history:
wandb:        epoch_time_s ▃▄▅▆▄▂▂▄▃▄▃▁▆▄▄▃▇▅▃▄▅▅▆█▅▄▇▅▅▄▅▃▂▅▂▂▅▃▇▃
wandb:         global_step ▁▁▁▁▁▂▂▂▂▂▃▃▃▃▃▃▄▄▄▄▄▄▅▅▅▆▆▆▆▆▇▇▇▇▇▇▇███
wandb:                  lr ▇██████████▇▇▇▇▇▇▆▅▅▅▅▅▄▄▄▄▄▃▃▃▃▃▃▂▂▂▁▁▁
wandb:          train/loss █▃▄▄▅▂▂▂▂▂▂▁▂▂▃▂▂▂▂▁▂▁▂▂▂▁▂▁▂▁▂▁▂▂▁▃▁▁▁▁
wandb:     train/surf_loss █▅▄▄▄▃▃▃▃▃▃▂▂▂▂▂▂▂▂▂▂▂▂▂▂▁▁▁▁▁▁▁▁▁▁▁▁▁▁▁
wandb:      train/vol_loss █▆▆▅▄▄▃▃▃▃▃▃▃▃▃▂▂▂▂▂▂▂▂▂▂▂▂▂▂▁▁▁▁▁▁▁▁▁▁▁
wandb:            val/loss █▄▄▄▃▂▂▁▁▁▁▁▁▁▁▁▁▁▁▁▁▁▁▁▁▁▁▁▁▁▁▁▁▁▁▁▁▁▁▁
wandb: val_avg/mae_surf_Ux █▃▃▂▂▂▁▁▁▁▁▁▁▁▁▁▁▁▁▁▁▁▁▁▁▁▁▁▁▁▁▁▁▁▁▁▁▁▁▁
wandb: val_avg/mae_surf_Uy █▄▄▂▂▁▁▁▁▁▁▁▁▁▁▁▁▁▁▁▁▁▁▁▁▁▁▁▁▁▁▁▁▁▁▁▁▁▁▁
wandb:  val_avg/mae_surf_p █▇▆▆▄▂▂▂▂▂▂▁▁▁▁▁▁▁▁▁▁▁▁▁▁▁▁▁▁▁▁▁▁▁▁▁▁▁▁▁
wandb:                 +39 ...
wandb: 
wandb: Run summary:
wandb:              best_epoch 169
wandb: best_val_avg/mae_surf_p 31.68701
wandb:            epoch_time_s 142.03379
wandb:             global_step 63375
wandb:                      lr 6e-05
wandb:     total_train_minutes 401.83094
wandb:              train/loss 0.66392
wandb:         train/surf_loss 0.04977
wandb:          train/vol_loss 0.15216
wandb:                val/loss 0.63175
wandb:                     +42 ...
wandb: 
wandb: 🚀 View run mlintern-pai2-72h-v4-r1/r4-onecycle-ema-w192-seed2-200 at: https://wandb.ai/wandb-applied-ai-team/senpai-v1-ml-intern/runs/whereomp
wandb: ⭐️ View project at: https://wandb.ai/wandb-applied-ai-team/senpai-v1-ml-intern
wandb: Synced 7 W&B file(s), 0 media file(s), 3 artifact file(s) and 0 other file(s)
wandb: Find logs at: ./wandb/run-20260430_204824-whereomp/logs
    val_single_in_dist         loss=0.8692  surf[p=29.4691 Ux=0.2764 Uy=0.2019]  vol[p=33.9584 Ux=1.6580 Uy=0.5820]
    val_geom_camber_rc         loss=0.7714  surf[p=46.9173 Ux=0.6328 Uy=0.3494]  vol[p=50.1357 Ux=2.4675 Uy=1.1081]
    val_geom_camber_cruise     loss=0.1280  surf[p=16.2704 Ux=0.2161 Uy=0.1310]  vol[p=18.1699 Ux=1.1571 Uy=0.3922]
    val_re_rand                loss=0.7585  surf[p=34.0912 Ux=0.4386 Uy=0.2412]  vol[p=34.5989 Ux=1.6780 Uy=0.7080]
Timeout (400.0 min). Stopping.

Training done in 401.8 min

Best val: epoch 169, val_avg/mae_surf_p = 31.6870

Logged model artifact 'model-mlintern-pai2-72h-v4-r1-r4-onecycle-ema-w192-seed2-200-whereomp' (aliases: best, epoch-169)
