wandb: [wandb.login()] Loaded credentials for https://api.wandb.ai from WANDB_API_KEY.
wandb: W&B API key is configured. Use `wandb login --relogin` to force relogin
wandb: Tracking run with wandb version 0.26.1
wandb: Run data is saved locally in /workspace/ml-intern-benchmark/target/wandb/run-20260430_123432-82kuz232
wandb: Run `wandb offline` to turn off syncing.
wandb: Syncing run mlintern-pai2-72h-v4-r1/r2-l1-ema-deep7
wandb: ⭐️ View project at https://wandb.ai/wandb-applied-ai-team/senpai-v1-ml-intern
wandb: 🚀 View run at https://wandb.ai/wandb-applied-ai-team/senpai-v1-ml-intern/runs/82kuz232
Device: cuda
Train: 1499, val_single_in_dist: 100, val_geom_camber_rc: 100, val_geom_camber_cruise: 100, val_re_rand: 100
Model: Transolver (0.90M params)
EMA enabled: decay=0.999
Epoch   1 (131s) [44.4GB]  train[vol=1.2877 surf=0.8027]  val_avg_surf_p=333.9772 *
    val_single_in_dist         loss=46.6595  surf[p=459.4722 Ux=19.2428 Uy=2.2440]  vol[p=391.3470 Ux=17.7921 Uy=5.8562]
    val_geom_camber_rc         loss=26.6464  surf[p=393.8796 Ux=15.4399 Uy=2.7298]  vol[p=316.0541 Ux=12.7655 Uy=6.1850]
    val_geom_camber_cruise     loss=14.5874  surf[p=215.8576 Ux=17.4367 Uy=1.2918]  vol[p=191.4600 Ux=14.7679 Uy=3.3903]
    val_re_rand                loss=17.2463  surf[p=266.6996 Ux=15.6720 Uy=1.7859]  vol[p=220.1586 Ux=13.2059 Uy=4.3694]
Epoch   2 (131s) [44.9GB]  train[vol=0.9606 surf=0.5446]  val_avg_surf_p=300.2897 *
    val_single_in_dist         loss=36.0701  surf[p=418.2525 Ux=12.7373 Uy=1.9356]  vol[p=328.8725 Ux=14.6207 Uy=5.2498]
    val_geom_camber_rc         loss=19.7799  surf[p=339.9402 Ux=11.1000 Uy=2.3784]  vol[p=275.1896 Ux=11.6039 Uy=5.6002]
    val_geom_camber_cruise     loss=9.5881  surf[p=205.6863 Ux=11.8192 Uy=1.2253]  vol[p=173.9849 Ux=11.7887 Uy=3.2834]
    val_re_rand                loss=12.1172  surf[p=237.2800 Ux=10.9045 Uy=1.5988]  vol[p=195.9877 Ux=11.1735 Uy=4.0634]
Epoch   3 (134s) [44.9GB]  train[vol=0.8451 surf=0.4713]  val_avg_surf_p=266.6263 *
    val_single_in_dist         loss=28.8361  surf[p=372.6828 Ux=9.5126 Uy=1.6581]  vol[p=300.6363 Ux=11.8211 Uy=4.5953]
    val_geom_camber_rc         loss=15.0055  surf[p=296.9380 Ux=8.5069 Uy=1.9981]  vol[p=251.0084 Ux=10.5172 Uy=4.9766]
    val_geom_camber_cruise     loss=6.8267  surf[p=187.5010 Ux=8.6257 Uy=1.0866]  vol[p=157.2253 Ux=9.4545 Uy=2.9728]
    val_re_rand                loss=8.9323  surf[p=209.3832 Ux=8.1653 Uy=1.3728]  vol[p=178.8421 Ux=9.5266 Uy=3.6443]
Epoch   4 (130s) [44.9GB]  train[vol=0.7847 surf=0.4410]  val_avg_surf_p=234.4661 *
    val_single_in_dist         loss=22.8107  surf[p=327.3520 Ux=7.0673 Uy=1.3981]  vol[p=272.6221 Ux=9.7052 Uy=3.9778]
    val_geom_camber_rc         loss=11.5567  surf[p=261.4612 Ux=6.7291 Uy=1.6980]  vol[p=227.3079 Ux=9.4660 Uy=4.4418]
    val_geom_camber_cruise     loss=4.8735  surf[p=165.3095 Ux=6.3609 Uy=0.9357]  vol[p=138.9932 Ux=7.5998 Uy=2.5675]
    val_re_rand                loss=6.6975  surf[p=183.7417 Ux=6.2519 Uy=1.1723]  vol[p=160.9344 Ux=8.1297 Uy=3.2165]
Epoch   5 (132s) [44.9GB]  train[vol=0.7490 surf=0.4264]  val_avg_surf_p=206.3721 *
    val_single_in_dist         loss=18.6073  surf[p=288.1330 Ux=5.2812 Uy=1.1891]  vol[p=246.7715 Ux=8.2287 Uy=3.4641]
    val_geom_camber_rc         loss=9.0246  surf[p=230.1733 Ux=5.4189 Uy=1.4638]  vol[p=201.4621 Ux=8.5179 Uy=4.0196]
    val_geom_camber_cruise     loss=3.5788  surf[p=144.6587 Ux=4.7127 Uy=0.8068]  vol[p=123.1866 Ux=6.2419 Uy=2.2043]
    val_re_rand                loss=5.1870  surf[p=162.5236 Ux=4.8559 Uy=1.0246]  vol[p=144.9672 Ux=7.0341 Uy=2.8722]
Epoch   6 (133s) [44.9GB]  train[vol=0.7063 surf=0.3970]  val_avg_surf_p=181.5110 *
    val_single_in_dist         loss=15.4859  surf[p=252.0246 Ux=3.8995 Uy=1.0242]  vol[p=221.7324 Ux=7.1163 Uy=3.0945]
    val_geom_camber_rc         loss=7.2043  surf[p=201.7093 Ux=4.4153 Uy=1.2866]  vol[p=177.1524 Ux=7.7248 Uy=3.7013]
    val_geom_camber_cruise     loss=2.7117  surf[p=126.9538 Ux=3.5116 Uy=0.7028]  vol[p=110.3721 Ux=5.2550 Uy=1.9123]
    val_re_rand                loss=4.1764  surf[p=145.3561 Ux=3.8280 Uy=0.9189]  vol[p=131.8858 Ux=6.2112 Uy=2.6086]
Epoch   7 (133s) [44.9GB]  train[vol=0.6590 surf=0.3703]  val_avg_surf_p=159.5198 *
    val_single_in_dist         loss=13.0663  surf[p=217.2427 Ux=2.8517 Uy=0.9039]  vol[p=202.3713 Ux=6.2928 Uy=2.8275]
    val_geom_camber_rc         loss=5.9011  surf[p=176.0740 Ux=3.7058 Uy=1.1536]  vol[p=159.7356 Ux=7.1311 Uy=3.4549]
    val_geom_camber_cruise     loss=2.1529  surf[p=113.1393 Ux=2.6548 Uy=0.6232]  vol[p=101.2347 Ux=4.5783 Uy=1.7036]
    val_re_rand                loss=3.5052  surf[p=131.6230 Ux=3.1152 Uy=0.8441]  vol[p=122.7363 Ux=5.6461 Uy=2.4143]
Epoch   8 (131s) [44.9GB]  train[vol=0.6212 surf=0.3424]  val_avg_surf_p=142.8922 *
    val_single_in_dist         loss=11.3685  surf[p=192.2934 Ux=2.2436 Uy=0.8120]  vol[p=188.7769 Ux=5.8112 Uy=2.6243]
    val_geom_camber_rc         loss=5.1001  surf[p=156.9129 Ux=3.1922 Uy=1.0626]  vol[p=148.8579 Ux=6.6888 Uy=3.2743]
    val_geom_camber_cruise     loss=1.7816  surf[p=101.8854 Ux=2.0665 Uy=0.5633]  vol[p=93.1950 Ux=4.1228 Uy=1.5597]
    val_re_rand                loss=3.0544  surf[p=120.4772 Ux=2.5786 Uy=0.7900]  vol[p=115.1770 Ux=5.1918 Uy=2.2722]
Epoch   9 (133s) [44.9GB]  train[vol=0.6038 surf=0.3345]  val_avg_surf_p=129.7981 *
    val_single_in_dist         loss=9.7961  surf[p=172.0001 Ux=1.8517 Uy=0.7510]  vol[p=177.0426 Ux=5.4496 Uy=2.4612]
    val_geom_camber_rc         loss=4.4990  surf[p=142.2236 Ux=2.7859 Uy=0.9939]  vol[p=141.4247 Ux=6.2882 Uy=3.1217]
    val_geom_camber_cruise     loss=1.5216  surf[p=93.2511 Ux=1.6394 Uy=0.5210]  vol[p=87.1719 Ux=3.7785 Uy=1.4521]
    val_re_rand                loss=2.7188  surf[p=111.7176 Ux=2.1789 Uy=0.7503]  vol[p=109.4358 Ux=4.8258 Uy=2.1598]
Epoch  10 (134s) [44.9GB]  train[vol=0.5662 surf=0.3143]  val_avg_surf_p=119.6858 *
    val_single_in_dist         loss=8.5044  surf[p=156.1073 Ux=1.5774 Uy=0.7033]  vol[p=167.0525 Ux=5.1808 Uy=2.3315]
    val_geom_camber_rc         loss=4.1332  surf[p=131.5828 Ux=2.4854 Uy=0.9467]  vol[p=135.5968 Ux=5.9463 Uy=2.9971]
    val_geom_camber_cruise     loss=1.3231  surf[p=86.2436 Ux=1.3222 Uy=0.4884]  vol[p=82.4764 Ux=3.5080 Uy=1.3686]
    val_re_rand                loss=2.4843  surf[p=104.8096 Ux=1.8865 Uy=0.7172]  vol[p=104.9687 Ux=4.5430 Uy=2.0648]
Epoch  11 (130s) [44.9GB]  train[vol=0.5616 surf=0.3064]  val_avg_surf_p=112.5719 *
    val_single_in_dist         loss=7.4710  surf[p=144.7150 Ux=1.4079 Uy=0.6669]  vol[p=158.1834 Ux=4.9825 Uy=2.2302]
    val_geom_camber_rc         loss=3.8884  surf[p=124.4641 Ux=2.2701 Uy=0.9064]  vol[p=130.3761 Ux=5.6661 Uy=2.8995]
    val_geom_camber_cruise     loss=1.1826  surf[p=81.5197 Ux=1.0912 Uy=0.4657]  vol[p=79.1823 Ux=3.3214 Uy=1.3098]
    val_re_rand                loss=2.3222  surf[p=99.5890 Ux=1.6728 Uy=0.6894]  vol[p=100.9733 Ux=4.3276 Uy=1.9932]
Epoch  12 (134s) [44.9GB]  train[vol=0.5297 surf=0.2898]  val_avg_surf_p=107.0388 *
    val_single_in_dist         loss=6.7960  surf[p=136.3197 Ux=1.3244 Uy=0.6375]  vol[p=150.3775 Ux=4.8419 Uy=2.1353]
    val_geom_camber_rc         loss=3.7000  surf[p=118.6435 Ux=2.0994 Uy=0.8748]  vol[p=126.1574 Ux=5.4276 Uy=2.8114]
    val_geom_camber_cruise     loss=1.0891  surf[p=77.8286 Ux=0.9482 Uy=0.4494]  vol[p=76.3663 Ux=3.1640 Uy=1.2660]
    val_re_rand                loss=2.1823  surf[p=95.3635 Ux=1.5151 Uy=0.6635]  vol[p=97.4745 Ux=4.1297 Uy=1.9321]
Epoch  13 (134s) [44.9GB]  train[vol=0.5123 surf=0.2803]  val_avg_surf_p=102.4793 *
    val_single_in_dist         loss=6.2586  surf[p=129.2548 Ux=1.2353 Uy=0.6135]  vol[p=143.0493 Ux=4.6939 Uy=2.0605]
    val_geom_camber_rc         loss=3.5380  surf[p=114.1008 Ux=1.9766 Uy=0.8504]  vol[p=122.4970 Ux=5.2251 Uy=2.7426]
    val_geom_camber_cruise     loss=1.0143  surf[p=74.6215 Ux=0.8330 Uy=0.4340]  vol[p=73.4615 Ux=3.0262 Uy=1.2270]
    val_re_rand                loss=2.0701  surf[p=91.9403 Ux=1.3908 Uy=0.6395]  vol[p=94.1914 Ux=3.9676 Uy=1.8804]
Epoch  14 (134s) [44.9GB]  train[vol=0.5253 surf=0.2889]  val_avg_surf_p=97.9283 *
    val_single_in_dist         loss=5.6571  surf[p=121.5390 Ux=1.1693 Uy=0.5907]  vol[p=135.5927 Ux=4.5644 Uy=1.9917]
    val_geom_camber_rc         loss=3.3479  surf[p=109.4918 Ux=1.8520 Uy=0.8266]  vol[p=118.1061 Ux=5.0434 Uy=2.6822]
    val_geom_camber_cruise     loss=0.9580  surf[p=71.9718 Ux=0.7476 Uy=0.4199]  vol[p=70.8686 Ux=2.9208 Uy=1.1920]
    val_re_rand                loss=1.9709  surf[p=88.7105 Ux=1.2789 Uy=0.6170]  vol[p=90.9343 Ux=3.8273 Uy=1.8359]
Epoch  15 (134s) [44.9GB]  train[vol=0.4911 surf=0.2645]  val_avg_surf_p=93.9697 *
    val_single_in_dist         loss=5.1551  surf[p=114.7854 Ux=1.0985 Uy=0.5670]  vol[p=128.3647 Ux=4.4194 Uy=1.9273]
    val_geom_camber_rc         loss=3.2080  surf[p=105.7760 Ux=1.7806 Uy=0.8030]  vol[p=114.2541 Ux=4.8969 Uy=2.6281]
    val_geom_camber_cruise     loss=0.9160  surf[p=69.5373 Ux=0.6851 Uy=0.4086]  vol[p=68.2324 Ux=2.8290 Uy=1.1625]
    val_re_rand                loss=1.8836  surf[p=85.7801 Ux=1.2037 Uy=0.5968]  vol[p=87.7045 Ux=3.7142 Uy=1.7957]
Epoch  16 (133s) [44.9GB]  train[vol=0.4842 surf=0.2606]  val_avg_surf_p=90.6805 *
    val_single_in_dist         loss=4.8091  surf[p=109.9873 Ux=1.0235 Uy=0.5460]  vol[p=122.6609 Ux=4.2827 Uy=1.8737]
    val_geom_camber_rc         loss=3.1147  surf[p=102.8010 Ux=1.7112 Uy=0.7832]  vol[p=111.1277 Ux=4.7702 Uy=2.5811]
    val_geom_camber_cruise     loss=0.8656  surf[p=66.7289 Ux=0.6361 Uy=0.3959]  vol[p=65.2782 Ux=2.7421 Uy=1.1288]
    val_re_rand                loss=1.8183  surf[p=83.2049 Ux=1.1467 Uy=0.5786]  vol[p=84.8032 Ux=3.6219 Uy=1.7582]
Epoch  17 (135s) [44.9GB]  train[vol=0.4627 surf=0.2477]  val_avg_surf_p=87.7418 *
    val_single_in_dist         loss=4.5775  surf[p=106.2577 Ux=0.9715 Uy=0.5269]  vol[p=118.1451 Ux=4.1503 Uy=1.8172]
    val_geom_camber_rc         loss=2.9913  surf[p=99.6672 Ux=1.6562 Uy=0.7632]  vol[p=108.1357 Ux=4.6603 Uy=2.5299]
    val_geom_camber_cruise     loss=0.8190  surf[p=63.9044 Ux=0.5857 Uy=0.3831]  vol[p=62.1787 Ux=2.6608 Uy=1.0944]
    val_re_rand                loss=1.7679  surf[p=81.1378 Ux=1.0963 Uy=0.5615]  vol[p=82.1489 Ux=3.5348 Uy=1.7214]
Epoch  18 (134s) [44.9GB]  train[vol=0.4589 surf=0.2480]  val_avg_surf_p=84.6370 *
    val_single_in_dist         loss=4.2893  surf[p=101.2392 Ux=0.9222 Uy=0.5075]  vol[p=113.0838 Ux=4.0320 Uy=1.7619]
    val_geom_camber_rc         loss=2.8550  surf[p=96.7192 Ux=1.6120 Uy=0.7434]  vol[p=104.9369 Ux=4.5675 Uy=2.4787]
    val_geom_camber_cruise     loss=0.7868  surf[p=61.7235 Ux=0.5571 Uy=0.3731]  vol[p=59.6562 Ux=2.5918 Uy=1.0626]
    val_re_rand                loss=1.7013  surf[p=78.8662 Ux=1.0607 Uy=0.5446]  vol[p=79.6122 Ux=3.4488 Uy=1.6814]
Epoch  19 (134s) [44.9GB]  train[vol=0.4567 surf=0.2424]  val_avg_surf_p=81.9612 *
    val_single_in_dist         loss=3.9664  surf[p=96.4145 Ux=0.8956 Uy=0.4907]  vol[p=108.2264 Ux=3.9394 Uy=1.7219]
    val_geom_camber_rc         loss=2.8210  surf[p=94.7089 Ux=1.5741 Uy=0.7248]  vol[p=102.5492 Ux=4.4738 Uy=2.4287]
    val_geom_camber_cruise     loss=0.7602  surf[p=59.7964 Ux=0.5454 Uy=0.3618]  vol[p=57.6134 Ux=2.5349 Uy=1.0340]
    val_re_rand                loss=1.6465  surf[p=76.9251 Ux=1.0359 Uy=0.5310]  vol[p=77.4895 Ux=3.3715 Uy=1.6456]
Epoch  20 (133s) [44.9GB]  train[vol=0.4322 surf=0.2275]  val_avg_surf_p=79.5531 *
    val_single_in_dist         loss=3.7293  surf[p=92.2854 Ux=0.8592 Uy=0.4753]  vol[p=103.4449 Ux=3.8540 Uy=1.6793]
    val_geom_camber_rc         loss=2.7017  surf[p=92.6235 Ux=1.5445 Uy=0.7070]  vol[p=100.1339 Ux=4.3921 Uy=2.3726]
    val_geom_camber_cruise     loss=0.7315  surf[p=57.9642 Ux=0.5258 Uy=0.3517]  vol[p=55.9093 Ux=2.4814 Uy=1.0043]
    val_re_rand                loss=1.6028  surf[p=75.3395 Ux=1.0090 Uy=0.5193]  vol[p=75.6679 Ux=3.2979 Uy=1.6082]
Epoch  21 (133s) [44.9GB]  train[vol=0.4253 surf=0.2256]  val_avg_surf_p=77.5212 *
    val_single_in_dist         loss=3.5717  surf[p=89.4430 Ux=0.8473 Uy=0.4600]  vol[p=100.2233 Ux=3.7834 Uy=1.6413]
    val_geom_camber_rc         loss=2.5480  surf[p=89.9467 Ux=1.5054 Uy=0.6894]  vol[p=97.2484 Ux=4.3249 Uy=2.3175]
    val_geom_camber_cruise     loss=0.7059  surf[p=56.5415 Ux=0.5131 Uy=0.3426]  vol[p=54.5038 Ux=2.4391 Uy=0.9809]
    val_re_rand                loss=1.5680  surf[p=74.1537 Ux=0.9865 Uy=0.5083]  vol[p=74.3742 Ux=3.2469 Uy=1.5769]
Epoch  22 (132s) [44.9GB]  train[vol=0.4384 surf=0.2375]  val_avg_surf_p=75.7603 *
    val_single_in_dist         loss=3.3680  surf[p=86.7578 Ux=0.8563 Uy=0.4481]  vol[p=97.6277 Ux=3.7468 Uy=1.6057]
    val_geom_camber_rc         loss=2.4549  surf[p=88.2680 Ux=1.4763 Uy=0.6760]  vol[p=95.4345 Ux=4.2700 Uy=2.2692]
    val_geom_camber_cruise     loss=0.6800  surf[p=55.0881 Ux=0.5114 Uy=0.3352]  vol[p=53.0537 Ux=2.4046 Uy=0.9603]
    val_re_rand                loss=1.5350  surf[p=72.9275 Ux=0.9739 Uy=0.4987]  vol[p=72.9950 Ux=3.2006 Uy=1.5470]
Epoch  23 (132s) [44.9GB]  train[vol=0.4327 surf=0.2283]  val_avg_surf_p=73.8956 *
    val_single_in_dist         loss=3.2041  surf[p=83.7808 Ux=0.8315 Uy=0.4366]  vol[p=94.5321 Ux=3.6965 Uy=1.5663]
    val_geom_camber_rc         loss=2.3229  surf[p=86.2775 Ux=1.4552 Uy=0.6627]  vol[p=93.2569 Ux=4.2311 Uy=2.2254]
    val_geom_camber_cruise     loss=0.6633  surf[p=54.0343 Ux=0.5114 Uy=0.3283]  vol[p=52.0084 Ux=2.3812 Uy=0.9441]
    val_re_rand                loss=1.4966  surf[p=71.4899 Ux=0.9688 Uy=0.4889]  vol[p=71.5370 Ux=3.1634 Uy=1.5192]
Epoch  24 (134s) [44.9GB]  train[vol=0.4100 surf=0.2147]  val_avg_surf_p=72.2805 *
    val_single_in_dist         loss=3.0999  surf[p=81.7009 Ux=0.8102 Uy=0.4278]  vol[p=93.0942 Ux=3.6468 Uy=1.5314]
    val_geom_camber_rc         loss=2.2279  surf[p=84.2992 Ux=1.4290 Uy=0.6497]  vol[p=91.4156 Ux=4.1948 Uy=2.1790]
    val_geom_camber_cruise     loss=0.6422  surf[p=52.4829 Ux=0.4945 Uy=0.3205]  vol[p=50.5095 Ux=2.3400 Uy=0.9248]
    val_re_rand                loss=1.4867  surf[p=70.6388 Ux=0.9538 Uy=0.4823]  vol[p=70.4197 Ux=3.1242 Uy=1.4924]
Epoch  25 (134s) [44.9GB]  train[vol=0.4159 surf=0.2241]  val_avg_surf_p=70.9226 *
    val_single_in_dist         loss=3.0124  surf[p=79.6450 Ux=0.7897 Uy=0.4165]  vol[p=90.9536 Ux=3.5973 Uy=1.4953]
    val_geom_camber_rc         loss=2.1359  surf[p=83.1013 Ux=1.4057 Uy=0.6401]  vol[p=89.8762 Ux=4.1630 Uy=2.1399]
    val_geom_camber_cruise     loss=0.6251  surf[p=51.3822 Ux=0.4810 Uy=0.3136]  vol[p=49.2289 Ux=2.3009 Uy=0.9059]
    val_re_rand                loss=1.4675  surf[p=69.5617 Ux=0.9327 Uy=0.4733]  vol[p=69.1840 Ux=3.0853 Uy=1.4662]
Epoch  26 (133s) [44.9GB]  train[vol=0.4010 surf=0.2103]  val_avg_surf_p=69.4550 *
    val_single_in_dist         loss=2.8881  surf[p=77.6815 Ux=0.7862 Uy=0.4075]  vol[p=89.2693 Ux=3.5604 Uy=1.4661]
    val_geom_camber_rc         loss=2.0581  surf[p=81.6847 Ux=1.3844 Uy=0.6277]  vol[p=88.2121 Ux=4.1240 Uy=2.0999]
    val_geom_camber_cruise     loss=0.6021  surf[p=50.0949 Ux=0.4828 Uy=0.3074]  vol[p=48.1121 Ux=2.2662 Uy=0.8886]
    val_re_rand                loss=1.4289  surf[p=68.3589 Ux=0.9252 Uy=0.4657]  vol[p=67.9253 Ux=3.0465 Uy=1.4405]
Epoch  27 (134s) [44.9GB]  train[vol=0.3763 surf=0.1903]  val_avg_surf_p=68.3579 *
    val_single_in_dist         loss=2.8483  surf[p=76.4991 Ux=0.7690 Uy=0.3995]  vol[p=87.4843 Ux=3.5087 Uy=1.4379]
    val_geom_camber_rc         loss=1.9649  surf[p=80.3697 Ux=1.3648 Uy=0.6180]  vol[p=86.8200 Ux=4.0892 Uy=2.0640]
    val_geom_camber_cruise     loss=0.5860  surf[p=49.0143 Ux=0.4665 Uy=0.3012]  vol[p=46.9807 Ux=2.2290 Uy=0.8729]
    val_re_rand                loss=1.4215  surf[p=67.5485 Ux=0.9081 Uy=0.4602]  vol[p=66.9651 Ux=3.0114 Uy=1.4186]
Epoch  28 (133s) [44.9GB]  train[vol=0.3763 surf=0.1934]  val_avg_surf_p=67.0312 *
    val_single_in_dist         loss=2.7360  surf[p=74.8196 Ux=0.7587 Uy=0.3918]  vol[p=86.0256 Ux=3.4702 Uy=1.4160]
    val_geom_camber_rc         loss=1.8695  surf[p=78.8226 Ux=1.3479 Uy=0.6098]  vol[p=85.3572 Ux=4.0564 Uy=2.0331]
    val_geom_camber_cruise     loss=0.5694  surf[p=48.0257 Ux=0.4575 Uy=0.2944]  vol[p=45.7894 Ux=2.1935 Uy=0.8589]
    val_re_rand                loss=1.4103  surf[p=66.4571 Ux=0.8933 Uy=0.4544]  vol[p=65.7866 Ux=2.9791 Uy=1.3984]
Epoch  29 (132s) [44.9GB]  train[vol=0.3858 surf=0.1966]  val_avg_surf_p=65.5624 *
    val_single_in_dist         loss=2.6532  surf[p=72.8286 Ux=0.7410 Uy=0.3852]  vol[p=84.4708 Ux=3.4338 Uy=1.3946]
    val_geom_camber_rc         loss=1.8292  surf[p=77.6408 Ux=1.3278 Uy=0.5998]  vol[p=84.0737 Ux=4.0148 Uy=2.0045]
    val_geom_camber_cruise     loss=0.5494  surf[p=46.7567 Ux=0.4461 Uy=0.2888]  vol[p=44.7210 Ux=2.1600 Uy=0.8425]
    val_re_rand                loss=1.3785  surf[p=65.0234 Ux=0.8723 Uy=0.4467]  vol[p=64.4355 Ux=2.9364 Uy=1.3761]
Epoch  30 (133s) [44.9GB]  train[vol=0.3776 surf=0.1924]  val_avg_surf_p=64.3202 *
    val_single_in_dist         loss=2.6274  surf[p=71.5730 Ux=0.7314 Uy=0.3809]  vol[p=83.2997 Ux=3.3912 Uy=1.3737]
    val_geom_camber_rc         loss=1.7758  surf[p=76.2858 Ux=1.3128 Uy=0.5921]  vol[p=82.7512 Ux=3.9798 Uy=1.9755]
    val_geom_camber_cruise     loss=0.5294  surf[p=45.5715 Ux=0.4429 Uy=0.2822]  vol[p=43.7938 Ux=2.1303 Uy=0.8289]
    val_re_rand                loss=1.3466  surf[p=63.8506 Ux=0.8641 Uy=0.4404]  vol[p=63.5253 Ux=2.9070 Uy=1.3593]
Epoch  31 (133s) [44.9GB]  train[vol=0.3701 surf=0.1879]  val_avg_surf_p=63.1486 *
    val_single_in_dist         loss=2.5826  surf[p=70.4926 Ux=0.7317 Uy=0.3752]  vol[p=82.4547 Ux=3.3525 Uy=1.3515]
    val_geom_camber_rc         loss=1.7055  surf[p=74.9250 Ux=1.2980 Uy=0.5844]  vol[p=81.4966 Ux=3.9469 Uy=1.9500]
    val_geom_camber_cruise     loss=0.5082  surf[p=44.4702 Ux=0.4270 Uy=0.2773]  vol[p=42.8548 Ux=2.1018 Uy=0.8151]
    val_re_rand                loss=1.3239  surf[p=62.7066 Ux=0.8466 Uy=0.4342]  vol[p=62.5152 Ux=2.8768 Uy=1.3417]
Epoch  32 (133s) [44.9GB]  train[vol=0.3548 surf=0.1758]  val_avg_surf_p=61.8579 *
    val_single_in_dist         loss=2.5382  surf[p=69.0365 Ux=0.7139 Uy=0.3708]  vol[p=81.2659 Ux=3.3038 Uy=1.3345]
    val_geom_camber_rc         loss=1.6638  surf[p=73.5138 Ux=1.2706 Uy=0.5771]  vol[p=80.0935 Ux=3.9024 Uy=1.9227]
    val_geom_camber_cruise     loss=0.4909  surf[p=43.5480 Ux=0.4233 Uy=0.2719]  vol[p=41.9545 Ux=2.0800 Uy=0.8029]
    val_re_rand                loss=1.2791  surf[p=61.3331 Ux=0.8370 Uy=0.4276]  vol[p=61.3579 Ux=2.8508 Uy=1.3215]
Epoch  33 (134s) [44.9GB]  train[vol=0.3523 surf=0.1757]  val_avg_surf_p=60.7884 *
    val_single_in_dist         loss=2.4797  surf[p=67.7093 Ux=0.6971 Uy=0.3669]  vol[p=79.7953 Ux=3.2573 Uy=1.3198]
    val_geom_camber_rc         loss=1.6515  surf[p=72.5791 Ux=1.2578 Uy=0.5699]  vol[p=78.9450 Ux=3.8733 Uy=1.9026]
    val_geom_camber_cruise     loss=0.4778  surf[p=42.6644 Ux=0.4261 Uy=0.2668]  vol[p=41.1151 Ux=2.0615 Uy=0.7935]
    val_re_rand                loss=1.2473  surf[p=60.2006 Ux=0.8319 Uy=0.4213]  vol[p=60.3620 Ux=2.8252 Uy=1.3059]
Epoch  34 (132s) [44.9GB]  train[vol=0.3492 surf=0.1715]  val_avg_surf_p=59.5880 *
    val_single_in_dist         loss=2.4435  surf[p=66.3441 Ux=0.6794 Uy=0.3623]  vol[p=78.2617 Ux=3.1969 Uy=1.3002]
    val_geom_camber_rc         loss=1.5706  surf[p=70.9334 Ux=1.2369 Uy=0.5636]  vol[p=77.5451 Ux=3.8356 Uy=1.8813]
    val_geom_camber_cruise     loss=0.4599  surf[p=41.7741 Ux=0.4161 Uy=0.2618]  vol[p=40.2700 Ux=2.0353 Uy=0.7813]
    val_re_rand                loss=1.2487  surf[p=59.3004 Ux=0.8203 Uy=0.4156]  vol[p=59.5364 Ux=2.8024 Uy=1.2900]
Epoch  35 (134s) [44.9GB]  train[vol=0.3624 surf=0.1814]  val_avg_surf_p=58.4279 *
    val_single_in_dist         loss=2.4081  surf[p=64.9583 Ux=0.6712 Uy=0.3589]  vol[p=76.9140 Ux=3.1633 Uy=1.2812]
    val_geom_camber_rc         loss=1.5259  surf[p=69.6844 Ux=1.2193 Uy=0.5567]  vol[p=76.4915 Ux=3.8007 Uy=1.8605]
    val_geom_camber_cruise     loss=0.4427  surf[p=40.9196 Ux=0.4020 Uy=0.2574]  vol[p=39.5888 Ux=2.0117 Uy=0.7717]
    val_re_rand                loss=1.2323  surf[p=58.1492 Ux=0.8017 Uy=0.4098]  vol[p=58.6283 Ux=2.7681 Uy=1.2743]
Epoch  36 (133s) [44.9GB]  train[vol=0.3732 surf=0.1906]  val_avg_surf_p=57.6723 *
    val_single_in_dist         loss=2.3666  surf[p=64.2154 Ux=0.6678 Uy=0.3568]  vol[p=76.2958 Ux=3.1233 Uy=1.2690]
    val_geom_camber_rc         loss=1.4826  surf[p=68.9271 Ux=1.2117 Uy=0.5528]  vol[p=75.9287 Ux=3.7741 Uy=1.8465]
    val_geom_camber_cruise     loss=0.4290  surf[p=40.2661 Ux=0.3988 Uy=0.2532]  vol[p=38.9039 Ux=1.9893 Uy=0.7651]
    val_re_rand                loss=1.2187  surf[p=57.2806 Ux=0.7915 Uy=0.4048]  vol[p=57.9944 Ux=2.7443 Uy=1.2636]
Epoch  37 (135s) [44.9GB]  train[vol=0.3338 surf=0.1601]  val_avg_surf_p=56.9136 *
    val_single_in_dist         loss=2.3315  surf[p=63.3557 Ux=0.6642 Uy=0.3541]  vol[p=75.4788 Ux=3.0914 Uy=1.2545]
    val_geom_camber_rc         loss=1.4470  surf[p=68.1797 Ux=1.1987 Uy=0.5476]  vol[p=75.0488 Ux=3.7517 Uy=1.8319]
    val_geom_camber_cruise     loss=0.4208  surf[p=39.5909 Ux=0.3888 Uy=0.2494]  vol[p=38.3207 Ux=1.9666 Uy=0.7573]
    val_re_rand                loss=1.1923  surf[p=56.5280 Ux=0.7804 Uy=0.4006]  vol[p=57.4309 Ux=2.7211 Uy=1.2529]
Epoch  38 (134s) [44.9GB]  train[vol=0.3434 surf=0.1694]  val_avg_surf_p=56.0549 *
    val_single_in_dist         loss=2.2992  surf[p=62.2121 Ux=0.6585 Uy=0.3500]  vol[p=74.1968 Ux=3.0562 Uy=1.2364]
    val_geom_camber_rc         loss=1.4143  surf[p=67.1841 Ux=1.1830 Uy=0.5416]  vol[p=74.1347 Ux=3.7211 Uy=1.8145]
    val_geom_camber_cruise     loss=0.4088  surf[p=38.9405 Ux=0.3897 Uy=0.2462]  vol[p=37.7938 Ux=1.9486 Uy=0.7492]
    val_re_rand                loss=1.1722  surf[p=55.8830 Ux=0.7785 Uy=0.3970]  vol[p=56.9167 Ux=2.7023 Uy=1.2405]
Epoch  39 (136s) [44.9GB]  train[vol=0.3321 surf=0.1586]  val_avg_surf_p=55.1713 *
    val_single_in_dist         loss=2.2864  surf[p=61.0635 Ux=0.6515 Uy=0.3459]  vol[p=72.5742 Ux=3.0269 Uy=1.2187]
    val_geom_camber_rc         loss=1.3966  surf[p=66.6023 Ux=1.1697 Uy=0.5362]  vol[p=73.6345 Ux=3.6939 Uy=1.7957]
    val_geom_camber_cruise     loss=0.3961  surf[p=38.1796 Ux=0.3817 Uy=0.2427]  vol[p=37.2330 Ux=1.9267 Uy=0.7421]
    val_re_rand                loss=1.1459  surf[p=54.8398 Ux=0.7661 Uy=0.3922]  vol[p=56.1350 Ux=2.6745 Uy=1.2273]
Epoch  40 (134s) [44.9GB]  train[vol=0.3263 surf=0.1563]  val_avg_surf_p=54.2920 *
    val_single_in_dist         loss=2.2581  surf[p=59.9706 Ux=0.6437 Uy=0.3423]  vol[p=71.5773 Ux=2.9930 Uy=1.2036]
    val_geom_camber_rc         loss=1.3563  surf[p=65.8024 Ux=1.1587 Uy=0.5306]  vol[p=73.0820 Ux=3.6670 Uy=1.7785]
    val_geom_camber_cruise     loss=0.3830  surf[p=37.3930 Ux=0.3783 Uy=0.2397]  vol[p=36.6936 Ux=1.9125 Uy=0.7358]
    val_re_rand                loss=1.1349  surf[p=54.0019 Ux=0.7580 Uy=0.3879]  vol[p=55.5552 Ux=2.6534 Uy=1.2155]
Epoch  41 (133s) [44.9GB]  train[vol=0.3215 surf=0.1514]  val_avg_surf_p=53.6700 *
    val_single_in_dist         loss=2.2474  surf[p=59.4139 Ux=0.6378 Uy=0.3393]  vol[p=70.9559 Ux=2.9707 Uy=1.1918]
    val_geom_camber_rc         loss=1.3354  surf[p=65.2810 Ux=1.1484 Uy=0.5250]  vol[p=72.6290 Ux=3.6415 Uy=1.7648]
    val_geom_camber_cruise     loss=0.3715  surf[p=36.7294 Ux=0.3723 Uy=0.2364]  vol[p=36.3308 Ux=1.8918 Uy=0.7283]
    val_re_rand                loss=1.1168  surf[p=53.2559 Ux=0.7500 Uy=0.3837]  vol[p=55.0403 Ux=2.6326 Uy=1.2064]
Epoch  42 (134s) [44.9GB]  train[vol=0.3249 surf=0.1570]  val_avg_surf_p=53.0398 *
    val_single_in_dist         loss=2.2133  surf[p=58.7401 Ux=0.6365 Uy=0.3365]  vol[p=70.3425 Ux=2.9440 Uy=1.1804]
    val_geom_camber_rc         loss=1.3219  surf[p=65.0323 Ux=1.1413 Uy=0.5220]  vol[p=72.5616 Ux=3.6202 Uy=1.7567]
    val_geom_camber_cruise     loss=0.3605  surf[p=35.8920 Ux=0.3669 Uy=0.2331]  vol[p=35.7523 Ux=1.8755 Uy=0.7212]
    val_re_rand                loss=1.1088  surf[p=52.4949 Ux=0.7383 Uy=0.3790]  vol[p=54.4261 Ux=2.6133 Uy=1.1972]
Epoch  43 (134s) [44.9GB]  train[vol=0.3193 surf=0.1501]  val_avg_surf_p=52.4480 *
    val_single_in_dist         loss=2.1896  surf[p=58.2441 Ux=0.6311 Uy=0.3342]  vol[p=69.8213 Ux=2.9155 Uy=1.1676]
    val_geom_camber_rc         loss=1.3093  surf[p=64.5608 Ux=1.1283 Uy=0.5186]  vol[p=72.2590 Ux=3.5993 Uy=1.7443]
    val_geom_camber_cruise     loss=0.3550  surf[p=35.4174 Ux=0.3612 Uy=0.2301]  vol[p=35.3291 Ux=1.8589 Uy=0.7149]
    val_re_rand                loss=1.0745  surf[p=51.5698 Ux=0.7278 Uy=0.3736]  vol[p=53.5767 Ux=2.5934 Uy=1.1861]
Epoch  44 (131s) [44.9GB]  train[vol=0.3158 surf=0.1461]  val_avg_surf_p=51.6630 *
    val_single_in_dist         loss=2.1573  surf[p=57.1221 Ux=0.6239 Uy=0.3318]  vol[p=68.9489 Ux=2.8888 Uy=1.1607]
    val_geom_camber_rc         loss=1.2811  surf[p=63.7522 Ux=1.1151 Uy=0.5126]  vol[p=71.2927 Ux=3.5735 Uy=1.7287]
    val_geom_camber_cruise     loss=0.3454  surf[p=34.8745 Ux=0.3577 Uy=0.2273]  vol[p=34.9600 Ux=1.8437 Uy=0.7090]
    val_re_rand                loss=1.0468  surf[p=50.9030 Ux=0.7180 Uy=0.3693]  vol[p=53.0477 Ux=2.5719 Uy=1.1760]
Epoch  45 (132s) [44.9GB]  train[vol=0.3088 surf=0.1425]  val_avg_surf_p=50.8852 *
    val_single_in_dist         loss=2.1410  surf[p=55.7074 Ux=0.6137 Uy=0.3285]  vol[p=67.5392 Ux=2.8640 Uy=1.1481]
    val_geom_camber_rc         loss=1.2601  surf[p=63.3960 Ux=1.1053 Uy=0.5076]  vol[p=71.0087 Ux=3.5540 Uy=1.7154]
    val_geom_camber_cruise     loss=0.3367  surf[p=34.3059 Ux=0.3556 Uy=0.2251]  vol[p=34.4893 Ux=1.8291 Uy=0.7030]
    val_re_rand                loss=1.0264  surf[p=50.1313 Ux=0.7100 Uy=0.3650]  vol[p=52.4935 Ux=2.5515 Uy=1.1653]
Epoch  46 (135s) [44.9GB]  train[vol=0.3081 surf=0.1438]  val_avg_surf_p=50.3300 *
    val_single_in_dist         loss=2.1066  surf[p=55.3051 Ux=0.6079 Uy=0.3258]  vol[p=66.7335 Ux=2.8372 Uy=1.1382]
    val_geom_camber_rc         loss=1.2394  surf[p=62.7916 Ux=1.0920 Uy=0.5030]  vol[p=70.3033 Ux=3.5338 Uy=1.7021]
    val_geom_camber_cruise     loss=0.3309  surf[p=33.8224 Ux=0.3533 Uy=0.2229]  vol[p=34.1780 Ux=1.8186 Uy=0.6988]
    val_re_rand                loss=1.0092  surf[p=49.4010 Ux=0.7013 Uy=0.3606]  vol[p=51.8641 Ux=2.5333 Uy=1.1549]
Epoch  47 (132s) [44.9GB]  train[vol=0.2918 surf=0.1307]  val_avg_surf_p=49.7124 *
    val_single_in_dist         loss=2.0633  surf[p=54.3566 Ux=0.6022 Uy=0.3235]  vol[p=65.9365 Ux=2.8117 Uy=1.1320]
    val_geom_camber_rc         loss=1.2317  surf[p=62.3110 Ux=1.0814 Uy=0.5006]  vol[p=70.0169 Ux=3.5174 Uy=1.6917]
    val_geom_camber_cruise     loss=0.3251  surf[p=33.3539 Ux=0.3493 Uy=0.2209]  vol[p=33.8279 Ux=1.8030 Uy=0.6938]
    val_re_rand                loss=0.9873  surf[p=48.8279 Ux=0.6960 Uy=0.3579]  vol[p=51.3486 Ux=2.5182 Uy=1.1462]
Epoch  48 (133s) [44.9GB]  train[vol=0.3164 surf=0.1463]  val_avg_surf_p=49.1568 *
    val_single_in_dist         loss=2.0306  surf[p=53.7335 Ux=0.5979 Uy=0.3207]  vol[p=65.2804 Ux=2.7882 Uy=1.1219]
    val_geom_camber_rc         loss=1.2147  surf[p=61.7147 Ux=1.0729 Uy=0.4973]  vol[p=69.3365 Ux=3.4970 Uy=1.6809]
    val_geom_camber_cruise     loss=0.3193  surf[p=32.9801 Ux=0.3440 Uy=0.2190]  vol[p=33.4900 Ux=1.7888 Uy=0.6891]
    val_re_rand                loss=0.9708  surf[p=48.1988 Ux=0.6883 Uy=0.3546]  vol[p=50.8466 Ux=2.5016 Uy=1.1376]
Epoch  49 (133s) [44.9GB]  train[vol=0.3057 surf=0.1385]  val_avg_surf_p=48.7980 *
    val_single_in_dist         loss=2.0112  surf[p=53.1447 Ux=0.5947 Uy=0.3192]  vol[p=64.5033 Ux=2.7733 Uy=1.1142]
    val_geom_camber_rc         loss=1.2114  surf[p=61.5940 Ux=1.0638 Uy=0.4947]  vol[p=69.1686 Ux=3.4775 Uy=1.6702]
    val_geom_camber_cruise     loss=0.3142  surf[p=32.6879 Ux=0.3402 Uy=0.2173]  vol[p=33.2989 Ux=1.7757 Uy=0.6845]
    val_re_rand                loss=0.9526  surf[p=47.7654 Ux=0.6833 Uy=0.3515]  vol[p=50.4027 Ux=2.4845 Uy=1.1285]
Epoch  50 (133s) [44.9GB]  train[vol=0.2930 surf=0.1298]  val_avg_surf_p=48.4718 *
    val_single_in_dist         loss=1.9977  surf[p=52.4682 Ux=0.5894 Uy=0.3166]  vol[p=63.6229 Ux=2.7583 Uy=1.1065]
    val_geom_camber_rc         loss=1.2028  surf[p=61.2837 Ux=1.0533 Uy=0.4924]  vol[p=68.9066 Ux=3.4606 Uy=1.6592]
    val_geom_camber_cruise     loss=0.3095  surf[p=32.4294 Ux=0.3390 Uy=0.2161]  vol[p=33.0444 Ux=1.7631 Uy=0.6808]
    val_re_rand                loss=0.9515  surf[p=47.7058 Ux=0.6798 Uy=0.3502]  vol[p=50.2662 Ux=2.4690 Uy=1.1218]
Epoch  51 (136s) [44.9GB]  train[vol=0.2929 surf=0.1305]  val_avg_surf_p=48.0357 *
    val_single_in_dist         loss=1.9858  surf[p=51.7010 Ux=0.5824 Uy=0.3134]  vol[p=62.8571 Ux=2.7388 Uy=1.0994]
    val_geom_camber_rc         loss=1.1925  surf[p=61.0021 Ux=1.0436 Uy=0.4898]  vol[p=68.5405 Ux=3.4434 Uy=1.6516]
    val_geom_camber_cruise     loss=0.3041  surf[p=32.0894 Ux=0.3351 Uy=0.2146]  vol[p=32.8168 Ux=1.7538 Uy=0.6781]
    val_re_rand                loss=0.9527  surf[p=47.3502 Ux=0.6722 Uy=0.3477]  vol[p=50.0234 Ux=2.4532 Uy=1.1149]
Epoch  52 (134s) [44.9GB]  train[vol=0.2888 surf=0.1248]  val_avg_surf_p=47.6844 *
    val_single_in_dist         loss=1.9778  surf[p=51.2127 Ux=0.5722 Uy=0.3107]  vol[p=62.2497 Ux=2.7187 Uy=1.0891]
    val_geom_camber_rc         loss=1.1926  surf[p=60.7430 Ux=1.0341 Uy=0.4877]  vol[p=68.3318 Ux=3.4288 Uy=1.6437]
    val_geom_camber_cruise     loss=0.2991  surf[p=31.7968 Ux=0.3323 Uy=0.2128]  vol[p=32.6110 Ux=1.7461 Uy=0.6740]
    val_re_rand                loss=0.9355  surf[p=46.9849 Ux=0.6667 Uy=0.3447]  vol[p=49.5991 Ux=2.4403 Uy=1.1073]
Epoch  53 (134s) [44.9GB]  train[vol=0.2876 surf=0.1256]  val_avg_surf_p=47.1842 *
    val_single_in_dist         loss=1.9427  surf[p=50.5426 Ux=0.5673 Uy=0.3086]  vol[p=61.5923 Ux=2.7017 Uy=1.0830]
    val_geom_camber_rc         loss=1.1691  surf[p=60.1891 Ux=1.0264 Uy=0.4848]  vol[p=67.5108 Ux=3.4139 Uy=1.6347]
    val_geom_camber_cruise     loss=0.2951  surf[p=31.4634 Ux=0.3296 Uy=0.2114]  vol[p=32.3202 Ux=1.7325 Uy=0.6701]
    val_re_rand                loss=0.9262  surf[p=46.5416 Ux=0.6609 Uy=0.3421]  vol[p=49.1866 Ux=2.4257 Uy=1.1002]
Epoch  54 (131s) [44.9GB]  train[vol=0.2893 surf=0.1268]  val_avg_surf_p=46.6505 *
    val_single_in_dist         loss=1.9193  surf[p=49.8285 Ux=0.5627 Uy=0.3069]  vol[p=60.9480 Ux=2.6857 Uy=1.0770]
    val_geom_camber_rc         loss=1.1706  surf[p=59.8234 Ux=1.0173 Uy=0.4828]  vol[p=67.1926 Ux=3.3976 Uy=1.6259]
    val_geom_camber_cruise     loss=0.2872  surf[p=31.0438 Ux=0.3263 Uy=0.2099]  vol[p=32.0463 Ux=1.7222 Uy=0.6647]
    val_re_rand                loss=0.9065  surf[p=45.9061 Ux=0.6540 Uy=0.3387]  vol[p=48.6645 Ux=2.4111 Uy=1.0920]
Epoch  55 (132s) [44.9GB]  train[vol=0.2783 surf=0.1168]  val_avg_surf_p=46.2180 *
    val_single_in_dist         loss=1.9073  surf[p=49.5545 Ux=0.5565 Uy=0.3050]  vol[p=60.7296 Ux=2.6681 Uy=1.0710]
    val_geom_camber_rc         loss=1.1559  surf[p=59.3617 Ux=1.0111 Uy=0.4812]  vol[p=66.6953 Ux=3.3877 Uy=1.6193]
    val_geom_camber_cruise     loss=0.2834  surf[p=30.7630 Ux=0.3238 Uy=0.2081]  vol[p=31.8260 Ux=1.7148 Uy=0.6617]
    val_re_rand                loss=0.8963  surf[p=45.1928 Ux=0.6460 Uy=0.3358]  vol[p=48.1247 Ux=2.3992 Uy=1.0855]
Epoch  56 (133s) [44.9GB]  train[vol=0.2818 surf=0.1200]  val_avg_surf_p=45.8423 *
    val_single_in_dist         loss=1.9103  surf[p=49.0586 Ux=0.5537 Uy=0.3028]  vol[p=60.3549 Ux=2.6553 Uy=1.0650]
    val_geom_camber_rc         loss=1.1514  surf[p=59.1050 Ux=1.0048 Uy=0.4803]  vol[p=66.5247 Ux=3.3770 Uy=1.6120]
    val_geom_camber_cruise     loss=0.2794  surf[p=30.4457 Ux=0.3231 Uy=0.2067]  vol[p=31.6074 Ux=1.7088 Uy=0.6587]
    val_re_rand                loss=0.8858  surf[p=44.7597 Ux=0.6422 Uy=0.3333]  vol[p=47.7576 Ux=2.3896 Uy=1.0780]
Epoch  57 (133s) [44.9GB]  train[vol=0.2766 surf=0.1157]  val_avg_surf_p=45.4703 *
    val_single_in_dist         loss=1.8948  surf[p=48.2065 Ux=0.5499 Uy=0.3007]  vol[p=59.7833 Ux=2.6418 Uy=1.0585]
    val_geom_camber_rc         loss=1.1514  surf[p=58.9692 Ux=0.9983 Uy=0.4783]  vol[p=66.6277 Ux=3.3708 Uy=1.6062]
    val_geom_camber_cruise     loss=0.2760  surf[p=30.2204 Ux=0.3189 Uy=0.2058]  vol[p=31.4606 Ux=1.6974 Uy=0.6572]
    val_re_rand                loss=0.8783  surf[p=44.4850 Ux=0.6369 Uy=0.3313]  vol[p=47.5590 Ux=2.3794 Uy=1.0720]
Epoch  58 (134s) [44.9GB]  train[vol=0.2752 surf=0.1156]  val_avg_surf_p=45.2539 *
    val_single_in_dist         loss=1.8806  surf[p=47.9012 Ux=0.5482 Uy=0.2992]  vol[p=59.3214 Ux=2.6323 Uy=1.0530]
    val_geom_camber_rc         loss=1.1479  surf[p=58.9108 Ux=0.9949 Uy=0.4776]  vol[p=66.4381 Ux=3.3625 Uy=1.6003]
    val_geom_camber_cruise     loss=0.2733  surf[p=29.9795 Ux=0.3165 Uy=0.2046]  vol[p=31.2765 Ux=1.6898 Uy=0.6549]
    val_re_rand                loss=0.8745  surf[p=44.2242 Ux=0.6348 Uy=0.3296]  vol[p=47.3866 Ux=2.3717 Uy=1.0671]
Epoch  59 (134s) [44.9GB]  train[vol=0.2821 surf=0.1191]  val_avg_surf_p=45.0692 *
    val_single_in_dist         loss=1.8789  surf[p=47.6766 Ux=0.5460 Uy=0.2976]  vol[p=59.0644 Ux=2.6202 Uy=1.0470]
    val_geom_camber_rc         loss=1.1352  surf[p=58.7240 Ux=0.9891 Uy=0.4757]  vol[p=66.1890 Ux=3.3535 Uy=1.5919]
    val_geom_camber_cruise     loss=0.2706  surf[p=29.7768 Ux=0.3152 Uy=0.2040]  vol[p=31.1371 Ux=1.6842 Uy=0.6533]
    val_re_rand                loss=0.8744  surf[p=44.0993 Ux=0.6331 Uy=0.3284]  vol[p=47.2622 Ux=2.3650 Uy=1.0629]
Epoch  60 (134s) [44.9GB]  train[vol=0.2665 surf=0.1093]  val_avg_surf_p=44.7666 *
    val_single_in_dist         loss=1.8755  surf[p=47.3140 Ux=0.5425 Uy=0.2959]  vol[p=58.6220 Ux=2.6090 Uy=1.0419]
    val_geom_camber_rc         loss=1.1203  surf[p=58.3153 Ux=0.9826 Uy=0.4726]  vol[p=65.6107 Ux=3.3410 Uy=1.5836]
    val_geom_camber_cruise     loss=0.2661  surf[p=29.5722 Ux=0.3140 Uy=0.2029]  vol[p=30.9874 Ux=1.6780 Uy=0.6511]
    val_re_rand                loss=0.8746  surf[p=43.8649 Ux=0.6300 Uy=0.3275]  vol[p=47.0725 Ux=2.3573 Uy=1.0588]
Epoch  61 (134s) [44.9GB]  train[vol=0.2575 surf=0.1029]  val_avg_surf_p=44.5045 *
    val_single_in_dist         loss=1.8658  surf[p=46.7848 Ux=0.5390 Uy=0.2942]  vol[p=57.9852 Ux=2.5991 Uy=1.0363]
    val_geom_camber_rc         loss=1.1205  surf[p=58.1342 Ux=0.9788 Uy=0.4713]  vol[p=65.4345 Ux=3.3356 Uy=1.5784]
    val_geom_camber_cruise     loss=0.2629  surf[p=29.4309 Ux=0.3134 Uy=0.2024]  vol[p=30.8473 Ux=1.6724 Uy=0.6495]
    val_re_rand                loss=0.8688  surf[p=43.6678 Ux=0.6270 Uy=0.3266]  vol[p=46.8810 Ux=2.3494 Uy=1.0550]
Epoch  62 (132s) [44.9GB]  train[vol=0.2843 surf=0.1182]  val_avg_surf_p=44.2727 *
    val_single_in_dist         loss=1.8526  surf[p=46.3848 Ux=0.5380 Uy=0.2931]  vol[p=57.6266 Ux=2.5908 Uy=1.0346]
    val_geom_camber_rc         loss=1.1155  surf[p=57.9689 Ux=0.9763 Uy=0.4703]  vol[p=65.3745 Ux=3.3304 Uy=1.5735]
    val_geom_camber_cruise     loss=0.2598  surf[p=29.2324 Ux=0.3123 Uy=0.2019]  vol[p=30.7276 Ux=1.6655 Uy=0.6472]
    val_re_rand                loss=0.8713  surf[p=43.5048 Ux=0.6253 Uy=0.3254]  vol[p=46.7724 Ux=2.3407 Uy=1.0511]
Epoch  63 (134s) [44.9GB]  train[vol=0.2814 surf=0.1152]  val_avg_surf_p=44.0620 *
    val_single_in_dist         loss=1.8425  surf[p=46.1666 Ux=0.5351 Uy=0.2920]  vol[p=57.3368 Ux=2.5835 Uy=1.0320]
    val_geom_camber_rc         loss=1.1117  surf[p=57.6992 Ux=0.9715 Uy=0.4685]  vol[p=65.2792 Ux=3.3252 Uy=1.5684]
    val_geom_camber_cruise     loss=0.2568  surf[p=29.0502 Ux=0.3103 Uy=0.2015]  vol[p=30.6407 Ux=1.6604 Uy=0.6452]
    val_re_rand                loss=0.8642  surf[p=43.3320 Ux=0.6228 Uy=0.3242]  vol[p=46.6329 Ux=2.3337 Uy=1.0481]
Epoch  64 (133s) [44.9GB]  train[vol=0.2718 surf=0.1102]  val_avg_surf_p=43.8813 *
    val_single_in_dist         loss=1.8355  surf[p=45.9311 Ux=0.5313 Uy=0.2909]  vol[p=57.2029 Ux=2.5771 Uy=1.0297]
    val_geom_camber_rc         loss=1.1105  surf[p=57.6602 Ux=0.9679 Uy=0.4675]  vol[p=65.3586 Ux=3.3187 Uy=1.5641]
    val_geom_camber_cruise     loss=0.2538  surf[p=28.8033 Ux=0.3075 Uy=0.2005]  vol[p=30.4944 Ux=1.6545 Uy=0.6427]
    val_re_rand                loss=0.8572  surf[p=43.1306 Ux=0.6204 Uy=0.3229]  vol[p=46.5191 Ux=2.3275 Uy=1.0451]
Epoch  65 (133s) [44.9GB]  train[vol=0.2705 surf=0.1108]  val_avg_surf_p=43.7842 *
    val_single_in_dist         loss=1.8529  surf[p=45.9856 Ux=0.5294 Uy=0.2906]  vol[p=57.1144 Ux=2.5733 Uy=1.0269]
    val_geom_camber_rc         loss=1.1053  surf[p=57.5392 Ux=0.9645 Uy=0.4668]  vol[p=65.2156 Ux=3.3140 Uy=1.5614]
    val_geom_camber_cruise     loss=0.2516  surf[p=28.6233 Ux=0.3065 Uy=0.1999]  vol[p=30.3714 Ux=1.6484 Uy=0.6407]
    val_re_rand                loss=0.8628  surf[p=42.9887 Ux=0.6170 Uy=0.3222]  vol[p=46.4217 Ux=2.3213 Uy=1.0428]
Epoch  66 (134s) [44.9GB]  train[vol=0.2591 surf=0.1011]  val_avg_surf_p=43.5304 *
    val_single_in_dist         loss=1.8505  surf[p=45.7016 Ux=0.5272 Uy=0.2895]  vol[p=56.9084 Ux=2.5652 Uy=1.0231]
    val_geom_camber_rc         loss=1.1025  surf[p=57.2372 Ux=0.9604 Uy=0.4654]  vol[p=64.9737 Ux=3.3091 Uy=1.5564]
    val_geom_camber_cruise     loss=0.2491  surf[p=28.4523 Ux=0.3054 Uy=0.1990]  vol[p=30.2522 Ux=1.6444 Uy=0.6388]
    val_re_rand                loss=0.8550  surf[p=42.7304 Ux=0.6146 Uy=0.3213]  vol[p=46.2137 Ux=2.3166 Uy=1.0394]
Epoch  67 (132s) [44.9GB]  train[vol=0.2653 surf=0.1039]  val_avg_surf_p=43.3062 *
    val_single_in_dist         loss=1.8469  surf[p=45.4117 Ux=0.5264 Uy=0.2882]  vol[p=56.6616 Ux=2.5589 Uy=1.0191]
    val_geom_camber_rc         loss=1.0964  surf[p=56.9763 Ux=0.9568 Uy=0.4642]  vol[p=64.7794 Ux=3.3028 Uy=1.5517]
    val_geom_camber_cruise     loss=0.2464  surf[p=28.2911 Ux=0.3033 Uy=0.1982]  vol[p=30.1395 Ux=1.6392 Uy=0.6373]
    val_re_rand                loss=0.8446  surf[p=42.5456 Ux=0.6126 Uy=0.3204]  vol[p=46.0783 Ux=2.3097 Uy=1.0366]
Epoch  68 (134s) [44.9GB]  train[vol=0.2565 surf=0.0994]  val_avg_surf_p=43.1460 *
    val_single_in_dist         loss=1.8509  surf[p=45.2053 Ux=0.5239 Uy=0.2874]  vol[p=56.4468 Ux=2.5530 Uy=1.0157]
    val_geom_camber_rc         loss=1.0897  surf[p=56.7437 Ux=0.9539 Uy=0.4627]  vol[p=64.6087 Ux=3.2982 Uy=1.5477]
    val_geom_camber_cruise     loss=0.2448  surf[p=28.1986 Ux=0.3037 Uy=0.1976]  vol[p=30.0466 Ux=1.6385 Uy=0.6362]
    val_re_rand                loss=0.8432  surf[p=42.4363 Ux=0.6117 Uy=0.3197]  vol[p=45.9936 Ux=2.3069 Uy=1.0348]
Epoch  69 (133s) [44.9GB]  train[vol=0.2568 surf=0.1001]  val_avg_surf_p=43.0142 *
    val_single_in_dist         loss=1.8502  surf[p=45.0147 Ux=0.5209 Uy=0.2865]  vol[p=56.2609 Ux=2.5488 Uy=1.0134]
    val_geom_camber_rc         loss=1.0860  surf[p=56.6468 Ux=0.9509 Uy=0.4617]  vol[p=64.4215 Ux=3.2907 Uy=1.5437]
    val_geom_camber_cruise     loss=0.2427  surf[p=28.0881 Ux=0.3023 Uy=0.1969]  vol[p=29.9675 Ux=1.6347 Uy=0.6350]
    val_re_rand                loss=0.8382  surf[p=42.3074 Ux=0.6102 Uy=0.3191]  vol[p=45.9247 Ux=2.3028 Uy=1.0327]
Epoch  70 (133s) [44.9GB]  train[vol=0.2695 surf=0.1051]  val_avg_surf_p=42.9270 *
    val_single_in_dist         loss=1.8500  surf[p=44.9440 Ux=0.5200 Uy=0.2859]  vol[p=56.1128 Ux=2.5461 Uy=1.0123]
    val_geom_camber_rc         loss=1.0845  surf[p=56.6558 Ux=0.9509 Uy=0.4615]  vol[p=64.3570 Ux=3.2919 Uy=1.5432]
    val_geom_camber_cruise     loss=0.2394  surf[p=27.9317 Ux=0.3013 Uy=0.1969]  vol[p=29.9334 Ux=1.6322 Uy=0.6346]
    val_re_rand                loss=0.8379  surf[p=42.1763 Ux=0.6081 Uy=0.3184]  vol[p=45.8005 Ux=2.2997 Uy=1.0310]
Epoch  71 (132s) [44.9GB]  train[vol=0.2643 surf=0.1040]  val_avg_surf_p=42.8160 *
    val_single_in_dist         loss=1.8536  surf[p=44.8664 Ux=0.5186 Uy=0.2853]  vol[p=56.0944 Ux=2.5428 Uy=1.0101]
    val_geom_camber_rc         loss=1.0848  surf[p=56.5722 Ux=0.9494 Uy=0.4605]  vol[p=64.1625 Ux=3.2890 Uy=1.5406]
    val_geom_camber_cruise     loss=0.2388  surf[p=27.8378 Ux=0.3011 Uy=0.1962]  vol[p=29.9014 Ux=1.6308 Uy=0.6331]
    val_re_rand                loss=0.8346  surf[p=41.9875 Ux=0.6059 Uy=0.3174]  vol[p=45.6536 Ux=2.2968 Uy=1.0288]
Epoch  72 (134s) [44.9GB]  train[vol=0.2560 surf=0.0964]  val_avg_surf_p=42.7088 *
    val_single_in_dist         loss=1.8669  surf[p=44.7812 Ux=0.5182 Uy=0.2849]  vol[p=56.0102 Ux=2.5399 Uy=1.0073]
    val_geom_camber_rc         loss=1.0848  surf[p=56.4659 Ux=0.9477 Uy=0.4599]  vol[p=64.0071 Ux=3.2857 Uy=1.5389]
    val_geom_camber_cruise     loss=0.2379  surf[p=27.7354 Ux=0.3016 Uy=0.1962]  vol[p=29.8315 Ux=1.6292 Uy=0.6322]
    val_re_rand                loss=0.8321  surf[p=41.8528 Ux=0.6050 Uy=0.3166]  vol[p=45.5444 Ux=2.2950 Uy=1.0273]
Epoch  73 (132s) [44.9GB]  train[vol=0.2769 surf=0.1088]  val_avg_surf_p=42.6232 *
    val_single_in_dist         loss=1.8668  surf[p=44.6603 Ux=0.5178 Uy=0.2841]  vol[p=56.0340 Ux=2.5375 Uy=1.0057]
    val_geom_camber_rc         loss=1.0849  surf[p=56.4107 Ux=0.9468 Uy=0.4588]  vol[p=63.9230 Ux=3.2826 Uy=1.5364]
    val_geom_camber_cruise     loss=0.2371  surf[p=27.6522 Ux=0.3011 Uy=0.1958]  vol[p=29.7749 Ux=1.6288 Uy=0.6322]
    val_re_rand                loss=0.8278  surf[p=41.7696 Ux=0.6041 Uy=0.3161]  vol[p=45.4685 Ux=2.2922 Uy=1.0259]
Epoch  74 (133s) [44.9GB]  train[vol=0.2530 surf=0.0956]  val_avg_surf_p=42.5811 *
    val_single_in_dist         loss=1.8628  surf[p=44.5746 Ux=0.5176 Uy=0.2840]  vol[p=55.9297 Ux=2.5352 Uy=1.0044]
    val_geom_camber_rc         loss=1.0843  surf[p=56.3886 Ux=0.9450 Uy=0.4585]  vol[p=63.8774 Ux=3.2787 Uy=1.5350]
    val_geom_camber_cruise     loss=0.2363  surf[p=27.6222 Ux=0.2996 Uy=0.1956]  vol[p=29.7683 Ux=1.6266 Uy=0.6315]
    val_re_rand                loss=0.8248  surf[p=41.7388 Ux=0.6030 Uy=0.3157]  vol[p=45.4436 Ux=2.2897 Uy=1.0247]
Epoch  75 (135s) [44.9GB]  train[vol=0.2565 surf=0.0980]  val_avg_surf_p=42.5286 *
    val_single_in_dist         loss=1.8619  surf[p=44.5399 Ux=0.5173 Uy=0.2839]  vol[p=55.9156 Ux=2.5343 Uy=1.0035]
    val_geom_camber_rc         loss=1.0836  surf[p=56.3324 Ux=0.9447 Uy=0.4582]  vol[p=63.8579 Ux=3.2782 Uy=1.5340]
    val_geom_camber_cruise     loss=0.2350  surf[p=27.5541 Ux=0.2998 Uy=0.1954]  vol[p=29.7509 Ux=1.6271 Uy=0.6310]
    val_re_rand                loss=0.8251  surf[p=41.6880 Ux=0.6025 Uy=0.3152]  vol[p=45.4100 Ux=2.2889 Uy=1.0240]
Epoch  76 (134s) [44.9GB]  train[vol=0.2551 surf=0.0951]  val_avg_surf_p=42.5412
    val_single_in_dist         loss=1.8616  surf[p=44.6191 Ux=0.5163 Uy=0.2837]  vol[p=55.9048 Ux=2.5332 Uy=1.0025]
    val_geom_camber_rc         loss=1.0846  surf[p=56.3425 Ux=0.9449 Uy=0.4581]  vol[p=63.9086 Ux=3.2776 Uy=1.5329]
    val_geom_camber_cruise     loss=0.2343  surf[p=27.5155 Ux=0.2987 Uy=0.1951]  vol[p=29.7258 Ux=1.6256 Uy=0.6306]
    val_re_rand                loss=0.8228  surf[p=41.6878 Ux=0.6023 Uy=0.3150]  vol[p=45.4118 Ux=2.2875 Uy=1.0235]
Epoch  77 (133s) [44.9GB]  train[vol=0.2556 surf=0.0950]  val_avg_surf_p=42.5138 *
    val_single_in_dist         loss=1.8605  surf[p=44.6074 Ux=0.5163 Uy=0.2835]  vol[p=55.9391 Ux=2.5323 Uy=1.0017]
    val_geom_camber_rc         loss=1.0835  surf[p=56.3026 Ux=0.9447 Uy=0.4583]  vol[p=63.8681 Ux=3.2758 Uy=1.5320]
    val_geom_camber_cruise     loss=0.2349  surf[p=27.4984 Ux=0.2984 Uy=0.1947]  vol[p=29.6881 Ux=1.6247 Uy=0.6302]
    val_re_rand                loss=0.8224  surf[p=41.6470 Ux=0.6023 Uy=0.3149]  vol[p=45.3759 Ux=2.2864 Uy=1.0232]
Epoch  78 (135s) [44.9GB]  train[vol=0.2545 surf=0.0979]  val_avg_surf_p=42.4802 *
    val_single_in_dist         loss=1.8576  surf[p=44.5448 Ux=0.5158 Uy=0.2833]  vol[p=55.9125 Ux=2.5312 Uy=1.0013]
    val_geom_camber_rc         loss=1.0835  surf[p=56.2875 Ux=0.9444 Uy=0.4584]  vol[p=63.8785 Ux=3.2752 Uy=1.5316]
    val_geom_camber_cruise     loss=0.2351  surf[p=27.4798 Ux=0.2982 Uy=0.1948]  vol[p=29.6647 Ux=1.6240 Uy=0.6302]
    val_re_rand                loss=0.8228  surf[p=41.6087 Ux=0.6023 Uy=0.3148]  vol[p=45.3387 Ux=2.2861 Uy=1.0231]
Epoch  79 (134s) [44.9GB]  train[vol=0.2432 surf=0.0884]  val_avg_surf_p=42.4594 *
    val_single_in_dist         loss=1.8581  surf[p=44.5101 Ux=0.5155 Uy=0.2832]  vol[p=55.9124 Ux=2.5310 Uy=1.0012]
    val_geom_camber_rc         loss=1.0837  surf[p=56.2912 Ux=0.9443 Uy=0.4585]  vol[p=63.8676 Ux=3.2748 Uy=1.5314]
    val_geom_camber_cruise     loss=0.2346  surf[p=27.4642 Ux=0.2980 Uy=0.1947]  vol[p=29.6527 Ux=1.6235 Uy=0.6300]
    val_re_rand                loss=0.8230  surf[p=41.5720 Ux=0.6021 Uy=0.3147]  vol[p=45.3267 Ux=2.2859 Uy=1.0227]
Epoch  80 (134s) [44.9GB]  train[vol=0.2703 surf=0.1045]  val_avg_surf_p=42.4433 *
wandb: updating run metadata; uploading artifact model-mlintern-pai2-72h-v4-r1-r2-l1-ema-deep7-82kuz232
wandb: uploading artifact model-mlintern-pai2-72h-v4-r1-r2-l1-ema-deep7-82kuz232
wandb: uploading history steps 30079-30079, summary, console lines 395-405
wandb: 
wandb: Run history:
wandb:        epoch_time_s ▂▁▄▄▃▁▆▆▇▅▄▄▇▅▄▆▆▄█▇▇▆█▃▅▃▅▇▆▆▅▆▇▅▄▆▄█▅▇
wandb:         global_step ▁▁▁▂▂▂▂▂▃▃▃▃▃▄▄▄▄▄▄▄▄▅▅▅▅▅▅▅▆▆▆▆▆▆▇▇▇▇██
wandb:                  lr ████████▇▇▇▇▆▆▆▆▅▅▅▅▅▄▄▄▄▃▃▃▂▂▂▂▂▁▁▁▁▁▁▁
wandb:          train/loss ▅▄▅▃▂▃▃▂▂▂▂▃▃▂▂▂▁█▁▁▁▁▁▂▂▁▁▁▁▁▂▂▂▂▁▁▁▁▁▁
wandb:     train/surf_loss █▇▆▆▅▄▄▄▄▃▃▃▃▃▃▂▃▂▂▂▂▂▂▂▁▁▁▁▁▁▁▁▁▁▁▁▁▁▁▁
wandb:      train/vol_loss █▆▄▄▄▃▃▃▃▃▂▂▂▂▂▂▂▂▂▂▂▂▁▁▁▁▁▁▁▁▁▁▁▁▁▁▁▁▁▁
wandb:            val/loss █▆▅▄▃▂▂▂▂▂▂▁▁▁▁▁▁▁▁▁▁▁▁▁▁▁▁▁▁▁▁▁▁▁▁▁▁▁▁▁
wandb: val_avg/mae_surf_Ux █▅▃▂▂▂▁▁▁▁▁▁▁▁▁▁▁▁▁▁▁▁▁▁▁▁▁▁▁▁▁▁▁▁▁▁▁▁▁▁
wandb: val_avg/mae_surf_Uy █▆▅▄▃▃▂▂▂▂▂▂▂▂▂▂▁▁▁▁▁▁▁▁▁▁▁▁▁▁▁▁▁▁▁▁▁▁▁▁
wandb:  val_avg/mae_surf_p █▆▅▅▄▄▄▄▃▃▃▃▃▂▂▂▂▂▂▂▂▂▂▁▁▁▁▁▁▁▁▁▁▁▁▁▁▁▁▁
wandb:                 +39 ...
wandb: 
wandb: Run summary:
wandb:              best_epoch 80
wandb: best_val_avg/mae_surf_p 42.44326
wandb:            epoch_time_s 133.72383
wandb:             global_step 30000
wandb:                      lr 0
wandb:     total_train_minutes 177.62941
wandb:              train/loss 0.77022
wandb:         train/surf_loss 0.10452
wandb:          train/vol_loss 0.27032
wandb:                val/loss 0.9998
wandb:                     +42 ...
wandb: 
wandb: 🚀 View run mlintern-pai2-72h-v4-r1/r2-l1-ema-deep7 at: https://wandb.ai/wandb-applied-ai-team/senpai-v1-ml-intern/runs/82kuz232
wandb: ⭐️ View project at: https://wandb.ai/wandb-applied-ai-team/senpai-v1-ml-intern
wandb: Synced 7 W&B file(s), 0 media file(s), 3 artifact file(s) and 0 other file(s)
wandb: Find logs at: ./wandb/run-20260430_123432-82kuz232/logs
    val_single_in_dist         loss=1.8567  surf[p=44.4731 Ux=0.5150 Uy=0.2830]  vol[p=55.9191 Ux=2.5302 Uy=1.0007]
    val_geom_camber_rc         loss=1.0835  surf[p=56.2844 Ux=0.9438 Uy=0.4586]  vol[p=63.8499 Ux=3.2740 Uy=1.5312]
    val_geom_camber_cruise     loss=0.2343  surf[p=27.4464 Ux=0.2977 Uy=0.1946]  vol[p=29.6358 Ux=1.6227 Uy=0.6298]
    val_re_rand                loss=0.8247  surf[p=41.5691 Ux=0.6019 Uy=0.3147]  vol[p=45.3317 Ux=2.2854 Uy=1.0225]

Training done in 177.6 min

Best val: epoch 80, val_avg/mae_surf_p = 42.4433

Logged model artifact 'model-mlintern-pai2-72h-v4-r1-r2-l1-ema-deep7-82kuz232' (aliases: best, epoch-80)
