wandb: [wandb.login()] Loaded credentials for https://api.wandb.ai from WANDB_API_KEY.
wandb: W&B API key is configured. Use `wandb login --relogin` to force relogin
wandb: Tracking run with wandb version 0.26.1
wandb: Run data is saved locally in /workspace/ml-intern-benchmark/target/wandb/run-20260430_123432-6s245uer
wandb: Run `wandb offline` to turn off syncing.
wandb: Syncing run mlintern-pai2-72h-v4-r1/r2-l1-ema-pw
wandb: ⭐️ View project at https://wandb.ai/wandb-applied-ai-team/senpai-v1-ml-intern
wandb: 🚀 View run at https://wandb.ai/wandb-applied-ai-team/senpai-v1-ml-intern/runs/6s245uer
Device: cuda
Train: 1499, val_single_in_dist: 100, val_geom_camber_rc: 100, val_geom_camber_cruise: 100, val_re_rand: 100
Model: Transolver (0.66M params)
EMA enabled: decay=0.999
Epoch   1 (99s) [32.6GB]  train[vol=1.2820 surf=0.7936]  val_avg_surf_p=332.0150 *
    val_single_in_dist         loss=44.6359  surf[p=468.1128 Ux=17.5277 Uy=2.2264]  vol[p=400.0123 Ux=18.2185 Uy=5.8150]
    val_geom_camber_rc         loss=24.3139  surf[p=373.2273 Ux=14.4591 Uy=2.6734]  vol[p=317.0286 Ux=12.6379 Uy=6.0547]
    val_geom_camber_cruise     loss=13.4492  surf[p=224.6516 Ux=16.4894 Uy=1.3520]  vol[p=198.9140 Ux=14.4855 Uy=3.3945]
    val_re_rand                loss=15.9672  surf[p=262.0684 Ux=14.9519 Uy=1.8048]  vol[p=223.3265 Ux=12.8843 Uy=4.3353]
Epoch   2 (96s) [32.6GB]  train[vol=0.9680 surf=0.5466]  val_avg_surf_p=297.8455 *
    val_single_in_dist         loss=36.2212  surf[p=428.7811 Ux=12.5357 Uy=1.9847]  vol[p=343.0147 Ux=15.0510 Uy=5.2124]
    val_geom_camber_rc         loss=18.0783  surf[p=321.2277 Ux=10.7977 Uy=2.3382]  vol[p=263.8884 Ux=11.4418 Uy=5.4473]
    val_geom_camber_cruise     loss=9.3036  surf[p=209.4951 Ux=11.5975 Uy=1.2293]  vol[p=177.9973 Ux=11.6706 Uy=3.2516]
    val_re_rand                loss=11.4313  surf[p=231.8781 Ux=10.8124 Uy=1.5957]  vol[p=192.8792 Ux=11.0409 Uy=4.0055]
Epoch   3 (98s) [32.6GB]  train[vol=0.8220 surf=0.4592]  val_avg_surf_p=263.9183 *
    val_single_in_dist         loss=29.1913  surf[p=383.4817 Ux=9.3152 Uy=1.7540]  vol[p=308.9630 Ux=12.0918 Uy=4.6347]
    val_geom_camber_rc         loss=13.8627  surf[p=282.0004 Ux=8.3767 Uy=2.0062]  vol[p=240.1568 Ux=10.3973 Uy=4.9487]
    val_geom_camber_cruise     loss=6.5387  surf[p=186.5531 Ux=8.4158 Uy=1.0954]  vol[p=160.0300 Ux=9.3956 Uy=2.9226]
    val_re_rand                loss=8.4334  surf[p=203.6380 Ux=8.1124 Uy=1.3888]  vol[p=175.0673 Ux=9.4415 Uy=3.6305]
Epoch   4 (97s) [32.9GB]  train[vol=0.7791 surf=0.4425]  val_avg_surf_p=230.5930 *
    val_single_in_dist         loss=23.3224  surf[p=336.7190 Ux=6.9578 Uy=1.4988]  vol[p=277.8884 Ux=9.9032 Uy=4.0594]
    val_geom_camber_rc         loss=10.6045  surf[p=246.1688 Ux=6.5874 Uy=1.6928]  vol[p=214.4879 Ux=9.2604 Uy=4.4637]
    val_geom_camber_cruise     loss=4.5768  surf[p=161.4881 Ux=6.1269 Uy=0.9476]  vol[p=140.7999 Ux=7.4838 Uy=2.5091]
    val_re_rand                loss=6.3048  surf[p=177.9961 Ux=6.1598 Uy=1.1905]  vol[p=157.3705 Ux=7.9728 Uy=3.2268]
Epoch   5 (97s) [32.9GB]  train[vol=0.7358 surf=0.4165]  val_avg_surf_p=201.1361 *
    val_single_in_dist         loss=18.5984  surf[p=290.0084 Ux=5.2159 Uy=1.2610]  vol[p=249.4712 Ux=8.3908 Uy=3.5730]
    val_geom_camber_rc         loss=8.3850  surf[p=217.4805 Ux=5.3212 Uy=1.4614]  vol[p=193.7245 Ux=8.3583 Uy=4.0607]
    val_geom_camber_cruise     loss=3.3101  surf[p=139.8807 Ux=4.4880 Uy=0.8152]  vol[p=124.7776 Ux=6.0801 Uy=2.1468]
    val_re_rand                loss=4.9028  surf[p=157.1748 Ux=4.7582 Uy=1.0410]  vol[p=142.3524 Ux=6.8535 Uy=2.8814]
Epoch   6 (98s) [32.9GB]  train[vol=0.7107 surf=0.4052]  val_avg_surf_p=177.4951 *
    val_single_in_dist         loss=15.4037  surf[p=253.0656 Ux=4.0087 Uy=1.0851]  vol[p=228.1359 Ux=7.3703 Uy=3.2038]
    val_geom_camber_rc         loss=6.9170  surf[p=194.7441 Ux=4.4027 Uy=1.2936]  vol[p=178.5034 Ux=7.6543 Uy=3.7202]
    val_geom_camber_cruise     loss=2.4995  surf[p=121.7748 Ux=3.3116 Uy=0.7047]  vol[p=111.3388 Ux=5.1271 Uy=1.8567]
    val_re_rand                loss=3.9942  surf[p=140.3960 Ux=3.7457 Uy=0.9293]  vol[p=130.0245 Ux=6.0648 Uy=2.5995]
Epoch   7 (95s) [32.9GB]  train[vol=0.6531 surf=0.3646]  val_avg_surf_p=159.0942 *
    val_single_in_dist         loss=13.2251  surf[p=223.1306 Ux=3.1656 Uy=0.9537]  vol[p=209.6337 Ux=6.6540 Uy=2.9249]
    val_geom_camber_rc         loss=5.8771  surf[p=175.3945 Ux=3.7419 Uy=1.1731]  vol[p=166.0786 Ux=7.1050 Uy=3.4558]
    val_geom_camber_cruise     loss=2.0147  surf[p=109.4921 Ux=2.5235 Uy=0.6216]  vol[p=102.8202 Ux=4.5229 Uy=1.6495]
    val_re_rand                loss=3.4100  surf[p=128.3595 Ux=3.0492 Uy=0.8515]  vol[p=121.3854 Ux=5.5231 Uy=2.3918]
Epoch   8 (98s) [32.9GB]  train[vol=0.6196 surf=0.3492]  val_avg_surf_p=144.2831 *
    val_single_in_dist         loss=11.5941  surf[p=199.6434 Ux=2.5524 Uy=0.8557]  vol[p=194.1897 Ux=6.1005 Uy=2.7125]
    val_geom_camber_rc         loss=5.1659  surf[p=159.3484 Ux=3.2724 Uy=1.0821]  vol[p=155.5315 Ux=6.6705 Uy=3.2511]
    val_geom_camber_cruise     loss=1.6720  surf[p=99.4364 Ux=1.9371 Uy=0.5616]  vol[p=95.4445 Ux=4.0610 Uy=1.5078]
    val_re_rand                loss=3.0097  surf[p=118.7044 Ux=2.5311 Uy=0.7935]  vol[p=114.3952 Ux=5.0878 Uy=2.2404]
Epoch   9 (97s) [32.9GB]  train[vol=0.6129 surf=0.3426]  val_avg_surf_p=132.4693 *
    val_single_in_dist         loss=10.2848  surf[p=180.6787 Ux=2.1411 Uy=0.7861]  vol[p=179.6942 Ux=5.7006 Uy=2.5296]
    val_geom_camber_rc         loss=4.6886  surf[p=147.3468 Ux=2.8908 Uy=1.0199]  vol[p=147.1823 Ux=6.3026 Uy=3.1005]
    val_geom_camber_cruise     loss=1.4424  surf[p=91.2005 Ux=1.5379 Uy=0.5163]  vol[p=89.1630 Ux=3.7117 Uy=1.4039]
    val_re_rand                loss=2.7114  surf[p=110.6514 Ux=2.1533 Uy=0.7500]  vol[p=107.9769 Ux=4.7456 Uy=2.1249]
Epoch  10 (98s) [32.9GB]  train[vol=0.5769 surf=0.3222]  val_avg_surf_p=123.2176 *
    val_single_in_dist         loss=9.1857  surf[p=165.4446 Ux=1.7717 Uy=0.7329]  vol[p=169.5418 Ux=5.3266 Uy=2.3894]
    val_geom_camber_rc         loss=4.3496  surf[p=137.4589 Ux=2.5850 Uy=0.9654]  vol[p=139.8236 Ux=5.9711 Uy=2.9869]
    val_geom_camber_cruise     loss=1.2828  surf[p=84.8817 Ux=1.2490 Uy=0.4848]  vol[p=83.7978 Ux=3.4698 Uy=1.3336]
    val_re_rand                loss=2.5135  surf[p=105.0852 Ux=1.8669 Uy=0.7170]  vol[p=103.2628 Ux=4.4924 Uy=2.0433]
Epoch  11 (98s) [32.9GB]  train[vol=0.5635 surf=0.3126]  val_avg_surf_p=116.2543 *
    val_single_in_dist         loss=8.3799  surf[p=153.8927 Ux=1.5697 Uy=0.6921]  vol[p=161.4745 Ux=5.0981 Uy=2.2865]
    val_geom_camber_rc         loss=4.1065  surf[p=130.5702 Ux=2.3824 Uy=0.9317]  vol[p=134.3138 Ux=5.7366 Uy=2.8980]
    val_geom_camber_cruise     loss=1.1760  surf[p=80.0879 Ux=1.0490 Uy=0.4634]  vol[p=79.2676 Ux=3.2786 Uy=1.2820]
    val_re_rand                loss=2.3650  surf[p=100.4665 Ux=1.6544 Uy=0.6892]  vol[p=99.2811 Ux=4.2789 Uy=1.9768]
Epoch  12 (97s) [32.9GB]  train[vol=0.5475 surf=0.3043]  val_avg_surf_p=109.6697 *
    val_single_in_dist         loss=7.6850  surf[p=143.5407 Ux=1.4053 Uy=0.6562]  vol[p=152.9125 Ux=4.8985 Uy=2.1950]
    val_geom_camber_rc         loss=3.8360  surf[p=122.1526 Ux=2.1907 Uy=0.8956]  vol[p=127.8081 Ux=5.4910 Uy=2.8210]
    val_geom_camber_cruise     loss=1.0917  surf[p=76.4144 Ux=0.9241 Uy=0.4483]  vol[p=75.4282 Ux=3.1304 Uy=1.2385]
    val_re_rand                loss=2.2486  surf[p=96.5710 Ux=1.5159 Uy=0.6670]  vol[p=95.6391 Ux=4.1188 Uy=1.9220]
Epoch  13 (97s) [32.9GB]  train[vol=0.5201 surf=0.2848]  val_avg_surf_p=104.2801 *
    val_single_in_dist         loss=6.9429  surf[p=134.5009 Ux=1.2484 Uy=0.6223]  vol[p=146.3891 Ux=4.7144 Uy=2.1190]
    val_geom_camber_rc         loss=3.6372  surf[p=116.4285 Ux=2.0689 Uy=0.8662]  vol[p=122.4986 Ux=5.3121 Uy=2.7489]
    val_geom_camber_cruise     loss=1.0154  surf[p=73.1540 Ux=0.8414 Uy=0.4352]  vol[p=71.7593 Ux=3.0109 Uy=1.1965]
    val_re_rand                loss=2.1406  surf[p=93.0369 Ux=1.4245 Uy=0.6456]  vol[p=92.5509 Ux=3.9895 Uy=1.8667]
Epoch  14 (97s) [32.9GB]  train[vol=0.5132 surf=0.2759]  val_avg_surf_p=99.3011 *
    val_single_in_dist         loss=6.3365  surf[p=125.6738 Ux=1.1561 Uy=0.5935]  vol[p=139.2481 Ux=4.5801 Uy=2.0571]
    val_geom_camber_rc         loss=3.4361  surf[p=110.9824 Ux=1.9572 Uy=0.8366]  vol[p=117.9968 Ux=5.1382 Uy=2.6850]
    val_geom_camber_cruise     loss=0.9613  surf[p=70.6000 Ux=0.7888 Uy=0.4232]  vol[p=68.7903 Ux=2.9396 Uy=1.1641]
    val_re_rand                loss=2.0533  surf[p=89.9482 Ux=1.3545 Uy=0.6235]  vol[p=90.1150 Ux=3.8967 Uy=1.8196]
Epoch  15 (96s) [32.9GB]  train[vol=0.4895 surf=0.2618]  val_avg_surf_p=94.3217 *
    val_single_in_dist         loss=5.6765  surf[p=117.4085 Ux=1.0751 Uy=0.5647]  vol[p=131.7740 Ux=4.4328 Uy=1.9900]
    val_geom_camber_rc         loss=3.2434  surf[p=105.3881 Ux=1.8492 Uy=0.8119]  vol[p=112.7532 Ux=4.9669 Uy=2.6250]
    val_geom_camber_cruise     loss=0.9021  surf[p=67.6902 Ux=0.7292 Uy=0.4129]  vol[p=65.8652 Ux=2.8491 Uy=1.1329]
    val_re_rand                loss=1.9640  surf[p=86.8001 Ux=1.2812 Uy=0.6052]  vol[p=87.1027 Ux=3.7925 Uy=1.7763]
Epoch  16 (99s) [32.9GB]  train[vol=0.4973 surf=0.2723]  val_avg_surf_p=90.8534 *
    val_single_in_dist         loss=5.2022  surf[p=112.5903 Ux=1.0408 Uy=0.5423]  vol[p=127.1645 Ux=4.3343 Uy=1.9384]
    val_geom_camber_rc         loss=3.1183  surf[p=101.5556 Ux=1.7831 Uy=0.7898]  vol[p=108.9660 Ux=4.8294 Uy=2.5741]
    val_geom_camber_cruise     loss=0.8582  surf[p=65.1295 Ux=0.6960 Uy=0.4017]  vol[p=63.2905 Ux=2.7746 Uy=1.1031]
    val_re_rand                loss=1.8971  surf[p=84.1380 Ux=1.2390 Uy=0.5854]  vol[p=84.4208 Ux=3.7028 Uy=1.7366]
Epoch  17 (98s) [32.9GB]  train[vol=0.4832 surf=0.2591]  val_avg_surf_p=87.5185 *
    val_single_in_dist         loss=4.7196  surf[p=106.5476 Ux=0.9729 Uy=0.5205]  vol[p=121.4653 Ux=4.2268 Uy=1.8784]
    val_geom_camber_rc         loss=3.0029  surf[p=98.9692 Ux=1.7260 Uy=0.7703]  vol[p=106.6149 Ux=4.7145 Uy=2.5229]
    val_geom_camber_cruise     loss=0.8178  surf[p=62.8534 Ux=0.6445 Uy=0.3900]  vol[p=61.1038 Ux=2.7040 Uy=1.0713]
    val_re_rand                loss=1.8366  surf[p=81.7037 Ux=1.1829 Uy=0.5673]  vol[p=82.0713 Ux=3.6152 Uy=1.6975]
Epoch  18 (97s) [32.9GB]  train[vol=0.4765 surf=0.2544]  val_avg_surf_p=84.5757 *
    val_single_in_dist         loss=4.3120  surf[p=102.0016 Ux=0.9340 Uy=0.4996]  vol[p=116.9393 Ux=4.1341 Uy=1.8157]
    val_geom_camber_rc         loss=2.8576  surf[p=96.2174 Ux=1.6830 Uy=0.7506]  vol[p=104.4244 Ux=4.6323 Uy=2.4722]
    val_geom_camber_cruise     loss=0.7798  surf[p=60.5718 Ux=0.5915 Uy=0.3790]  vol[p=58.6764 Ux=2.6400 Uy=1.0390]
    val_re_rand                loss=1.7729  surf[p=79.5118 Ux=1.1372 Uy=0.5501]  vol[p=80.1008 Ux=3.5448 Uy=1.6579]
Epoch  19 (98s) [32.9GB]  train[vol=0.4635 surf=0.2512]  val_avg_surf_p=82.0365 *
    val_single_in_dist         loss=4.0611  surf[p=98.5830 Ux=0.9102 Uy=0.4844]  vol[p=112.6719 Ux=4.0431 Uy=1.7664]
    val_geom_camber_rc         loss=2.7279  surf[p=93.6247 Ux=1.6482 Uy=0.7319]  vol[p=102.2538 Ux=4.5597 Uy=2.4255]
    val_geom_camber_cruise     loss=0.7465  surf[p=58.4817 Ux=0.5728 Uy=0.3667]  vol[p=56.5154 Ux=2.5812 Uy=1.0070]
    val_re_rand                loss=1.7284  surf[p=77.4567 Ux=1.1127 Uy=0.5336]  vol[p=78.1510 Ux=3.4776 Uy=1.6192]
Epoch  20 (97s) [32.9GB]  train[vol=0.4337 surf=0.2301]  val_avg_surf_p=79.9561 *
    val_single_in_dist         loss=3.8412  surf[p=95.5160 Ux=0.8787 Uy=0.4673]  vol[p=108.5412 Ux=3.9408 Uy=1.7099]
    val_geom_camber_rc         loss=2.6073  surf[p=91.8623 Ux=1.6207 Uy=0.7154]  vol[p=100.8147 Ux=4.5054 Uy=2.3847]
    val_geom_camber_cruise     loss=0.7193  surf[p=56.6017 Ux=0.5340 Uy=0.3556]  vol[p=54.5906 Ux=2.5169 Uy=0.9762]
    val_re_rand                loss=1.6835  surf[p=75.8444 Ux=1.0765 Uy=0.5193]  vol[p=76.4466 Ux=3.4140 Uy=1.5835]
Epoch  21 (96s) [32.9GB]  train[vol=0.4601 surf=0.2440]  val_avg_surf_p=77.6520 *
    val_single_in_dist         loss=3.5950  surf[p=91.6590 Ux=0.8634 Uy=0.4531]  vol[p=105.4693 Ux=3.8611 Uy=1.6607]
    val_geom_camber_rc         loss=2.5118  surf[p=90.2262 Ux=1.6009 Uy=0.6967]  vol[p=99.1601 Ux=4.4529 Uy=2.3408]
    val_geom_camber_cruise     loss=0.6952  surf[p=54.8095 Ux=0.5288 Uy=0.3452]  vol[p=52.7074 Ux=2.4710 Uy=0.9495]
    val_re_rand                loss=1.6251  surf[p=73.9132 Ux=1.0572 Uy=0.5052]  vol[p=74.6342 Ux=3.3553 Uy=1.5502]
Epoch  22 (97s) [32.9GB]  train[vol=0.4346 surf=0.2309]  val_avg_surf_p=75.8958 *
    val_single_in_dist         loss=3.4242  surf[p=88.7190 Ux=0.8430 Uy=0.4432]  vol[p=102.6277 Ux=3.7981 Uy=1.6228]
    val_geom_camber_rc         loss=2.4113  surf[p=88.8851 Ux=1.5713 Uy=0.6820]  vol[p=97.8415 Ux=4.3959 Uy=2.2971]
    val_geom_camber_cruise     loss=0.6721  surf[p=53.2333 Ux=0.5078 Uy=0.3348]  vol[p=50.9754 Ux=2.4272 Uy=0.9237]
    val_re_rand                loss=1.5956  surf[p=72.7458 Ux=1.0314 Uy=0.4942]  vol[p=73.2954 Ux=3.2983 Uy=1.5182]
Epoch  23 (97s) [32.9GB]  train[vol=0.4364 surf=0.2304]  val_avg_surf_p=74.2246 *
    val_single_in_dist         loss=3.2850  surf[p=86.9189 Ux=0.8263 Uy=0.4370]  vol[p=100.3313 Ux=3.7359 Uy=1.5865]
    val_geom_camber_rc         loss=2.2943  surf[p=87.1721 Ux=1.5434 Uy=0.6661]  vol[p=96.1037 Ux=4.3476 Uy=2.2466]
    val_geom_camber_cruise     loss=0.6468  surf[p=51.6677 Ux=0.4985 Uy=0.3253]  vol[p=49.5632 Ux=2.3804 Uy=0.8995]
    val_re_rand                loss=1.5638  surf[p=71.1398 Ux=1.0101 Uy=0.4823]  vol[p=71.8911 Ux=3.2388 Uy=1.4815]
Epoch  24 (96s) [32.9GB]  train[vol=0.4161 surf=0.2140]  val_avg_surf_p=72.7351 *
    val_single_in_dist         loss=3.1228  surf[p=84.3429 Ux=0.7951 Uy=0.4307]  vol[p=97.2378 Ux=3.6460 Uy=1.5480]
    val_geom_camber_rc         loss=2.2147  surf[p=86.0358 Ux=1.5308 Uy=0.6547]  vol[p=94.5779 Ux=4.3149 Uy=2.2058]
    val_geom_camber_cruise     loss=0.6215  surf[p=50.3285 Ux=0.4870 Uy=0.3167]  vol[p=48.4686 Ux=2.3371 Uy=0.8797]
    val_re_rand                loss=1.5465  surf[p=70.2334 Ux=0.9963 Uy=0.4724]  vol[p=70.7019 Ux=3.1856 Uy=1.4520]
Epoch  25 (98s) [32.9GB]  train[vol=0.3959 surf=0.2031]  val_avg_surf_p=71.0815 *
    val_single_in_dist         loss=3.0158  surf[p=81.9131 Ux=0.7698 Uy=0.4250]  vol[p=94.2329 Ux=3.5903 Uy=1.5146]
    val_geom_camber_rc         loss=2.1978  surf[p=84.6502 Ux=1.5104 Uy=0.6437]  vol[p=92.7643 Ux=4.2729 Uy=2.1653]
    val_geom_camber_cruise     loss=0.5947  surf[p=48.6947 Ux=0.4713 Uy=0.3073]  vol[p=47.2151 Ux=2.3008 Uy=0.8586]
    val_re_rand                loss=1.5141  surf[p=69.0682 Ux=0.9798 Uy=0.4642]  vol[p=69.2016 Ux=3.1369 Uy=1.4225]
Epoch  26 (97s) [32.9GB]  train[vol=0.4156 surf=0.2185]  val_avg_surf_p=69.5210 *
    val_single_in_dist         loss=2.9263  surf[p=79.9746 Ux=0.7537 Uy=0.4183]  vol[p=92.1324 Ux=3.5420 Uy=1.4881]
    val_geom_camber_rc         loss=2.1468  surf[p=83.4422 Ux=1.4992 Uy=0.6347]  vol[p=91.6215 Ux=4.2408 Uy=2.1288]
    val_geom_camber_cruise     loss=0.5643  surf[p=47.0299 Ux=0.4636 Uy=0.2985]  vol[p=45.8328 Ux=2.2639 Uy=0.8383]
    val_re_rand                loss=1.4782  surf[p=67.6374 Ux=0.9638 Uy=0.4535]  vol[p=67.8070 Ux=3.0875 Uy=1.3935]
Epoch  27 (98s) [32.9GB]  train[vol=0.3941 surf=0.2069]  val_avg_surf_p=68.4676 *
    val_single_in_dist         loss=2.8989  surf[p=78.7028 Ux=0.7411 Uy=0.4126]  vol[p=91.2632 Ux=3.4862 Uy=1.4665]
    val_geom_camber_rc         loss=2.0895  surf[p=82.7479 Ux=1.4834 Uy=0.6260]  vol[p=90.7375 Ux=4.2092 Uy=2.0972]
    val_geom_camber_cruise     loss=0.5408  surf[p=45.8545 Ux=0.4588 Uy=0.2928]  vol[p=44.8261 Ux=2.2254 Uy=0.8248]
    val_re_rand                loss=1.4582  surf[p=66.5652 Ux=0.9514 Uy=0.4462]  vol[p=66.8350 Ux=3.0477 Uy=1.3697]
Epoch  28 (97s) [32.9GB]  train[vol=0.3878 surf=0.1973]  val_avg_surf_p=67.1922 *
    val_single_in_dist         loss=2.8317  surf[p=76.8492 Ux=0.7320 Uy=0.4057]  vol[p=89.6714 Ux=3.4303 Uy=1.4394]
    val_geom_camber_rc         loss=2.0467  surf[p=81.7715 Ux=1.4645 Uy=0.6191]  vol[p=89.8299 Ux=4.1807 Uy=2.0743]
    val_geom_camber_cruise     loss=0.5217  surf[p=44.6811 Ux=0.4429 Uy=0.2865]  vol[p=43.9046 Ux=2.1849 Uy=0.8106]
    val_re_rand                loss=1.4393  surf[p=65.4669 Ux=0.9413 Uy=0.4379]  vol[p=65.7912 Ux=3.0090 Uy=1.3499]
Epoch  29 (97s) [32.9GB]  train[vol=0.4067 surf=0.2125]  val_avg_surf_p=65.8357 *
    val_single_in_dist         loss=2.7437  surf[p=74.8381 Ux=0.7266 Uy=0.4001]  vol[p=87.5537 Ux=3.3827 Uy=1.4182]
    val_geom_camber_rc         loss=1.9967  surf[p=80.6784 Ux=1.4387 Uy=0.6129]  vol[p=88.6155 Ux=4.1345 Uy=2.0479]
    val_geom_camber_cruise     loss=0.4982  surf[p=43.4586 Ux=0.4422 Uy=0.2804]  vol[p=43.1282 Ux=2.1591 Uy=0.7974]
    val_re_rand                loss=1.4118  surf[p=64.3679 Ux=0.9317 Uy=0.4314]  vol[p=64.9660 Ux=2.9735 Uy=1.3311]
Epoch  30 (96s) [32.9GB]  train[vol=0.3696 surf=0.1875]  val_avg_surf_p=64.6409 *
    val_single_in_dist         loss=2.6461  surf[p=73.1598 Ux=0.7229 Uy=0.3950]  vol[p=85.9799 Ux=3.3366 Uy=1.3983]
    val_geom_camber_rc         loss=1.9609  surf[p=79.4018 Ux=1.4090 Uy=0.6073]  vol[p=87.1549 Ux=4.0962 Uy=2.0271]
    val_geom_camber_cruise     loss=0.4816  surf[p=42.5591 Ux=0.4348 Uy=0.2747]  vol[p=42.5140 Ux=2.1252 Uy=0.7862]
    val_re_rand                loss=1.3823  surf[p=63.4427 Ux=0.9162 Uy=0.4261]  vol[p=64.0586 Ux=2.9394 Uy=1.3146]
Epoch  31 (97s) [32.9GB]  train[vol=0.3684 surf=0.1849]  val_avg_surf_p=63.4637 *
    val_single_in_dist         loss=2.5664  surf[p=71.5931 Ux=0.7111 Uy=0.3916]  vol[p=84.1654 Ux=3.2944 Uy=1.3730]
    val_geom_camber_rc         loss=1.9103  surf[p=78.3673 Ux=1.3909 Uy=0.6014]  vol[p=86.0875 Ux=4.0683 Uy=2.0052]
    val_geom_camber_cruise     loss=0.4663  surf[p=41.6128 Ux=0.4294 Uy=0.2694]  vol[p=41.7526 Ux=2.1021 Uy=0.7754]
    val_re_rand                loss=1.3616  surf[p=62.2815 Ux=0.9032 Uy=0.4207]  vol[p=63.2469 Ux=2.9109 Uy=1.2985]
Epoch  32 (97s) [32.9GB]  train[vol=0.3570 surf=0.1766]  val_avg_surf_p=62.1080 *
    val_single_in_dist         loss=2.4612  surf[p=69.5619 Ux=0.6948 Uy=0.3880]  vol[p=82.0913 Ux=3.2517 Uy=1.3481]
    val_geom_camber_rc         loss=1.8441  surf[p=77.0879 Ux=1.3660 Uy=0.5950]  vol[p=84.7645 Ux=4.0377 Uy=1.9826]
    val_geom_camber_cruise     loss=0.4537  surf[p=40.5507 Ux=0.4226 Uy=0.2650]  vol[p=40.7951 Ux=2.0777 Uy=0.7653]
    val_re_rand                loss=1.3397  surf[p=61.2315 Ux=0.8816 Uy=0.4149]  vol[p=62.3372 Ux=2.8783 Uy=1.2842]
Epoch  33 (98s) [32.9GB]  train[vol=0.3494 surf=0.1717]  val_avg_surf_p=60.9393 *
    val_single_in_dist         loss=2.3968  surf[p=67.8488 Ux=0.6784 Uy=0.3842]  vol[p=80.3229 Ux=3.2069 Uy=1.3283]
    val_geom_camber_rc         loss=1.8174  surf[p=75.9946 Ux=1.3435 Uy=0.5883]  vol[p=83.7488 Ux=4.0015 Uy=1.9598]
    val_geom_camber_cruise     loss=0.4394  surf[p=39.5899 Ux=0.4195 Uy=0.2606]  vol[p=40.0594 Ux=2.0552 Uy=0.7548]
    val_re_rand                loss=1.3160  surf[p=60.3241 Ux=0.8641 Uy=0.4095]  vol[p=61.4599 Ux=2.8450 Uy=1.2688]
Epoch  34 (96s) [32.9GB]  train[vol=0.3609 surf=0.1802]  val_avg_surf_p=60.0787 *
    val_single_in_dist         loss=2.3615  surf[p=66.9855 Ux=0.6701 Uy=0.3802]  vol[p=79.5886 Ux=3.1728 Uy=1.3097]
    val_geom_camber_rc         loss=1.7764  surf[p=75.1313 Ux=1.3268 Uy=0.5807]  vol[p=82.9021 Ux=3.9733 Uy=1.9389]
    val_geom_camber_cruise     loss=0.4216  surf[p=38.6679 Ux=0.4100 Uy=0.2560]  vol[p=39.4964 Ux=2.0348 Uy=0.7472]
    val_re_rand                loss=1.3024  surf[p=59.5303 Ux=0.8536 Uy=0.4048]  vol[p=60.7822 Ux=2.8243 Uy=1.2573]
Epoch  35 (96s) [32.9GB]  train[vol=0.3629 surf=0.1790]  val_avg_surf_p=59.1001 *
    val_single_in_dist         loss=2.3175  surf[p=65.7388 Ux=0.6647 Uy=0.3749]  vol[p=78.1390 Ux=3.1472 Uy=1.2920]
    val_geom_camber_rc         loss=1.7321  surf[p=74.4270 Ux=1.3117 Uy=0.5778]  vol[p=81.8020 Ux=3.9468 Uy=1.9223]
    val_geom_camber_cruise     loss=0.4093  surf[p=37.8190 Ux=0.4037 Uy=0.2519]  vol[p=38.9686 Ux=2.0166 Uy=0.7373]
    val_re_rand                loss=1.2789  surf[p=58.4159 Ux=0.8429 Uy=0.4000]  vol[p=59.8350 Ux=2.8016 Uy=1.2447]
Epoch  36 (97s) [32.9GB]  train[vol=0.3470 surf=0.1681]  val_avg_surf_p=58.2112 *
    val_single_in_dist         loss=2.2680  surf[p=64.5733 Ux=0.6576 Uy=0.3710]  vol[p=76.8475 Ux=3.1192 Uy=1.2779]
    val_geom_camber_rc         loss=1.7038  surf[p=73.7243 Ux=1.3002 Uy=0.5715]  vol[p=80.7787 Ux=3.9200 Uy=1.9058]
    val_geom_camber_cruise     loss=0.3968  surf[p=37.0251 Ux=0.3987 Uy=0.2475]  vol[p=38.3409 Ux=1.9955 Uy=0.7273]
    val_re_rand                loss=1.2550  surf[p=57.5222 Ux=0.8278 Uy=0.3950]  vol[p=58.9450 Ux=2.7768 Uy=1.2325]
Epoch  37 (97s) [32.9GB]  train[vol=0.3356 surf=0.1614]  val_avg_surf_p=57.5103 *
    val_single_in_dist         loss=2.2331  surf[p=63.7344 Ux=0.6552 Uy=0.3668]  vol[p=75.9795 Ux=3.0922 Uy=1.2602]
    val_geom_camber_rc         loss=1.6729  surf[p=73.0608 Ux=1.2803 Uy=0.5636]  vol[p=80.0523 Ux=3.8860 Uy=1.8889]
    val_geom_camber_cruise     loss=0.3887  surf[p=36.3270 Ux=0.3962 Uy=0.2436]  vol[p=37.8463 Ux=1.9820 Uy=0.7213]
    val_re_rand                loss=1.2339  surf[p=56.9191 Ux=0.8193 Uy=0.3915]  vol[p=58.2156 Ux=2.7544 Uy=1.2218]
Epoch  38 (98s) [32.9GB]  train[vol=0.3437 surf=0.1669]  val_avg_surf_p=56.6090 *
    val_single_in_dist         loss=2.1778  surf[p=62.3281 Ux=0.6420 Uy=0.3626]  vol[p=74.7338 Ux=3.0727 Uy=1.2415]
    val_geom_camber_rc         loss=1.6234  surf[p=72.3313 Ux=1.2626 Uy=0.5603]  vol[p=79.0984 Ux=3.8624 Uy=1.8748]
    val_geom_camber_cruise     loss=0.3780  surf[p=35.6031 Ux=0.3885 Uy=0.2396]  vol[p=37.4268 Ux=1.9649 Uy=0.7130]
    val_re_rand                loss=1.2296  surf[p=56.1736 Ux=0.8082 Uy=0.3876]  vol[p=57.6303 Ux=2.7350 Uy=1.2130]
Epoch  39 (97s) [32.9GB]  train[vol=0.3283 surf=0.1584]  val_avg_surf_p=55.9130 *
    val_single_in_dist         loss=2.1558  surf[p=61.5662 Ux=0.6345 Uy=0.3591]  vol[p=73.7743 Ux=3.0537 Uy=1.2266]
    val_geom_camber_rc         loss=1.5771  surf[p=71.6766 Ux=1.2488 Uy=0.5557]  vol[p=78.3839 Ux=3.8389 Uy=1.8587]
    val_geom_camber_cruise     loss=0.3692  surf[p=34.8967 Ux=0.3890 Uy=0.2359]  vol[p=36.9021 Ux=1.9580 Uy=0.7047]
    val_re_rand                loss=1.2191  surf[p=55.5123 Ux=0.8012 Uy=0.3840]  vol[p=57.0278 Ux=2.7172 Uy=1.2035]
Epoch  40 (98s) [32.9GB]  train[vol=0.3303 surf=0.1580]  val_avg_surf_p=55.2694 *
    val_single_in_dist         loss=2.1313  surf[p=61.1412 Ux=0.6297 Uy=0.3566]  vol[p=72.7607 Ux=3.0310 Uy=1.2093]
    val_geom_camber_rc         loss=1.5577  surf[p=70.7064 Ux=1.2333 Uy=0.5506]  vol[p=77.6012 Ux=3.8137 Uy=1.8443]
    val_geom_camber_cruise     loss=0.3604  surf[p=34.3344 Ux=0.3793 Uy=0.2329]  vol[p=36.3629 Ux=1.9375 Uy=0.6967]
    val_re_rand                loss=1.2067  surf[p=54.8957 Ux=0.7915 Uy=0.3803]  vol[p=56.3678 Ux=2.6975 Uy=1.1942]
Epoch  41 (98s) [32.9GB]  train[vol=0.3220 surf=0.1510]  val_avg_surf_p=54.5137 *
    val_single_in_dist         loss=2.0800  surf[p=60.2094 Ux=0.6221 Uy=0.3516]  vol[p=71.7372 Ux=3.0030 Uy=1.1948]
    val_geom_camber_rc         loss=1.5499  surf[p=69.9091 Ux=1.2238 Uy=0.5465]  vol[p=77.1925 Ux=3.8001 Uy=1.8316]
    val_geom_camber_cruise     loss=0.3490  surf[p=33.6326 Ux=0.3713 Uy=0.2306]  vol[p=35.7975 Ux=1.9187 Uy=0.6890]
    val_re_rand                loss=1.1904  surf[p=54.3036 Ux=0.7812 Uy=0.3767]  vol[p=55.7447 Ux=2.6775 Uy=1.1843]
Epoch  42 (96s) [32.9GB]  train[vol=0.3261 surf=0.1543]  val_avg_surf_p=53.8320 *
    val_single_in_dist         loss=2.0892  surf[p=59.4651 Ux=0.6146 Uy=0.3490]  vol[p=71.0209 Ux=2.9785 Uy=1.1850]
    val_geom_camber_rc         loss=1.5122  surf[p=69.0165 Ux=1.2121 Uy=0.5423]  vol[p=76.3430 Ux=3.7786 Uy=1.8170]
    val_geom_camber_cruise     loss=0.3413  surf[p=33.1194 Ux=0.3694 Uy=0.2282]  vol[p=35.3067 Ux=1.9069 Uy=0.6826]
    val_re_rand                loss=1.1812  surf[p=53.7267 Ux=0.7748 Uy=0.3736]  vol[p=55.1156 Ux=2.6649 Uy=1.1757]
Epoch  43 (98s) [32.9GB]  train[vol=0.3067 surf=0.1432]  val_avg_surf_p=53.1483 *
    val_single_in_dist         loss=2.0704  surf[p=58.7485 Ux=0.6090 Uy=0.3474]  vol[p=70.1774 Ux=2.9596 Uy=1.1760]
    val_geom_camber_rc         loss=1.4780  surf[p=68.1196 Ux=1.1996 Uy=0.5365]  vol[p=75.5516 Ux=3.7541 Uy=1.8026]
    val_geom_camber_cruise     loss=0.3288  surf[p=32.6913 Ux=0.3651 Uy=0.2249]  vol[p=34.8340 Ux=1.8892 Uy=0.6760]
    val_re_rand                loss=1.1602  surf[p=53.0336 Ux=0.7648 Uy=0.3714]  vol[p=54.5021 Ux=2.6453 Uy=1.1663]
Epoch  44 (99s) [32.9GB]  train[vol=0.3045 surf=0.1418]  val_avg_surf_p=52.5715 *
    val_single_in_dist         loss=2.0382  surf[p=57.9273 Ux=0.6049 Uy=0.3448]  vol[p=69.4727 Ux=2.9388 Uy=1.1629]
    val_geom_camber_rc         loss=1.4862  surf[p=67.7405 Ux=1.1892 Uy=0.5328]  vol[p=75.4396 Ux=3.7434 Uy=1.7935]
    val_geom_camber_cruise     loss=0.3182  surf[p=32.1605 Ux=0.3594 Uy=0.2226]  vol[p=34.3648 Ux=1.8752 Uy=0.6690]
    val_re_rand                loss=1.1412  surf[p=52.4578 Ux=0.7575 Uy=0.3690]  vol[p=53.9600 Ux=2.6318 Uy=1.1576]
Epoch  45 (97s) [32.9GB]  train[vol=0.3222 surf=0.1514]  val_avg_surf_p=52.0313 *
    val_single_in_dist         loss=2.0030  surf[p=57.3630 Ux=0.6016 Uy=0.3419]  vol[p=68.7933 Ux=2.9181 Uy=1.1522]
    val_geom_camber_rc         loss=1.4556  surf[p=67.0191 Ux=1.1759 Uy=0.5299]  vol[p=74.6218 Ux=3.7282 Uy=1.7821]
    val_geom_camber_cruise     loss=0.3112  surf[p=31.6977 Ux=0.3549 Uy=0.2195]  vol[p=33.9862 Ux=1.8600 Uy=0.6636]
    val_re_rand                loss=1.1337  surf[p=52.0454 Ux=0.7498 Uy=0.3665]  vol[p=53.4693 Ux=2.6163 Uy=1.1502]
Epoch  46 (97s) [32.9GB]  train[vol=0.3012 surf=0.1362]  val_avg_surf_p=51.3782 *
    val_single_in_dist         loss=1.9882  surf[p=56.2804 Ux=0.5959 Uy=0.3390]  vol[p=67.6553 Ux=2.8976 Uy=1.1436]
    val_geom_camber_rc         loss=1.4307  surf[p=66.4399 Ux=1.1658 Uy=0.5260]  vol[p=74.0671 Ux=3.7120 Uy=1.7728]
    val_geom_camber_cruise     loss=0.3049  surf[p=31.2449 Ux=0.3521 Uy=0.2171]  vol[p=33.7418 Ux=1.8489 Uy=0.6590]
    val_re_rand                loss=1.1177  surf[p=51.5477 Ux=0.7440 Uy=0.3641]  vol[p=53.0133 Ux=2.6046 Uy=1.1431]
Epoch  47 (98s) [32.9GB]  train[vol=0.2944 surf=0.1312]  val_avg_surf_p=50.7287 *
    val_single_in_dist         loss=1.9725  surf[p=55.5525 Ux=0.5903 Uy=0.3359]  vol[p=66.9643 Ux=2.8822 Uy=1.1354]
    val_geom_camber_rc         loss=1.3884  surf[p=65.6042 Ux=1.1547 Uy=0.5224]  vol[p=73.3771 Ux=3.6920 Uy=1.7605]
    val_geom_camber_cruise     loss=0.2992  surf[p=30.8556 Ux=0.3496 Uy=0.2151]  vol[p=33.3272 Ux=1.8373 Uy=0.6540]
    val_re_rand                loss=1.1048  surf[p=50.9025 Ux=0.7375 Uy=0.3618]  vol[p=52.5449 Ux=2.5898 Uy=1.1351]
Epoch  48 (97s) [32.9GB]  train[vol=0.3092 surf=0.1396]  val_avg_surf_p=50.1698 *
    val_single_in_dist         loss=1.9623  surf[p=55.0462 Ux=0.5845 Uy=0.3339]  vol[p=66.6862 Ux=2.8670 Uy=1.1280]
    val_geom_camber_rc         loss=1.3382  surf[p=64.6345 Ux=1.1440 Uy=0.5191]  vol[p=72.5432 Ux=3.6706 Uy=1.7499]
    val_geom_camber_cruise     loss=0.2930  surf[p=30.5084 Ux=0.3485 Uy=0.2137]  vol[p=33.0962 Ux=1.8247 Uy=0.6496]
    val_re_rand                loss=1.1025  surf[p=50.4901 Ux=0.7319 Uy=0.3601]  vol[p=52.1274 Ux=2.5746 Uy=1.1280]
Epoch  49 (98s) [32.9GB]  train[vol=0.3018 surf=0.1353]  val_avg_surf_p=49.7126 *
    val_single_in_dist         loss=1.9642  surf[p=54.4981 Ux=0.5816 Uy=0.3315]  vol[p=65.9521 Ux=2.8531 Uy=1.1223]
    val_geom_camber_rc         loss=1.3326  surf[p=64.0640 Ux=1.1344 Uy=0.5153]  vol[p=72.3092 Ux=3.6559 Uy=1.7416]
    val_geom_camber_cruise     loss=0.2860  surf[p=30.1086 Ux=0.3407 Uy=0.2122]  vol[p=32.7851 Ux=1.8097 Uy=0.6450]
    val_re_rand                loss=1.0857  surf[p=50.1795 Ux=0.7274 Uy=0.3583]  vol[p=51.7829 Ux=2.5604 Uy=1.1226]
Epoch  50 (96s) [32.9GB]  train[vol=0.3037 surf=0.1351]  val_avg_surf_p=49.4464 *
    val_single_in_dist         loss=1.9702  surf[p=54.4442 Ux=0.5785 Uy=0.3294]  vol[p=65.7470 Ux=2.8382 Uy=1.1162]
    val_geom_camber_rc         loss=1.3173  surf[p=63.4227 Ux=1.1225 Uy=0.5125]  vol[p=71.8388 Ux=3.6367 Uy=1.7319]
    val_geom_camber_cruise     loss=0.2847  surf[p=29.8823 Ux=0.3396 Uy=0.2110]  vol[p=32.5822 Ux=1.7974 Uy=0.6420]
    val_re_rand                loss=1.0817  surf[p=50.0363 Ux=0.7242 Uy=0.3569]  vol[p=51.6157 Ux=2.5471 Uy=1.1170]
Epoch  51 (97s) [32.9GB]  train[vol=0.2997 surf=0.1323]  val_avg_surf_p=49.1451 *
    val_single_in_dist         loss=1.9568  surf[p=54.3053 Ux=0.5766 Uy=0.3283]  vol[p=65.3540 Ux=2.8230 Uy=1.1112]
    val_geom_camber_rc         loss=1.3291  surf[p=63.2481 Ux=1.1123 Uy=0.5093]  vol[p=71.7614 Ux=3.6206 Uy=1.7246]
    val_geom_camber_cruise     loss=0.2810  surf[p=29.4459 Ux=0.3341 Uy=0.2094]  vol[p=32.2923 Ux=1.7866 Uy=0.6384]
    val_re_rand                loss=1.0698  surf[p=49.5812 Ux=0.7182 Uy=0.3554]  vol[p=51.3403 Ux=2.5378 Uy=1.1104]
Epoch  52 (98s) [32.9GB]  train[vol=0.3150 surf=0.1419]  val_avg_surf_p=48.5622 *
    val_single_in_dist         loss=1.9335  surf[p=53.4234 Ux=0.5716 Uy=0.3259]  vol[p=64.6294 Ux=2.8080 Uy=1.1012]
    val_geom_camber_rc         loss=1.2920  surf[p=62.6597 Ux=1.1033 Uy=0.5065]  vol[p=71.1449 Ux=3.6021 Uy=1.7101]
    val_geom_camber_cruise     loss=0.2753  surf[p=29.0233 Ux=0.3338 Uy=0.2075]  vol[p=32.0151 Ux=1.7815 Uy=0.6336]
    val_re_rand                loss=1.0664  surf[p=49.1425 Ux=0.7143 Uy=0.3540]  vol[p=51.0209 Ux=2.5275 Uy=1.1042]
Epoch  53 (97s) [32.9GB]  train[vol=0.2932 surf=0.1268]  val_avg_surf_p=48.1652 *
    val_single_in_dist         loss=1.9301  surf[p=52.7753 Ux=0.5656 Uy=0.3239]  vol[p=63.8806 Ux=2.7932 Uy=1.0935]
    val_geom_camber_rc         loss=1.2903  surf[p=62.4477 Ux=1.0969 Uy=0.5030]  vol[p=70.7567 Ux=3.5918 Uy=1.7013]
    val_geom_camber_cruise     loss=0.2697  surf[p=28.7458 Ux=0.3304 Uy=0.2062]  vol[p=31.7590 Ux=1.7724 Uy=0.6300]
    val_re_rand                loss=1.0493  surf[p=48.6917 Ux=0.7089 Uy=0.3523]  vol[p=50.6254 Ux=2.5155 Uy=1.0989]
Epoch  54 (95s) [32.9GB]  train[vol=0.2894 surf=0.1245]  val_avg_surf_p=47.7184 *
    val_single_in_dist         loss=1.9240  surf[p=52.2765 Ux=0.5616 Uy=0.3220]  vol[p=63.2873 Ux=2.7776 Uy=1.0894]
    val_geom_camber_rc         loss=1.2867  surf[p=61.8560 Ux=1.0877 Uy=0.4998]  vol[p=70.4103 Ux=3.5802 Uy=1.6932]
    val_geom_camber_cruise     loss=0.2643  surf[p=28.4574 Ux=0.3250 Uy=0.2049]  vol[p=31.5461 Ux=1.7635 Uy=0.6259]
    val_re_rand                loss=1.0389  surf[p=48.2835 Ux=0.7031 Uy=0.3503]  vol[p=50.3174 Ux=2.5028 Uy=1.0929]
Epoch  55 (98s) [32.9GB]  train[vol=0.2867 surf=0.1220]  val_avg_surf_p=47.2726 *
    val_single_in_dist         loss=1.9246  surf[p=51.6825 Ux=0.5621 Uy=0.3205]  vol[p=62.7437 Ux=2.7655 Uy=1.0837]
    val_geom_camber_rc         loss=1.2664  surf[p=61.2913 Ux=1.0799 Uy=0.4979]  vol[p=69.8942 Ux=3.5664 Uy=1.6826]
    val_geom_camber_cruise     loss=0.2628  surf[p=28.2729 Ux=0.3208 Uy=0.2037]  vol[p=31.3874 Ux=1.7568 Uy=0.6234]
    val_re_rand                loss=1.0366  surf[p=47.8436 Ux=0.6968 Uy=0.3482]  vol[p=49.9942 Ux=2.4918 Uy=1.0864]
Epoch  56 (98s) [32.9GB]  train[vol=0.2848 surf=0.1204]  val_avg_surf_p=46.9377 *
    val_single_in_dist         loss=1.9427  surf[p=51.4127 Ux=0.5592 Uy=0.3194]  vol[p=62.4895 Ux=2.7527 Uy=1.0773]
    val_geom_camber_rc         loss=1.2533  surf[p=60.7827 Ux=1.0735 Uy=0.4944]  vol[p=69.5763 Ux=3.5522 Uy=1.6737]
    val_geom_camber_cruise     loss=0.2596  surf[p=28.0935 Ux=0.3205 Uy=0.2026]  vol[p=31.2844 Ux=1.7503 Uy=0.6215]
    val_re_rand                loss=1.0265  surf[p=47.4621 Ux=0.6938 Uy=0.3465]  vol[p=49.7839 Ux=2.4822 Uy=1.0818]
Epoch  57 (96s) [32.9GB]  train[vol=0.2910 surf=0.1248]  val_avg_surf_p=46.5158 *
    val_single_in_dist         loss=1.9173  surf[p=50.9190 Ux=0.5529 Uy=0.3168]  vol[p=62.0489 Ux=2.7383 Uy=1.0691]
    val_geom_camber_rc         loss=1.2300  surf[p=60.3568 Ux=1.0675 Uy=0.4924]  vol[p=69.0977 Ux=3.5383 Uy=1.6688]
    val_geom_camber_cruise     loss=0.2571  surf[p=27.8001 Ux=0.3189 Uy=0.2017]  vol[p=31.1806 Ux=1.7464 Uy=0.6190]
    val_re_rand                loss=1.0227  surf[p=46.9873 Ux=0.6897 Uy=0.3445]  vol[p=49.4714 Ux=2.4739 Uy=1.0772]
Epoch  58 (97s) [32.9GB]  train[vol=0.2763 surf=0.1120]  val_avg_surf_p=46.2714 *
    val_single_in_dist         loss=1.9067  surf[p=50.5989 Ux=0.5526 Uy=0.3149]  vol[p=61.9235 Ux=2.7289 Uy=1.0658]
    val_geom_camber_rc         loss=1.2295  surf[p=60.2186 Ux=1.0624 Uy=0.4906]  vol[p=68.9950 Ux=3.5294 Uy=1.6632]
    val_geom_camber_cruise     loss=0.2529  surf[p=27.5577 Ux=0.3149 Uy=0.2006]  vol[p=31.0401 Ux=1.7412 Uy=0.6165]
    val_re_rand                loss=1.0098  surf[p=46.7103 Ux=0.6882 Uy=0.3430]  vol[p=49.2364 Ux=2.4674 Uy=1.0719]
Epoch  59 (98s) [32.9GB]  train[vol=0.2749 surf=0.1115]  val_avg_surf_p=46.0603 *
    val_single_in_dist         loss=1.9026  surf[p=50.3133 Ux=0.5523 Uy=0.3135]  vol[p=61.8321 Ux=2.7171 Uy=1.0618]
    val_geom_camber_rc         loss=1.2292  surf[p=60.0691 Ux=1.0578 Uy=0.4896]  vol[p=68.7639 Ux=3.5209 Uy=1.6585]
    val_geom_camber_cruise     loss=0.2482  surf[p=27.3609 Ux=0.3148 Uy=0.1995]  vol[p=30.9217 Ux=1.7337 Uy=0.6139]
    val_re_rand                loss=1.0063  surf[p=46.4979 Ux=0.6877 Uy=0.3421]  vol[p=49.0279 Ux=2.4609 Uy=1.0694]
Epoch  60 (97s) [32.9GB]  train[vol=0.2901 surf=0.1232]  val_avg_surf_p=45.7640 *
    val_single_in_dist         loss=1.8844  surf[p=49.6331 Ux=0.5482 Uy=0.3119]  vol[p=61.4623 Ux=2.7085 Uy=1.0580]
    val_geom_camber_rc         loss=1.2363  surf[p=59.9071 Ux=1.0523 Uy=0.4886]  vol[p=68.5606 Ux=3.5148 Uy=1.6549]
    val_geom_camber_cruise     loss=0.2446  surf[p=27.1403 Ux=0.3142 Uy=0.1988]  vol[p=30.7354 Ux=1.7301 Uy=0.6111]
    val_re_rand                loss=1.0058  surf[p=46.3757 Ux=0.6844 Uy=0.3412]  vol[p=48.8875 Ux=2.4527 Uy=1.0664]
Epoch  61 (97s) [32.9GB]  train[vol=0.2899 surf=0.1192]  val_avg_surf_p=45.3708 *
    val_single_in_dist         loss=1.8576  surf[p=49.0522 Ux=0.5433 Uy=0.3100]  vol[p=61.0260 Ux=2.6975 Uy=1.0543]
    val_geom_camber_rc         loss=1.2112  surf[p=59.3027 Ux=1.0446 Uy=0.4873]  vol[p=67.9885 Ux=3.5039 Uy=1.6485]
    val_geom_camber_cruise     loss=0.2413  surf[p=26.8897 Ux=0.3111 Uy=0.1976]  vol[p=30.5363 Ux=1.7227 Uy=0.6087]
    val_re_rand                loss=1.0112  surf[p=46.2385 Ux=0.6831 Uy=0.3408]  vol[p=48.7946 Ux=2.4456 Uy=1.0638]
Epoch  62 (96s) [32.9GB]  train[vol=0.2924 surf=0.1236]  val_avg_surf_p=45.0529 *
    val_single_in_dist         loss=1.8376  surf[p=48.5156 Ux=0.5387 Uy=0.3081]  vol[p=60.5805 Ux=2.6880 Uy=1.0509]
    val_geom_camber_rc         loss=1.1915  surf[p=58.9458 Ux=1.0396 Uy=0.4856]  vol[p=67.6646 Ux=3.4952 Uy=1.6431]
    val_geom_camber_cruise     loss=0.2379  surf[p=26.7338 Ux=0.3120 Uy=0.1968]  vol[p=30.3917 Ux=1.7177 Uy=0.6069]
    val_re_rand                loss=1.0088  surf[p=46.0162 Ux=0.6808 Uy=0.3400]  vol[p=48.6733 Ux=2.4389 Uy=1.0611]
Epoch  63 (96s) [32.9GB]  train[vol=0.2848 surf=0.1182]  val_avg_surf_p=44.8340 *
    val_single_in_dist         loss=1.8369  surf[p=48.1307 Ux=0.5348 Uy=0.3062]  vol[p=60.1569 Ux=2.6795 Uy=1.0458]
    val_geom_camber_rc         loss=1.1804  surf[p=58.5989 Ux=1.0352 Uy=0.4841]  vol[p=67.4471 Ux=3.4885 Uy=1.6384]
    val_geom_camber_cruise     loss=0.2359  surf[p=26.7021 Ux=0.3133 Uy=0.1971]  vol[p=30.3432 Ux=1.7180 Uy=0.6057]
    val_re_rand                loss=1.0099  surf[p=45.9041 Ux=0.6788 Uy=0.3390]  vol[p=48.5957 Ux=2.4315 Uy=1.0574]
Epoch  64 (96s) [32.9GB]  train[vol=0.2771 surf=0.1110]  val_avg_surf_p=44.6115 *
    val_single_in_dist         loss=1.8436  surf[p=47.8609 Ux=0.5308 Uy=0.3045]  vol[p=59.7949 Ux=2.6670 Uy=1.0419]
    val_geom_camber_rc         loss=1.1743  surf[p=58.3868 Ux=1.0319 Uy=0.4835]  vol[p=67.1863 Ux=3.4832 Uy=1.6359]
    val_geom_camber_cruise     loss=0.2344  surf[p=26.5473 Ux=0.3110 Uy=0.1961]  vol[p=30.2431 Ux=1.7128 Uy=0.6035]
    val_re_rand                loss=1.0076  surf[p=45.6509 Ux=0.6748 Uy=0.3381]  vol[p=48.3973 Ux=2.4241 Uy=1.0547]
Epoch  65 (96s) [32.9GB]  train[vol=0.2736 surf=0.1076]  val_avg_surf_p=44.4128 *
    val_single_in_dist         loss=1.8620  surf[p=47.7748 Ux=0.5303 Uy=0.3038]  vol[p=59.6824 Ux=2.6618 Uy=1.0390]
    val_geom_camber_rc         loss=1.1675  surf[p=58.1295 Ux=1.0286 Uy=0.4825]  vol[p=67.0019 Ux=3.4770 Uy=1.6318]
    val_geom_camber_cruise     loss=0.2328  surf[p=26.3813 Ux=0.3082 Uy=0.1951]  vol[p=30.0991 Ux=1.7070 Uy=0.6020]
    val_re_rand                loss=0.9970  surf[p=45.3655 Ux=0.6710 Uy=0.3370]  vol[p=48.1740 Ux=2.4178 Uy=1.0522]
Epoch  66 (96s) [32.9GB]  train[vol=0.2657 surf=0.1033]  val_avg_surf_p=44.2302 *
    val_single_in_dist         loss=1.8676  surf[p=47.5433 Ux=0.5289 Uy=0.3031]  vol[p=59.4220 Ux=2.6560 Uy=1.0360]
    val_geom_camber_rc         loss=1.1692  surf[p=58.0983 Ux=1.0258 Uy=0.4819]  vol[p=66.8351 Ux=3.4704 Uy=1.6281]
    val_geom_camber_cruise     loss=0.2308  surf[p=26.2273 Ux=0.3063 Uy=0.1945]  vol[p=30.0142 Ux=1.7037 Uy=0.6013]
    val_re_rand                loss=0.9881  surf[p=45.0519 Ux=0.6679 Uy=0.3363]  vol[p=47.9352 Ux=2.4125 Uy=1.0501]
Epoch  67 (97s) [32.9GB]  train[vol=0.2670 surf=0.1026]  val_avg_surf_p=44.0777 *
    val_single_in_dist         loss=1.8731  surf[p=47.4317 Ux=0.5280 Uy=0.3020]  vol[p=59.3875 Ux=2.6497 Uy=1.0324]
    val_geom_camber_rc         loss=1.1699  surf[p=58.0234 Ux=1.0216 Uy=0.4811]  vol[p=66.6572 Ux=3.4669 Uy=1.6245]
    val_geom_camber_cruise     loss=0.2304  surf[p=26.1078 Ux=0.3045 Uy=0.1943]  vol[p=29.9324 Ux=1.7015 Uy=0.6002]
    val_re_rand                loss=0.9784  surf[p=44.7479 Ux=0.6648 Uy=0.3348]  vol[p=47.6733 Ux=2.4067 Uy=1.0463]
Epoch  68 (98s) [32.9GB]  train[vol=0.2705 surf=0.1072]  val_avg_surf_p=43.9503 *
    val_single_in_dist         loss=1.8691  surf[p=47.2046 Ux=0.5281 Uy=0.3012]  vol[p=59.3316 Ux=2.6463 Uy=1.0302]
    val_geom_camber_rc         loss=1.1748  surf[p=57.9999 Ux=1.0192 Uy=0.4810]  vol[p=66.5627 Ux=3.4652 Uy=1.6211]
    val_geom_camber_cruise     loss=0.2299  surf[p=25.9783 Ux=0.3019 Uy=0.1935]  vol[p=29.8438 Ux=1.6960 Uy=0.5984]
    val_re_rand                loss=0.9763  surf[p=44.6184 Ux=0.6631 Uy=0.3340]  vol[p=47.5759 Ux=2.4029 Uy=1.0435]
Epoch  69 (96s) [32.9GB]  train[vol=0.2725 surf=0.1044]  val_avg_surf_p=43.8398 *
    val_single_in_dist         loss=1.8646  surf[p=47.1049 Ux=0.5270 Uy=0.3008]  vol[p=59.2086 Ux=2.6424 Uy=1.0283]
    val_geom_camber_rc         loss=1.1777  surf[p=57.8546 Ux=1.0167 Uy=0.4800]  vol[p=66.5321 Ux=3.4626 Uy=1.6180]
    val_geom_camber_cruise     loss=0.2291  surf[p=25.8621 Ux=0.3016 Uy=0.1929]  vol[p=29.7258 Ux=1.6909 Uy=0.5965]
    val_re_rand                loss=0.9772  surf[p=44.5374 Ux=0.6617 Uy=0.3333]  vol[p=47.5317 Ux=2.3993 Uy=1.0424]
Epoch  70 (97s) [32.9GB]  train[vol=0.2803 surf=0.1129]  val_avg_surf_p=43.7649 *
    val_single_in_dist         loss=1.8660  surf[p=47.0021 Ux=0.5278 Uy=0.3003]  vol[p=59.1325 Ux=2.6394 Uy=1.0277]
    val_geom_camber_rc         loss=1.1796  surf[p=57.7373 Ux=1.0148 Uy=0.4795]  vol[p=66.5079 Ux=3.4609 Uy=1.6159]
    val_geom_camber_cruise     loss=0.2270  surf[p=25.7847 Ux=0.3034 Uy=0.1925]  vol[p=29.6609 Ux=1.6892 Uy=0.5955]
    val_re_rand                loss=0.9758  surf[p=44.5354 Ux=0.6615 Uy=0.3328]  vol[p=47.5045 Ux=2.3966 Uy=1.0413]
Epoch  71 (98s) [32.9GB]  train[vol=0.2708 surf=0.1052]  val_avg_surf_p=43.6952 *
    val_single_in_dist         loss=1.8721  surf[p=47.0281 Ux=0.5276 Uy=0.2998]  vol[p=59.0677 Ux=2.6362 Uy=1.0268]
    val_geom_camber_rc         loss=1.1814  surf[p=57.6484 Ux=1.0132 Uy=0.4789]  vol[p=66.4724 Ux=3.4570 Uy=1.6137]
    val_geom_camber_cruise     loss=0.2252  surf[p=25.6811 Ux=0.3020 Uy=0.1921]  vol[p=29.5967 Ux=1.6857 Uy=0.5946]
    val_re_rand                loss=0.9691  surf[p=44.4232 Ux=0.6604 Uy=0.3325]  vol[p=47.4081 Ux=2.3933 Uy=1.0406]
Epoch  72 (96s) [32.9GB]  train[vol=0.2707 surf=0.1052]  val_avg_surf_p=43.6539 *
    val_single_in_dist         loss=1.8760  surf[p=47.0421 Ux=0.5275 Uy=0.2991]  vol[p=58.9463 Ux=2.6326 Uy=1.0259]
    val_geom_camber_rc         loss=1.1804  surf[p=57.6033 Ux=1.0123 Uy=0.4788]  vol[p=66.4170 Ux=3.4540 Uy=1.6121]
    val_geom_camber_cruise     loss=0.2241  surf[p=25.6108 Ux=0.3004 Uy=0.1919]  vol[p=29.5599 Ux=1.6838 Uy=0.5942]
    val_re_rand                loss=0.9667  surf[p=44.3595 Ux=0.6595 Uy=0.3322]  vol[p=47.3776 Ux=2.3905 Uy=1.0399]
Epoch  73 (96s) [32.9GB]  train[vol=0.2566 surf=0.0947]  val_avg_surf_p=43.6262 *
    val_single_in_dist         loss=1.8823  surf[p=47.0516 Ux=0.5260 Uy=0.2984]  vol[p=58.9097 Ux=2.6303 Uy=1.0246]
    val_geom_camber_rc         loss=1.1823  surf[p=57.5954 Ux=1.0110 Uy=0.4783]  vol[p=66.3938 Ux=3.4516 Uy=1.6111]
    val_geom_camber_cruise     loss=0.2238  surf[p=25.5620 Ux=0.3004 Uy=0.1916]  vol[p=29.5238 Ux=1.6825 Uy=0.5935]
    val_re_rand                loss=0.9654  surf[p=44.2958 Ux=0.6592 Uy=0.3317]  vol[p=47.3092 Ux=2.3884 Uy=1.0388]
Epoch  74 (98s) [32.9GB]  train[vol=0.2762 surf=0.1087]  val_avg_surf_p=43.5312 *
    val_single_in_dist         loss=1.8798  surf[p=46.8264 Ux=0.5258 Uy=0.2984]  vol[p=58.8243 Ux=2.6280 Uy=1.0241]
    val_geom_camber_rc         loss=1.1794  surf[p=57.5906 Ux=1.0097 Uy=0.4780]  vol[p=66.3745 Ux=3.4487 Uy=1.6104]
    val_geom_camber_cruise     loss=0.2228  surf[p=25.5071 Ux=0.2989 Uy=0.1915]  vol[p=29.5005 Ux=1.6793 Uy=0.5929]
    val_re_rand                loss=0.9628  surf[p=44.2006 Ux=0.6587 Uy=0.3314]  vol[p=47.2461 Ux=2.3870 Uy=1.0382]
Epoch  75 (97s) [32.9GB]  train[vol=0.2553 surf=0.0944]  val_avg_surf_p=43.4102 *
    val_single_in_dist         loss=1.8779  surf[p=46.6430 Ux=0.5246 Uy=0.2979]  vol[p=58.7032 Ux=2.6252 Uy=1.0235]
    val_geom_camber_rc         loss=1.1748  surf[p=57.4483 Ux=1.0078 Uy=0.4777]  vol[p=66.3215 Ux=3.4460 Uy=1.6091]
    val_geom_camber_cruise     loss=0.2225  surf[p=25.4308 Ux=0.2979 Uy=0.1911]  vol[p=29.4652 Ux=1.6775 Uy=0.5922]
    val_re_rand                loss=0.9609  surf[p=44.1186 Ux=0.6584 Uy=0.3312]  vol[p=47.1910 Ux=2.3853 Uy=1.0371]
Epoch  76 (97s) [32.9GB]  train[vol=0.2671 surf=0.1000]  val_avg_surf_p=43.3074 *
    val_single_in_dist         loss=1.8735  surf[p=46.4564 Ux=0.5236 Uy=0.2977]  vol[p=58.6000 Ux=2.6237 Uy=1.0227]
    val_geom_camber_rc         loss=1.1701  surf[p=57.3448 Ux=1.0066 Uy=0.4774]  vol[p=66.2969 Ux=3.4435 Uy=1.6084]
    val_geom_camber_cruise     loss=0.2215  surf[p=25.3951 Ux=0.2963 Uy=0.1908]  vol[p=29.4577 Ux=1.6749 Uy=0.5920]
    val_re_rand                loss=0.9602  surf[p=44.0333 Ux=0.6577 Uy=0.3310]  vol[p=47.1447 Ux=2.3834 Uy=1.0366]
Epoch  77 (97s) [32.9GB]  train[vol=0.2590 surf=0.0957]  val_avg_surf_p=43.2599 *
    val_single_in_dist         loss=1.8760  surf[p=46.4166 Ux=0.5230 Uy=0.2977]  vol[p=58.5209 Ux=2.6222 Uy=1.0220]
    val_geom_camber_rc         loss=1.1677  surf[p=57.3018 Ux=1.0060 Uy=0.4774]  vol[p=66.2294 Ux=3.4418 Uy=1.6079]
    val_geom_camber_cruise     loss=0.2212  surf[p=25.3720 Ux=0.2970 Uy=0.1906]  vol[p=29.4474 Ux=1.6742 Uy=0.5916]
    val_re_rand                loss=0.9596  surf[p=43.9491 Ux=0.6575 Uy=0.3308]  vol[p=47.0869 Ux=2.3824 Uy=1.0362]
Epoch  78 (97s) [32.9GB]  train[vol=0.2576 surf=0.0954]  val_avg_surf_p=43.2383 *
    val_single_in_dist         loss=1.8761  surf[p=46.3775 Ux=0.5231 Uy=0.2976]  vol[p=58.4719 Ux=2.6216 Uy=1.0215]
    val_geom_camber_rc         loss=1.1679  surf[p=57.2745 Ux=1.0056 Uy=0.4772]  vol[p=66.2421 Ux=3.4413 Uy=1.6075]
    val_geom_camber_cruise     loss=0.2211  surf[p=25.3767 Ux=0.2990 Uy=0.1905]  vol[p=29.4426 Ux=1.6749 Uy=0.5914]
    val_re_rand                loss=0.9599  surf[p=43.9245 Ux=0.6575 Uy=0.3308]  vol[p=47.0605 Ux=2.3818 Uy=1.0360]
Epoch  79 (97s) [32.9GB]  train[vol=0.2725 surf=0.1042]  val_avg_surf_p=43.2253 *
    val_single_in_dist         loss=1.8761  surf[p=46.3640 Ux=0.5228 Uy=0.2976]  vol[p=58.4492 Ux=2.6204 Uy=1.0212]
    val_geom_camber_rc         loss=1.1672  surf[p=57.2636 Ux=1.0053 Uy=0.4771]  vol[p=66.2706 Ux=3.4411 Uy=1.6074]
    val_geom_camber_cruise     loss=0.2212  surf[p=25.3746 Ux=0.2987 Uy=0.1904]  vol[p=29.4249 Ux=1.6752 Uy=0.5911]
    val_re_rand                loss=0.9607  surf[p=43.8992 Ux=0.6568 Uy=0.3308]  vol[p=47.0341 Ux=2.3811 Uy=1.0357]
Epoch  80 (96s) [32.9GB]  train[vol=0.2747 surf=0.1072]  val_avg_surf_p=43.2220 *
wandb: updating run metadata; uploading artifact model-mlintern-pai2-72h-v4-r1-r2-l1-ema-pw-6s245uer
wandb: uploading artifact model-mlintern-pai2-72h-v4-r1-r2-l1-ema-pw-6s245uer
wandb: 
wandb: Run history:
wandb:        epoch_time_s ▄▇▇▁█▆▇█▅▄▇▅▅▃▅▇▃▄▆▆▄▅█▆▅▅▁▁▅▇▃▂▃▃▄▇▃▄▄▅
wandb:         global_step ▁▁▂▂▂▃▃▃▃▃▃▃▃▄▄▄▄▅▅▅▅▅▅▅▆▆▆▆▆▆▆▆▆▆▆▇▇▇██
wandb:                  lr ██████▇▇▇▇▇▇▆▆▆▅▅▅▅▅▄▄▄▄▄▃▃▃▃▂▂▂▂▁▁▁▁▁▁▁
wandb:          train/loss ▇▆▂█▄▃█▃▃▂▅▃▂▂▂▃▄▂▂▂▂▂▂▂▂▂▂▂▃▃▂▂▂▂▃▂▃▁▁▁
wandb:     train/surf_loss █▅▄▄▄▃▃▃▃▃▃▃▂▂▂▂▂▂▂▂▂▂▁▂▁▁▁▁▁▁▁▁▁▁▁▁▁▁▁▁
wandb:      train/vol_loss █▆▅▄▃▃▂▂▂▂▂▂▂▂▂▂▂▂▂▁▁▁▁▁▁▁▁▁▁▁▁▁▁▁▁▁▁▁▁▁
wandb:            val/loss █▆▅▄▃▂▂▂▂▂▁▁▁▁▁▁▁▁▁▁▁▁▁▁▁▁▁▁▁▁▁▁▁▁▁▁▁▁▁▁
wandb: val_avg/mae_surf_Ux █▆▄▃▂▂▁▁▁▁▁▁▁▁▁▁▁▁▁▁▁▁▁▁▁▁▁▁▁▁▁▁▁▁▁▁▁▁▁▁
wandb: val_avg/mae_surf_Uy █▆▅▄▃▃▂▂▂▂▂▂▂▂▂▂▁▁▁▁▁▁▁▁▁▁▁▁▁▁▁▁▁▁▁▁▁▁▁▁
wandb:  val_avg/mae_surf_p █▇▄▃▃▃▃▃▂▂▂▂▂▂▂▂▂▂▁▁▁▁▁▁▁▁▁▁▁▁▁▁▁▁▁▁▁▁▁▁
wandb:                 +39 ...
wandb: 
wandb: Run summary:
wandb:              best_epoch 80
wandb: best_val_avg/mae_surf_p 43.22204
wandb:            epoch_time_s 95.8345
wandb:             global_step 30000
wandb:                      lr 0
wandb:     total_train_minutes 129.38975
wandb:              train/loss 1.57897
wandb:         train/surf_loss 0.10717
wandb:          train/vol_loss 0.27465
wandb:                val/loss 1.05674
wandb:                     +42 ...
wandb: 
wandb: 🚀 View run mlintern-pai2-72h-v4-r1/r2-l1-ema-pw at: https://wandb.ai/wandb-applied-ai-team/senpai-v1-ml-intern/runs/6s245uer
wandb: ⭐️ View project at: https://wandb.ai/wandb-applied-ai-team/senpai-v1-ml-intern
wandb: Synced 7 W&B file(s), 0 media file(s), 3 artifact file(s) and 0 other file(s)
wandb: Find logs at: ./wandb/run-20260430_123432-6s245uer/logs
    val_single_in_dist         loss=1.8762  surf[p=46.3443 Ux=0.5227 Uy=0.2975]  vol[p=58.4390 Ux=2.6195 Uy=1.0209]
    val_geom_camber_rc         loss=1.1683  surf[p=57.2910 Ux=1.0050 Uy=0.4771]  vol[p=66.2868 Ux=3.4405 Uy=1.6071]
    val_geom_camber_cruise     loss=0.2214  surf[p=25.3651 Ux=0.2979 Uy=0.1903]  vol[p=29.4116 Ux=1.6742 Uy=0.5911]
    val_re_rand                loss=0.9612  surf[p=43.8877 Ux=0.6564 Uy=0.3307]  vol[p=47.0155 Ux=2.3808 Uy=1.0358]

Training done in 129.4 min

Best val: epoch 80, val_avg/mae_surf_p = 43.2220

Logged model artifact 'model-mlintern-pai2-72h-v4-r1-r2-l1-ema-pw-6s245uer' (aliases: best, epoch-80)
