wandb: [wandb.login()] Loaded credentials for https://api.wandb.ai from WANDB_API_KEY.
wandb: W&B API key is configured. Use `wandb login --relogin` to force relogin
wandb: Tracking run with wandb version 0.26.1
wandb: Run data is saved locally in /workspace/ml-intern-benchmark/target/wandb/run-20260430_123433-yhrbscz0
wandb: Run `wandb offline` to turn off syncing.
wandb: Syncing run mlintern-pai2-72h-v4-r1/r2-l1-ema-noise
wandb: ⭐️ View project at https://wandb.ai/wandb-applied-ai-team/senpai-v1-ml-intern
wandb: 🚀 View run at https://wandb.ai/wandb-applied-ai-team/senpai-v1-ml-intern/runs/yhrbscz0
Device: cuda
Train: 1499, val_single_in_dist: 100, val_geom_camber_rc: 100, val_geom_camber_cruise: 100, val_re_rand: 100
Model: Transolver (0.66M params)
EMA enabled: decay=0.999
Epoch   1 (97s) [33.0GB]  train[vol=1.2622 surf=0.7732]  val_avg_surf_p=329.9623 *
    val_single_in_dist         loss=45.9589  surf[p=457.8531 Ux=19.0173 Uy=2.2014]  vol[p=394.4512 Ux=17.7630 Uy=5.7289]
    val_geom_camber_rc         loss=25.8591  surf[p=382.8155 Ux=15.2559 Uy=2.6308]  vol[p=311.7385 Ux=12.4932 Uy=5.9889]
    val_geom_camber_cruise     loss=14.4976  surf[p=217.6219 Ux=17.5034 Uy=1.3101]  vol[p=199.2529 Ux=14.1675 Uy=3.3563]
    val_re_rand                loss=16.9348  surf[p=261.5588 Ux=15.6824 Uy=1.7446]  vol[p=219.1443 Ux=12.8259 Uy=4.2576]
Epoch   2 (96s) [33.0GB]  train[vol=0.9425 surf=0.5407]  val_avg_surf_p=294.7865 *
    val_single_in_dist         loss=35.3221  surf[p=411.0499 Ux=13.1253 Uy=1.8959]  vol[p=331.9993 Ux=14.5001 Uy=5.0168]
    val_geom_camber_rc         loss=18.9750  surf[p=330.4207 Ux=11.0624 Uy=2.2805]  vol[p=258.4467 Ux=11.2985 Uy=5.3300]
    val_geom_camber_cruise     loss=9.3457  surf[p=205.9715 Ux=11.8120 Uy=1.2347]  vol[p=172.9257 Ux=11.1874 Uy=3.1720]
    val_re_rand                loss=11.6813  surf[p=231.7041 Ux=10.9393 Uy=1.5579]  vol[p=185.7560 Ux=10.8542 Uy=3.8758]
Epoch   3 (96s) [33.0GB]  train[vol=0.8609 surf=0.4975]  val_avg_surf_p=260.6877 *
    val_single_in_dist         loss=28.1253  surf[p=367.4945 Ux=9.5396 Uy=1.6059]  vol[p=302.5516 Ux=11.7431 Uy=4.4036]
    val_geom_camber_rc         loss=14.2606  surf[p=287.9423 Ux=8.4282 Uy=1.9030]  vol[p=237.9826 Ux=10.2515 Uy=4.7775]
    val_geom_camber_cruise     loss=6.4588  surf[p=184.4743 Ux=8.3871 Uy=1.0708]  vol[p=150.5945 Ux=8.7896 Uy=2.7783]
    val_re_rand                loss=8.4757  surf[p=202.8398 Ux=8.0859 Uy=1.3274]  vol[p=167.3855 Ux=9.1696 Uy=3.4445]
Epoch   4 (96s) [33.0GB]  train[vol=0.7380 surf=0.4158]  val_avg_surf_p=227.6577 *
    val_single_in_dist         loss=22.4867  surf[p=322.6689 Ux=7.1456 Uy=1.3830]  vol[p=274.0496 Ux=9.7635 Uy=3.8612]
    val_geom_camber_rc         loss=10.9423  surf[p=251.0774 Ux=6.6234 Uy=1.6138]  vol[p=217.2606 Ux=9.1128 Uy=4.3053]
    val_geom_camber_cruise     loss=4.5452  surf[p=160.3974 Ux=6.0562 Uy=0.9091]  vol[p=130.5072 Ux=7.0436 Uy=2.3587]
    val_re_rand                loss=6.3229  surf[p=176.4870 Ux=6.1184 Uy=1.1377]  vol[p=150.0666 Ux=7.7610 Uy=3.0434]
Epoch   5 (98s) [33.0GB]  train[vol=0.7000 surf=0.4011]  val_avg_surf_p=198.8745 *
    val_single_in_dist         loss=17.9140  surf[p=277.9202 Ux=5.3706 Uy=1.1941]  vol[p=243.2261 Ux=8.2894 Uy=3.3970]
    val_geom_camber_rc         loss=8.6306  surf[p=222.0687 Ux=5.3508 Uy=1.4076]  vol[p=199.5400 Ux=8.2173 Uy=3.9226]
    val_geom_camber_cruise     loss=3.3276  surf[p=139.5173 Ux=4.4425 Uy=0.7812]  vol[p=116.5607 Ux=5.8836 Uy=2.0128]
    val_re_rand                loss=4.8872  surf[p=155.9917 Ux=4.7217 Uy=1.0036]  vol[p=136.8591 Ux=6.7529 Uy=2.7259]
Epoch   6 (97s) [33.0GB]  train[vol=0.6707 surf=0.3772]  val_avg_surf_p=174.9409 *
    val_single_in_dist         loss=14.7896  surf[p=242.0534 Ux=4.1468 Uy=1.0415]  vol[p=220.1463 Ux=7.2640 Uy=3.0570]
    val_geom_camber_rc         loss=7.0073  surf[p=196.7612 Ux=4.4611 Uy=1.2556]  vol[p=182.6250 Ux=7.5316 Uy=3.6206]
    val_geom_camber_cruise     loss=2.5219  surf[p=121.6344 Ux=3.3158 Uy=0.6800]  vol[p=104.8094 Ux=5.0602 Uy=1.7619]
    val_re_rand                loss=3.9306  surf[p=139.3144 Ux=3.7297 Uy=0.9042]  vol[p=125.4143 Ux=5.9905 Uy=2.4877]
Epoch   7 (97s) [33.0GB]  train[vol=0.6280 surf=0.3562]  val_avg_surf_p=155.9742 *
    val_single_in_dist         loss=12.6288  surf[p=213.3536 Ux=3.2159 Uy=0.9167]  vol[p=200.5176 Ux=6.4603 Uy=2.7915]
    val_geom_camber_rc         loss=5.8970  surf[p=176.1826 Ux=3.7604 Uy=1.1420]  vol[p=167.8476 Ux=6.9288 Uy=3.3878]
    val_geom_camber_cruise     loss=2.0001  surf[p=107.9521 Ux=2.5030 Uy=0.6046]  vol[p=95.6249 Ux=4.4597 Uy=1.5882]
    val_re_rand                loss=3.3110  surf[p=126.4084 Ux=3.0038 Uy=0.8308]  vol[p=116.5632 Ux=5.4131 Uy=2.3164]
Epoch   8 (97s) [33.0GB]  train[vol=0.6166 surf=0.3467]  val_avg_surf_p=141.8413 *
    val_single_in_dist         loss=11.2761  surf[p=194.1610 Ux=2.5850 Uy=0.8170]  vol[p=186.6354 Ux=5.9193 Uy=2.5906]
    val_geom_camber_rc         loss=5.1539  surf[p=158.9925 Ux=3.2473 Uy=1.0532]  vol[p=154.3336 Ux=6.4873 Uy=3.2152]
    val_geom_camber_cruise     loss=1.6728  surf[p=97.6607 Ux=1.9752 Uy=0.5446]  vol[p=88.4407 Ux=4.0897 Uy=1.4688]
    val_re_rand                loss=2.8980  surf[p=116.5513 Ux=2.4969 Uy=0.7684]  vol[p=109.5189 Ux=5.0171 Uy=2.1918]
Epoch   9 (98s) [33.0GB]  train[vol=0.5643 surf=0.3122]  val_avg_surf_p=130.0082 *
    val_single_in_dist         loss=9.9695  surf[p=177.2641 Ux=2.1204 Uy=0.7433]  vol[p=174.1411 Ux=5.5155 Uy=2.4273]
    val_geom_camber_rc         loss=4.6107  surf[p=144.8613 Ux=2.8302 Uy=0.9836]  vol[p=143.5921 Ux=6.0724 Uy=3.0787]
    val_geom_camber_cruise     loss=1.4259  surf[p=89.8232 Ux=1.5752 Uy=0.5039]  vol[p=82.9947 Ux=3.7549 Uy=1.3752]
    val_re_rand                loss=2.5813  surf[p=108.0840 Ux=2.1150 Uy=0.7218]  vol[p=103.6178 Ux=4.6719 Uy=2.0921]
Epoch  10 (95s) [33.0GB]  train[vol=0.5908 surf=0.3300]  val_avg_surf_p=120.0626 *
    val_single_in_dist         loss=8.9630  surf[p=161.7444 Ux=1.8076 Uy=0.6906]  vol[p=163.2760 Ux=5.1781 Uy=2.2977]
    val_geom_camber_rc         loss=4.2073  surf[p=133.2235 Ux=2.5323 Uy=0.9322]  vol[p=134.1219 Ux=5.7385 Uy=2.9696]
    val_geom_camber_cruise     loss=1.2682  surf[p=83.9098 Ux=1.2915 Uy=0.4796]  vol[p=78.8223 Ux=3.4966 Uy=1.3086]
    val_re_rand                loss=2.3662  surf[p=101.3728 Ux=1.8400 Uy=0.6895]  vol[p=98.8003 Ux=4.4026 Uy=2.0144]
Epoch  11 (97s) [33.0GB]  train[vol=0.5552 surf=0.3055]  val_avg_surf_p=112.2600 *
    val_single_in_dist         loss=7.9543  surf[p=148.1780 Ux=1.5554 Uy=0.6494]  vol[p=152.1789 Ux=4.9151 Uy=2.1888]
    val_geom_camber_rc         loss=3.9304  surf[p=124.7208 Ux=2.3033 Uy=0.8952]  vol[p=126.8901 Ux=5.5035 Uy=2.8823]
    val_geom_camber_cruise     loss=1.1576  surf[p=80.1714 Ux=1.0948 Uy=0.4603]  vol[p=75.6331 Ux=3.3199 Uy=1.2595]
    val_re_rand                loss=2.1974  surf[p=95.9698 Ux=1.6404 Uy=0.6625]  vol[p=94.9471 Ux=4.2249 Uy=1.9494]
Epoch  12 (96s) [33.0GB]  train[vol=0.5371 surf=0.2899]  val_avg_surf_p=105.0249 *
    val_single_in_dist         loss=7.1224  surf[p=135.7103 Ux=1.3878 Uy=0.6124]  vol[p=142.3636 Ux=4.7265 Uy=2.0970]
    val_geom_camber_rc         loss=3.6815  surf[p=116.2385 Ux=2.1412 Uy=0.8624]  vol[p=119.9449 Ux=5.3026 Uy=2.8090]
    val_geom_camber_cruise     loss=1.0722  surf[p=76.7578 Ux=0.9791 Uy=0.4447]  vol[p=72.4241 Ux=3.1717 Uy=1.2156]
    val_re_rand                loss=2.0694  surf[p=91.3928 Ux=1.5117 Uy=0.6390]  vol[p=91.5496 Ux=4.0745 Uy=1.8923]
Epoch  13 (97s) [33.0GB]  train[vol=0.5257 surf=0.2902]  val_avg_surf_p=99.7516 *
    val_single_in_dist         loss=6.4012  surf[p=126.7360 Ux=1.2923 Uy=0.5846]  vol[p=134.3180 Ux=4.5705 Uy=2.0303]
    val_geom_camber_rc         loss=3.5201  surf[p=111.1118 Ux=2.0165 Uy=0.8339]  vol[p=115.1198 Ux=5.1158 Uy=2.7433]
    val_geom_camber_cruise     loss=1.0048  surf[p=73.3847 Ux=0.8981 Uy=0.4310]  vol[p=69.1124 Ux=3.0437 Uy=1.1805]
    val_re_rand                loss=1.9684  surf[p=87.7739 Ux=1.4108 Uy=0.6181]  vol[p=88.3299 Ux=3.9245 Uy=1.8409]
Epoch  14 (97s) [33.0GB]  train[vol=0.4749 surf=0.2540]  val_avg_surf_p=94.9653 *
    val_single_in_dist         loss=5.8388  surf[p=118.1979 Ux=1.1730 Uy=0.5639]  vol[p=127.5288 Ux=4.4038 Uy=1.9653]
    val_geom_camber_rc         loss=3.3385  surf[p=106.5566 Ux=1.9197 Uy=0.8096]  vol[p=111.0595 Ux=4.9573 Uy=2.6831]
    val_geom_camber_cruise     loss=0.9433  surf[p=70.2281 Ux=0.8298 Uy=0.4165]  vol[p=66.0311 Ux=2.9285 Uy=1.1434]
    val_re_rand                loss=1.8928  surf[p=84.8784 Ux=1.3364 Uy=0.6002]  vol[p=85.5255 Ux=3.8072 Uy=1.7933]
Epoch  15 (96s) [33.0GB]  train[vol=0.5013 surf=0.2701]  val_avg_surf_p=91.2133 *
    val_single_in_dist         loss=5.3313  surf[p=111.5623 Ux=1.1003 Uy=0.5430]  vol[p=121.7223 Ux=4.2659 Uy=1.9007]
    val_geom_camber_rc         loss=3.1754  surf[p=103.6701 Ux=1.8552 Uy=0.7882]  vol[p=108.1257 Ux=4.8298 Uy=2.6211]
    val_geom_camber_cruise     loss=0.8920  surf[p=67.3865 Ux=0.7604 Uy=0.4028]  vol[p=63.5641 Ux=2.8362 Uy=1.1112]
    val_re_rand                loss=1.8105  surf[p=82.2342 Ux=1.2613 Uy=0.5816]  vol[p=82.9394 Ux=3.6975 Uy=1.7457]
Epoch  16 (97s) [33.0GB]  train[vol=0.4649 surf=0.2492]  val_avg_surf_p=88.2002 *
    val_single_in_dist         loss=5.0117  surf[p=106.8351 Ux=1.0457 Uy=0.5260]  vol[p=117.3510 Ux=4.1594 Uy=1.8474]
    val_geom_camber_rc         loss=3.0070  surf[p=100.7761 Ux=1.7868 Uy=0.7652]  vol[p=105.7118 Ux=4.6978 Uy=2.5571]
    val_geom_camber_cruise     loss=0.8480  surf[p=65.0329 Ux=0.7208 Uy=0.3917]  vol[p=61.1271 Ux=2.7565 Uy=1.0799]
    val_re_rand                loss=1.7624  surf[p=80.1567 Ux=1.2109 Uy=0.5667]  vol[p=80.8348 Ux=3.6052 Uy=1.7027]
Epoch  17 (97s) [33.0GB]  train[vol=0.4683 surf=0.2562]  val_avg_surf_p=85.3395 *
    val_single_in_dist         loss=4.6674  surf[p=102.4772 Ux=1.0097 Uy=0.5108]  vol[p=112.9851 Ux=4.0558 Uy=1.7856]
    val_geom_camber_rc         loss=2.8580  surf[p=98.2821 Ux=1.7181 Uy=0.7398]  vol[p=103.3220 Ux=4.5924 Uy=2.4888]
    val_geom_camber_cruise     loss=0.8056  surf[p=62.5110 Ux=0.6666 Uy=0.3797]  vol[p=58.7679 Ux=2.6723 Uy=1.0451]
    val_re_rand                loss=1.7135  surf[p=78.0877 Ux=1.1531 Uy=0.5499]  vol[p=78.7037 Ux=3.5191 Uy=1.6599]
Epoch  18 (97s) [33.0GB]  train[vol=0.4579 surf=0.2481]  val_avg_surf_p=82.5878 *
    val_single_in_dist         loss=4.3588  surf[p=98.7239 Ux=0.9745 Uy=0.4942]  vol[p=109.1635 Ux=3.9428 Uy=1.7332]
    val_geom_camber_rc         loss=2.6984  surf[p=95.3946 Ux=1.6810 Uy=0.7176]  vol[p=100.5745 Ux=4.4992 Uy=2.4261]
    val_geom_camber_cruise     loss=0.7677  surf[p=60.0486 Ux=0.6199 Uy=0.3682]  vol[p=56.5731 Ux=2.5841 Uy=1.0112]
    val_re_rand                loss=1.6573  surf[p=76.1840 Ux=1.1086 Uy=0.5344]  vol[p=76.8456 Ux=3.4184 Uy=1.6167]
Epoch  19 (97s) [33.0GB]  train[vol=0.4242 surf=0.2244]  val_avg_surf_p=80.0124 *
    val_single_in_dist         loss=4.0779  surf[p=95.0564 Ux=0.9469 Uy=0.4790]  vol[p=105.2935 Ux=3.8282 Uy=1.6770]
    val_geom_camber_rc         loss=2.6190  surf[p=92.9647 Ux=1.6276 Uy=0.6996]  vol[p=98.3414 Ux=4.4057 Uy=2.3680]
    val_geom_camber_cruise     loss=0.7262  surf[p=57.6125 Ux=0.5957 Uy=0.3566]  vol[p=54.3444 Ux=2.5042 Uy=0.9775]
    val_re_rand                loss=1.6116  surf[p=74.4161 Ux=1.0757 Uy=0.5210]  vol[p=75.0637 Ux=3.3337 Uy=1.5776]
Epoch  20 (98s) [33.0GB]  train[vol=0.4378 surf=0.2346]  val_avg_surf_p=77.9413 *
    val_single_in_dist         loss=3.9127  surf[p=92.4659 Ux=0.9115 Uy=0.4683]  vol[p=102.0658 Ux=3.7335 Uy=1.6248]
    val_geom_camber_rc         loss=2.5402  surf[p=91.0024 Ux=1.5805 Uy=0.6828]  vol[p=96.1451 Ux=4.3368 Uy=2.3109]
    val_geom_camber_cruise     loss=0.6922  surf[p=55.5564 Ux=0.5619 Uy=0.3451]  vol[p=52.1697 Ux=2.4316 Uy=0.9485]
    val_re_rand                loss=1.5645  surf[p=72.7406 Ux=1.0350 Uy=0.5073]  vol[p=73.1526 Ux=3.2529 Uy=1.5393]
Epoch  21 (97s) [33.0GB]  train[vol=0.4467 surf=0.2449]  val_avg_surf_p=75.8455 *
    val_single_in_dist         loss=3.7721  surf[p=90.0836 Ux=0.8878 Uy=0.4565]  vol[p=99.9457 Ux=3.6686 Uy=1.5815]
    val_geom_camber_rc         loss=2.4074  surf[p=88.4408 Ux=1.5310 Uy=0.6640]  vol[p=93.9690 Ux=4.2750 Uy=2.2547]
    val_geom_camber_cruise     loss=0.6610  surf[p=53.6084 Ux=0.5341 Uy=0.3364]  vol[p=50.3157 Ux=2.3674 Uy=0.9222]
    val_re_rand                loss=1.5207  surf[p=71.2493 Ux=0.9985 Uy=0.4950]  vol[p=71.4529 Ux=3.1861 Uy=1.5019]
Epoch  22 (97s) [33.0GB]  train[vol=0.4108 surf=0.2201]  val_avg_surf_p=74.0906 *
    val_single_in_dist         loss=3.5988  surf[p=87.4403 Ux=0.8580 Uy=0.4449]  vol[p=97.1367 Ux=3.6041 Uy=1.5380]
    val_geom_camber_rc         loss=2.2878  surf[p=86.8446 Ux=1.4990 Uy=0.6513]  vol[p=92.4814 Ux=4.2151 Uy=2.2087]
    val_geom_camber_cruise     loss=0.6369  surf[p=52.1864 Ux=0.5167 Uy=0.3271]  vol[p=48.8755 Ux=2.3204 Uy=0.8992]
    val_re_rand                loss=1.4909  surf[p=69.8911 Ux=0.9751 Uy=0.4818]  vol[p=69.9950 Ux=3.1270 Uy=1.4690]
Epoch  23 (96s) [33.0GB]  train[vol=0.4071 surf=0.2130]  val_avg_surf_p=72.3122 *
    val_single_in_dist         loss=3.3948  surf[p=84.6564 Ux=0.8291 Uy=0.4316]  vol[p=94.7347 Ux=3.5381 Uy=1.4985]
    val_geom_camber_rc         loss=2.2096  surf[p=84.7939 Ux=1.4544 Uy=0.6377]  vol[p=90.7514 Ux=4.1433 Uy=2.1572]
    val_geom_camber_cruise     loss=0.6204  surf[p=51.1437 Ux=0.5029 Uy=0.3197]  vol[p=47.5874 Ux=2.2777 Uy=0.8807]
    val_re_rand                loss=1.4657  surf[p=68.6549 Ux=0.9509 Uy=0.4718]  vol[p=68.6922 Ux=3.0770 Uy=1.4394]
Epoch  24 (97s) [33.0GB]  train[vol=0.4049 surf=0.2174]  val_avg_surf_p=70.5530 *
    val_single_in_dist         loss=3.1935  surf[p=81.2753 Ux=0.8118 Uy=0.4184]  vol[p=92.1507 Ux=3.4827 Uy=1.4597]
    val_geom_camber_rc         loss=2.1451  surf[p=83.8319 Ux=1.4290 Uy=0.6287]  vol[p=89.2799 Ux=4.0903 Uy=2.1124]
    val_geom_camber_cruise     loss=0.5972  surf[p=49.7039 Ux=0.5033 Uy=0.3106]  vol[p=46.1857 Ux=2.2310 Uy=0.8602]
    val_re_rand                loss=1.4473  surf[p=67.4010 Ux=0.9326 Uy=0.4617]  vol[p=67.4189 Ux=3.0205 Uy=1.4095]
Epoch  25 (96s) [33.0GB]  train[vol=0.3970 surf=0.2093]  val_avg_surf_p=68.8686 *
    val_single_in_dist         loss=3.0399  surf[p=78.7921 Ux=0.7859 Uy=0.4094]  vol[p=89.6837 Ux=3.4239 Uy=1.4243]
    val_geom_camber_rc         loss=2.1263  surf[p=82.2345 Ux=1.3905 Uy=0.6167]  vol[p=87.6814 Ux=4.0316 Uy=2.0645]
    val_geom_camber_cruise     loss=0.5744  surf[p=48.2263 Ux=0.4826 Uy=0.3025]  vol[p=44.6549 Ux=2.1786 Uy=0.8412]
    val_re_rand                loss=1.4167  surf[p=66.2213 Ux=0.9057 Uy=0.4539]  vol[p=66.0582 Ux=2.9696 Uy=1.3809]
Epoch  26 (96s) [33.0GB]  train[vol=0.3804 surf=0.2002]  val_avg_surf_p=67.3306 *
    val_single_in_dist         loss=2.9332  surf[p=76.5305 Ux=0.7595 Uy=0.4014]  vol[p=87.2045 Ux=3.3701 Uy=1.3926]
    val_geom_camber_rc         loss=2.0894  surf[p=80.8205 Ux=1.3627 Uy=0.6051]  vol[p=86.2345 Ux=3.9814 Uy=2.0211]
    val_geom_camber_cruise     loss=0.5548  surf[p=46.9277 Ux=0.4719 Uy=0.2950]  vol[p=43.4700 Ux=2.1384 Uy=0.8271]
    val_re_rand                loss=1.3880  surf[p=65.0439 Ux=0.8868 Uy=0.4456]  vol[p=64.8860 Ux=2.9262 Uy=1.3550]
Epoch  27 (98s) [33.0GB]  train[vol=0.3765 surf=0.1993]  val_avg_surf_p=65.8287 *
    val_single_in_dist         loss=2.8199  surf[p=74.5091 Ux=0.7357 Uy=0.3942]  vol[p=85.2236 Ux=3.3134 Uy=1.3636]
    val_geom_camber_rc         loss=1.9757  surf[p=79.2006 Ux=1.3386 Uy=0.5949]  vol[p=84.9858 Ux=3.9331 Uy=1.9849]
    val_geom_camber_cruise     loss=0.5344  surf[p=45.5920 Ux=0.4508 Uy=0.2891]  vol[p=42.3183 Ux=2.1055 Uy=0.8118]
    val_re_rand                loss=1.3740  surf[p=64.0132 Ux=0.8677 Uy=0.4388]  vol[p=64.0034 Ux=2.8857 Uy=1.3330]
Epoch  28 (97s) [33.0GB]  train[vol=0.3903 surf=0.2093]  val_avg_surf_p=64.3500 *
    val_single_in_dist         loss=2.6984  surf[p=72.4484 Ux=0.7257 Uy=0.3872]  vol[p=83.3037 Ux=3.2623 Uy=1.3397]
    val_geom_camber_rc         loss=1.8910  surf[p=78.0228 Ux=1.3225 Uy=0.5871]  vol[p=84.0608 Ux=3.8995 Uy=1.9554]
    val_geom_camber_cruise     loss=0.5113  surf[p=44.1255 Ux=0.4456 Uy=0.2820]  vol[p=41.1898 Ux=2.0717 Uy=0.7973]
    val_re_rand                loss=1.3434  surf[p=62.8031 Ux=0.8614 Uy=0.4317]  vol[p=62.9698 Ux=2.8523 Uy=1.3119]
Epoch  29 (97s) [33.0GB]  train[vol=0.3644 surf=0.1871]  val_avg_surf_p=63.0614 *
    val_single_in_dist         loss=2.5934  surf[p=70.6917 Ux=0.7067 Uy=0.3821]  vol[p=81.5332 Ux=3.2093 Uy=1.3156]
    val_geom_camber_rc         loss=1.8325  surf[p=76.5651 Ux=1.3030 Uy=0.5787]  vol[p=82.7226 Ux=3.8665 Uy=1.9263]
    val_geom_camber_cruise     loss=0.4940  surf[p=43.0937 Ux=0.4456 Uy=0.2758]  vol[p=40.3462 Ux=2.0538 Uy=0.7849]
    val_re_rand                loss=1.3246  surf[p=61.8953 Ux=0.8525 Uy=0.4253]  vol[p=62.0938 Ux=2.8206 Uy=1.2918]
Epoch  30 (97s) [33.0GB]  train[vol=0.3661 surf=0.1909]  val_avg_surf_p=62.1505 *
    val_single_in_dist         loss=2.5400  surf[p=69.6294 Ux=0.6941 Uy=0.3771]  vol[p=80.2042 Ux=3.1712 Uy=1.2930]
    val_geom_camber_rc         loss=1.7704  surf[p=75.5450 Ux=1.2852 Uy=0.5705]  vol[p=81.5195 Ux=3.8367 Uy=1.9022]
    val_geom_camber_cruise     loss=0.4794  surf[p=42.1920 Ux=0.4357 Uy=0.2699]  vol[p=39.6463 Ux=2.0345 Uy=0.7725]
    val_re_rand                loss=1.3231  surf[p=61.2357 Ux=0.8395 Uy=0.4199]  vol[p=61.2878 Ux=2.7935 Uy=1.2746]
Epoch  31 (95s) [33.0GB]  train[vol=0.3705 surf=0.1901]  val_avg_surf_p=60.7971 *
    val_single_in_dist         loss=2.4556  surf[p=67.6489 Ux=0.6839 Uy=0.3715]  vol[p=78.5372 Ux=3.1284 Uy=1.2722]
    val_geom_camber_rc         loss=1.7205  surf[p=74.2735 Ux=1.2723 Uy=0.5619]  vol[p=80.3560 Ux=3.8050 Uy=1.8761]
    val_geom_camber_cruise     loss=0.4571  surf[p=41.1011 Ux=0.4286 Uy=0.2637]  vol[p=38.9496 Ux=2.0136 Uy=0.7594]
    val_re_rand                loss=1.2980  surf[p=60.1647 Ux=0.8288 Uy=0.4150]  vol[p=60.3446 Ux=2.7660 Uy=1.2584]
Epoch  32 (97s) [33.0GB]  train[vol=0.3525 surf=0.1811]  val_avg_surf_p=59.5672 *
    val_single_in_dist         loss=2.3696  surf[p=65.7810 Ux=0.6663 Uy=0.3672]  vol[p=76.7731 Ux=3.0852 Uy=1.2529]
    val_geom_camber_rc         loss=1.6727  surf[p=73.0780 Ux=1.2549 Uy=0.5543]  vol[p=79.2467 Ux=3.7751 Uy=1.8593]
    val_geom_camber_cruise     loss=0.4372  surf[p=40.2703 Ux=0.4189 Uy=0.2593]  vol[p=38.3032 Ux=1.9913 Uy=0.7488]
    val_re_rand                loss=1.2694  surf[p=59.1393 Ux=0.8146 Uy=0.4097]  vol[p=59.5065 Ux=2.7350 Uy=1.2457]
Epoch  33 (97s) [33.0GB]  train[vol=0.3351 surf=0.1684]  val_avg_surf_p=58.6941 *
    val_single_in_dist         loss=2.3072  surf[p=64.9741 Ux=0.6571 Uy=0.3635]  vol[p=75.4314 Ux=3.0455 Uy=1.2354]
    val_geom_camber_rc         loss=1.6251  surf[p=72.0715 Ux=1.2417 Uy=0.5494]  vol[p=78.2969 Ux=3.7474 Uy=1.8422]
    val_geom_camber_cruise     loss=0.4181  surf[p=39.3572 Ux=0.4149 Uy=0.2550]  vol[p=37.6014 Ux=1.9734 Uy=0.7371]
    val_re_rand                loss=1.2508  surf[p=58.3735 Ux=0.8068 Uy=0.4049]  vol[p=58.8186 Ux=2.7112 Uy=1.2329]
Epoch  34 (97s) [33.0GB]  train[vol=0.3443 surf=0.1761]  val_avg_surf_p=57.7831 *
    val_single_in_dist         loss=2.2506  surf[p=64.0012 Ux=0.6465 Uy=0.3608]  vol[p=74.2881 Ux=3.0079 Uy=1.2231]
    val_geom_camber_rc         loss=1.5668  surf[p=70.8674 Ux=1.2261 Uy=0.5433]  vol[p=77.1665 Ux=3.7158 Uy=1.8231]
    val_geom_camber_cruise     loss=0.4008  surf[p=38.4809 Ux=0.4016 Uy=0.2500]  vol[p=36.9059 Ux=1.9485 Uy=0.7254]
    val_re_rand                loss=1.2493  surf[p=57.7827 Ux=0.7986 Uy=0.4017]  vol[p=58.2142 Ux=2.6895 Uy=1.2224]
Epoch  35 (96s) [33.0GB]  train[vol=0.3410 surf=0.1705]  val_avg_surf_p=56.8224 *
    val_single_in_dist         loss=2.2025  surf[p=62.5388 Ux=0.6360 Uy=0.3565]  vol[p=73.0703 Ux=2.9768 Uy=1.2073]
    val_geom_camber_rc         loss=1.5343  surf[p=69.6908 Ux=1.2120 Uy=0.5370]  vol[p=76.2599 Ux=3.6891 Uy=1.8022]
    val_geom_camber_cruise     loss=0.3885  surf[p=37.7106 Ux=0.3985 Uy=0.2453]  vol[p=36.3065 Ux=1.9306 Uy=0.7165]
    val_re_rand                loss=1.2350  surf[p=57.3493 Ux=0.7939 Uy=0.3982]  vol[p=57.6911 Ux=2.6727 Uy=1.2120]
Epoch  36 (98s) [33.0GB]  train[vol=0.3571 surf=0.1844]  val_avg_surf_p=56.1459 *
    val_single_in_dist         loss=2.1726  surf[p=61.7904 Ux=0.6300 Uy=0.3530]  vol[p=71.8573 Ux=2.9400 Uy=1.1911]
    val_geom_camber_rc         loss=1.5077  surf[p=68.8984 Ux=1.2028 Uy=0.5330]  vol[p=75.4977 Ux=3.6699 Uy=1.7886]
    val_geom_camber_cruise     loss=0.3727  surf[p=37.0714 Ux=0.3948 Uy=0.2419]  vol[p=35.8198 Ux=1.9171 Uy=0.7090]
    val_re_rand                loss=1.2229  surf[p=56.8234 Ux=0.7914 Uy=0.3937]  vol[p=57.1813 Ux=2.6574 Uy=1.2006]
Epoch  37 (98s) [33.0GB]  train[vol=0.3223 surf=0.1576]  val_avg_surf_p=55.3004 *
    val_single_in_dist         loss=2.1451  surf[p=60.7186 Ux=0.6205 Uy=0.3497]  vol[p=70.5458 Ux=2.9132 Uy=1.1772]
    val_geom_camber_rc         loss=1.4689  surf[p=68.1679 Ux=1.1930 Uy=0.5296]  vol[p=74.5536 Ux=3.6465 Uy=1.7772]
    val_geom_camber_cruise     loss=0.3571  surf[p=36.1953 Ux=0.3851 Uy=0.2373]  vol[p=35.2573 Ux=1.8944 Uy=0.7003]
    val_re_rand                loss=1.2162  surf[p=56.1197 Ux=0.7817 Uy=0.3886]  vol[p=56.5462 Ux=2.6380 Uy=1.1914]
Epoch  38 (97s) [33.0GB]  train[vol=0.3170 surf=0.1545]  val_avg_surf_p=54.4172 *
    val_single_in_dist         loss=2.0886  surf[p=59.3578 Ux=0.6115 Uy=0.3442]  vol[p=69.2406 Ux=2.8818 Uy=1.1616]
    val_geom_camber_rc         loss=1.4371  surf[p=67.4352 Ux=1.1817 Uy=0.5249]  vol[p=73.6076 Ux=3.6241 Uy=1.7636]
    val_geom_camber_cruise     loss=0.3406  surf[p=35.3497 Ux=0.3774 Uy=0.2331]  vol[p=34.7723 Ux=1.8718 Uy=0.6918]
    val_re_rand                loss=1.1981  surf[p=55.5260 Ux=0.7729 Uy=0.3839]  vol[p=56.0621 Ux=2.6170 Uy=1.1796]
Epoch  39 (96s) [33.0GB]  train[vol=0.3191 surf=0.1578]  val_avg_surf_p=53.7115 *
    val_single_in_dist         loss=2.0404  surf[p=58.4062 Ux=0.6051 Uy=0.3406]  vol[p=68.1925 Ux=2.8576 Uy=1.1502]
    val_geom_camber_rc         loss=1.4155  surf[p=66.8892 Ux=1.1700 Uy=0.5218]  vol[p=72.9928 Ux=3.6053 Uy=1.7529]
    val_geom_camber_cruise     loss=0.3292  surf[p=34.6613 Ux=0.3740 Uy=0.2294]  vol[p=34.3480 Ux=1.8522 Uy=0.6837]
    val_re_rand                loss=1.1862  surf[p=54.8893 Ux=0.7654 Uy=0.3791]  vol[p=55.5836 Ux=2.5997 Uy=1.1682]
Epoch  40 (98s) [33.0GB]  train[vol=0.3191 surf=0.1569]  val_avg_surf_p=52.9527 *
    val_single_in_dist         loss=2.0026  surf[p=57.4878 Ux=0.5973 Uy=0.3382]  vol[p=67.5937 Ux=2.8347 Uy=1.1400]
    val_geom_camber_rc         loss=1.4106  surf[p=66.1552 Ux=1.1606 Uy=0.5161]  vol[p=72.2247 Ux=3.5831 Uy=1.7389]
    val_geom_camber_cruise     loss=0.3195  surf[p=34.0593 Ux=0.3728 Uy=0.2270]  vol[p=33.9425 Ux=1.8400 Uy=0.6771]
    val_re_rand                loss=1.1579  surf[p=54.1085 Ux=0.7603 Uy=0.3753]  vol[p=55.0070 Ux=2.5824 Uy=1.1594]
Epoch  41 (98s) [33.0GB]  train[vol=0.3123 surf=0.1499]  val_avg_surf_p=52.4174 *
    val_single_in_dist         loss=1.9834  surf[p=57.1714 Ux=0.5947 Uy=0.3356]  vol[p=67.0292 Ux=2.8079 Uy=1.1312]
    val_geom_camber_rc         loss=1.3849  surf[p=65.5045 Ux=1.1518 Uy=0.5126]  vol[p=71.5430 Ux=3.5645 Uy=1.7277]
    val_geom_camber_cruise     loss=0.3091  surf[p=33.5306 Ux=0.3686 Uy=0.2245]  vol[p=33.5342 Ux=1.8287 Uy=0.6705]
    val_re_rand                loss=1.1373  surf[p=53.4631 Ux=0.7502 Uy=0.3710]  vol[p=54.4469 Ux=2.5633 Uy=1.1508]
Epoch  42 (97s) [33.0GB]  train[vol=0.3005 surf=0.1422]  val_avg_surf_p=51.7609 *
    val_single_in_dist         loss=1.9692  surf[p=56.2647 Ux=0.5882 Uy=0.3325]  vol[p=66.2627 Ux=2.7910 Uy=1.1212]
    val_geom_camber_rc         loss=1.3496  surf[p=65.1414 Ux=1.1461 Uy=0.5096]  vol[p=70.8870 Ux=3.5530 Uy=1.7203]
    val_geom_camber_cruise     loss=0.2994  surf[p=32.8386 Ux=0.3599 Uy=0.2216]  vol[p=33.0325 Ux=1.8103 Uy=0.6637]
    val_re_rand                loss=1.1209  surf[p=52.7987 Ux=0.7385 Uy=0.3667]  vol[p=53.7641 Ux=2.5447 Uy=1.1425]
Epoch  43 (98s) [33.0GB]  train[vol=0.3041 surf=0.1429]  val_avg_surf_p=51.0914 *
    val_single_in_dist         loss=1.9289  surf[p=55.5064 Ux=0.5800 Uy=0.3299]  vol[p=65.3608 Ux=2.7723 Uy=1.1137]
    val_geom_camber_rc         loss=1.3202  surf[p=64.2364 Ux=1.1395 Uy=0.5049]  vol[p=70.1362 Ux=3.5351 Uy=1.7073]
    val_geom_camber_cruise     loss=0.2946  surf[p=32.3512 Ux=0.3591 Uy=0.2193]  vol[p=32.7014 Ux=1.8008 Uy=0.6593]
    val_re_rand                loss=1.1050  surf[p=52.2716 Ux=0.7350 Uy=0.3628]  vol[p=53.3099 Ux=2.5349 Uy=1.1349]
Epoch  44 (98s) [33.0GB]  train[vol=0.3133 surf=0.1476]  val_avg_surf_p=50.4492 *
    val_single_in_dist         loss=1.9095  surf[p=54.7944 Ux=0.5734 Uy=0.3268]  vol[p=64.7589 Ux=2.7539 Uy=1.1036]
    val_geom_camber_rc         loss=1.2958  surf[p=63.3670 Ux=1.1277 Uy=0.5001]  vol[p=69.2061 Ux=3.5167 Uy=1.6942]
    val_geom_camber_cruise     loss=0.2856  surf[p=31.8155 Ux=0.3517 Uy=0.2173]  vol[p=32.4164 Ux=1.7835 Uy=0.6549]
    val_re_rand                loss=1.0911  surf[p=51.8198 Ux=0.7298 Uy=0.3600]  vol[p=52.9541 Ux=2.5217 Uy=1.1263]
Epoch  45 (97s) [33.0GB]  train[vol=0.3027 surf=0.1441]  val_avg_surf_p=49.9359 *
    val_single_in_dist         loss=1.8806  surf[p=54.1764 Ux=0.5671 Uy=0.3219]  vol[p=63.9940 Ux=2.7350 Uy=1.0929]
    val_geom_camber_rc         loss=1.2687  surf[p=62.8406 Ux=1.1185 Uy=0.4981]  vol[p=68.6567 Ux=3.5007 Uy=1.6862]
    val_geom_camber_cruise     loss=0.2767  surf[p=31.3547 Ux=0.3472 Uy=0.2150]  vol[p=32.1394 Ux=1.7749 Uy=0.6501]
    val_re_rand                loss=1.0799  surf[p=51.3717 Ux=0.7207 Uy=0.3568]  vol[p=52.5729 Ux=2.5074 Uy=1.1207]
Epoch  46 (97s) [33.0GB]  train[vol=0.2896 surf=0.1340]  val_avg_surf_p=49.2492 *
    val_single_in_dist         loss=1.8504  surf[p=53.1624 Ux=0.5618 Uy=0.3179]  vol[p=63.0508 Ux=2.7151 Uy=1.0831]
    val_geom_camber_rc         loss=1.2445  surf[p=62.0813 Ux=1.1138 Uy=0.4941]  vol[p=67.9963 Ux=3.4809 Uy=1.6728]
    val_geom_camber_cruise     loss=0.2689  surf[p=30.8314 Ux=0.3405 Uy=0.2125]  vol[p=31.8261 Ux=1.7612 Uy=0.6457]
    val_re_rand                loss=1.0706  surf[p=50.9217 Ux=0.7148 Uy=0.3531]  vol[p=52.2218 Ux=2.4924 Uy=1.1126]
Epoch  47 (98s) [33.0GB]  train[vol=0.2893 surf=0.1308]  val_avg_surf_p=48.7924 *
    val_single_in_dist         loss=1.8416  surf[p=52.5759 Ux=0.5540 Uy=0.3146]  vol[p=62.3768 Ux=2.6994 Uy=1.0748]
    val_geom_camber_rc         loss=1.2379  surf[p=61.7030 Ux=1.1037 Uy=0.4909]  vol[p=67.5441 Ux=3.4674 Uy=1.6622]
    val_geom_camber_cruise     loss=0.2631  surf[p=30.4693 Ux=0.3435 Uy=0.2103]  vol[p=31.5962 Ux=1.7559 Uy=0.6403]
    val_re_rand                loss=1.0542  surf[p=50.4215 Ux=0.7087 Uy=0.3498]  vol[p=51.8591 Ux=2.4764 Uy=1.1055]
Epoch  48 (98s) [33.0GB]  train[vol=0.2785 surf=0.1228]  val_avg_surf_p=48.3616 *
    val_single_in_dist         loss=1.8370  surf[p=52.2208 Ux=0.5498 Uy=0.3121]  vol[p=61.7275 Ux=2.6821 Uy=1.0667]
    val_geom_camber_rc         loss=1.2257  surf[p=61.2634 Ux=1.0964 Uy=0.4884]  vol[p=67.1154 Ux=3.4542 Uy=1.6535]
    val_geom_camber_cruise     loss=0.2577  surf[p=30.0633 Ux=0.3363 Uy=0.2083]  vol[p=31.3232 Ux=1.7377 Uy=0.6353]
    val_re_rand                loss=1.0391  surf[p=49.8991 Ux=0.7019 Uy=0.3472]  vol[p=51.4193 Ux=2.4625 Uy=1.0993]
Epoch  49 (96s) [33.0GB]  train[vol=0.2865 surf=0.1282]  val_avg_surf_p=48.0063 *
    val_single_in_dist         loss=1.8263  surf[p=52.2362 Ux=0.5461 Uy=0.3115]  vol[p=61.3497 Ux=2.6655 Uy=1.0601]
    val_geom_camber_rc         loss=1.2238  surf[p=60.9383 Ux=1.0890 Uy=0.4866]  vol[p=66.8726 Ux=3.4470 Uy=1.6451]
    val_geom_camber_cruise     loss=0.2522  surf[p=29.6526 Ux=0.3358 Uy=0.2064]  vol[p=31.1059 Ux=1.7258 Uy=0.6308]
    val_re_rand                loss=1.0083  surf[p=49.1979 Ux=0.6976 Uy=0.3437]  vol[p=50.8489 Ux=2.4498 Uy=1.0914]
Epoch  50 (97s) [33.0GB]  train[vol=0.2837 surf=0.1275]  val_avg_surf_p=47.8060 *
    val_single_in_dist         loss=1.8523  surf[p=52.3301 Ux=0.5457 Uy=0.3088]  vol[p=60.9697 Ux=2.6511 Uy=1.0505]
    val_geom_camber_rc         loss=1.2221  surf[p=60.7226 Ux=1.0852 Uy=0.4850]  vol[p=66.7064 Ux=3.4352 Uy=1.6371]
    val_geom_camber_cruise     loss=0.2497  surf[p=29.3104 Ux=0.3319 Uy=0.2044]  vol[p=30.9368 Ux=1.7116 Uy=0.6269]
    val_re_rand                loss=1.0033  surf[p=48.8610 Ux=0.6920 Uy=0.3417]  vol[p=50.4809 Ux=2.4342 Uy=1.0853]
Epoch  51 (96s) [33.0GB]  train[vol=0.2835 surf=0.1277]  val_avg_surf_p=47.4324 *
    val_single_in_dist         loss=1.8466  surf[p=51.6740 Ux=0.5426 Uy=0.3068]  vol[p=60.4669 Ux=2.6371 Uy=1.0417]
    val_geom_camber_rc         loss=1.2182  surf[p=60.2921 Ux=1.0776 Uy=0.4827]  vol[p=66.5726 Ux=3.4219 Uy=1.6266]
    val_geom_camber_cruise     loss=0.2463  surf[p=29.0832 Ux=0.3297 Uy=0.2027]  vol[p=30.7017 Ux=1.7043 Uy=0.6236]
    val_re_rand                loss=1.0015  surf[p=48.6804 Ux=0.6894 Uy=0.3405]  vol[p=50.2638 Ux=2.4247 Uy=1.0795]
Epoch  52 (97s) [33.0GB]  train[vol=0.2859 surf=0.1286]  val_avg_surf_p=47.1579 *
    val_single_in_dist         loss=1.8460  surf[p=51.1890 Ux=0.5414 Uy=0.3043]  vol[p=60.1168 Ux=2.6278 Uy=1.0352]
    val_geom_camber_rc         loss=1.2224  surf[p=60.1879 Ux=1.0734 Uy=0.4807]  vol[p=66.6605 Ux=3.4131 Uy=1.6191]
    val_geom_camber_cruise     loss=0.2415  surf[p=28.8031 Ux=0.3273 Uy=0.2009]  vol[p=30.5146 Ux=1.6953 Uy=0.6207]
    val_re_rand                loss=0.9916  surf[p=48.4515 Ux=0.6858 Uy=0.3388]  vol[p=50.0494 Ux=2.4162 Uy=1.0752]
Epoch  53 (97s) [33.0GB]  train[vol=0.2814 surf=0.1232]  val_avg_surf_p=46.7238 *
    val_single_in_dist         loss=1.8439  surf[p=50.6241 Ux=0.5342 Uy=0.3020]  vol[p=59.7171 Ux=2.6110 Uy=1.0302]
    val_geom_camber_rc         loss=1.1927  surf[p=59.6133 Ux=1.0662 Uy=0.4773]  vol[p=66.0312 Ux=3.3973 Uy=1.6100]
    val_geom_camber_cruise     loss=0.2380  surf[p=28.5520 Ux=0.3228 Uy=0.1996]  vol[p=30.3445 Ux=1.6869 Uy=0.6182]
    val_re_rand                loss=0.9850  surf[p=48.1059 Ux=0.6801 Uy=0.3371]  vol[p=49.7973 Ux=2.4055 Uy=1.0706]
Epoch  54 (98s) [33.0GB]  train[vol=0.2681 surf=0.1138]  val_avg_surf_p=46.2842 *
    val_single_in_dist         loss=1.8389  surf[p=50.1356 Ux=0.5295 Uy=0.3006]  vol[p=59.1475 Ux=2.5994 Uy=1.0246]
    val_geom_camber_rc         loss=1.1579  surf[p=58.9164 Ux=1.0622 Uy=0.4731]  vol[p=65.2833 Ux=3.3794 Uy=1.5990]
    val_geom_camber_cruise     loss=0.2341  surf[p=28.2960 Ux=0.3255 Uy=0.1982]  vol[p=30.1801 Ux=1.6850 Uy=0.6159]
    val_re_rand                loss=0.9841  surf[p=47.7888 Ux=0.6776 Uy=0.3354]  vol[p=49.5918 Ux=2.3971 Uy=1.0660]
Epoch  55 (98s) [33.0GB]  train[vol=0.2765 surf=0.1193]  val_avg_surf_p=45.8095 *
    val_single_in_dist         loss=1.8250  surf[p=49.5395 Ux=0.5249 Uy=0.2989]  vol[p=58.6304 Ux=2.5885 Uy=1.0177]
    val_geom_camber_rc         loss=1.1366  surf[p=58.4660 Ux=1.0542 Uy=0.4718]  vol[p=64.8985 Ux=3.3607 Uy=1.5924]
    val_geom_camber_cruise     loss=0.2293  surf[p=27.9569 Ux=0.3214 Uy=0.1969]  vol[p=29.9406 Ux=1.6741 Uy=0.6131]
    val_re_rand                loss=0.9678  surf[p=47.2757 Ux=0.6704 Uy=0.3336]  vol[p=49.1745 Ux=2.3845 Uy=1.0608]
Epoch  56 (98s) [33.0GB]  train[vol=0.2765 surf=0.1188]  val_avg_surf_p=45.3725 *
    val_single_in_dist         loss=1.8007  surf[p=48.9215 Ux=0.5205 Uy=0.2969]  vol[p=58.0738 Ux=2.5765 Uy=1.0121]
    val_geom_camber_rc         loss=1.1244  surf[p=58.0605 Ux=1.0479 Uy=0.4695]  vol[p=64.4779 Ux=3.3500 Uy=1.5842]
    val_geom_camber_cruise     loss=0.2259  surf[p=27.6906 Ux=0.3181 Uy=0.1957]  vol[p=29.7504 Ux=1.6665 Uy=0.6101]
    val_re_rand                loss=0.9533  surf[p=46.8175 Ux=0.6639 Uy=0.3320]  vol[p=48.8333 Ux=2.3746 Uy=1.0552]
Epoch  57 (98s) [33.0GB]  train[vol=0.2681 surf=0.1156]  val_avg_surf_p=45.0303 *
    val_single_in_dist         loss=1.7685  surf[p=48.1714 Ux=0.5170 Uy=0.2949]  vol[p=57.4713 Ux=2.5637 Uy=1.0066]
    val_geom_camber_rc         loss=1.1295  surf[p=57.9166 Ux=1.0430 Uy=0.4680]  vol[p=64.2790 Ux=3.3454 Uy=1.5786]
    val_geom_camber_cruise     loss=0.2231  surf[p=27.5212 Ux=0.3138 Uy=0.1947]  vol[p=29.6553 Ux=1.6569 Uy=0.6080]
    val_re_rand                loss=0.9339  surf[p=46.5119 Ux=0.6578 Uy=0.3299]  vol[p=48.5615 Ux=2.3628 Uy=1.0492]
Epoch  58 (97s) [33.0GB]  train[vol=0.2690 surf=0.1140]  val_avg_surf_p=44.7438 *
    val_single_in_dist         loss=1.7711  surf[p=48.0390 Ux=0.5172 Uy=0.2936]  vol[p=57.3008 Ux=2.5543 Uy=1.0020]
    val_geom_camber_rc         loss=1.1165  surf[p=57.4351 Ux=1.0375 Uy=0.4664]  vol[p=63.8252 Ux=3.3332 Uy=1.5713]
    val_geom_camber_cruise     loss=0.2204  surf[p=27.2615 Ux=0.3105 Uy=0.1932]  vol[p=29.4892 Ux=1.6503 Uy=0.6046]
    val_re_rand                loss=0.9265  surf[p=46.2394 Ux=0.6548 Uy=0.3283]  vol[p=48.2484 Ux=2.3557 Uy=1.0445]
Epoch  59 (97s) [33.0GB]  train[vol=0.2492 surf=0.1020]  val_avg_surf_p=44.4037 *
    val_single_in_dist         loss=1.7530  surf[p=47.6096 Ux=0.5151 Uy=0.2916]  vol[p=56.9240 Ux=2.5419 Uy=0.9959]
    val_geom_camber_rc         loss=1.1228  surf[p=57.1010 Ux=1.0348 Uy=0.4652]  vol[p=63.6857 Ux=3.3270 Uy=1.5659]
    val_geom_camber_cruise     loss=0.2175  surf[p=27.0337 Ux=0.3098 Uy=0.1920]  vol[p=29.3546 Ux=1.6447 Uy=0.6018]
    val_re_rand                loss=0.9130  surf[p=45.8703 Ux=0.6530 Uy=0.3265]  vol[p=47.9584 Ux=2.3492 Uy=1.0395]
Epoch  60 (98s) [33.0GB]  train[vol=0.2651 surf=0.1122]  val_avg_surf_p=44.1123 *
    val_single_in_dist         loss=1.7420  surf[p=47.1367 Ux=0.5093 Uy=0.2890]  vol[p=56.3951 Ux=2.5319 Uy=0.9909]
    val_geom_camber_rc         loss=1.1139  surf[p=56.8775 Ux=1.0304 Uy=0.4636]  vol[p=63.6324 Ux=3.3204 Uy=1.5601]
    val_geom_camber_cruise     loss=0.2146  surf[p=26.8498 Ux=0.3075 Uy=0.1915]  vol[p=29.2093 Ux=1.6399 Uy=0.5985]
    val_re_rand                loss=0.9064  surf[p=45.5853 Ux=0.6491 Uy=0.3251]  vol[p=47.6539 Ux=2.3417 Uy=1.0345]
Epoch  61 (96s) [33.0GB]  train[vol=0.2628 surf=0.1093]  val_avg_surf_p=43.9952 *
    val_single_in_dist         loss=1.7413  surf[p=47.0757 Ux=0.5058 Uy=0.2876]  vol[p=56.2348 Ux=2.5248 Uy=0.9865]
    val_geom_camber_rc         loss=1.1141  surf[p=56.7858 Ux=1.0243 Uy=0.4627]  vol[p=63.3345 Ux=3.3125 Uy=1.5558]
    val_geom_camber_cruise     loss=0.2114  surf[p=26.6962 Ux=0.3037 Uy=0.1905]  vol[p=29.0669 Ux=1.6340 Uy=0.5962]
    val_re_rand                loss=0.9025  surf[p=45.4229 Ux=0.6463 Uy=0.3238]  vol[p=47.4490 Ux=2.3333 Uy=1.0307]
Epoch  62 (96s) [33.0GB]  train[vol=0.2677 surf=0.1111]  val_avg_surf_p=43.8107 *
    val_single_in_dist         loss=1.7416  surf[p=46.6823 Ux=0.5018 Uy=0.2859]  vol[p=55.9353 Ux=2.5154 Uy=0.9822]
    val_geom_camber_rc         loss=1.1067  surf[p=56.6764 Ux=1.0197 Uy=0.4619]  vol[p=63.2407 Ux=3.3050 Uy=1.5503]
    val_geom_camber_cruise     loss=0.2092  surf[p=26.5371 Ux=0.3008 Uy=0.1895]  vol[p=28.9624 Ux=1.6280 Uy=0.5944]
    val_re_rand                loss=0.9041  surf[p=45.3472 Ux=0.6436 Uy=0.3228]  vol[p=47.3459 Ux=2.3253 Uy=1.0276]
Epoch  63 (98s) [33.0GB]  train[vol=0.2508 surf=0.1013]  val_avg_surf_p=43.5970 *
    val_single_in_dist         loss=1.7363  surf[p=46.3425 Ux=0.4965 Uy=0.2849]  vol[p=55.6594 Ux=2.5071 Uy=0.9781]
    val_geom_camber_rc         loss=1.1002  surf[p=56.5909 Ux=1.0156 Uy=0.4608]  vol[p=63.0621 Ux=3.2958 Uy=1.5445]
    val_geom_camber_cruise     loss=0.2074  surf[p=26.3546 Ux=0.2996 Uy=0.1888]  vol[p=28.8216 Ux=1.6208 Uy=0.5925]
    val_re_rand                loss=0.8977  surf[p=45.1000 Ux=0.6401 Uy=0.3212]  vol[p=47.1085 Ux=2.3175 Uy=1.0234]
Epoch  64 (98s) [33.0GB]  train[vol=0.2508 surf=0.1008]  val_avg_surf_p=43.3663 *
    val_single_in_dist         loss=1.7469  surf[p=46.0839 Ux=0.4940 Uy=0.2838]  vol[p=55.4065 Ux=2.5001 Uy=0.9744]
    val_geom_camber_rc         loss=1.1085  surf[p=56.3730 Ux=1.0120 Uy=0.4597]  vol[p=62.8619 Ux=3.2902 Uy=1.5413]
    val_geom_camber_cruise     loss=0.2056  surf[p=26.1179 Ux=0.2968 Uy=0.1878]  vol[p=28.7258 Ux=1.6151 Uy=0.5913]
    val_re_rand                loss=0.8943  surf[p=44.8901 Ux=0.6372 Uy=0.3202]  vol[p=46.9940 Ux=2.3118 Uy=1.0215]
Epoch  65 (96s) [33.0GB]  train[vol=0.2579 surf=0.1031]  val_avg_surf_p=43.1876 *
    val_single_in_dist         loss=1.7515  surf[p=45.9079 Ux=0.4928 Uy=0.2832]  vol[p=55.2924 Ux=2.4946 Uy=0.9707]
    val_geom_camber_rc         loss=1.1082  surf[p=56.1415 Ux=1.0082 Uy=0.4586]  vol[p=62.6553 Ux=3.2829 Uy=1.5384]
    val_geom_camber_cruise     loss=0.2028  surf[p=25.8872 Ux=0.2946 Uy=0.1870]  vol[p=28.6367 Ux=1.6099 Uy=0.5895]
    val_re_rand                loss=0.8957  surf[p=44.8139 Ux=0.6354 Uy=0.3197]  vol[p=46.9370 Ux=2.3066 Uy=1.0205]
Epoch  66 (97s) [33.0GB]  train[vol=0.2548 surf=0.1038]  val_avg_surf_p=42.9913 *
    val_single_in_dist         loss=1.7433  surf[p=45.5841 Ux=0.4906 Uy=0.2820]  vol[p=55.1218 Ux=2.4883 Uy=0.9681]
    val_geom_camber_rc         loss=1.1051  surf[p=55.9485 Ux=1.0047 Uy=0.4574]  vol[p=62.3735 Ux=3.2788 Uy=1.5348]
    val_geom_camber_cruise     loss=0.2009  surf[p=25.7317 Ux=0.2938 Uy=0.1861]  vol[p=28.5586 Ux=1.6062 Uy=0.5874]
    val_re_rand                loss=0.8947  surf[p=44.7009 Ux=0.6316 Uy=0.3189]  vol[p=46.7908 Ux=2.3014 Uy=1.0182]
Epoch  67 (96s) [33.0GB]  train[vol=0.2551 surf=0.1033]  val_avg_surf_p=42.8233 *
    val_single_in_dist         loss=1.7523  surf[p=45.5033 Ux=0.4888 Uy=0.2824]  vol[p=55.0498 Ux=2.4833 Uy=0.9655]
    val_geom_camber_rc         loss=1.1027  surf[p=55.7053 Ux=1.0022 Uy=0.4560]  vol[p=62.1238 Ux=3.2773 Uy=1.5316]
    val_geom_camber_cruise     loss=0.1997  surf[p=25.6044 Ux=0.2941 Uy=0.1854]  vol[p=28.4603 Ux=1.6041 Uy=0.5863]
    val_re_rand                loss=0.8931  surf[p=44.4801 Ux=0.6294 Uy=0.3177]  vol[p=46.6098 Ux=2.2976 Uy=1.0157]
Epoch  68 (98s) [33.0GB]  train[vol=0.2604 surf=0.1053]  val_avg_surf_p=42.6285 *
    val_single_in_dist         loss=1.7464  surf[p=45.2742 Ux=0.4865 Uy=0.2819]  vol[p=54.8777 Ux=2.4802 Uy=0.9634]
    val_geom_camber_rc         loss=1.1023  surf[p=55.5195 Ux=1.0000 Uy=0.4550]  vol[p=61.9858 Ux=3.2727 Uy=1.5280]
    val_geom_camber_cruise     loss=0.1976  surf[p=25.4311 Ux=0.2928 Uy=0.1847]  vol[p=28.3710 Ux=1.5999 Uy=0.5852]
    val_re_rand                loss=0.8882  surf[p=44.2890 Ux=0.6268 Uy=0.3167]  vol[p=46.4443 Ux=2.2946 Uy=1.0137]
Epoch  69 (97s) [33.0GB]  train[vol=0.2486 surf=0.0993]  val_avg_surf_p=42.5195 *
    val_single_in_dist         loss=1.7432  surf[p=45.2602 Ux=0.4855 Uy=0.2813]  vol[p=54.7334 Ux=2.4762 Uy=0.9603]
    val_geom_camber_rc         loss=1.0987  surf[p=55.3060 Ux=0.9988 Uy=0.4542]  vol[p=61.8320 Ux=3.2685 Uy=1.5257]
    val_geom_camber_cruise     loss=0.1972  surf[p=25.3659 Ux=0.2905 Uy=0.1841]  vol[p=28.2934 Ux=1.5945 Uy=0.5842]
    val_re_rand                loss=0.8868  surf[p=44.1461 Ux=0.6249 Uy=0.3165]  vol[p=46.3672 Ux=2.2913 Uy=1.0120]
Epoch  70 (97s) [33.0GB]  train[vol=0.2609 surf=0.1043]  val_avg_surf_p=42.3818 *
    val_single_in_dist         loss=1.7333  surf[p=45.0760 Ux=0.4847 Uy=0.2806]  vol[p=54.5934 Ux=2.4715 Uy=0.9581]
    val_geom_camber_rc         loss=1.0962  surf[p=55.1434 Ux=0.9974 Uy=0.4540]  vol[p=61.6529 Ux=3.2644 Uy=1.5232]
    val_geom_camber_cruise     loss=0.1969  surf[p=25.3174 Ux=0.2902 Uy=0.1839]  vol[p=28.2729 Ux=1.5933 Uy=0.5831]
    val_re_rand                loss=0.8846  surf[p=43.9902 Ux=0.6236 Uy=0.3159]  vol[p=46.2682 Ux=2.2885 Uy=1.0101]
Epoch  71 (98s) [33.0GB]  train[vol=0.2389 surf=0.0905]  val_avg_surf_p=42.2180 *
    val_single_in_dist         loss=1.7256  surf[p=44.7713 Ux=0.4823 Uy=0.2794]  vol[p=54.4049 Ux=2.4681 Uy=0.9554]
    val_geom_camber_rc         loss=1.0906  surf[p=54.9736 Ux=0.9944 Uy=0.4536]  vol[p=61.5828 Ux=3.2601 Uy=1.5215]
    val_geom_camber_cruise     loss=0.1960  surf[p=25.1994 Ux=0.2876 Uy=0.1835]  vol[p=28.2360 Ux=1.5920 Uy=0.5824]
    val_re_rand                loss=0.8841  surf[p=43.9278 Ux=0.6223 Uy=0.3154]  vol[p=46.2336 Ux=2.2868 Uy=1.0090]
Epoch  72 (97s) [33.0GB]  train[vol=0.2460 surf=0.0957]  val_avg_surf_p=42.0895 *
    val_single_in_dist         loss=1.7225  surf[p=44.6219 Ux=0.4812 Uy=0.2785]  vol[p=54.2794 Ux=2.4645 Uy=0.9532]
    val_geom_camber_rc         loss=1.0789  surf[p=54.7755 Ux=0.9927 Uy=0.4530]  vol[p=61.3956 Ux=3.2574 Uy=1.5190]
    val_geom_camber_cruise     loss=0.1949  surf[p=25.1467 Ux=0.2883 Uy=0.1831]  vol[p=28.2339 Ux=1.5923 Uy=0.5819]
    val_re_rand                loss=0.8815  surf[p=43.8139 Ux=0.6204 Uy=0.3147]  vol[p=46.1326 Ux=2.2837 Uy=1.0073]
Epoch  73 (98s) [33.0GB]  train[vol=0.2539 surf=0.1027]  val_avg_surf_p=42.0178 *
    val_single_in_dist         loss=1.7110  surf[p=44.4842 Ux=0.4794 Uy=0.2782]  vol[p=54.1941 Ux=2.4602 Uy=0.9517]
    val_geom_camber_rc         loss=1.0744  surf[p=54.7787 Ux=0.9916 Uy=0.4529]  vol[p=61.3523 Ux=3.2571 Uy=1.5181]
    val_geom_camber_cruise     loss=0.1936  surf[p=25.0241 Ux=0.2875 Uy=0.1827]  vol[p=28.1904 Ux=1.5904 Uy=0.5814]
    val_re_rand                loss=0.8796  surf[p=43.7844 Ux=0.6191 Uy=0.3142]  vol[p=46.0607 Ux=2.2815 Uy=1.0062]
Epoch  74 (96s) [33.0GB]  train[vol=0.2494 surf=0.0950]  val_avg_surf_p=41.9822 *
    val_single_in_dist         loss=1.7042  surf[p=44.3693 Ux=0.4793 Uy=0.2779]  vol[p=54.1280 Ux=2.4569 Uy=0.9504]
    val_geom_camber_rc         loss=1.0786  surf[p=54.7589 Ux=0.9904 Uy=0.4526]  vol[p=61.3612 Ux=3.2546 Uy=1.5171]
    val_geom_camber_cruise     loss=0.1928  surf[p=24.9820 Ux=0.2868 Uy=0.1824]  vol[p=28.1788 Ux=1.5884 Uy=0.5809]
    val_re_rand                loss=0.8803  surf[p=43.8188 Ux=0.6190 Uy=0.3140]  vol[p=46.0403 Ux=2.2801 Uy=1.0058]
Epoch  75 (98s) [33.0GB]  train[vol=0.2505 surf=0.0970]  val_avg_surf_p=41.9110 *
    val_single_in_dist         loss=1.7009  surf[p=44.2418 Ux=0.4784 Uy=0.2778]  vol[p=54.0891 Ux=2.4542 Uy=0.9493]
    val_geom_camber_rc         loss=1.0791  surf[p=54.6914 Ux=0.9891 Uy=0.4524]  vol[p=61.3200 Ux=3.2518 Uy=1.5170]
    val_geom_camber_cruise     loss=0.1921  surf[p=24.9229 Ux=0.2862 Uy=0.1823]  vol[p=28.1435 Ux=1.5870 Uy=0.5804]
    val_re_rand                loss=0.8792  surf[p=43.7881 Ux=0.6185 Uy=0.3138]  vol[p=45.9982 Ux=2.2783 Uy=1.0050]
Epoch  76 (99s) [33.0GB]  train[vol=0.2391 surf=0.0896]  val_avg_surf_p=41.8603 *
    val_single_in_dist         loss=1.6968  surf[p=44.1841 Ux=0.4780 Uy=0.2777]  vol[p=54.0852 Ux=2.4525 Uy=0.9487]
    val_geom_camber_rc         loss=1.0792  surf[p=54.6485 Ux=0.9878 Uy=0.4521]  vol[p=61.2813 Ux=3.2512 Uy=1.5163]
    val_geom_camber_cruise     loss=0.1919  surf[p=24.8922 Ux=0.2855 Uy=0.1821]  vol[p=28.1348 Ux=1.5863 Uy=0.5802]
    val_re_rand                loss=0.8774  surf[p=43.7162 Ux=0.6174 Uy=0.3134]  vol[p=45.9557 Ux=2.2764 Uy=1.0043]
Epoch  77 (97s) [33.0GB]  train[vol=0.2489 surf=0.0949]  val_avg_surf_p=41.8246 *
    val_single_in_dist         loss=1.6948  surf[p=44.1176 Ux=0.4775 Uy=0.2774]  vol[p=54.1185 Ux=2.4528 Uy=0.9487]
    val_geom_camber_rc         loss=1.0789  surf[p=54.6278 Ux=0.9867 Uy=0.4519]  vol[p=61.2947 Ux=3.2494 Uy=1.5158]
    val_geom_camber_cruise     loss=0.1913  surf[p=24.8534 Ux=0.2849 Uy=0.1819]  vol[p=28.1139 Ux=1.5856 Uy=0.5798]
    val_re_rand                loss=0.8765  surf[p=43.6997 Ux=0.6169 Uy=0.3132]  vol[p=45.9317 Ux=2.2747 Uy=1.0038]
Epoch  78 (98s) [33.0GB]  train[vol=0.2560 surf=0.1011]  val_avg_surf_p=41.7768 *
    val_single_in_dist         loss=1.6956  surf[p=44.0854 Ux=0.4775 Uy=0.2771]  vol[p=54.0681 Ux=2.4519 Uy=0.9480]
    val_geom_camber_rc         loss=1.0753  surf[p=54.5413 Ux=0.9860 Uy=0.4518]  vol[p=61.2499 Ux=3.2475 Uy=1.5157]
    val_geom_camber_cruise     loss=0.1913  surf[p=24.8243 Ux=0.2842 Uy=0.1818]  vol[p=28.0827 Ux=1.5836 Uy=0.5793]
    val_re_rand                loss=0.8750  surf[p=43.6560 Ux=0.6161 Uy=0.3131]  vol[p=45.9000 Ux=2.2735 Uy=1.0034]
Epoch  79 (97s) [33.0GB]  train[vol=0.2380 surf=0.0903]  val_avg_surf_p=41.7408 *
    val_single_in_dist         loss=1.6989  surf[p=44.0902 Ux=0.4772 Uy=0.2768]  vol[p=54.0385 Ux=2.4510 Uy=0.9478]
    val_geom_camber_rc         loss=1.0722  surf[p=54.4614 Ux=0.9853 Uy=0.4514]  vol[p=61.1992 Ux=3.2463 Uy=1.5149]
    val_geom_camber_cruise     loss=0.1914  surf[p=24.7977 Ux=0.2839 Uy=0.1817]  vol[p=28.0642 Ux=1.5819 Uy=0.5791]
    val_re_rand                loss=0.8738  surf[p=43.6140 Ux=0.6157 Uy=0.3129]  vol[p=45.8824 Ux=2.2729 Uy=1.0032]
Epoch  80 (97s) [33.0GB]  train[vol=0.2508 surf=0.0956]  val_avg_surf_p=41.7257 *
wandb: updating run metadata; uploading artifact model-mlintern-pai2-72h-v4-r1-r2-l1-ema-noise-yhrbscz0
wandb: uploading artifact model-mlintern-pai2-72h-v4-r1-r2-l1-ema-noise-yhrbscz0
wandb: 
wandb: Run history:
wandb:        epoch_time_s ▅▂▆▅▄▆▃▁▅▅▃▆▅▂▄▆▆▄▂▃▆▄▆▆▄▅▇▇▆▄▃▃▇▃▆▇▅█▇▅
wandb:         global_step ▁▁▁▂▂▂▂▂▃▃▃▃▄▄▄▄▄▄▄▄▅▅▅▅▅▆▆▆▆▆▆▆▆▆▆▇▇▇▇█
wandb:                  lr ██████▇▇▇▇▇▆▆▆▆▅▅▅▅▄▄▄▄▃▃▃▃▃▃▃▂▂▂▂▂▁▁▁▁▁
wandb:          train/loss ▃▅█▇▄▆▆▅▂▆▃▂▄▂▂▅▃▂▃▂▂▂▃▁▂▂▂▁▂▁▂▂▁▂▁▂▂▂▁▁
wandb:     train/surf_loss ██▆▆▆▅▅▄▅▄▄▄▃▃▃▃▃▃▂▂▂▂▂▂▂▂▁▁▁▁▁▁▁▁▁▁▁▁▁▁
wandb:      train/vol_loss █▆▄▄▄▃▃▃▃▃▂▂▂▂▂▂▂▂▂▂▂▂▁▁▁▁▁▁▁▁▁▁▁▁▁▁▁▁▁▁
wandb:            val/loss █▆▅▄▃▂▂▂▂▂▂▂▁▁▁▁▁▁▁▁▁▁▁▁▁▁▁▁▁▁▁▁▁▁▁▁▁▁▁▁
wandb: val_avg/mae_surf_Ux █▅▃▂▂▁▁▁▁▁▁▁▁▁▁▁▁▁▁▁▁▁▁▁▁▁▁▁▁▁▁▁▁▁▁▁▁▁▁▁
wandb: val_avg/mae_surf_Uy █▇▆▅▄▃▂▂▂▂▂▂▂▂▁▁▁▁▁▁▁▁▁▁▁▁▁▁▁▁▁▁▁▁▁▁▁▁▁▁
wandb:  val_avg/mae_surf_p █▅▄▄▃▃▂▂▂▂▂▂▂▂▂▂▁▁▁▁▁▁▁▁▁▁▁▁▁▁▁▁▁▁▁▁▁▁▁▁
wandb:                 +39 ...
wandb: 
wandb: Run summary:
wandb:              best_epoch 80
wandb: best_val_avg/mae_surf_p 41.72566
wandb:            epoch_time_s 97.13706
wandb:             global_step 30000
wandb:                      lr 0
wandb:     total_train_minutes 129.40698
wandb:              train/loss 0.393
wandb:         train/surf_loss 0.09557
wandb:          train/vol_loss 0.25076
wandb:                val/loss 0.95936
wandb:                     +42 ...
wandb: 
wandb: 🚀 View run mlintern-pai2-72h-v4-r1/r2-l1-ema-noise at: https://wandb.ai/wandb-applied-ai-team/senpai-v1-ml-intern/runs/yhrbscz0
wandb: ⭐️ View project at: https://wandb.ai/wandb-applied-ai-team/senpai-v1-ml-intern
wandb: Synced 7 W&B file(s), 0 media file(s), 3 artifact file(s) and 0 other file(s)
wandb: Find logs at: ./wandb/run-20260430_123433-yhrbscz0/logs
    val_single_in_dist         loss=1.7021  surf[p=44.0727 Ux=0.4771 Uy=0.2767]  vol[p=53.9947 Ux=2.4505 Uy=0.9475]
    val_geom_camber_rc         loss=1.0712  surf[p=54.4479 Ux=0.9851 Uy=0.4513]  vol[p=61.1978 Ux=3.2457 Uy=1.5146]
    val_geom_camber_cruise     loss=0.1913  surf[p=24.7866 Ux=0.2840 Uy=0.1816]  vol[p=28.0645 Ux=1.5810 Uy=0.5791]
    val_re_rand                loss=0.8728  surf[p=43.5956 Ux=0.6155 Uy=0.3129]  vol[p=45.8693 Ux=2.2722 Uy=1.0031]

Training done in 129.4 min

Best val: epoch 80, val_avg/mae_surf_p = 41.7257

Logged model artifact 'model-mlintern-pai2-72h-v4-r1-r2-l1-ema-noise-yhrbscz0' (aliases: best, epoch-80)
