Device: cuda
Train: 1499, val_single_in_dist: 100, val_geom_camber_rc: 100, val_geom_camber_cruise: 100, val_re_rand: 100
Model: Transolver (0.70M params)
RFF: num_freq=32, sigma1=1.0, sigma2=5.0, space_dim=130 (+22 fun_dim = 152 total input)
    val_single_in_dist         loss=2.3584  surf[p=375.3497 Ux=3.2917 Uy=1.4357]  vol[p=334.1674 Ux=9.8940 Uy=5.1067]
    val_geom_camber_rc         loss=2.7556  surf[p=288.7455 Ux=4.0908 Uy=1.6033]  vol[p=245.2206 Ux=9.5604 Uy=5.1214]
    val_geom_camber_cruise     loss=2.4207  surf[p=192.0518 Ux=2.4842 Uy=1.0034]  vol[p=167.9976 Ux=6.4947 Uy=3.2114]
    val_re_rand                loss=2.5322  surf[p=210.2874 Ux=3.0834 Uy=1.1880]  vol[p=183.5202 Ux=7.5835 Uy=3.8297]
    val_single_in_dist         loss=1.6941  surf[p=264.6830 Ux=2.2176 Uy=1.0912]  vol[p=252.7065 Ux=7.5995 Uy=4.2668]
    val_geom_camber_rc         loss=2.0986  surf[p=204.4078 Ux=3.1330 Uy=1.2220]  vol[p=184.6136 Ux=8.6288 Uy=4.4696]
    val_geom_camber_cruise     loss=1.6587  surf[p=123.2450 Ux=1.5008 Uy=0.7833]  vol[p=120.7622 Ux=4.6569 Uy=2.7358]
    val_re_rand                loss=1.8978  surf[p=150.1858 Ux=2.1552 Uy=0.9526]  vol[p=144.1009 Ux=6.3031 Uy=3.3327]
    val_single_in_dist         loss=1.4535  surf[p=223.2940 Ux=2.0016 Uy=0.9109]  vol[p=215.2911 Ux=6.5722 Uy=3.6225]
    val_geom_camber_rc         loss=1.8525  surf[p=176.1596 Ux=2.8717 Uy=1.0599]  vol[p=162.9577 Ux=7.7171 Uy=4.0183]
    val_geom_camber_cruise     loss=1.3808  surf[p=102.3998 Ux=1.3335 Uy=0.6267]  vol[p=100.9851 Ux=4.3728 Uy=2.2170]
    val_re_rand                loss=1.6521  surf[p=130.1464 Ux=1.9227 Uy=0.8125]  vol[p=125.0920 Ux=5.6228 Uy=2.9047]
    val_single_in_dist         loss=1.2902  surf[p=202.9578 Ux=1.6477 Uy=0.8160]  vol[p=200.3266 Ux=5.9879 Uy=3.1487]
    val_geom_camber_rc         loss=1.6671  surf[p=158.3100 Ux=2.4894 Uy=0.9615]  vol[p=150.8882 Ux=6.6956 Uy=3.5866]
    val_geom_camber_cruise     loss=1.2885  surf[p=91.1845 Ux=1.3451 Uy=0.5447]  vol[p=92.5751 Ux=4.2464 Uy=1.8811]
    val_re_rand                loss=1.5109  surf[p=119.4427 Ux=1.7478 Uy=0.7394]  vol[p=116.7245 Ux=5.1433 Uy=2.5678]
    val_single_in_dist         loss=1.1615  surf[p=179.0070 Ux=1.4566 Uy=0.7351]  vol[p=187.3752 Ux=5.4909 Uy=2.8835]
    val_geom_camber_rc         loss=1.5109  surf[p=137.2414 Ux=2.2489 Uy=0.8996]  vol[p=137.9318 Ux=5.9554 Uy=3.4016]
    val_geom_camber_cruise     loss=1.1318  surf[p=81.6090 Ux=1.0921 Uy=0.5085]  vol[p=86.9150 Ux=3.7800 Uy=1.6822]
    val_re_rand                loss=1.3797  surf[p=108.9612 Ux=1.5570 Uy=0.6977]  vol[p=109.7539 Ux=4.6109 Uy=2.3687]
    val_single_in_dist         loss=1.0601  surf[p=163.7235 Ux=1.3779 Uy=0.6931]  vol[p=177.6006 Ux=5.3002 Uy=2.6340]
    val_geom_camber_rc         loss=1.4224  surf[p=131.1484 Ux=2.1001 Uy=0.8771]  vol[p=135.2848 Ux=5.6249 Uy=3.2041]
    val_geom_camber_cruise     loss=1.0636  surf[p=77.1488 Ux=1.0096 Uy=0.4788]  vol[p=83.5003 Ux=3.5637 Uy=1.5339]
    val_re_rand                loss=1.2847  surf[p=102.0536 Ux=1.4340 Uy=0.6576]  vol[p=104.0604 Ux=4.3185 Uy=2.1970]
    val_single_in_dist         loss=0.9834  surf[p=146.5170 Ux=1.2240 Uy=0.6586]  vol[p=163.1051 Ux=4.8756 Uy=2.4211]
    val_geom_camber_rc         loss=1.3170  surf[p=115.9508 Ux=1.8569 Uy=0.8161]  vol[p=121.6218 Ux=5.2414 Uy=3.0048]
    val_geom_camber_cruise     loss=0.9759  surf[p=71.5202 Ux=0.8474 Uy=0.4584]  vol[p=77.2358 Ux=3.2420 Uy=1.4145]
    val_re_rand                loss=1.1914  surf[p=93.4152 Ux=1.2795 Uy=0.6191]  vol[p=96.0126 Ux=4.0069 Uy=2.0454]
    val_single_in_dist         loss=0.9252  surf[p=137.4165 Ux=1.1755 Uy=0.6187]  vol[p=154.7529 Ux=4.6988 Uy=2.2596]
    val_geom_camber_rc         loss=1.3248  surf[p=122.7557 Ux=1.8744 Uy=0.8261]  vol[p=125.3629 Ux=5.0996 Uy=2.8902]
    val_geom_camber_cruise     loss=0.9170  surf[p=67.0009 Ux=0.8082 Uy=0.4316]  vol[p=72.9113 Ux=3.1673 Uy=1.3410]
    val_re_rand                loss=1.1465  surf[p=90.5536 Ux=1.2532 Uy=0.6005]  vol[p=93.1454 Ux=3.8756 Uy=1.9631]
    val_single_in_dist         loss=0.8547  surf[p=128.5898 Ux=1.0606 Uy=0.5894]  vol[p=146.3835 Ux=4.4669 Uy=2.1461]
    val_geom_camber_rc         loss=1.2464  surf[p=111.1991 Ux=1.7428 Uy=0.7778]  vol[p=117.8161 Ux=4.9517 Uy=2.7554]
    val_geom_camber_cruise     loss=0.8645  surf[p=62.1236 Ux=0.7623 Uy=0.4026]  vol[p=68.7373 Ux=3.0540 Uy=1.2596]
    val_re_rand                loss=1.1066  surf[p=86.7497 Ux=1.1907 Uy=0.5800]  vol[p=90.0955 Ux=3.7751 Uy=1.8785]
    val_single_in_dist         loss=0.7984  surf[p=116.3969 Ux=0.9952 Uy=0.5509]  vol[p=136.8832 Ux=4.2696 Uy=2.0086]
    val_geom_camber_rc         loss=1.1854  surf[p=102.4352 Ux=1.6231 Uy=0.7524]  vol[p=111.6959 Ux=4.7234 Uy=2.6384]
    val_geom_camber_cruise     loss=0.7977  surf[p=58.1682 Ux=0.6361 Uy=0.3827]  vol[p=65.0088 Ux=2.8432 Uy=1.2013]
    val_re_rand                loss=1.0461  surf[p=81.0730 Ux=1.1105 Uy=0.5616]  vol[p=86.1185 Ux=3.6103 Uy=1.8031]
    val_single_in_dist         loss=0.7319  surf[p=105.0214 Ux=0.9122 Uy=0.5157]  vol[p=123.5884 Ux=4.0508 Uy=1.8964]
    val_geom_camber_rc         loss=1.1391  surf[p=97.5732 Ux=1.5430 Uy=0.7244]  vol[p=107.9341 Ux=4.5688 Uy=2.5337]
    val_geom_camber_cruise     loss=0.7531  surf[p=55.1135 Ux=0.5907 Uy=0.3603]  vol[p=61.6034 Ux=2.7342 Uy=1.1373]
    val_re_rand                loss=1.0006  surf[p=77.3766 Ux=1.0482 Uy=0.5386]  vol[p=82.0230 Ux=3.4854 Uy=1.7336]
    val_single_in_dist         loss=0.6912  surf[p=98.8219 Ux=0.8608 Uy=0.4897]  vol[p=118.7333 Ux=3.9470 Uy=1.8315]
    val_geom_camber_rc         loss=1.1129  surf[p=95.9179 Ux=1.5417 Uy=0.7186]  vol[p=106.9149 Ux=4.4721 Uy=2.4672]
    val_geom_camber_cruise     loss=0.7168  surf[p=52.4502 Ux=0.5554 Uy=0.3447]  vol[p=58.3117 Ux=2.6698 Uy=1.1018]
    val_re_rand                loss=0.9621  surf[p=74.1965 Ux=1.0182 Uy=0.5251]  vol[p=78.8795 Ux=3.3924 Uy=1.6849]
    val_single_in_dist         loss=0.6488  surf[p=89.4285 Ux=0.8249 Uy=0.4604]  vol[p=110.4378 Ux=3.8653 Uy=1.7735]
    val_geom_camber_rc         loss=1.0802  surf[p=90.1283 Ux=1.4793 Uy=0.7035]  vol[p=102.0675 Ux=4.4001 Uy=2.4200]
    val_geom_camber_cruise     loss=0.6920  surf[p=50.8216 Ux=0.5095 Uy=0.3370]  vol[p=56.8542 Ux=2.6124 Uy=1.0768]
    val_re_rand                loss=0.9383  surf[p=71.9116 Ux=0.9710 Uy=0.5149]  vol[p=76.8552 Ux=3.3455 Uy=1.6502]
Training done in 31.7 min
Best val: epoch 13, val_avg/mae_surf_p = 75.5725
Evaluating on held-out test splits...
  TEST  avg_surf_p=nan
    test_single_in_dist        loss=0.6448  surf[p=83.6854 Ux=0.8142 Uy=0.4413]  vol[p=102.0072 Ux=3.4820 Uy=1.6989]
    test_geom_camber_rc        loss=1.0142  surf[p=80.1544 Ux=1.3914 Uy=0.6451]  vol[p=88.7426 Ux=4.1935 Uy=2.2475]
    test_geom_camber_cruise    loss=nan  surf[p=nan Ux=0.4775 Uy=0.3031]  vol[p=nan Ux=2.4273 Uy=0.9899]
    test_re_rand               loss=0.8359  surf[p=64.6095 Ux=0.8121 Uy=0.4621]  vol[p=72.0730 Ux=3.1358 Uy=1.5290]
Re-evaluating test splits with NaN-sample-skipped workaround...
  CLEAN avg_surf_p=67.9791
    test_single_in_dist        loss=2.5602  surf[p=83.6854 Ux=0.8142 Uy=0.4413]  vol[p=102.0072 Ux=3.4820 Uy=1.6989]
    test_geom_camber_rc        loss=3.0267  surf[p=80.1544 Ux=1.3914 Uy=0.6451]  vol[p=88.7426 Ux=4.1935 Uy=2.2475]
    test_geom_camber_cruise    loss=1.4546  surf[p=43.4670 Ux=0.4775 Uy=0.3031]  vol[p=49.2117 Ux=2.4273 Uy=0.9899]
    test_re_rand               loss=2.2276  surf[p=64.6095 Ux=0.8121 Uy=0.4621]  vol[p=72.0730 Ux=3.1358 Uy=1.5290]
