wandb: [wandb.login()] Loaded credentials for https://api.wandb.ai from WANDB_API_KEY.
wandb: W&B API key is configured. Use `wandb login --relogin` to force relogin
wandb: Tracking run with wandb version 0.26.1
wandb: Run data is saved locally in /workspace/ml-intern-benchmark/target/wandb/run-20260430_141440-0ixmmgv1
wandb: Run `wandb offline` to turn off syncing.
wandb: Syncing run mlintern-pai2-72h-v4-r1/r3-l1-onecycle-ema-150
wandb: ⭐️ View project at https://wandb.ai/wandb-applied-ai-team/senpai-v1-ml-intern
wandb: 🚀 View run at https://wandb.ai/wandb-applied-ai-team/senpai-v1-ml-intern/runs/0ixmmgv1
Device: cuda
Train: 1499, val_single_in_dist: 100, val_geom_camber_rc: 100, val_geom_camber_cruise: 100, val_re_rand: 100
Model: Transolver (0.66M params)
EMA enabled: decay=0.999
Epoch   1 (98s) [32.9GB]  train[vol=1.3869 surf=1.0442]  val_avg_surf_p=366.2212 *
    val_single_in_dist         loss=51.6552  surf[p=504.5510 Ux=21.9970 Uy=2.3558]  vol[p=471.3219 Ux=20.2568 Uy=5.9845]
    val_geom_camber_rc         loss=30.4640  surf[p=438.8671 Ux=17.9356 Uy=2.8557]  vol[p=388.4550 Ux=13.9082 Uy=6.3680]
    val_geom_camber_cruise     loss=16.8917  surf[p=227.8062 Ux=20.1121 Uy=1.4072]  vol[p=209.7890 Ux=16.5968 Uy=3.4378]
    val_re_rand                loss=20.1642  surf[p=293.6607 Ux=18.2499 Uy=1.9190]  vol[p=260.3392 Ux=14.6643 Uy=4.4621]
Epoch   2 (98s) [32.9GB]  train[vol=0.9991 surf=0.6280]  val_avg_surf_p=336.3194 *
    val_single_in_dist         loss=42.7724  surf[p=468.0197 Ux=15.2097 Uy=2.0334]  vol[p=396.7056 Ux=15.7682 Uy=5.5115]
    val_geom_camber_rc         loss=25.6468  surf[p=399.7522 Ux=13.8903 Uy=2.5422]  vol[p=301.0600 Ux=11.5128 Uy=5.8223]
    val_geom_camber_cruise     loss=11.5108  surf[p=210.5730 Ux=14.0549 Uy=1.3468]  vol[p=183.2349 Ux=12.1786 Uy=3.2640]
    val_re_rand                loss=15.3968  surf[p=266.9328 Ux=13.1496 Uy=1.7301]  vol[p=209.1295 Ux=11.2237 Uy=4.1350]
Epoch   3 (98s) [32.9GB]  train[vol=0.9479 surf=0.5827]  val_avg_surf_p=288.5132 *
    val_single_in_dist         loss=32.4372  surf[p=403.8505 Ux=9.5913 Uy=1.6693]  vol[p=332.9412 Ux=12.0811 Uy=4.8649]
    val_geom_camber_rc         loss=17.8585  surf[p=329.3669 Ux=9.3687 Uy=2.0572]  vol[p=247.1559 Ux=9.7941 Uy=5.1550]
    val_geom_camber_cruise     loss=7.1628  surf[p=193.6952 Ux=8.6640 Uy=1.1953]  vol[p=154.3824 Ux=8.7678 Uy=2.9236]
    val_re_rand                loss=10.2377  surf[p=227.1403 Ux=8.4711 Uy=1.4479]  vol[p=175.0302 Ux=8.7731 Uy=3.6719]
Epoch   4 (96s) [32.9GB]  train[vol=0.8974 surf=0.5421]  val_avg_surf_p=255.1945 *
    val_single_in_dist         loss=26.7277  surf[p=360.8479 Ux=7.1588 Uy=1.4290]  vol[p=300.0480 Ux=9.8544 Uy=4.2690]
    val_geom_camber_rc         loss=13.6434  surf[p=285.8100 Ux=7.1781 Uy=1.7298]  vol[p=229.4368 Ux=8.7553 Uy=4.6685]
    val_geom_camber_cruise     loss=5.2361  surf[p=174.7794 Ux=6.5217 Uy=1.0056]  vol[p=134.2365 Ux=7.3491 Uy=2.5482]
    val_re_rand                loss=7.7243  surf[p=199.3404 Ux=6.5609 Uy=1.2263]  vol[p=158.5131 Ux=7.6898 Uy=3.2901]
Epoch   5 (98s) [32.9GB]  train[vol=0.8242 surf=0.4953]  val_avg_surf_p=229.8817 *
    val_single_in_dist         loss=23.3849  surf[p=332.0288 Ux=5.8599 Uy=1.2678]  vol[p=270.8701 Ux=8.5776 Uy=3.8010]
    val_geom_camber_rc         loss=11.1047  surf[p=254.3956 Ux=5.9606 Uy=1.4880]  vol[p=207.1887 Ux=7.8505 Uy=4.2396]
    val_geom_camber_cruise     loss=4.0792  surf[p=155.2531 Ux=5.1770 Uy=0.8506]  vol[p=118.0000 Ux=6.3621 Uy=2.1990]
    val_re_rand                loss=6.2668  surf[p=177.8496 Ux=5.3866 Uy=1.0636]  vol[p=143.4453 Ux=6.8242 Uy=2.9553]
Epoch   6 (97s) [32.9GB]  train[vol=0.7750 surf=0.4695]  val_avg_surf_p=207.6879 *
    val_single_in_dist         loss=20.1157  surf[p=297.0820 Ux=4.8445 Uy=1.1430]  vol[p=235.6667 Ux=7.7188 Uy=3.4505]
    val_geom_camber_rc         loss=9.4944  surf[p=233.8027 Ux=5.2036 Uy=1.3618]  vol[p=191.2095 Ux=7.2347 Uy=3.9631]
    val_geom_camber_cruise     loss=3.2733  surf[p=138.2796 Ux=4.1563 Uy=0.7447]  vol[p=104.3572 Ux=5.5895 Uy=1.9493]
    val_re_rand                loss=5.2840  surf[p=161.5873 Ux=4.5170 Uy=0.9720]  vol[p=131.3633 Ux=6.1068 Uy=2.7268]
Epoch   7 (99s) [32.9GB]  train[vol=0.7507 surf=0.4493]  val_avg_surf_p=188.8908 *
    val_single_in_dist         loss=17.5751  surf[p=271.9645 Ux=4.1813 Uy=1.0485]  vol[p=219.9536 Ux=7.1694 Uy=3.1717]
    val_geom_camber_rc         loss=7.9807  surf[p=210.9599 Ux=4.6371 Uy=1.2652]  vol[p=177.4452 Ux=6.8074 Uy=3.7303]
    val_geom_camber_cruise     loss=2.7366  surf[p=125.0970 Ux=3.5930 Uy=0.6802]  vol[p=97.2441 Ux=5.2515 Uy=1.7871]
    val_re_rand                loss=4.4959  surf[p=147.5418 Ux=3.9641 Uy=0.9089]  vol[p=123.3405 Ux=5.7317 Uy=2.5500]
Epoch   8 (97s) [32.9GB]  train[vol=0.6883 surf=0.4134]  val_avg_surf_p=172.3898 *
    val_single_in_dist         loss=15.2633  surf[p=246.5436 Ux=3.7904 Uy=0.9555]  vol[p=206.8368 Ux=6.8201 Uy=2.9008]
    val_geom_camber_rc         loss=6.9017  surf[p=194.5162 Ux=4.2184 Uy=1.1812]  vol[p=167.8869 Ux=6.4881 Uy=3.5125]
    val_geom_camber_cruise     loss=2.2823  surf[p=112.7825 Ux=3.2380 Uy=0.6089]  vol[p=91.3638 Ux=4.9545 Uy=1.6277]
    val_re_rand                loss=3.8794  surf[p=135.7171 Ux=3.5864 Uy=0.8433]  vol[p=117.2620 Ux=5.4299 Uy=2.3739]
Epoch   9 (97s) [32.9GB]  train[vol=0.6344 surf=0.3736]  val_avg_surf_p=155.5699 *
    val_single_in_dist         loss=12.9322  surf[p=220.3555 Ux=3.3359 Uy=0.8745]  vol[p=192.4685 Ux=6.3814 Uy=2.6663]
    val_geom_camber_rc         loss=5.8089  surf[p=174.7049 Ux=3.7763 Uy=1.0934]  vol[p=154.3298 Ux=6.1645 Uy=3.3025]
    val_geom_camber_cruise     loss=1.9045  surf[p=102.7606 Ux=2.8756 Uy=0.5533]  vol[p=86.4824 Ux=4.6176 Uy=1.5010]
    val_re_rand                loss=3.3211  surf[p=124.4584 Ux=3.2082 Uy=0.7847]  vol[p=110.5220 Ux=5.1415 Uy=2.2219]
Epoch  10 (97s) [32.9GB]  train[vol=0.6275 surf=0.3701]  val_avg_surf_p=139.3159 *
    val_single_in_dist         loss=10.9902  surf[p=191.5658 Ux=2.8496 Uy=0.7897]  vol[p=177.2156 Ux=5.9099 Uy=2.4657]
    val_geom_camber_rc         loss=4.9931  surf[p=156.8856 Ux=3.3092 Uy=1.0296]  vol[p=143.6773 Ux=5.8312 Uy=3.1258]
    val_geom_camber_cruise     loss=1.6094  surf[p=94.2897 Ux=2.4598 Uy=0.5097]  vol[p=81.8373 Ux=4.2754 Uy=1.3960]
    val_re_rand                loss=2.8946  surf[p=114.5224 Ux=2.8035 Uy=0.7356]  vol[p=104.7129 Ux=4.8481 Uy=2.0914]
Epoch  11 (97s) [32.9GB]  train[vol=0.5983 surf=0.3489]  val_avg_surf_p=126.7024 *
    val_single_in_dist         loss=9.2674  surf[p=169.7661 Ux=2.4588 Uy=0.7187]  vol[p=163.8463 Ux=5.4998 Uy=2.2872]
    val_geom_camber_rc         loss=4.3851  surf[p=143.7545 Ux=2.9246 Uy=0.9632]  vol[p=135.6129 Ux=5.5541 Uy=2.9551]
    val_geom_camber_cruise     loss=1.3556  surf[p=87.1952 Ux=2.0160 Uy=0.4741]  vol[p=76.8009 Ux=3.9028 Uy=1.3073]
    val_re_rand                loss=2.5467  surf[p=106.0940 Ux=2.4103 Uy=0.6874]  vol[p=99.0064 Ux=4.5271 Uy=1.9689]
Epoch  12 (96s) [32.9GB]  train[vol=0.5486 surf=0.3141]  val_avg_surf_p=114.5177 *
    val_single_in_dist         loss=7.8179  surf[p=149.9439 Ux=2.1225 Uy=0.6598]  vol[p=149.4459 Ux=5.0971 Uy=2.1293]
    val_geom_camber_rc         loss=3.8086  surf[p=129.6709 Ux=2.5874 Uy=0.8921]  vol[p=126.9671 Ux=5.2495 Uy=2.7879]
    val_geom_camber_cruise     loss=1.1512  surf[p=80.1168 Ux=1.6520 Uy=0.4477]  vol[p=71.6293 Ux=3.5725 Uy=1.2305]
    val_re_rand                loss=2.2724  surf[p=98.3391 Ux=2.0796 Uy=0.6453]  vol[p=93.4308 Ux=4.2326 Uy=1.8627]
Epoch  13 (96s) [32.9GB]  train[vol=0.5176 surf=0.2927]  val_avg_surf_p=104.2006 *
    val_single_in_dist         loss=6.5194  surf[p=132.1899 Ux=1.8148 Uy=0.6074]  vol[p=135.3461 Ux=4.7163 Uy=1.9820]
    val_geom_camber_rc         loss=3.3776  surf[p=118.9469 Ux=2.3249 Uy=0.8357]  vol[p=119.2548 Ux=4.9707 Uy=2.6381]
    val_geom_camber_cruise     loss=0.9910  surf[p=73.7163 Ux=1.3598 Uy=0.4229]  vol[p=66.6189 Ux=3.3042 Uy=1.1694]
    val_re_rand                loss=2.0511  surf[p=91.9495 Ux=1.8153 Uy=0.6081]  vol[p=88.3602 Ux=3.9865 Uy=1.7753]
Epoch  14 (97s) [32.9GB]  train[vol=0.5034 surf=0.2890]  val_avg_surf_p=96.9632 *
    val_single_in_dist         loss=5.7061  surf[p=120.3171 Ux=1.6259 Uy=0.5698]  vol[p=124.1839 Ux=4.4184 Uy=1.8613]
    val_geom_camber_rc         loss=3.0819  surf[p=111.6373 Ux=2.1707 Uy=0.7965]  vol[p=113.5571 Ux=4.7746 Uy=2.5293]
    val_geom_camber_cruise     loss=0.8782  surf[p=68.3236 Ux=1.1519 Uy=0.4003]  vol[p=62.4588 Ux=3.0581 Uy=1.1131]
    val_re_rand                loss=1.9221  surf[p=87.5749 Ux=1.6630 Uy=0.5797]  vol[p=84.4405 Ux=3.7904 Uy=1.7025]
Epoch  15 (97s) [32.9GB]  train[vol=0.4933 surf=0.2781]  val_avg_surf_p=90.4472 *
    val_single_in_dist         loss=4.9957  surf[p=109.7993 Ux=1.5097 Uy=0.5327]  vol[p=114.2228 Ux=4.1971 Uy=1.7581]
    val_geom_camber_rc         loss=2.8492  surf[p=105.0081 Ux=2.0869 Uy=0.7569]  vol[p=108.2549 Ux=4.6165 Uy=2.4409]
    val_geom_camber_cruise     loss=0.7986  surf[p=63.6788 Ux=1.0734 Uy=0.3786]  vol[p=58.9330 Ux=2.9051 Uy=1.0580]
    val_re_rand                loss=1.8078  surf[p=83.3026 Ux=1.5912 Uy=0.5531]  vol[p=80.7743 Ux=3.6397 Uy=1.6392]
Epoch  16 (97s) [32.9GB]  train[vol=0.4577 surf=0.2553]  val_avg_surf_p=85.0113 *
    val_single_in_dist         loss=4.4063  surf[p=101.4252 Ux=1.3654 Uy=0.5059]  vol[p=106.2271 Ux=4.0091 Uy=1.6704]
    val_geom_camber_rc         loss=2.6879  surf[p=99.7554 Ux=1.9656 Uy=0.7281]  vol[p=104.3746 Ux=4.4696 Uy=2.3578]
    val_geom_camber_cruise     loss=0.7285  surf[p=59.4466 Ux=0.9668 Uy=0.3593]  vol[p=55.5666 Ux=2.7635 Uy=1.0074]
    val_re_rand                loss=1.7082  surf[p=79.4180 Ux=1.4852 Uy=0.5307]  vol[p=77.6055 Ux=3.4934 Uy=1.5809]
Epoch  17 (98s) [32.9GB]  train[vol=0.4653 surf=0.2680]  val_avg_surf_p=81.3381 *
    val_single_in_dist         loss=3.9754  surf[p=97.1426 Ux=1.3303 Uy=0.4854]  vol[p=101.5779 Ux=3.8832 Uy=1.6055]
    val_geom_camber_rc         loss=2.5720  surf[p=95.7043 Ux=1.8939 Uy=0.7009]  vol[p=100.9204 Ux=4.3589 Uy=2.2773]
    val_geom_camber_cruise     loss=0.6708  surf[p=56.2031 Ux=0.9203 Uy=0.3398]  vol[p=52.9843 Ux=2.6639 Uy=0.9647]
    val_re_rand                loss=1.6189  surf[p=76.3024 Ux=1.4184 Uy=0.5098]  vol[p=74.9191 Ux=3.3822 Uy=1.5282]
Epoch  18 (97s) [32.9GB]  train[vol=0.4332 surf=0.2425]  val_avg_surf_p=78.5357 *
    val_single_in_dist         loss=3.6776  surf[p=93.0061 Ux=1.2507 Uy=0.4655]  vol[p=98.3282 Ux=3.7510 Uy=1.5466]
    val_geom_camber_rc         loss=2.4816  surf[p=93.0488 Ux=1.8195 Uy=0.6766]  vol[p=98.4214 Ux=4.2914 Uy=2.2172]
    val_geom_camber_cruise     loss=0.6305  surf[p=54.0584 Ux=0.8333 Uy=0.3250]  vol[p=50.9395 Ux=2.5630 Uy=0.9297]
    val_re_rand                loss=1.5596  surf[p=74.0295 Ux=1.3301 Uy=0.4917]  vol[p=72.9805 Ux=3.2845 Uy=1.4850]
Epoch  19 (97s) [32.9GB]  train[vol=0.4445 surf=0.2503]  val_avg_surf_p=75.6846 *
    val_single_in_dist         loss=3.4899  surf[p=89.8707 Ux=1.1673 Uy=0.4558]  vol[p=95.1454 Ux=3.6384 Uy=1.5031]
    val_geom_camber_rc         loss=2.3698  surf[p=89.1823 Ux=1.7060 Uy=0.6540]  vol[p=94.8271 Ux=4.1900 Uy=2.1625]
    val_geom_camber_cruise     loss=0.5933  surf[p=51.7882 Ux=0.7736 Uy=0.3126]  vol[p=48.6518 Ux=2.4671 Uy=0.8957]
    val_re_rand                loss=1.5172  surf[p=71.8973 Ux=1.2462 Uy=0.4772]  vol[p=71.0840 Ux=3.1974 Uy=1.4461]
Epoch  20 (98s) [32.9GB]  train[vol=0.4243 surf=0.2401]  val_avg_surf_p=73.3501 *
    val_single_in_dist         loss=3.2988  surf[p=87.1074 Ux=1.0833 Uy=0.4457]  vol[p=93.5574 Ux=3.5532 Uy=1.4631]
    val_geom_camber_rc         loss=2.2313  surf[p=86.5132 Ux=1.6414 Uy=0.6365]  vol[p=92.3697 Ux=4.1473 Uy=2.1195]
    val_geom_camber_cruise     loss=0.5582  surf[p=49.5131 Ux=0.7170 Uy=0.3012]  vol[p=46.5755 Ux=2.4038 Uy=0.8640]
    val_re_rand                loss=1.4809  surf[p=70.2666 Ux=1.1866 Uy=0.4654]  vol[p=69.3686 Ux=3.1394 Uy=1.4119]
Epoch  21 (97s) [32.9GB]  train[vol=0.4178 surf=0.2335]  val_avg_surf_p=70.9690 *
    val_single_in_dist         loss=3.1223  surf[p=84.0140 Ux=1.0052 Uy=0.4364]  vol[p=90.9380 Ux=3.4672 Uy=1.4192]
    val_geom_camber_rc         loss=2.1236  surf[p=84.0536 Ux=1.5578 Uy=0.6220]  vol[p=90.0968 Ux=4.0837 Uy=2.0781]
    val_geom_camber_cruise     loss=0.5275  surf[p=47.6052 Ux=0.6666 Uy=0.2913]  vol[p=44.8087 Ux=2.3346 Uy=0.8350]
    val_re_rand                loss=1.4374  surf[p=68.2032 Ux=1.1185 Uy=0.4530]  vol[p=67.3834 Ux=3.0678 Uy=1.3777]
Epoch  22 (97s) [32.9GB]  train[vol=0.3980 surf=0.2191]  val_avg_surf_p=69.2579 *
    val_single_in_dist         loss=2.9503  surf[p=81.5608 Ux=0.9223 Uy=0.4259]  vol[p=88.5487 Ux=3.3918 Uy=1.3836]
    val_geom_camber_rc         loss=2.0802  surf[p=82.6889 Ux=1.4923 Uy=0.6100]  vol[p=88.2883 Ux=4.0364 Uy=2.0439]
    val_geom_camber_cruise     loss=0.5008  surf[p=45.8754 Ux=0.6170 Uy=0.2777]  vol[p=43.3061 Ux=2.2703 Uy=0.8095]
    val_re_rand                loss=1.4174  surf[p=66.9064 Ux=1.0649 Uy=0.4419]  vol[p=65.8422 Ux=3.0097 Uy=1.3471]
Epoch  23 (97s) [32.9GB]  train[vol=0.4103 surf=0.2283]  val_avg_surf_p=68.0020 *
    val_single_in_dist         loss=2.8775  surf[p=80.3853 Ux=0.8975 Uy=0.4170]  vol[p=86.7921 Ux=3.3524 Uy=1.3548]
    val_geom_camber_rc         loss=2.0106  surf[p=81.6146 Ux=1.4475 Uy=0.6006]  vol[p=86.8413 Ux=3.9927 Uy=2.0112]
    val_geom_camber_cruise     loss=0.4692  surf[p=44.3798 Ux=0.5642 Uy=0.2678]  vol[p=42.0052 Ux=2.2153 Uy=0.7845]
    val_re_rand                loss=1.3836  surf[p=65.6282 Ux=1.0079 Uy=0.4307]  vol[p=64.6383 Ux=2.9533 Uy=1.3184]
Epoch  24 (97s) [32.9GB]  train[vol=0.3871 surf=0.2106]  val_avg_surf_p=66.7627 *
    val_single_in_dist         loss=2.7875  surf[p=79.5980 Ux=0.8681 Uy=0.4114]  vol[p=84.9717 Ux=3.2875 Uy=1.3213]
    val_geom_camber_rc         loss=1.9277  surf[p=80.0271 Ux=1.4086 Uy=0.5891]  vol[p=85.0877 Ux=3.9530 Uy=1.9773]
    val_geom_camber_cruise     loss=0.4463  surf[p=43.0106 Ux=0.5452 Uy=0.2608]  vol[p=40.8750 Ux=2.1689 Uy=0.7672]
    val_re_rand                loss=1.3687  surf[p=64.4151 Ux=0.9765 Uy=0.4214]  vol[p=63.4569 Ux=2.9026 Uy=1.2943]
Epoch  25 (98s) [32.9GB]  train[vol=0.3770 surf=0.2066]  val_avg_surf_p=65.2509 *
    val_single_in_dist         loss=2.6397  surf[p=77.7762 Ux=0.8287 Uy=0.4034]  vol[p=82.9415 Ux=3.2327 Uy=1.3012]
    val_geom_camber_rc         loss=1.8903  surf[p=78.6731 Ux=1.3653 Uy=0.5821]  vol[p=83.3673 Ux=3.9084 Uy=1.9526]
    val_geom_camber_cruise     loss=0.4237  surf[p=41.7513 Ux=0.5129 Uy=0.2535]  vol[p=39.7562 Ux=2.1245 Uy=0.7494]
    val_re_rand                loss=1.3256  surf[p=62.8031 Ux=0.9345 Uy=0.4131]  vol[p=61.9711 Ux=2.8519 Uy=1.2698]
Epoch  26 (97s) [32.9GB]  train[vol=0.3830 surf=0.2081]  val_avg_surf_p=63.6104 *
    val_single_in_dist         loss=2.5252  surf[p=75.5045 Ux=0.8149 Uy=0.3977]  vol[p=80.8524 Ux=3.1984 Uy=1.2794]
    val_geom_camber_rc         loss=1.8695  surf[p=77.4396 Ux=1.3423 Uy=0.5734]  vol[p=82.4053 Ux=3.8723 Uy=1.9247]
    val_geom_camber_cruise     loss=0.4037  surf[p=40.2694 Ux=0.4974 Uy=0.2466]  vol[p=38.2155 Ux=2.0832 Uy=0.7320]
    val_re_rand                loss=1.2819  surf[p=61.2283 Ux=0.9108 Uy=0.4044]  vol[p=60.5548 Ux=2.8046 Uy=1.2479]
Epoch  27 (97s) [32.9GB]  train[vol=0.3846 surf=0.2135]  val_avg_surf_p=62.4385 *
    val_single_in_dist         loss=2.4315  surf[p=73.3582 Ux=0.7872 Uy=0.3903]  vol[p=78.9805 Ux=3.1615 Uy=1.2530]
    val_geom_camber_rc         loss=1.8733  surf[p=76.8700 Ux=1.3278 Uy=0.5667]  vol[p=81.6512 Ux=3.8436 Uy=1.9006]
    val_geom_camber_cruise     loss=0.3902  surf[p=39.2144 Ux=0.4789 Uy=0.2403]  vol[p=37.1534 Ux=2.0443 Uy=0.7170]
    val_re_rand                loss=1.2481  surf[p=60.3112 Ux=0.8898 Uy=0.3984]  vol[p=59.6019 Ux=2.7673 Uy=1.2292]
Epoch  28 (97s) [32.9GB]  train[vol=0.3779 surf=0.2053]  val_avg_surf_p=61.3985 *
    val_single_in_dist         loss=2.4142  surf[p=72.3129 Ux=0.7830 Uy=0.3837]  vol[p=77.5624 Ux=3.1256 Uy=1.2313]
    val_geom_camber_rc         loss=1.8184  surf[p=75.5166 Ux=1.3169 Uy=0.5585]  vol[p=80.1121 Ux=3.8096 Uy=1.8740]
    val_geom_camber_cruise     loss=0.3777  surf[p=38.4180 Ux=0.4836 Uy=0.2348]  vol[p=36.3678 Ux=2.0204 Uy=0.7051]
    val_re_rand                loss=1.2200  surf[p=59.3467 Ux=0.8903 Uy=0.3926]  vol[p=58.6424 Ux=2.7380 Uy=1.2122]
Epoch  29 (96s) [32.9GB]  train[vol=0.3713 surf=0.2010]  val_avg_surf_p=60.2944 *
    val_single_in_dist         loss=2.3605  surf[p=70.4289 Ux=0.7358 Uy=0.3769]  vol[p=75.6120 Ux=3.0795 Uy=1.2111]
    val_geom_camber_rc         loss=1.6931  surf[p=74.1012 Ux=1.2801 Uy=0.5503]  vol[p=78.5059 Ux=3.7711 Uy=1.8511]
    val_geom_camber_cruise     loss=0.3699  surf[p=38.0251 Ux=0.4499 Uy=0.2317]  vol[p=35.7037 Ux=1.9864 Uy=0.6968]
    val_re_rand                loss=1.2200  surf[p=58.6223 Ux=0.8549 Uy=0.3875]  vol[p=57.8449 Ux=2.7004 Uy=1.1978]
Epoch  30 (98s) [32.9GB]  train[vol=0.3522 surf=0.1912]  val_avg_surf_p=59.5565 *
    val_single_in_dist         loss=2.3996  surf[p=70.2040 Ux=0.7254 Uy=0.3750]  vol[p=74.8235 Ux=3.0510 Uy=1.1978]
    val_geom_camber_rc         loss=1.6126  surf[p=72.9310 Ux=1.2561 Uy=0.5434]  vol[p=77.2030 Ux=3.7357 Uy=1.8245]
    val_geom_camber_cruise     loss=0.3612  surf[p=37.1399 Ux=0.4289 Uy=0.2280]  vol[p=35.0913 Ux=1.9609 Uy=0.6868]
    val_re_rand                loss=1.2237  surf[p=57.9510 Ux=0.8332 Uy=0.3849]  vol[p=57.3524 Ux=2.6737 Uy=1.1856]
Epoch  31 (97s) [32.9GB]  train[vol=0.3414 surf=0.1797]  val_avg_surf_p=58.4583 *
    val_single_in_dist         loss=2.3853  surf[p=68.3652 Ux=0.6757 Uy=0.3656]  vol[p=73.2846 Ux=3.0077 Uy=1.1817]
    val_geom_camber_rc         loss=1.5213  surf[p=72.1008 Ux=1.2387 Uy=0.5369]  vol[p=75.8658 Ux=3.7067 Uy=1.8031]
    val_geom_camber_cruise     loss=0.3473  surf[p=36.1379 Ux=0.4041 Uy=0.2226]  vol[p=34.3769 Ux=1.9329 Uy=0.6749]
    val_re_rand                loss=1.2283  surf[p=57.2294 Ux=0.8118 Uy=0.3798]  vol[p=56.5185 Ux=2.6517 Uy=1.1710]
Epoch  32 (98s) [32.9GB]  train[vol=0.3543 surf=0.1878]  val_avg_surf_p=57.4102 *
    val_single_in_dist         loss=2.3312  surf[p=66.1778 Ux=0.6560 Uy=0.3580]  vol[p=71.5406 Ux=2.9735 Uy=1.1653]
    val_geom_camber_rc         loss=1.4672  surf[p=71.4270 Ux=1.2240 Uy=0.5276]  vol[p=74.9126 Ux=3.6664 Uy=1.7760]
    val_geom_camber_cruise     loss=0.3376  surf[p=35.3510 Ux=0.3965 Uy=0.2184]  vol[p=33.8864 Ux=1.9176 Uy=0.6655]
    val_re_rand                loss=1.2097  surf[p=56.6851 Ux=0.8046 Uy=0.3744]  vol[p=56.1745 Ux=2.6309 Uy=1.1573]
Epoch  33 (97s) [32.9GB]  train[vol=0.3459 surf=0.1841]  val_avg_surf_p=56.4082 *
    val_single_in_dist         loss=2.2541  surf[p=64.7930 Ux=0.6495 Uy=0.3530]  vol[p=70.8312 Ux=2.9425 Uy=1.1493]
    val_geom_camber_rc         loss=1.4306  surf[p=70.2222 Ux=1.2036 Uy=0.5203]  vol[p=73.8182 Ux=3.6295 Uy=1.7547]
    val_geom_camber_cruise     loss=0.3298  surf[p=34.7489 Ux=0.3879 Uy=0.2149]  vol[p=33.2410 Ux=1.8908 Uy=0.6546]
    val_re_rand                loss=1.1634  surf[p=55.8689 Ux=0.7874 Uy=0.3693]  vol[p=55.3437 Ux=2.6009 Uy=1.1434]
Epoch  34 (97s) [32.9GB]  train[vol=0.3495 surf=0.1888]  val_avg_surf_p=55.9135 *
    val_single_in_dist         loss=2.2887  surf[p=64.4632 Ux=0.6474 Uy=0.3495]  vol[p=70.6098 Ux=2.9220 Uy=1.1363]
    val_geom_camber_rc         loss=1.4058  surf[p=69.6309 Ux=1.1900 Uy=0.5158]  vol[p=73.1776 Ux=3.6066 Uy=1.7356]
    val_geom_camber_cruise     loss=0.3269  surf[p=34.1712 Ux=0.3803 Uy=0.2135]  vol[p=32.7452 Ux=1.8642 Uy=0.6494]
    val_re_rand                loss=1.1551  surf[p=55.3887 Ux=0.7754 Uy=0.3664]  vol[p=54.7814 Ux=2.5798 Uy=1.1333]
Epoch  35 (97s) [32.9GB]  train[vol=0.3423 surf=0.1825]  val_avg_surf_p=55.4648 *
    val_single_in_dist         loss=2.3353  surf[p=64.7885 Ux=0.6533 Uy=0.3464]  vol[p=70.5983 Ux=2.9087 Uy=1.1267]
    val_geom_camber_rc         loss=1.3956  surf[p=68.7068 Ux=1.1749 Uy=0.5106]  vol[p=72.5437 Ux=3.5871 Uy=1.7217]
    val_geom_camber_cruise     loss=0.3166  surf[p=33.6367 Ux=0.3800 Uy=0.2109]  vol[p=32.2877 Ux=1.8522 Uy=0.6432]
    val_re_rand                loss=1.1453  surf[p=54.7273 Ux=0.7708 Uy=0.3625]  vol[p=54.2836 Ux=2.5623 Uy=1.1215]
Epoch  36 (96s) [32.9GB]  train[vol=0.3429 surf=0.1818]  val_avg_surf_p=54.9161 *
    val_single_in_dist         loss=2.3098  surf[p=64.3158 Ux=0.6522 Uy=0.3431]  vol[p=70.0771 Ux=2.8868 Uy=1.1164]
    val_geom_camber_rc         loss=1.3974  surf[p=68.3059 Ux=1.1642 Uy=0.5086]  vol[p=72.1647 Ux=3.5730 Uy=1.7132]
    val_geom_camber_cruise     loss=0.3048  surf[p=32.9670 Ux=0.3843 Uy=0.2083]  vol[p=31.6872 Ux=1.8354 Uy=0.6361]
    val_re_rand                loss=1.1351  surf[p=54.0756 Ux=0.7628 Uy=0.3587]  vol[p=53.6677 Ux=2.5401 Uy=1.1104]
Epoch  37 (97s) [32.9GB]  train[vol=0.3345 surf=0.1770]  val_avg_surf_p=53.8370 *
    val_single_in_dist         loss=2.1625  surf[p=62.0269 Ux=0.6392 Uy=0.3363]  vol[p=68.1347 Ux=2.8501 Uy=1.1052]
    val_geom_camber_rc         loss=1.3745  surf[p=67.5296 Ux=1.1522 Uy=0.5048]  vol[p=71.6086 Ux=3.5521 Uy=1.7011]
    val_geom_camber_cruise     loss=0.3003  surf[p=32.4330 Ux=0.3744 Uy=0.2057]  vol[p=31.3611 Ux=1.8219 Uy=0.6314]
    val_re_rand                loss=1.1255  surf[p=53.3587 Ux=0.7526 Uy=0.3556]  vol[p=53.1068 Ux=2.5212 Uy=1.1020]
Epoch  38 (96s) [32.9GB]  train[vol=0.3304 surf=0.1739]  val_avg_surf_p=52.8894 *
    val_single_in_dist         loss=2.1006  surf[p=59.9219 Ux=0.6208 Uy=0.3314]  vol[p=65.9197 Ux=2.8236 Uy=1.0922]
    val_geom_camber_rc         loss=1.3585  surf[p=66.5885 Ux=1.1429 Uy=0.5010]  vol[p=70.7829 Ux=3.5296 Uy=1.6880]
    val_geom_camber_cruise     loss=0.2951  surf[p=31.9451 Ux=0.3794 Uy=0.2044]  vol[p=31.0894 Ux=1.8097 Uy=0.6272]
    val_re_rand                loss=1.1207  surf[p=53.1023 Ux=0.7549 Uy=0.3531]  vol[p=52.7970 Ux=2.5075 Uy=1.0936]
Epoch  39 (97s) [32.9GB]  train[vol=0.3370 surf=0.1800]  val_avg_surf_p=52.2208 *
    val_single_in_dist         loss=2.0617  surf[p=58.7648 Ux=0.6104 Uy=0.3252]  vol[p=64.6873 Ux=2.7949 Uy=1.0784]
    val_geom_camber_rc         loss=1.3654  surf[p=65.9737 Ux=1.1325 Uy=0.4981]  vol[p=70.2568 Ux=3.5142 Uy=1.6770]
    val_geom_camber_cruise     loss=0.2894  surf[p=31.5833 Ux=0.3721 Uy=0.2028]  vol[p=30.7236 Ux=1.7921 Uy=0.6223]
    val_re_rand                loss=1.1126  surf[p=52.5614 Ux=0.7467 Uy=0.3507]  vol[p=52.3053 Ux=2.4919 Uy=1.0843]
Epoch  40 (97s) [32.9GB]  train[vol=0.3256 surf=0.1699]  val_avg_surf_p=51.4909 *
    val_single_in_dist         loss=1.9625  surf[p=57.5688 Ux=0.6050 Uy=0.3208]  vol[p=63.4974 Ux=2.7687 Uy=1.0641]
    val_geom_camber_rc         loss=1.3593  surf[p=65.1954 Ux=1.1185 Uy=0.4934]  vol[p=69.8086 Ux=3.4870 Uy=1.6626]
    val_geom_camber_cruise     loss=0.2848  surf[p=31.3254 Ux=0.3713 Uy=0.2011]  vol[p=30.3844 Ux=1.7769 Uy=0.6192]
    val_re_rand                loss=1.0872  surf[p=51.8738 Ux=0.7395 Uy=0.3473]  vol[p=51.6980 Ux=2.4722 Uy=1.0725]
Epoch  41 (98s) [32.9GB]  train[vol=0.3112 surf=0.1591]  val_avg_surf_p=50.6189 *
    val_single_in_dist         loss=1.9177  surf[p=56.1288 Ux=0.5914 Uy=0.3178]  vol[p=62.3308 Ux=2.7420 Uy=1.0510]
    val_geom_camber_rc         loss=1.3468  surf[p=64.0927 Ux=1.1053 Uy=0.4896]  vol[p=69.1603 Ux=3.4678 Uy=1.6452]
    val_geom_camber_cruise     loss=0.2809  surf[p=31.0269 Ux=0.3671 Uy=0.2007]  vol[p=30.0168 Ux=1.7621 Uy=0.6149]
    val_re_rand                loss=1.0558  surf[p=51.2271 Ux=0.7306 Uy=0.3435]  vol[p=51.1028 Ux=2.4533 Uy=1.0613]
Epoch  42 (98s) [32.9GB]  train[vol=0.3200 surf=0.1675]  val_avg_surf_p=50.0640 *
    val_single_in_dist         loss=1.8899  surf[p=55.2869 Ux=0.5739 Uy=0.3162]  vol[p=61.8880 Ux=2.7159 Uy=1.0406]
    val_geom_camber_rc         loss=1.3038  surf[p=63.5787 Ux=1.0877 Uy=0.4866]  vol[p=68.6991 Ux=3.4471 Uy=1.6292]
    val_geom_camber_cruise     loss=0.2757  surf[p=30.6665 Ux=0.3545 Uy=0.1995]  vol[p=29.7965 Ux=1.7451 Uy=0.6108]
    val_re_rand                loss=1.0562  surf[p=50.7238 Ux=0.7099 Uy=0.3411]  vol[p=50.6818 Ux=2.4335 Uy=1.0534]
Epoch  43 (96s) [32.9GB]  train[vol=0.3164 surf=0.1614]  val_avg_surf_p=49.5528 *
    val_single_in_dist         loss=1.8421  surf[p=54.3840 Ux=0.5566 Uy=0.3123]  vol[p=61.9446 Ux=2.6983 Uy=1.0293]
    val_geom_camber_rc         loss=1.2306  surf[p=63.0374 Ux=1.0701 Uy=0.4813]  vol[p=68.1527 Ux=3.4237 Uy=1.6142]
    val_geom_camber_cruise     loss=0.2700  surf[p=30.4666 Ux=0.3486 Uy=0.1991]  vol[p=29.5988 Ux=1.7322 Uy=0.6090]
    val_re_rand                loss=1.0534  surf[p=50.3233 Ux=0.6975 Uy=0.3382]  vol[p=50.2995 Ux=2.4165 Uy=1.0461]
Epoch  44 (98s) [32.9GB]  train[vol=0.3063 surf=0.1554]  val_avg_surf_p=49.1598 *
    val_single_in_dist         loss=1.8084  surf[p=53.7212 Ux=0.5519 Uy=0.3088]  vol[p=61.4367 Ux=2.6852 Uy=1.0243]
    val_geom_camber_rc         loss=1.2415  surf[p=62.8922 Ux=1.0601 Uy=0.4789]  vol[p=68.2879 Ux=3.4023 Uy=1.6018]
    val_geom_camber_cruise     loss=0.2657  surf[p=30.1685 Ux=0.3503 Uy=0.1974]  vol[p=29.4377 Ux=1.7290 Uy=0.6064]
    val_re_rand                loss=1.0219  surf[p=49.8571 Ux=0.6952 Uy=0.3357]  vol[p=49.7846 Ux=2.4034 Uy=1.0392]
Epoch  45 (98s) [32.9GB]  train[vol=0.3108 surf=0.1593]  val_avg_surf_p=48.7983 *
    val_single_in_dist         loss=1.8112  surf[p=53.4671 Ux=0.5424 Uy=0.3073]  vol[p=61.0839 Ux=2.6794 Uy=1.0166]
    val_geom_camber_rc         loss=1.2357  surf[p=62.3984 Ux=1.0460 Uy=0.4759]  vol[p=67.9532 Ux=3.3894 Uy=1.5926]
    val_geom_camber_cruise     loss=0.2644  surf[p=29.9126 Ux=0.3443 Uy=0.1957]  vol[p=29.1820 Ux=1.7164 Uy=0.6013]
    val_re_rand                loss=0.9988  surf[p=49.4152 Ux=0.6845 Uy=0.3337]  vol[p=49.3247 Ux=2.3854 Uy=1.0303]
Epoch  46 (97s) [32.9GB]  train[vol=0.3093 surf=0.1592]  val_avg_surf_p=48.3126 *
    val_single_in_dist         loss=1.7849  surf[p=52.6598 Ux=0.5365 Uy=0.3070]  vol[p=59.9010 Ux=2.6656 Uy=1.0079]
    val_geom_camber_rc         loss=1.1963  surf[p=61.9894 Ux=1.0438 Uy=0.4720]  vol[p=67.5394 Ux=3.3688 Uy=1.5819]
    val_geom_camber_cruise     loss=0.2573  surf[p=29.5453 Ux=0.3373 Uy=0.1941]  vol[p=28.8494 Ux=1.7021 Uy=0.5959]
    val_re_rand                loss=0.9974  surf[p=49.0561 Ux=0.6780 Uy=0.3311]  vol[p=49.0110 Ux=2.3713 Uy=1.0229]
Epoch  47 (97s) [32.9GB]  train[vol=0.3043 surf=0.1537]  val_avg_surf_p=47.8019 *
    val_single_in_dist         loss=1.7929  surf[p=52.3981 Ux=0.5362 Uy=0.3029]  vol[p=59.3663 Ux=2.6539 Uy=0.9965]
    val_geom_camber_rc         loss=1.1527  surf[p=60.9823 Ux=1.0330 Uy=0.4679]  vol[p=66.8595 Ux=3.3508 Uy=1.5711]
    val_geom_camber_cruise     loss=0.2532  surf[p=29.3369 Ux=0.3333 Uy=0.1931]  vol[p=28.5550 Ux=1.6894 Uy=0.5926]
    val_re_rand                loss=0.9990  surf[p=48.4903 Ux=0.6728 Uy=0.3292]  vol[p=48.3890 Ux=2.3585 Uy=1.0156]
Epoch  48 (96s) [32.9GB]  train[vol=0.3048 surf=0.1547]  val_avg_surf_p=47.3874 *
    val_single_in_dist         loss=1.7690  surf[p=51.6801 Ux=0.5319 Uy=0.3001]  vol[p=58.8305 Ux=2.6411 Uy=0.9867]
    val_geom_camber_rc         loss=1.1216  surf[p=60.3271 Ux=1.0229 Uy=0.4650]  vol[p=66.0906 Ux=3.3339 Uy=1.5606]
    val_geom_camber_cruise     loss=0.2516  surf[p=29.1930 Ux=0.3316 Uy=0.1929]  vol[p=28.3822 Ux=1.6784 Uy=0.5900]
    val_re_rand                loss=1.0045  surf[p=48.3493 Ux=0.6683 Uy=0.3277]  vol[p=48.3061 Ux=2.3493 Uy=1.0094]
Epoch  49 (99s) [32.9GB]  train[vol=0.2930 surf=0.1488]  val_avg_surf_p=46.9124 *
    val_single_in_dist         loss=1.7758  surf[p=50.9612 Ux=0.5213 Uy=0.2981]  vol[p=58.1761 Ux=2.6210 Uy=0.9792]
    val_geom_camber_rc         loss=1.1047  surf[p=59.6504 Ux=1.0124 Uy=0.4617]  vol[p=65.6295 Ux=3.3172 Uy=1.5530]
    val_geom_camber_cruise     loss=0.2494  surf[p=28.9575 Ux=0.3288 Uy=0.1908]  vol[p=28.1289 Ux=1.6694 Uy=0.5857]
    val_re_rand                loss=0.9856  surf[p=48.0805 Ux=0.6649 Uy=0.3264]  vol[p=48.2323 Ux=2.3429 Uy=1.0056]
Epoch  50 (97s) [32.9GB]  train[vol=0.2915 surf=0.1463]  val_avg_surf_p=46.4996 *
    val_single_in_dist         loss=1.7815  surf[p=50.7574 Ux=0.5171 Uy=0.2979]  vol[p=57.9790 Ux=2.5973 Uy=0.9717]
    val_geom_camber_rc         loss=1.0926  surf[p=59.0156 Ux=1.0012 Uy=0.4593]  vol[p=65.2666 Ux=3.3110 Uy=1.5465]
    val_geom_camber_cruise     loss=0.2464  surf[p=28.6482 Ux=0.3280 Uy=0.1899]  vol[p=27.9393 Ux=1.6601 Uy=0.5815]
    val_re_rand                loss=0.9633  surf[p=47.5773 Ux=0.6552 Uy=0.3247]  vol[p=47.9049 Ux=2.3307 Uy=0.9995]
Epoch  51 (96s) [32.9GB]  train[vol=0.2950 surf=0.1455]  val_avg_surf_p=46.1058 *
    val_single_in_dist         loss=1.7670  surf[p=50.2546 Ux=0.5120 Uy=0.2963]  vol[p=57.3841 Ux=2.5815 Uy=0.9643]
    val_geom_camber_rc         loss=1.0876  surf[p=58.6082 Ux=0.9927 Uy=0.4568]  vol[p=64.7182 Ux=3.2994 Uy=1.5372]
    val_geom_camber_cruise     loss=0.2441  surf[p=28.3809 Ux=0.3276 Uy=0.1878]  vol[p=27.8232 Ux=1.6506 Uy=0.5786]
    val_re_rand                loss=0.9522  surf[p=47.1797 Ux=0.6493 Uy=0.3218]  vol[p=47.6577 Ux=2.3163 Uy=0.9929]
Epoch  52 (99s) [32.9GB]  train[vol=0.2817 surf=0.1407]  val_avg_surf_p=45.6695 *
    val_single_in_dist         loss=1.7839  surf[p=49.1443 Ux=0.5114 Uy=0.2917]  vol[p=56.5009 Ux=2.5716 Uy=0.9541]
    val_geom_camber_rc         loss=1.0956  surf[p=58.6939 Ux=0.9892 Uy=0.4573]  vol[p=64.6620 Ux=3.2866 Uy=1.5305]
    val_geom_camber_cruise     loss=0.2391  surf[p=28.0725 Ux=0.3289 Uy=0.1870]  vol[p=27.5442 Ux=1.6406 Uy=0.5753]
    val_re_rand                loss=0.9321  surf[p=46.7673 Ux=0.6467 Uy=0.3184]  vol[p=47.1660 Ux=2.2992 Uy=0.9850]
Epoch  53 (97s) [32.9GB]  train[vol=0.2873 surf=0.1422]  val_avg_surf_p=45.2509 *
    val_single_in_dist         loss=1.7694  surf[p=48.6694 Ux=0.5021 Uy=0.2906]  vol[p=55.8415 Ux=2.5526 Uy=0.9474]
    val_geom_camber_rc         loss=1.0807  surf[p=58.1672 Ux=0.9753 Uy=0.4554]  vol[p=64.1267 Ux=3.2715 Uy=1.5227]
    val_geom_camber_cruise     loss=0.2379  surf[p=27.8881 Ux=0.3297 Uy=0.1863]  vol[p=27.4448 Ux=1.6358 Uy=0.5704]
    val_re_rand                loss=0.9320  surf[p=46.2787 Ux=0.6358 Uy=0.3170]  vol[p=46.6538 Ux=2.2845 Uy=0.9776]
Epoch  54 (98s) [32.9GB]  train[vol=0.2825 surf=0.1369]  val_avg_surf_p=44.7751 *
    val_single_in_dist         loss=1.7956  surf[p=47.9728 Ux=0.4954 Uy=0.2875]  vol[p=55.3875 Ux=2.5373 Uy=0.9384]
    val_geom_camber_rc         loss=1.0494  surf[p=57.6143 Ux=0.9638 Uy=0.4527]  vol[p=63.6342 Ux=3.2528 Uy=1.5128]
    val_geom_camber_cruise     loss=0.2336  surf[p=27.5233 Ux=0.3248 Uy=0.1842]  vol[p=27.2769 Ux=1.6225 Uy=0.5668]
    val_re_rand                loss=0.9262  surf[p=45.9897 Ux=0.6284 Uy=0.3147]  vol[p=46.3452 Ux=2.2708 Uy=0.9720]
Epoch  55 (97s) [32.9GB]  train[vol=0.2908 surf=0.1450]  val_avg_surf_p=44.1469 *
    val_single_in_dist         loss=1.7907  surf[p=46.9305 Ux=0.4893 Uy=0.2833]  vol[p=54.7007 Ux=2.5179 Uy=0.9303]
    val_geom_camber_rc         loss=1.0294  surf[p=57.1309 Ux=0.9523 Uy=0.4505]  vol[p=63.2244 Ux=3.2386 Uy=1.5040]
    val_geom_camber_cruise     loss=0.2285  surf[p=27.1712 Ux=0.3240 Uy=0.1824]  vol[p=27.0562 Ux=1.6179 Uy=0.5639]
    val_re_rand                loss=0.9040  surf[p=45.3551 Ux=0.6208 Uy=0.3111]  vol[p=45.8766 Ux=2.2592 Uy=0.9653]
Epoch  56 (97s) [32.9GB]  train[vol=0.2871 surf=0.1418]  val_avg_surf_p=43.7763 *
    val_single_in_dist         loss=1.7668  surf[p=46.3908 Ux=0.4815 Uy=0.2824]  vol[p=54.1089 Ux=2.5006 Uy=0.9262]
    val_geom_camber_rc         loss=1.0284  surf[p=56.8710 Ux=0.9505 Uy=0.4490]  vol[p=62.8361 Ux=3.2270 Uy=1.4978]
    val_geom_camber_cruise     loss=0.2241  surf[p=26.8737 Ux=0.3239 Uy=0.1812]  vol[p=26.8783 Ux=1.6114 Uy=0.5617]
    val_re_rand                loss=0.8991  surf[p=44.9698 Ux=0.6173 Uy=0.3087]  vol[p=45.5696 Ux=2.2462 Uy=0.9609]
Epoch  57 (96s) [32.9GB]  train[vol=0.2772 surf=0.1344]  val_avg_surf_p=43.3700 *
    val_single_in_dist         loss=1.8017  surf[p=45.9235 Ux=0.4743 Uy=0.2802]  vol[p=53.7833 Ux=2.4855 Uy=0.9205]
    val_geom_camber_rc         loss=1.0133  surf[p=56.4961 Ux=0.9418 Uy=0.4473]  vol[p=62.3208 Ux=3.2059 Uy=1.4895]
    val_geom_camber_cruise     loss=0.2188  surf[p=26.6078 Ux=0.3211 Uy=0.1804]  vol[p=26.6245 Ux=1.6015 Uy=0.5587]
    val_re_rand                loss=0.8973  surf[p=44.4526 Ux=0.6112 Uy=0.3062]  vol[p=45.0423 Ux=2.2324 Uy=0.9541]
Epoch  58 (97s) [32.9GB]  train[vol=0.2783 surf=0.1348]  val_avg_surf_p=43.2273 *
    val_single_in_dist         loss=1.8052  surf[p=45.8056 Ux=0.4673 Uy=0.2779]  vol[p=53.3651 Ux=2.4681 Uy=0.9119]
    val_geom_camber_rc         loss=1.0185  surf[p=56.4706 Ux=0.9328 Uy=0.4483]  vol[p=62.3461 Ux=3.1949 Uy=1.4863]
    val_geom_camber_cruise     loss=0.2168  surf[p=26.4579 Ux=0.3178 Uy=0.1791]  vol[p=26.4334 Ux=1.5952 Uy=0.5546]
    val_re_rand                loss=0.8886  surf[p=44.1749 Ux=0.6066 Uy=0.3054]  vol[p=44.7481 Ux=2.2213 Uy=0.9493]
Epoch  59 (98s) [32.9GB]  train[vol=0.2695 surf=0.1297]  val_avg_surf_p=42.9362 *
    val_single_in_dist         loss=1.7302  surf[p=45.6942 Ux=0.4722 Uy=0.2754]  vol[p=52.7021 Ux=2.4555 Uy=0.9044]
    val_geom_camber_rc         loss=1.0321  surf[p=56.1267 Ux=0.9227 Uy=0.4446]  vol[p=62.1019 Ux=3.1807 Uy=1.4767]
    val_geom_camber_cruise     loss=0.2170  surf[p=26.2642 Ux=0.3178 Uy=0.1776]  vol[p=26.3390 Ux=1.5904 Uy=0.5509]
    val_re_rand                loss=0.8530  surf[p=43.6596 Ux=0.6016 Uy=0.3030]  vol[p=44.2644 Ux=2.2096 Uy=0.9440]
Epoch  60 (97s) [32.9GB]  train[vol=0.2618 surf=0.1241]  val_avg_surf_p=42.6522 *
    val_single_in_dist         loss=1.7528  surf[p=45.7042 Ux=0.4592 Uy=0.2745]  vol[p=52.4238 Ux=2.4423 Uy=0.9001]
    val_geom_camber_rc         loss=1.0392  surf[p=55.8455 Ux=0.9155 Uy=0.4425]  vol[p=62.0651 Ux=3.1695 Uy=1.4694]
    val_geom_camber_cruise     loss=0.2119  surf[p=25.8314 Ux=0.3120 Uy=0.1767]  vol[p=26.1732 Ux=1.5809 Uy=0.5479]
    val_re_rand                loss=0.8389  surf[p=43.2277 Ux=0.5935 Uy=0.3007]  vol[p=43.7657 Ux=2.1984 Uy=0.9391]
Epoch  61 (97s) [32.9GB]  train[vol=0.2632 surf=0.1256]  val_avg_surf_p=42.3490 *
    val_single_in_dist         loss=1.7456  surf[p=45.3635 Ux=0.4604 Uy=0.2716]  vol[p=52.0898 Ux=2.4280 Uy=0.8956]
    val_geom_camber_rc         loss=1.0372  surf[p=55.4051 Ux=0.9061 Uy=0.4407]  vol[p=61.9238 Ux=3.1595 Uy=1.4671]
    val_geom_camber_cruise     loss=0.2101  surf[p=25.6122 Ux=0.3128 Uy=0.1759]  vol[p=25.9861 Ux=1.5743 Uy=0.5455]
    val_re_rand                loss=0.8392  surf[p=43.0150 Ux=0.5918 Uy=0.2991]  vol[p=43.6263 Ux=2.1939 Uy=0.9360]
Epoch  62 (96s) [32.9GB]  train[vol=0.2748 surf=0.1343]  val_avg_surf_p=41.9507 *
    val_single_in_dist         loss=1.7307  surf[p=44.5753 Ux=0.4591 Uy=0.2699]  vol[p=51.8427 Ux=2.4165 Uy=0.8891]
    val_geom_camber_rc         loss=1.0320  surf[p=54.8816 Ux=0.8958 Uy=0.4371]  vol[p=61.6153 Ux=3.1476 Uy=1.4602]
    val_geom_camber_cruise     loss=0.2085  surf[p=25.4019 Ux=0.3079 Uy=0.1754]  vol[p=25.8822 Ux=1.5652 Uy=0.5421]
    val_re_rand                loss=0.8404  surf[p=42.9439 Ux=0.5880 Uy=0.2975]  vol[p=43.5369 Ux=2.1860 Uy=0.9319]
Epoch  63 (97s) [32.9GB]  train[vol=0.2628 surf=0.1245]  val_avg_surf_p=41.7407 *
    val_single_in_dist         loss=1.7290  surf[p=44.1989 Ux=0.4569 Uy=0.2695]  vol[p=51.5194 Ux=2.4084 Uy=0.8865]
    val_geom_camber_rc         loss=1.0131  surf[p=54.5480 Ux=0.8850 Uy=0.4328]  vol[p=61.2098 Ux=3.1307 Uy=1.4525]
    val_geom_camber_cruise     loss=0.2082  surf[p=25.3633 Ux=0.3028 Uy=0.1749]  vol[p=25.7280 Ux=1.5577 Uy=0.5407]
    val_re_rand                loss=0.8338  surf[p=42.8525 Ux=0.5838 Uy=0.2968]  vol[p=43.5720 Ux=2.1782 Uy=0.9284]
Epoch  64 (96s) [32.9GB]  train[vol=0.2758 surf=0.1343]  val_avg_surf_p=41.5150 *
    val_single_in_dist         loss=1.7906  surf[p=44.0905 Ux=0.4619 Uy=0.2697]  vol[p=51.5903 Ux=2.4059 Uy=0.8813]
    val_geom_camber_rc         loss=0.9860  surf[p=53.9669 Ux=0.8746 Uy=0.4287]  vol[p=60.6018 Ux=3.1048 Uy=1.4390]
    val_geom_camber_cruise     loss=0.2070  surf[p=25.3004 Ux=0.3104 Uy=0.1747]  vol[p=25.6585 Ux=1.5535 Uy=0.5400]
    val_re_rand                loss=0.8279  surf[p=42.7024 Ux=0.5866 Uy=0.2967]  vol[p=43.3726 Ux=2.1728 Uy=0.9249]
Epoch  65 (97s) [32.9GB]  train[vol=0.2545 surf=0.1167]  val_avg_surf_p=41.3135 *
    val_single_in_dist         loss=1.7376  surf[p=43.8349 Ux=0.4480 Uy=0.2659]  vol[p=51.3174 Ux=2.3837 Uy=0.8733]
    val_geom_camber_rc         loss=0.9790  surf[p=53.7104 Ux=0.8646 Uy=0.4261]  vol[p=60.4226 Ux=3.0906 Uy=1.4332]
    val_geom_camber_cruise     loss=0.2047  surf[p=25.1208 Ux=0.2999 Uy=0.1733]  vol[p=25.5474 Ux=1.5442 Uy=0.5388]
    val_re_rand                loss=0.8170  surf[p=42.5881 Ux=0.5785 Uy=0.2950]  vol[p=43.2116 Ux=2.1596 Uy=0.9213]
Epoch  66 (97s) [32.9GB]  train[vol=0.2714 surf=0.1295]  val_avg_surf_p=40.9846 *
    val_single_in_dist         loss=1.7824  surf[p=43.3870 Ux=0.4456 Uy=0.2628]  vol[p=51.1933 Ux=2.3689 Uy=0.8659]
    val_geom_camber_rc         loss=0.9599  surf[p=53.4128 Ux=0.8586 Uy=0.4254]  vol[p=60.1600 Ux=3.0736 Uy=1.4289]
    val_geom_camber_cruise     loss=0.2041  surf[p=24.9755 Ux=0.3016 Uy=0.1724]  vol[p=25.4303 Ux=1.5379 Uy=0.5374]
    val_re_rand                loss=0.7990  surf[p=42.1631 Ux=0.5759 Uy=0.2931]  vol[p=42.8175 Ux=2.1458 Uy=0.9167]
Epoch  67 (96s) [32.9GB]  train[vol=0.2560 surf=0.1189]  val_avg_surf_p=40.8424 *
    val_single_in_dist         loss=1.7441  surf[p=43.1687 Ux=0.4365 Uy=0.2608]  vol[p=50.4710 Ux=2.3489 Uy=0.8627]
    val_geom_camber_rc         loss=0.9354  surf[p=53.0822 Ux=0.8523 Uy=0.4228]  vol[p=59.6205 Ux=3.0631 Uy=1.4217]
    val_geom_camber_cruise     loss=0.2031  surf[p=24.8778 Ux=0.2970 Uy=0.1722]  vol[p=25.3405 Ux=1.5311 Uy=0.5359]
    val_re_rand                loss=0.8067  surf[p=42.2408 Ux=0.5706 Uy=0.2921]  vol[p=42.8718 Ux=2.1397 Uy=0.9144]
Epoch  68 (96s) [32.9GB]  train[vol=0.2582 surf=0.1178]  val_avg_surf_p=40.6799 *
    val_single_in_dist         loss=1.7228  surf[p=42.9854 Ux=0.4344 Uy=0.2592]  vol[p=50.3117 Ux=2.3321 Uy=0.8574]
    val_geom_camber_rc         loss=0.9269  surf[p=53.1659 Ux=0.8464 Uy=0.4215]  vol[p=59.3825 Ux=3.0538 Uy=1.4176]
    val_geom_camber_cruise     loss=0.2006  surf[p=24.6709 Ux=0.3027 Uy=0.1720]  vol[p=25.2270 Ux=1.5304 Uy=0.5349]
    val_re_rand                loss=0.8113  surf[p=41.8974 Ux=0.5686 Uy=0.2909]  vol[p=42.6182 Ux=2.1327 Uy=0.9114]
Epoch  69 (97s) [32.9GB]  train[vol=0.2544 surf=0.1180]  val_avg_surf_p=40.4866 *
    val_single_in_dist         loss=1.6644  surf[p=42.3059 Ux=0.4294 Uy=0.2575]  vol[p=49.7944 Ux=2.3131 Uy=0.8521]
    val_geom_camber_rc         loss=0.9422  surf[p=53.6387 Ux=0.8462 Uy=0.4231]  vol[p=59.6819 Ux=3.0430 Uy=1.4170]
    val_geom_camber_cruise     loss=0.1976  surf[p=24.3823 Ux=0.2942 Uy=0.1707]  vol[p=25.1098 Ux=1.5242 Uy=0.5325]
    val_re_rand                loss=0.8010  surf[p=41.6194 Ux=0.5592 Uy=0.2889]  vol[p=42.2616 Ux=2.1198 Uy=0.9065]
Epoch  70 (96s) [32.9GB]  train[vol=0.2543 surf=0.1176]  val_avg_surf_p=40.3335 *
    val_single_in_dist         loss=1.6585  surf[p=42.4495 Ux=0.4259 Uy=0.2558]  vol[p=49.5151 Ux=2.2992 Uy=0.8456]
    val_geom_camber_rc         loss=0.9414  surf[p=53.4107 Ux=0.8427 Uy=0.4202]  vol[p=59.2935 Ux=3.0306 Uy=1.4091]
    val_geom_camber_cruise     loss=0.1963  surf[p=24.2169 Ux=0.2951 Uy=0.1697]  vol[p=24.9962 Ux=1.5212 Uy=0.5311]
    val_re_rand                loss=0.7886  surf[p=41.2571 Ux=0.5551 Uy=0.2876]  vol[p=41.8985 Ux=2.1104 Uy=0.9019]
Epoch  71 (98s) [32.9GB]  train[vol=0.2572 surf=0.1214]  val_avg_surf_p=40.0788 *
    val_single_in_dist         loss=1.6723  surf[p=42.0528 Ux=0.4237 Uy=0.2548]  vol[p=49.0301 Ux=2.2914 Uy=0.8419]
    val_geom_camber_rc         loss=0.9280  surf[p=52.8991 Ux=0.8302 Uy=0.4176]  vol[p=58.7010 Ux=3.0174 Uy=1.4005]
    val_geom_camber_cruise     loss=0.1955  surf[p=24.1194 Ux=0.2959 Uy=0.1694]  vol[p=24.8896 Ux=1.5159 Uy=0.5280]
    val_re_rand                loss=0.7959  surf[p=41.2437 Ux=0.5536 Uy=0.2875]  vol[p=41.8141 Ux=2.1066 Uy=0.8992]
Epoch  72 (97s) [32.9GB]  train[vol=0.2556 surf=0.1184]  val_avg_surf_p=39.8366 *
    val_single_in_dist         loss=1.6875  surf[p=41.6125 Ux=0.4244 Uy=0.2556]  vol[p=48.8683 Ux=2.2807 Uy=0.8394]
    val_geom_camber_rc         loss=0.9180  surf[p=52.5332 Ux=0.8246 Uy=0.4154]  vol[p=58.5264 Ux=3.0069 Uy=1.3922]
    val_geom_camber_cruise     loss=0.1954  surf[p=24.0065 Ux=0.2936 Uy=0.1696]  vol[p=24.7595 Ux=1.5109 Uy=0.5255]
    val_re_rand                loss=0.7997  surf[p=41.1942 Ux=0.5493 Uy=0.2876]  vol[p=41.8200 Ux=2.1017 Uy=0.8970]
Epoch  73 (96s) [32.9GB]  train[vol=0.2478 surf=0.1138]  val_avg_surf_p=39.5864 *
    val_single_in_dist         loss=1.7003  surf[p=41.4549 Ux=0.4174 Uy=0.2546]  vol[p=48.6945 Ux=2.2690 Uy=0.8350]
    val_geom_camber_rc         loss=0.9186  surf[p=52.0600 Ux=0.8155 Uy=0.4114]  vol[p=58.1032 Ux=2.9954 Uy=1.3851]
    val_geom_camber_cruise     loss=0.1937  surf[p=23.7593 Ux=0.2890 Uy=0.1682]  vol[p=24.6288 Ux=1.5051 Uy=0.5237]
    val_re_rand                loss=0.7964  surf[p=41.0713 Ux=0.5445 Uy=0.2859]  vol[p=41.6921 Ux=2.0944 Uy=0.8937]
Epoch  74 (97s) [32.9GB]  train[vol=0.2426 surf=0.1077]  val_avg_surf_p=39.2264 *
    val_single_in_dist         loss=1.7359  surf[p=41.0269 Ux=0.4157 Uy=0.2518]  vol[p=48.5982 Ux=2.2608 Uy=0.8302]
    val_geom_camber_rc         loss=0.8886  surf[p=51.5411 Ux=0.8082 Uy=0.4091]  vol[p=57.5779 Ux=2.9827 Uy=1.3778]
    val_geom_camber_cruise     loss=0.1912  surf[p=23.5605 Ux=0.2896 Uy=0.1668]  vol[p=24.5575 Ux=1.5019 Uy=0.5224]
    val_re_rand                loss=0.7937  surf[p=40.7770 Ux=0.5436 Uy=0.2844]  vol[p=41.5086 Ux=2.0875 Uy=0.8901]
Epoch  75 (97s) [32.9GB]  train[vol=0.2369 surf=0.1066]  val_avg_surf_p=39.1161 *
    val_single_in_dist         loss=1.7145  surf[p=41.0832 Ux=0.4147 Uy=0.2516]  vol[p=48.6666 Ux=2.2530 Uy=0.8301]
    val_geom_camber_rc         loss=0.8723  surf[p=51.2422 Ux=0.8022 Uy=0.4063]  vol[p=57.0924 Ux=2.9699 Uy=1.3698]
    val_geom_camber_cruise     loss=0.1912  surf[p=23.4037 Ux=0.2907 Uy=0.1665]  vol[p=24.5049 Ux=1.4979 Uy=0.5206]
    val_re_rand                loss=0.7910  surf[p=40.7354 Ux=0.5440 Uy=0.2844]  vol[p=41.4112 Ux=2.0793 Uy=0.8874]
Epoch  76 (98s) [32.9GB]  train[vol=0.2479 surf=0.1152]  val_avg_surf_p=38.9910 *
    val_single_in_dist         loss=1.7276  surf[p=40.9415 Ux=0.4148 Uy=0.2506]  vol[p=48.6966 Ux=2.2464 Uy=0.8288]
    val_geom_camber_rc         loss=0.8796  surf[p=51.4001 Ux=0.8025 Uy=0.4070]  vol[p=57.3329 Ux=2.9647 Uy=1.3685]
    val_geom_camber_cruise     loss=0.1879  surf[p=23.1555 Ux=0.2920 Uy=0.1655]  vol[p=24.4168 Ux=1.4903 Uy=0.5178]
    val_re_rand                loss=0.7843  surf[p=40.4669 Ux=0.5430 Uy=0.2829]  vol[p=41.1755 Ux=2.0734 Uy=0.8834]
Epoch  77 (98s) [32.9GB]  train[vol=0.2467 surf=0.1140]  val_avg_surf_p=38.8323 *
    val_single_in_dist         loss=1.6826  surf[p=40.5324 Ux=0.4101 Uy=0.2489]  vol[p=48.4650 Ux=2.2432 Uy=0.8253]
    val_geom_camber_rc         loss=0.8682  surf[p=51.3534 Ux=0.7951 Uy=0.4057]  vol[p=57.1685 Ux=2.9587 Uy=1.3636]
    val_geom_camber_cruise     loss=0.1854  surf[p=22.9153 Ux=0.2918 Uy=0.1645]  vol[p=24.3356 Ux=1.4890 Uy=0.5163]
    val_re_rand                loss=0.7889  surf[p=40.5281 Ux=0.5397 Uy=0.2827]  vol[p=41.1778 Ux=2.0683 Uy=0.8819]
Epoch  78 (98s) [32.9GB]  train[vol=0.2457 surf=0.1140]  val_avg_surf_p=38.5913 *
    val_single_in_dist         loss=1.6418  surf[p=39.9916 Ux=0.4072 Uy=0.2482]  vol[p=48.2753 Ux=2.2319 Uy=0.8188]
    val_geom_camber_rc         loss=0.8514  surf[p=50.9813 Ux=0.7930 Uy=0.4042]  vol[p=56.8481 Ux=2.9517 Uy=1.3589]
    val_geom_camber_cruise     loss=0.1853  surf[p=22.8715 Ux=0.2843 Uy=0.1643]  vol[p=24.3093 Ux=1.4808 Uy=0.5154]
    val_re_rand                loss=0.7916  surf[p=40.5205 Ux=0.5375 Uy=0.2819]  vol[p=41.1868 Ux=2.0619 Uy=0.8801]
Epoch  79 (98s) [32.9GB]  train[vol=0.2262 surf=0.0974]  val_avg_surf_p=38.4523 *
    val_single_in_dist         loss=1.6020  surf[p=39.7723 Ux=0.4049 Uy=0.2473]  vol[p=47.9009 Ux=2.2221 Uy=0.8154]
    val_geom_camber_rc         loss=0.8590  surf[p=50.9999 Ux=0.7896 Uy=0.4040]  vol[p=56.8089 Ux=2.9437 Uy=1.3563]
    val_geom_camber_cruise     loss=0.1846  surf[p=22.7960 Ux=0.2819 Uy=0.1640]  vol[p=24.2790 Ux=1.4760 Uy=0.5131]
    val_re_rand                loss=0.7872  surf[p=40.2410 Ux=0.5336 Uy=0.2806]  vol[p=40.8821 Ux=2.0549 Uy=0.8769]
Epoch  80 (97s) [32.9GB]  train[vol=0.2374 surf=0.1053]  val_avg_surf_p=38.3026 *
    val_single_in_dist         loss=1.6335  surf[p=39.7122 Ux=0.4026 Uy=0.2459]  vol[p=47.8804 Ux=2.2142 Uy=0.8131]
    val_geom_camber_rc         loss=0.8771  surf[p=51.0245 Ux=0.7878 Uy=0.4041]  vol[p=56.8572 Ux=2.9364 Uy=1.3542]
    val_geom_camber_cruise     loss=0.1815  surf[p=22.4922 Ux=0.2806 Uy=0.1635]  vol[p=24.0612 Ux=1.4707 Uy=0.5115]
    val_re_rand                loss=0.7762  surf[p=39.9815 Ux=0.5302 Uy=0.2797]  vol[p=40.7481 Ux=2.0490 Uy=0.8746]
Epoch  81 (97s) [32.9GB]  train[vol=0.2322 surf=0.1009]  val_avg_surf_p=38.3098
    val_single_in_dist         loss=1.6644  surf[p=39.5521 Ux=0.3993 Uy=0.2452]  vol[p=47.5829 Ux=2.2040 Uy=0.8088]
    val_geom_camber_rc         loss=0.8750  surf[p=51.2860 Ux=0.7828 Uy=0.4026]  vol[p=56.9307 Ux=2.9299 Uy=1.3511]
    val_geom_camber_cruise     loss=0.1803  surf[p=22.4413 Ux=0.2813 Uy=0.1626]  vol[p=23.9882 Ux=1.4654 Uy=0.5092]
    val_re_rand                loss=0.7769  surf[p=39.9596 Ux=0.5299 Uy=0.2792]  vol[p=40.7325 Ux=2.0430 Uy=0.8726]
Epoch  82 (97s) [32.9GB]  train[vol=0.2358 surf=0.1042]  val_avg_surf_p=37.9544 *
    val_single_in_dist         loss=1.6600  surf[p=39.1201 Ux=0.3966 Uy=0.2433]  vol[p=47.2753 Ux=2.1944 Uy=0.8045]
    val_geom_camber_rc         loss=0.8491  surf[p=50.8115 Ux=0.7790 Uy=0.4004]  vol[p=56.5425 Ux=2.9197 Uy=1.3430]
    val_geom_camber_cruise     loss=0.1763  surf[p=22.1369 Ux=0.2794 Uy=0.1618]  vol[p=23.7752 Ux=1.4593 Uy=0.5070]
    val_re_rand                loss=0.7715  surf[p=39.7489 Ux=0.5277 Uy=0.2784]  vol[p=40.6261 Ux=2.0357 Uy=0.8693]
Epoch  83 (98s) [32.9GB]  train[vol=0.2376 surf=0.1070]  val_avg_surf_p=37.6456 *
    val_single_in_dist         loss=1.6863  surf[p=38.7879 Ux=0.3930 Uy=0.2426]  vol[p=46.7845 Ux=2.1865 Uy=0.7996]
    val_geom_camber_rc         loss=0.8294  surf[p=50.4011 Ux=0.7720 Uy=0.3987]  vol[p=56.1179 Ux=2.9094 Uy=1.3380]
    val_geom_camber_cruise     loss=0.1734  surf[p=21.9862 Ux=0.2734 Uy=0.1612]  vol[p=23.6859 Ux=1.4518 Uy=0.5061]
    val_re_rand                loss=0.7665  surf[p=39.4072 Ux=0.5229 Uy=0.2778]  vol[p=40.3173 Ux=2.0288 Uy=0.8667]
Epoch  84 (96s) [32.9GB]  train[vol=0.2346 surf=0.1014]  val_avg_surf_p=37.4966 *
    val_single_in_dist         loss=1.6363  surf[p=38.4557 Ux=0.3940 Uy=0.2416]  vol[p=46.6036 Ux=2.1770 Uy=0.7971]
    val_geom_camber_rc         loss=0.8376  surf[p=50.3115 Ux=0.7728 Uy=0.3987]  vol[p=55.9469 Ux=2.9016 Uy=1.3341]
    val_geom_camber_cruise     loss=0.1715  surf[p=21.9071 Ux=0.2782 Uy=0.1612]  vol[p=23.5716 Ux=1.4481 Uy=0.5055]
    val_re_rand                loss=0.7640  surf[p=39.3119 Ux=0.5252 Uy=0.2771]  vol[p=40.2169 Ux=2.0229 Uy=0.8642]
Epoch  85 (97s) [32.9GB]  train[vol=0.2294 surf=0.0984]  val_avg_surf_p=37.3562 *
    val_single_in_dist         loss=1.6409  surf[p=38.4027 Ux=0.3909 Uy=0.2399]  vol[p=46.5713 Ux=2.1711 Uy=0.7943]
    val_geom_camber_rc         loss=0.8435  surf[p=50.0935 Ux=0.7683 Uy=0.3986]  vol[p=55.7821 Ux=2.8912 Uy=1.3314]
    val_geom_camber_cruise     loss=0.1714  surf[p=21.7133 Ux=0.2778 Uy=0.1603]  vol[p=23.4265 Ux=1.4452 Uy=0.5034]
    val_re_rand                loss=0.7577  surf[p=39.2152 Ux=0.5212 Uy=0.2763]  vol[p=40.1014 Ux=2.0171 Uy=0.8623]
Epoch  86 (98s) [32.9GB]  train[vol=0.2349 surf=0.1020]  val_avg_surf_p=37.1103 *
    val_single_in_dist         loss=1.6330  surf[p=38.2618 Ux=0.3877 Uy=0.2392]  vol[p=46.3940 Ux=2.1621 Uy=0.7903]
    val_geom_camber_rc         loss=0.8291  surf[p=49.5669 Ux=0.7627 Uy=0.3966]  vol[p=55.3047 Ux=2.8818 Uy=1.3253]
    val_geom_camber_cruise     loss=0.1711  surf[p=21.6394 Ux=0.2745 Uy=0.1598]  vol[p=23.3389 Ux=1.4394 Uy=0.5009]
    val_re_rand                loss=0.7560  surf[p=38.9732 Ux=0.5203 Uy=0.2759]  vol[p=39.9009 Ux=2.0118 Uy=0.8602]
Epoch  87 (97s) [32.9GB]  train[vol=0.2285 surf=0.1003]  val_avg_surf_p=36.9292 *
    val_single_in_dist         loss=1.6086  surf[p=38.2397 Ux=0.3813 Uy=0.2397]  vol[p=46.1015 Ux=2.1535 Uy=0.7888]
    val_geom_camber_rc         loss=0.8266  surf[p=49.3558 Ux=0.7554 Uy=0.3950]  vol[p=55.1295 Ux=2.8740 Uy=1.3201]
    val_geom_camber_cruise     loss=0.1697  surf[p=21.4858 Ux=0.2732 Uy=0.1594]  vol[p=23.2385 Ux=1.4336 Uy=0.4996]
    val_re_rand                loss=0.7463  surf[p=38.6356 Ux=0.5165 Uy=0.2752]  vol[p=39.5980 Ux=2.0053 Uy=0.8577]
Epoch  88 (96s) [32.9GB]  train[vol=0.2163 surf=0.0874]  val_avg_surf_p=36.8026 *
    val_single_in_dist         loss=1.6460  surf[p=38.2055 Ux=0.3798 Uy=0.2390]  vol[p=46.0479 Ux=2.1428 Uy=0.7853]
    val_geom_camber_rc         loss=0.8100  surf[p=49.2380 Ux=0.7510 Uy=0.3930]  vol[p=54.9992 Ux=2.8655 Uy=1.3155]
    val_geom_camber_cruise     loss=0.1679  surf[p=21.2548 Ux=0.2686 Uy=0.1583]  vol[p=23.1001 Ux=1.4290 Uy=0.4976]
    val_re_rand                loss=0.7405  surf[p=38.5122 Ux=0.5112 Uy=0.2737]  vol[p=39.4933 Ux=1.9970 Uy=0.8556]
Epoch  89 (97s) [32.9GB]  train[vol=0.2159 surf=0.0919]  val_avg_surf_p=36.7318 *
    val_single_in_dist         loss=1.6449  surf[p=37.9896 Ux=0.3827 Uy=0.2390]  vol[p=45.6955 Ux=2.1397 Uy=0.7832]
    val_geom_camber_rc         loss=0.8213  surf[p=49.2034 Ux=0.7507 Uy=0.3929]  vol[p=55.0460 Ux=2.8615 Uy=1.3124]
    val_geom_camber_cruise     loss=0.1695  surf[p=21.2221 Ux=0.2678 Uy=0.1583]  vol[p=23.0272 Ux=1.4253 Uy=0.4960]
    val_re_rand                loss=0.7363  surf[p=38.5121 Ux=0.5114 Uy=0.2734]  vol[p=39.3927 Ux=1.9922 Uy=0.8531]
Epoch  90 (98s) [32.9GB]  train[vol=0.2169 surf=0.0910]  val_avg_surf_p=36.7096 *
    val_single_in_dist         loss=1.6342  surf[p=37.9343 Ux=0.3760 Uy=0.2378]  vol[p=45.5668 Ux=2.1308 Uy=0.7790]
    val_geom_camber_rc         loss=0.8262  surf[p=49.1903 Ux=0.7432 Uy=0.3920]  vol[p=55.0595 Ux=2.8560 Uy=1.3090]
    val_geom_camber_cruise     loss=0.1712  surf[p=21.1589 Ux=0.2704 Uy=0.1569]  vol[p=22.9712 Ux=1.4245 Uy=0.4951]
    val_re_rand                loss=0.7333  surf[p=38.5550 Ux=0.5089 Uy=0.2723]  vol[p=39.3301 Ux=1.9882 Uy=0.8515]
Epoch  91 (99s) [32.9GB]  train[vol=0.2077 surf=0.0830]  val_avg_surf_p=36.5239 *
    val_single_in_dist         loss=1.6477  surf[p=37.9931 Ux=0.3740 Uy=0.2370]  vol[p=45.3399 Ux=2.1223 Uy=0.7760]
    val_geom_camber_rc         loss=0.8276  surf[p=48.9627 Ux=0.7407 Uy=0.3904]  vol[p=54.8153 Ux=2.8477 Uy=1.3057]
    val_geom_camber_cruise     loss=0.1680  surf[p=20.9396 Ux=0.2686 Uy=0.1557]  vol[p=22.8895 Ux=1.4188 Uy=0.4925]
    val_re_rand                loss=0.7283  surf[p=38.2001 Ux=0.5049 Uy=0.2711]  vol[p=39.0462 Ux=1.9815 Uy=0.8478]
Epoch  92 (96s) [32.9GB]  train[vol=0.2208 surf=0.0914]  val_avg_surf_p=36.3848 *
    val_single_in_dist         loss=1.6709  surf[p=37.8888 Ux=0.3715 Uy=0.2367]  vol[p=45.0868 Ux=2.1153 Uy=0.7743]
    val_geom_camber_rc         loss=0.8250  surf[p=48.9183 Ux=0.7377 Uy=0.3900]  vol[p=54.7081 Ux=2.8399 Uy=1.3032]
    val_geom_camber_cruise     loss=0.1658  surf[p=20.7702 Ux=0.2640 Uy=0.1553]  vol[p=22.7601 Ux=1.4126 Uy=0.4906]
    val_re_rand                loss=0.7265  surf[p=37.9621 Ux=0.5028 Uy=0.2707]  vol[p=38.8652 Ux=1.9739 Uy=0.8455]
Epoch  93 (97s) [32.9GB]  train[vol=0.2182 surf=0.0890]  val_avg_surf_p=36.1310 *
    val_single_in_dist         loss=1.6318  surf[p=37.3539 Ux=0.3721 Uy=0.2354]  vol[p=44.8398 Ux=2.1105 Uy=0.7713]
    val_geom_camber_rc         loss=0.8269  surf[p=48.7890 Ux=0.7368 Uy=0.3892]  vol[p=54.5306 Ux=2.8310 Uy=1.2998]
    val_geom_camber_cruise     loss=0.1642  surf[p=20.5706 Ux=0.2617 Uy=0.1545]  vol[p=22.6465 Ux=1.4062 Uy=0.4883]
    val_re_rand                loss=0.7211  surf[p=37.8107 Ux=0.5001 Uy=0.2700]  vol[p=38.6755 Ux=1.9686 Uy=0.8437]
Epoch  94 (95s) [32.9GB]  train[vol=0.2113 surf=0.0843]  val_avg_surf_p=35.8852 *
    val_single_in_dist         loss=1.5497  surf[p=37.0347 Ux=0.3701 Uy=0.2334]  vol[p=44.6660 Ux=2.1020 Uy=0.7674]
    val_geom_camber_rc         loss=0.8304  surf[p=48.6077 Ux=0.7355 Uy=0.3888]  vol[p=54.3234 Ux=2.8246 Uy=1.2964]
    val_geom_camber_cruise     loss=0.1626  surf[p=20.3999 Ux=0.2617 Uy=0.1541]  vol[p=22.5234 Ux=1.4030 Uy=0.4867]
    val_re_rand                loss=0.7080  surf[p=37.4986 Ux=0.4986 Uy=0.2695]  vol[p=38.4432 Ux=1.9614 Uy=0.8402]
Epoch  95 (97s) [32.9GB]  train[vol=0.2171 surf=0.0902]  val_avg_surf_p=35.6879 *
    val_single_in_dist         loss=1.5882  surf[p=36.6362 Ux=0.3693 Uy=0.2323]  vol[p=44.5507 Ux=2.0963 Uy=0.7652]
    val_geom_camber_rc         loss=0.8174  surf[p=48.4491 Ux=0.7333 Uy=0.3883]  vol[p=54.0867 Ux=2.8174 Uy=1.2919]
    val_geom_camber_cruise     loss=0.1610  surf[p=20.2455 Ux=0.2646 Uy=0.1538]  vol[p=22.4148 Ux=1.4025 Uy=0.4854]
    val_re_rand                loss=0.7063  surf[p=37.4208 Ux=0.4963 Uy=0.2679]  vol[p=38.3035 Ux=1.9551 Uy=0.8371]
Epoch  96 (97s) [32.9GB]  train[vol=0.2126 surf=0.0882]  val_avg_surf_p=35.5978 *
    val_single_in_dist         loss=1.5629  surf[p=36.5976 Ux=0.3658 Uy=0.2309]  vol[p=44.2901 Ux=2.0879 Uy=0.7621]
    val_geom_camber_rc         loss=0.8051  surf[p=48.2694 Ux=0.7297 Uy=0.3869]  vol[p=53.9017 Ux=2.8095 Uy=1.2886]
    val_geom_camber_cruise     loss=0.1602  surf[p=20.1783 Ux=0.2631 Uy=0.1534]  vol[p=22.3507 Ux=1.3992 Uy=0.4844]
    val_re_rand                loss=0.7060  surf[p=37.3460 Ux=0.4945 Uy=0.2671]  vol[p=38.2440 Ux=1.9518 Uy=0.8352]
Epoch  97 (97s) [32.9GB]  train[vol=0.2207 surf=0.0909]  val_avg_surf_p=35.5104 *
    val_single_in_dist         loss=1.6151  surf[p=36.3766 Ux=0.3608 Uy=0.2310]  vol[p=44.2762 Ux=2.0813 Uy=0.7603]
    val_geom_camber_rc         loss=0.8011  surf[p=48.2784 Ux=0.7247 Uy=0.3857]  vol[p=53.8518 Ux=2.7986 Uy=1.2850]
    val_geom_camber_cruise     loss=0.1604  surf[p=20.1242 Ux=0.2629 Uy=0.1532]  vol[p=22.3274 Ux=1.3965 Uy=0.4837]
    val_re_rand                loss=0.7064  surf[p=37.2622 Ux=0.4933 Uy=0.2668]  vol[p=38.2644 Ux=1.9495 Uy=0.8338]
Epoch  98 (98s) [32.9GB]  train[vol=0.2062 surf=0.0809]  val_avg_surf_p=35.4138 *
    val_single_in_dist         loss=1.6591  surf[p=36.4474 Ux=0.3590 Uy=0.2310]  vol[p=44.2157 Ux=2.0745 Uy=0.7582]
    val_geom_camber_rc         loss=0.7942  surf[p=48.0311 Ux=0.7226 Uy=0.3835]  vol[p=53.7637 Ux=2.7922 Uy=1.2806]
    val_geom_camber_cruise     loss=0.1591  surf[p=20.0312 Ux=0.2607 Uy=0.1526]  vol[p=22.2172 Ux=1.3921 Uy=0.4827]
    val_re_rand                loss=0.7068  surf[p=37.1453 Ux=0.4920 Uy=0.2661]  vol[p=38.1372 Ux=1.9461 Uy=0.8319]
Epoch  99 (96s) [32.9GB]  train[vol=0.2195 surf=0.0888]  val_avg_surf_p=35.3312 *
    val_single_in_dist         loss=1.6704  surf[p=36.4526 Ux=0.3584 Uy=0.2310]  vol[p=44.1661 Ux=2.0688 Uy=0.7556]
    val_geom_camber_rc         loss=0.7858  surf[p=47.8303 Ux=0.7190 Uy=0.3828]  vol[p=53.6164 Ux=2.7891 Uy=1.2782]
    val_geom_camber_cruise     loss=0.1578  surf[p=19.9044 Ux=0.2616 Uy=0.1519]  vol[p=22.1297 Ux=1.3885 Uy=0.4812]
    val_re_rand                loss=0.7054  surf[p=37.1374 Ux=0.4928 Uy=0.2658]  vol[p=38.1506 Ux=1.9427 Uy=0.8313]
Epoch 100 (97s) [32.9GB]  train[vol=0.2187 surf=0.0872]  val_avg_surf_p=35.1851 *
    val_single_in_dist         loss=1.6451  surf[p=36.1322 Ux=0.3555 Uy=0.2308]  vol[p=44.0137 Ux=2.0649 Uy=0.7551]
    val_geom_camber_rc         loss=0.7855  surf[p=47.7853 Ux=0.7184 Uy=0.3828]  vol[p=53.5096 Ux=2.7838 Uy=1.2766]
    val_geom_camber_cruise     loss=0.1556  surf[p=19.7578 Ux=0.2599 Uy=0.1516]  vol[p=22.0482 Ux=1.3833 Uy=0.4790]
    val_re_rand                loss=0.7112  surf[p=37.0653 Ux=0.4923 Uy=0.2653]  vol[p=38.1192 Ux=1.9383 Uy=0.8294]
Epoch 101 (96s) [32.9GB]  train[vol=0.2028 surf=0.0773]  val_avg_surf_p=34.9200 *
    val_single_in_dist         loss=1.6159  surf[p=35.6737 Ux=0.3511 Uy=0.2302]  vol[p=43.7634 Ux=2.0605 Uy=0.7518]
    val_geom_camber_rc         loss=0.7762  surf[p=47.6928 Ux=0.7146 Uy=0.3826]  vol[p=53.3283 Ux=2.7786 Uy=1.2752]
    val_geom_camber_cruise     loss=0.1542  surf[p=19.6316 Ux=0.2601 Uy=0.1510]  vol[p=21.9597 Ux=1.3826 Uy=0.4773]
    val_re_rand                loss=0.7043  surf[p=36.6818 Ux=0.4872 Uy=0.2644]  vol[p=37.8491 Ux=1.9324 Uy=0.8274]
Epoch 102 (97s) [32.9GB]  train[vol=0.2028 surf=0.0772]  val_avg_surf_p=34.9225
    val_single_in_dist         loss=1.6134  surf[p=35.7452 Ux=0.3514 Uy=0.2304]  vol[p=43.7433 Ux=2.0561 Uy=0.7501]
    val_geom_camber_rc         loss=0.7900  surf[p=47.8168 Ux=0.7129 Uy=0.3824]  vol[p=53.3336 Ux=2.7734 Uy=1.2736]
    val_geom_camber_cruise     loss=0.1530  surf[p=19.5203 Ux=0.2574 Uy=0.1508]  vol[p=21.8935 Ux=1.3773 Uy=0.4762]
    val_re_rand                loss=0.6994  surf[p=36.6078 Ux=0.4850 Uy=0.2637]  vol[p=37.8011 Ux=1.9268 Uy=0.8259]
Epoch 103 (96s) [32.9GB]  train[vol=0.2151 surf=0.0861]  val_avg_surf_p=34.7765 *
    val_single_in_dist         loss=1.5594  surf[p=35.5227 Ux=0.3485 Uy=0.2294]  vol[p=43.6743 Ux=2.0482 Uy=0.7491]
    val_geom_camber_rc         loss=0.7818  surf[p=47.6167 Ux=0.7107 Uy=0.3814]  vol[p=53.1106 Ux=2.7664 Uy=1.2698]
    val_geom_camber_cruise     loss=0.1517  surf[p=19.3732 Ux=0.2539 Uy=0.1505]  vol[p=21.7887 Ux=1.3723 Uy=0.4745]
    val_re_rand                loss=0.7059  surf[p=36.5935 Ux=0.4841 Uy=0.2636]  vol[p=37.7902 Ux=1.9232 Uy=0.8247]
Epoch 104 (96s) [32.9GB]  train[vol=0.2087 surf=0.0795]  val_avg_surf_p=34.6335 *
    val_single_in_dist         loss=1.5549  surf[p=35.3494 Ux=0.3456 Uy=0.2287]  vol[p=43.5021 Ux=2.0412 Uy=0.7464]
    val_geom_camber_rc         loss=0.7830  surf[p=47.4720 Ux=0.7083 Uy=0.3810]  vol[p=53.0431 Ux=2.7611 Uy=1.2662]
    val_geom_camber_cruise     loss=0.1520  surf[p=19.2837 Ux=0.2518 Uy=0.1497]  vol[p=21.7871 Ux=1.3684 Uy=0.4737]
    val_re_rand                loss=0.7043  surf[p=36.4289 Ux=0.4831 Uy=0.2627]  vol[p=37.6392 Ux=1.9204 Uy=0.8229]
Epoch 105 (97s) [32.9GB]  train[vol=0.2068 surf=0.0808]  val_avg_surf_p=34.5164 *
    val_single_in_dist         loss=1.5533  surf[p=35.1390 Ux=0.3485 Uy=0.2291]  vol[p=43.3001 Ux=2.0365 Uy=0.7459]
    val_geom_camber_rc         loss=0.7834  surf[p=47.4757 Ux=0.7100 Uy=0.3805]  vol[p=52.9924 Ux=2.7586 Uy=1.2637]
    val_geom_camber_cruise     loss=0.1508  surf[p=19.1270 Ux=0.2525 Uy=0.1496]  vol[p=21.7235 Ux=1.3625 Uy=0.4722]
    val_re_rand                loss=0.7036  surf[p=36.3239 Ux=0.4834 Uy=0.2623]  vol[p=37.5477 Ux=1.9171 Uy=0.8207]
Epoch 106 (96s) [32.9GB]  train[vol=0.2006 surf=0.0749]  val_avg_surf_p=34.4934 *
    val_single_in_dist         loss=1.5505  surf[p=35.1910 Ux=0.3468 Uy=0.2293]  vol[p=43.1936 Ux=2.0313 Uy=0.7445]
    val_geom_camber_rc         loss=0.7820  surf[p=47.3769 Ux=0.7089 Uy=0.3805]  vol[p=52.9026 Ux=2.7555 Uy=1.2630]
    val_geom_camber_cruise     loss=0.1509  surf[p=19.1160 Ux=0.2538 Uy=0.1497]  vol[p=21.6948 Ux=1.3599 Uy=0.4714]
    val_re_rand                loss=0.7076  surf[p=36.2895 Ux=0.4818 Uy=0.2618]  vol[p=37.5099 Ux=1.9130 Uy=0.8182]
Epoch 107 (98s) [32.9GB]  train[vol=0.2110 surf=0.0844]  val_avg_surf_p=34.4095 *
    val_single_in_dist         loss=1.5173  surf[p=34.9568 Ux=0.3462 Uy=0.2285]  vol[p=43.0782 Ux=2.0257 Uy=0.7422]
    val_geom_camber_rc         loss=0.7885  surf[p=47.3974 Ux=0.7074 Uy=0.3796]  vol[p=52.8588 Ux=2.7479 Uy=1.2605]
    val_geom_camber_cruise     loss=0.1502  surf[p=19.0594 Ux=0.2554 Uy=0.1496]  vol[p=21.6585 Ux=1.3582 Uy=0.4707]
    val_re_rand                loss=0.7046  surf[p=36.2245 Ux=0.4813 Uy=0.2611]  vol[p=37.4568 Ux=1.9103 Uy=0.8171]
Epoch 108 (99s) [32.9GB]  train[vol=0.1938 surf=0.0722]  val_avg_surf_p=34.3684 *
    val_single_in_dist         loss=1.5388  surf[p=34.9079 Ux=0.3397 Uy=0.2277]  vol[p=42.9617 Ux=2.0208 Uy=0.7411]
    val_geom_camber_rc         loss=0.7939  surf[p=47.3579 Ux=0.7015 Uy=0.3784]  vol[p=52.7815 Ux=2.7394 Uy=1.2573]
    val_geom_camber_cruise     loss=0.1493  surf[p=18.9354 Ux=0.2499 Uy=0.1484]  vol[p=21.5861 Ux=1.3540 Uy=0.4692]
    val_re_rand                loss=0.7035  surf[p=36.2722 Ux=0.4788 Uy=0.2607]  vol[p=37.4890 Ux=1.9086 Uy=0.8162]
Epoch 109 (96s) [32.9GB]  train[vol=0.2082 surf=0.0797]  val_avg_surf_p=34.3128 *
    val_single_in_dist         loss=1.5377  surf[p=34.8699 Ux=0.3384 Uy=0.2269]  vol[p=42.9685 Ux=2.0147 Uy=0.7397]
    val_geom_camber_rc         loss=0.7935  surf[p=47.3277 Ux=0.6986 Uy=0.3781]  vol[p=52.7061 Ux=2.7321 Uy=1.2559]
    val_geom_camber_cruise     loss=0.1482  surf[p=18.8471 Ux=0.2497 Uy=0.1480]  vol[p=21.5232 Ux=1.3527 Uy=0.4677]
    val_re_rand                loss=0.6997  surf[p=36.2067 Ux=0.4785 Uy=0.2607]  vol[p=37.3936 Ux=1.9048 Uy=0.8149]
Epoch 110 (96s) [32.9GB]  train[vol=0.1904 surf=0.0692]  val_avg_surf_p=34.2426 *
    val_single_in_dist         loss=1.5506  surf[p=34.7794 Ux=0.3361 Uy=0.2268]  vol[p=42.8817 Ux=2.0114 Uy=0.7387]
    val_geom_camber_rc         loss=0.7806  surf[p=47.2826 Ux=0.6968 Uy=0.3776]  vol[p=52.5457 Ux=2.7264 Uy=1.2532]
    val_geom_camber_cruise     loss=0.1480  surf[p=18.8058 Ux=0.2492 Uy=0.1475]  vol[p=21.4511 Ux=1.3487 Uy=0.4665]
    val_re_rand                loss=0.6997  surf[p=36.1027 Ux=0.4762 Uy=0.2601]  vol[p=37.2452 Ux=1.8997 Uy=0.8129]
Epoch 111 (96s) [32.9GB]  train[vol=0.2129 surf=0.0808]  val_avg_surf_p=34.1235 *
    val_single_in_dist         loss=1.4975  surf[p=34.3891 Ux=0.3404 Uy=0.2255]  vol[p=42.6943 Ux=2.0063 Uy=0.7368]
    val_geom_camber_rc         loss=0.7835  surf[p=47.2772 Ux=0.6997 Uy=0.3776]  vol[p=52.5108 Ux=2.7266 Uy=1.2524]
    val_geom_camber_cruise     loss=0.1472  surf[p=18.7131 Ux=0.2509 Uy=0.1470]  vol[p=21.3963 Ux=1.3472 Uy=0.4656]
    val_re_rand                loss=0.6984  surf[p=36.1146 Ux=0.4782 Uy=0.2599]  vol[p=37.2401 Ux=1.8965 Uy=0.8114]
Epoch 112 (98s) [32.9GB]  train[vol=0.1923 surf=0.0691]  val_avg_surf_p=34.0319 *
    val_single_in_dist         loss=1.4687  surf[p=34.1188 Ux=0.3379 Uy=0.2241]  vol[p=42.5235 Ux=2.0019 Uy=0.7341]
    val_geom_camber_rc         loss=0.7831  surf[p=47.2359 Ux=0.6987 Uy=0.3772]  vol[p=52.4604 Ux=2.7265 Uy=1.2515]
    val_geom_camber_cruise     loss=0.1474  surf[p=18.7265 Ux=0.2475 Uy=0.1469]  vol[p=21.3323 Ux=1.3445 Uy=0.4646]
    val_re_rand                loss=0.6994  surf[p=36.0463 Ux=0.4767 Uy=0.2596]  vol[p=37.1964 Ux=1.8940 Uy=0.8105]
Epoch 113 (96s) [32.9GB]  train[vol=0.2055 surf=0.0757]  val_avg_surf_p=33.9667 *
    val_single_in_dist         loss=1.4906  surf[p=34.0743 Ux=0.3333 Uy=0.2247]  vol[p=42.3149 Ux=1.9976 Uy=0.7331]
    val_geom_camber_rc         loss=0.7878  surf[p=47.2536 Ux=0.6954 Uy=0.3771]  vol[p=52.4811 Ux=2.7248 Uy=1.2500]
    val_geom_camber_cruise     loss=0.1469  surf[p=18.6394 Ux=0.2474 Uy=0.1472]  vol[p=21.3242 Ux=1.3408 Uy=0.4641]
    val_re_rand                loss=0.6938  surf[p=35.8993 Ux=0.4741 Uy=0.2591]  vol[p=37.0787 Ux=1.8902 Uy=0.8090]
Epoch 114 (97s) [32.9GB]  train[vol=0.1945 surf=0.0704]  val_avg_surf_p=33.9284 *
    val_single_in_dist         loss=1.5113  surf[p=34.1826 Ux=0.3320 Uy=0.2251]  vol[p=42.3515 Ux=1.9956 Uy=0.7330]
    val_geom_camber_rc         loss=0.7873  surf[p=47.1913 Ux=0.6951 Uy=0.3766]  vol[p=52.4894 Ux=2.7206 Uy=1.2490]
    val_geom_camber_cruise     loss=0.1462  surf[p=18.5776 Ux=0.2454 Uy=0.1460]  vol[p=21.2656 Ux=1.3365 Uy=0.4635]
    val_re_rand                loss=0.6913  surf[p=35.7621 Ux=0.4722 Uy=0.2578]  vol[p=36.9576 Ux=1.8875 Uy=0.8078]
Epoch 115 (96s) [32.9GB]  train[vol=0.2075 surf=0.0778]  val_avg_surf_p=33.8672 *
    val_single_in_dist         loss=1.5001  surf[p=34.1272 Ux=0.3295 Uy=0.2237]  vol[p=42.3032 Ux=1.9918 Uy=0.7309]
    val_geom_camber_rc         loss=0.7983  surf[p=47.1926 Ux=0.6919 Uy=0.3762]  vol[p=52.4580 Ux=2.7188 Uy=1.2480]
    val_geom_camber_cruise     loss=0.1460  surf[p=18.4984 Ux=0.2471 Uy=0.1457]  vol[p=21.1850 Ux=1.3358 Uy=0.4629]
    val_re_rand                loss=0.6899  surf[p=35.6506 Ux=0.4704 Uy=0.2568]  vol[p=36.8442 Ux=1.8842 Uy=0.8063]
Epoch 116 (97s) [32.9GB]  train[vol=0.1934 surf=0.0676]  val_avg_surf_p=33.7907 *
    val_single_in_dist         loss=1.4772  surf[p=34.0676 Ux=0.3276 Uy=0.2228]  vol[p=42.4203 Ux=1.9874 Uy=0.7286]
    val_geom_camber_rc         loss=0.7946  surf[p=47.1472 Ux=0.6912 Uy=0.3754]  vol[p=52.3855 Ux=2.7137 Uy=1.2457]
    val_geom_camber_cruise     loss=0.1455  surf[p=18.4132 Ux=0.2461 Uy=0.1458]  vol[p=21.1165 Ux=1.3348 Uy=0.4627]
    val_re_rand                loss=0.6889  surf[p=35.5346 Ux=0.4688 Uy=0.2564]  vol[p=36.7180 Ux=1.8832 Uy=0.8052]
Epoch 117 (99s) [32.9GB]  train[vol=0.1945 surf=0.0715]  val_avg_surf_p=33.7166 *
    val_single_in_dist         loss=1.4920  surf[p=34.0967 Ux=0.3263 Uy=0.2231]  vol[p=42.3533 Ux=1.9836 Uy=0.7272]
    val_geom_camber_rc         loss=0.7932  surf[p=46.9725 Ux=0.6893 Uy=0.3746]  vol[p=52.2511 Ux=2.7094 Uy=1.2434]
    val_geom_camber_cruise     loss=0.1452  surf[p=18.3457 Ux=0.2449 Uy=0.1457]  vol[p=21.0633 Ux=1.3328 Uy=0.4620]
    val_re_rand                loss=0.6876  surf[p=35.4515 Ux=0.4675 Uy=0.2561]  vol[p=36.6279 Ux=1.8809 Uy=0.8040]
Epoch 118 (99s) [32.9GB]  train[vol=0.1840 surf=0.0629]  val_avg_surf_p=33.6553 *
    val_single_in_dist         loss=1.4911  surf[p=34.1457 Ux=0.3290 Uy=0.2227]  vol[p=42.3113 Ux=1.9813 Uy=0.7256]
    val_geom_camber_rc         loss=0.7865  surf[p=46.8251 Ux=0.6915 Uy=0.3742]  vol[p=52.1694 Ux=2.7042 Uy=1.2411]
    val_geom_camber_cruise     loss=0.1445  surf[p=18.2478 Ux=0.2465 Uy=0.1450]  vol[p=21.0162 Ux=1.3305 Uy=0.4614]
    val_re_rand                loss=0.6863  surf[p=35.4025 Ux=0.4690 Uy=0.2557]  vol[p=36.5788 Ux=1.8781 Uy=0.8027]
Epoch 119 (97s) [32.9GB]  train[vol=0.1926 surf=0.0679]  val_avg_surf_p=33.6183 *
    val_single_in_dist         loss=1.4887  surf[p=34.0743 Ux=0.3286 Uy=0.2230]  vol[p=42.2495 Ux=1.9778 Uy=0.7244]
    val_geom_camber_rc         loss=0.7945  surf[p=46.8393 Ux=0.6920 Uy=0.3746]  vol[p=52.2148 Ux=2.7048 Uy=1.2406]
    val_geom_camber_cruise     loss=0.1434  surf[p=18.1567 Ux=0.2464 Uy=0.1450]  vol[p=20.9667 Ux=1.3281 Uy=0.4606]
    val_re_rand                loss=0.6834  surf[p=35.4028 Ux=0.4703 Uy=0.2555]  vol[p=36.5547 Ux=1.8771 Uy=0.8019]
Epoch 120 (97s) [32.9GB]  train[vol=0.1951 surf=0.0701]  val_avg_surf_p=33.6003 *
    val_single_in_dist         loss=1.4948  surf[p=34.1799 Ux=0.3283 Uy=0.2227]  vol[p=42.1668 Ux=1.9731 Uy=0.7228]
    val_geom_camber_rc         loss=0.7917  surf[p=46.6812 Ux=0.6909 Uy=0.3734]  vol[p=51.9870 Ux=2.7007 Uy=1.2386]
    val_geom_camber_cruise     loss=0.1431  surf[p=18.1036 Ux=0.2455 Uy=0.1446]  vol[p=20.9291 Ux=1.3269 Uy=0.4603]
    val_re_rand                loss=0.6878  surf[p=35.4366 Ux=0.4702 Uy=0.2554]  vol[p=36.5491 Ux=1.8753 Uy=0.8011]
Epoch 121 (99s) [32.9GB]  train[vol=0.2026 surf=0.0753]  val_avg_surf_p=33.5150 *
    val_single_in_dist         loss=1.4933  surf[p=33.9941 Ux=0.3240 Uy=0.2223]  vol[p=42.0294 Ux=1.9688 Uy=0.7217]
    val_geom_camber_rc         loss=0.8003  surf[p=46.6666 Ux=0.6878 Uy=0.3733]  vol[p=52.0364 Ux=2.6965 Uy=1.2371]
    val_geom_camber_cruise     loss=0.1418  surf[p=18.0396 Ux=0.2419 Uy=0.1445]  vol[p=20.9201 Ux=1.3235 Uy=0.4595]
    val_re_rand                loss=0.6847  surf[p=35.3596 Ux=0.4673 Uy=0.2555]  vol[p=36.4926 Ux=1.8726 Uy=0.8002]
Epoch 122 (97s) [32.9GB]  train[vol=0.1840 surf=0.0640]  val_avg_surf_p=33.4494 *
    val_single_in_dist         loss=1.4991  surf[p=34.0110 Ux=0.3224 Uy=0.2223]  vol[p=42.0134 Ux=1.9675 Uy=0.7216]
    val_geom_camber_rc         loss=0.7868  surf[p=46.5259 Ux=0.6835 Uy=0.3728]  vol[p=51.8855 Ux=2.6930 Uy=1.2362]
    val_geom_camber_cruise     loss=0.1414  surf[p=17.9968 Ux=0.2406 Uy=0.1438]  vol[p=20.8543 Ux=1.3221 Uy=0.4590]
    val_re_rand                loss=0.6853  surf[p=35.2638 Ux=0.4651 Uy=0.2547]  vol[p=36.4012 Ux=1.8697 Uy=0.7985]
Epoch 123 (96s) [32.9GB]  train[vol=0.2023 surf=0.0745]  val_avg_surf_p=33.4364 *
    val_single_in_dist         loss=1.4942  surf[p=33.9744 Ux=0.3207 Uy=0.2215]  vol[p=41.9736 Ux=1.9641 Uy=0.7198]
    val_geom_camber_rc         loss=0.7872  surf[p=46.5674 Ux=0.6818 Uy=0.3726]  vol[p=51.9574 Ux=2.6923 Uy=1.2361]
    val_geom_camber_cruise     loss=0.1413  surf[p=17.9775 Ux=0.2408 Uy=0.1436]  vol[p=20.8427 Ux=1.3208 Uy=0.4586]
    val_re_rand                loss=0.6848  surf[p=35.2262 Ux=0.4644 Uy=0.2543]  vol[p=36.3601 Ux=1.8677 Uy=0.7975]
Epoch 124 (98s) [32.9GB]  train[vol=0.1998 surf=0.0730]  val_avg_surf_p=33.4454
    val_single_in_dist         loss=1.5031  surf[p=34.0375 Ux=0.3204 Uy=0.2217]  vol[p=41.9874 Ux=1.9627 Uy=0.7187]
    val_geom_camber_rc         loss=0.7945  surf[p=46.6694 Ux=0.6819 Uy=0.3726]  vol[p=52.0311 Ux=2.6912 Uy=1.2353]
    val_geom_camber_cruise     loss=0.1407  surf[p=17.9276 Ux=0.2402 Uy=0.1436]  vol[p=20.8108 Ux=1.3179 Uy=0.4575]
    val_re_rand                loss=0.6789  surf[p=35.1474 Ux=0.4635 Uy=0.2537]  vol[p=36.2613 Ux=1.8655 Uy=0.7964]
Epoch 125 (97s) [32.9GB]  train[vol=0.1874 surf=0.0636]  val_avg_surf_p=33.4425
    val_single_in_dist         loss=1.5221  surf[p=34.0476 Ux=0.3197 Uy=0.2218]  vol[p=41.9613 Ux=1.9608 Uy=0.7181]
    val_geom_camber_rc         loss=0.7985  surf[p=46.7339 Ux=0.6828 Uy=0.3731]  vol[p=52.0250 Ux=2.6898 Uy=1.2358]
    val_geom_camber_cruise     loss=0.1401  surf[p=17.8951 Ux=0.2391 Uy=0.1433]  vol[p=20.7719 Ux=1.3163 Uy=0.4565]
    val_re_rand                loss=0.6792  surf[p=35.0933 Ux=0.4633 Uy=0.2536]  vol[p=36.2491 Ux=1.8639 Uy=0.7958]
Epoch 126 (97s) [32.9GB]  train[vol=0.1841 surf=0.0609]  val_avg_surf_p=33.3805 *
    val_single_in_dist         loss=1.5444  surf[p=34.0422 Ux=0.3217 Uy=0.2223]  vol[p=41.8551 Ux=1.9595 Uy=0.7178]
    val_geom_camber_rc         loss=0.7890  surf[p=46.6843 Ux=0.6822 Uy=0.3728]  vol[p=51.8980 Ux=2.6864 Uy=1.2338]
    val_geom_camber_cruise     loss=0.1391  surf[p=17.7978 Ux=0.2391 Uy=0.1431]  vol[p=20.7372 Ux=1.3143 Uy=0.4558]
    val_re_rand                loss=0.6782  surf[p=34.9979 Ux=0.4641 Uy=0.2533]  vol[p=36.1771 Ux=1.8629 Uy=0.7946]
Epoch 127 (98s) [32.9GB]  train[vol=0.1974 surf=0.0688]  val_avg_surf_p=33.3600 *
    val_single_in_dist         loss=1.5468  surf[p=34.1000 Ux=0.3209 Uy=0.2219]  vol[p=41.7846 Ux=1.9560 Uy=0.7171]
    val_geom_camber_rc         loss=0.7857  surf[p=46.6591 Ux=0.6809 Uy=0.3725]  vol[p=51.9123 Ux=2.6855 Uy=1.2339]
    val_geom_camber_cruise     loss=0.1384  surf[p=17.7992 Ux=0.2370 Uy=0.1429]  vol[p=20.7164 Ux=1.3126 Uy=0.4554]
    val_re_rand                loss=0.6760  surf[p=34.8818 Ux=0.4625 Uy=0.2531]  vol[p=36.1071 Ux=1.8625 Uy=0.7936]
Epoch 128 (98s) [32.9GB]  train[vol=0.1925 surf=0.0657]  val_avg_surf_p=33.3450 *
    val_single_in_dist         loss=1.5406  surf[p=34.0936 Ux=0.3218 Uy=0.2215]  vol[p=41.6938 Ux=1.9544 Uy=0.7160]
    val_geom_camber_rc         loss=0.7882  surf[p=46.5853 Ux=0.6804 Uy=0.3721]  vol[p=51.9008 Ux=2.6841 Uy=1.2327]
    val_geom_camber_cruise     loss=0.1387  surf[p=17.7931 Ux=0.2368 Uy=0.1431]  vol[p=20.6951 Ux=1.3116 Uy=0.4552]
    val_re_rand                loss=0.6767  surf[p=34.9078 Ux=0.4627 Uy=0.2532]  vol[p=36.1359 Ux=1.8619 Uy=0.7930]
Epoch 129 (96s) [32.9GB]  train[vol=0.1991 surf=0.0688]  val_avg_surf_p=33.3323 *
    val_single_in_dist         loss=1.5573  surf[p=34.1713 Ux=0.3200 Uy=0.2215]  vol[p=41.7218 Ux=1.9544 Uy=0.7166]
    val_geom_camber_rc         loss=0.7851  surf[p=46.5668 Ux=0.6783 Uy=0.3716]  vol[p=51.8393 Ux=2.6823 Uy=1.2313]
    val_geom_camber_cruise     loss=0.1385  surf[p=17.7246 Ux=0.2386 Uy=0.1427]  vol[p=20.6371 Ux=1.3109 Uy=0.4549]
    val_re_rand                loss=0.6808  surf[p=34.8667 Ux=0.4609 Uy=0.2529]  vol[p=36.0862 Ux=1.8602 Uy=0.7929]
Epoch 130 (97s) [32.9GB]  train[vol=0.1911 surf=0.0669]  val_avg_surf_p=33.2990 *
    val_single_in_dist         loss=1.5532  surf[p=34.0857 Ux=0.3184 Uy=0.2210]  vol[p=41.6783 Ux=1.9526 Uy=0.7164]
    val_geom_camber_rc         loss=0.7868  surf[p=46.5258 Ux=0.6783 Uy=0.3714]  vol[p=51.8449 Ux=2.6804 Uy=1.2303]
    val_geom_camber_cruise     loss=0.1385  surf[p=17.7237 Ux=0.2383 Uy=0.1425]  vol[p=20.6483 Ux=1.3112 Uy=0.4546]
    val_re_rand                loss=0.6823  surf[p=34.8606 Ux=0.4611 Uy=0.2531]  vol[p=36.0536 Ux=1.8593 Uy=0.7922]
Epoch 131 (96s) [32.9GB]  train[vol=0.1886 surf=0.0632]  val_avg_surf_p=33.2578 *
    val_single_in_dist         loss=1.5535  surf[p=33.9859 Ux=0.3172 Uy=0.2212]  vol[p=41.6891 Ux=1.9510 Uy=0.7162]
    val_geom_camber_rc         loss=0.7922  surf[p=46.5120 Ux=0.6774 Uy=0.3712]  vol[p=51.8831 Ux=2.6799 Uy=1.2295]
    val_geom_camber_cruise     loss=0.1382  surf[p=17.6781 Ux=0.2374 Uy=0.1427]  vol[p=20.6232 Ux=1.3106 Uy=0.4542]
    val_re_rand                loss=0.6824  surf[p=34.8554 Ux=0.4612 Uy=0.2535]  vol[p=36.0726 Ux=1.8589 Uy=0.7921]
Epoch 132 (98s) [32.9GB]  train[vol=0.1801 surf=0.0578]  val_avg_surf_p=33.2330 *
    val_single_in_dist         loss=1.5468  surf[p=33.8895 Ux=0.3164 Uy=0.2202]  vol[p=41.6004 Ux=1.9485 Uy=0.7148]
    val_geom_camber_rc         loss=0.7997  surf[p=46.5834 Ux=0.6768 Uy=0.3712]  vol[p=51.9664 Ux=2.6807 Uy=1.2292]
    val_geom_camber_cruise     loss=0.1379  surf[p=17.6515 Ux=0.2371 Uy=0.1422]  vol[p=20.6068 Ux=1.3095 Uy=0.4540]
    val_re_rand                loss=0.6803  surf[p=34.8075 Ux=0.4613 Uy=0.2533]  vol[p=36.0181 Ux=1.8568 Uy=0.7918]
Epoch 133 (98s) [32.9GB]  train[vol=0.1831 surf=0.0601]  val_avg_surf_p=33.1937 *
    val_single_in_dist         loss=1.5457  surf[p=33.8103 Ux=0.3162 Uy=0.2202]  vol[p=41.5361 Ux=1.9462 Uy=0.7141]
    val_geom_camber_rc         loss=0.8004  surf[p=46.5158 Ux=0.6759 Uy=0.3712]  vol[p=51.9303 Ux=2.6799 Uy=1.2286]
    val_geom_camber_cruise     loss=0.1379  surf[p=17.6337 Ux=0.2373 Uy=0.1421]  vol[p=20.6190 Ux=1.3086 Uy=0.4538]
    val_re_rand                loss=0.6804  surf[p=34.8152 Ux=0.4607 Uy=0.2536]  vol[p=36.0349 Ux=1.8555 Uy=0.7914]
Epoch 134 (97s) [32.9GB]  train[vol=0.1851 surf=0.0629]  val_avg_surf_p=33.1818 *
    val_single_in_dist         loss=1.5623  surf[p=33.8361 Ux=0.3165 Uy=0.2205]  vol[p=41.5733 Ux=1.9463 Uy=0.7148]
    val_geom_camber_rc         loss=0.7948  surf[p=46.4303 Ux=0.6756 Uy=0.3713]  vol[p=51.8152 Ux=2.6784 Uy=1.2278]
    val_geom_camber_cruise     loss=0.1383  surf[p=17.6481 Ux=0.2369 Uy=0.1419]  vol[p=20.6027 Ux=1.3072 Uy=0.4533]
    val_re_rand                loss=0.6847  surf[p=34.8127 Ux=0.4605 Uy=0.2534]  vol[p=36.0401 Ux=1.8551 Uy=0.7911]
Epoch 135 (97s) [32.9GB]  train[vol=0.2012 surf=0.0707]  val_avg_surf_p=33.1468 *
    val_single_in_dist         loss=1.5577  surf[p=33.7456 Ux=0.3162 Uy=0.2201]  vol[p=41.5244 Ux=1.9447 Uy=0.7139]
    val_geom_camber_rc         loss=0.7948  surf[p=46.3469 Ux=0.6757 Uy=0.3708]  vol[p=51.7308 Ux=2.6772 Uy=1.2268]
    val_geom_camber_cruise     loss=0.1380  surf[p=17.6516 Ux=0.2366 Uy=0.1415]  vol[p=20.5842 Ux=1.3065 Uy=0.4530]
    val_re_rand                loss=0.6862  surf[p=34.8433 Ux=0.4605 Uy=0.2533]  vol[p=36.0557 Ux=1.8550 Uy=0.7911]
Epoch 136 (97s) [32.9GB]  train[vol=0.1886 surf=0.0637]  val_avg_surf_p=33.1032 *
    val_single_in_dist         loss=1.5498  surf[p=33.6218 Ux=0.3152 Uy=0.2202]  vol[p=41.4832 Ux=1.9430 Uy=0.7133]
    val_geom_camber_rc         loss=0.7954  surf[p=46.3459 Ux=0.6746 Uy=0.3706]  vol[p=51.7459 Ux=2.6778 Uy=1.2265]
    val_geom_camber_cruise     loss=0.1376  surf[p=17.6159 Ux=0.2362 Uy=0.1416]  vol[p=20.5844 Ux=1.3063 Uy=0.4532]
    val_re_rand                loss=0.6862  surf[p=34.8293 Ux=0.4605 Uy=0.2533]  vol[p=36.0655 Ux=1.8551 Uy=0.7910]
Epoch 137 (96s) [32.9GB]  train[vol=0.1774 surf=0.0563]  val_avg_surf_p=33.0975 *
    val_single_in_dist         loss=1.5429  surf[p=33.5213 Ux=0.3156 Uy=0.2198]  vol[p=41.4316 Ux=1.9412 Uy=0.7125]
    val_geom_camber_rc         loss=0.7999  surf[p=46.4120 Ux=0.6744 Uy=0.3707]  vol[p=51.7723 Ux=2.6775 Uy=1.2263]
    val_geom_camber_cruise     loss=0.1376  surf[p=17.6282 Ux=0.2366 Uy=0.1413]  vol[p=20.5718 Ux=1.3054 Uy=0.4529]
    val_re_rand                loss=0.6843  surf[p=34.8285 Ux=0.4602 Uy=0.2531]  vol[p=36.0481 Ux=1.8539 Uy=0.7906]
Epoch 138 (97s) [32.9GB]  train[vol=0.1878 surf=0.0618]  val_avg_surf_p=33.0863 *
    val_single_in_dist         loss=1.5418  surf[p=33.4767 Ux=0.3150 Uy=0.2192]  vol[p=41.3846 Ux=1.9411 Uy=0.7119]
    val_geom_camber_rc         loss=0.8024  surf[p=46.4095 Ux=0.6748 Uy=0.3708]  vol[p=51.7715 Ux=2.6763 Uy=1.2258]
    val_geom_camber_cruise     loss=0.1374  surf[p=17.6190 Ux=0.2362 Uy=0.1414]  vol[p=20.5597 Ux=1.3043 Uy=0.4527]
    val_re_rand                loss=0.6854  surf[p=34.8400 Ux=0.4600 Uy=0.2530]  vol[p=36.0497 Ux=1.8533 Uy=0.7903]
Epoch 139 (97s) [32.9GB]  train[vol=0.1947 surf=0.0649]  val_avg_surf_p=33.0571 *
    val_single_in_dist         loss=1.5305  surf[p=33.4055 Ux=0.3139 Uy=0.2188]  vol[p=41.3282 Ux=1.9411 Uy=0.7112]
    val_geom_camber_rc         loss=0.8059  surf[p=46.4290 Ux=0.6745 Uy=0.3708]  vol[p=51.7454 Ux=2.6765 Uy=1.2255]
    val_geom_camber_cruise     loss=0.1374  surf[p=17.5739 Ux=0.2357 Uy=0.1414]  vol[p=20.5259 Ux=1.3027 Uy=0.4525]
    val_re_rand                loss=0.6846  surf[p=34.8199 Ux=0.4603 Uy=0.2528]  vol[p=36.0135 Ux=1.8530 Uy=0.7900]
Epoch 140 (99s) [32.9GB]  train[vol=0.1754 surf=0.0547]  val_avg_surf_p=33.0649
    val_single_in_dist         loss=1.5258  surf[p=33.4473 Ux=0.3150 Uy=0.2188]  vol[p=41.3215 Ux=1.9406 Uy=0.7108]
    val_geom_camber_rc         loss=0.8114  surf[p=46.4523 Ux=0.6748 Uy=0.3710]  vol[p=51.7662 Ux=2.6756 Uy=1.2259]
    val_geom_camber_cruise     loss=0.1372  surf[p=17.5536 Ux=0.2356 Uy=0.1414]  vol[p=20.5209 Ux=1.3023 Uy=0.4523]
    val_re_rand                loss=0.6837  surf[p=34.8063 Ux=0.4600 Uy=0.2527]  vol[p=35.9960 Ux=1.8524 Uy=0.7895]
Epoch 141 (97s) [32.9GB]  train[vol=0.1887 surf=0.0619]  val_avg_surf_p=33.0557 *
    val_single_in_dist         loss=1.5254  surf[p=33.4533 Ux=0.3147 Uy=0.2189]  vol[p=41.3003 Ux=1.9394 Uy=0.7102]
    val_geom_camber_rc         loss=0.8118  surf[p=46.4486 Ux=0.6749 Uy=0.3711]  vol[p=51.7592 Ux=2.6750 Uy=1.2257]
    val_geom_camber_cruise     loss=0.1369  surf[p=17.5354 Ux=0.2350 Uy=0.1413]  vol[p=20.5057 Ux=1.3017 Uy=0.4518]
    val_re_rand                loss=0.6839  surf[p=34.7855 Ux=0.4600 Uy=0.2525]  vol[p=35.9727 Ux=1.8520 Uy=0.7893]
Epoch 142 (98s) [32.9GB]  train[vol=0.1845 surf=0.0631]  val_avg_surf_p=33.0446 *
    val_single_in_dist         loss=1.5298  surf[p=33.4508 Ux=0.3151 Uy=0.2190]  vol[p=41.3176 Ux=1.9384 Uy=0.7103]
    val_geom_camber_rc         loss=0.8105  surf[p=46.4317 Ux=0.6748 Uy=0.3711]  vol[p=51.7482 Ux=2.6755 Uy=1.2256]
    val_geom_camber_cruise     loss=0.1368  surf[p=17.5493 Ux=0.2348 Uy=0.1412]  vol[p=20.5182 Ux=1.3010 Uy=0.4515]
    val_re_rand                loss=0.6834  surf[p=34.7467 Ux=0.4598 Uy=0.2523]  vol[p=35.9530 Ux=1.8516 Uy=0.7889]
Epoch 143 (97s) [32.9GB]  train[vol=0.1830 surf=0.0587]  val_avg_surf_p=33.0373 *
    val_single_in_dist         loss=1.5299  surf[p=33.4673 Ux=0.3152 Uy=0.2192]  vol[p=41.3334 Ux=1.9381 Uy=0.7104]
    val_geom_camber_rc         loss=0.8103  surf[p=46.4109 Ux=0.6747 Uy=0.3710]  vol[p=51.7529 Ux=2.6759 Uy=1.2257]
    val_geom_camber_cruise     loss=0.1368  surf[p=17.5357 Ux=0.2344 Uy=0.1412]  vol[p=20.5075 Ux=1.2999 Uy=0.4511]
    val_re_rand                loss=0.6829  surf[p=34.7355 Ux=0.4598 Uy=0.2522]  vol[p=35.9407 Ux=1.8514 Uy=0.7886]
Epoch 144 (98s) [32.9GB]  train[vol=0.1875 surf=0.0604]  val_avg_surf_p=33.0342 *
    val_single_in_dist         loss=1.5272  surf[p=33.4321 Ux=0.3147 Uy=0.2189]  vol[p=41.3236 Ux=1.9377 Uy=0.7103]
    val_geom_camber_rc         loss=0.8092  surf[p=46.4384 Ux=0.6748 Uy=0.3709]  vol[p=51.7795 Ux=2.6757 Uy=1.2256]
    val_geom_camber_cruise     loss=0.1367  surf[p=17.5152 Ux=0.2343 Uy=0.1412]  vol[p=20.5047 Ux=1.3005 Uy=0.4511]
    val_re_rand                loss=0.6842  surf[p=34.7511 Ux=0.4594 Uy=0.2523]  vol[p=35.9563 Ux=1.8510 Uy=0.7885]
Epoch 145 (96s) [32.9GB]  train[vol=0.1917 surf=0.0620]  val_avg_surf_p=33.0197 *
    val_single_in_dist         loss=1.5269  surf[p=33.4113 Ux=0.3149 Uy=0.2188]  vol[p=41.3078 Ux=1.9377 Uy=0.7102]
    val_geom_camber_rc         loss=0.8068  surf[p=46.4326 Ux=0.6750 Uy=0.3707]  vol[p=51.7816 Ux=2.6754 Uy=1.2253]
    val_geom_camber_cruise     loss=0.1366  surf[p=17.5002 Ux=0.2343 Uy=0.1411]  vol[p=20.5057 Ux=1.3009 Uy=0.4511]
    val_re_rand                loss=0.6846  surf[p=34.7349 Ux=0.4592 Uy=0.2523]  vol[p=35.9500 Ux=1.8505 Uy=0.7882]
Epoch 146 (98s) [32.9GB]  train[vol=0.1814 surf=0.0596]  val_avg_surf_p=32.9987 *
    val_single_in_dist         loss=1.5244  surf[p=33.3855 Ux=0.3146 Uy=0.2186]  vol[p=41.2786 Ux=1.9374 Uy=0.7102]
    val_geom_camber_rc         loss=0.8088  surf[p=46.4059 Ux=0.6751 Uy=0.3708]  vol[p=51.7420 Ux=2.6747 Uy=1.2253]
    val_geom_camber_cruise     loss=0.1364  surf[p=17.4731 Ux=0.2342 Uy=0.1411]  vol[p=20.4832 Ux=1.3010 Uy=0.4514]
    val_re_rand                loss=0.6839  surf[p=34.7303 Ux=0.4593 Uy=0.2523]  vol[p=35.9488 Ux=1.8505 Uy=0.7882]
Epoch 147 (97s) [32.9GB]  train[vol=0.1985 surf=0.0681]  val_avg_surf_p=33.0033
    val_single_in_dist         loss=1.5221  surf[p=33.3853 Ux=0.3147 Uy=0.2186]  vol[p=41.3054 Ux=1.9371 Uy=0.7104]
    val_geom_camber_rc         loss=0.8097  surf[p=46.4194 Ux=0.6750 Uy=0.3709]  vol[p=51.7522 Ux=2.6745 Uy=1.2253]
    val_geom_camber_cruise     loss=0.1361  surf[p=17.4561 Ux=0.2345 Uy=0.1410]  vol[p=20.4875 Ux=1.3004 Uy=0.4512]
    val_re_rand                loss=0.6848  surf[p=34.7523 Ux=0.4594 Uy=0.2524]  vol[p=35.9740 Ux=1.8503 Uy=0.7883]
Epoch 148 (98s) [32.9GB]  train[vol=0.1748 surf=0.0548]  val_avg_surf_p=33.0053
    val_single_in_dist         loss=1.5208  surf[p=33.3868 Ux=0.3146 Uy=0.2185]  vol[p=41.3051 Ux=1.9365 Uy=0.7102]
    val_geom_camber_rc         loss=0.8099  surf[p=46.4176 Ux=0.6752 Uy=0.3708]  vol[p=51.7468 Ux=2.6743 Uy=1.2252]
    val_geom_camber_cruise     loss=0.1361  surf[p=17.4574 Ux=0.2346 Uy=0.1410]  vol[p=20.4851 Ux=1.3000 Uy=0.4512]
    val_re_rand                loss=0.6849  surf[p=34.7595 Ux=0.4598 Uy=0.2523]  vol[p=35.9756 Ux=1.8506 Uy=0.7883]
Epoch 149 (97s) [32.9GB]  train[vol=0.1958 surf=0.0683]  val_avg_surf_p=33.0115
    val_single_in_dist         loss=1.5194  surf[p=33.3777 Ux=0.3145 Uy=0.2184]  vol[p=41.3101 Ux=1.9361 Uy=0.7102]
    val_geom_camber_rc         loss=0.8106  surf[p=46.4368 Ux=0.6753 Uy=0.3709]  vol[p=51.7526 Ux=2.6745 Uy=1.2252]
    val_geom_camber_cruise     loss=0.1361  surf[p=17.4665 Ux=0.2346 Uy=0.1410]  vol[p=20.4810 Ux=1.2997 Uy=0.4511]
    val_re_rand                loss=0.6853  surf[p=34.7651 Ux=0.4598 Uy=0.2524]  vol[p=35.9786 Ux=1.8505 Uy=0.7883]
Epoch 150 (97s) [32.9GB]  train[vol=0.1944 surf=0.0685]  val_avg_surf_p=33.0204
wandb: updating run metadata; uploading artifact model-mlintern-pai2-72h-v4-r1-r3-l1-onecycle-ema-150-0ixmmgv1
wandb: uploading artifact model-mlintern-pai2-72h-v4-r1-r3-l1-onecycle-ema-150-0ixmmgv1
wandb: 
wandb: Run history:
wandb:        epoch_time_s ▆▃▆▃▄▃▅▆▅▂▁▆█▅▅▅▄▄▅▃▇▆▂▃▆▃▅▄▃▂█▄▂▇▆▄▅▂▅▄
wandb:         global_step ▁▁▁▁▁▂▂▃▃▃▃▃▃▃▄▄▄▄▄▄▄▄▅▅▅▅▅▆▆▆▇▇▇▇▇▇▇▇██
wandb:                  lr ▇██████████▇▇▇▇▆▆▆▆▆▆▆▅▅▅▄▄▃▃▃▂▂▂▂▂▂▁▁▁▁
wandb:          train/loss ▄▇▃▄▅▅█▆▄▄▂▃▃▂▁▃▂▃▄▂▃▁▂▂▂▁▁▂▁▂▂▂▁▂▂▂▂▁▁▂
wandb:     train/surf_loss █▅▄▄▄▃▂▂▂▂▂▂▂▂▂▂▂▂▂▁▁▁▁▁▁▁▁▁▁▁▁▁▁▁▁▁▁▁▁▁
wandb:      train/vol_loss █▄▄▄▄▂▂▂▂▂▂▂▂▂▂▂▂▂▁▂▁▁▁▁▁▁▁▁▁▁▁▁▁▁▁▁▁▁▁▁
wandb:            val/loss █▆▅▄▃▃▂▂▂▁▁▁▁▁▁▁▁▁▁▁▁▁▁▁▁▁▁▁▁▁▁▁▁▁▁▁▁▁▁▁
wandb: val_avg/mae_surf_Ux █▂▂▂▂▂▁▁▁▁▁▁▁▁▁▁▁▁▁▁▁▁▁▁▁▁▁▁▁▁▁▁▁▁▁▁▁▁▁▁
wandb: val_avg/mae_surf_Uy █▇▆▄▃▃▂▂▁▁▁▁▁▁▁▁▁▁▁▁▁▁▁▁▁▁▁▁▁▁▁▁▁▁▁▁▁▁▁▁
wandb:  val_avg/mae_surf_p █▆▅▃▂▂▂▂▂▂▂▂▁▁▁▁▁▁▁▁▁▁▁▁▁▁▁▁▁▁▁▁▁▁▁▁▁▁▁▁
wandb:                 +39 ...
wandb: 
wandb: Run summary:
wandb:              best_epoch 146
wandb: best_val_avg/mae_surf_p 32.9987
wandb:            epoch_time_s 97.08371
wandb:             global_step 56250
wandb:                      lr 0.0
wandb:     total_train_minutes 242.85636
wandb:              train/loss 0.79721
wandb:         train/surf_loss 0.0685
wandb:          train/vol_loss 0.19439
wandb:                val/loss 0.78799
wandb:                     +42 ...
wandb: 
wandb: 🚀 View run mlintern-pai2-72h-v4-r1/r3-l1-onecycle-ema-150 at: https://wandb.ai/wandb-applied-ai-team/senpai-v1-ml-intern/runs/0ixmmgv1
wandb: ⭐️ View project at: https://wandb.ai/wandb-applied-ai-team/senpai-v1-ml-intern
wandb: Synced 7 W&B file(s), 0 media file(s), 3 artifact file(s) and 0 other file(s)
wandb: Find logs at: ./wandb/run-20260430_141440-0ixmmgv1/logs
    val_single_in_dist         loss=1.5189  surf[p=33.3869 Ux=0.3143 Uy=0.2183]  vol[p=41.3021 Ux=1.9360 Uy=0.7102]
    val_geom_camber_rc         loss=0.8116  surf[p=46.4553 Ux=0.6754 Uy=0.3708]  vol[p=51.7627 Ux=2.6748 Uy=1.2254]
    val_geom_camber_cruise     loss=0.1361  surf[p=17.4663 Ux=0.2345 Uy=0.1410]  vol[p=20.4789 Ux=1.2999 Uy=0.4511]
    val_re_rand                loss=0.6853  surf[p=34.7729 Ux=0.4598 Uy=0.2524]  vol[p=35.9860 Ux=1.8506 Uy=0.7884]

Training done in 242.9 min

Best val: epoch 146, val_avg/mae_surf_p = 32.9987

Logged model artifact 'model-mlintern-pai2-72h-v4-r1-r3-l1-onecycle-ema-150-0ixmmgv1' (aliases: best, epoch-146)
