wandb: [wandb.login()] Loaded credentials for https://api.wandb.ai from WANDB_API_KEY.
wandb: W&B API key is configured. Use `wandb login --relogin` to force relogin
wandb: Tracking run with wandb version 0.26.1
wandb: Run data is saved locally in /workspace/ml-intern-benchmark/target/wandb/run-20260430_145505-oqeika68
wandb: Run `wandb offline` to turn off syncing.
wandb: Syncing run mlintern-pai2-72h-v4-r1/r3-onecycle-ema-noise-seed1
wandb: ⭐️ View project at https://wandb.ai/wandb-applied-ai-team/senpai-v1-ml-intern
wandb: 🚀 View run at https://wandb.ai/wandb-applied-ai-team/senpai-v1-ml-intern/runs/oqeika68
Device: cuda
Train: 1499, val_single_in_dist: 100, val_geom_camber_rc: 100, val_geom_camber_cruise: 100, val_re_rand: 100
Model: Transolver (0.66M params)
EMA enabled: decay=0.999
Epoch   1 (98s) [32.7GB]  train[vol=1.4071 surf=1.0523]  val_avg_surf_p=364.9375 *
    val_single_in_dist         loss=51.3263  surf[p=509.2546 Ux=21.5723 Uy=2.4105]  vol[p=487.2343 Ux=20.0322 Uy=6.0835]
    val_geom_camber_rc         loss=30.1245  surf[p=435.9473 Ux=17.5331 Uy=2.7821]  vol[p=399.6663 Ux=13.8614 Uy=6.2751]
    val_geom_camber_cruise     loss=16.4678  surf[p=224.8473 Ux=19.7595 Uy=1.2845]  vol[p=208.6969 Ux=16.4023 Uy=3.3675]
    val_re_rand                loss=19.8590  surf[p=289.7007 Ux=18.0335 Uy=1.8134]  vol[p=265.7781 Ux=14.5062 Uy=4.4018]
Epoch   2 (98s) [32.7GB]  train[vol=1.0159 surf=0.6423]  val_avg_surf_p=333.0869 *
    val_single_in_dist         loss=42.3957  surf[p=472.4724 Ux=14.5045 Uy=2.0747]  vol[p=409.1465 Ux=15.4574 Uy=5.5572]
    val_geom_camber_rc         loss=23.6580  surf[p=389.5344 Ux=12.2828 Uy=2.4742]  vol[p=314.6236 Ux=11.3672 Uy=5.7755]
    val_geom_camber_cruise     loss=11.0843  surf[p=210.0048 Ux=13.5603 Uy=1.1945]  vol[p=179.2903 Ux=12.5147 Uy=3.1766]
    val_re_rand                loss=14.3307  surf[p=260.3361 Ux=12.3479 Uy=1.6233]  vol[p=212.0436 Ux=11.3290 Uy=4.0723]
Epoch   3 (97s) [33.0GB]  train[vol=0.9637 surf=0.5791]  val_avg_surf_p=292.4769 *
    val_single_in_dist         loss=33.7684  surf[p=420.7246 Ux=9.8634 Uy=1.7313]  vol[p=340.8675 Ux=12.1600 Uy=4.9180]
    val_geom_camber_rc         loss=17.5313  surf[p=327.3996 Ux=9.0857 Uy=2.0508]  vol[p=259.0916 Ux=9.8981 Uy=5.1942]
    val_geom_camber_cruise     loss=7.4468  surf[p=195.1883 Ux=8.9382 Uy=1.0588]  vol[p=157.3038 Ux=9.4535 Uy=2.9122]
    val_re_rand                loss=10.1718  surf[p=226.5952 Ux=8.5724 Uy=1.3704]  vol[p=180.5724 Ux=9.1294 Uy=3.6882]
Epoch   4 (96s) [33.0GB]  train[vol=0.8886 surf=0.5300]  val_avg_surf_p=259.7203 *
    val_single_in_dist         loss=27.7326  surf[p=371.6842 Ux=7.4995 Uy=1.4852]  vol[p=295.2927 Ux=10.2955 Uy=4.3709]
    val_geom_camber_rc         loss=13.6774  surf[p=287.9620 Ux=7.2256 Uy=1.7577]  vol[p=231.5470 Ux=8.9877 Uy=4.7205]
    val_geom_camber_cruise     loss=5.5850  surf[p=177.8800 Ux=6.7478 Uy=0.9351]  vol[p=137.8298 Ux=7.8452 Uy=2.5977]
    val_re_rand                loss=7.8492  surf[p=201.3551 Ux=6.6870 Uy=1.1974]  vol[p=161.0601 Ux=8.0170 Uy=3.3454]
Epoch   5 (98s) [33.0GB]  train[vol=0.8482 surf=0.5083]  val_avg_surf_p=237.3302 *
    val_single_in_dist         loss=24.0983  surf[p=340.5578 Ux=6.1646 Uy=1.3643]  vol[p=270.3233 Ux=9.0839 Uy=3.9556]
    val_geom_camber_rc         loss=11.4518  surf[p=262.9294 Ux=6.1103 Uy=1.5659]  vol[p=215.4921 Ux=8.2886 Uy=4.3342]
    val_geom_camber_cruise     loss=4.4091  surf[p=162.2387 Ux=5.3856 Uy=0.8562]  vol[p=125.3573 Ux=6.7782 Uy=2.2871]
    val_re_rand                loss=6.4904  surf[p=183.5950 Ux=5.5370 Uy=1.0921]  vol[p=149.7058 Ux=7.2056 Uy=3.0469]
Epoch   6 (98s) [33.0GB]  train[vol=0.7917 surf=0.4747]  val_avg_surf_p=215.3367 *
    val_single_in_dist         loss=20.8503  surf[p=309.0128 Ux=5.1855 Uy=1.2543]  vol[p=249.3590 Ux=8.1295 Uy=3.6034]
    val_geom_camber_rc         loss=9.6473  surf[p=238.4454 Ux=5.3813 Uy=1.4322]  vol[p=200.7593 Ux=7.5904 Uy=4.0266]
    val_geom_camber_cruise     loss=3.5390  surf[p=147.1803 Ux=4.4410 Uy=0.7785]  vol[p=115.7311 Ux=6.0198 Uy=2.0306]
    val_re_rand                loss=5.4089  surf[p=166.7082 Ux=4.7534 Uy=1.0088]  vol[p=139.5128 Ux=6.5210 Uy=2.8010]
Epoch   7 (97s) [33.0GB]  train[vol=0.7327 surf=0.4357]  val_avg_surf_p=193.3263 *
    val_single_in_dist         loss=17.9305  surf[p=278.3119 Ux=4.5053 Uy=1.1300]  vol[p=232.5216 Ux=7.5106 Uy=3.2759]
    val_geom_camber_rc         loss=8.1264  surf[p=214.5537 Ux=4.8557 Uy=1.3125]  vol[p=185.4576 Ux=7.1028 Uy=3.7539]
    val_geom_camber_cruise     loss=2.8046  surf[p=129.7835 Ux=3.8219 Uy=0.6873]  vol[p=106.2146 Ux=5.4491 Uy=1.8095]
    val_re_rand                loss=4.5464  surf[p=150.6561 Ux=4.1937 Uy=0.9266]  vol[p=130.1837 Ux=5.9794 Uy=2.5871]
Epoch   8 (97s) [33.0GB]  train[vol=0.6949 surf=0.4173]  val_avg_surf_p=172.9777 *
    val_single_in_dist         loss=15.3464  surf[p=246.9524 Ux=3.9503 Uy=1.0063]  vol[p=216.4267 Ux=7.0381 Uy=2.9592]
    val_geom_camber_rc         loss=6.9226  surf[p=193.3711 Ux=4.3386 Uy=1.2144]  vol[p=173.9089 Ux=6.7411 Uy=3.5216]
    val_geom_camber_cruise     loss=2.2175  surf[p=115.3117 Ux=3.3136 Uy=0.6110]  vol[p=98.0629 Ux=4.9789 Uy=1.6207]
    val_re_rand                loss=3.8345  surf[p=136.2757 Ux=3.6804 Uy=0.8484]  vol[p=121.9022 Ux=5.5474 Uy=2.3840]
Epoch   9 (98s) [33.0GB]  train[vol=0.6350 surf=0.3761]  val_avg_surf_p=155.2229 *
    val_single_in_dist         loss=13.0249  surf[p=218.0148 Ux=3.4642 Uy=0.9073]  vol[p=200.9612 Ux=6.5489 Uy=2.6921]
    val_geom_camber_rc         loss=5.9456  surf[p=174.8543 Ux=3.9603 Uy=1.1119]  vol[p=161.6542 Ux=6.4639 Uy=3.3108]
    val_geom_camber_cruise     loss=1.8032  surf[p=103.8384 Ux=2.8873 Uy=0.5489]  vol[p=91.4851 Ux=4.5233 Uy=1.4835]
    val_re_rand                loss=3.2988  surf[p=124.1841 Ux=3.2860 Uy=0.7804]  vol[p=114.0324 Ux=5.1666 Uy=2.2160]
Epoch  10 (97s) [33.0GB]  train[vol=0.5967 surf=0.3454]  val_avg_surf_p=138.6335 *
    val_single_in_dist         loss=10.8926  surf[p=188.1488 Ux=3.0020 Uy=0.8059]  vol[p=181.3085 Ux=6.0027 Uy=2.4595]
    val_geom_camber_rc         loss=5.0770  surf[p=157.3850 Ux=3.6174 Uy=1.0219]  vol[p=148.8456 Ux=6.1983 Uy=3.1193]
    val_geom_camber_cruise     loss=1.5384  surf[p=95.0282 Ux=2.5319 Uy=0.5079]  vol[p=86.0037 Ux=4.1755 Uy=1.3901]
    val_re_rand                loss=2.8763  surf[p=113.9720 Ux=2.9588 Uy=0.7288]  vol[p=106.4920 Ux=4.8620 Uy=2.0800]
Epoch  11 (97s) [33.0GB]  train[vol=0.5774 surf=0.3356]  val_avg_surf_p=124.7902 *
    val_single_in_dist         loss=9.2875  surf[p=165.6805 Ux=2.5965 Uy=0.7361]  vol[p=164.5278 Ux=5.5864 Uy=2.2686]
    val_geom_camber_rc         loss=4.4060  surf[p=141.5338 Ux=3.2298 Uy=0.9457]  vol[p=136.5515 Ux=5.8703 Uy=2.9631]
    val_geom_camber_cruise     loss=1.3273  surf[p=87.1469 Ux=2.1505 Uy=0.4796]  vol[p=79.8607 Ux=3.7973 Uy=1.3011]
    val_re_rand                loss=2.5395  surf[p=104.7994 Ux=2.6039 Uy=0.6852]  vol[p=98.8404 Ux=4.5289 Uy=1.9592]
Epoch  12 (96s) [33.0GB]  train[vol=0.5578 surf=0.3258]  val_avg_surf_p=114.0049 *
    val_single_in_dist         loss=7.8742  surf[p=146.8052 Ux=2.1849 Uy=0.6779]  vol[p=148.9602 Ux=5.1538 Uy=2.1189]
    val_geom_camber_rc         loss=3.9174  surf[p=130.1414 Ux=2.8556 Uy=0.8943]  vol[p=127.8371 Ux=5.5704 Uy=2.8284]
    val_geom_camber_cruise     loss=1.1612  surf[p=80.7416 Ux=1.7919 Uy=0.4528]  vol[p=74.2766 Ux=3.4800 Uy=1.2248]
    val_re_rand                loss=2.3032  surf[p=98.3314 Ux=2.2467 Uy=0.6534]  vol[p=93.2129 Ux=4.2511 Uy=1.8670]
Epoch  13 (96s) [33.0GB]  train[vol=0.5260 surf=0.3049]  val_avg_surf_p=104.6571 *
    val_single_in_dist         loss=6.7809  surf[p=131.1983 Ux=1.8852 Uy=0.6296]  vol[p=136.2948 Ux=4.8029 Uy=1.9966]
    val_geom_camber_rc         loss=3.5682  surf[p=120.3215 Ux=2.5597 Uy=0.8429]  vol[p=119.6292 Ux=5.2969 Uy=2.7008]
    val_geom_camber_cruise     loss=1.0323  surf[p=74.8489 Ux=1.5115 Uy=0.4329]  vol[p=69.3061 Ux=3.2333 Uy=1.1712]
    val_re_rand                loss=2.1068  surf[p=92.2595 Ux=1.9636 Uy=0.6220]  vol[p=87.9568 Ux=4.0109 Uy=1.7867]
Epoch  14 (97s) [33.0GB]  train[vol=0.5002 surf=0.2837]  val_avg_surf_p=97.1573 *
    val_single_in_dist         loss=6.0196  surf[p=119.7713 Ux=1.6883 Uy=0.5874]  vol[p=126.2132 Ux=4.5175 Uy=1.8800]
    val_geom_camber_rc         loss=3.2810  surf[p=112.0884 Ux=2.3178 Uy=0.7928]  vol[p=112.3150 Ux=5.0152 Uy=2.5807]
    val_geom_camber_cruise     loss=0.9369  surf[p=69.8882 Ux=1.3160 Uy=0.4121]  vol[p=64.7357 Ux=3.0529 Uy=1.1070]
    val_re_rand                loss=1.9611  surf[p=86.8812 Ux=1.7586 Uy=0.5906]  vol[p=83.1856 Ux=3.8036 Uy=1.7068]
Epoch  15 (96s) [33.0GB]  train[vol=0.4970 surf=0.2858]  val_avg_surf_p=91.7753 *
    val_single_in_dist         loss=5.3237  surf[p=111.2737 Ux=1.5140 Uy=0.5545]  vol[p=117.9928 Ux=4.2512 Uy=1.7755]
    val_geom_camber_rc         loss=3.0334  surf[p=106.5359 Ux=2.1461 Uy=0.7576]  vol[p=107.1399 Ux=4.7998 Uy=2.4803]
    val_geom_camber_cruise     loss=0.8611  surf[p=66.1641 Ux=1.1650 Uy=0.3955]  vol[p=61.3589 Ux=2.8927 Uy=1.0560]
    val_re_rand                loss=1.8465  surf[p=83.1276 Ux=1.6126 Uy=0.5648]  vol[p=80.0091 Ux=3.6415 Uy=1.6401]
Epoch  16 (98s) [33.0GB]  train[vol=0.4644 surf=0.2659]  val_avg_surf_p=86.5838 *
    val_single_in_dist         loss=4.7714  surf[p=103.4996 Ux=1.3508 Uy=0.5304]  vol[p=110.8018 Ux=4.0245 Uy=1.7055]
    val_geom_camber_rc         loss=2.8218  surf[p=100.6345 Ux=1.9934 Uy=0.7292]  vol[p=102.1767 Ux=4.6329 Uy=2.3933]
    val_geom_camber_cruise     loss=0.7967  surf[p=62.6426 Ux=1.0409 Uy=0.3808]  vol[p=58.2157 Ux=2.7591 Uy=1.0166]
    val_re_rand                loss=1.7385  surf[p=79.5586 Ux=1.4828 Uy=0.5436]  vol[p=76.7742 Ux=3.5148 Uy=1.5853]
Epoch  17 (97s) [33.0GB]  train[vol=0.4678 surf=0.2699]  val_avg_surf_p=82.8436 *
    val_single_in_dist         loss=4.4122  surf[p=97.9699 Ux=1.2556 Uy=0.5115]  vol[p=105.4305 Ux=3.8744 Uy=1.6410]
    val_geom_camber_rc         loss=2.6235  surf[p=96.6904 Ux=1.9023 Uy=0.7081]  vol[p=99.7303 Ux=4.5256 Uy=2.3172]
    val_geom_camber_cruise     loss=0.7418  surf[p=59.7262 Ux=0.9709 Uy=0.3653]  vol[p=55.4488 Ux=2.6578 Uy=0.9787]
    val_re_rand                loss=1.6680  surf[p=76.9878 Ux=1.4076 Uy=0.5249]  vol[p=74.5036 Ux=3.4154 Uy=1.5357]
Epoch  18 (98s) [33.0GB]  train[vol=0.4459 surf=0.2516]  val_avg_surf_p=79.7247 *
    val_single_in_dist         loss=4.1040  surf[p=93.3950 Ux=1.1676 Uy=0.4912]  vol[p=100.5808 Ux=3.7341 Uy=1.5846]
    val_geom_camber_rc         loss=2.5041  surf[p=94.5041 Ux=1.8456 Uy=0.6920]  vol[p=97.7429 Ux=4.4388 Uy=2.2546]
    val_geom_camber_cruise     loss=0.6865  surf[p=56.8123 Ux=0.8880 Uy=0.3503]  vol[p=52.4295 Ux=2.5429 Uy=0.9412]
    val_re_rand                loss=1.5861  surf[p=74.1876 Ux=1.3390 Uy=0.5093]  vol[p=71.7469 Ux=3.3204 Uy=1.4889]
Epoch  19 (97s) [33.0GB]  train[vol=0.4482 surf=0.2538]  val_avg_surf_p=77.3229 *
    val_single_in_dist         loss=3.8514  surf[p=91.0817 Ux=1.1039 Uy=0.4724]  vol[p=97.4339 Ux=3.6358 Uy=1.5399]
    val_geom_camber_rc         loss=2.3775  surf[p=92.4307 Ux=1.7656 Uy=0.6708]  vol[p=95.8347 Ux=4.3501 Uy=2.1958]
    val_geom_camber_cruise     loss=0.6290  surf[p=53.8642 Ux=0.8080 Uy=0.3312]  vol[p=49.8773 Ux=2.4476 Uy=0.9045]
    val_re_rand                loss=1.5252  surf[p=71.9151 Ux=1.2643 Uy=0.4901]  vol[p=69.7356 Ux=3.2291 Uy=1.4512]
Epoch  20 (98s) [33.0GB]  train[vol=0.4168 surf=0.2295]  val_avg_surf_p=74.1507 *
    val_single_in_dist         loss=3.4627  surf[p=86.3446 Ux=1.0547 Uy=0.4500]  vol[p=92.8498 Ux=3.5453 Uy=1.4914]
    val_geom_camber_rc         loss=2.3270  surf[p=89.9173 Ux=1.7016 Uy=0.6514]  vol[p=93.9403 Ux=4.2635 Uy=2.1398]
    val_geom_camber_cruise     loss=0.5778  surf[p=50.8274 Ux=0.7700 Uy=0.3079]  vol[p=47.3505 Ux=2.3788 Uy=0.8699]
    val_re_rand                loss=1.4750  surf[p=69.5133 Ux=1.2199 Uy=0.4696]  vol[p=67.7110 Ux=3.1515 Uy=1.4117]
Epoch  21 (98s) [33.0GB]  train[vol=0.4174 surf=0.2326]  val_avg_surf_p=71.6422 *
    val_single_in_dist         loss=3.1237  surf[p=82.5508 Ux=0.9945 Uy=0.4342]  vol[p=89.7114 Ux=3.4798 Uy=1.4563]
    val_geom_camber_rc         loss=2.2608  surf[p=88.1159 Ux=1.6291 Uy=0.6358]  vol[p=92.0675 Ux=4.1859 Uy=2.0895]
    val_geom_camber_cruise     loss=0.5361  surf[p=48.4301 Ux=0.6985 Uy=0.2909]  vol[p=45.4760 Ux=2.3182 Uy=0.8417]
    val_re_rand                loss=1.4218  surf[p=67.4720 Ux=1.1439 Uy=0.4542]  vol[p=65.9662 Ux=3.0724 Uy=1.3747]
Epoch  22 (98s) [33.0GB]  train[vol=0.4050 surf=0.2223]  val_avg_surf_p=69.5346 *
    val_single_in_dist         loss=2.8919  surf[p=79.8466 Ux=0.9281 Uy=0.4220]  vol[p=86.8904 Ux=3.4126 Uy=1.4243]
    val_geom_camber_rc         loss=2.1649  surf[p=86.2453 Ux=1.5455 Uy=0.6226]  vol[p=90.4012 Ux=4.1198 Uy=2.0482]
    val_geom_camber_cruise     loss=0.4981  surf[p=46.2296 Ux=0.6338 Uy=0.2763]  vol[p=43.6981 Ux=2.2466 Uy=0.8127]
    val_re_rand                loss=1.3790  surf[p=65.8169 Ux=1.0698 Uy=0.4395]  vol[p=64.4368 Ux=3.0013 Uy=1.3405]
Epoch  23 (97s) [33.0GB]  train[vol=0.4017 surf=0.2238]  val_avg_surf_p=67.5781 *
    val_single_in_dist         loss=2.7803  surf[p=77.5216 Ux=0.8763 Uy=0.4104]  vol[p=85.3788 Ux=3.3347 Uy=1.4006]
    val_geom_camber_rc         loss=2.0508  surf[p=84.1590 Ux=1.4765 Uy=0.6080]  vol[p=88.4271 Ux=4.0561 Uy=2.0091]
    val_geom_camber_cruise     loss=0.4679  surf[p=44.4208 Ux=0.5829 Uy=0.2663]  vol[p=42.1627 Ux=2.1897 Uy=0.7911]
    val_re_rand                loss=1.3435  surf[p=64.2110 Ux=1.0100 Uy=0.4290]  vol[p=63.0332 Ux=2.9384 Uy=1.3117]
Epoch  24 (96s) [33.0GB]  train[vol=0.3906 surf=0.2112]  val_avg_surf_p=65.5309 *
    val_single_in_dist         loss=2.5575  surf[p=74.1222 Ux=0.8202 Uy=0.3992]  vol[p=82.7830 Ux=3.2693 Uy=1.3755]
    val_geom_camber_rc         loss=1.9618  surf[p=81.8929 Ux=1.4097 Uy=0.5960]  vol[p=86.2298 Ux=3.9968 Uy=1.9740]
    val_geom_camber_cruise     loss=0.4474  surf[p=43.4020 Ux=0.5319 Uy=0.2580]  vol[p=41.2115 Ux=2.1478 Uy=0.7729]
    val_re_rand                loss=1.3086  surf[p=62.7064 Ux=0.9521 Uy=0.4181]  vol[p=61.8377 Ux=2.8844 Uy=1.2867]
Epoch  25 (96s) [33.0GB]  train[vol=0.4069 surf=0.2250]  val_avg_surf_p=64.2594 *
    val_single_in_dist         loss=2.4848  surf[p=73.3115 Ux=0.7946 Uy=0.3923]  vol[p=81.8230 Ux=3.2153 Uy=1.3479]
    val_geom_camber_rc         loss=1.8471  surf[p=79.8451 Ux=1.3734 Uy=0.5845]  vol[p=84.8359 Ux=3.9583 Uy=1.9439]
    val_geom_camber_cruise     loss=0.4328  surf[p=42.3259 Ux=0.5099 Uy=0.2526]  vol[p=40.3427 Ux=2.1136 Uy=0.7574]
    val_re_rand                loss=1.2892  surf[p=61.5550 Ux=0.9234 Uy=0.4099]  vol[p=61.2795 Ux=2.8511 Uy=1.2658]
Epoch  26 (96s) [33.0GB]  train[vol=0.3958 surf=0.2200]  val_avg_surf_p=63.1352 *
    val_single_in_dist         loss=2.4617  surf[p=72.3215 Ux=0.7778 Uy=0.3835]  vol[p=80.9726 Ux=3.1765 Uy=1.3230]
    val_geom_camber_rc         loss=1.7631  surf[p=78.6022 Ux=1.3357 Uy=0.5774]  vol[p=83.5760 Ux=3.9271 Uy=1.9204]
    val_geom_camber_cruise     loss=0.4137  surf[p=41.2305 Ux=0.4820 Uy=0.2478]  vol[p=39.5675 Ux=2.0854 Uy=0.7439]
    val_re_rand                loss=1.2574  surf[p=60.3864 Ux=0.8894 Uy=0.4022]  vol[p=60.4569 Ux=2.8160 Uy=1.2470]
Epoch  27 (97s) [33.0GB]  train[vol=0.3742 surf=0.2027]  val_avg_surf_p=61.6019 *
    val_single_in_dist         loss=2.3095  surf[p=69.5492 Ux=0.7595 Uy=0.3751]  vol[p=78.9353 Ux=3.1284 Uy=1.2915]
    val_geom_camber_rc         loss=1.7203  surf[p=77.6025 Ux=1.3098 Uy=0.5708]  vol[p=82.3346 Ux=3.8889 Uy=1.8960]
    val_geom_camber_cruise     loss=0.3934  surf[p=40.0673 Ux=0.4566 Uy=0.2443]  vol[p=38.5101 Ux=2.0485 Uy=0.7302]
    val_re_rand                loss=1.2376  surf[p=59.1886 Ux=0.8653 Uy=0.3950]  vol[p=59.6186 Ux=2.7803 Uy=1.2287]
Epoch  28 (98s) [33.0GB]  train[vol=0.3652 surf=0.1963]  val_avg_surf_p=60.0712 *
    val_single_in_dist         loss=2.1620  surf[p=67.2961 Ux=0.7377 Uy=0.3673]  vol[p=77.2175 Ux=3.0809 Uy=1.2605]
    val_geom_camber_rc         loss=1.6292  surf[p=75.8063 Ux=1.2778 Uy=0.5611]  vol[p=80.7805 Ux=3.8511 Uy=1.8686]
    val_geom_camber_cruise     loss=0.3775  surf[p=38.8358 Ux=0.4480 Uy=0.2390]  vol[p=37.5529 Ux=2.0205 Uy=0.7155]
    val_re_rand                loss=1.2453  surf[p=58.3466 Ux=0.8473 Uy=0.3883]  vol[p=59.0306 Ux=2.7464 Uy=1.2101]
Epoch  29 (97s) [33.0GB]  train[vol=0.3716 surf=0.2025]  val_avg_surf_p=59.0171 *
    val_single_in_dist         loss=2.0733  surf[p=66.0572 Ux=0.7154 Uy=0.3597]  vol[p=76.4603 Ux=3.0416 Uy=1.2387]
    val_geom_camber_rc         loss=1.5478  surf[p=74.3276 Ux=1.2540 Uy=0.5521]  vol[p=79.4300 Ux=3.8156 Uy=1.8422]
    val_geom_camber_cruise     loss=0.3602  surf[p=37.8629 Ux=0.4281 Uy=0.2340]  vol[p=36.6977 Ux=1.9885 Uy=0.7036]
    val_re_rand                loss=1.2479  surf[p=57.8209 Ux=0.8291 Uy=0.3835]  vol[p=58.7100 Ux=2.7141 Uy=1.1971]
Epoch  30 (98s) [33.0GB]  train[vol=0.3575 surf=0.1879]  val_avg_surf_p=57.5486 *
    val_single_in_dist         loss=1.9620  surf[p=63.7276 Ux=0.6957 Uy=0.3540]  vol[p=74.3412 Ux=2.9983 Uy=1.2169]
    val_geom_camber_rc         loss=1.5040  surf[p=72.6176 Ux=1.2271 Uy=0.5432]  vol[p=77.8630 Ux=3.7690 Uy=1.8172]
    val_geom_camber_cruise     loss=0.3434  surf[p=36.6685 Ux=0.4211 Uy=0.2284]  vol[p=35.8579 Ux=1.9471 Uy=0.6877]
    val_re_rand                loss=1.2330  surf[p=57.1808 Ux=0.8209 Uy=0.3792]  vol[p=58.0840 Ux=2.6832 Uy=1.1822]
Epoch  31 (98s) [33.0GB]  train[vol=0.3462 surf=0.1823]  val_avg_surf_p=56.2052 *
    val_single_in_dist         loss=1.8490  surf[p=61.5000 Ux=0.6692 Uy=0.3474]  vol[p=72.1225 Ux=2.9516 Uy=1.1960]
    val_geom_camber_rc         loss=1.4510  surf[p=71.0282 Ux=1.1968 Uy=0.5355]  vol[p=76.1887 Ux=3.7242 Uy=1.7907]
    val_geom_camber_cruise     loss=0.3326  surf[p=35.9042 Ux=0.3998 Uy=0.2246]  vol[p=35.3372 Ux=1.9182 Uy=0.6762]
    val_re_rand                loss=1.2136  surf[p=56.3884 Ux=0.7961 Uy=0.3741]  vol[p=57.1599 Ux=2.6484 Uy=1.1650]
Epoch  32 (98s) [33.0GB]  train[vol=0.3362 surf=0.1749]  val_avg_surf_p=55.1055 *
    val_single_in_dist         loss=1.7926  surf[p=60.3657 Ux=0.6627 Uy=0.3419]  vol[p=70.8697 Ux=2.9174 Uy=1.1801]
    val_geom_camber_rc         loss=1.4021  surf[p=69.6834 Ux=1.1744 Uy=0.5295]  vol[p=75.2826 Ux=3.6887 Uy=1.7687]
    val_geom_camber_cruise     loss=0.3214  surf[p=34.9700 Ux=0.3922 Uy=0.2214]  vol[p=34.6066 Ux=1.8974 Uy=0.6660]
    val_re_rand                loss=1.1851  surf[p=55.4031 Ux=0.7822 Uy=0.3690]  vol[p=56.1518 Ux=2.6143 Uy=1.1484]
Epoch  33 (97s) [33.0GB]  train[vol=0.3555 surf=0.1905]  val_avg_surf_p=54.0185 *
    val_single_in_dist         loss=1.7193  surf[p=58.5451 Ux=0.6571 Uy=0.3393]  vol[p=69.7021 Ux=2.8917 Uy=1.1635]
    val_geom_camber_rc         loss=1.3485  surf[p=68.4565 Ux=1.1556 Uy=0.5231]  vol[p=74.0863 Ux=3.6573 Uy=1.7488]
    val_geom_camber_cruise     loss=0.3129  surf[p=34.3525 Ux=0.3870 Uy=0.2180]  vol[p=34.0630 Ux=1.8830 Uy=0.6602]
    val_re_rand                loss=1.1786  surf[p=54.7197 Ux=0.7727 Uy=0.3665]  vol[p=55.5858 Ux=2.5984 Uy=1.1370]
Epoch  34 (97s) [33.0GB]  train[vol=0.3552 surf=0.1921]  val_avg_surf_p=53.5333 *
    val_single_in_dist         loss=1.7833  surf[p=58.9174 Ux=0.6528 Uy=0.3365]  vol[p=69.6067 Ux=2.8721 Uy=1.1517]
    val_geom_camber_rc         loss=1.3098  surf[p=67.8209 Ux=1.1377 Uy=0.5161]  vol[p=73.4098 Ux=3.6339 Uy=1.7336]
    val_geom_camber_cruise     loss=0.3028  surf[p=33.5484 Ux=0.3815 Uy=0.2146]  vol[p=33.4829 Ux=1.8632 Uy=0.6515]
    val_re_rand                loss=1.1593  surf[p=53.8464 Ux=0.7603 Uy=0.3604]  vol[p=54.8782 Ux=2.5783 Uy=1.1239]
Epoch  35 (96s) [33.0GB]  train[vol=0.3441 surf=0.1793]  val_avg_surf_p=53.0302 *
    val_single_in_dist         loss=1.8173  surf[p=58.4986 Ux=0.6382 Uy=0.3328]  vol[p=68.5057 Ux=2.8442 Uy=1.1364]
    val_geom_camber_rc         loss=1.3070  surf[p=67.5657 Ux=1.1250 Uy=0.5104]  vol[p=73.3137 Ux=3.6178 Uy=1.7179]
    val_geom_camber_cruise     loss=0.2906  surf[p=32.7937 Ux=0.3739 Uy=0.2130]  vol[p=33.0159 Ux=1.8404 Uy=0.6446]
    val_re_rand                loss=1.1440  surf[p=53.2625 Ux=0.7489 Uy=0.3569]  vol[p=54.4195 Ux=2.5582 Uy=1.1115]
Epoch  36 (98s) [33.0GB]  train[vol=0.3405 surf=0.1771]  val_avg_surf_p=52.2766 *
    val_single_in_dist         loss=1.7638  surf[p=57.2287 Ux=0.6287 Uy=0.3298]  vol[p=67.6170 Ux=2.8266 Uy=1.1246]
    val_geom_camber_rc         loss=1.2950  surf[p=67.1682 Ux=1.1072 Uy=0.5048]  vol[p=72.7775 Ux=3.5874 Uy=1.7027]
    val_geom_camber_cruise     loss=0.2829  surf[p=32.1711 Ux=0.3739 Uy=0.2106]  vol[p=32.4541 Ux=1.8192 Uy=0.6351]
    val_re_rand                loss=1.1232  surf[p=52.5383 Ux=0.7405 Uy=0.3532]  vol[p=53.7586 Ux=2.5346 Uy=1.0989]
Epoch  37 (97s) [33.0GB]  train[vol=0.3488 surf=0.1849]  val_avg_surf_p=51.7204 *
    val_single_in_dist         loss=1.7854  surf[p=57.0193 Ux=0.6225 Uy=0.3268]  vol[p=67.3776 Ux=2.8087 Uy=1.1112]
    val_geom_camber_rc         loss=1.2418  surf[p=66.0876 Ux=1.0892 Uy=0.4979]  vol[p=72.1912 Ux=3.5628 Uy=1.6863]
    val_geom_camber_cruise     loss=0.2787  surf[p=31.7356 Ux=0.3711 Uy=0.2083]  vol[p=32.1157 Ux=1.8079 Uy=0.6293]
    val_re_rand                loss=1.1071  surf[p=52.0392 Ux=0.7331 Uy=0.3487]  vol[p=53.4280 Ux=2.5199 Uy=1.0886]
Epoch  38 (98s) [33.0GB]  train[vol=0.3363 surf=0.1758]  val_avg_surf_p=51.2337 *
    val_single_in_dist         loss=1.7679  surf[p=56.6043 Ux=0.6108 Uy=0.3237]  vol[p=66.2852 Ux=2.7866 Uy=1.1019]
    val_geom_camber_rc         loss=1.2365  surf[p=65.5642 Ux=1.0778 Uy=0.4921]  vol[p=71.7662 Ux=3.5337 Uy=1.6683]
    val_geom_camber_cruise     loss=0.2736  surf[p=31.3623 Ux=0.3622 Uy=0.2063]  vol[p=31.7433 Ux=1.7862 Uy=0.6211]
    val_re_rand                loss=1.0768  surf[p=51.4039 Ux=0.7225 Uy=0.3455]  vol[p=52.7974 Ux=2.4989 Uy=1.0781]
Epoch  39 (98s) [33.0GB]  train[vol=0.3053 surf=0.1542]  val_avg_surf_p=50.5043 *
    val_single_in_dist         loss=1.7161  surf[p=55.2836 Ux=0.6029 Uy=0.3196]  vol[p=65.4992 Ux=2.7698 Uy=1.0890]
    val_geom_camber_rc         loss=1.2004  surf[p=64.6845 Ux=1.0658 Uy=0.4879]  vol[p=70.9375 Ux=3.5079 Uy=1.6526]
    val_geom_camber_cruise     loss=0.2689  surf[p=31.0175 Ux=0.3589 Uy=0.2038]  vol[p=31.3507 Ux=1.7725 Uy=0.6149]
    val_re_rand                loss=1.0715  surf[p=51.0318 Ux=0.7190 Uy=0.3429]  vol[p=52.3384 Ux=2.4849 Uy=1.0695]
Epoch  40 (96s) [33.0GB]  train[vol=0.3397 surf=0.1757]  val_avg_surf_p=50.2008 *
    val_single_in_dist         loss=1.7404  surf[p=55.5778 Ux=0.5994 Uy=0.3216]  vol[p=65.4653 Ux=2.7553 Uy=1.0780]
    val_geom_camber_rc         loss=1.1522  surf[p=63.6786 Ux=1.0534 Uy=0.4812]  vol[p=69.8143 Ux=3.4848 Uy=1.6341]
    val_geom_camber_cruise     loss=0.2687  surf[p=30.8181 Ux=0.3606 Uy=0.2031]  vol[p=31.1696 Ux=1.7651 Uy=0.6115]
    val_re_rand                loss=1.0874  surf[p=50.7286 Ux=0.7127 Uy=0.3410]  vol[p=52.0460 Ux=2.4708 Uy=1.0617]
Epoch  41 (97s) [33.0GB]  train[vol=0.3194 surf=0.1652]  val_avg_surf_p=49.4982 *
    val_single_in_dist         loss=1.7354  surf[p=54.9239 Ux=0.5900 Uy=0.3193]  vol[p=64.8263 Ux=2.7299 Uy=1.0680]
    val_geom_camber_rc         loss=1.1076  surf[p=62.2197 Ux=1.0410 Uy=0.4761]  vol[p=68.6269 Ux=3.4579 Uy=1.6169]
    val_geom_camber_cruise     loss=0.2642  surf[p=30.4067 Ux=0.3609 Uy=0.2019]  vol[p=30.8331 Ux=1.7497 Uy=0.6082]
    val_re_rand                loss=1.0861  surf[p=50.4423 Ux=0.7056 Uy=0.3393]  vol[p=51.8157 Ux=2.4526 Uy=1.0553]
Epoch  42 (96s) [33.0GB]  train[vol=0.3215 surf=0.1668]  val_avg_surf_p=48.7085 *
    val_single_in_dist         loss=1.6890  surf[p=54.0126 Ux=0.5863 Uy=0.3142]  vol[p=64.4188 Ux=2.7125 Uy=1.0538]
    val_geom_camber_rc         loss=1.0892  surf[p=61.2083 Ux=1.0240 Uy=0.4719]  vol[p=67.3799 Ux=3.4234 Uy=1.6025]
    val_geom_camber_cruise     loss=0.2614  surf[p=29.9075 Ux=0.3565 Uy=0.1990]  vol[p=30.3254 Ux=1.7375 Uy=0.6028]
    val_re_rand                loss=1.0602  surf[p=49.7056 Ux=0.7006 Uy=0.3358]  vol[p=51.1821 Ux=2.4363 Uy=1.0459]
Epoch  43 (97s) [33.0GB]  train[vol=0.3121 surf=0.1579]  val_avg_surf_p=48.0366 *
    val_single_in_dist         loss=1.6974  surf[p=53.1446 Ux=0.5775 Uy=0.3107]  vol[p=63.6473 Ux=2.6875 Uy=1.0425]
    val_geom_camber_rc         loss=1.0622  surf[p=60.2004 Ux=1.0135 Uy=0.4675]  vol[p=66.4235 Ux=3.3987 Uy=1.5865]
    val_geom_camber_cruise     loss=0.2571  surf[p=29.3804 Ux=0.3549 Uy=0.1968]  vol[p=29.8925 Ux=1.7287 Uy=0.5974]
    val_re_rand                loss=1.0451  surf[p=49.4210 Ux=0.7031 Uy=0.3348]  vol[p=50.8832 Ux=2.4284 Uy=1.0400]
Epoch  44 (99s) [33.0GB]  train[vol=0.3081 surf=0.1567]  val_avg_surf_p=47.5716 *
    val_single_in_dist         loss=1.6428  surf[p=52.4703 Ux=0.5773 Uy=0.3065]  vol[p=62.7492 Ux=2.6675 Uy=1.0270]
    val_geom_camber_rc         loss=1.0723  surf[p=59.9223 Ux=1.0060 Uy=0.4653]  vol[p=66.1661 Ux=3.3776 Uy=1.5762]
    val_geom_camber_cruise     loss=0.2542  surf[p=29.0388 Ux=0.3485 Uy=0.1969]  vol[p=29.6028 Ux=1.7096 Uy=0.5941]
    val_re_rand                loss=1.0121  surf[p=48.8550 Ux=0.6919 Uy=0.3324]  vol[p=50.3107 Ux=2.4060 Uy=1.0318]
Epoch  45 (96s) [33.0GB]  train[vol=0.3156 surf=0.1597]  val_avg_surf_p=47.1394 *
    val_single_in_dist         loss=1.6478  surf[p=51.9543 Ux=0.5643 Uy=0.3039]  vol[p=61.9101 Ux=2.6469 Uy=1.0158]
    val_geom_camber_rc         loss=1.0757  surf[p=59.6114 Ux=0.9931 Uy=0.4615]  vol[p=65.9889 Ux=3.3578 Uy=1.5663]
    val_geom_camber_cruise     loss=0.2468  surf[p=28.6187 Ux=0.3427 Uy=0.1942]  vol[p=29.2806 Ux=1.6959 Uy=0.5881]
    val_re_rand                loss=0.9827  surf[p=48.3732 Ux=0.6782 Uy=0.3290]  vol[p=49.8293 Ux=2.3877 Uy=1.0245]
Epoch  46 (97s) [33.0GB]  train[vol=0.3151 surf=0.1592]  val_avg_surf_p=46.4452 *
    val_single_in_dist         loss=1.5625  surf[p=50.5764 Ux=0.5616 Uy=0.3005]  vol[p=61.1710 Ux=2.6335 Uy=1.0060]
    val_geom_camber_rc         loss=1.0420  surf[p=59.0613 Ux=0.9777 Uy=0.4584]  vol[p=65.3355 Ux=3.3316 Uy=1.5542]
    val_geom_camber_cruise     loss=0.2446  surf[p=28.5170 Ux=0.3373 Uy=0.1944]  vol[p=29.0006 Ux=1.6834 Uy=0.5859]
    val_re_rand                loss=0.9642  surf[p=47.6261 Ux=0.6735 Uy=0.3258]  vol[p=49.0873 Ux=2.3766 Uy=1.0168]
Epoch  47 (98s) [33.0GB]  train[vol=0.3096 surf=0.1554]  val_avg_surf_p=46.2956 *
    val_single_in_dist         loss=1.5766  surf[p=50.8194 Ux=0.5620 Uy=0.2994]  vol[p=60.5309 Ux=2.6188 Uy=1.0003]
    val_geom_camber_rc         loss=1.0267  surf[p=58.7047 Ux=0.9665 Uy=0.4545]  vol[p=65.0110 Ux=3.3096 Uy=1.5426]
    val_geom_camber_cruise     loss=0.2439  surf[p=28.2279 Ux=0.3381 Uy=0.1938]  vol[p=28.8642 Ux=1.6786 Uy=0.5839]
    val_re_rand                loss=0.9670  surf[p=47.4305 Ux=0.6712 Uy=0.3244]  vol[p=48.8490 Ux=2.3662 Uy=1.0119]
Epoch  48 (96s) [33.0GB]  train[vol=0.2999 surf=0.1499]  val_avg_surf_p=45.7994 *
    val_single_in_dist         loss=1.5630  surf[p=50.2187 Ux=0.5593 Uy=0.2962]  vol[p=59.5594 Ux=2.6020 Uy=0.9871]
    val_geom_camber_rc         loss=0.9952  surf[p=58.1539 Ux=0.9609 Uy=0.4527]  vol[p=64.2151 Ux=3.2912 Uy=1.5330]
    val_geom_camber_cruise     loss=0.2384  surf[p=27.8762 Ux=0.3391 Uy=0.1917]  vol[p=28.6658 Ux=1.6737 Uy=0.5804]
    val_re_rand                loss=0.9633  surf[p=46.9488 Ux=0.6594 Uy=0.3219]  vol[p=48.2882 Ux=2.3520 Uy=1.0062]
Epoch  49 (96s) [33.0GB]  train[vol=0.3124 surf=0.1568]  val_avg_surf_p=45.6312 *
    val_single_in_dist         loss=1.6420  surf[p=50.3350 Ux=0.5477 Uy=0.2952]  vol[p=59.3392 Ux=2.5850 Uy=0.9805]
    val_geom_camber_rc         loss=0.9974  surf[p=57.6330 Ux=0.9510 Uy=0.4500]  vol[p=63.8704 Ux=3.2753 Uy=1.5259]
    val_geom_camber_cruise     loss=0.2363  surf[p=27.7532 Ux=0.3341 Uy=0.1909]  vol[p=28.5110 Ux=1.6610 Uy=0.5772]
    val_re_rand                loss=0.9429  surf[p=46.8035 Ux=0.6520 Uy=0.3208]  vol[p=47.9712 Ux=2.3357 Uy=1.0025]
Epoch  50 (97s) [33.0GB]  train[vol=0.2997 surf=0.1474]  val_avg_surf_p=45.0714 *
    val_single_in_dist         loss=1.5702  surf[p=48.8072 Ux=0.5385 Uy=0.2897]  vol[p=58.1172 Ux=2.5669 Uy=0.9659]
    val_geom_camber_rc         loss=0.9682  surf[p=57.2738 Ux=0.9458 Uy=0.4466]  vol[p=63.1073 Ux=3.2565 Uy=1.5137]
    val_geom_camber_cruise     loss=0.2372  surf[p=27.5326 Ux=0.3284 Uy=0.1896]  vol[p=28.3720 Ux=1.6519 Uy=0.5736]
    val_re_rand                loss=0.9499  surf[p=46.6722 Ux=0.6474 Uy=0.3195]  vol[p=47.8403 Ux=2.3295 Uy=0.9987]
Epoch  51 (98s) [33.0GB]  train[vol=0.2974 surf=0.1472]  val_avg_surf_p=44.6641 *
    val_single_in_dist         loss=1.4804  surf[p=48.0225 Ux=0.5197 Uy=0.2858]  vol[p=57.2629 Ux=2.5480 Uy=0.9549]
    val_geom_camber_rc         loss=0.9454  surf[p=57.0267 Ux=0.9384 Uy=0.4440]  vol[p=62.3883 Ux=3.2361 Uy=1.5022]
    val_geom_camber_cruise     loss=0.2348  surf[p=27.2791 Ux=0.3236 Uy=0.1883]  vol[p=28.1570 Ux=1.6415 Uy=0.5695]
    val_re_rand                loss=0.9542  surf[p=46.3283 Ux=0.6439 Uy=0.3180]  vol[p=47.4876 Ux=2.3196 Uy=0.9942]
Epoch  52 (97s) [33.0GB]  train[vol=0.3087 surf=0.1540]  val_avg_surf_p=44.2781 *
    val_single_in_dist         loss=1.5049  surf[p=47.6150 Ux=0.5162 Uy=0.2836]  vol[p=56.5700 Ux=2.5344 Uy=0.9482]
    val_geom_camber_rc         loss=0.9335  surf[p=56.7135 Ux=0.9329 Uy=0.4427]  vol[p=61.8295 Ux=3.2194 Uy=1.4936]
    val_geom_camber_cruise     loss=0.2328  surf[p=27.0451 Ux=0.3230 Uy=0.1868]  vol[p=28.0611 Ux=1.6373 Uy=0.5653]
    val_re_rand                loss=0.9698  surf[p=45.7386 Ux=0.6340 Uy=0.3150]  vol[p=46.9145 Ux=2.3064 Uy=0.9885]
Epoch  53 (97s) [33.0GB]  train[vol=0.2934 surf=0.1463]  val_avg_surf_p=44.1304 *
    val_single_in_dist         loss=1.5427  surf[p=47.7515 Ux=0.5132 Uy=0.2824]  vol[p=56.5302 Ux=2.5245 Uy=0.9442]
    val_geom_camber_rc         loss=0.9166  surf[p=56.2565 Ux=0.9242 Uy=0.4387]  vol[p=61.6584 Ux=3.2026 Uy=1.4848]
    val_geom_camber_cruise     loss=0.2298  surf[p=26.7908 Ux=0.3238 Uy=0.1863]  vol[p=27.7908 Ux=1.6325 Uy=0.5615]
    val_re_rand                loss=0.9550  surf[p=45.7227 Ux=0.6309 Uy=0.3127]  vol[p=46.6315 Ux=2.2947 Uy=0.9826]
Epoch  54 (98s) [33.0GB]  train[vol=0.2714 surf=0.1318]  val_avg_surf_p=43.9146 *
    val_single_in_dist         loss=1.4786  surf[p=47.4670 Ux=0.5003 Uy=0.2806]  vol[p=55.8602 Ux=2.5062 Uy=0.9366]
    val_geom_camber_rc         loss=0.9068  surf[p=55.7297 Ux=0.9088 Uy=0.4348]  vol[p=61.2636 Ux=3.1853 Uy=1.4743]
    val_geom_camber_cruise     loss=0.2298  surf[p=26.5803 Ux=0.3229 Uy=0.1851]  vol[p=27.6044 Ux=1.6261 Uy=0.5578]
    val_re_rand                loss=0.9536  surf[p=45.8813 Ux=0.6269 Uy=0.3116]  vol[p=46.6228 Ux=2.2881 Uy=0.9785]
Epoch  55 (96s) [33.0GB]  train[vol=0.2909 surf=0.1443]  val_avg_surf_p=43.5633 *
    val_single_in_dist         loss=1.5197  surf[p=46.9646 Ux=0.5045 Uy=0.2786]  vol[p=55.4201 Ux=2.5040 Uy=0.9300]
    val_geom_camber_rc         loss=0.8921  surf[p=55.4582 Ux=0.9052 Uy=0.4328]  vol[p=61.0005 Ux=3.1781 Uy=1.4670]
    val_geom_camber_cruise     loss=0.2230  surf[p=26.2512 Ux=0.3246 Uy=0.1842]  vol[p=27.3016 Ux=1.6219 Uy=0.5545]
    val_re_rand                loss=0.9559  surf[p=45.5792 Ux=0.6239 Uy=0.3094]  vol[p=46.3627 Ux=2.2839 Uy=0.9741]
Epoch  56 (97s) [33.0GB]  train[vol=0.2748 surf=0.1322]  val_avg_surf_p=43.1718 *
    val_single_in_dist         loss=1.4968  surf[p=46.4027 Ux=0.5016 Uy=0.2772]  vol[p=55.2346 Ux=2.4851 Uy=0.9247]
    val_geom_camber_rc         loss=0.8972  surf[p=55.0223 Ux=0.8992 Uy=0.4296]  vol[p=60.8454 Ux=3.1707 Uy=1.4610]
    val_geom_camber_cruise     loss=0.2186  surf[p=25.8908 Ux=0.3159 Uy=0.1833]  vol[p=26.9956 Ux=1.6076 Uy=0.5531]
    val_re_rand                loss=0.9352  surf[p=45.3716 Ux=0.6205 Uy=0.3083]  vol[p=46.0791 Ux=2.2717 Uy=0.9704]
Epoch  57 (98s) [33.0GB]  train[vol=0.2728 surf=0.1298]  val_avg_surf_p=42.7034 *
    val_single_in_dist         loss=1.4492  surf[p=45.6386 Ux=0.4916 Uy=0.2748]  vol[p=54.5490 Ux=2.4680 Uy=0.9187]
    val_geom_camber_rc         loss=0.9046  surf[p=54.7531 Ux=0.8952 Uy=0.4275]  vol[p=60.5789 Ux=3.1623 Uy=1.4576]
    val_geom_camber_cruise     loss=0.2150  surf[p=25.6185 Ux=0.3116 Uy=0.1825]  vol[p=26.7832 Ux=1.5956 Uy=0.5502]
    val_re_rand                loss=0.9263  surf[p=44.8035 Ux=0.6114 Uy=0.3061]  vol[p=45.3468 Ux=2.2551 Uy=0.9643]
Epoch  58 (99s) [33.0GB]  train[vol=0.2779 surf=0.1330]  val_avg_surf_p=42.5147 *
    val_single_in_dist         loss=1.4985  surf[p=45.6760 Ux=0.4981 Uy=0.2741]  vol[p=54.0834 Ux=2.4661 Uy=0.9120]
    val_geom_camber_rc         loss=0.8818  surf[p=54.4056 Ux=0.8904 Uy=0.4254]  vol[p=60.4262 Ux=3.1502 Uy=1.4491]
    val_geom_camber_cruise     loss=0.2145  surf[p=25.4955 Ux=0.3178 Uy=0.1819]  vol[p=26.6371 Ux=1.5920 Uy=0.5470]
    val_re_rand                loss=0.9367  surf[p=44.4817 Ux=0.6067 Uy=0.3048]  vol[p=44.9717 Ux=2.2456 Uy=0.9597]
Epoch  59 (97s) [33.0GB]  train[vol=0.2711 surf=0.1288]  val_avg_surf_p=42.5683
    val_single_in_dist         loss=1.5671  surf[p=46.1084 Ux=0.4978 Uy=0.2737]  vol[p=54.0861 Ux=2.4554 Uy=0.9077]
    val_geom_camber_rc         loss=0.8665  surf[p=54.4307 Ux=0.8897 Uy=0.4249]  vol[p=60.4199 Ux=3.1367 Uy=1.4427]
    val_geom_camber_cruise     loss=0.2123  surf[p=25.4169 Ux=0.3184 Uy=0.1807]  vol[p=26.4885 Ux=1.5825 Uy=0.5426]
    val_re_rand                loss=0.9635  surf[p=44.3172 Ux=0.6049 Uy=0.3038]  vol[p=44.8163 Ux=2.2397 Uy=0.9554]
Epoch  60 (97s) [33.0GB]  train[vol=0.2739 surf=0.1304]  val_avg_surf_p=42.4140 *
    val_single_in_dist         loss=1.6100  surf[p=46.2693 Ux=0.4955 Uy=0.2739]  vol[p=53.7876 Ux=2.4470 Uy=0.9051]
    val_geom_camber_rc         loss=0.8639  surf[p=54.2251 Ux=0.8804 Uy=0.4214]  vol[p=60.2763 Ux=3.1244 Uy=1.4337]
    val_geom_camber_cruise     loss=0.2095  surf[p=25.1082 Ux=0.3102 Uy=0.1797]  vol[p=26.2976 Ux=1.5753 Uy=0.5398]
    val_re_rand                loss=0.9437  surf[p=44.0535 Ux=0.5993 Uy=0.3032]  vol[p=44.5703 Ux=2.2280 Uy=0.9511]
Epoch  61 (98s) [33.0GB]  train[vol=0.2583 surf=0.1209]  val_avg_surf_p=42.0655 *
    val_single_in_dist         loss=1.6017  surf[p=45.9531 Ux=0.5017 Uy=0.2731]  vol[p=53.2434 Ux=2.4386 Uy=0.8999]
    val_geom_camber_rc         loss=0.8443  surf[p=53.7632 Ux=0.8751 Uy=0.4197]  vol[p=59.5343 Ux=3.1105 Uy=1.4257]
    val_geom_camber_cruise     loss=0.2086  surf[p=24.8580 Ux=0.3088 Uy=0.1786]  vol[p=26.1240 Ux=1.5696 Uy=0.5374]
    val_re_rand                loss=0.9562  surf[p=43.6878 Ux=0.5949 Uy=0.3017]  vol[p=44.1134 Ux=2.2194 Uy=0.9453]
Epoch  62 (97s) [33.0GB]  train[vol=0.2541 surf=0.1183]  val_avg_surf_p=41.7834 *
    val_single_in_dist         loss=1.6336  surf[p=45.8859 Ux=0.4861 Uy=0.2731]  vol[p=52.8671 Ux=2.4197 Uy=0.8955]
    val_geom_camber_rc         loss=0.8320  surf[p=53.1231 Ux=0.8669 Uy=0.4178]  vol[p=59.0128 Ux=3.0923 Uy=1.4206]
    val_geom_camber_cruise     loss=0.2057  surf[p=24.6035 Ux=0.3038 Uy=0.1769]  vol[p=26.0041 Ux=1.5578 Uy=0.5342]
    val_re_rand                loss=0.9374  surf[p=43.5211 Ux=0.5905 Uy=0.3004]  vol[p=43.9134 Ux=2.2095 Uy=0.9420]
Epoch  63 (97s) [33.0GB]  train[vol=0.2594 surf=0.1209]  val_avg_surf_p=41.3728 *
    val_single_in_dist         loss=1.6326  surf[p=44.9133 Ux=0.4782 Uy=0.2717]  vol[p=52.5119 Ux=2.4039 Uy=0.8910]
    val_geom_camber_rc         loss=0.8218  surf[p=52.7709 Ux=0.8598 Uy=0.4149]  vol[p=58.6453 Ux=3.0819 Uy=1.4126]
    val_geom_camber_cruise     loss=0.2030  surf[p=24.5115 Ux=0.3034 Uy=0.1761]  vol[p=25.8645 Ux=1.5513 Uy=0.5317]
    val_re_rand                loss=0.9274  surf[p=43.2954 Ux=0.5853 Uy=0.2982]  vol[p=43.6828 Ux=2.2012 Uy=0.9373]
Epoch  64 (97s) [33.0GB]  train[vol=0.2715 surf=0.1286]  val_avg_surf_p=41.0597 *
    val_single_in_dist         loss=1.6374  surf[p=44.6318 Ux=0.4839 Uy=0.2711]  vol[p=52.1227 Ux=2.3989 Uy=0.8861]
    val_geom_camber_rc         loss=0.8083  surf[p=52.1541 Ux=0.8549 Uy=0.4116]  vol[p=58.0066 Ux=3.0672 Uy=1.4023]
    val_geom_camber_cruise     loss=0.2006  surf[p=24.3804 Ux=0.3063 Uy=0.1758]  vol[p=25.7064 Ux=1.5447 Uy=0.5305]
    val_re_rand                loss=0.9336  surf[p=43.0724 Ux=0.5829 Uy=0.2976]  vol[p=43.5126 Ux=2.1931 Uy=0.9346]
Epoch  65 (98s) [33.0GB]  train[vol=0.2797 surf=0.1393]  val_avg_surf_p=40.7057 *
    val_single_in_dist         loss=1.6084  surf[p=44.2429 Ux=0.4712 Uy=0.2689]  vol[p=51.2963 Ux=2.3824 Uy=0.8801]
    val_geom_camber_rc         loss=0.7946  surf[p=51.5879 Ux=0.8486 Uy=0.4099]  vol[p=57.5148 Ux=3.0528 Uy=1.3935]
    val_geom_camber_cruise     loss=0.2000  surf[p=24.1321 Ux=0.2993 Uy=0.1746]  vol[p=25.5427 Ux=1.5368 Uy=0.5278]
    val_re_rand                loss=0.9284  surf[p=42.8599 Ux=0.5788 Uy=0.2965]  vol[p=43.2482 Ux=2.1808 Uy=0.9305]
Epoch  66 (97s) [33.0GB]  train[vol=0.2563 surf=0.1202]  val_avg_surf_p=40.3605 *
    val_single_in_dist         loss=1.5815  surf[p=43.4750 Ux=0.4757 Uy=0.2665]  vol[p=50.7393 Ux=2.3756 Uy=0.8755]
    val_geom_camber_rc         loss=0.7940  surf[p=51.5218 Ux=0.8407 Uy=0.4092]  vol[p=57.5878 Ux=3.0409 Uy=1.3912]
    val_geom_camber_cruise     loss=0.1989  surf[p=24.0722 Ux=0.3048 Uy=0.1745]  vol[p=25.4559 Ux=1.5349 Uy=0.5276]
    val_re_rand                loss=0.8749  surf[p=42.3730 Ux=0.5776 Uy=0.2945]  vol[p=42.7713 Ux=2.1685 Uy=0.9261]
Epoch  67 (97s) [33.0GB]  train[vol=0.2693 surf=0.1257]  val_avg_surf_p=40.4159
    val_single_in_dist         loss=1.6285  surf[p=43.9806 Ux=0.4648 Uy=0.2652]  vol[p=50.8422 Ux=2.3587 Uy=0.8717]
    val_geom_camber_rc         loss=0.8016  surf[p=51.7126 Ux=0.8336 Uy=0.4093]  vol[p=57.5794 Ux=3.0306 Uy=1.3908]
    val_geom_camber_cruise     loss=0.1982  surf[p=23.9139 Ux=0.2940 Uy=0.1737]  vol[p=25.2900 Ux=1.5249 Uy=0.5247]
    val_re_rand                loss=0.8483  surf[p=42.0565 Ux=0.5731 Uy=0.2930]  vol[p=42.4775 Ux=2.1577 Uy=0.9235]
Epoch  68 (96s) [33.0GB]  train[vol=0.2516 surf=0.1150]  val_avg_surf_p=40.1566 *
    val_single_in_dist         loss=1.5928  surf[p=43.7696 Ux=0.4589 Uy=0.2637]  vol[p=50.6528 Ux=2.3448 Uy=0.8636]
    val_geom_camber_rc         loss=0.7908  surf[p=51.2964 Ux=0.8289 Uy=0.4070]  vol[p=57.1991 Ux=3.0221 Uy=1.3822]
    val_geom_camber_cruise     loss=0.1976  surf[p=23.9400 Ux=0.2945 Uy=0.1734]  vol[p=25.1840 Ux=1.5176 Uy=0.5223]
    val_re_rand                loss=0.8276  surf[p=41.6205 Ux=0.5699 Uy=0.2912]  vol[p=42.0896 Ux=2.1494 Uy=0.9178]
Epoch  69 (98s) [33.0GB]  train[vol=0.2405 surf=0.1081]  val_avg_surf_p=39.9834 *
    val_single_in_dist         loss=1.6073  surf[p=43.4243 Ux=0.4616 Uy=0.2626]  vol[p=50.4162 Ux=2.3376 Uy=0.8599]
    val_geom_camber_rc         loss=0.8021  surf[p=51.3863 Ux=0.8235 Uy=0.4068]  vol[p=57.3546 Ux=3.0161 Uy=1.3806]
    val_geom_camber_cruise     loss=0.1945  surf[p=23.6002 Ux=0.2942 Uy=0.1733]  vol[p=24.9517 Ux=1.5112 Uy=0.5190]
    val_re_rand                loss=0.8277  surf[p=41.5227 Ux=0.5659 Uy=0.2905]  vol[p=41.9325 Ux=2.1427 Uy=0.9143]
Epoch  70 (97s) [33.0GB]  train[vol=0.2489 surf=0.1115]  val_avg_surf_p=39.4836 *
    val_single_in_dist         loss=1.5651  surf[p=42.5484 Ux=0.4502 Uy=0.2609]  vol[p=49.9243 Ux=2.3192 Uy=0.8570]
    val_geom_camber_rc         loss=0.8057  surf[p=51.1370 Ux=0.8185 Uy=0.4047]  vol[p=57.1179 Ux=3.0049 Uy=1.3762]
    val_geom_camber_cruise     loss=0.1931  surf[p=23.3714 Ux=0.2908 Uy=0.1724]  vol[p=24.8167 Ux=1.5046 Uy=0.5166]
    val_re_rand                loss=0.7933  surf[p=40.8777 Ux=0.5628 Uy=0.2880]  vol[p=41.5446 Ux=2.1307 Uy=0.9080]
Epoch  71 (97s) [33.0GB]  train[vol=0.2353 surf=0.1066]  val_avg_surf_p=39.2293 *
    val_single_in_dist         loss=1.5553  surf[p=42.0133 Ux=0.4497 Uy=0.2590]  vol[p=49.5469 Ux=2.3107 Uy=0.8513]
    val_geom_camber_rc         loss=0.7953  surf[p=50.7946 Ux=0.8131 Uy=0.4041]  vol[p=56.9271 Ux=2.9962 Uy=1.3701]
    val_geom_camber_cruise     loss=0.1909  surf[p=23.1976 Ux=0.2941 Uy=0.1708]  vol[p=24.6433 Ux=1.4977 Uy=0.5146]
    val_re_rand                loss=0.7895  surf[p=40.9119 Ux=0.5628 Uy=0.2872]  vol[p=41.5468 Ux=2.1274 Uy=0.9059]
Epoch  72 (98s) [33.0GB]  train[vol=0.2565 surf=0.1190]  val_avg_surf_p=39.1015 *
    val_single_in_dist         loss=1.5310  surf[p=41.7453 Ux=0.4366 Uy=0.2567]  vol[p=49.4011 Ux=2.2956 Uy=0.8440]
    val_geom_camber_rc         loss=0.7753  surf[p=50.6727 Ux=0.8096 Uy=0.4016]  vol[p=56.5841 Ux=2.9827 Uy=1.3616]
    val_geom_camber_cruise     loss=0.1894  surf[p=23.1346 Ux=0.2886 Uy=0.1710]  vol[p=24.5565 Ux=1.4888 Uy=0.5131]
    val_re_rand                loss=0.7892  surf[p=40.8533 Ux=0.5597 Uy=0.2864]  vol[p=41.4969 Ux=2.1201 Uy=0.9040]
Epoch  73 (95s) [33.0GB]  train[vol=0.2410 surf=0.1066]  val_avg_surf_p=38.8592 *
    val_single_in_dist         loss=1.4811  surf[p=41.5892 Ux=0.4335 Uy=0.2546]  vol[p=49.0441 Ux=2.2819 Uy=0.8380]
    val_geom_camber_rc         loss=0.7606  surf[p=50.2481 Ux=0.8053 Uy=0.3990]  vol[p=56.0987 Ux=2.9738 Uy=1.3534]
    val_geom_camber_cruise     loss=0.1872  surf[p=22.9290 Ux=0.2883 Uy=0.1696]  vol[p=24.4568 Ux=1.4840 Uy=0.5113]
    val_re_rand                loss=0.7852  surf[p=40.6704 Ux=0.5564 Uy=0.2847]  vol[p=41.3591 Ux=2.1128 Uy=0.8997]
Epoch  74 (97s) [33.0GB]  train[vol=0.2402 surf=0.1068]  val_avg_surf_p=38.5974 *
    val_single_in_dist         loss=1.4700  surf[p=41.3789 Ux=0.4320 Uy=0.2536]  vol[p=48.5909 Ux=2.2741 Uy=0.8335]
    val_geom_camber_rc         loss=0.7559  surf[p=50.0111 Ux=0.8008 Uy=0.3971]  vol[p=55.9648 Ux=2.9647 Uy=1.3467]
    val_geom_camber_cruise     loss=0.1853  surf[p=22.7178 Ux=0.2869 Uy=0.1687]  vol[p=24.3180 Ux=1.4830 Uy=0.5094]
    val_re_rand                loss=0.7717  surf[p=40.2816 Ux=0.5522 Uy=0.2837]  vol[p=41.0585 Ux=2.1023 Uy=0.8951]
Epoch  75 (98s) [33.0GB]  train[vol=0.2486 surf=0.1114]  val_avg_surf_p=38.3915 *
    val_single_in_dist         loss=1.5073  surf[p=41.3195 Ux=0.4281 Uy=0.2531]  vol[p=48.1987 Ux=2.2637 Uy=0.8321]
    val_geom_camber_rc         loss=0.7548  surf[p=49.7970 Ux=0.7932 Uy=0.3958]  vol[p=56.0205 Ux=2.9546 Uy=1.3444]
    val_geom_camber_cruise     loss=0.1837  surf[p=22.5358 Ux=0.2900 Uy=0.1676]  vol[p=24.1829 Ux=1.4787 Uy=0.5076]
    val_re_rand                loss=0.7556  surf[p=39.9136 Ux=0.5483 Uy=0.2826]  vol[p=40.7979 Ux=2.0934 Uy=0.8923]
Epoch  76 (96s) [33.0GB]  train[vol=0.2450 surf=0.1131]  val_avg_surf_p=38.1859 *
    val_single_in_dist         loss=1.3975  surf[p=40.7880 Ux=0.4231 Uy=0.2503]  vol[p=47.7808 Ux=2.2525 Uy=0.8269]
    val_geom_camber_rc         loss=0.7451  surf[p=49.6499 Ux=0.7918 Uy=0.3933]  vol[p=55.7096 Ux=2.9460 Uy=1.3382]
    val_geom_camber_cruise     loss=0.1831  surf[p=22.5207 Ux=0.2876 Uy=0.1670]  vol[p=24.1360 Ux=1.4717 Uy=0.5058]
    val_re_rand                loss=0.7597  surf[p=39.7850 Ux=0.5474 Uy=0.2812]  vol[p=40.7043 Ux=2.0847 Uy=0.8897]
Epoch  77 (97s) [33.0GB]  train[vol=0.2329 surf=0.1009]  val_avg_surf_p=37.8715 *
    val_single_in_dist         loss=1.3946  surf[p=40.4359 Ux=0.4213 Uy=0.2498]  vol[p=47.4411 Ux=2.2463 Uy=0.8255]
    val_geom_camber_rc         loss=0.7382  surf[p=49.3304 Ux=0.7886 Uy=0.3928]  vol[p=55.4674 Ux=2.9399 Uy=1.3337]
    val_geom_camber_cruise     loss=0.1811  surf[p=22.3072 Ux=0.2861 Uy=0.1665]  vol[p=24.0081 Ux=1.4654 Uy=0.5042]
    val_re_rand                loss=0.7514  surf[p=39.4124 Ux=0.5434 Uy=0.2805]  vol[p=40.4352 Ux=2.0762 Uy=0.8877]
Epoch  78 (97s) [33.0GB]  train[vol=0.2422 surf=0.1097]  val_avg_surf_p=37.6977 *
    val_single_in_dist         loss=1.3405  surf[p=39.8314 Ux=0.4208 Uy=0.2484]  vol[p=47.1356 Ux=2.2398 Uy=0.8198]
    val_geom_camber_rc         loss=0.7368  surf[p=49.3890 Ux=0.7875 Uy=0.3925]  vol[p=55.4133 Ux=2.9330 Uy=1.3330]
    val_geom_camber_cruise     loss=0.1790  surf[p=22.1598 Ux=0.2818 Uy=0.1663]  vol[p=23.9205 Ux=1.4583 Uy=0.5022]
    val_re_rand                loss=0.7721  surf[p=39.4106 Ux=0.5421 Uy=0.2802]  vol[p=40.4213 Ux=2.0693 Uy=0.8853]
Epoch  79 (97s) [33.0GB]  train[vol=0.2358 surf=0.1019]  val_avg_surf_p=37.4990 *
    val_single_in_dist         loss=1.2554  surf[p=39.1083 Ux=0.4254 Uy=0.2471]  vol[p=46.7631 Ux=2.2398 Uy=0.8170]
    val_geom_camber_rc         loss=0.7319  surf[p=49.2953 Ux=0.7851 Uy=0.3917]  vol[p=55.2984 Ux=2.9289 Uy=1.3306]
    val_geom_camber_cruise     loss=0.1788  surf[p=22.0623 Ux=0.2866 Uy=0.1656]  vol[p=23.8760 Ux=1.4543 Uy=0.5013]
    val_re_rand                loss=0.7849  surf[p=39.5301 Ux=0.5437 Uy=0.2796]  vol[p=40.5036 Ux=2.0684 Uy=0.8852]
Epoch  80 (98s) [33.0GB]  train[vol=0.2377 surf=0.1062]  val_avg_surf_p=37.3360 *
    val_single_in_dist         loss=1.2370  surf[p=38.8454 Ux=0.4153 Uy=0.2455]  vol[p=46.6186 Ux=2.2245 Uy=0.8121]
    val_geom_camber_rc         loss=0.7281  surf[p=49.2217 Ux=0.7805 Uy=0.3903]  vol[p=55.1592 Ux=2.9195 Uy=1.3295]
    val_geom_camber_cruise     loss=0.1780  surf[p=21.8336 Ux=0.2809 Uy=0.1642]  vol[p=23.7866 Ux=1.4505 Uy=0.4992]
    val_re_rand                loss=0.8001  surf[p=39.4434 Ux=0.5402 Uy=0.2787]  vol[p=40.3640 Ux=2.0636 Uy=0.8825]
Epoch  81 (97s) [33.0GB]  train[vol=0.2523 surf=0.1133]  val_avg_surf_p=37.4410
    val_single_in_dist         loss=1.3048  surf[p=39.2960 Ux=0.4178 Uy=0.2454]  vol[p=46.6807 Ux=2.2237 Uy=0.8116]
    val_geom_camber_rc         loss=0.7278  surf[p=49.2652 Ux=0.7796 Uy=0.3900]  vol[p=55.0949 Ux=2.9138 Uy=1.3265]
    val_geom_camber_cruise     loss=0.1772  surf[p=21.7641 Ux=0.2801 Uy=0.1637]  vol[p=23.6605 Ux=1.4412 Uy=0.4981]
    val_re_rand                loss=0.7894  surf[p=39.4387 Ux=0.5417 Uy=0.2780]  vol[p=40.3933 Ux=2.0570 Uy=0.8815]
Epoch  82 (98s) [33.0GB]  train[vol=0.2441 surf=0.1072]  val_avg_surf_p=37.2817 *
    val_single_in_dist         loss=1.3202  surf[p=39.2215 Ux=0.4167 Uy=0.2449]  vol[p=46.5406 Ux=2.2167 Uy=0.8097]
    val_geom_camber_rc         loss=0.7190  surf[p=48.8898 Ux=0.7729 Uy=0.3880]  vol[p=54.6363 Ux=2.9049 Uy=1.3218]
    val_geom_camber_cruise     loss=0.1757  surf[p=21.6328 Ux=0.2806 Uy=0.1630]  vol[p=23.5806 Ux=1.4384 Uy=0.4960]
    val_re_rand                loss=0.7932  surf[p=39.3829 Ux=0.5392 Uy=0.2772]  vol[p=40.3729 Ux=2.0539 Uy=0.8787]
Epoch  83 (97s) [33.0GB]  train[vol=0.2348 surf=0.1012]  val_avg_surf_p=37.1053 *
    val_single_in_dist         loss=1.3656  surf[p=39.2740 Ux=0.4097 Uy=0.2442]  vol[p=46.3424 Ux=2.2071 Uy=0.8073]
    val_geom_camber_rc         loss=0.7157  surf[p=48.7137 Ux=0.7676 Uy=0.3863]  vol[p=54.4152 Ux=2.8949 Uy=1.3161]
    val_geom_camber_cruise     loss=0.1737  surf[p=21.4608 Ux=0.2762 Uy=0.1619]  vol[p=23.3933 Ux=1.4315 Uy=0.4944]
    val_re_rand                loss=0.7832  surf[p=38.9728 Ux=0.5338 Uy=0.2760]  vol[p=40.0158 Ux=2.0459 Uy=0.8754]
Epoch  84 (97s) [33.0GB]  train[vol=0.2349 surf=0.1027]  val_avg_surf_p=36.7826 *
    val_single_in_dist         loss=1.3343  surf[p=38.9305 Ux=0.4154 Uy=0.2429]  vol[p=45.9883 Ux=2.2029 Uy=0.8034]
    val_geom_camber_rc         loss=0.7085  surf[p=48.1479 Ux=0.7656 Uy=0.3852]  vol[p=53.9140 Ux=2.8837 Uy=1.3126]
    val_geom_camber_cruise     loss=0.1729  surf[p=21.3499 Ux=0.2802 Uy=0.1616]  vol[p=23.3001 Ux=1.4274 Uy=0.4933]
    val_re_rand                loss=0.7857  surf[p=38.7021 Ux=0.5339 Uy=0.2749]  vol[p=39.7607 Ux=2.0377 Uy=0.8722]
Epoch  85 (97s) [33.0GB]  train[vol=0.2306 surf=0.0989]  val_avg_surf_p=36.6179 *
    val_single_in_dist         loss=1.3516  surf[p=38.7065 Ux=0.4090 Uy=0.2415]  vol[p=45.5345 Ux=2.1892 Uy=0.8004]
    val_geom_camber_rc         loss=0.7062  surf[p=47.9936 Ux=0.7637 Uy=0.3842]  vol[p=53.8853 Ux=2.8796 Uy=1.3100]
    val_geom_camber_cruise     loss=0.1717  surf[p=21.2026 Ux=0.2737 Uy=0.1610]  vol[p=23.1591 Ux=1.4176 Uy=0.4918]
    val_re_rand                loss=0.7791  surf[p=38.5687 Ux=0.5323 Uy=0.2745]  vol[p=39.6134 Ux=2.0307 Uy=0.8696]
Epoch  86 (97s) [33.0GB]  train[vol=0.2299 surf=0.0979]  val_avg_surf_p=36.5010 *
    val_single_in_dist         loss=1.4026  surf[p=38.5027 Ux=0.4071 Uy=0.2407]  vol[p=45.1183 Ux=2.1822 Uy=0.7982]
    val_geom_camber_rc         loss=0.7070  surf[p=47.9799 Ux=0.7605 Uy=0.3833]  vol[p=53.8380 Ux=2.8752 Uy=1.3079]
    val_geom_camber_cruise     loss=0.1702  surf[p=21.0744 Ux=0.2701 Uy=0.1603]  vol[p=23.0973 Ux=1.4100 Uy=0.4896]
    val_re_rand                loss=0.7858  surf[p=38.4469 Ux=0.5315 Uy=0.2744]  vol[p=39.4527 Ux=2.0270 Uy=0.8674]
Epoch  87 (97s) [33.0GB]  train[vol=0.2284 surf=0.0965]  val_avg_surf_p=36.5471
    val_single_in_dist         loss=1.4268  surf[p=38.7645 Ux=0.4094 Uy=0.2405]  vol[p=45.2457 Ux=2.1808 Uy=0.7962]
    val_geom_camber_rc         loss=0.7161  surf[p=48.2685 Ux=0.7582 Uy=0.3839]  vol[p=53.8443 Ux=2.8727 Uy=1.3067]
    val_geom_camber_cruise     loss=0.1685  surf[p=20.8772 Ux=0.2687 Uy=0.1598]  vol[p=23.0153 Ux=1.4084 Uy=0.4877]
    val_re_rand                loss=0.7908  surf[p=38.2782 Ux=0.5247 Uy=0.2733]  vol[p=39.2913 Ux=2.0207 Uy=0.8647]
Epoch  88 (98s) [33.0GB]  train[vol=0.2265 surf=0.0964]  val_avg_surf_p=36.3455 *
    val_single_in_dist         loss=1.4094  surf[p=38.1087 Ux=0.4054 Uy=0.2399]  vol[p=44.8919 Ux=2.1695 Uy=0.7932]
    val_geom_camber_rc         loss=0.7112  surf[p=48.2880 Ux=0.7573 Uy=0.3835]  vol[p=53.6819 Ux=2.8659 Uy=1.3045]
    val_geom_camber_cruise     loss=0.1677  surf[p=20.8277 Ux=0.2687 Uy=0.1589]  vol[p=22.9137 Ux=1.4018 Uy=0.4858]
    val_re_rand                loss=0.7924  surf[p=38.1576 Ux=0.5222 Uy=0.2723]  vol[p=39.1686 Ux=2.0155 Uy=0.8623]
Epoch  89 (98s) [33.0GB]  train[vol=0.2220 surf=0.0926]  val_avg_surf_p=36.1694 *
    val_single_in_dist         loss=1.3682  surf[p=37.6123 Ux=0.3959 Uy=0.2389]  vol[p=44.3995 Ux=2.1562 Uy=0.7882]
    val_geom_camber_rc         loss=0.7044  surf[p=48.0887 Ux=0.7519 Uy=0.3822]  vol[p=53.4075 Ux=2.8572 Uy=1.2985]
    val_geom_camber_cruise     loss=0.1663  surf[p=20.7642 Ux=0.2662 Uy=0.1581]  vol[p=22.8785 Ux=1.3986 Uy=0.4840]
    val_re_rand                loss=0.7946  surf[p=38.2122 Ux=0.5187 Uy=0.2718]  vol[p=39.2301 Ux=2.0098 Uy=0.8593]
Epoch  90 (98s) [33.0GB]  train[vol=0.2190 surf=0.0880]  val_avg_surf_p=36.0007 *
    val_single_in_dist         loss=1.3646  surf[p=37.3183 Ux=0.3925 Uy=0.2386]  vol[p=44.2739 Ux=2.1480 Uy=0.7855]
    val_geom_camber_rc         loss=0.7015  surf[p=48.0752 Ux=0.7527 Uy=0.3821]  vol[p=53.3766 Ux=2.8500 Uy=1.2949]
    val_geom_camber_cruise     loss=0.1649  surf[p=20.6240 Ux=0.2682 Uy=0.1577]  vol[p=22.7687 Ux=1.3954 Uy=0.4824]
    val_re_rand                loss=0.7897  surf[p=37.9853 Ux=0.5195 Uy=0.2704]  vol[p=39.0464 Ux=2.0038 Uy=0.8565]
Epoch  91 (97s) [33.0GB]  train[vol=0.2170 surf=0.0902]  val_avg_surf_p=35.8724 *
    val_single_in_dist         loss=1.3479  surf[p=37.0871 Ux=0.3899 Uy=0.2373]  vol[p=44.2942 Ux=2.1379 Uy=0.7808]
    val_geom_camber_rc         loss=0.7006  surf[p=48.1290 Ux=0.7503 Uy=0.3818]  vol[p=53.4045 Ux=2.8473 Uy=1.2916]
    val_geom_camber_cruise     loss=0.1642  surf[p=20.5504 Ux=0.2666 Uy=0.1571]  vol[p=22.6973 Ux=1.3939 Uy=0.4814]
    val_re_rand                loss=0.7880  surf[p=37.7229 Ux=0.5136 Uy=0.2698]  vol[p=38.8646 Ux=1.9969 Uy=0.8539]
Epoch  92 (96s) [33.0GB]  train[vol=0.2354 surf=0.1009]  val_avg_surf_p=35.7646 *
    val_single_in_dist         loss=1.3139  surf[p=36.8969 Ux=0.3890 Uy=0.2355]  vol[p=43.9978 Ux=2.1338 Uy=0.7774]
    val_geom_camber_rc         loss=0.6973  surf[p=47.9879 Ux=0.7465 Uy=0.3805]  vol[p=53.2286 Ux=2.8413 Uy=1.2893]
    val_geom_camber_cruise     loss=0.1645  surf[p=20.5410 Ux=0.2690 Uy=0.1569]  vol[p=22.7132 Ux=1.3919 Uy=0.4809]
    val_re_rand                loss=0.7874  surf[p=37.6325 Ux=0.5118 Uy=0.2691]  vol[p=38.7830 Ux=1.9915 Uy=0.8510]
Epoch  93 (96s) [33.0GB]  train[vol=0.2224 surf=0.0892]  val_avg_surf_p=35.5077 *
    val_single_in_dist         loss=1.2455  surf[p=36.3481 Ux=0.3833 Uy=0.2340]  vol[p=43.5397 Ux=2.1238 Uy=0.7738]
    val_geom_camber_rc         loss=0.6913  surf[p=47.8726 Ux=0.7412 Uy=0.3796]  vol[p=53.0605 Ux=2.8339 Uy=1.2866]
    val_geom_camber_cruise     loss=0.1644  surf[p=20.4741 Ux=0.2659 Uy=0.1567]  vol[p=22.6366 Ux=1.3845 Uy=0.4797]
    val_re_rand                loss=0.7741  surf[p=37.3358 Ux=0.5084 Uy=0.2681]  vol[p=38.5812 Ux=1.9849 Uy=0.8472]
Epoch  94 (96s) [33.0GB]  train[vol=0.2117 surf=0.0838]  val_avg_surf_p=35.3330 *
    val_single_in_dist         loss=1.1836  surf[p=35.8257 Ux=0.3802 Uy=0.2332]  vol[p=43.1833 Ux=2.1161 Uy=0.7706]
    val_geom_camber_rc         loss=0.6981  surf[p=48.0718 Ux=0.7398 Uy=0.3800]  vol[p=53.1908 Ux=2.8267 Uy=1.2858]
    val_geom_camber_cruise     loss=0.1631  surf[p=20.3113 Ux=0.2630 Uy=0.1556]  vol[p=22.5647 Ux=1.3800 Uy=0.4786]
    val_re_rand                loss=0.7613  surf[p=37.1231 Ux=0.5073 Uy=0.2670]  vol[p=38.4110 Ux=1.9812 Uy=0.8447]
Epoch  95 (98s) [33.0GB]  train[vol=0.2053 surf=0.0799]  val_avg_surf_p=35.1306 *
    val_single_in_dist         loss=1.1407  surf[p=35.2477 Ux=0.3784 Uy=0.2327]  vol[p=42.7393 Ux=2.1081 Uy=0.7674]
    val_geom_camber_rc         loss=0.6931  surf[p=47.9370 Ux=0.7386 Uy=0.3794]  vol[p=52.9344 Ux=2.8206 Uy=1.2825]
    val_geom_camber_cruise     loss=0.1626  surf[p=20.2391 Ux=0.2588 Uy=0.1548]  vol[p=22.4221 Ux=1.3749 Uy=0.4772]
    val_re_rand                loss=0.7799  surf[p=37.0988 Ux=0.5077 Uy=0.2665]  vol[p=38.4143 Ux=1.9778 Uy=0.8430]
Epoch  96 (97s) [33.0GB]  train[vol=0.2088 surf=0.0811]  val_avg_surf_p=35.0706 *
    val_single_in_dist         loss=1.1266  surf[p=35.0044 Ux=0.3755 Uy=0.2319]  vol[p=42.4545 Ux=2.1023 Uy=0.7646]
    val_geom_camber_rc         loss=0.6960  surf[p=47.9199 Ux=0.7357 Uy=0.3798]  vol[p=52.9875 Ux=2.8167 Uy=1.2811]
    val_geom_camber_cruise     loss=0.1627  surf[p=20.2551 Ux=0.2573 Uy=0.1545]  vol[p=22.4131 Ux=1.3711 Uy=0.4763]
    val_re_rand                loss=0.7672  surf[p=37.1029 Ux=0.5061 Uy=0.2660]  vol[p=38.4172 Ux=1.9729 Uy=0.8412]
Epoch  97 (97s) [33.0GB]  train[vol=0.2166 surf=0.0871]  val_avg_surf_p=34.9152 *
    val_single_in_dist         loss=1.1092  surf[p=34.9145 Ux=0.3759 Uy=0.2307]  vol[p=42.2754 Ux=2.0956 Uy=0.7597]
    val_geom_camber_rc         loss=0.6910  surf[p=47.6240 Ux=0.7341 Uy=0.3784]  vol[p=52.7931 Ux=2.8111 Uy=1.2780]
    val_geom_camber_cruise     loss=0.1624  surf[p=20.1678 Ux=0.2610 Uy=0.1540]  vol[p=22.3170 Ux=1.3683 Uy=0.4746]
    val_re_rand                loss=0.7686  surf[p=36.9544 Ux=0.5041 Uy=0.2651]  vol[p=38.3216 Ux=1.9691 Uy=0.8392]
Epoch  98 (98s) [33.0GB]  train[vol=0.2080 surf=0.0826]  val_avg_surf_p=34.7275 *
    val_single_in_dist         loss=1.0664  surf[p=34.8086 Ux=0.3736 Uy=0.2305]  vol[p=42.2115 Ux=2.0880 Uy=0.7575]
    val_geom_camber_rc         loss=0.6901  surf[p=47.3781 Ux=0.7323 Uy=0.3776]  vol[p=52.5478 Ux=2.8057 Uy=1.2765]
    val_geom_camber_cruise     loss=0.1620  surf[p=20.0331 Ux=0.2592 Uy=0.1542]  vol[p=22.2699 Ux=1.3672 Uy=0.4736]
    val_re_rand                loss=0.7610  surf[p=36.6903 Ux=0.4990 Uy=0.2649]  vol[p=38.0642 Ux=1.9627 Uy=0.8364]
Epoch  99 (97s) [33.0GB]  train[vol=0.2172 surf=0.0873]  val_avg_surf_p=34.6203 *
    val_single_in_dist         loss=1.0394  surf[p=34.5666 Ux=0.3691 Uy=0.2291]  vol[p=42.0932 Ux=2.0809 Uy=0.7572]
    val_geom_camber_rc         loss=0.6906  surf[p=47.4257 Ux=0.7317 Uy=0.3758]  vol[p=52.5798 Ux=2.8029 Uy=1.2749]
    val_geom_camber_cruise     loss=0.1614  surf[p=19.9909 Ux=0.2572 Uy=0.1537]  vol[p=22.2194 Ux=1.3637 Uy=0.4731]
    val_re_rand                loss=0.7660  surf[p=36.4980 Ux=0.4963 Uy=0.2638]  vol[p=37.9553 Ux=1.9573 Uy=0.8340]
Epoch 100 (97s) [33.0GB]  train[vol=0.2231 surf=0.0939]  val_avg_surf_p=34.5571 *
    val_single_in_dist         loss=1.0751  surf[p=34.4543 Ux=0.3689 Uy=0.2282]  vol[p=41.9363 Ux=2.0744 Uy=0.7549]
    val_geom_camber_rc         loss=0.6997  surf[p=47.5399 Ux=0.7303 Uy=0.3760]  vol[p=52.6708 Ux=2.7994 Uy=1.2747]
    val_geom_camber_cruise     loss=0.1606  surf[p=19.8670 Ux=0.2590 Uy=0.1532]  vol[p=22.1372 Ux=1.3617 Uy=0.4718]
    val_re_rand                loss=0.7579  surf[p=36.3674 Ux=0.4962 Uy=0.2633]  vol[p=37.7968 Ux=1.9532 Uy=0.8313]
Epoch 101 (97s) [33.0GB]  train[vol=0.2038 surf=0.0791]  val_avg_surf_p=34.4315 *
    val_single_in_dist         loss=1.0621  surf[p=34.2118 Ux=0.3686 Uy=0.2279]  vol[p=41.7873 Ux=2.0708 Uy=0.7538]
    val_geom_camber_rc         loss=0.7017  surf[p=47.5437 Ux=0.7286 Uy=0.3746]  vol[p=52.6559 Ux=2.7974 Uy=1.2710]
    val_geom_camber_cruise     loss=0.1595  surf[p=19.7979 Ux=0.2587 Uy=0.1530]  vol[p=22.0535 Ux=1.3584 Uy=0.4712]
    val_re_rand                loss=0.7508  surf[p=36.1726 Ux=0.4936 Uy=0.2621]  vol[p=37.6279 Ux=1.9493 Uy=0.8290]
Epoch 102 (97s) [33.0GB]  train[vol=0.2048 surf=0.0806]  val_avg_surf_p=34.3948 *
    val_single_in_dist         loss=1.0494  surf[p=34.0980 Ux=0.3690 Uy=0.2273]  vol[p=41.6816 Ux=2.0649 Uy=0.7503]
    val_geom_camber_rc         loss=0.6959  surf[p=47.5263 Ux=0.7285 Uy=0.3743]  vol[p=52.5226 Ux=2.7906 Uy=1.2697]
    val_geom_camber_cruise     loss=0.1592  surf[p=19.7670 Ux=0.2583 Uy=0.1526]  vol[p=21.9642 Ux=1.3550 Uy=0.4699]
    val_re_rand                loss=0.7625  surf[p=36.1878 Ux=0.4942 Uy=0.2613]  vol[p=37.5826 Ux=1.9462 Uy=0.8274]
Epoch 103 (98s) [33.0GB]  train[vol=0.1951 surf=0.0737]  val_avg_surf_p=34.2269 *
    val_single_in_dist         loss=1.0418  surf[p=33.8219 Ux=0.3668 Uy=0.2262]  vol[p=41.3498 Ux=2.0591 Uy=0.7480]
    val_geom_camber_rc         loss=0.6887  surf[p=47.2187 Ux=0.7269 Uy=0.3730]  vol[p=52.2855 Ux=2.7833 Uy=1.2663]
    val_geom_camber_cruise     loss=0.1586  surf[p=19.6958 Ux=0.2566 Uy=0.1521]  vol[p=21.8891 Ux=1.3493 Uy=0.4692]
    val_re_rand                loss=0.7612  surf[p=36.1713 Ux=0.4943 Uy=0.2608]  vol[p=37.5399 Ux=1.9432 Uy=0.8263]
Epoch 104 (97s) [33.0GB]  train[vol=0.2075 surf=0.0814]  val_avg_surf_p=34.2353
    val_single_in_dist         loss=1.0882  surf[p=34.1410 Ux=0.3673 Uy=0.2260]  vol[p=41.3698 Ux=2.0553 Uy=0.7471]
    val_geom_camber_rc         loss=0.6826  surf[p=47.0162 Ux=0.7249 Uy=0.3729]  vol[p=52.1318 Ux=2.7775 Uy=1.2660]
    val_geom_camber_cruise     loss=0.1573  surf[p=19.6500 Ux=0.2556 Uy=0.1518]  vol[p=21.8519 Ux=1.3457 Uy=0.4678]
    val_re_rand                loss=0.7656  surf[p=36.1338 Ux=0.4938 Uy=0.2604]  vol[p=37.5253 Ux=1.9384 Uy=0.8250]
Epoch 105 (97s) [33.0GB]  train[vol=0.2079 surf=0.0803]  val_avg_surf_p=34.2061 *
    val_single_in_dist         loss=1.1331  surf[p=34.1336 Ux=0.3666 Uy=0.2251]  vol[p=41.2625 Ux=2.0512 Uy=0.7450]
    val_geom_camber_rc         loss=0.6855  surf[p=47.0636 Ux=0.7247 Uy=0.3724]  vol[p=52.1512 Ux=2.7754 Uy=1.2655]
    val_geom_camber_cruise     loss=0.1562  surf[p=19.5399 Ux=0.2572 Uy=0.1517]  vol[p=21.7979 Ux=1.3446 Uy=0.4674]
    val_re_rand                loss=0.7680  surf[p=36.0871 Ux=0.4946 Uy=0.2601]  vol[p=37.4975 Ux=1.9348 Uy=0.8238]
Epoch 106 (96s) [33.0GB]  train[vol=0.2069 surf=0.0784]  val_avg_surf_p=34.1402 *
    val_single_in_dist         loss=1.1533  surf[p=34.0468 Ux=0.3633 Uy=0.2246]  vol[p=41.1403 Ux=2.0479 Uy=0.7429]
    val_geom_camber_rc         loss=0.6832  surf[p=47.0165 Ux=0.7202 Uy=0.3720]  vol[p=52.1987 Ux=2.7756 Uy=1.2661]
    val_geom_camber_cruise     loss=0.1554  surf[p=19.5140 Ux=0.2527 Uy=0.1509]  vol[p=21.7688 Ux=1.3411 Uy=0.4656]
    val_re_rand                loss=0.7644  surf[p=35.9834 Ux=0.4888 Uy=0.2594]  vol[p=37.3809 Ux=1.9288 Uy=0.8220]
Epoch 107 (98s) [33.0GB]  train[vol=0.1973 surf=0.0732]  val_avg_surf_p=34.0361 *
    val_single_in_dist         loss=1.2103  surf[p=34.0619 Ux=0.3658 Uy=0.2242]  vol[p=41.0735 Ux=2.0466 Uy=0.7407]
    val_geom_camber_rc         loss=0.6812  surf[p=46.8316 Ux=0.7187 Uy=0.3705]  vol[p=52.1395 Ux=2.7709 Uy=1.2623]
    val_geom_camber_cruise     loss=0.1551  surf[p=19.3874 Ux=0.2557 Uy=0.1504]  vol[p=21.6470 Ux=1.3388 Uy=0.4640]
    val_re_rand                loss=0.7631  surf[p=35.8635 Ux=0.4878 Uy=0.2587]  vol[p=37.2813 Ux=1.9243 Uy=0.8199]
Epoch 108 (96s) [33.0GB]  train[vol=0.2111 surf=0.0809]  val_avg_surf_p=33.8431 *
    val_single_in_dist         loss=1.2292  surf[p=33.8625 Ux=0.3641 Uy=0.2236]  vol[p=40.8537 Ux=2.0389 Uy=0.7386]
    val_geom_camber_rc         loss=0.6741  surf[p=46.4926 Ux=0.7148 Uy=0.3695]  vol[p=52.0194 Ux=2.7643 Uy=1.2591]
    val_geom_camber_cruise     loss=0.1542  surf[p=19.2900 Ux=0.2541 Uy=0.1499]  vol[p=21.6446 Ux=1.3344 Uy=0.4629]
    val_re_rand                loss=0.7551  surf[p=35.7271 Ux=0.4871 Uy=0.2584]  vol[p=37.1737 Ux=1.9200 Uy=0.8184]
Epoch 109 (97s) [33.0GB]  train[vol=0.2029 surf=0.0792]  val_avg_surf_p=33.8426 *
    val_single_in_dist         loss=1.1962  surf[p=33.7374 Ux=0.3629 Uy=0.2231]  vol[p=40.7844 Ux=2.0334 Uy=0.7356]
    val_geom_camber_rc         loss=0.6786  surf[p=46.6502 Ux=0.7147 Uy=0.3696]  vol[p=52.1950 Ux=2.7632 Uy=1.2590]
    val_geom_camber_cruise     loss=0.1539  surf[p=19.2489 Ux=0.2533 Uy=0.1499]  vol[p=21.6199 Ux=1.3299 Uy=0.4621]
    val_re_rand                loss=0.7694  surf[p=35.7339 Ux=0.4868 Uy=0.2587]  vol[p=37.2026 Ux=1.9181 Uy=0.8178]
Epoch 110 (98s) [33.0GB]  train[vol=0.2103 surf=0.0795]  val_avg_surf_p=33.7168 *
    val_single_in_dist         loss=1.1922  surf[p=33.4452 Ux=0.3613 Uy=0.2225]  vol[p=40.6750 Ux=2.0281 Uy=0.7330]
    val_geom_camber_rc         loss=0.6784  surf[p=46.6201 Ux=0.7143 Uy=0.3691]  vol[p=52.1025 Ux=2.7599 Uy=1.2560]
    val_geom_camber_cruise     loss=0.1527  surf[p=19.1604 Ux=0.2553 Uy=0.1501]  vol[p=21.5565 Ux=1.3289 Uy=0.4614]
    val_re_rand                loss=0.7649  surf[p=35.6414 Ux=0.4877 Uy=0.2586]  vol[p=37.1162 Ux=1.9162 Uy=0.8166]
Epoch 111 (97s) [33.0GB]  train[vol=0.1998 surf=0.0732]  val_avg_surf_p=33.5877 *
    val_single_in_dist         loss=1.1362  surf[p=33.2297 Ux=0.3575 Uy=0.2214]  vol[p=40.5694 Ux=2.0231 Uy=0.7290]
    val_geom_camber_rc         loss=0.6837  surf[p=46.6107 Ux=0.7126 Uy=0.3686]  vol[p=52.1174 Ux=2.7577 Uy=1.2547]
    val_geom_camber_cruise     loss=0.1509  surf[p=19.0435 Ux=0.2543 Uy=0.1494]  vol[p=21.4596 Ux=1.3272 Uy=0.4602]
    val_re_rand                loss=0.7504  surf[p=35.4671 Ux=0.4873 Uy=0.2578]  vol[p=37.0222 Ux=1.9129 Uy=0.8145]
Epoch 112 (97s) [33.0GB]  train[vol=0.1965 surf=0.0727]  val_avg_surf_p=33.5697 *
    val_single_in_dist         loss=1.1180  surf[p=33.0303 Ux=0.3539 Uy=0.2206]  vol[p=40.4509 Ux=2.0170 Uy=0.7270]
    val_geom_camber_rc         loss=0.6868  surf[p=46.7615 Ux=0.7091 Uy=0.3684]  vol[p=52.1843 Ux=2.7545 Uy=1.2539]
    val_geom_camber_cruise     loss=0.1501  surf[p=18.9412 Ux=0.2496 Uy=0.1487]  vol[p=21.3969 Ux=1.3236 Uy=0.4589]
    val_re_rand                loss=0.7533  surf[p=35.5459 Ux=0.4853 Uy=0.2578]  vol[p=37.0653 Ux=1.9121 Uy=0.8135]
Epoch 113 (98s) [33.0GB]  train[vol=0.1880 surf=0.0666]  val_avg_surf_p=33.5003 *
    val_single_in_dist         loss=1.0858  surf[p=32.9520 Ux=0.3540 Uy=0.2201]  vol[p=40.3260 Ux=2.0136 Uy=0.7257]
    val_geom_camber_rc         loss=0.6840  surf[p=46.7153 Ux=0.7079 Uy=0.3678]  vol[p=52.1459 Ux=2.7524 Uy=1.2518]
    val_geom_camber_cruise     loss=0.1500  surf[p=18.9164 Ux=0.2505 Uy=0.1487]  vol[p=21.3391 Ux=1.3233 Uy=0.4586]
    val_re_rand                loss=0.7451  surf[p=35.4177 Ux=0.4836 Uy=0.2570]  vol[p=36.9684 Ux=1.9081 Uy=0.8111]
Epoch 114 (98s) [33.0GB]  train[vol=0.2123 surf=0.0839]  val_avg_surf_p=33.3972 *
    val_single_in_dist         loss=1.0348  surf[p=32.7716 Ux=0.3532 Uy=0.2198]  vol[p=40.2634 Ux=2.0113 Uy=0.7239]
    val_geom_camber_rc         loss=0.6781  surf[p=46.6013 Ux=0.7086 Uy=0.3674]  vol[p=52.0132 Ux=2.7500 Uy=1.2499]
    val_geom_camber_cruise     loss=0.1492  surf[p=18.8570 Ux=0.2494 Uy=0.1486]  vol[p=21.2872 Ux=1.3200 Uy=0.4578]
    val_re_rand                loss=0.7422  surf[p=35.3591 Ux=0.4832 Uy=0.2569]  vol[p=36.9513 Ux=1.9059 Uy=0.8103]
Epoch 115 (97s) [33.0GB]  train[vol=0.2012 surf=0.0746]  val_avg_surf_p=33.4346
    val_single_in_dist         loss=1.0903  surf[p=33.0837 Ux=0.3535 Uy=0.2204]  vol[p=40.3209 Ux=2.0089 Uy=0.7247]
    val_geom_camber_rc         loss=0.6778  surf[p=46.5071 Ux=0.7060 Uy=0.3667]  vol[p=51.9409 Ux=2.7457 Uy=1.2486]
    val_geom_camber_cruise     loss=0.1495  surf[p=18.8531 Ux=0.2502 Uy=0.1483]  vol[p=21.2291 Ux=1.3175 Uy=0.4570]
    val_re_rand                loss=0.7395  surf[p=35.2947 Ux=0.4820 Uy=0.2566]  vol[p=36.8515 Ux=1.9028 Uy=0.8096]
Epoch 116 (96s) [33.0GB]  train[vol=0.2089 surf=0.0785]  val_avg_surf_p=33.3743 *
    val_single_in_dist         loss=1.1077  surf[p=33.0054 Ux=0.3509 Uy=0.2203]  vol[p=40.2880 Ux=2.0052 Uy=0.7236]
    val_geom_camber_rc         loss=0.6755  surf[p=46.4373 Ux=0.7036 Uy=0.3662]  vol[p=51.9520 Ux=2.7455 Uy=1.2488]
    val_geom_camber_cruise     loss=0.1493  surf[p=18.7947 Ux=0.2496 Uy=0.1481]  vol[p=21.1553 Ux=1.3165 Uy=0.4563]
    val_re_rand                loss=0.7418  surf[p=35.2596 Ux=0.4807 Uy=0.2564]  vol[p=36.8018 Ux=1.9014 Uy=0.8091]
Epoch 117 (96s) [33.0GB]  train[vol=0.2052 surf=0.0763]  val_avg_surf_p=33.2862 *
    val_single_in_dist         loss=1.0975  surf[p=32.8279 Ux=0.3477 Uy=0.2202]  vol[p=40.1787 Ux=2.0009 Uy=0.7214]
    val_geom_camber_rc         loss=0.6721  surf[p=46.3844 Ux=0.7029 Uy=0.3660]  vol[p=51.8906 Ux=2.7422 Uy=1.2466]
    val_geom_camber_cruise     loss=0.1486  surf[p=18.7369 Ux=0.2479 Uy=0.1484]  vol[p=21.0990 Ux=1.3147 Uy=0.4560]
    val_re_rand                loss=0.7452  surf[p=35.1958 Ux=0.4786 Uy=0.2562]  vol[p=36.7760 Ux=1.8990 Uy=0.8083]
Epoch 118 (96s) [33.0GB]  train[vol=0.1987 surf=0.0707]  val_avg_surf_p=33.1196 *
    val_single_in_dist         loss=1.0650  surf[p=32.4704 Ux=0.3466 Uy=0.2197]  vol[p=39.8970 Ux=1.9958 Uy=0.7187]
    val_geom_camber_rc         loss=0.6675  surf[p=46.2306 Ux=0.7018 Uy=0.3653]  vol[p=51.7659 Ux=2.7387 Uy=1.2449]
    val_geom_camber_cruise     loss=0.1481  surf[p=18.6929 Ux=0.2465 Uy=0.1476]  vol[p=21.0974 Ux=1.3116 Uy=0.4551]
    val_re_rand                loss=0.7429  surf[p=35.0847 Ux=0.4766 Uy=0.2557]  vol[p=36.6849 Ux=1.8954 Uy=0.8064]
Epoch 119 (97s) [33.0GB]  train[vol=0.1948 surf=0.0685]  val_avg_surf_p=33.0006 *
    val_single_in_dist         loss=1.0700  surf[p=32.3222 Ux=0.3470 Uy=0.2197]  vol[p=39.6970 Ux=1.9932 Uy=0.7174]
    val_geom_camber_rc         loss=0.6615  surf[p=45.9716 Ux=0.6999 Uy=0.3649]  vol[p=51.5459 Ux=2.7353 Uy=1.2433]
    val_geom_camber_cruise     loss=0.1477  surf[p=18.6268 Ux=0.2457 Uy=0.1476]  vol[p=21.0403 Ux=1.3100 Uy=0.4542]
    val_re_rand                loss=0.7406  surf[p=35.0820 Ux=0.4758 Uy=0.2560]  vol[p=36.6841 Ux=1.8929 Uy=0.8055]
Epoch 120 (97s) [33.0GB]  train[vol=0.1949 surf=0.0681]  val_avg_surf_p=32.9191 *
    val_single_in_dist         loss=1.0718  surf[p=32.1780 Ux=0.3450 Uy=0.2192]  vol[p=39.5828 Ux=1.9890 Uy=0.7161]
    val_geom_camber_rc         loss=0.6592  surf[p=45.9157 Ux=0.6963 Uy=0.3641]  vol[p=51.4853 Ux=2.7335 Uy=1.2415]
    val_geom_camber_cruise     loss=0.1468  surf[p=18.5649 Ux=0.2449 Uy=0.1467]  vol[p=21.0005 Ux=1.3102 Uy=0.4535]
    val_re_rand                loss=0.7330  surf[p=35.0179 Ux=0.4748 Uy=0.2553]  vol[p=36.6081 Ux=1.8904 Uy=0.8040]
Epoch 121 (97s) [33.0GB]  train[vol=0.1968 surf=0.0697]  val_avg_surf_p=32.8158 *
    val_single_in_dist         loss=1.0679  surf[p=31.9334 Ux=0.3437 Uy=0.2186]  vol[p=39.4187 Ux=1.9855 Uy=0.7140]
    val_geom_camber_rc         loss=0.6546  surf[p=45.7713 Ux=0.6931 Uy=0.3635]  vol[p=51.3806 Ux=2.7278 Uy=1.2399]
    val_geom_camber_cruise     loss=0.1464  surf[p=18.5221 Ux=0.2453 Uy=0.1469]  vol[p=20.9758 Ux=1.3088 Uy=0.4529]
    val_re_rand                loss=0.7293  surf[p=35.0365 Ux=0.4751 Uy=0.2551]  vol[p=36.6308 Ux=1.8885 Uy=0.8031]
Epoch 122 (99s) [33.0GB]  train[vol=0.1907 surf=0.0669]  val_avg_surf_p=32.7011 *
    val_single_in_dist         loss=1.0127  surf[p=31.6494 Ux=0.3437 Uy=0.2175]  vol[p=39.2974 Ux=1.9818 Uy=0.7118]
    val_geom_camber_rc         loss=0.6521  surf[p=45.6918 Ux=0.6939 Uy=0.3630]  vol[p=51.2913 Ux=2.7260 Uy=1.2376]
    val_geom_camber_cruise     loss=0.1460  surf[p=18.5181 Ux=0.2456 Uy=0.1466]  vol[p=20.9749 Ux=1.3075 Uy=0.4522]
    val_re_rand                loss=0.7272  surf[p=34.9449 Ux=0.4757 Uy=0.2545]  vol[p=36.5612 Ux=1.8859 Uy=0.8012]
Epoch 123 (97s) [33.0GB]  train[vol=0.1913 surf=0.0680]  val_avg_surf_p=32.6994 *
    val_single_in_dist         loss=1.0043  surf[p=31.5163 Ux=0.3427 Uy=0.2174]  vol[p=39.2606 Ux=1.9802 Uy=0.7107]
    val_geom_camber_rc         loss=0.6553  surf[p=45.8148 Ux=0.6946 Uy=0.3631]  vol[p=51.3634 Ux=2.7229 Uy=1.2360]
    val_geom_camber_cruise     loss=0.1456  surf[p=18.4605 Ux=0.2442 Uy=0.1463]  vol[p=20.9449 Ux=1.3047 Uy=0.4517]
    val_re_rand                loss=0.7347  surf[p=35.0062 Ux=0.4759 Uy=0.2546]  vol[p=36.6239 Ux=1.8848 Uy=0.8005]
Epoch 124 (99s) [33.0GB]  train[vol=0.1888 surf=0.0648]  val_avg_surf_p=32.7143
    val_single_in_dist         loss=1.0137  surf[p=31.5620 Ux=0.3421 Uy=0.2173]  vol[p=39.2606 Ux=1.9797 Uy=0.7099]
    val_geom_camber_rc         loss=0.6553  surf[p=45.8228 Ux=0.6941 Uy=0.3626]  vol[p=51.3237 Ux=2.7217 Uy=1.2350]
    val_geom_camber_cruise     loss=0.1450  surf[p=18.4200 Ux=0.2443 Uy=0.1466]  vol[p=20.9231 Ux=1.3029 Uy=0.4516]
    val_re_rand                loss=0.7434  surf[p=35.0526 Ux=0.4752 Uy=0.2547]  vol[p=36.6487 Ux=1.8844 Uy=0.8009]
Epoch 125 (97s) [33.0GB]  train[vol=0.1989 surf=0.0686]  val_avg_surf_p=32.6791 *
    val_single_in_dist         loss=0.9736  surf[p=31.3441 Ux=0.3413 Uy=0.2170]  vol[p=39.1623 Ux=1.9770 Uy=0.7079]
    val_geom_camber_rc         loss=0.6549  surf[p=45.8496 Ux=0.6932 Uy=0.3621]  vol[p=51.3361 Ux=2.7201 Uy=1.2338]
    val_geom_camber_cruise     loss=0.1443  surf[p=18.3968 Ux=0.2437 Uy=0.1459]  vol[p=20.9077 Ux=1.3009 Uy=0.4508]
    val_re_rand                loss=0.7489  surf[p=35.1259 Ux=0.4755 Uy=0.2546]  vol[p=36.7277 Ux=1.8838 Uy=0.8005]
Epoch 126 (96s) [33.0GB]  train[vol=0.1985 surf=0.0702]  val_avg_surf_p=32.6171 *
    val_single_in_dist         loss=0.9582  surf[p=31.1196 Ux=0.3446 Uy=0.2164]  vol[p=38.9972 Ux=1.9773 Uy=0.7062]
    val_geom_camber_rc         loss=0.6555  surf[p=45.8912 Ux=0.6934 Uy=0.3622]  vol[p=51.3583 Ux=2.7205 Uy=1.2332]
    val_geom_camber_cruise     loss=0.1440  surf[p=18.3132 Ux=0.2481 Uy=0.1458]  vol[p=20.8512 Ux=1.3044 Uy=0.4506]
    val_re_rand                loss=0.7506  surf[p=35.1446 Ux=0.4762 Uy=0.2548]  vol[p=36.7427 Ux=1.8851 Uy=0.8002]
Epoch 127 (98s) [33.0GB]  train[vol=0.1885 surf=0.0639]  val_avg_surf_p=32.5712 *
    val_single_in_dist         loss=0.9651  surf[p=31.0828 Ux=0.3435 Uy=0.2163]  vol[p=38.9360 Ux=1.9755 Uy=0.7056]
    val_geom_camber_rc         loss=0.6536  surf[p=45.8289 Ux=0.6932 Uy=0.3621]  vol[p=51.3229 Ux=2.7175 Uy=1.2322]
    val_geom_camber_cruise     loss=0.1440  surf[p=18.2774 Ux=0.2472 Uy=0.1454]  vol[p=20.8377 Ux=1.3012 Uy=0.4497]
    val_re_rand                loss=0.7527  surf[p=35.0958 Ux=0.4759 Uy=0.2548]  vol[p=36.7006 Ux=1.8830 Uy=0.8000]
Epoch 128 (97s) [33.0GB]  train[vol=0.1948 surf=0.0678]  val_avg_surf_p=32.4748 *
    val_single_in_dist         loss=0.9422  surf[p=30.8565 Ux=0.3396 Uy=0.2162]  vol[p=38.8053 Ux=1.9701 Uy=0.7049]
    val_geom_camber_rc         loss=0.6502  surf[p=45.7696 Ux=0.6921 Uy=0.3615]  vol[p=51.2609 Ux=2.7152 Uy=1.2310]
    val_geom_camber_cruise     loss=0.1434  surf[p=18.2313 Ux=0.2462 Uy=0.1453]  vol[p=20.7868 Ux=1.2996 Uy=0.4492]
    val_re_rand                loss=0.7508  surf[p=35.0418 Ux=0.4759 Uy=0.2541]  vol[p=36.6367 Ux=1.8810 Uy=0.7994]
Epoch 129 (96s) [33.0GB]  train[vol=0.2057 surf=0.0719]  val_avg_surf_p=32.4285 *
    val_single_in_dist         loss=0.9259  surf[p=30.7670 Ux=0.3401 Uy=0.2163]  vol[p=38.7392 Ux=1.9690 Uy=0.7048]
    val_geom_camber_rc         loss=0.6496  surf[p=45.7220 Ux=0.6912 Uy=0.3616]  vol[p=51.2425 Ux=2.7133 Uy=1.2299]
    val_geom_camber_cruise     loss=0.1433  surf[p=18.1956 Ux=0.2464 Uy=0.1457]  vol[p=20.7793 Ux=1.2989 Uy=0.4490]
    val_re_rand                loss=0.7510  surf[p=35.0292 Ux=0.4754 Uy=0.2542]  vol[p=36.6012 Ux=1.8798 Uy=0.7987]
Epoch 130 (98s) [33.0GB]  train[vol=0.1951 surf=0.0683]  val_avg_surf_p=32.4598
    val_single_in_dist         loss=0.9462  surf[p=30.9110 Ux=0.3390 Uy=0.2158]  vol[p=38.8112 Ux=1.9670 Uy=0.7042]
    val_geom_camber_rc         loss=0.6485  surf[p=45.7281 Ux=0.6895 Uy=0.3612]  vol[p=51.2452 Ux=2.7121 Uy=1.2302]
    val_geom_camber_cruise     loss=0.1435  surf[p=18.1979 Ux=0.2445 Uy=0.1451]  vol[p=20.7807 Ux=1.2983 Uy=0.4485]
    val_re_rand                loss=0.7568  surf[p=35.0020 Ux=0.4726 Uy=0.2536]  vol[p=36.5798 Ux=1.8788 Uy=0.7982]
Epoch 131 (96s) [33.0GB]  train[vol=0.1812 surf=0.0599]  val_avg_surf_p=32.4358
    val_single_in_dist         loss=0.9419  surf[p=30.7799 Ux=0.3396 Uy=0.2156]  vol[p=38.7907 Ux=1.9665 Uy=0.7033]
    val_geom_camber_rc         loss=0.6494  surf[p=45.7740 Ux=0.6896 Uy=0.3611]  vol[p=51.2862 Ux=2.7107 Uy=1.2301]
    val_geom_camber_cruise     loss=0.1435  surf[p=18.2105 Ux=0.2448 Uy=0.1450]  vol[p=20.7897 Ux=1.2996 Uy=0.4486]
    val_re_rand                loss=0.7547  surf[p=34.9787 Ux=0.4728 Uy=0.2534]  vol[p=36.5855 Ux=1.8776 Uy=0.7975]
Epoch 132 (98s) [33.0GB]  train[vol=0.1989 surf=0.0701]  val_avg_surf_p=32.3828 *
    val_single_in_dist         loss=0.9216  surf[p=30.6525 Ux=0.3385 Uy=0.2157]  vol[p=38.7248 Ux=1.9645 Uy=0.7023]
    val_geom_camber_rc         loss=0.6516  surf[p=45.7966 Ux=0.6892 Uy=0.3614]  vol[p=51.2910 Ux=2.7089 Uy=1.2300]
    val_geom_camber_cruise     loss=0.1430  surf[p=18.1518 Ux=0.2447 Uy=0.1452]  vol[p=20.7538 Ux=1.2988 Uy=0.4480]
    val_re_rand                loss=0.7493  surf[p=34.9303 Ux=0.4730 Uy=0.2537]  vol[p=36.5373 Ux=1.8758 Uy=0.7968]
Epoch 133 (95s) [33.0GB]  train[vol=0.1932 surf=0.0642]  val_avg_surf_p=32.3436 *
    val_single_in_dist         loss=0.9180  surf[p=30.5878 Ux=0.3369 Uy=0.2154]  vol[p=38.6797 Ux=1.9626 Uy=0.7023]
    val_geom_camber_rc         loss=0.6507  surf[p=45.7484 Ux=0.6889 Uy=0.3612]  vol[p=51.2627 Ux=2.7084 Uy=1.2293]
    val_geom_camber_cruise     loss=0.1431  surf[p=18.1346 Ux=0.2443 Uy=0.1450]  vol[p=20.7526 Ux=1.2979 Uy=0.4480]
    val_re_rand                loss=0.7501  surf[p=34.9037 Ux=0.4729 Uy=0.2533]  vol[p=36.5380 Ux=1.8745 Uy=0.7972]
Epoch 134 (96s) [33.0GB]  train[vol=0.1973 surf=0.0685]  val_avg_surf_p=32.2838 *
    val_single_in_dist         loss=0.9019  surf[p=30.4078 Ux=0.3356 Uy=0.2155]  vol[p=38.6004 Ux=1.9608 Uy=0.7016]
    val_geom_camber_rc         loss=0.6492  surf[p=45.7165 Ux=0.6879 Uy=0.3610]  vol[p=51.2371 Ux=2.7067 Uy=1.2289]
    val_geom_camber_cruise     loss=0.1429  surf[p=18.1193 Ux=0.2437 Uy=0.1453]  vol[p=20.7163 Ux=1.2969 Uy=0.4479]
    val_re_rand                loss=0.7496  surf[p=34.8915 Ux=0.4725 Uy=0.2534]  vol[p=36.5242 Ux=1.8739 Uy=0.7970]
Epoch 135 (98s) [33.0GB]  train[vol=0.1911 surf=0.0634]  val_avg_surf_p=32.2788 *
    val_single_in_dist         loss=0.9134  surf[p=30.4169 Ux=0.3348 Uy=0.2152]  vol[p=38.5679 Ux=1.9602 Uy=0.7009]
    val_geom_camber_rc         loss=0.6478  surf[p=45.7354 Ux=0.6875 Uy=0.3612]  vol[p=51.2378 Ux=2.7063 Uy=1.2286]
    val_geom_camber_cruise     loss=0.1424  surf[p=18.0954 Ux=0.2426 Uy=0.1451]  vol[p=20.6892 Ux=1.2952 Uy=0.4476]
    val_re_rand                loss=0.7492  surf[p=34.8678 Ux=0.4722 Uy=0.2531]  vol[p=36.5133 Ux=1.8730 Uy=0.7966]
Epoch 136 (98s) [33.0GB]  train[vol=0.1896 surf=0.0650]  val_avg_surf_p=32.2756 *
    val_single_in_dist         loss=0.9071  surf[p=30.3987 Ux=0.3354 Uy=0.2153]  vol[p=38.6053 Ux=1.9605 Uy=0.7004]
    val_geom_camber_rc         loss=0.6487  surf[p=45.7690 Ux=0.6879 Uy=0.3611]  vol[p=51.2396 Ux=2.7056 Uy=1.2276]
    val_geom_camber_cruise     loss=0.1421  surf[p=18.0561 Ux=0.2430 Uy=0.1451]  vol[p=20.6782 Ux=1.2950 Uy=0.4473]
    val_re_rand                loss=0.7513  surf[p=34.8788 Ux=0.4726 Uy=0.2530]  vol[p=36.5252 Ux=1.8727 Uy=0.7961]
Epoch 137 (95s) [33.0GB]  train[vol=0.1934 surf=0.0645]  val_avg_surf_p=32.2939
    val_single_in_dist         loss=0.9185  surf[p=30.4811 Ux=0.3373 Uy=0.2150]  vol[p=38.6156 Ux=1.9623 Uy=0.6999]
    val_geom_camber_rc         loss=0.6496  surf[p=45.8029 Ux=0.6883 Uy=0.3613]  vol[p=51.3139 Ux=2.7062 Uy=1.2279]
    val_geom_camber_cruise     loss=0.1422  surf[p=18.0533 Ux=0.2442 Uy=0.1445]  vol[p=20.6819 Ux=1.2962 Uy=0.4471]
    val_re_rand                loss=0.7502  surf[p=34.8382 Ux=0.4727 Uy=0.2524]  vol[p=36.4839 Ux=1.8717 Uy=0.7954]
Epoch 138 (97s) [33.0GB]  train[vol=0.1879 surf=0.0594]  val_avg_surf_p=32.2788
    val_single_in_dist         loss=0.9241  surf[p=30.4401 Ux=0.3366 Uy=0.2149]  vol[p=38.5803 Ux=1.9614 Uy=0.6997]
    val_geom_camber_rc         loss=0.6493  surf[p=45.7799 Ux=0.6886 Uy=0.3613]  vol[p=51.3119 Ux=2.7059 Uy=1.2278]
    val_geom_camber_cruise     loss=0.1421  surf[p=18.0483 Ux=0.2446 Uy=0.1444]  vol[p=20.6874 Ux=1.2957 Uy=0.4471]
    val_re_rand                loss=0.7514  surf[p=34.8468 Ux=0.4730 Uy=0.2524]  vol[p=36.4790 Ux=1.8714 Uy=0.7951]
Epoch 139 (99s) [33.0GB]  train[vol=0.1827 surf=0.0606]  val_avg_surf_p=32.2437 *
    val_single_in_dist         loss=0.9253  surf[p=30.3909 Ux=0.3352 Uy=0.2145]  vol[p=38.5532 Ux=1.9608 Uy=0.6993]
    val_geom_camber_rc         loss=0.6492  surf[p=45.7807 Ux=0.6890 Uy=0.3611]  vol[p=51.3053 Ux=2.7061 Uy=1.2273]
    val_geom_camber_cruise     loss=0.1418  surf[p=18.0236 Ux=0.2438 Uy=0.1441]  vol[p=20.6757 Ux=1.2949 Uy=0.4465]
    val_re_rand                loss=0.7495  surf[p=34.7795 Ux=0.4723 Uy=0.2522]  vol[p=36.4371 Ux=1.8708 Uy=0.7947]
Epoch 140 (98s) [33.0GB]  train[vol=0.1878 surf=0.0627]  val_avg_surf_p=32.2573
    val_single_in_dist         loss=0.9356  surf[p=30.4763 Ux=0.3354 Uy=0.2145]  vol[p=38.5640 Ux=1.9597 Uy=0.6992]
    val_geom_camber_rc         loss=0.6496  surf[p=45.7842 Ux=0.6885 Uy=0.3609]  vol[p=51.3196 Ux=2.7055 Uy=1.2271]
    val_geom_camber_cruise     loss=0.1420  surf[p=18.0247 Ux=0.2445 Uy=0.1441]  vol[p=20.6713 Ux=1.2948 Uy=0.4465]
    val_re_rand                loss=0.7482  surf[p=34.7439 Ux=0.4719 Uy=0.2521]  vol[p=36.4105 Ux=1.8704 Uy=0.7945]
Epoch 141 (99s) [33.0GB]  train[vol=0.1914 surf=0.0651]  val_avg_surf_p=32.2356 *
    val_single_in_dist         loss=0.9390  surf[p=30.4959 Ux=0.3350 Uy=0.2145]  vol[p=38.5438 Ux=1.9591 Uy=0.6993]
    val_geom_camber_rc         loss=0.6484  surf[p=45.7373 Ux=0.6882 Uy=0.3608]  vol[p=51.3094 Ux=2.7049 Uy=1.2264]
    val_geom_camber_cruise     loss=0.1418  surf[p=18.0031 Ux=0.2442 Uy=0.1442]  vol[p=20.6605 Ux=1.2938 Uy=0.4465]
    val_re_rand                loss=0.7486  surf[p=34.7059 Ux=0.4717 Uy=0.2520]  vol[p=36.3828 Ux=1.8700 Uy=0.7944]
Epoch 142 (97s) [33.0GB]  train[vol=0.1940 surf=0.0684]  val_avg_surf_p=32.2360
    val_single_in_dist         loss=0.9470  surf[p=30.5100 Ux=0.3355 Uy=0.2145]  vol[p=38.5534 Ux=1.9591 Uy=0.6995]
    val_geom_camber_rc         loss=0.6485  surf[p=45.7402 Ux=0.6890 Uy=0.3609]  vol[p=51.3271 Ux=2.7053 Uy=1.2264]
    val_geom_camber_cruise     loss=0.1415  surf[p=17.9956 Ux=0.2443 Uy=0.1441]  vol[p=20.6618 Ux=1.2933 Uy=0.4464]
    val_re_rand                loss=0.7483  surf[p=34.6982 Ux=0.4719 Uy=0.2519]  vol[p=36.3746 Ux=1.8694 Uy=0.7942]
Epoch 143 (97s) [33.0GB]  train[vol=0.1858 surf=0.0613]  val_avg_surf_p=32.2164 *
    val_single_in_dist         loss=0.9472  surf[p=30.4839 Ux=0.3353 Uy=0.2145]  vol[p=38.5592 Ux=1.9587 Uy=0.6994]
    val_geom_camber_rc         loss=0.6482  surf[p=45.7256 Ux=0.6890 Uy=0.3609]  vol[p=51.3516 Ux=2.7063 Uy=1.2265]
    val_geom_camber_cruise     loss=0.1415  surf[p=17.9813 Ux=0.2445 Uy=0.1440]  vol[p=20.6529 Ux=1.2936 Uy=0.4461]
    val_re_rand                loss=0.7483  surf[p=34.6749 Ux=0.4717 Uy=0.2519]  vol[p=36.3508 Ux=1.8690 Uy=0.7941]
Epoch 144 (98s) [33.0GB]  train[vol=0.1798 surf=0.0572]  val_avg_surf_p=32.1804 *
    val_single_in_dist         loss=0.9424  surf[p=30.4487 Ux=0.3349 Uy=0.2144]  vol[p=38.5354 Ux=1.9569 Uy=0.6989]
    val_geom_camber_rc         loss=0.6483  surf[p=45.6782 Ux=0.6891 Uy=0.3609]  vol[p=51.3287 Ux=2.7057 Uy=1.2262]
    val_geom_camber_cruise     loss=0.1413  surf[p=17.9547 Ux=0.2438 Uy=0.1440]  vol[p=20.6423 Ux=1.2928 Uy=0.4461]
    val_re_rand                loss=0.7454  surf[p=34.6401 Ux=0.4718 Uy=0.2516]  vol[p=36.3291 Ux=1.8685 Uy=0.7936]
Epoch 145 (97s) [33.0GB]  train[vol=0.1900 surf=0.0623]  val_avg_surf_p=32.1678 *
    val_single_in_dist         loss=0.9401  surf[p=30.4135 Ux=0.3343 Uy=0.2142]  vol[p=38.4947 Ux=1.9564 Uy=0.6986]
    val_geom_camber_rc         loss=0.6475  surf[p=45.6613 Ux=0.6883 Uy=0.3608]  vol[p=51.3296 Ux=2.7054 Uy=1.2259]
    val_geom_camber_cruise     loss=0.1411  surf[p=17.9473 Ux=0.2434 Uy=0.1441]  vol[p=20.6284 Ux=1.2924 Uy=0.4459]
    val_re_rand                loss=0.7468  surf[p=34.6492 Ux=0.4714 Uy=0.2516]  vol[p=36.3366 Ux=1.8683 Uy=0.7935]
Epoch 146 (98s) [33.0GB]  train[vol=0.1867 surf=0.0599]  val_avg_surf_p=32.1547 *
    val_single_in_dist         loss=0.9335  surf[p=30.3853 Ux=0.3339 Uy=0.2142]  vol[p=38.4930 Ux=1.9560 Uy=0.6987]
    val_geom_camber_rc         loss=0.6477  surf[p=45.6447 Ux=0.6869 Uy=0.3608]  vol[p=51.3181 Ux=2.7044 Uy=1.2257]
    val_geom_camber_cruise     loss=0.1410  surf[p=17.9444 Ux=0.2424 Uy=0.1440]  vol[p=20.6167 Ux=1.2923 Uy=0.4458]
    val_re_rand                loss=0.7452  surf[p=34.6441 Ux=0.4708 Uy=0.2517]  vol[p=36.3351 Ux=1.8680 Uy=0.7933]
Epoch 147 (98s) [33.0GB]  train[vol=0.1960 surf=0.0670]  val_avg_surf_p=32.1437 *
    val_single_in_dist         loss=0.9292  surf[p=30.3429 Ux=0.3336 Uy=0.2140]  vol[p=38.4769 Ux=1.9557 Uy=0.6986]
    val_geom_camber_rc         loss=0.6474  surf[p=45.6475 Ux=0.6867 Uy=0.3606]  vol[p=51.3151 Ux=2.7040 Uy=1.2255]
    val_geom_camber_cruise     loss=0.1410  surf[p=17.9410 Ux=0.2422 Uy=0.1440]  vol[p=20.6111 Ux=1.2921 Uy=0.4457]
    val_re_rand                loss=0.7449  surf[p=34.6436 Ux=0.4706 Uy=0.2516]  vol[p=36.3321 Ux=1.8679 Uy=0.7931]
Epoch 148 (98s) [33.0GB]  train[vol=0.1929 surf=0.0664]  val_avg_surf_p=32.1354 *
    val_single_in_dist         loss=0.9269  surf[p=30.3456 Ux=0.3336 Uy=0.2141]  vol[p=38.4707 Ux=1.9554 Uy=0.6983]
    val_geom_camber_rc         loss=0.6470  surf[p=45.6178 Ux=0.6866 Uy=0.3605]  vol[p=51.3020 Ux=2.7035 Uy=1.2251]
    val_geom_camber_cruise     loss=0.1410  surf[p=17.9302 Ux=0.2417 Uy=0.1441]  vol[p=20.6108 Ux=1.2917 Uy=0.4457]
    val_re_rand                loss=0.7448  surf[p=34.6481 Ux=0.4708 Uy=0.2517]  vol[p=36.3482 Ux=1.8678 Uy=0.7931]
Epoch 149 (98s) [33.0GB]  train[vol=0.1852 surf=0.0611]  val_avg_surf_p=32.1395
    val_single_in_dist         loss=0.9257  surf[p=30.3285 Ux=0.3335 Uy=0.2141]  vol[p=38.4605 Ux=1.9554 Uy=0.6982]
    val_geom_camber_rc         loss=0.6465  surf[p=45.6189 Ux=0.6867 Uy=0.3605]  vol[p=51.2969 Ux=2.7033 Uy=1.2248]
    val_geom_camber_cruise     loss=0.1411  surf[p=17.9467 Ux=0.2420 Uy=0.1441]  vol[p=20.6148 Ux=1.2917 Uy=0.4458]
    val_re_rand                loss=0.7458  surf[p=34.6637 Ux=0.4707 Uy=0.2517]  vol[p=36.3494 Ux=1.8678 Uy=0.7932]
Epoch 150 (99s) [33.0GB]  train[vol=0.1891 surf=0.0641]  val_avg_surf_p=32.1360
wandb: updating run metadata; uploading artifact model-mlintern-pai2-72h-v4-r1-r3-onecycle-ema-noise-seed1-oqeika68
wandb: uploading artifact model-mlintern-pai2-72h-v4-r1-r3-onecycle-ema-noise-seed1-oqeika68
wandb: uploading output.log; uploading wandb-summary.json; uploading config.yaml
wandb: 
wandb: Run history:
wandb:        epoch_time_s ▆▄▅▅▄▁▄▇▁▂▅▆▄▁▂▃▂▁▆▃▆▄▇▄▃▃▆▂▅▅▂▄▅▂█▂██▅▆
wandb:         global_step ▁▁▁▁▂▂▂▂▃▃▃▃▃▃▄▄▄▄▅▅▅▅▅▅▅▅▅▅▆▆▆▆▆▇▇▇▇▇▇█
wandb:                  lr ▄█████████▇▇▇▇▇▇▆▆▆▅▅▅▅▄▄▃▃▃▃▂▂▂▂▂▁▁▁▁▁▁
wandb:          train/loss █▆█▆▆▄▄▄▃▂▄▃▃▃▃▃▃▆▅▂▂▃▄▃▄▃▃▂▃▂▁▃▂▂▁▁▂▁▂▂
wandb:     train/surf_loss █▇▇▆▆▃▃▂▃▃▃▂▂▂▂▂▂▂▂▂▂▂▂▂▂▂▁▁▁▁▁▁▁▁▁▁▁▁▁▁
wandb:      train/vol_loss █▇▅▄▄▃▃▃▂▂▂▂▂▂▂▂▂▂▁▁▁▁▁▁▁▁▁▁▁▁▁▁▁▁▁▁▁▁▁▁
wandb:            val/loss █▆▄▂▂▂▁▁▁▁▁▁▁▁▁▁▁▁▁▁▁▁▁▁▁▁▁▁▁▁▁▁▁▁▁▁▁▁▁▁
wandb: val_avg/mae_surf_Ux █▇▅▂▂▁▁▁▁▁▁▁▁▁▁▁▁▁▁▁▁▁▁▁▁▁▁▁▁▁▁▁▁▁▁▁▁▁▁▁
wandb: val_avg/mae_surf_Uy █▇▆▅▄▂▂▂▂▁▁▁▁▁▁▁▁▁▁▁▁▁▁▁▁▁▁▁▁▁▁▁▁▁▁▁▁▁▁▁
wandb:  val_avg/mae_surf_p █▆▃▂▂▂▂▂▁▁▁▁▁▁▁▁▁▁▁▁▁▁▁▁▁▁▁▁▁▁▁▁▁▁▁▁▁▁▁▁
wandb:                 +39 ...
wandb: 
wandb: Run summary:
wandb:              best_epoch 148
wandb: best_val_avg/mae_surf_p 32.13542
wandb:            epoch_time_s 99.07406
wandb:             global_step 56250
wandb:                      lr 0.0
wandb:     total_train_minutes 242.99132
wandb:              train/loss 0.48498
wandb:         train/surf_loss 0.06407
wandb:          train/vol_loss 0.18908
wandb:                val/loss 0.61477
wandb:                     +42 ...
wandb: 
wandb: 🚀 View run mlintern-pai2-72h-v4-r1/r3-onecycle-ema-noise-seed1 at: https://wandb.ai/wandb-applied-ai-team/senpai-v1-ml-intern/runs/oqeika68
wandb: ⭐️ View project at: https://wandb.ai/wandb-applied-ai-team/senpai-v1-ml-intern
wandb: Synced 7 W&B file(s), 0 media file(s), 3 artifact file(s) and 0 other file(s)
wandb: Find logs at: ./wandb/run-20260430_145505-oqeika68/logs
    val_single_in_dist         loss=0.9257  surf[p=30.3188 Ux=0.3334 Uy=0.2140]  vol[p=38.4630 Ux=1.9555 Uy=0.6982]
    val_geom_camber_rc         loss=0.6464  surf[p=45.6119 Ux=0.6866 Uy=0.3605]  vol[p=51.2970 Ux=2.7031 Uy=1.2247]
    val_geom_camber_cruise     loss=0.1411  surf[p=17.9461 Ux=0.2417 Uy=0.1441]  vol[p=20.6169 Ux=1.2918 Uy=0.4457]
    val_re_rand                loss=0.7459  surf[p=34.6672 Ux=0.4708 Uy=0.2517]  vol[p=36.3477 Ux=1.8679 Uy=0.7931]

Training done in 243.0 min

Best val: epoch 148, val_avg/mae_surf_p = 32.1354

Logged model artifact 'model-mlintern-pai2-72h-v4-r1-r3-onecycle-ema-noise-seed1-oqeika68' (aliases: best, epoch-148)
