wandb: [wandb.login()] Loaded credentials for https://api.wandb.ai from WANDB_API_KEY.
wandb: W&B API key is configured. Use `wandb login --relogin` to force relogin
wandb: Tracking run with wandb version 0.26.1
wandb: Run data is saved locally in /workspace/ml-intern-benchmark/target/wandb/run-20260430_145455-xkovi6vb
wandb: Run `wandb offline` to turn off syncing.
wandb: Syncing run mlintern-pai2-72h-v4-r1/r3-onecycle-ema-seed2
wandb: ⭐️ View project at https://wandb.ai/wandb-applied-ai-team/senpai-v1-ml-intern
wandb: 🚀 View run at https://wandb.ai/wandb-applied-ai-team/senpai-v1-ml-intern/runs/xkovi6vb
Device: cuda
Train: 1499, val_single_in_dist: 100, val_geom_camber_rc: 100, val_geom_camber_cruise: 100, val_re_rand: 100
Model: Transolver (0.66M params)
EMA enabled: decay=0.999
Epoch   1 (99s) [32.9GB]  train[vol=1.3786 surf=1.0210]  val_avg_surf_p=360.5475 *
    val_single_in_dist         loss=51.8394  surf[p=504.4309 Ux=21.8477 Uy=2.3404]  vol[p=470.8784 Ux=19.8071 Uy=6.0543]
    val_geom_camber_rc         loss=29.9943  surf[p=427.8631 Ux=17.4707 Uy=2.7752]  vol[p=394.4760 Ux=13.8381 Uy=6.2728]
    val_geom_camber_cruise     loss=16.5403  surf[p=224.4384 Ux=19.7894 Uy=1.2908]  vol[p=212.5529 Ux=16.4552 Uy=3.3784]
    val_re_rand                loss=19.8379  surf[p=285.4574 Ux=17.9980 Uy=1.8307]  vol[p=265.0449 Ux=14.7502 Uy=4.4341]
Epoch   2 (97s) [32.9GB]  train[vol=1.0277 surf=0.6474]  val_avg_surf_p=329.5391 *
    val_single_in_dist         loss=43.9974  surf[p=474.0570 Ux=15.4588 Uy=2.2015]  vol[p=402.5612 Ux=15.4613 Uy=5.6530]
    val_geom_camber_rc         loss=24.0139  surf[p=380.1031 Ux=12.7160 Uy=2.5738]  vol[p=315.8472 Ux=11.3264 Uy=5.9093]
    val_geom_camber_cruise     loss=11.2786  surf[p=208.2804 Ux=13.7425 Uy=1.2493]  vol[p=176.7552 Ux=12.1165 Uy=3.1840]
    val_re_rand                loss=14.5818  surf[p=255.7158 Ux=12.5195 Uy=1.7175]  vol[p=211.9566 Ux=11.3462 Uy=4.1593]
Epoch   3 (98s) [32.9GB]  train[vol=0.9308 surf=0.5700]  val_avg_surf_p=292.4925 *
    val_single_in_dist         loss=35.2107  surf[p=427.4961 Ux=10.4168 Uy=1.8445]  vol[p=339.4310 Ux=12.3865 Uy=5.0165]
    val_geom_camber_rc         loss=17.7607  surf[p=326.2104 Ux=9.1441 Uy=2.1360]  vol[p=252.4536 Ux=9.5942 Uy=5.2741]
    val_geom_camber_cruise     loss=7.4061  surf[p=191.1635 Ux=8.9904 Uy=1.1675]  vol[p=147.9300 Ux=8.9161 Uy=2.8461]
    val_re_rand                loss=10.3348  surf[p=225.0998 Ux=8.5203 Uy=1.4931]  vol[p=174.1702 Ux=8.9192 Uy=3.7115]
Epoch   4 (96s) [32.9GB]  train[vol=0.9134 surf=0.5554]  val_avg_surf_p=260.2352 *
    val_single_in_dist         loss=28.5931  surf[p=375.7852 Ux=7.8910 Uy=1.5680]  vol[p=299.3587 Ux=10.4426 Uy=4.4565]
    val_geom_camber_rc         loss=13.8489  surf[p=288.0069 Ux=7.2419 Uy=1.7893]  vol[p=226.2373 Ux=8.7509 Uy=4.7410]
    val_geom_camber_cruise     loss=5.4867  surf[p=175.7070 Ux=6.7004 Uy=1.0369]  vol[p=128.4987 Ux=7.3307 Uy=2.4865]
    val_re_rand                loss=7.9546  surf[p=201.4417 Ux=6.6206 Uy=1.2846]  vol[p=156.3255 Ux=7.7481 Uy=3.3061]
Epoch   5 (97s) [32.9GB]  train[vol=0.8366 surf=0.5037]  val_avg_surf_p=237.8891 *
    val_single_in_dist         loss=24.5041  surf[p=344.6342 Ux=6.2515 Uy=1.3948]  vol[p=277.3954 Ux=9.0210 Uy=4.0594]
    val_geom_camber_rc         loss=11.5357  surf[p=263.0803 Ux=6.1024 Uy=1.5435]  vol[p=212.9271 Ux=7.9546 Uy=4.3943]
    val_geom_camber_cruise     loss=4.3725  surf[p=160.5738 Ux=5.2457 Uy=0.9432]  vol[p=117.4468 Ux=6.4719 Uy=2.2462]
    val_re_rand                loss=6.5335  surf[p=183.2680 Ux=5.4273 Uy=1.1352]  vol[p=145.6788 Ux=6.8977 Uy=3.0414]
Epoch   6 (97s) [32.9GB]  train[vol=0.7758 surf=0.4657]  val_avg_surf_p=216.5108 *
    val_single_in_dist         loss=20.8870  surf[p=311.0631 Ux=5.2441 Uy=1.2455]  vol[p=253.0344 Ux=7.9736 Uy=3.6850]
    val_geom_camber_rc         loss=9.6705  surf[p=238.7266 Ux=5.3317 Uy=1.4120]  vol[p=195.9627 Ux=7.2918 Uy=4.1025]
    val_geom_camber_cruise     loss=3.6090  surf[p=148.1292 Ux=4.3492 Uy=0.8710]  vol[p=111.9615 Ux=5.8581 Uy=2.0594]
    val_re_rand                loss=5.4986  surf[p=168.1243 Ux=4.6278 Uy=1.0528]  vol[p=137.2251 Ux=6.2518 Uy=2.8351]
Epoch   7 (98s) [32.9GB]  train[vol=0.7008 surf=0.4119]  val_avg_surf_p=195.3421 *
    val_single_in_dist         loss=17.9029  surf[p=278.1207 Ux=4.6698 Uy=1.1286]  vol[p=229.1351 Ux=7.5215 Uy=3.3272]
    val_geom_camber_rc         loss=8.2424  surf[p=219.2466 Ux=4.8392 Uy=1.3263]  vol[p=186.2710 Ux=6.9096 Uy=3.8492]
    val_geom_camber_cruise     loss=2.8885  surf[p=131.4750 Ux=3.8512 Uy=0.7790]  vol[p=103.5752 Ux=5.4367 Uy=1.8519]
    val_re_rand                loss=4.6421  surf[p=152.5259 Ux=4.1626 Uy=0.9789]  vol[p=128.7941 Ux=5.8727 Uy=2.6274]
Epoch   8 (97s) [32.9GB]  train[vol=0.6800 surf=0.4082]  val_avg_surf_p=174.9849 *
    val_single_in_dist         loss=15.3201  surf[p=249.3249 Ux=4.1166 Uy=1.0022]  vol[p=211.4435 Ux=7.0004 Uy=3.0116]
    val_geom_camber_rc         loss=6.7815  surf[p=196.0749 Ux=4.4588 Uy=1.1985]  vol[p=171.3375 Ux=6.6358 Uy=3.5838]
    val_geom_camber_cruise     loss=2.3177  surf[p=116.2349 Ux=3.4568 Uy=0.6948]  vol[p=95.3152 Ux=5.0094 Uy=1.6637]
    val_re_rand                loss=3.8762  surf[p=138.3050 Ux=3.8219 Uy=0.9000]  vol[p=121.1388 Ux=5.5557 Uy=2.4227]
Epoch   9 (97s) [32.9GB]  train[vol=0.6290 surf=0.3735]  val_avg_surf_p=156.0052 *
    val_single_in_dist         loss=12.9188  surf[p=216.9076 Ux=3.6988 Uy=0.8968]  vol[p=192.7072 Ux=6.5953 Uy=2.7375]
    val_geom_camber_rc         loss=5.8567  surf[p=176.9096 Ux=4.1075 Uy=1.1003]  vol[p=158.7233 Ux=6.3880 Uy=3.3644]
    val_geom_camber_cruise     loss=1.8722  surf[p=103.7252 Ux=3.0360 Uy=0.6200]  vol[p=87.7716 Ux=4.5591 Uy=1.4980]
    val_re_rand                loss=3.3499  surf[p=126.4786 Ux=3.4415 Uy=0.8298]  vol[p=113.8700 Ux=5.1913 Uy=2.2522]
Epoch  10 (97s) [32.9GB]  train[vol=0.6000 surf=0.3545]  val_avg_surf_p=138.4731 *
    val_single_in_dist         loss=10.7274  surf[p=186.7689 Ux=3.2385 Uy=0.8026]  vol[p=174.7133 Ux=6.0271 Uy=2.4853]
    val_geom_camber_rc         loss=4.9946  surf[p=158.0263 Ux=3.7526 Uy=1.0166]  vol[p=145.0442 Ux=6.0704 Uy=3.1492]
    val_geom_camber_cruise     loss=1.5534  surf[p=93.3484 Ux=2.6628 Uy=0.5561]  vol[p=80.1806 Ux=4.1264 Uy=1.3694]
    val_re_rand                loss=2.9000  surf[p=115.7489 Ux=3.1040 Uy=0.7676]  vol[p=106.2440 Ux=4.8270 Uy=2.1001]
Epoch  11 (96s) [32.9GB]  train[vol=0.5888 surf=0.3520]  val_avg_surf_p=125.1389 *
    val_single_in_dist         loss=9.1857  surf[p=164.2085 Ux=2.8337 Uy=0.7367]  vol[p=159.4865 Ux=5.4476 Uy=2.2861]
    val_geom_camber_rc         loss=4.4169  surf[p=144.1980 Ux=3.4826 Uy=0.9551]  vol[p=134.1262 Ux=5.7573 Uy=2.9763]
    val_geom_camber_cruise     loss=1.3437  surf[p=85.5637 Ux=2.3777 Uy=0.5134]  vol[p=74.0175 Ux=3.7515 Uy=1.2754]
    val_re_rand                loss=2.5801  surf[p=106.5855 Ux=2.8441 Uy=0.7148]  vol[p=98.9182 Ux=4.4978 Uy=1.9741]
Epoch  12 (95s) [32.9GB]  train[vol=0.5491 surf=0.3223]  val_avg_surf_p=114.0628 *
    val_single_in_dist         loss=7.8753  surf[p=147.4584 Ux=2.5026 Uy=0.6810]  vol[p=146.7783 Ux=5.0465 Uy=2.1305]
    val_geom_camber_rc         loss=3.8834  surf[p=129.6319 Ux=3.1224 Uy=0.8962]  vol[p=123.9668 Ux=5.4284 Uy=2.8253]
    val_geom_camber_cruise     loss=1.1826  surf[p=79.5984 Ux=2.0903 Uy=0.4777]  vol[p=68.8024 Ux=3.4706 Uy=1.1996]
    val_re_rand                loss=2.3456  surf[p=99.5625 Ux=2.5597 Uy=0.6702]  vol[p=93.1900 Ux=4.2350 Uy=1.8733]
Epoch  13 (97s) [32.9GB]  train[vol=0.5110 surf=0.2999]  val_avg_surf_p=105.7708 *
    val_single_in_dist         loss=6.9399  surf[p=133.8805 Ux=2.1807 Uy=0.6259]  vol[p=135.6125 Ux=4.7292 Uy=1.9899]
    val_geom_camber_rc         loss=3.5836  surf[p=120.5536 Ux=2.7941 Uy=0.8462]  vol[p=116.9408 Ux=5.1635 Uy=2.7003]
    val_geom_camber_cruise     loss=1.0619  surf[p=74.7646 Ux=1.7946 Uy=0.4405]  vol[p=65.1736 Ux=3.2510 Uy=1.1385]
    val_re_rand                loss=2.1649  surf[p=93.8846 Ux=2.2573 Uy=0.6276]  vol[p=88.6117 Ux=4.0184 Uy=1.7907]
Epoch  14 (97s) [32.9GB]  train[vol=0.4965 surf=0.2846]  val_avg_surf_p=98.5868 *
    val_single_in_dist         loss=6.0980  surf[p=122.5525 Ux=1.9199 Uy=0.5846]  vol[p=125.5508 Ux=4.4502 Uy=1.8794]
    val_geom_camber_rc         loss=3.3312  surf[p=114.1531 Ux=2.5217 Uy=0.8119]  vol[p=112.6864 Ux=4.9508 Uy=2.6067]
    val_geom_camber_cruise     loss=0.9427  surf[p=69.1331 Ux=1.4799 Uy=0.4078]  vol[p=60.4413 Ux=2.9703 Uy=1.0801]
    val_re_rand                loss=2.0169  surf[p=88.5084 Ux=1.9660 Uy=0.5912]  vol[p=84.3280 Ux=3.7829 Uy=1.7237]
Epoch  15 (98s) [32.9GB]  train[vol=0.4784 surf=0.2730]  val_avg_surf_p=91.9101 *
    val_single_in_dist         loss=5.2133  surf[p=111.3470 Ux=1.6589 Uy=0.5513]  vol[p=116.7163 Ux=4.1980 Uy=1.7804]
    val_geom_camber_rc         loss=3.1064  surf[p=107.5940 Ux=2.2917 Uy=0.7759]  vol[p=108.0622 Ux=4.7618 Uy=2.5133]
    val_geom_camber_cruise     loss=0.8515  surf[p=64.6995 Ux=1.3012 Uy=0.3878]  vol[p=56.8982 Ux=2.8243 Uy=1.0302]
    val_re_rand                loss=1.8855  surf[p=84.0000 Ux=1.7647 Uy=0.5639]  vol[p=80.7455 Ux=3.6180 Uy=1.6601]
Epoch  16 (98s) [32.9GB]  train[vol=0.4813 surf=0.2774]  val_avg_surf_p=87.1499 *
    val_single_in_dist         loss=4.6835  surf[p=104.9588 Ux=1.4748 Uy=0.5229]  vol[p=111.2742 Ux=4.0100 Uy=1.7065]
    val_geom_camber_rc         loss=2.8891  surf[p=102.1439 Ux=2.1052 Uy=0.7430]  vol[p=104.2921 Ux=4.6117 Uy=2.4319]
    val_geom_camber_cruise     loss=0.7808  surf[p=61.1981 Ux=1.1181 Uy=0.3689]  vol[p=54.2820 Ux=2.6862 Uy=0.9885]
    val_re_rand                loss=1.7756  surf[p=80.2988 Ux=1.5856 Uy=0.5403]  vol[p=77.6483 Ux=3.4890 Uy=1.6053]
Epoch  17 (96s) [32.9GB]  train[vol=0.4703 surf=0.2673]  val_avg_surf_p=83.0248 *
    val_single_in_dist         loss=4.2807  surf[p=99.7201 Ux=1.2902 Uy=0.5028]  vol[p=106.0998 Ux=3.8510 Uy=1.6364]
    val_geom_camber_rc         loss=2.7049  surf[p=97.1630 Ux=1.9148 Uy=0.7162]  vol[p=100.3588 Ux=4.4677 Uy=2.3544]
    val_geom_camber_cruise     loss=0.7224  surf[p=58.0188 Ux=0.9516 Uy=0.3531]  vol[p=51.5423 Ux=2.5726 Uy=0.9503]
    val_re_rand                loss=1.6855  surf[p=77.1973 Ux=1.4194 Uy=0.5210]  vol[p=74.9544 Ux=3.3792 Uy=1.5572]
Epoch  18 (97s) [32.9GB]  train[vol=0.4422 surf=0.2490]  val_avg_surf_p=79.6451 *
    val_single_in_dist         loss=3.9068  surf[p=94.8463 Ux=1.1902 Uy=0.4847]  vol[p=102.1470 Ux=3.7609 Uy=1.5814]
    val_geom_camber_rc         loss=2.6083  surf[p=93.6332 Ux=1.7735 Uy=0.6948]  vol[p=97.3835 Ux=4.3541 Uy=2.2851]
    val_geom_camber_cruise     loss=0.6774  surf[p=55.3774 Ux=0.8130 Uy=0.3380]  vol[p=49.2603 Ux=2.4673 Uy=0.9180]
    val_re_rand                loss=1.6216  surf[p=74.7235 Ux=1.2849 Uy=0.5038]  vol[p=72.5119 Ux=3.2730 Uy=1.5107]
Epoch  19 (97s) [32.9GB]  train[vol=0.4387 surf=0.2475]  val_avg_surf_p=76.7745 *
    val_single_in_dist         loss=3.5308  surf[p=90.3382 Ux=1.0706 Uy=0.4625]  vol[p=98.4918 Ux=3.6537 Uy=1.5208]
    val_geom_camber_rc         loss=2.4186  surf[p=90.6653 Ux=1.6621 Uy=0.6711]  vol[p=94.5249 Ux=4.2615 Uy=2.2183]
    val_geom_camber_cruise     loss=0.6412  surf[p=53.0638 Ux=0.7185 Uy=0.3252]  vol[p=47.2986 Ux=2.3952 Uy=0.8904]
    val_re_rand                loss=1.5810  surf[p=73.0307 Ux=1.1961 Uy=0.4863]  vol[p=70.7997 Ux=3.2007 Uy=1.4671]
Epoch  20 (98s) [32.9GB]  train[vol=0.4212 surf=0.2359]  val_avg_surf_p=74.1853 *
    val_single_in_dist         loss=3.2716  surf[p=86.7158 Ux=0.9655 Uy=0.4490]  vol[p=94.9980 Ux=3.5472 Uy=1.4828]
    val_geom_camber_rc         loss=2.3776  surf[p=88.7163 Ux=1.5813 Uy=0.6556]  vol[p=93.0458 Ux=4.1885 Uy=2.1610]
    val_geom_camber_cruise     loss=0.6003  surf[p=50.5501 Ux=0.6473 Uy=0.3140]  vol[p=45.4942 Ux=2.3283 Uy=0.8650]
    val_re_rand                loss=1.5231  surf[p=70.7589 Ux=1.1140 Uy=0.4722]  vol[p=68.8394 Ux=3.1223 Uy=1.4273]
Epoch  21 (98s) [32.9GB]  train[vol=0.4380 surf=0.2487]  val_avg_surf_p=71.8656 *
    val_single_in_dist         loss=3.0133  surf[p=83.4578 Ux=0.9191 Uy=0.4334]  vol[p=91.4648 Ux=3.4707 Uy=1.4462]
    val_geom_camber_rc         loss=2.2897  surf[p=86.9133 Ux=1.5398 Uy=0.6388]  vol[p=91.4026 Ux=4.1318 Uy=2.1083]
    val_geom_camber_cruise     loss=0.5639  surf[p=48.2717 Ux=0.6083 Uy=0.3016]  vol[p=43.9611 Ux=2.2736 Uy=0.8407]
    val_re_rand                loss=1.4800  surf[p=68.8198 Ux=1.0724 Uy=0.4577]  vol[p=66.9946 Ux=3.0635 Uy=1.3883]
Epoch  22 (98s) [32.9GB]  train[vol=0.4162 surf=0.2327]  val_avg_surf_p=69.8963 *
    val_single_in_dist         loss=2.8091  surf[p=80.6598 Ux=0.8814 Uy=0.4223]  vol[p=88.5927 Ux=3.4012 Uy=1.4157]
    val_geom_camber_rc         loss=2.1665  surf[p=84.9468 Ux=1.4957 Uy=0.6237]  vol[p=89.8907 Ux=4.0872 Uy=2.0601]
    val_geom_camber_cruise     loss=0.5296  surf[p=46.5943 Ux=0.5662 Uy=0.2920]  vol[p=42.7889 Ux=2.2286 Uy=0.8203]
    val_re_rand                loss=1.4374  surf[p=67.3841 Ux=1.0290 Uy=0.4461]  vol[p=65.6188 Ux=3.0072 Uy=1.3546]
Epoch  23 (96s) [32.9GB]  train[vol=0.3858 surf=0.2097]  val_avg_surf_p=67.5058 *
    val_single_in_dist         loss=2.5882  surf[p=76.6274 Ux=0.8409 Uy=0.4084]  vol[p=84.9848 Ux=3.3174 Uy=1.3741]
    val_geom_camber_rc         loss=2.0594  surf[p=82.5815 Ux=1.4543 Uy=0.6100]  vol[p=87.8102 Ux=4.0442 Uy=2.0128]
    val_geom_camber_cruise     loss=0.5016  surf[p=44.8700 Ux=0.5406 Uy=0.2804]  vol[p=41.4674 Ux=2.1748 Uy=0.7957]
    val_re_rand                loss=1.4122  surf[p=65.9443 Ux=1.0055 Uy=0.4329]  vol[p=64.2295 Ux=2.9593 Uy=1.3212]
Epoch  24 (97s) [32.9GB]  train[vol=0.3972 surf=0.2197]  val_avg_surf_p=65.4518 *
    val_single_in_dist         loss=2.4439  surf[p=73.7781 Ux=0.8090 Uy=0.3963]  vol[p=82.1237 Ux=3.2511 Uy=1.3375]
    val_geom_camber_rc         loss=1.9438  surf[p=80.0409 Ux=1.4043 Uy=0.5949]  vol[p=85.6577 Ux=3.9818 Uy=1.9709]
    val_geom_camber_cruise     loss=0.4797  surf[p=43.4449 Ux=0.5229 Uy=0.2719]  vol[p=40.4065 Ux=2.1318 Uy=0.7738]
    val_re_rand                loss=1.3869  surf[p=64.5435 Ux=0.9720 Uy=0.4257]  vol[p=62.9387 Ux=2.9117 Uy=1.2964]
Epoch  25 (97s) [32.9GB]  train[vol=0.3636 surf=0.1969]  val_avg_surf_p=64.1530 *
    val_single_in_dist         loss=2.3799  surf[p=72.3117 Ux=0.8274 Uy=0.3884]  vol[p=80.4223 Ux=3.2112 Uy=1.3082]
    val_geom_camber_rc         loss=1.9352  surf[p=79.0094 Ux=1.3978 Uy=0.5850]  vol[p=84.1125 Ux=3.9396 Uy=1.9363]
    val_geom_camber_cruise     loss=0.4542  surf[p=41.9769 Ux=0.5269 Uy=0.2637]  vol[p=39.4780 Ux=2.0887 Uy=0.7542]
    val_re_rand                loss=1.3679  surf[p=63.3142 Ux=0.9719 Uy=0.4183]  vol[p=61.7534 Ux=2.8707 Uy=1.2714]
Epoch  26 (97s) [32.9GB]  train[vol=0.3748 surf=0.2029]  val_avg_surf_p=62.5456 *
    val_single_in_dist         loss=2.2746  surf[p=69.8241 Ux=0.7965 Uy=0.3784]  vol[p=78.3501 Ux=3.1497 Uy=1.2815]
    val_geom_camber_rc         loss=1.8663  surf[p=77.6280 Ux=1.3637 Uy=0.5755]  vol[p=82.6649 Ux=3.8833 Uy=1.9041]
    val_geom_camber_cruise     loss=0.4329  surf[p=40.8474 Ux=0.5198 Uy=0.2560]  vol[p=38.6675 Ux=2.0619 Uy=0.7356]
    val_re_rand                loss=1.3335  surf[p=61.8827 Ux=0.9430 Uy=0.4086]  vol[p=60.6139 Ux=2.8221 Uy=1.2467]
Epoch  27 (96s) [32.9GB]  train[vol=0.3796 surf=0.2072]  val_avg_surf_p=61.2667 *
    val_single_in_dist         loss=2.2261  surf[p=68.1330 Ux=0.8009 Uy=0.3694]  vol[p=76.1436 Ux=3.1150 Uy=1.2542]
    val_geom_camber_rc         loss=1.8251  surf[p=76.2025 Ux=1.3541 Uy=0.5677]  vol[p=81.0708 Ux=3.8574 Uy=1.8743]
    val_geom_camber_cruise     loss=0.4156  surf[p=39.9203 Ux=0.5263 Uy=0.2491]  vol[p=38.0361 Ux=2.0353 Uy=0.7192]
    val_re_rand                loss=1.3023  surf[p=60.8111 Ux=0.9370 Uy=0.4005]  vol[p=59.7909 Ux=2.7864 Uy=1.2239]
Epoch  28 (96s) [32.9GB]  train[vol=0.3754 surf=0.2049]  val_avg_surf_p=60.0842 *
    val_single_in_dist         loss=2.2390  surf[p=67.1787 Ux=0.7694 Uy=0.3618]  vol[p=74.7352 Ux=3.0664 Uy=1.2315]
    val_geom_camber_rc         loss=1.7578  surf[p=74.5771 Ux=1.3171 Uy=0.5573]  vol[p=79.8124 Ux=3.8141 Uy=1.8470]
    val_geom_camber_cruise     loss=0.4005  surf[p=38.8458 Ux=0.4941 Uy=0.2441]  vol[p=36.9871 Ux=2.0057 Uy=0.7055]
    val_re_rand                loss=1.2585  surf[p=59.7352 Ux=0.8927 Uy=0.3932]  vol[p=58.8429 Ux=2.7377 Uy=1.2025]
Epoch  29 (97s) [32.9GB]  train[vol=0.3821 surf=0.2079]  val_avg_surf_p=58.9210 *
    val_single_in_dist         loss=2.1936  surf[p=65.5268 Ux=0.7445 Uy=0.3563]  vol[p=73.3552 Ux=3.0206 Uy=1.2131]
    val_geom_camber_rc         loss=1.6614  surf[p=73.5554 Ux=1.2909 Uy=0.5500]  vol[p=78.9946 Ux=3.7752 Uy=1.8267]
    val_geom_camber_cruise     loss=0.3847  surf[p=37.9970 Ux=0.4930 Uy=0.2384]  vol[p=36.3062 Ux=1.9883 Uy=0.6952]
    val_re_rand                loss=1.2295  surf[p=58.6046 Ux=0.8759 Uy=0.3853]  vol[p=57.9929 Ux=2.7060 Uy=1.1831]
Epoch  30 (96s) [32.9GB]  train[vol=0.3651 surf=0.1969]  val_avg_surf_p=57.7285 *
    val_single_in_dist         loss=2.1269  surf[p=63.6475 Ux=0.7220 Uy=0.3518]  vol[p=72.1469 Ux=2.9854 Uy=1.2013]
    val_geom_camber_rc         loss=1.6243  surf[p=72.9327 Ux=1.2705 Uy=0.5442]  vol[p=78.2157 Ux=3.7477 Uy=1.8065]
    val_geom_camber_cruise     loss=0.3708  surf[p=37.0151 Ux=0.4819 Uy=0.2350]  vol[p=35.5467 Ux=1.9632 Uy=0.6869]
    val_re_rand                loss=1.1883  surf[p=57.3187 Ux=0.8583 Uy=0.3794]  vol[p=56.9790 Ux=2.6751 Uy=1.1664]
Epoch  31 (97s) [32.9GB]  train[vol=0.3543 surf=0.1909]  val_avg_surf_p=56.5650 *
    val_single_in_dist         loss=2.0774  surf[p=62.4381 Ux=0.7162 Uy=0.3489]  vol[p=70.5825 Ux=2.9412 Uy=1.1830]
    val_geom_camber_rc         loss=1.5877  surf[p=71.6456 Ux=1.2619 Uy=0.5372]  vol[p=77.0216 Ux=3.7204 Uy=1.7871]
    val_geom_camber_cruise     loss=0.3575  surf[p=35.9568 Ux=0.4954 Uy=0.2307]  vol[p=34.9046 Ux=1.9446 Uy=0.6772]
    val_re_rand                loss=1.1657  surf[p=56.2196 Ux=0.8636 Uy=0.3734]  vol[p=55.9614 Ux=2.6555 Uy=1.1479]
Epoch  32 (98s) [32.9GB]  train[vol=0.3375 surf=0.1779]  val_avg_surf_p=55.5016 *
    val_single_in_dist         loss=2.0340  surf[p=61.4136 Ux=0.6791 Uy=0.3431]  vol[p=69.0065 Ux=2.9040 Uy=1.1603]
    val_geom_camber_rc         loss=1.5523  surf[p=70.4195 Ux=1.2192 Uy=0.5290]  vol[p=75.4569 Ux=3.6914 Uy=1.7665]
    val_geom_camber_cruise     loss=0.3421  surf[p=34.9543 Ux=0.4396 Uy=0.2253]  vol[p=34.2786 Ux=1.9001 Uy=0.6702]
    val_re_rand                loss=1.1369  surf[p=55.2190 Ux=0.8129 Uy=0.3683]  vol[p=55.0714 Ux=2.6213 Uy=1.1339]
Epoch  33 (98s) [32.9GB]  train[vol=0.3382 surf=0.1806]  val_avg_surf_p=54.7264 *
    val_single_in_dist         loss=1.9996  surf[p=60.6831 Ux=0.6807 Uy=0.3392]  vol[p=68.1999 Ux=2.8766 Uy=1.1463]
    val_geom_camber_rc         loss=1.5249  surf[p=69.4975 Ux=1.2052 Uy=0.5231]  vol[p=74.4744 Ux=3.6682 Uy=1.7490]
    val_geom_camber_cruise     loss=0.3281  surf[p=34.1444 Ux=0.4188 Uy=0.2213]  vol[p=33.6929 Ux=1.8616 Uy=0.6621]
    val_re_rand                loss=1.1244  surf[p=54.5809 Ux=0.7990 Uy=0.3643]  vol[p=54.5401 Ux=2.5962 Uy=1.1223]
Epoch  34 (98s) [32.9GB]  train[vol=0.3347 surf=0.1780]  val_avg_surf_p=54.2850 *
    val_single_in_dist         loss=2.0234  surf[p=61.3595 Ux=0.6732 Uy=0.3395]  vol[p=68.7115 Ux=2.8524 Uy=1.1316]
    val_geom_camber_rc         loss=1.5039  surf[p=68.4613 Ux=1.1839 Uy=0.5173]  vol[p=73.3521 Ux=3.6333 Uy=1.7308]
    val_geom_camber_cruise     loss=0.3153  surf[p=33.4749 Ux=0.4077 Uy=0.2190]  vol[p=33.2511 Ux=1.8371 Uy=0.6561]
    val_re_rand                loss=1.1037  surf[p=53.8441 Ux=0.7836 Uy=0.3596]  vol[p=53.7982 Ux=2.5677 Uy=1.1081]
Epoch  35 (98s) [32.9GB]  train[vol=0.3333 surf=0.1773]  val_avg_surf_p=53.4765 *
    val_single_in_dist         loss=2.0007  surf[p=60.7496 Ux=0.6469 Uy=0.3366]  vol[p=67.9095 Ux=2.8268 Uy=1.1200]
    val_geom_camber_rc         loss=1.4495  surf[p=67.2258 Ux=1.1566 Uy=0.5103]  vol[p=72.1588 Ux=3.5881 Uy=1.7093]
    val_geom_camber_cruise     loss=0.3064  surf[p=32.7399 Ux=0.3946 Uy=0.2155]  vol[p=32.6645 Ux=1.8108 Uy=0.6492]
    val_re_rand                loss=1.0973  surf[p=53.1906 Ux=0.7676 Uy=0.3556]  vol[p=53.3341 Ux=2.5456 Uy=1.0970]
Epoch  36 (96s) [32.9GB]  train[vol=0.3362 surf=0.1784]  val_avg_surf_p=52.4807 *
    val_single_in_dist         loss=1.9577  surf[p=59.3555 Ux=0.6331 Uy=0.3314]  vol[p=66.4129 Ux=2.8086 Uy=1.1043]
    val_geom_camber_rc         loss=1.3885  surf[p=65.8338 Ux=1.1374 Uy=0.5028]  vol[p=71.0397 Ux=3.5554 Uy=1.6887]
    val_geom_camber_cruise     loss=0.2996  surf[p=32.2499 Ux=0.3769 Uy=0.2131]  vol[p=32.0831 Ux=1.7847 Uy=0.6439]
    val_re_rand                loss=1.0833  surf[p=52.4836 Ux=0.7441 Uy=0.3527]  vol[p=52.7905 Ux=2.5155 Uy=1.0866]
Epoch  37 (96s) [32.9GB]  train[vol=0.3153 surf=0.1656]  val_avg_surf_p=51.6945 *
    val_single_in_dist         loss=1.9739  surf[p=58.5644 Ux=0.6321 Uy=0.3290]  vol[p=65.6462 Ux=2.7914 Uy=1.0943]
    val_geom_camber_rc         loss=1.3508  surf[p=64.9718 Ux=1.1232 Uy=0.4971]  vol[p=70.1375 Ux=3.5396 Uy=1.6702]
    val_geom_camber_cruise     loss=0.2937  surf[p=31.7690 Ux=0.3793 Uy=0.2113]  vol[p=31.5667 Ux=1.7691 Uy=0.6378]
    val_re_rand                loss=1.0656  surf[p=51.4728 Ux=0.7355 Uy=0.3488]  vol[p=51.9876 Ux=2.4964 Uy=1.0750]
Epoch  38 (96s) [32.9GB]  train[vol=0.3357 surf=0.1770]  val_avg_surf_p=50.9027 *
    val_single_in_dist         loss=1.9327  surf[p=57.1093 Ux=0.6191 Uy=0.3260]  vol[p=64.6272 Ux=2.7680 Uy=1.0822]
    val_geom_camber_rc         loss=1.3637  surf[p=64.6281 Ux=1.1077 Uy=0.4939]  vol[p=69.8250 Ux=3.5141 Uy=1.6559]
    val_geom_camber_cruise     loss=0.2863  surf[p=31.2271 Ux=0.3703 Uy=0.2089]  vol[p=31.2559 Ux=1.7503 Uy=0.6335]
    val_re_rand                loss=1.0434  surf[p=50.6461 Ux=0.7190 Uy=0.3447]  vol[p=51.4581 Ux=2.4699 Uy=1.0647]
Epoch  39 (96s) [32.9GB]  train[vol=0.3135 surf=0.1602]  val_avg_surf_p=50.4110 *
    val_single_in_dist         loss=1.9250  surf[p=56.5182 Ux=0.6097 Uy=0.3254]  vol[p=63.8650 Ux=2.7391 Uy=1.0706]
    val_geom_camber_rc         loss=1.3738  surf[p=64.4638 Ux=1.0939 Uy=0.4891]  vol[p=69.7249 Ux=3.4900 Uy=1.6369]
    val_geom_camber_cruise     loss=0.2817  surf[p=30.6878 Ux=0.3663 Uy=0.2071]  vol[p=30.7324 Ux=1.7337 Uy=0.6280]
    val_re_rand                loss=1.0277  surf[p=49.9741 Ux=0.7093 Uy=0.3425]  vol[p=50.9794 Ux=2.4521 Uy=1.0544]
Epoch  40 (96s) [32.9GB]  train[vol=0.3380 surf=0.1796]  val_avg_surf_p=49.5623 *
    val_single_in_dist         loss=1.8447  surf[p=54.9756 Ux=0.6001 Uy=0.3188]  vol[p=62.6890 Ux=2.6995 Uy=1.0591]
    val_geom_camber_rc         loss=1.3675  surf[p=63.7268 Ux=1.0799 Uy=0.4843]  vol[p=68.9517 Ux=3.4572 Uy=1.6194]
    val_geom_camber_cruise     loss=0.2764  surf[p=30.2469 Ux=0.3586 Uy=0.2051]  vol[p=30.4218 Ux=1.7173 Uy=0.6241]
    val_re_rand                loss=1.0088  surf[p=49.3000 Ux=0.6973 Uy=0.3382]  vol[p=50.4821 Ux=2.4291 Uy=1.0436]
Epoch  41 (97s) [32.9GB]  train[vol=0.3143 surf=0.1630]  val_avg_surf_p=49.0768 *
    val_single_in_dist         loss=1.8269  surf[p=54.0915 Ux=0.5905 Uy=0.3163]  vol[p=61.8403 Ux=2.6693 Uy=1.0478]
    val_geom_camber_rc         loss=1.3299  surf[p=63.0015 Ux=1.0630 Uy=0.4774]  vol[p=68.1886 Ux=3.4281 Uy=1.6001]
    val_geom_camber_cruise     loss=0.2713  surf[p=29.9352 Ux=0.3503 Uy=0.2034]  vol[p=30.0720 Ux=1.7015 Uy=0.6205]
    val_re_rand                loss=1.0196  surf[p=49.2789 Ux=0.6935 Uy=0.3357]  vol[p=50.3161 Ux=2.4119 Uy=1.0374]
Epoch  42 (97s) [32.9GB]  train[vol=0.3185 surf=0.1655]  val_avg_surf_p=48.3554 *
    val_single_in_dist         loss=1.8322  surf[p=53.4978 Ux=0.5827 Uy=0.3136]  vol[p=61.4647 Ux=2.6474 Uy=1.0417]
    val_geom_camber_rc         loss=1.2480  surf[p=61.7941 Ux=1.0454 Uy=0.4722]  vol[p=66.8890 Ux=3.3918 Uy=1.5832]
    val_geom_camber_cruise     loss=0.2633  surf[p=29.5923 Ux=0.3545 Uy=0.2024]  vol[p=29.6882 Ux=1.6934 Uy=0.6165]
    val_re_rand                loss=0.9945  surf[p=48.5374 Ux=0.6870 Uy=0.3332]  vol[p=49.7577 Ux=2.3971 Uy=1.0310]
Epoch  43 (97s) [32.9GB]  train[vol=0.3192 surf=0.1645]  val_avg_surf_p=47.6695 *
    val_single_in_dist         loss=1.8182  surf[p=52.8646 Ux=0.5798 Uy=0.3095]  vol[p=60.8896 Ux=2.6307 Uy=1.0310]
    val_geom_camber_rc         loss=1.1711  surf[p=60.7622 Ux=1.0274 Uy=0.4682]  vol[p=65.7201 Ux=3.3579 Uy=1.5656]
    val_geom_camber_cruise     loss=0.2566  surf[p=29.1657 Ux=0.3553 Uy=0.1998]  vol[p=29.2798 Ux=1.6866 Uy=0.6116]
    val_re_rand                loss=0.9737  surf[p=47.8854 Ux=0.6750 Uy=0.3292]  vol[p=49.0547 Ux=2.3794 Uy=1.0208]
Epoch  44 (98s) [32.9GB]  train[vol=0.3061 surf=0.1575]  val_avg_surf_p=47.0783 *
    val_single_in_dist         loss=1.7740  surf[p=52.2371 Ux=0.5720 Uy=0.3072]  vol[p=60.4989 Ux=2.6080 Uy=1.0228]
    val_geom_camber_rc         loss=1.1623  surf[p=60.2324 Ux=1.0215 Uy=0.4646]  vol[p=65.2864 Ux=3.3378 Uy=1.5533]
    val_geom_camber_cruise     loss=0.2514  surf[p=28.6910 Ux=0.3468 Uy=0.1982]  vol[p=28.9502 Ux=1.6708 Uy=0.6059]
    val_re_rand                loss=0.9473  surf[p=47.1527 Ux=0.6659 Uy=0.3242]  vol[p=48.4112 Ux=2.3638 Uy=1.0111]
Epoch  45 (96s) [32.9GB]  train[vol=0.3115 surf=0.1577]  val_avg_surf_p=46.5107 *
    val_single_in_dist         loss=1.7525  surf[p=51.3602 Ux=0.5695 Uy=0.3051]  vol[p=59.9761 Ux=2.5927 Uy=1.0138]
    val_geom_camber_rc         loss=1.1177  surf[p=59.6265 Ux=1.0107 Uy=0.4621]  vol[p=64.6344 Ux=3.3154 Uy=1.5402]
    val_geom_camber_cruise     loss=0.2482  surf[p=28.3943 Ux=0.3476 Uy=0.1971]  vol[p=28.7244 Ux=1.6610 Uy=0.6013]
    val_re_rand                loss=0.9470  surf[p=46.6618 Ux=0.6605 Uy=0.3218]  vol[p=47.9477 Ux=2.3552 Uy=1.0029]
Epoch  46 (96s) [32.9GB]  train[vol=0.3171 surf=0.1619]  val_avg_surf_p=46.1871 *
    val_single_in_dist         loss=1.7534  surf[p=51.0941 Ux=0.5669 Uy=0.3024]  vol[p=59.5480 Ux=2.5802 Uy=1.0065]
    val_geom_camber_rc         loss=1.0891  surf[p=59.2498 Ux=0.9978 Uy=0.4598]  vol[p=64.1436 Ux=3.2873 Uy=1.5278]
    val_geom_camber_cruise     loss=0.2458  surf[p=28.0629 Ux=0.3423 Uy=0.1952]  vol[p=28.3288 Ux=1.6466 Uy=0.5978]
    val_re_rand                loss=0.9466  surf[p=46.3416 Ux=0.6541 Uy=0.3194]  vol[p=47.6552 Ux=2.3432 Uy=0.9956]
Epoch  47 (99s) [32.9GB]  train[vol=0.2970 surf=0.1535]  val_avg_surf_p=45.9763 *
    val_single_in_dist         loss=1.6625  surf[p=50.9420 Ux=0.5575 Uy=0.3003]  vol[p=59.0246 Ux=2.5614 Uy=0.9954]
    val_geom_camber_rc         loss=1.0752  surf[p=58.7296 Ux=0.9913 Uy=0.4544]  vol[p=63.6485 Ux=3.2576 Uy=1.5097]
    val_geom_camber_cruise     loss=0.2448  surf[p=27.9166 Ux=0.3398 Uy=0.1941]  vol[p=28.1133 Ux=1.6341 Uy=0.5944]
    val_re_rand                loss=0.9481  surf[p=46.3171 Ux=0.6521 Uy=0.3184]  vol[p=47.5628 Ux=2.3312 Uy=0.9887]
Epoch  48 (96s) [32.9GB]  train[vol=0.2940 surf=0.1491]  val_avg_surf_p=45.4627 *
    val_single_in_dist         loss=1.6102  surf[p=50.1237 Ux=0.5387 Uy=0.2977]  vol[p=58.0923 Ux=2.5404 Uy=0.9829]
    val_geom_camber_rc         loss=1.0423  surf[p=57.8510 Ux=0.9768 Uy=0.4505]  vol[p=62.8514 Ux=3.2320 Uy=1.4957]
    val_geom_camber_cruise     loss=0.2406  surf[p=27.6324 Ux=0.3354 Uy=0.1931]  vol[p=27.7887 Ux=1.6239 Uy=0.5885]
    val_re_rand                loss=0.9591  surf[p=46.2438 Ux=0.6466 Uy=0.3187]  vol[p=47.4453 Ux=2.3174 Uy=0.9836]
Epoch  49 (97s) [32.9GB]  train[vol=0.2813 surf=0.1414]  val_avg_surf_p=45.0649 *
    val_single_in_dist         loss=1.6461  surf[p=49.8449 Ux=0.5344 Uy=0.2958]  vol[p=57.6265 Ux=2.5193 Uy=0.9724]
    val_geom_camber_rc         loss=1.0157  surf[p=57.1834 Ux=0.9680 Uy=0.4462]  vol[p=62.3166 Ux=3.2124 Uy=1.4818]
    val_geom_camber_cruise     loss=0.2360  surf[p=27.3344 Ux=0.3360 Uy=0.1923]  vol[p=27.5158 Ux=1.6132 Uy=0.5850]
    val_re_rand                loss=0.9538  surf[p=45.8968 Ux=0.6410 Uy=0.3172]  vol[p=47.1146 Ux=2.3033 Uy=0.9765]
Epoch  50 (97s) [32.9GB]  train[vol=0.2935 surf=0.1519]  val_avg_surf_p=44.7528 *
    val_single_in_dist         loss=1.6820  surf[p=49.4471 Ux=0.5274 Uy=0.2951]  vol[p=57.0825 Ux=2.5031 Uy=0.9618]
    val_geom_camber_rc         loss=1.0147  surf[p=57.0663 Ux=0.9572 Uy=0.4447]  vol[p=62.1736 Ux=3.1914 Uy=1.4707]
    val_geom_camber_cruise     loss=0.2346  surf[p=27.1108 Ux=0.3323 Uy=0.1917]  vol[p=27.2881 Ux=1.5998 Uy=0.5817]
    val_re_rand                loss=0.9425  surf[p=45.3869 Ux=0.6343 Uy=0.3156]  vol[p=46.6860 Ux=2.2908 Uy=0.9690]
Epoch  51 (96s) [32.9GB]  train[vol=0.3022 surf=0.1545]  val_avg_surf_p=44.3982 *
    val_single_in_dist         loss=1.6726  surf[p=48.8392 Ux=0.5337 Uy=0.2932]  vol[p=56.8969 Ux=2.4871 Uy=0.9503]
    val_geom_camber_rc         loss=1.0160  surf[p=57.0720 Ux=0.9564 Uy=0.4436]  vol[p=62.1680 Ux=3.1839 Uy=1.4634]
    val_geom_camber_cruise     loss=0.2286  surf[p=26.8402 Ux=0.3337 Uy=0.1911]  vol[p=27.0717 Ux=1.5894 Uy=0.5793]
    val_re_rand                loss=0.9113  surf[p=44.8412 Ux=0.6333 Uy=0.3135]  vol[p=46.3771 Ux=2.2755 Uy=0.9623]
Epoch  52 (97s) [32.9GB]  train[vol=0.2900 surf=0.1461]  val_avg_surf_p=43.9899 *
    val_single_in_dist         loss=1.6543  surf[p=48.4207 Ux=0.5228 Uy=0.2897]  vol[p=56.4928 Ux=2.4644 Uy=0.9416]
    val_geom_camber_rc         loss=0.9964  surf[p=56.6141 Ux=0.9474 Uy=0.4413]  vol[p=61.6182 Ux=3.1614 Uy=1.4560]
    val_geom_camber_cruise     loss=0.2229  surf[p=26.4162 Ux=0.3336 Uy=0.1903]  vol[p=26.9405 Ux=1.5854 Uy=0.5764]
    val_re_rand                loss=0.9034  surf[p=44.5088 Ux=0.6305 Uy=0.3112]  vol[p=46.1348 Ux=2.2663 Uy=0.9570]
Epoch  53 (99s) [32.9GB]  train[vol=0.2745 surf=0.1357]  val_avg_surf_p=43.5362 *
    val_single_in_dist         loss=1.6996  surf[p=47.6328 Ux=0.5149 Uy=0.2866]  vol[p=55.9650 Ux=2.4538 Uy=0.9376]
    val_geom_camber_rc         loss=0.9910  surf[p=56.2672 Ux=0.9381 Uy=0.4385]  vol[p=61.4775 Ux=3.1433 Uy=1.4473]
    val_geom_camber_cruise     loss=0.2188  surf[p=26.1003 Ux=0.3256 Uy=0.1893]  vol[p=26.7772 Ux=1.5747 Uy=0.5736]
    val_re_rand                loss=0.8752  surf[p=44.1446 Ux=0.6232 Uy=0.3089]  vol[p=45.9202 Ux=2.2503 Uy=0.9506]
Epoch  54 (98s) [32.9GB]  train[vol=0.2965 surf=0.1478]  val_avg_surf_p=43.1531 *
    val_single_in_dist         loss=1.7342  surf[p=46.8125 Ux=0.5092 Uy=0.2839]  vol[p=55.2494 Ux=2.4402 Uy=0.9291]
    val_geom_camber_rc         loss=0.9741  surf[p=55.8763 Ux=0.9290 Uy=0.4366]  vol[p=61.0568 Ux=3.1283 Uy=1.4403]
    val_geom_camber_cruise     loss=0.2175  surf[p=26.0567 Ux=0.3246 Uy=0.1878]  vol[p=26.6759 Ux=1.5698 Uy=0.5708]
    val_re_rand                loss=0.8651  surf[p=43.8668 Ux=0.6189 Uy=0.3074]  vol[p=45.6977 Ux=2.2406 Uy=0.9451]
Epoch  55 (97s) [32.9GB]  train[vol=0.2811 surf=0.1379]  val_avg_surf_p=42.8556 *
    val_single_in_dist         loss=1.7626  surf[p=46.2493 Ux=0.5055 Uy=0.2792]  vol[p=54.3919 Ux=2.4194 Uy=0.9172]
    val_geom_camber_rc         loss=0.9688  surf[p=55.7359 Ux=0.9243 Uy=0.4357]  vol[p=60.8528 Ux=3.1142 Uy=1.4336]
    val_geom_camber_cruise     loss=0.2159  surf[p=25.8974 Ux=0.3200 Uy=0.1862]  vol[p=26.4768 Ux=1.5540 Uy=0.5665]
    val_re_rand                loss=0.8575  surf[p=43.5397 Ux=0.6109 Uy=0.3048]  vol[p=45.3156 Ux=2.2206 Uy=0.9392]
Epoch  56 (97s) [32.9GB]  train[vol=0.2822 surf=0.1414]  val_avg_surf_p=42.5859 *
    val_single_in_dist         loss=1.7004  surf[p=45.8427 Ux=0.4942 Uy=0.2770]  vol[p=54.3448 Ux=2.4054 Uy=0.9080]
    val_geom_camber_rc         loss=0.9672  surf[p=55.9300 Ux=0.9186 Uy=0.4354]  vol[p=60.9904 Ux=3.1039 Uy=1.4293]
    val_geom_camber_cruise     loss=0.2117  surf[p=25.5973 Ux=0.3174 Uy=0.1850]  vol[p=26.3476 Ux=1.5507 Uy=0.5639]
    val_re_rand                loss=0.8444  surf[p=42.9736 Ux=0.6042 Uy=0.3029]  vol[p=44.9013 Ux=2.2086 Uy=0.9345]
Epoch  57 (97s) [32.9GB]  train[vol=0.2853 surf=0.1414]  val_avg_surf_p=42.3850 *
    val_single_in_dist         loss=1.6571  surf[p=46.0027 Ux=0.4883 Uy=0.2749]  vol[p=54.0039 Ux=2.3927 Uy=0.8996]
    val_geom_camber_rc         loss=0.9578  surf[p=55.4590 Ux=0.9094 Uy=0.4317]  vol[p=60.4937 Ux=3.0912 Uy=1.4190]
    val_geom_camber_cruise     loss=0.2086  surf[p=25.2468 Ux=0.3127 Uy=0.1835]  vol[p=26.1141 Ux=1.5395 Uy=0.5599]
    val_re_rand                loss=0.8477  surf[p=42.8315 Ux=0.6002 Uy=0.3016]  vol[p=44.7928 Ux=2.2010 Uy=0.9291]
Epoch  58 (98s) [32.9GB]  train[vol=0.2693 surf=0.1321]  val_avg_surf_p=42.0806 *
    val_single_in_dist         loss=1.5731  surf[p=45.6696 Ux=0.4885 Uy=0.2722]  vol[p=53.3749 Ux=2.3783 Uy=0.8888]
    val_geom_camber_rc         loss=0.9354  surf[p=55.0785 Ux=0.9033 Uy=0.4296]  vol[p=59.9316 Ux=3.0832 Uy=1.4134]
    val_geom_camber_cruise     loss=0.2055  surf[p=24.9247 Ux=0.3170 Uy=0.1818]  vol[p=25.8934 Ux=1.5303 Uy=0.5579]
    val_re_rand                loss=0.8562  surf[p=42.6498 Ux=0.6012 Uy=0.2998]  vol[p=44.5626 Ux=2.1907 Uy=0.9254]
Epoch  59 (98s) [32.9GB]  train[vol=0.2581 surf=0.1232]  val_avg_surf_p=41.6452 *
    val_single_in_dist         loss=1.5062  surf[p=44.9309 Ux=0.4748 Uy=0.2698]  vol[p=52.5828 Ux=2.3592 Uy=0.8794]
    val_geom_camber_rc         loss=0.9210  surf[p=54.8045 Ux=0.8923 Uy=0.4281]  vol[p=59.6325 Ux=3.0810 Uy=1.4104]
    val_geom_camber_cruise     loss=0.2038  surf[p=24.6847 Ux=0.3057 Uy=0.1803]  vol[p=25.6832 Ux=1.5195 Uy=0.5550]
    val_re_rand                loss=0.8497  surf[p=42.1607 Ux=0.5870 Uy=0.2974]  vol[p=44.2260 Ux=2.1798 Uy=0.9211]
Epoch  60 (98s) [32.9GB]  train[vol=0.2692 surf=0.1307]  val_avg_surf_p=41.1558 *
    val_single_in_dist         loss=1.4335  surf[p=44.0434 Ux=0.4733 Uy=0.2678]  vol[p=52.0532 Ux=2.3504 Uy=0.8770]
    val_geom_camber_rc         loss=0.9134  surf[p=54.3239 Ux=0.8858 Uy=0.4240]  vol[p=59.1659 Ux=3.0714 Uy=1.4031]
    val_geom_camber_cruise     loss=0.2008  surf[p=24.4009 Ux=0.3016 Uy=0.1792]  vol[p=25.5264 Ux=1.5088 Uy=0.5517]
    val_re_rand                loss=0.8371  surf[p=41.8552 Ux=0.5829 Uy=0.2954]  vol[p=44.0404 Ux=2.1711 Uy=0.9178]
Epoch  61 (98s) [32.9GB]  train[vol=0.2659 surf=0.1276]  val_avg_surf_p=40.9874 *
    val_single_in_dist         loss=1.3528  surf[p=43.8360 Ux=0.4721 Uy=0.2674]  vol[p=51.5858 Ux=2.3357 Uy=0.8686]
    val_geom_camber_rc         loss=0.9048  surf[p=54.3867 Ux=0.8787 Uy=0.4238]  vol[p=59.0628 Ux=3.0639 Uy=1.3995]
    val_geom_camber_cruise     loss=0.1982  surf[p=24.2056 Ux=0.3017 Uy=0.1782]  vol[p=25.3071 Ux=1.4978 Uy=0.5478]
    val_re_rand                loss=0.8345  surf[p=41.5213 Ux=0.5774 Uy=0.2938]  vol[p=43.6562 Ux=2.1560 Uy=0.9129]
Epoch  62 (98s) [32.9GB]  train[vol=0.2495 surf=0.1183]  val_avg_surf_p=40.7400 *
    val_single_in_dist         loss=1.3011  surf[p=43.5235 Ux=0.4665 Uy=0.2663]  vol[p=51.4165 Ux=2.3266 Uy=0.8638]
    val_geom_camber_rc         loss=0.9045  surf[p=54.2079 Ux=0.8722 Uy=0.4230]  vol[p=58.9375 Ux=3.0550 Uy=1.3923]
    val_geom_camber_cruise     loss=0.1979  surf[p=23.9348 Ux=0.3002 Uy=0.1772]  vol[p=25.1019 Ux=1.4945 Uy=0.5452]
    val_re_rand                loss=0.8256  surf[p=41.2938 Ux=0.5735 Uy=0.2929]  vol[p=43.3329 Ux=2.1434 Uy=0.9073]
Epoch  63 (97s) [32.9GB]  train[vol=0.2586 surf=0.1196]  val_avg_surf_p=40.3457 *
    val_single_in_dist         loss=1.2659  surf[p=42.8098 Ux=0.4631 Uy=0.2644]  vol[p=50.9694 Ux=2.3199 Uy=0.8600]
    val_geom_camber_rc         loss=0.8847  surf[p=53.9181 Ux=0.8635 Uy=0.4209]  vol[p=58.7472 Ux=3.0384 Uy=1.3839]
    val_geom_camber_cruise     loss=0.1966  surf[p=23.7827 Ux=0.2985 Uy=0.1769]  vol[p=25.0241 Ux=1.4866 Uy=0.5427]
    val_re_rand                loss=0.8191  surf[p=40.8722 Ux=0.5707 Uy=0.2915]  vol[p=42.9920 Ux=2.1327 Uy=0.9026]
Epoch  64 (99s) [32.9GB]  train[vol=0.2536 surf=0.1232]  val_avg_surf_p=40.1732 *
    val_single_in_dist         loss=1.2975  surf[p=42.4975 Ux=0.4676 Uy=0.2623]  vol[p=51.0308 Ux=2.3133 Uy=0.8571]
    val_geom_camber_rc         loss=0.8861  surf[p=53.9182 Ux=0.8599 Uy=0.4192]  vol[p=58.7881 Ux=3.0311 Uy=1.3805]
    val_geom_camber_cruise     loss=0.1931  surf[p=23.6565 Ux=0.3048 Uy=0.1757]  vol[p=24.9654 Ux=1.4819 Uy=0.5402]
    val_re_rand                loss=0.8150  surf[p=40.6207 Ux=0.5713 Uy=0.2899]  vol[p=42.7995 Ux=2.1250 Uy=0.8996]
Epoch  65 (98s) [32.9GB]  train[vol=0.2565 surf=0.1223]  val_avg_surf_p=40.0456 *
    val_single_in_dist         loss=1.3178  surf[p=42.5671 Ux=0.4600 Uy=0.2625]  vol[p=50.9080 Ux=2.3046 Uy=0.8535]
    val_geom_camber_rc         loss=0.8915  surf[p=53.6940 Ux=0.8488 Uy=0.4168]  vol[p=58.6570 Ux=3.0221 Uy=1.3744]
    val_geom_camber_cruise     loss=0.1906  surf[p=23.5102 Ux=0.2996 Uy=0.1749]  vol[p=24.8265 Ux=1.4782 Uy=0.5372]
    val_re_rand                loss=0.8017  surf[p=40.4110 Ux=0.5608 Uy=0.2889]  vol[p=42.5946 Ux=2.1195 Uy=0.8961]
Epoch  66 (97s) [32.9GB]  train[vol=0.2544 surf=0.1216]  val_avg_surf_p=39.8678 *
    val_single_in_dist         loss=1.3752  surf[p=42.5711 Ux=0.4617 Uy=0.2613]  vol[p=50.6894 Ux=2.2948 Uy=0.8478]
    val_geom_camber_rc         loss=0.8830  surf[p=53.4027 Ux=0.8443 Uy=0.4131]  vol[p=58.3958 Ux=3.0068 Uy=1.3652]
    val_geom_camber_cruise     loss=0.1892  surf[p=23.2823 Ux=0.2974 Uy=0.1740]  vol[p=24.5822 Ux=1.4683 Uy=0.5332]
    val_re_rand                loss=0.7971  surf[p=40.2152 Ux=0.5604 Uy=0.2882]  vol[p=42.4447 Ux=2.1132 Uy=0.8940]
Epoch  67 (96s) [32.9GB]  train[vol=0.2599 surf=0.1224]  val_avg_surf_p=39.6343 *
    val_single_in_dist         loss=1.2863  surf[p=41.9655 Ux=0.4617 Uy=0.2603]  vol[p=50.3357 Ux=2.2795 Uy=0.8406]
    val_geom_camber_rc         loss=0.8765  surf[p=53.0548 Ux=0.8399 Uy=0.4112]  vol[p=58.0032 Ux=2.9918 Uy=1.3595]
    val_geom_camber_cruise     loss=0.1873  surf[p=23.1209 Ux=0.2944 Uy=0.1735]  vol[p=24.4853 Ux=1.4595 Uy=0.5314]
    val_re_rand                loss=0.8155  surf[p=40.3958 Ux=0.5598 Uy=0.2888]  vol[p=42.5316 Ux=2.1059 Uy=0.8927]
Epoch  68 (95s) [32.9GB]  train[vol=0.2670 surf=0.1275]  val_avg_surf_p=39.3558 *
    val_single_in_dist         loss=1.2771  surf[p=41.4137 Ux=0.4519 Uy=0.2581]  vol[p=50.0342 Ux=2.2629 Uy=0.8314]
    val_geom_camber_rc         loss=0.8411  surf[p=52.5506 Ux=0.8298 Uy=0.4088]  vol[p=57.5512 Ux=2.9747 Uy=1.3540]
    val_geom_camber_cruise     loss=0.1867  surf[p=23.0241 Ux=0.2972 Uy=0.1724]  vol[p=24.3571 Ux=1.4581 Uy=0.5291]
    val_re_rand                loss=0.8306  surf[p=40.4348 Ux=0.5594 Uy=0.2885]  vol[p=42.5914 Ux=2.1036 Uy=0.8910]
Epoch  69 (96s) [32.9GB]  train[vol=0.2492 surf=0.1148]  val_avg_surf_p=39.0828 *
    val_single_in_dist         loss=1.2330  surf[p=40.8187 Ux=0.4460 Uy=0.2556]  vol[p=49.6445 Ux=2.2496 Uy=0.8247]
    val_geom_camber_rc         loss=0.8208  surf[p=52.2892 Ux=0.8213 Uy=0.4075]  vol[p=57.2233 Ux=2.9675 Uy=1.3483]
    val_geom_camber_cruise     loss=0.1857  surf[p=22.8858 Ux=0.2916 Uy=0.1709]  vol[p=24.2790 Ux=1.4494 Uy=0.5263]
    val_re_rand                loss=0.8458  surf[p=40.3377 Ux=0.5561 Uy=0.2880]  vol[p=42.5241 Ux=2.0965 Uy=0.8868]
Epoch  70 (97s) [32.9GB]  train[vol=0.2697 surf=0.1316]  val_avg_surf_p=38.9091 *
    val_single_in_dist         loss=1.2514  surf[p=40.8296 Ux=0.4389 Uy=0.2544]  vol[p=49.3449 Ux=2.2403 Uy=0.8208]
    val_geom_camber_rc         loss=0.8008  surf[p=51.8167 Ux=0.8117 Uy=0.4051]  vol[p=56.7994 Ux=2.9499 Uy=1.3400]
    val_geom_camber_cruise     loss=0.1851  surf[p=22.6983 Ux=0.2869 Uy=0.1705]  vol[p=24.2194 Ux=1.4446 Uy=0.5258]
    val_re_rand                loss=0.8595  surf[p=40.2918 Ux=0.5518 Uy=0.2881]  vol[p=42.5617 Ux=2.0918 Uy=0.8852]
Epoch  71 (99s) [32.9GB]  train[vol=0.2555 surf=0.1216]  val_avg_surf_p=38.7247 *
    val_single_in_dist         loss=1.2702  surf[p=40.6544 Ux=0.4376 Uy=0.2547]  vol[p=49.1236 Ux=2.2335 Uy=0.8156]
    val_geom_camber_rc         loss=0.8012  surf[p=51.7778 Ux=0.8074 Uy=0.4044]  vol[p=56.7928 Ux=2.9434 Uy=1.3343]
    val_geom_camber_cruise     loss=0.1815  surf[p=22.4521 Ux=0.2853 Uy=0.1691]  vol[p=24.0894 Ux=1.4386 Uy=0.5224]
    val_re_rand                loss=0.8571  surf[p=40.0145 Ux=0.5503 Uy=0.2865]  vol[p=42.3226 Ux=2.0834 Uy=0.8808]
Epoch  72 (97s) [32.9GB]  train[vol=0.2479 surf=0.1145]  val_avg_surf_p=38.6038 *
    val_single_in_dist         loss=1.2216  surf[p=40.4069 Ux=0.4404 Uy=0.2536]  vol[p=48.7060 Ux=2.2220 Uy=0.8108]
    val_geom_camber_rc         loss=0.8063  surf[p=51.6898 Ux=0.8052 Uy=0.4040]  vol[p=56.5404 Ux=2.9279 Uy=1.3303]
    val_geom_camber_cruise     loss=0.1809  surf[p=22.3984 Ux=0.2834 Uy=0.1694]  vol[p=24.0892 Ux=1.4283 Uy=0.5209]
    val_re_rand                loss=0.8481  surf[p=39.9202 Ux=0.5462 Uy=0.2850]  vol[p=42.1303 Ux=2.0726 Uy=0.8778]
Epoch  73 (99s) [32.9GB]  train[vol=0.2332 surf=0.1037]  val_avg_surf_p=38.3021 *
    val_single_in_dist         loss=1.1446  surf[p=39.6871 Ux=0.4347 Uy=0.2527]  vol[p=48.1443 Ux=2.2148 Uy=0.8065]
    val_geom_camber_rc         loss=0.8010  surf[p=51.4558 Ux=0.7981 Uy=0.4035]  vol[p=56.3604 Ux=2.9201 Uy=1.3272]
    val_geom_camber_cruise     loss=0.1793  surf[p=22.2567 Ux=0.2819 Uy=0.1682]  vol[p=23.9865 Ux=1.4239 Uy=0.5197]
    val_re_rand                loss=0.8548  surf[p=39.8087 Ux=0.5378 Uy=0.2845]  vol[p=41.9779 Ux=2.0648 Uy=0.8758]
Epoch  74 (97s) [32.9GB]  train[vol=0.2316 surf=0.1028]  val_avg_surf_p=38.0325 *
    val_single_in_dist         loss=1.1603  surf[p=39.4587 Ux=0.4290 Uy=0.2523]  vol[p=48.0074 Ux=2.2072 Uy=0.8050]
    val_geom_camber_rc         loss=0.8028  surf[p=51.1738 Ux=0.7897 Uy=0.4010]  vol[p=56.2597 Ux=2.9070 Uy=1.3199]
    val_geom_camber_cruise     loss=0.1782  surf[p=22.1649 Ux=0.2801 Uy=0.1677]  vol[p=23.8399 Ux=1.4171 Uy=0.5178]
    val_re_rand                loss=0.8159  surf[p=39.3326 Ux=0.5345 Uy=0.2820]  vol[p=41.5984 Ux=2.0539 Uy=0.8701]
Epoch  75 (97s) [32.9GB]  train[vol=0.2240 surf=0.1013]  val_avg_surf_p=37.8927 *
    val_single_in_dist         loss=1.1851  surf[p=39.3144 Ux=0.4262 Uy=0.2509]  vol[p=47.6924 Ux=2.2010 Uy=0.7999]
    val_geom_camber_rc         loss=0.8052  surf[p=51.0281 Ux=0.7847 Uy=0.3991]  vol[p=56.2397 Ux=2.8949 Uy=1.3147]
    val_geom_camber_cruise     loss=0.1776  surf[p=22.0400 Ux=0.2802 Uy=0.1668]  vol[p=23.7182 Ux=1.4120 Uy=0.5145]
    val_re_rand                loss=0.7982  surf[p=39.1884 Ux=0.5316 Uy=0.2811]  vol[p=41.5140 Ux=2.0461 Uy=0.8673]
Epoch  76 (97s) [32.9GB]  train[vol=0.2347 surf=0.1061]  val_avg_surf_p=37.6986 *
    val_single_in_dist         loss=1.1424  surf[p=38.8560 Ux=0.4256 Uy=0.2506]  vol[p=47.3307 Ux=2.1919 Uy=0.7940]
    val_geom_camber_rc         loss=0.7988  surf[p=50.8187 Ux=0.7830 Uy=0.3976]  vol[p=55.9233 Ux=2.8827 Uy=1.3083]
    val_geom_camber_cruise     loss=0.1775  surf[p=21.9497 Ux=0.2861 Uy=0.1662]  vol[p=23.6776 Ux=1.4131 Uy=0.5131]
    val_re_rand                loss=0.8160  surf[p=39.1699 Ux=0.5357 Uy=0.2803]  vol[p=41.5117 Ux=2.0414 Uy=0.8657]
Epoch  77 (95s) [32.9GB]  train[vol=0.2454 surf=0.1074]  val_avg_surf_p=37.5942 *
    val_single_in_dist         loss=1.1446  surf[p=38.7441 Ux=0.4212 Uy=0.2493]  vol[p=47.1856 Ux=2.1851 Uy=0.7929]
    val_geom_camber_rc         loss=0.7858  surf[p=50.7120 Ux=0.7777 Uy=0.3970]  vol[p=55.8432 Ux=2.8758 Uy=1.3039]
    val_geom_camber_cruise     loss=0.1775  surf[p=21.8169 Ux=0.2762 Uy=0.1658]  vol[p=23.6122 Ux=1.4049 Uy=0.5113]
    val_re_rand                loss=0.8245  surf[p=39.1039 Ux=0.5302 Uy=0.2792]  vol[p=41.5120 Ux=2.0361 Uy=0.8631]
Epoch  78 (99s) [32.9GB]  train[vol=0.2272 surf=0.1010]  val_avg_surf_p=37.3027 *
    val_single_in_dist         loss=1.1099  surf[p=38.2293 Ux=0.4176 Uy=0.2482]  vol[p=47.1368 Ux=2.1787 Uy=0.7907]
    val_geom_camber_rc         loss=0.7808  surf[p=50.3700 Ux=0.7716 Uy=0.3945]  vol[p=55.5598 Ux=2.8695 Uy=1.3007]
    val_geom_camber_cruise     loss=0.1765  surf[p=21.7535 Ux=0.2764 Uy=0.1653]  vol[p=23.4926 Ux=1.4000 Uy=0.5095]
    val_re_rand                loss=0.8184  surf[p=38.8581 Ux=0.5268 Uy=0.2779]  vol[p=41.2976 Ux=2.0286 Uy=0.8608]
Epoch  79 (97s) [32.9GB]  train[vol=0.2338 surf=0.1018]  val_avg_surf_p=37.0830 *
    val_single_in_dist         loss=1.0960  surf[p=37.7384 Ux=0.4141 Uy=0.2464]  vol[p=46.8963 Ux=2.1739 Uy=0.7875]
    val_geom_camber_rc         loss=0.7828  surf[p=50.3243 Ux=0.7690 Uy=0.3927]  vol[p=55.5443 Ux=2.8623 Uy=1.2974]
    val_geom_camber_cruise     loss=0.1758  surf[p=21.6736 Ux=0.2779 Uy=0.1649]  vol[p=23.4869 Ux=1.3960 Uy=0.5078]
    val_re_rand                loss=0.8220  surf[p=38.5958 Ux=0.5272 Uy=0.2770]  vol[p=41.1997 Ux=2.0244 Uy=0.8581]
Epoch  80 (96s) [32.9GB]  train[vol=0.2426 surf=0.1093]  val_avg_surf_p=37.0363 *
    val_single_in_dist         loss=1.1463  surf[p=37.6871 Ux=0.4108 Uy=0.2449]  vol[p=46.6343 Ux=2.1688 Uy=0.7858]
    val_geom_camber_rc         loss=0.7734  surf[p=50.2700 Ux=0.7634 Uy=0.3915]  vol[p=55.3019 Ux=2.8495 Uy=1.2921]
    val_geom_camber_cruise     loss=0.1749  surf[p=21.6069 Ux=0.2784 Uy=0.1644]  vol[p=23.3939 Ux=1.3951 Uy=0.5057]
    val_re_rand                loss=0.8280  surf[p=38.5812 Ux=0.5227 Uy=0.2759]  vol[p=41.1038 Ux=2.0196 Uy=0.8556]
Epoch  81 (98s) [32.9GB]  train[vol=0.2260 surf=0.0981]  val_avg_surf_p=36.8019 *
    val_single_in_dist         loss=1.0682  surf[p=37.1419 Ux=0.4092 Uy=0.2435]  vol[p=46.3778 Ux=2.1611 Uy=0.7808]
    val_geom_camber_rc         loss=0.7708  surf[p=50.2427 Ux=0.7606 Uy=0.3903]  vol[p=55.1633 Ux=2.8400 Uy=1.2875]
    val_geom_camber_cruise     loss=0.1730  surf[p=21.4673 Ux=0.2760 Uy=0.1633]  vol[p=23.3673 Ux=1.3934 Uy=0.5037]
    val_re_rand                loss=0.8266  surf[p=38.3559 Ux=0.5206 Uy=0.2747]  vol[p=40.9689 Ux=2.0134 Uy=0.8515]
Epoch  82 (98s) [32.9GB]  train[vol=0.2254 surf=0.0990]  val_avg_surf_p=36.6861 *
    val_single_in_dist         loss=0.9949  surf[p=36.7449 Ux=0.4111 Uy=0.2428]  vol[p=45.9797 Ux=2.1491 Uy=0.7740]
    val_geom_camber_rc         loss=0.7839  surf[p=50.3714 Ux=0.7642 Uy=0.3901]  vol[p=55.2680 Ux=2.8339 Uy=1.2845]
    val_geom_camber_cruise     loss=0.1724  surf[p=21.2915 Ux=0.2795 Uy=0.1623]  vol[p=23.2334 Ux=1.3900 Uy=0.5011]
    val_re_rand                loss=0.8116  surf[p=38.3364 Ux=0.5257 Uy=0.2745]  vol[p=40.9126 Ux=2.0090 Uy=0.8502]
Epoch  83 (97s) [32.9GB]  train[vol=0.2300 surf=0.1001]  val_avg_surf_p=36.5840 *
    val_single_in_dist         loss=1.0271  surf[p=36.7641 Ux=0.4069 Uy=0.2422]  vol[p=45.8594 Ux=2.1410 Uy=0.7715]
    val_geom_camber_rc         loss=0.7700  surf[p=50.2841 Ux=0.7556 Uy=0.3903]  vol[p=55.1093 Ux=2.8294 Uy=1.2837]
    val_geom_camber_cruise     loss=0.1711  surf[p=21.1935 Ux=0.2781 Uy=0.1616]  vol[p=23.1316 Ux=1.3868 Uy=0.4993]
    val_re_rand                loss=0.8189  surf[p=38.0945 Ux=0.5177 Uy=0.2740]  vol[p=40.6997 Ux=2.0000 Uy=0.8476]
Epoch  84 (98s) [32.9GB]  train[vol=0.2248 surf=0.0981]  val_avg_surf_p=36.5073 *
    val_single_in_dist         loss=1.0562  surf[p=36.9728 Ux=0.4088 Uy=0.2425]  vol[p=45.8318 Ux=2.1386 Uy=0.7698]
    val_geom_camber_rc         loss=0.7687  surf[p=49.9979 Ux=0.7531 Uy=0.3896]  vol[p=54.7582 Ux=2.8228 Uy=1.2794]
    val_geom_camber_cruise     loss=0.1693  surf[p=21.0244 Ux=0.2740 Uy=0.1613]  vol[p=22.9836 Ux=1.3769 Uy=0.4972]
    val_re_rand                loss=0.8082  surf[p=38.0342 Ux=0.5143 Uy=0.2736]  vol[p=40.6768 Ux=1.9929 Uy=0.8455]
Epoch  85 (97s) [32.9GB]  train[vol=0.2407 surf=0.1112]  val_avg_surf_p=36.3607 *
    val_single_in_dist         loss=1.1146  surf[p=37.0826 Ux=0.4113 Uy=0.2416]  vol[p=45.6233 Ux=2.1306 Uy=0.7681]
    val_geom_camber_rc         loss=0.7535  surf[p=49.6509 Ux=0.7503 Uy=0.3873]  vol[p=54.4161 Ux=2.8154 Uy=1.2766]
    val_geom_camber_cruise     loss=0.1663  surf[p=20.8068 Ux=0.2738 Uy=0.1612]  vol[p=22.8500 Ux=1.3694 Uy=0.4956]
    val_re_rand                loss=0.8100  surf[p=37.9025 Ux=0.5161 Uy=0.2732]  vol[p=40.5221 Ux=1.9909 Uy=0.8442]
Epoch  86 (96s) [32.9GB]  train[vol=0.2289 surf=0.0974]  val_avg_surf_p=36.1659 *
    val_single_in_dist         loss=1.0571  surf[p=36.7407 Ux=0.4078 Uy=0.2401]  vol[p=45.2488 Ux=2.1214 Uy=0.7637]
    val_geom_camber_rc         loss=0.7511  surf[p=49.6048 Ux=0.7467 Uy=0.3864]  vol[p=54.2028 Ux=2.8083 Uy=1.2737]
    val_geom_camber_cruise     loss=0.1650  surf[p=20.6247 Ux=0.2747 Uy=0.1606]  vol[p=22.7398 Ux=1.3679 Uy=0.4937]
    val_re_rand                loss=0.8066  surf[p=37.6936 Ux=0.5139 Uy=0.2723]  vol[p=40.3261 Ux=1.9886 Uy=0.8416]
Epoch  87 (97s) [32.9GB]  train[vol=0.2119 surf=0.0876]  val_avg_surf_p=36.1252 *
    val_single_in_dist         loss=1.1071  surf[p=36.8694 Ux=0.4026 Uy=0.2391]  vol[p=45.2921 Ux=2.1169 Uy=0.7630]
    val_geom_camber_rc         loss=0.7475  surf[p=49.3697 Ux=0.7424 Uy=0.3848]  vol[p=53.9510 Ux=2.7966 Uy=1.2704]
    val_geom_camber_cruise     loss=0.1647  surf[p=20.5553 Ux=0.2676 Uy=0.1597]  vol[p=22.6656 Ux=1.3621 Uy=0.4921]
    val_re_rand                loss=0.8058  surf[p=37.7064 Ux=0.5111 Uy=0.2715]  vol[p=40.3195 Ux=1.9843 Uy=0.8394]
Epoch  88 (96s) [32.9GB]  train[vol=0.2310 surf=0.1018]  val_avg_surf_p=36.0430 *
    val_single_in_dist         loss=1.0858  surf[p=36.5298 Ux=0.4009 Uy=0.2386]  vol[p=45.1079 Ux=2.1085 Uy=0.7589]
    val_geom_camber_rc         loss=0.7544  surf[p=49.4747 Ux=0.7415 Uy=0.3845]  vol[p=54.0006 Ux=2.7914 Uy=1.2675]
    val_geom_camber_cruise     loss=0.1639  surf[p=20.4563 Ux=0.2690 Uy=0.1590]  vol[p=22.5736 Ux=1.3592 Uy=0.4902]
    val_re_rand                loss=0.8115  surf[p=37.7112 Ux=0.5081 Uy=0.2704]  vol[p=40.2481 Ux=1.9796 Uy=0.8373]
Epoch  89 (96s) [32.9GB]  train[vol=0.2163 surf=0.0884]  val_avg_surf_p=35.9128 *
    val_single_in_dist         loss=1.0787  surf[p=36.4827 Ux=0.3962 Uy=0.2373]  vol[p=45.0390 Ux=2.1003 Uy=0.7563]
    val_geom_camber_rc         loss=0.7535  surf[p=49.2126 Ux=0.7391 Uy=0.3834]  vol[p=53.7246 Ux=2.7815 Uy=1.2634]
    val_geom_camber_cruise     loss=0.1630  surf[p=20.3548 Ux=0.2676 Uy=0.1585]  vol[p=22.5108 Ux=1.3545 Uy=0.4892]
    val_re_rand                loss=0.8057  surf[p=37.6010 Ux=0.5046 Uy=0.2692]  vol[p=40.0609 Ux=1.9737 Uy=0.8341]
Epoch  90 (97s) [32.9GB]  train[vol=0.2122 surf=0.0870]  val_avg_surf_p=35.8503 *
    val_single_in_dist         loss=1.0259  surf[p=36.2037 Ux=0.3950 Uy=0.2372]  vol[p=44.9186 Ux=2.0936 Uy=0.7539]
    val_geom_camber_rc         loss=0.7661  surf[p=49.3882 Ux=0.7373 Uy=0.3838]  vol[p=53.8486 Ux=2.7783 Uy=1.2618]
    val_geom_camber_cruise     loss=0.1620  surf[p=20.2800 Ux=0.2645 Uy=0.1578]  vol[p=22.4633 Ux=1.3472 Uy=0.4869]
    val_re_rand                loss=0.8059  surf[p=37.5291 Ux=0.5031 Uy=0.2688]  vol[p=39.9687 Ux=1.9672 Uy=0.8320]
Epoch  91 (97s) [32.9GB]  train[vol=0.2101 surf=0.0851]  val_avg_surf_p=35.7030 *
    val_single_in_dist         loss=1.0440  surf[p=36.0103 Ux=0.3941 Uy=0.2360]  vol[p=44.8707 Ux=2.0902 Uy=0.7520]
    val_geom_camber_rc         loss=0.7579  surf[p=49.2080 Ux=0.7332 Uy=0.3830]  vol[p=53.6972 Ux=2.7704 Uy=1.2590]
    val_geom_camber_cruise     loss=0.1611  surf[p=20.2324 Ux=0.2619 Uy=0.1569]  vol[p=22.4174 Ux=1.3423 Uy=0.4850]
    val_re_rand                loss=0.8061  surf[p=37.3611 Ux=0.5004 Uy=0.2681]  vol[p=39.7761 Ux=1.9601 Uy=0.8297]
Epoch  92 (97s) [32.9GB]  train[vol=0.2142 surf=0.0894]  val_avg_surf_p=35.4401 *
    val_single_in_dist         loss=0.9745  surf[p=35.2866 Ux=0.3946 Uy=0.2358]  vol[p=44.5412 Ux=2.0845 Uy=0.7492]
    val_geom_camber_rc         loss=0.7591  surf[p=49.3222 Ux=0.7328 Uy=0.3834]  vol[p=53.7699 Ux=2.7680 Uy=1.2583]
    val_geom_camber_cruise     loss=0.1602  surf[p=20.0592 Ux=0.2635 Uy=0.1561]  vol[p=22.2983 Ux=1.3377 Uy=0.4824]
    val_re_rand                loss=0.8000  surf[p=37.0924 Ux=0.5003 Uy=0.2677]  vol[p=39.4278 Ux=1.9520 Uy=0.8263]
Epoch  93 (96s) [32.9GB]  train[vol=0.2235 surf=0.0955]  val_avg_surf_p=35.1877 *
    val_single_in_dist         loss=0.9676  surf[p=34.9945 Ux=0.3936 Uy=0.2344]  vol[p=44.2348 Ux=2.0799 Uy=0.7448]
    val_geom_camber_rc         loss=0.7573  surf[p=48.9795 Ux=0.7326 Uy=0.3819]  vol[p=53.5008 Ux=2.7644 Uy=1.2537]
    val_geom_camber_cruise     loss=0.1600  surf[p=19.9328 Ux=0.2615 Uy=0.1557]  vol[p=22.2175 Ux=1.3326 Uy=0.4805]
    val_re_rand                loss=0.7904  surf[p=36.8440 Ux=0.4968 Uy=0.2659]  vol[p=39.1996 Ux=1.9464 Uy=0.8229]
Epoch  94 (98s) [32.9GB]  train[vol=0.2069 surf=0.0829]  val_avg_surf_p=35.0052 *
    val_single_in_dist         loss=0.9307  surf[p=34.6074 Ux=0.3905 Uy=0.2337]  vol[p=43.9843 Ux=2.0731 Uy=0.7416]
    val_geom_camber_rc         loss=0.7611  surf[p=48.9070 Ux=0.7309 Uy=0.3807]  vol[p=53.4177 Ux=2.7616 Uy=1.2498]
    val_geom_camber_cruise     loss=0.1578  surf[p=19.7421 Ux=0.2605 Uy=0.1555]  vol[p=22.0763 Ux=1.3298 Uy=0.4791]
    val_re_rand                loss=0.7765  surf[p=36.7644 Ux=0.4942 Uy=0.2647]  vol[p=39.1686 Ux=1.9429 Uy=0.8212]
Epoch  95 (97s) [32.9GB]  train[vol=0.2212 surf=0.0905]  val_avg_surf_p=34.7574 *
    val_single_in_dist         loss=0.8595  surf[p=33.9807 Ux=0.3871 Uy=0.2331]  vol[p=43.5605 Ux=2.0635 Uy=0.7366]
    val_geom_camber_rc         loss=0.7569  surf[p=48.6440 Ux=0.7296 Uy=0.3790]  vol[p=53.2479 Ux=2.7546 Uy=1.2446]
    val_geom_camber_cruise     loss=0.1575  surf[p=19.6849 Ux=0.2607 Uy=0.1546]  vol[p=22.0099 Ux=1.3259 Uy=0.4767]
    val_re_rand                loss=0.7690  surf[p=36.7202 Ux=0.4943 Uy=0.2637]  vol[p=39.1872 Ux=1.9391 Uy=0.8187]
Epoch  96 (98s) [32.9GB]  train[vol=0.2108 surf=0.0875]  val_avg_surf_p=34.7653
    val_single_in_dist         loss=0.8400  surf[p=33.8893 Ux=0.3845 Uy=0.2326]  vol[p=43.2859 Ux=2.0575 Uy=0.7342]
    val_geom_camber_rc         loss=0.7597  surf[p=48.7382 Ux=0.7294 Uy=0.3793]  vol[p=53.2526 Ux=2.7507 Uy=1.2450]
    val_geom_camber_cruise     loss=0.1564  surf[p=19.6154 Ux=0.2580 Uy=0.1538]  vol[p=21.9877 Ux=1.3218 Uy=0.4757]
    val_re_rand                loss=0.7795  surf[p=36.8182 Ux=0.4945 Uy=0.2638]  vol[p=39.1991 Ux=1.9365 Uy=0.8182]
Epoch  97 (98s) [32.9GB]  train[vol=0.2152 surf=0.0887]  val_avg_surf_p=34.5906 *
    val_single_in_dist         loss=0.8522  surf[p=33.6971 Ux=0.3820 Uy=0.2316]  vol[p=43.0198 Ux=2.0511 Uy=0.7317]
    val_geom_camber_rc         loss=0.7611  surf[p=48.6575 Ux=0.7234 Uy=0.3786]  vol[p=53.1513 Ux=2.7445 Uy=1.2421]
    val_geom_camber_cruise     loss=0.1545  surf[p=19.4375 Ux=0.2580 Uy=0.1534]  vol[p=21.8577 Ux=1.3189 Uy=0.4746]
    val_re_rand                loss=0.7636  surf[p=36.5703 Ux=0.4925 Uy=0.2627]  vol[p=38.9607 Ux=1.9310 Uy=0.8149]
Epoch  98 (98s) [32.9GB]  train[vol=0.2010 surf=0.0787]  val_avg_surf_p=34.4643 *
    val_single_in_dist         loss=0.8701  surf[p=33.4622 Ux=0.3792 Uy=0.2303]  vol[p=42.7928 Ux=2.0457 Uy=0.7312]
    val_geom_camber_rc         loss=0.7512  surf[p=48.3443 Ux=0.7185 Uy=0.3775]  vol[p=52.8152 Ux=2.7375 Uy=1.2387]
    val_geom_camber_cruise     loss=0.1540  surf[p=19.3765 Ux=0.2566 Uy=0.1533]  vol[p=21.8492 Ux=1.3170 Uy=0.4742]
    val_re_rand                loss=0.7794  surf[p=36.6743 Ux=0.4918 Uy=0.2633]  vol[p=39.0185 Ux=1.9281 Uy=0.8148]
Epoch  99 (98s) [32.9GB]  train[vol=0.1994 surf=0.0782]  val_avg_surf_p=34.2847 *
    val_single_in_dist         loss=0.8726  surf[p=33.1201 Ux=0.3763 Uy=0.2293]  vol[p=42.7111 Ux=2.0392 Uy=0.7291]
    val_geom_camber_rc         loss=0.7560  surf[p=48.2575 Ux=0.7161 Uy=0.3772]  vol[p=52.7922 Ux=2.7360 Uy=1.2371]
    val_geom_camber_cruise     loss=0.1532  surf[p=19.2858 Ux=0.2561 Uy=0.1528]  vol[p=21.7574 Ux=1.3140 Uy=0.4727]
    val_re_rand                loss=0.7581  surf[p=36.4756 Ux=0.4901 Uy=0.2631]  vol[p=38.7960 Ux=1.9231 Uy=0.8133]
Epoch 100 (95s) [32.9GB]  train[vol=0.2086 surf=0.0852]  val_avg_surf_p=34.1571 *
    val_single_in_dist         loss=0.8704  surf[p=32.8878 Ux=0.3739 Uy=0.2293]  vol[p=42.6292 Ux=2.0342 Uy=0.7253]
    val_geom_camber_rc         loss=0.7503  surf[p=48.1587 Ux=0.7139 Uy=0.3770]  vol[p=52.5962 Ux=2.7316 Uy=1.2359]
    val_geom_camber_cruise     loss=0.1525  surf[p=19.1714 Ux=0.2539 Uy=0.1521]  vol[p=21.6629 Ux=1.3099 Uy=0.4710]
    val_re_rand                loss=0.7584  surf[p=36.4104 Ux=0.4865 Uy=0.2626]  vol[p=38.7649 Ux=1.9187 Uy=0.8125]
Epoch 101 (96s) [32.9GB]  train[vol=0.2183 surf=0.0892]  val_avg_surf_p=34.0250 *
    val_single_in_dist         loss=0.8429  surf[p=32.6522 Ux=0.3723 Uy=0.2287]  vol[p=42.4409 Ux=2.0304 Uy=0.7218]
    val_geom_camber_rc         loss=0.7390  surf[p=47.8411 Ux=0.7126 Uy=0.3751]  vol[p=52.3289 Ux=2.7267 Uy=1.2315]
    val_geom_camber_cruise     loss=0.1516  surf[p=19.0686 Ux=0.2518 Uy=0.1515]  vol[p=21.5867 Ux=1.3055 Uy=0.4700]
    val_re_rand                loss=0.7624  surf[p=36.5383 Ux=0.4842 Uy=0.2624]  vol[p=38.8335 Ux=1.9144 Uy=0.8120]
Epoch 102 (98s) [32.9GB]  train[vol=0.1975 surf=0.0763]  val_avg_surf_p=33.9738 *
    val_single_in_dist         loss=0.8522  surf[p=32.5854 Ux=0.3735 Uy=0.2272]  vol[p=42.3079 Ux=2.0285 Uy=0.7209]
    val_geom_camber_rc         loss=0.7375  surf[p=47.6711 Ux=0.7137 Uy=0.3742]  vol[p=52.1806 Ux=2.7226 Uy=1.2290]
    val_geom_camber_cruise     loss=0.1513  surf[p=18.9935 Ux=0.2561 Uy=0.1515]  vol[p=21.5554 Ux=1.3043 Uy=0.4690]
    val_re_rand                loss=0.7592  surf[p=36.6452 Ux=0.4849 Uy=0.2621]  vol[p=38.9338 Ux=1.9129 Uy=0.8113]
Epoch 103 (96s) [32.9GB]  train[vol=0.2177 surf=0.0865]  val_avg_surf_p=33.7485 *
    val_single_in_dist         loss=0.8197  surf[p=32.2350 Ux=0.3729 Uy=0.2264]  vol[p=42.0646 Ux=2.0219 Uy=0.7181]
    val_geom_camber_rc         loss=0.7321  surf[p=47.4195 Ux=0.7119 Uy=0.3729]  vol[p=52.0250 Ux=2.7152 Uy=1.2269]
    val_geom_camber_cruise     loss=0.1503  surf[p=18.8543 Ux=0.2543 Uy=0.1515]  vol[p=21.4895 Ux=1.3016 Uy=0.4691]
    val_re_rand                loss=0.7530  surf[p=36.4851 Ux=0.4832 Uy=0.2611]  vol[p=38.7790 Ux=1.9083 Uy=0.8090]
Epoch 104 (97s) [32.9GB]  train[vol=0.1943 surf=0.0743]  val_avg_surf_p=33.5869 *
    val_single_in_dist         loss=0.7700  surf[p=31.8178 Ux=0.3716 Uy=0.2256]  vol[p=41.6163 Ux=2.0144 Uy=0.7151]
    val_geom_camber_rc         loss=0.7305  surf[p=47.3753 Ux=0.7102 Uy=0.3718]  vol[p=51.9344 Ux=2.7112 Uy=1.2240]
    val_geom_camber_cruise     loss=0.1489  surf[p=18.7706 Ux=0.2532 Uy=0.1511]  vol[p=21.5065 Ux=1.2986 Uy=0.4677]
    val_re_rand                loss=0.7427  surf[p=36.3841 Ux=0.4828 Uy=0.2604]  vol[p=38.6963 Ux=1.9045 Uy=0.8075]
Epoch 105 (97s) [32.9GB]  train[vol=0.2014 surf=0.0778]  val_avg_surf_p=33.4149 *
    val_single_in_dist         loss=0.7295  surf[p=31.3212 Ux=0.3692 Uy=0.2255]  vol[p=41.2538 Ux=2.0088 Uy=0.7111]
    val_geom_camber_rc         loss=0.7282  surf[p=47.3848 Ux=0.7080 Uy=0.3720]  vol[p=51.8624 Ux=2.7056 Uy=1.2222]
    val_geom_camber_cruise     loss=0.1481  surf[p=18.6667 Ux=0.2498 Uy=0.1505]  vol[p=21.4198 Ux=1.2953 Uy=0.4664]
    val_re_rand                loss=0.7498  surf[p=36.2869 Ux=0.4809 Uy=0.2603]  vol[p=38.6277 Ux=1.9023 Uy=0.8061]
Epoch 106 (98s) [32.9GB]  train[vol=0.2057 surf=0.0781]  val_avg_surf_p=33.2808 *
    val_single_in_dist         loss=0.7223  surf[p=31.0458 Ux=0.3674 Uy=0.2250]  vol[p=41.2120 Ux=2.0054 Uy=0.7096]
    val_geom_camber_rc         loss=0.7252  surf[p=47.3039 Ux=0.7077 Uy=0.3722]  vol[p=51.6787 Ux=2.7035 Uy=1.2221]
    val_geom_camber_cruise     loss=0.1474  surf[p=18.5702 Ux=0.2493 Uy=0.1500]  vol[p=21.4034 Ux=1.2939 Uy=0.4659]
    val_re_rand                loss=0.7626  surf[p=36.2032 Ux=0.4806 Uy=0.2602]  vol[p=38.5469 Ux=1.9014 Uy=0.8048]
Epoch 107 (97s) [32.9GB]  train[vol=0.2017 surf=0.0764]  val_avg_surf_p=33.2927
    val_single_in_dist         loss=0.7234  surf[p=31.0442 Ux=0.3657 Uy=0.2241]  vol[p=41.0826 Ux=1.9993 Uy=0.7079]
    val_geom_camber_rc         loss=0.7379  surf[p=47.3372 Ux=0.7087 Uy=0.3720]  vol[p=51.7494 Ux=2.7017 Uy=1.2204]
    val_geom_camber_cruise     loss=0.1469  surf[p=18.5108 Ux=0.2510 Uy=0.1499]  vol[p=21.3528 Ux=1.2923 Uy=0.4649]
    val_re_rand                loss=0.7732  surf[p=36.2788 Ux=0.4821 Uy=0.2605]  vol[p=38.6019 Ux=1.9015 Uy=0.8051]
Epoch 108 (97s) [32.9GB]  train[vol=0.2058 surf=0.0819]  val_avg_surf_p=33.3578
    val_single_in_dist         loss=0.7039  surf[p=31.2446 Ux=0.3666 Uy=0.2244]  vol[p=40.9673 Ux=1.9952 Uy=0.7068]
    val_geom_camber_rc         loss=0.7375  surf[p=47.2737 Ux=0.7057 Uy=0.3711]  vol[p=51.6864 Ux=2.6994 Uy=1.2182]
    val_geom_camber_cruise     loss=0.1477  surf[p=18.5222 Ux=0.2518 Uy=0.1494]  vol[p=21.3406 Ux=1.2907 Uy=0.4642]
    val_re_rand                loss=0.7766  surf[p=36.3907 Ux=0.4812 Uy=0.2608]  vol[p=38.6841 Ux=1.8999 Uy=0.8050]
Epoch 109 (98s) [32.9GB]  train[vol=0.1873 surf=0.0678]  val_avg_surf_p=33.2666 *
    val_single_in_dist         loss=0.7198  surf[p=31.1995 Ux=0.3675 Uy=0.2248]  vol[p=41.0335 Ux=1.9924 Uy=0.7061]
    val_geom_camber_rc         loss=0.7388  surf[p=47.2445 Ux=0.7061 Uy=0.3706]  vol[p=51.5763 Ux=2.6954 Uy=1.2162]
    val_geom_camber_cruise     loss=0.1461  surf[p=18.4184 Ux=0.2513 Uy=0.1490]  vol[p=21.2874 Ux=1.2870 Uy=0.4636]
    val_re_rand                loss=0.7690  surf[p=36.2039 Ux=0.4816 Uy=0.2599]  vol[p=38.5455 Ux=1.8952 Uy=0.8027]
Epoch 110 (96s) [32.9GB]  train[vol=0.2110 surf=0.0857]  val_avg_surf_p=33.1885 *
    val_single_in_dist         loss=0.7290  surf[p=31.1393 Ux=0.3668 Uy=0.2240]  vol[p=40.9110 Ux=1.9880 Uy=0.7048]
    val_geom_camber_rc         loss=0.7380  surf[p=47.1851 Ux=0.7049 Uy=0.3706]  vol[p=51.5498 Ux=2.6952 Uy=1.2157]
    val_geom_camber_cruise     loss=0.1459  surf[p=18.4016 Ux=0.2521 Uy=0.1487]  vol[p=21.2630 Ux=1.2855 Uy=0.4626]
    val_re_rand                loss=0.7654  surf[p=36.0280 Ux=0.4795 Uy=0.2592]  vol[p=38.4444 Ux=1.8932 Uy=0.8013]
Epoch 111 (97s) [32.9GB]  train[vol=0.2003 surf=0.0758]  val_avg_surf_p=33.1663 *
    val_single_in_dist         loss=0.7461  surf[p=31.0659 Ux=0.3643 Uy=0.2239]  vol[p=40.9431 Ux=1.9861 Uy=0.7044]
    val_geom_camber_rc         loss=0.7384  surf[p=47.2568 Ux=0.7047 Uy=0.3708]  vol[p=51.6857 Ux=2.6944 Uy=1.2157]
    val_geom_camber_cruise     loss=0.1455  surf[p=18.3858 Ux=0.2499 Uy=0.1485]  vol[p=21.2536 Ux=1.2827 Uy=0.4611]
    val_re_rand                loss=0.7627  surf[p=35.9568 Ux=0.4766 Uy=0.2587]  vol[p=38.3247 Ux=1.8886 Uy=0.7995]
Epoch 112 (96s) [32.9GB]  train[vol=0.1885 surf=0.0668]  val_avg_surf_p=33.0980 *
    val_single_in_dist         loss=0.7153  surf[p=30.7659 Ux=0.3638 Uy=0.2231]  vol[p=40.6619 Ux=1.9809 Uy=0.7014]
    val_geom_camber_rc         loss=0.7560  surf[p=47.4512 Ux=0.7058 Uy=0.3715]  vol[p=51.9348 Ux=2.6939 Uy=1.2160]
    val_geom_camber_cruise     loss=0.1443  surf[p=18.2600 Ux=0.2515 Uy=0.1479]  vol[p=21.1810 Ux=1.2828 Uy=0.4604]
    val_re_rand                loss=0.7567  surf[p=35.9149 Ux=0.4770 Uy=0.2580]  vol[p=38.2862 Ux=1.8853 Uy=0.7981]
Epoch 113 (97s) [32.9GB]  train[vol=0.1931 surf=0.0701]  val_avg_surf_p=32.9787 *
    val_single_in_dist         loss=0.6976  surf[p=30.6256 Ux=0.3612 Uy=0.2223]  vol[p=40.3804 Ux=1.9770 Uy=0.6985]
    val_geom_camber_rc         loss=0.7497  surf[p=47.2392 Ux=0.7035 Uy=0.3705]  vol[p=51.8206 Ux=2.6906 Uy=1.2144]
    val_geom_camber_cruise     loss=0.1436  surf[p=18.1756 Ux=0.2516 Uy=0.1473]  vol[p=21.1262 Ux=1.2824 Uy=0.4595]
    val_re_rand                loss=0.7603  surf[p=35.8743 Ux=0.4752 Uy=0.2578]  vol[p=38.2316 Ux=1.8826 Uy=0.7975]
Epoch 114 (96s) [32.9GB]  train[vol=0.1949 surf=0.0703]  val_avg_surf_p=32.9003 *
    val_single_in_dist         loss=0.6950  surf[p=30.4340 Ux=0.3597 Uy=0.2221]  vol[p=40.3865 Ux=1.9757 Uy=0.6980]
    val_geom_camber_rc         loss=0.7447  surf[p=47.1952 Ux=0.7004 Uy=0.3698]  vol[p=51.7737 Ux=2.6875 Uy=1.2126]
    val_geom_camber_cruise     loss=0.1429  surf[p=18.1363 Ux=0.2488 Uy=0.1471]  vol[p=21.0663 Ux=1.2797 Uy=0.4586]
    val_re_rand                loss=0.7641  surf[p=35.8358 Ux=0.4726 Uy=0.2575]  vol[p=38.1546 Ux=1.8793 Uy=0.7967]
Epoch 115 (97s) [32.9GB]  train[vol=0.1875 surf=0.0659]  val_avg_surf_p=32.8351 *
    val_single_in_dist         loss=0.7094  surf[p=30.3216 Ux=0.3596 Uy=0.2213]  vol[p=40.2806 Ux=1.9746 Uy=0.6975]
    val_geom_camber_rc         loss=0.7442  surf[p=47.1395 Ux=0.7007 Uy=0.3696]  vol[p=51.7250 Ux=2.6858 Uy=1.2116]
    val_geom_camber_cruise     loss=0.1419  surf[p=18.0233 Ux=0.2475 Uy=0.1470]  vol[p=20.9995 Ux=1.2754 Uy=0.4575]
    val_re_rand                loss=0.7627  surf[p=35.8558 Ux=0.4725 Uy=0.2576]  vol[p=38.1863 Ux=1.8766 Uy=0.7963]
Epoch 116 (97s) [32.9GB]  train[vol=0.2017 surf=0.0763]  val_avg_surf_p=32.7074 *
    val_single_in_dist         loss=0.6860  surf[p=30.0296 Ux=0.3584 Uy=0.2210]  vol[p=40.1049 Ux=1.9709 Uy=0.6960]
    val_geom_camber_rc         loss=0.7398  surf[p=47.0725 Ux=0.7015 Uy=0.3695]  vol[p=51.6272 Ux=2.6858 Uy=1.2103]
    val_geom_camber_cruise     loss=0.1418  surf[p=17.9838 Ux=0.2498 Uy=0.1467]  vol[p=20.9481 Ux=1.2740 Uy=0.4562]
    val_re_rand                loss=0.7587  surf[p=35.7436 Ux=0.4734 Uy=0.2575]  vol[p=38.1212 Ux=1.8743 Uy=0.7949]
Epoch 117 (98s) [32.9GB]  train[vol=0.1789 surf=0.0628]  val_avg_surf_p=32.6545 *
    val_single_in_dist         loss=0.6939  surf[p=29.9520 Ux=0.3551 Uy=0.2205]  vol[p=39.9973 Ux=1.9682 Uy=0.6951]
    val_geom_camber_rc         loss=0.7391  surf[p=47.0546 Ux=0.7003 Uy=0.3700]  vol[p=51.6394 Ux=2.6834 Uy=1.2093]
    val_geom_camber_cruise     loss=0.1418  surf[p=17.9217 Ux=0.2466 Uy=0.1467]  vol[p=20.8788 Ux=1.2725 Uy=0.4558]
    val_re_rand                loss=0.7612  surf[p=35.6896 Ux=0.4705 Uy=0.2577]  vol[p=38.0307 Ux=1.8709 Uy=0.7936]
Epoch 118 (97s) [32.9GB]  train[vol=0.1935 surf=0.0717]  val_avg_surf_p=32.6262 *
    val_single_in_dist         loss=0.6984  surf[p=29.8866 Ux=0.3538 Uy=0.2200]  vol[p=39.9314 Ux=1.9650 Uy=0.6944]
    val_geom_camber_rc         loss=0.7454  surf[p=47.1430 Ux=0.6997 Uy=0.3697]  vol[p=51.7357 Ux=2.6805 Uy=1.2076]
    val_geom_camber_cruise     loss=0.1409  surf[p=17.8362 Ux=0.2448 Uy=0.1463]  vol[p=20.8263 Ux=1.2694 Uy=0.4553]
    val_re_rand                loss=0.7621  surf[p=35.6388 Ux=0.4692 Uy=0.2573]  vol[p=38.0137 Ux=1.8687 Uy=0.7925]
Epoch 119 (95s) [32.9GB]  train[vol=0.1984 surf=0.0733]  val_avg_surf_p=32.5599 *
    val_single_in_dist         loss=0.7021  surf[p=29.8444 Ux=0.3535 Uy=0.2198]  vol[p=39.8635 Ux=1.9642 Uy=0.6931]
    val_geom_camber_rc         loss=0.7412  surf[p=47.0894 Ux=0.6989 Uy=0.3692]  vol[p=51.6202 Ux=2.6784 Uy=1.2065]
    val_geom_camber_cruise     loss=0.1403  surf[p=17.7977 Ux=0.2449 Uy=0.1458]  vol[p=20.8088 Ux=1.2674 Uy=0.4547]
    val_re_rand                loss=0.7538  surf[p=35.5083 Ux=0.4695 Uy=0.2568]  vol[p=37.9064 Ux=1.8653 Uy=0.7909]
Epoch 120 (97s) [32.9GB]  train[vol=0.2068 surf=0.0787]  val_avg_surf_p=32.4658 *
    val_single_in_dist         loss=0.7026  surf[p=29.8763 Ux=0.3534 Uy=0.2198]  vol[p=39.8426 Ux=1.9613 Uy=0.6926]
    val_geom_camber_rc         loss=0.7297  surf[p=46.8220 Ux=0.6967 Uy=0.3687]  vol[p=51.4675 Ux=2.6752 Uy=1.2050]
    val_geom_camber_cruise     loss=0.1398  surf[p=17.7545 Ux=0.2424 Uy=0.1458]  vol[p=20.7846 Ux=1.2646 Uy=0.4540]
    val_re_rand                loss=0.7535  surf[p=35.4106 Ux=0.4686 Uy=0.2565]  vol[p=37.8399 Ux=1.8619 Uy=0.7900]
Epoch 121 (98s) [32.9GB]  train[vol=0.1973 surf=0.0714]  val_avg_surf_p=32.4184 *
    val_single_in_dist         loss=0.6964  surf[p=29.7644 Ux=0.3538 Uy=0.2198]  vol[p=39.7428 Ux=1.9578 Uy=0.6913]
    val_geom_camber_rc         loss=0.7265  surf[p=46.8235 Ux=0.6957 Uy=0.3685]  vol[p=51.4676 Ux=2.6746 Uy=1.2040]
    val_geom_camber_cruise     loss=0.1397  surf[p=17.7293 Ux=0.2435 Uy=0.1455]  vol[p=20.7735 Ux=1.2630 Uy=0.4538]
    val_re_rand                loss=0.7542  surf[p=35.3563 Ux=0.4694 Uy=0.2565]  vol[p=37.7796 Ux=1.8600 Uy=0.7897]
Epoch 122 (98s) [32.9GB]  train[vol=0.1893 surf=0.0673]  val_avg_surf_p=32.3386 *
    val_single_in_dist         loss=0.6961  surf[p=29.6891 Ux=0.3525 Uy=0.2198]  vol[p=39.6375 Ux=1.9552 Uy=0.6900]
    val_geom_camber_rc         loss=0.7294  surf[p=46.7871 Ux=0.6948 Uy=0.3686]  vol[p=51.4307 Ux=2.6737 Uy=1.2033]
    val_geom_camber_cruise     loss=0.1391  surf[p=17.6511 Ux=0.2453 Uy=0.1452]  vol[p=20.7305 Ux=1.2626 Uy=0.4528]
    val_re_rand                loss=0.7463  surf[p=35.2271 Ux=0.4696 Uy=0.2559]  vol[p=37.6853 Ux=1.8588 Uy=0.7884]
Epoch 123 (98s) [32.9GB]  train[vol=0.1877 surf=0.0673]  val_avg_surf_p=32.2597 *
    val_single_in_dist         loss=0.6970  surf[p=29.5249 Ux=0.3506 Uy=0.2199]  vol[p=39.7015 Ux=1.9541 Uy=0.6903]
    val_geom_camber_rc         loss=0.7307  surf[p=46.7121 Ux=0.6932 Uy=0.3682]  vol[p=51.3811 Ux=2.6729 Uy=1.2031]
    val_geom_camber_cruise     loss=0.1391  surf[p=17.6283 Ux=0.2439 Uy=0.1452]  vol[p=20.7077 Ux=1.2610 Uy=0.4522]
    val_re_rand                loss=0.7480  surf[p=35.1733 Ux=0.4676 Uy=0.2558]  vol[p=37.6662 Ux=1.8565 Uy=0.7878]
Epoch 124 (95s) [32.9GB]  train[vol=0.1893 surf=0.0652]  val_avg_surf_p=32.2686
    val_single_in_dist         loss=0.6935  surf[p=29.5356 Ux=0.3505 Uy=0.2193]  vol[p=39.6188 Ux=1.9530 Uy=0.6893]
    val_geom_camber_rc         loss=0.7361  surf[p=46.7770 Ux=0.6946 Uy=0.3682]  vol[p=51.4411 Ux=2.6715 Uy=1.2028]
    val_geom_camber_cruise     loss=0.1381  surf[p=17.5605 Ux=0.2425 Uy=0.1448]  vol[p=20.6566 Ux=1.2582 Uy=0.4514]
    val_re_rand                loss=0.7516  surf[p=35.2014 Ux=0.4676 Uy=0.2557]  vol[p=37.6947 Ux=1.8548 Uy=0.7874]
Epoch 125 (97s) [32.9GB]  train[vol=0.1946 surf=0.0701]  val_avg_surf_p=32.2884
    val_single_in_dist         loss=0.6941  surf[p=29.5406 Ux=0.3512 Uy=0.2187]  vol[p=39.6159 Ux=1.9510 Uy=0.6882]
    val_geom_camber_rc         loss=0.7389  surf[p=46.7937 Ux=0.6959 Uy=0.3679]  vol[p=51.4545 Ux=2.6703 Uy=1.2011]
    val_geom_camber_cruise     loss=0.1377  surf[p=17.5087 Ux=0.2424 Uy=0.1449]  vol[p=20.6147 Ux=1.2559 Uy=0.4514]
    val_re_rand                loss=0.7575  surf[p=35.3104 Ux=0.4694 Uy=0.2558]  vol[p=37.7931 Ux=1.8541 Uy=0.7875]
Epoch 126 (97s) [32.9GB]  train[vol=0.1961 surf=0.0687]  val_avg_surf_p=32.2279 *
    val_single_in_dist         loss=0.6984  surf[p=29.5008 Ux=0.3492 Uy=0.2181]  vol[p=39.6336 Ux=1.9496 Uy=0.6873]
    val_geom_camber_rc         loss=0.7310  surf[p=46.7054 Ux=0.6945 Uy=0.3676]  vol[p=51.3621 Ux=2.6693 Uy=1.2005]
    val_geom_camber_cruise     loss=0.1376  surf[p=17.4671 Ux=0.2425 Uy=0.1445]  vol[p=20.5802 Ux=1.2555 Uy=0.4508]
    val_re_rand                loss=0.7562  surf[p=35.2382 Ux=0.4680 Uy=0.2556]  vol[p=37.7367 Ux=1.8524 Uy=0.7868]
Epoch 127 (96s) [32.9GB]  train[vol=0.1854 surf=0.0627]  val_avg_surf_p=32.1066 *
    val_single_in_dist         loss=0.6582  surf[p=29.1959 Ux=0.3488 Uy=0.2177]  vol[p=39.4177 Ux=1.9449 Uy=0.6853]
    val_geom_camber_rc         loss=0.7295  surf[p=46.6455 Ux=0.6943 Uy=0.3669]  vol[p=51.2868 Ux=2.6677 Uy=1.1993]
    val_geom_camber_cruise     loss=0.1373  surf[p=17.4579 Ux=0.2422 Uy=0.1445]  vol[p=20.5478 Ux=1.2545 Uy=0.4506]
    val_re_rand                loss=0.7510  surf[p=35.1270 Ux=0.4669 Uy=0.2553]  vol[p=37.6671 Ux=1.8506 Uy=0.7859]
Epoch 128 (98s) [32.9GB]  train[vol=0.1912 surf=0.0688]  val_avg_surf_p=32.0520 *
    val_single_in_dist         loss=0.6558  surf[p=29.1230 Ux=0.3468 Uy=0.2176]  vol[p=39.4020 Ux=1.9438 Uy=0.6842]
    val_geom_camber_rc         loss=0.7234  surf[p=46.5472 Ux=0.6921 Uy=0.3668]  vol[p=51.2191 Ux=2.6660 Uy=1.1980]
    val_geom_camber_cruise     loss=0.1363  surf[p=17.3906 Ux=0.2397 Uy=0.1439]  vol[p=20.5147 Ux=1.2524 Uy=0.4495]
    val_re_rand                loss=0.7583  surf[p=35.1474 Ux=0.4662 Uy=0.2555]  vol[p=37.6751 Ux=1.8500 Uy=0.7860]
Epoch 129 (95s) [32.9GB]  train[vol=0.1987 surf=0.0727]  val_avg_surf_p=32.0379 *
    val_single_in_dist         loss=0.6524  surf[p=29.1097 Ux=0.3463 Uy=0.2172]  vol[p=39.3513 Ux=1.9431 Uy=0.6838]
    val_geom_camber_rc         loss=0.7251  surf[p=46.5780 Ux=0.6916 Uy=0.3666]  vol[p=51.2269 Ux=2.6649 Uy=1.1967]
    val_geom_camber_cruise     loss=0.1362  surf[p=17.3560 Ux=0.2406 Uy=0.1438]  vol[p=20.5015 Ux=1.2528 Uy=0.4491]
    val_re_rand                loss=0.7584  surf[p=35.1081 Ux=0.4665 Uy=0.2554]  vol[p=37.6882 Ux=1.8499 Uy=0.7859]
Epoch 130 (98s) [32.9GB]  train[vol=0.1814 surf=0.0596]  val_avg_surf_p=32.0720
    val_single_in_dist         loss=0.6573  surf[p=29.1878 Ux=0.3467 Uy=0.2169]  vol[p=39.3351 Ux=1.9431 Uy=0.6831]
    val_geom_camber_rc         loss=0.7293  surf[p=46.6484 Ux=0.6924 Uy=0.3664]  vol[p=51.3104 Ux=2.6648 Uy=1.1970]
    val_geom_camber_cruise     loss=0.1362  surf[p=17.3359 Ux=0.2409 Uy=0.1437]  vol[p=20.5193 Ux=1.2525 Uy=0.4494]
    val_re_rand                loss=0.7615  surf[p=35.1159 Ux=0.4674 Uy=0.2554]  vol[p=37.7008 Ux=1.8500 Uy=0.7862]
Epoch 131 (97s) [32.9GB]  train[vol=0.1839 surf=0.0618]  val_avg_surf_p=32.0468
    val_single_in_dist         loss=0.6652  surf[p=29.1363 Ux=0.3472 Uy=0.2167]  vol[p=39.2546 Ux=1.9432 Uy=0.6823]
    val_geom_camber_rc         loss=0.7333  surf[p=46.6827 Ux=0.6926 Uy=0.3662]  vol[p=51.3508 Ux=2.6656 Uy=1.1967]
    val_geom_camber_cruise     loss=0.1365  surf[p=17.3044 Ux=0.2414 Uy=0.1436]  vol[p=20.5053 Ux=1.2526 Uy=0.4491]
    val_re_rand                loss=0.7540  surf[p=35.0638 Ux=0.4668 Uy=0.2549]  vol[p=37.6341 Ux=1.8488 Uy=0.7853]
Epoch 132 (97s) [32.9GB]  train[vol=0.1713 surf=0.0547]  val_avg_surf_p=32.0500
    val_single_in_dist         loss=0.6737  surf[p=29.1512 Ux=0.3461 Uy=0.2169]  vol[p=39.2024 Ux=1.9423 Uy=0.6819]
    val_geom_camber_rc         loss=0.7370  surf[p=46.7009 Ux=0.6916 Uy=0.3663]  vol[p=51.3625 Ux=2.6640 Uy=1.1969]
    val_geom_camber_cruise     loss=0.1363  surf[p=17.3002 Ux=0.2398 Uy=0.1437]  vol[p=20.4991 Ux=1.2512 Uy=0.4488]
    val_re_rand                loss=0.7492  surf[p=35.0479 Ux=0.4661 Uy=0.2549]  vol[p=37.6152 Ux=1.8469 Uy=0.7850]
Epoch 133 (96s) [32.9GB]  train[vol=0.1860 surf=0.0615]  val_avg_surf_p=32.0326 *
    val_single_in_dist         loss=0.6642  surf[p=29.0685 Ux=0.3457 Uy=0.2168]  vol[p=39.1109 Ux=1.9413 Uy=0.6809]
    val_geom_camber_rc         loss=0.7413  surf[p=46.7558 Ux=0.6915 Uy=0.3666]  vol[p=51.4545 Ux=2.6647 Uy=1.1976]
    val_geom_camber_cruise     loss=0.1363  surf[p=17.2701 Ux=0.2397 Uy=0.1435]  vol[p=20.4623 Ux=1.2513 Uy=0.4486]
    val_re_rand                loss=0.7466  surf[p=35.0362 Ux=0.4658 Uy=0.2545]  vol[p=37.5983 Ux=1.8465 Uy=0.7845]
Epoch 134 (97s) [32.9GB]  train[vol=0.1872 surf=0.0644]  val_avg_surf_p=32.0152 *
    val_single_in_dist         loss=0.6675  surf[p=29.0320 Ux=0.3458 Uy=0.2165]  vol[p=39.0597 Ux=1.9392 Uy=0.6806]
    val_geom_camber_rc         loss=0.7367  surf[p=46.7078 Ux=0.6906 Uy=0.3664]  vol[p=51.3669 Ux=2.6628 Uy=1.1968]
    val_geom_camber_cruise     loss=0.1360  surf[p=17.2394 Ux=0.2414 Uy=0.1436]  vol[p=20.4516 Ux=1.2506 Uy=0.4483]
    val_re_rand                loss=0.7472  surf[p=35.0816 Ux=0.4670 Uy=0.2547]  vol[p=37.6338 Ux=1.8454 Uy=0.7845]
Epoch 135 (97s) [32.9GB]  train[vol=0.1948 surf=0.0704]  val_avg_surf_p=31.9870 *
    val_single_in_dist         loss=0.6705  surf[p=29.0161 Ux=0.3446 Uy=0.2159]  vol[p=39.0607 Ux=1.9381 Uy=0.6801]
    val_geom_camber_rc         loss=0.7362  surf[p=46.6731 Ux=0.6899 Uy=0.3660]  vol[p=51.3377 Ux=2.6631 Uy=1.1957]
    val_geom_camber_cruise     loss=0.1358  surf[p=17.2007 Ux=0.2417 Uy=0.1434]  vol[p=20.4150 Ux=1.2499 Uy=0.4482]
    val_re_rand                loss=0.7494  surf[p=35.0583 Ux=0.4661 Uy=0.2545]  vol[p=37.6078 Ux=1.8442 Uy=0.7842]
Epoch 136 (97s) [32.9GB]  train[vol=0.1887 surf=0.0645]  val_avg_surf_p=31.9631 *
    val_single_in_dist         loss=0.6693  surf[p=28.9073 Ux=0.3457 Uy=0.2159]  vol[p=39.0513 Ux=1.9373 Uy=0.6800]
    val_geom_camber_rc         loss=0.7366  surf[p=46.6591 Ux=0.6899 Uy=0.3659]  vol[p=51.3106 Ux=2.6625 Uy=1.1957]
    val_geom_camber_cruise     loss=0.1357  surf[p=17.2240 Ux=0.2430 Uy=0.1434]  vol[p=20.4103 Ux=1.2502 Uy=0.4478]
    val_re_rand                loss=0.7508  surf[p=35.0619 Ux=0.4674 Uy=0.2545]  vol[p=37.6152 Ux=1.8439 Uy=0.7841]
Epoch 137 (98s) [32.9GB]  train[vol=0.1841 surf=0.0611]  val_avg_surf_p=31.9605 *
    val_single_in_dist         loss=0.6679  surf[p=28.9237 Ux=0.3457 Uy=0.2159]  vol[p=39.0561 Ux=1.9375 Uy=0.6802]
    val_geom_camber_rc         loss=0.7398  surf[p=46.6754 Ux=0.6895 Uy=0.3659]  vol[p=51.3267 Ux=2.6615 Uy=1.1957]
    val_geom_camber_cruise     loss=0.1354  surf[p=17.1728 Ux=0.2430 Uy=0.1434]  vol[p=20.3867 Ux=1.2497 Uy=0.4477]
    val_re_rand                loss=0.7496  surf[p=35.0704 Ux=0.4673 Uy=0.2545]  vol[p=37.6211 Ux=1.8431 Uy=0.7838]
Epoch 138 (98s) [32.9GB]  train[vol=0.1859 surf=0.0633]  val_avg_surf_p=31.9564 *
    val_single_in_dist         loss=0.6691  surf[p=28.9428 Ux=0.3454 Uy=0.2159]  vol[p=39.0578 Ux=1.9379 Uy=0.6800]
    val_geom_camber_rc         loss=0.7397  surf[p=46.6417 Ux=0.6889 Uy=0.3659]  vol[p=51.2932 Ux=2.6613 Uy=1.1956]
    val_geom_camber_cruise     loss=0.1351  surf[p=17.1733 Ux=0.2418 Uy=0.1431]  vol[p=20.3870 Ux=1.2483 Uy=0.4473]
    val_re_rand                loss=0.7500  surf[p=35.0678 Ux=0.4667 Uy=0.2547]  vol[p=37.6108 Ux=1.8421 Uy=0.7840]
Epoch 139 (98s) [32.9GB]  train[vol=0.1798 surf=0.0589]  val_avg_surf_p=31.9293 *
    val_single_in_dist         loss=0.6647  surf[p=28.8859 Ux=0.3450 Uy=0.2162]  vol[p=39.0112 Ux=1.9374 Uy=0.6795]
    val_geom_camber_rc         loss=0.7388  surf[p=46.6110 Ux=0.6881 Uy=0.3657]  vol[p=51.2547 Ux=2.6606 Uy=1.1952]
    val_geom_camber_cruise     loss=0.1351  surf[p=17.1563 Ux=0.2408 Uy=0.1426]  vol[p=20.3816 Ux=1.2477 Uy=0.4470]
    val_re_rand                loss=0.7487  surf[p=35.0638 Ux=0.4662 Uy=0.2546]  vol[p=37.6001 Ux=1.8413 Uy=0.7838]
Epoch 140 (97s) [32.9GB]  train[vol=0.1875 surf=0.0645]  val_avg_surf_p=31.9182 *
    val_single_in_dist         loss=0.6660  surf[p=28.8932 Ux=0.3450 Uy=0.2162]  vol[p=39.0065 Ux=1.9379 Uy=0.6796]
    val_geom_camber_rc         loss=0.7390  surf[p=46.5818 Ux=0.6886 Uy=0.3654]  vol[p=51.2245 Ux=2.6604 Uy=1.1946]
    val_geom_camber_cruise     loss=0.1351  surf[p=17.1461 Ux=0.2413 Uy=0.1427]  vol[p=20.3726 Ux=1.2475 Uy=0.4469]
    val_re_rand                loss=0.7466  surf[p=35.0516 Ux=0.4663 Uy=0.2544]  vol[p=37.5944 Ux=1.8409 Uy=0.7835]
Epoch 141 (97s) [32.9GB]  train[vol=0.1854 surf=0.0621]  val_avg_surf_p=31.9035 *
    val_single_in_dist         loss=0.6598  surf[p=28.8178 Ux=0.3454 Uy=0.2163]  vol[p=38.9377 Ux=1.9370 Uy=0.6789]
    val_geom_camber_rc         loss=0.7370  surf[p=46.5878 Ux=0.6891 Uy=0.3655]  vol[p=51.1966 Ux=2.6599 Uy=1.1949]
    val_geom_camber_cruise     loss=0.1349  surf[p=17.1267 Ux=0.2417 Uy=0.1426]  vol[p=20.3701 Ux=1.2463 Uy=0.4465]
    val_re_rand                loss=0.7467  surf[p=35.0816 Ux=0.4671 Uy=0.2545]  vol[p=37.6092 Ux=1.8405 Uy=0.7836]
Epoch 142 (96s) [32.9GB]  train[vol=0.1824 surf=0.0589]  val_avg_surf_p=31.9146
    val_single_in_dist         loss=0.6583  surf[p=28.8033 Ux=0.3451 Uy=0.2164]  vol[p=38.9390 Ux=1.9371 Uy=0.6789]
    val_geom_camber_rc         loss=0.7369  surf[p=46.6016 Ux=0.6890 Uy=0.3655]  vol[p=51.2090 Ux=2.6597 Uy=1.1946]
    val_geom_camber_cruise     loss=0.1349  surf[p=17.1353 Ux=0.2412 Uy=0.1427]  vol[p=20.3601 Ux=1.2455 Uy=0.4464]
    val_re_rand                loss=0.7480  surf[p=35.1183 Ux=0.4670 Uy=0.2546]  vol[p=37.6371 Ux=1.8401 Uy=0.7835]
Epoch 143 (97s) [32.9GB]  train[vol=0.1789 surf=0.0564]  val_avg_surf_p=31.9093
    val_single_in_dist         loss=0.6584  surf[p=28.7699 Ux=0.3440 Uy=0.2167]  vol[p=38.8984 Ux=1.9362 Uy=0.6789]
    val_geom_camber_rc         loss=0.7395  surf[p=46.6430 Ux=0.6889 Uy=0.3655]  vol[p=51.2509 Ux=2.6598 Uy=1.1949]
    val_geom_camber_cruise     loss=0.1347  surf[p=17.1238 Ux=0.2400 Uy=0.1429]  vol[p=20.3605 Ux=1.2446 Uy=0.4463]
    val_re_rand                loss=0.7463  surf[p=35.1006 Ux=0.4659 Uy=0.2546]  vol[p=37.6173 Ux=1.8395 Uy=0.7833]
Epoch 144 (98s) [32.9GB]  train[vol=0.1823 surf=0.0625]  val_avg_surf_p=31.9054
    val_single_in_dist         loss=0.6514  surf[p=28.7464 Ux=0.3439 Uy=0.2165]  vol[p=38.8652 Ux=1.9355 Uy=0.6785]
    val_geom_camber_rc         loss=0.7414  surf[p=46.6870 Ux=0.6895 Uy=0.3656]  vol[p=51.2702 Ux=2.6596 Uy=1.1948]
    val_geom_camber_cruise     loss=0.1344  surf[p=17.1221 Ux=0.2391 Uy=0.1428]  vol[p=20.3553 Ux=1.2439 Uy=0.4463]
    val_re_rand                loss=0.7447  surf[p=35.0659 Ux=0.4655 Uy=0.2545]  vol[p=37.6067 Ux=1.8389 Uy=0.7832]
Epoch 145 (98s) [32.9GB]  train[vol=0.1826 surf=0.0609]  val_avg_surf_p=31.8982 *
    val_single_in_dist         loss=0.6516  surf[p=28.7301 Ux=0.3439 Uy=0.2165]  vol[p=38.8530 Ux=1.9351 Uy=0.6784]
    val_geom_camber_rc         loss=0.7416  surf[p=46.6990 Ux=0.6894 Uy=0.3654]  vol[p=51.2823 Ux=2.6592 Uy=1.1947]
    val_geom_camber_cruise     loss=0.1342  surf[p=17.1001 Ux=0.2393 Uy=0.1428]  vol[p=20.3399 Ux=1.2441 Uy=0.4463]
    val_re_rand                loss=0.7446  surf[p=35.0635 Ux=0.4660 Uy=0.2545]  vol[p=37.6157 Ux=1.8390 Uy=0.7831]
Epoch 146 (97s) [32.9GB]  train[vol=0.1901 surf=0.0652]  val_avg_surf_p=31.9040
    val_single_in_dist         loss=0.6516  surf[p=28.7295 Ux=0.3439 Uy=0.2164]  vol[p=38.8619 Ux=1.9345 Uy=0.6784]
    val_geom_camber_rc         loss=0.7432  surf[p=46.7217 Ux=0.6894 Uy=0.3654]  vol[p=51.3014 Ux=2.6592 Uy=1.1946]
    val_geom_camber_cruise     loss=0.1342  surf[p=17.0967 Ux=0.2395 Uy=0.1428]  vol[p=20.3282 Ux=1.2441 Uy=0.4464]
    val_re_rand                loss=0.7434  surf[p=35.0682 Ux=0.4657 Uy=0.2545]  vol[p=37.6108 Ux=1.8392 Uy=0.7830]
Epoch 147 (96s) [32.9GB]  train[vol=0.1828 surf=0.0592]  val_avg_surf_p=31.8952 *
    val_single_in_dist         loss=0.6523  surf[p=28.7123 Ux=0.3435 Uy=0.2161]  vol[p=38.8519 Ux=1.9341 Uy=0.6781]
    val_geom_camber_rc         loss=0.7431  surf[p=46.7063 Ux=0.6895 Uy=0.3653]  vol[p=51.2978 Ux=2.6596 Uy=1.1945]
    val_geom_camber_cruise     loss=0.1343  surf[p=17.0910 Ux=0.2401 Uy=0.1427]  vol[p=20.3160 Ux=1.2450 Uy=0.4464]
    val_re_rand                loss=0.7437  surf[p=35.0711 Ux=0.4654 Uy=0.2544]  vol[p=37.6084 Ux=1.8393 Uy=0.7830]
Epoch 148 (96s) [32.9GB]  train[vol=0.1795 surf=0.0587]  val_avg_surf_p=31.9026
    val_single_in_dist         loss=0.6522  surf[p=28.7184 Ux=0.3434 Uy=0.2161]  vol[p=38.8619 Ux=1.9339 Uy=0.6780]
    val_geom_camber_rc         loss=0.7442  surf[p=46.7335 Ux=0.6899 Uy=0.3653]  vol[p=51.3248 Ux=2.6600 Uy=1.1946]
    val_geom_camber_cruise     loss=0.1344  surf[p=17.0946 Ux=0.2404 Uy=0.1426]  vol[p=20.3186 Ux=1.2448 Uy=0.4464]
    val_re_rand                loss=0.7440  surf[p=35.0638 Ux=0.4656 Uy=0.2544]  vol[p=37.6076 Ux=1.8391 Uy=0.7830]
Epoch 149 (97s) [32.9GB]  train[vol=0.1927 surf=0.0693]  val_avg_surf_p=31.9003
    val_single_in_dist         loss=0.6525  surf[p=28.7029 Ux=0.3434 Uy=0.2161]  vol[p=38.8538 Ux=1.9338 Uy=0.6779]
    val_geom_camber_rc         loss=0.7446  surf[p=46.7365 Ux=0.6900 Uy=0.3654]  vol[p=51.3296 Ux=2.6599 Uy=1.1946]
    val_geom_camber_cruise     loss=0.1343  surf[p=17.0900 Ux=0.2407 Uy=0.1426]  vol[p=20.3215 Ux=1.2450 Uy=0.4463]
    val_re_rand                loss=0.7442  surf[p=35.0719 Ux=0.4656 Uy=0.2544]  vol[p=37.6095 Ux=1.8391 Uy=0.7829]
Epoch 150 (97s) [32.9GB]  train[vol=0.1795 surf=0.0593]  val_avg_surf_p=31.9102
wandb: updating run metadata; uploading artifact model-mlintern-pai2-72h-v4-r1-r3-onecycle-ema-seed2-xkovi6vb
wandb: uploading artifact model-mlintern-pai2-72h-v4-r1-r3-onecycle-ema-seed2-xkovi6vb
wandb: 
wandb: Run history:
wandb:        epoch_time_s █▃▇▅▇▅▆▂▃▇▇▅▇█▅█▁▅▅▃▁▆▆▄▄▄▆▆▃▇▆▃▂▅▄▆▄▅▄▅
wandb:         global_step ▁▁▁▁▂▂▂▂▂▂▂▂▃▃▃▃▄▄▄▄▄▄▄▄▄▅▅▅▅▆▆▆▆▇▇▇▇███
wandb:                  lr ▅▆▇███████▇▇▇▇▆▆▆▆▅▅▅▅▄▄▄▄▃▃▃▃▂▂▂▂▂▁▁▁▁▁
wandb:          train/loss ▃█▃▅▆▂▂▂▂▁▂▂▂▂▁▂▁▁▁▁▂▂▁▁▂▁▂▂▁▁▄▁▁▁▁▁▁▁▁▁
wandb:     train/surf_loss █▅▅▄▄▃▃▃▃▃▂▂▂▂▂▂▂▂▂▂▁▂▁▁▁▁▁▁▁▁▁▁▁▁▁▁▁▁▁▁
wandb:      train/vol_loss █▇▅▅▄▃▃▂▂▂▂▂▂▂▂▂▂▁▁▂▁▁▁▁▁▁▁▁▁▁▁▁▁▁▁▁▁▁▁▁
wandb:            val/loss █▆▃▂▂▂▁▁▁▁▁▁▁▁▁▁▁▁▁▁▁▁▁▁▁▁▁▁▁▁▁▁▁▁▁▁▁▁▁▁
wandb: val_avg/mae_surf_Ux █▅▅▄▄▂▂▂▂▁▁▁▁▁▁▁▁▁▁▁▁▁▁▁▁▁▁▁▁▁▁▁▁▁▁▁▁▁▁▁
wandb: val_avg/mae_surf_Uy █▆▃▂▂▁▁▁▁▁▁▁▁▁▁▁▁▁▁▁▁▁▁▁▁▁▁▁▁▁▁▁▁▁▁▁▁▁▁▁
wandb:  val_avg/mae_surf_p █▆▄▂▂▂▂▂▂▂▁▁▁▁▁▁▁▁▁▁▁▁▁▁▁▁▁▁▁▁▁▁▁▁▁▁▁▁▁▁
wandb:                 +39 ...
wandb: 
wandb: Run summary:
wandb:              best_epoch 147
wandb: best_val_avg/mae_surf_p 31.89517
wandb:            epoch_time_s 97.28739
wandb:             global_step 56250
wandb:                      lr 0.0
wandb:     total_train_minutes 242.65038
wandb:              train/loss 0.9293
wandb:         train/surf_loss 0.05928
wandb:          train/vol_loss 0.17949
wandb:                val/loss 0.56952
wandb:                     +42 ...
wandb: 
wandb: 🚀 View run mlintern-pai2-72h-v4-r1/r3-onecycle-ema-seed2 at: https://wandb.ai/wandb-applied-ai-team/senpai-v1-ml-intern/runs/xkovi6vb
wandb: ⭐️ View project at: https://wandb.ai/wandb-applied-ai-team/senpai-v1-ml-intern
wandb: Synced 7 W&B file(s), 0 media file(s), 3 artifact file(s) and 0 other file(s)
wandb: Find logs at: ./wandb/run-20260430_145455-xkovi6vb/logs
    val_single_in_dist         loss=0.6531  surf[p=28.7080 Ux=0.3431 Uy=0.2161]  vol[p=38.8495 Ux=1.9338 Uy=0.6779]
    val_geom_camber_rc         loss=0.7460  surf[p=46.7502 Ux=0.6899 Uy=0.3655]  vol[p=51.3459 Ux=2.6598 Uy=1.1947]
    val_geom_camber_cruise     loss=0.1344  surf[p=17.0981 Ux=0.2401 Uy=0.1427]  vol[p=20.3249 Ux=1.2448 Uy=0.4463]
    val_re_rand                loss=0.7446  surf[p=35.0845 Ux=0.4654 Uy=0.2544]  vol[p=37.6152 Ux=1.8391 Uy=0.7829]

Training done in 242.7 min

Best val: epoch 147, val_avg/mae_surf_p = 31.8952

Logged model artifact 'model-mlintern-pai2-72h-v4-r1-r3-onecycle-ema-seed2-xkovi6vb' (aliases: best, epoch-147)
