wandb: [wandb.login()] Loaded credentials for https://api.wandb.ai from WANDB_API_KEY.
wandb: W&B API key is configured. Use `wandb login --relogin` to force relogin
wandb: Tracking run with wandb version 0.26.1
wandb: Run data is saved locally in /workspace/ml-intern-benchmark/target/wandb/run-20260501_092020-crcnmckw
wandb: Run `wandb offline` to turn off syncing.
wandb: Syncing run mlintern-pai2-72h-v4-r1/r6-onecycle-ema-w192-l6-slice128-300
wandb: ⭐️ View project at https://wandb.ai/wandb-applied-ai-team/senpai-v1-ml-intern
wandb: 🚀 View run at https://wandb.ai/wandb-applied-ai-team/senpai-v1-ml-intern/runs/crcnmckw
Device: cuda
Train: 1499, val_single_in_dist: 100, val_geom_camber_rc: 100, val_geom_camber_cruise: 100, val_re_rand: 100
Model: Transolver (1.73M params)
EMA enabled: decay=0.999
Epoch   1 (249s) [83.8GB]  train[vol=1.2930 surf=0.8705]  val_avg_surf_p=345.1582 *
    val_single_in_dist         loss=48.5173  surf[p=482.9852 Ux=20.3005 Uy=2.2721]  vol[p=449.6244 Ux=18.9112 Uy=5.8548]
    val_geom_camber_rc         loss=27.3937  surf[p=396.5158 Ux=16.4601 Uy=2.7493]  vol[p=361.9424 Ux=13.4019 Uy=6.1921]
    val_geom_camber_cruise     loss=14.5540  surf[p=228.0804 Ux=18.0530 Uy=1.3926]  vol[p=211.5685 Ux=14.9178 Uy=3.3652]
    val_re_rand                loss=17.9993  surf[p=273.0514 Ux=16.8329 Uy=1.8578]  vol[p=250.9830 Ux=13.8221 Uy=4.3590]
Epoch   2 (246s) [84.6GB]  train[vol=0.9421 surf=0.5657]  val_avg_surf_p=295.5951 *
    val_single_in_dist         loss=37.5538  surf[p=431.1226 Ux=11.9487 Uy=1.8967]  vol[p=368.9412 Ux=14.1677 Uy=5.2649]
    val_geom_camber_rc         loss=18.9914  surf[p=320.9061 Ux=10.2732 Uy=2.2284]  vol[p=279.7239 Ux=10.6248 Uy=5.5088]
    val_geom_camber_cruise     loss=8.6495  surf[p=202.9720 Ux=10.6508 Uy=1.1678]  vol[p=171.3465 Ux=10.5236 Uy=3.0856]
    val_re_rand                loss=11.4346  surf[p=227.3796 Ux=10.1157 Uy=1.5010]  vol[p=196.2349 Ux=10.1852 Uy=3.9123]
Epoch   3 (250s) [84.6GB]  train[vol=0.8462 surf=0.5102]  val_avg_surf_p=250.7190 *
    val_single_in_dist         loss=28.5959  surf[p=363.8231 Ux=7.2678 Uy=1.4966]  vol[p=301.3683 Ux=11.0394 Uy=4.5850]
    val_geom_camber_rc         loss=13.5135  surf[p=263.6597 Ux=7.2450 Uy=1.7559]  vol[p=222.3844 Ux=9.0205 Uy=4.8729]
    val_geom_camber_cruise     loss=5.7849  surf[p=180.8515 Ux=6.6257 Uy=0.9887]  vol[p=143.8288 Ux=7.7669 Uy=2.7099]
    val_re_rand                loss=7.9176  surf[p=194.5419 Ux=6.7483 Uy=1.2200]  vol[p=160.7619 Ux=8.0000 Uy=3.4409]
Epoch   4 (249s) [84.6GB]  train[vol=0.8371 surf=0.5083]  val_avg_surf_p=220.6483 *
    val_single_in_dist         loss=23.3319  surf[p=318.4373 Ux=5.2914 Uy=1.3018]  vol[p=256.4236 Ux=9.0501 Uy=4.0200]
    val_geom_camber_rc         loss=10.5895  surf[p=233.0720 Ux=5.7727 Uy=1.5004]  vol[p=191.1787 Ux=8.0544 Uy=4.3750]
    val_geom_camber_cruise     loss=4.2571  surf[p=159.5496 Ux=4.8701 Uy=0.8525]  vol[p=121.9939 Ux=6.2354 Uy=2.3150]
    val_re_rand                loss=6.0793  surf[p=171.5343 Ux=5.1901 Uy=1.0644]  vol[p=138.4900 Ux=6.7793 Uy=3.0367]
Epoch   5 (249s) [84.6GB]  train[vol=0.8088 surf=0.4885]  val_avg_surf_p=199.1289 *
    val_single_in_dist         loss=19.9705  surf[p=289.0976 Ux=4.2397 Uy=1.1684]  vol[p=228.8442 Ux=7.9528 Uy=3.5978]
    val_geom_camber_rc         loss=8.7898  surf[p=212.9221 Ux=4.9158 Uy=1.3214]  vol[p=175.1459 Ux=7.4722 Uy=4.0158]
    val_geom_camber_cruise     loss=3.2799  surf[p=139.7940 Ux=3.8903 Uy=0.7376]  vol[p=106.5095 Ux=5.4503 Uy=2.0086]
    val_re_rand                loss=5.0060  surf[p=154.7019 Ux=4.3113 Uy=0.9525]  vol[p=126.6350 Ux=6.1350 Uy=2.7508]
Epoch   6 (248s) [84.6GB]  train[vol=0.7569 surf=0.4535]  val_avg_surf_p=183.6853 *
    val_single_in_dist         loss=17.4747  surf[p=265.3810 Ux=3.7506 Uy=1.0544]  vol[p=214.0391 Ux=7.2576 Uy=3.2427]
    val_geom_camber_rc         loss=7.5701  surf[p=198.1416 Ux=4.3442 Uy=1.2098]  vol[p=166.3263 Ux=7.0343 Uy=3.7522]
    val_geom_camber_cruise     loss=2.7382  surf[p=127.5583 Ux=3.3172 Uy=0.6543]  vol[p=100.7660 Ux=5.0537 Uy=1.7917]
    val_re_rand                loss=4.3325  surf[p=143.6605 Ux=3.7326 Uy=0.8722]  vol[p=120.6641 Ux=5.6972 Uy=2.5348]
Epoch   7 (250s) [84.6GB]  train[vol=0.7313 surf=0.4435]  val_avg_surf_p=172.9670 *
    val_single_in_dist         loss=15.6885  surf[p=246.2797 Ux=3.3053 Uy=0.9766]  vol[p=204.8780 Ux=6.6133 Uy=2.9906]
    val_geom_camber_rc         loss=7.0054  surf[p=191.8167 Ux=4.0052 Uy=1.1595]  vol[p=161.2847 Ux=6.7459 Uy=3.5842]
    val_geom_camber_cruise     loss=2.3810  surf[p=117.8286 Ux=2.8695 Uy=0.6110]  vol[p=96.1288 Ux=4.6904 Uy=1.6622]
    val_re_rand                loss=3.9240  surf[p=135.9428 Ux=3.3403 Uy=0.8292]  vol[p=116.7948 Ux=5.3917 Uy=2.3950]
Epoch   8 (247s) [84.6GB]  train[vol=0.7480 surf=0.4506]  val_avg_surf_p=164.4746 *
    val_single_in_dist         loss=14.7941  surf[p=235.1087 Ux=3.0608 Uy=0.9511]  vol[p=198.4486 Ux=6.2662 Uy=2.8250]
    val_geom_camber_rc         loss=6.4752  surf[p=184.6540 Ux=3.6956 Uy=1.1335]  vol[p=157.4264 Ux=6.4560 Uy=3.4491]
    val_geom_camber_cruise     loss=2.0812  surf[p=108.6057 Ux=2.4792 Uy=0.5823]  vol[p=91.4619 Ux=4.4023 Uy=1.5679]
    val_re_rand                loss=3.6270  surf[p=129.5301 Ux=2.9945 Uy=0.8073]  vol[p=113.1563 Ux=5.1217 Uy=2.2948]
Epoch   9 (243s) [84.6GB]  train[vol=0.7262 surf=0.4417]  val_avg_surf_p=154.9256 *
    val_single_in_dist         loss=13.4035  surf[p=220.0253 Ux=2.8277 Uy=0.9222]  vol[p=190.9409 Ux=5.9448 Uy=2.6885]
    val_geom_camber_rc         loss=5.8289  surf[p=173.7865 Ux=3.4609 Uy=1.1039]  vol[p=151.6033 Ux=6.1999 Uy=3.3112]
    val_geom_camber_cruise     loss=1.8616  surf[p=103.0492 Ux=2.2541 Uy=0.5674]  vol[p=88.1851 Ux=4.1834 Uy=1.4886]
    val_re_rand                loss=3.2732  surf[p=122.8414 Ux=2.7652 Uy=0.7874]  vol[p=109.4318 Ux=4.8792 Uy=2.1961]
Epoch  10 (246s) [84.6GB]  train[vol=0.6519 surf=0.3878]  val_avg_surf_p=143.4187 *
    val_single_in_dist         loss=12.0446  surf[p=200.1019 Ux=2.6353 Uy=0.8586]  vol[p=180.5112 Ux=5.5987 Uy=2.5074]
    val_geom_camber_rc         loss=5.1832  surf[p=159.2613 Ux=3.3023 Uy=1.0464]  vol[p=142.0499 Ux=5.9894 Uy=3.1562]
    val_geom_camber_cruise     loss=1.7043  surf[p=99.0169 Ux=2.2053 Uy=0.5510]  vol[p=85.4659 Ux=4.0180 Uy=1.4198]
    val_re_rand                loss=2.9723  surf[p=115.2947 Ux=2.6708 Uy=0.7566]  vol[p=104.4388 Ux=4.6912 Uy=2.0959]
Epoch  11 (247s) [84.6GB]  train[vol=0.6351 surf=0.3840]  val_avg_surf_p=134.5847 *
    val_single_in_dist         loss=11.0369  surf[p=183.5465 Ux=2.6181 Uy=0.8024]  vol[p=170.0982 Ux=5.4439 Uy=2.3822]
    val_geom_camber_rc         loss=4.7119  surf[p=149.4774 Ux=3.2064 Uy=1.0053]  vol[p=134.6876 Ux=5.7850 Uy=3.0440]
    val_geom_camber_cruise     loss=1.5890  surf[p=95.4130 Ux=2.2342 Uy=0.5243]  vol[p=83.4672 Ux=3.9394 Uy=1.3566]
    val_re_rand                loss=2.7535  surf[p=109.9017 Ux=2.6304 Uy=0.7160]  vol[p=100.4330 Ux=4.5609 Uy=2.0075]
Epoch  12 (245s) [84.6GB]  train[vol=0.6097 surf=0.3664]  val_avg_surf_p=125.5602 *
    val_single_in_dist         loss=9.5401  surf[p=165.1844 Ux=2.4658 Uy=0.7384]  vol[p=158.1875 Ux=5.2027 Uy=2.2297]
    val_geom_camber_rc         loss=4.2948  surf[p=141.7003 Ux=3.0270 Uy=0.9511]  vol[p=131.1791 Ux=5.5951 Uy=2.9043]
    val_geom_camber_cruise     loss=1.4312  surf[p=90.4152 Ux=2.1324 Uy=0.4942]  vol[p=79.5733 Ux=3.7912 Uy=1.2933]
    val_re_rand                loss=2.5374  surf[p=104.9411 Ux=2.4826 Uy=0.6801]  vol[p=96.6469 Ux=4.4051 Uy=1.9233]
Epoch  13 (246s) [84.6GB]  train[vol=0.6029 surf=0.3638]  val_avg_surf_p=117.5664 *
    val_single_in_dist         loss=8.3722  surf[p=152.9905 Ux=2.3574 Uy=0.6930]  vol[p=146.9206 Ux=4.9904 Uy=2.0926]
    val_geom_camber_rc         loss=3.9437  surf[p=132.9351 Ux=2.8369 Uy=0.9043]  vol[p=125.4478 Ux=5.4098 Uy=2.7792]
    val_geom_camber_cruise     loss=1.2799  surf[p=84.3668 Ux=1.9353 Uy=0.4634]  vol[p=74.5171 Ux=3.5899 Uy=1.2314]
    val_re_rand                loss=2.3362  surf[p=99.9731 Ux=2.2824 Uy=0.6465]  vol[p=92.4774 Ux=4.2161 Uy=1.8468]
Epoch  14 (246s) [84.6GB]  train[vol=0.5831 surf=0.3512]  val_avg_surf_p=110.1714 *
    val_single_in_dist         loss=7.5157  surf[p=142.6411 Ux=2.1682 Uy=0.6493]  vol[p=137.5909 Ux=4.7788 Uy=1.9865]
    val_geom_camber_rc         loss=3.6159  surf[p=125.1783 Ux=2.6059 Uy=0.8489]  vol[p=119.5438 Ux=5.1814 Uy=2.6471]
    val_geom_camber_cruise     loss=1.1273  surf[p=77.8735 Ux=1.6785 Uy=0.4296]  vol[p=68.3967 Ux=3.3171 Uy=1.1625]
    val_re_rand                loss=2.1525  surf[p=94.9926 Ux=2.0316 Uy=0.6078]  vol[p=87.8621 Ux=3.9731 Uy=1.7693]
Epoch  15 (245s) [84.6GB]  train[vol=0.5322 surf=0.3165]  val_avg_surf_p=104.4538 *
    val_single_in_dist         loss=6.7759  surf[p=132.4051 Ux=1.9110 Uy=0.6077]  vol[p=128.2268 Ux=4.4998 Uy=1.8766]
    val_geom_camber_rc         loss=3.3625  surf[p=119.5298 Ux=2.4015 Uy=0.8086]  vol[p=114.8044 Ux=4.9906 Uy=2.5289]
    val_geom_camber_cruise     loss=1.0405  surf[p=74.2590 Ux=1.4935 Uy=0.4118]  vol[p=65.1523 Ux=3.1544 Uy=1.0999]
    val_re_rand                loss=2.0338  surf[p=91.6215 Ux=1.8645 Uy=0.5815]  vol[p=84.3032 Ux=3.8177 Uy=1.6911]
Epoch  16 (248s) [84.6GB]  train[vol=0.5026 surf=0.2950]  val_avg_surf_p=97.4390 *
    val_single_in_dist         loss=5.8653  surf[p=121.1027 Ux=1.8007 Uy=0.5638]  vol[p=119.1099 Ux=4.2403 Uy=1.7736]
    val_geom_camber_rc         loss=3.0868  surf[p=111.9352 Ux=2.2864 Uy=0.7645]  vol[p=108.9299 Ux=4.7843 Uy=2.4186]
    val_geom_camber_cruise     loss=0.9409  surf[p=69.3349 Ux=1.4076 Uy=0.3888]  vol[p=60.3378 Ux=2.9880 Uy=1.0456]
    val_re_rand                loss=1.9003  surf[p=87.3834 Ux=1.7994 Uy=0.5530]  vol[p=80.5115 Ux=3.6722 Uy=1.6187]
Epoch  17 (248s) [84.6GB]  train[vol=0.4860 surf=0.2855]  val_avg_surf_p=93.3739 *
    val_single_in_dist         loss=5.2060  surf[p=116.0317 Ux=1.7479 Uy=0.5387]  vol[p=114.7513 Ux=4.1196 Uy=1.6890]
    val_geom_camber_rc         loss=2.9230  surf[p=108.5926 Ux=2.1981 Uy=0.7376]  vol[p=105.8844 Ux=4.6561 Uy=2.3325]
    val_geom_camber_cruise     loss=0.8496  surf[p=65.0762 Ux=1.3069 Uy=0.3654]  vol[p=56.4033 Ux=2.8527 Uy=0.9881]
    val_re_rand                loss=1.7885  surf[p=83.7950 Ux=1.7034 Uy=0.5317]  vol[p=77.3126 Ux=3.5421 Uy=1.5580]
Epoch  18 (250s) [84.6GB]  train[vol=0.4666 surf=0.2751]  val_avg_surf_p=88.4964 *
    val_single_in_dist         loss=4.6317  surf[p=107.6527 Ux=1.6067 Uy=0.5104]  vol[p=107.3945 Ux=3.9358 Uy=1.6135]
    val_geom_camber_rc         loss=2.7871  surf[p=105.5137 Ux=2.0800 Uy=0.7143]  vol[p=102.8376 Ux=4.5308 Uy=2.2563]
    val_geom_camber_cruise     loss=0.7627  surf[p=60.8542 Ux=1.1627 Uy=0.3415]  vol[p=53.0702 Ux=2.6836 Uy=0.9361]
    val_re_rand                loss=1.7000  surf[p=79.9648 Ux=1.5791 Uy=0.5083]  vol[p=74.0600 Ux=3.4004 Uy=1.4995]
Epoch  19 (246s) [84.6GB]  train[vol=0.4619 surf=0.2691]  val_avg_surf_p=83.4211 *
    val_single_in_dist         loss=4.2188  surf[p=100.5398 Ux=1.4534 Uy=0.4904]  vol[p=101.7295 Ux=3.8006 Uy=1.5460]
    val_geom_camber_rc         loss=2.6540  surf[p=100.2316 Ux=1.9331 Uy=0.6891]  vol[p=99.0599 Ux=4.4116 Uy=2.1780]
    val_geom_camber_cruise     loss=0.6833  surf[p=56.4205 Ux=1.0263 Uy=0.3234]  vol[p=49.2431 Ux=2.5459 Uy=0.8860]
    val_re_rand                loss=1.6258  surf[p=76.4925 Ux=1.4398 Uy=0.4914]  vol[p=71.3746 Ux=3.2735 Uy=1.4419]
Epoch  20 (252s) [84.6GB]  train[vol=0.4341 surf=0.2493]  val_avg_surf_p=79.5719 *
    val_single_in_dist         loss=3.8534  surf[p=93.2449 Ux=1.2945 Uy=0.4654]  vol[p=95.1053 Ux=3.6367 Uy=1.4794]
    val_geom_camber_rc         loss=2.5966  surf[p=98.3200 Ux=1.8404 Uy=0.6695]  vol[p=97.6974 Ux=4.3438 Uy=2.1206]
    val_geom_camber_cruise     loss=0.6279  surf[p=52.9916 Ux=0.9425 Uy=0.3070]  vol[p=46.4164 Ux=2.4649 Uy=0.8499]
    val_re_rand                loss=1.5569  surf[p=73.7311 Ux=1.3435 Uy=0.4749]  vol[p=69.0990 Ux=3.1894 Uy=1.3946]
Epoch  21 (246s) [84.6GB]  train[vol=0.4227 surf=0.2405]  val_avg_surf_p=75.5768 *
    val_single_in_dist         loss=3.6243  surf[p=88.2572 Ux=1.1824 Uy=0.4436]  vol[p=91.0848 Ux=3.5118 Uy=1.4160]
    val_geom_camber_rc         loss=2.4360  surf[p=93.5292 Ux=1.7243 Uy=0.6401]  vol[p=94.3038 Ux=4.2329 Uy=2.0601]
    val_geom_camber_cruise     loss=0.5789  surf[p=50.0202 Ux=0.8600 Uy=0.2920]  vol[p=44.2696 Ux=2.3908 Uy=0.8114]
    val_re_rand                loss=1.4911  surf[p=70.5005 Ux=1.2595 Uy=0.4560]  vol[p=66.6627 Ux=3.1005 Uy=1.3453]
Epoch  22 (250s) [84.6GB]  train[vol=0.4254 surf=0.2443]  val_avg_surf_p=72.4359 *
    val_single_in_dist         loss=3.4535  surf[p=84.8553 Ux=1.1493 Uy=0.4293]  vol[p=87.3961 Ux=3.4409 Uy=1.3648]
    val_geom_camber_rc         loss=2.2410  surf[p=89.3375 Ux=1.6543 Uy=0.6140]  vol[p=91.0698 Ux=4.1356 Uy=2.0053]
    val_geom_camber_cruise     loss=0.5501  surf[p=48.0217 Ux=0.8219 Uy=0.2838]  vol[p=42.5289 Ux=2.3175 Uy=0.7837]
    val_re_rand                loss=1.4218  surf[p=67.5292 Ux=1.2076 Uy=0.4399]  vol[p=64.2903 Ux=3.0140 Uy=1.3034]
Epoch  23 (249s) [84.6GB]  train[vol=0.4175 surf=0.2409]  val_avg_surf_p=69.4683 *
    val_single_in_dist         loss=3.2780  surf[p=81.8138 Ux=1.0950 Uy=0.4222]  vol[p=84.6088 Ux=3.3486 Uy=1.3266]
    val_geom_camber_rc         loss=2.0963  surf[p=84.9942 Ux=1.5886 Uy=0.5996]  vol[p=88.0985 Ux=4.0324 Uy=1.9575]
    val_geom_camber_cruise     loss=0.5117  surf[p=46.1423 Ux=0.7927 Uy=0.2781]  vol[p=41.1465 Ux=2.2466 Uy=0.7570]
    val_re_rand                loss=1.3511  surf[p=64.9227 Ux=1.1606 Uy=0.4294]  vol[p=62.2676 Ux=2.9271 Uy=1.2645]
Epoch  24 (249s) [84.6GB]  train[vol=0.4110 surf=0.2342]  val_avg_surf_p=67.2820 *
    val_single_in_dist         loss=3.1168  surf[p=78.9931 Ux=1.0352 Uy=0.4133]  vol[p=82.3905 Ux=3.2709 Uy=1.2886]
    val_geom_camber_rc         loss=1.9903  surf[p=83.0982 Ux=1.5352 Uy=0.5862]  vol[p=86.4939 Ux=3.9678 Uy=1.9141]
    val_geom_camber_cruise     loss=0.4764  surf[p=44.1603 Ux=0.7545 Uy=0.2721]  vol[p=39.9090 Ux=2.1904 Uy=0.7342]
    val_re_rand                loss=1.3125  surf[p=62.8766 Ux=1.1133 Uy=0.4202]  vol[p=60.7908 Ux=2.8639 Uy=1.2323]
Epoch  25 (252s) [84.6GB]  train[vol=0.4030 surf=0.2310]  val_avg_surf_p=65.0525 *
    val_single_in_dist         loss=2.8985  surf[p=76.3238 Ux=0.9929 Uy=0.4017]  vol[p=80.2199 Ux=3.1758 Uy=1.2582]
    val_geom_camber_rc         loss=1.8793  surf[p=80.5041 Ux=1.5002 Uy=0.5768]  vol[p=83.8101 Ux=3.8902 Uy=1.8723]
    val_geom_camber_cruise     loss=0.4487  surf[p=42.2837 Ux=0.7536 Uy=0.2652]  vol[p=38.6465 Ux=2.1325 Uy=0.7177]
    val_re_rand                loss=1.2772  surf[p=61.0984 Ux=1.1046 Uy=0.4110]  vol[p=59.3717 Ux=2.8093 Uy=1.2042]
Epoch  26 (252s) [84.6GB]  train[vol=0.3728 surf=0.2104]  val_avg_surf_p=63.3835 *
    val_single_in_dist         loss=2.7350  surf[p=74.0338 Ux=0.9836 Uy=0.3900]  vol[p=78.5102 Ux=3.1344 Uy=1.2203]
    val_geom_camber_rc         loss=1.7703  surf[p=78.8157 Ux=1.4620 Uy=0.5655]  vol[p=82.4237 Ux=3.8487 Uy=1.8323]
    val_geom_camber_cruise     loss=0.4251  surf[p=40.7860 Ux=0.7207 Uy=0.2596]  vol[p=37.6919 Ux=2.0779 Uy=0.7026]
    val_re_rand                loss=1.2482  surf[p=59.8986 Ux=1.0740 Uy=0.4032]  vol[p=58.4022 Ux=2.7625 Uy=1.1783]
Epoch  27 (248s) [84.6GB]  train[vol=0.3924 surf=0.2247]  val_avg_surf_p=61.1541 *
    val_single_in_dist         loss=2.5499  surf[p=70.7628 Ux=0.8981 Uy=0.3737]  vol[p=76.0620 Ux=3.0520 Uy=1.1837]
    val_geom_camber_rc         loss=1.6692  surf[p=76.6850 Ux=1.3917 Uy=0.5518]  vol[p=80.0986 Ux=3.7846 Uy=1.7956]
    val_geom_camber_cruise     loss=0.4058  surf[p=39.3284 Ux=0.6476 Uy=0.2471]  vol[p=36.5139 Ux=2.0109 Uy=0.6864]
    val_re_rand                loss=1.2034  surf[p=57.8401 Ux=0.9987 Uy=0.3879]  vol[p=56.8080 Ux=2.6988 Uy=1.1537]
Epoch  28 (241s) [84.6GB]  train[vol=0.4013 surf=0.2283]  val_avg_surf_p=59.1866 *
    val_single_in_dist         loss=2.2837  surf[p=67.3090 Ux=0.8587 Uy=0.3607]  vol[p=73.4700 Ux=2.9846 Uy=1.1535]
    val_geom_camber_rc         loss=1.5720  surf[p=74.4927 Ux=1.3429 Uy=0.5361]  vol[p=78.3408 Ux=3.7254 Uy=1.7561]
    val_geom_camber_cruise     loss=0.3865  surf[p=38.1510 Ux=0.6122 Uy=0.2418]  vol[p=35.7538 Ux=1.9713 Uy=0.6742]
    val_re_rand                loss=1.1705  surf[p=56.7937 Ux=0.9611 Uy=0.3806]  vol[p=56.0638 Ux=2.6561 Uy=1.1364]
Epoch  29 (246s) [84.7GB]  train[vol=0.3535 surf=0.1943]  val_avg_surf_p=57.2217 *
    val_single_in_dist         loss=2.0822  surf[p=64.6595 Ux=0.7950 Uy=0.3500]  vol[p=71.6654 Ux=2.9075 Uy=1.1249]
    val_geom_camber_rc         loss=1.4696  surf[p=71.6966 Ux=1.2817 Uy=0.5215]  vol[p=76.4276 Ux=3.6634 Uy=1.7140]
    val_geom_camber_cruise     loss=0.3690  surf[p=37.1597 Ux=0.5742 Uy=0.2326]  vol[p=35.1681 Ux=1.9349 Uy=0.6599]
    val_re_rand                loss=1.1408  surf[p=55.3710 Ux=0.9130 Uy=0.3715]  vol[p=55.0827 Ux=2.6068 Uy=1.1135]
Epoch  30 (251s) [84.7GB]  train[vol=0.3530 surf=0.1928]  val_avg_surf_p=55.5490 *
    val_single_in_dist         loss=1.9501  surf[p=62.5529 Ux=0.6952 Uy=0.3425]  vol[p=70.3110 Ux=2.8393 Uy=1.1008]
    val_geom_camber_rc         loss=1.3977  surf[p=69.3787 Ux=1.1914 Uy=0.5104]  vol[p=74.6526 Ux=3.6071 Uy=1.6850]
    val_geom_camber_cruise     loss=0.3556  surf[p=36.1143 Ux=0.4900 Uy=0.2270]  vol[p=34.4553 Ux=1.8916 Uy=0.6517]
    val_re_rand                loss=1.1108  surf[p=54.1500 Ux=0.8254 Uy=0.3640]  vol[p=54.2574 Ux=2.5644 Uy=1.0968]
Epoch  31 (249s) [84.7GB]  train[vol=0.3531 surf=0.1936]  val_avg_surf_p=54.1929 *
    val_single_in_dist         loss=1.8399  surf[p=60.5262 Ux=0.6586 Uy=0.3365]  vol[p=68.8437 Ux=2.7874 Uy=1.0819]
    val_geom_camber_rc         loss=1.3153  surf[p=67.5952 Ux=1.1431 Uy=0.5024]  vol[p=72.9895 Ux=3.5538 Uy=1.6572]
    val_geom_camber_cruise     loss=0.3431  surf[p=35.1987 Ux=0.4571 Uy=0.2219]  vol[p=33.7329 Ux=1.8586 Uy=0.6411]
    val_re_rand                loss=1.1140  surf[p=53.4514 Ux=0.7865 Uy=0.3596]  vol[p=53.5742 Ux=2.5271 Uy=1.0815]
Epoch  32 (248s) [84.7GB]  train[vol=0.3479 surf=0.1925]  val_avg_surf_p=53.2479 *
    val_single_in_dist         loss=1.8113  surf[p=59.6775 Ux=0.6546 Uy=0.3330]  vol[p=67.8142 Ux=2.7605 Uy=1.0681]
    val_geom_camber_rc         loss=1.2774  surf[p=66.7529 Ux=1.1305 Uy=0.4953]  vol[p=72.0053 Ux=3.5103 Uy=1.6310]
    val_geom_camber_cruise     loss=0.3366  surf[p=34.2205 Ux=0.4608 Uy=0.2193]  vol[p=33.0537 Ux=1.8343 Uy=0.6324]
    val_re_rand                loss=1.0873  surf[p=52.3408 Ux=0.7792 Uy=0.3555]  vol[p=52.7445 Ux=2.4950 Uy=1.0645]
Epoch  33 (251s) [84.7GB]  train[vol=0.3426 surf=0.1907]  val_avg_surf_p=52.7764 *
    val_single_in_dist         loss=1.8757  surf[p=59.8075 Ux=0.6615 Uy=0.3303]  vol[p=67.5418 Ux=2.7335 Uy=1.0553]
    val_geom_camber_rc         loss=1.2447  surf[p=65.9280 Ux=1.1077 Uy=0.4915]  vol[p=70.7586 Ux=3.4637 Uy=1.6118]
    val_geom_camber_cruise     loss=0.3272  surf[p=33.8095 Ux=0.4639 Uy=0.2154]  vol[p=32.5890 Ux=1.8073 Uy=0.6235]
    val_re_rand                loss=1.0734  surf[p=51.5607 Ux=0.7697 Uy=0.3498]  vol[p=51.8436 Ux=2.4558 Uy=1.0505]
Epoch  34 (248s) [84.7GB]  train[vol=0.3373 surf=0.1853]  val_avg_surf_p=51.9714 *
    val_single_in_dist         loss=1.8169  surf[p=58.4509 Ux=0.6796 Uy=0.3264]  vol[p=67.0385 Ux=2.7116 Uy=1.0392]
    val_geom_camber_rc         loss=1.2009  surf[p=65.2231 Ux=1.1065 Uy=0.4880]  vol[p=69.6757 Ux=3.4331 Uy=1.5942]
    val_geom_camber_cruise     loss=0.3174  surf[p=33.3501 Ux=0.4944 Uy=0.2170]  vol[p=32.1504 Ux=1.7910 Uy=0.6157]
    val_re_rand                loss=1.0646  surf[p=50.8615 Ux=0.7876 Uy=0.3482]  vol[p=51.0746 Ux=2.4357 Uy=1.0388]
Epoch  35 (248s) [84.7GB]  train[vol=0.3515 surf=0.1956]  val_avg_surf_p=51.1336 *
    val_single_in_dist         loss=1.7221  surf[p=56.8189 Ux=0.6734 Uy=0.3202]  vol[p=65.6309 Ux=2.6814 Uy=1.0170]
    val_geom_camber_rc         loss=1.1873  surf[p=65.0194 Ux=1.0990 Uy=0.4830]  vol[p=69.5096 Ux=3.3969 Uy=1.5736]
    val_geom_camber_cruise     loss=0.3059  surf[p=32.6533 Ux=0.4951 Uy=0.2143]  vol[p=31.4791 Ux=1.7614 Uy=0.6103]
    val_re_rand                loss=1.0411  surf[p=50.0429 Ux=0.7802 Uy=0.3454]  vol[p=50.3541 Ux=2.4022 Uy=1.0280]
Epoch  36 (247s) [84.7GB]  train[vol=0.3446 surf=0.1890]  val_avg_surf_p=50.3632 *
    val_single_in_dist         loss=1.6636  surf[p=55.7554 Ux=0.6714 Uy=0.3155]  vol[p=64.5923 Ux=2.6592 Uy=0.9976]
    val_geom_camber_rc         loss=1.1610  surf[p=64.4506 Ux=1.0925 Uy=0.4806]  vol[p=68.8823 Ux=3.3714 Uy=1.5595]
    val_geom_camber_cruise     loss=0.2984  surf[p=32.1155 Ux=0.5036 Uy=0.2149]  vol[p=30.9175 Ux=1.7510 Uy=0.6031]
    val_re_rand                loss=1.0142  surf[p=49.1313 Ux=0.7825 Uy=0.3429]  vol[p=49.5651 Ux=2.3849 Uy=1.0174]
Epoch  37 (247s) [84.7GB]  train[vol=0.3345 surf=0.1817]  val_avg_surf_p=50.0957 *
    val_single_in_dist         loss=1.6602  surf[p=55.9501 Ux=0.6815 Uy=0.3128]  vol[p=63.9779 Ux=2.6436 Uy=0.9824]
    val_geom_camber_rc         loss=1.1214  surf[p=63.8752 Ux=1.0825 Uy=0.4731]  vol[p=67.8215 Ux=3.3380 Uy=1.5410]
    val_geom_camber_cruise     loss=0.2947  surf[p=31.9124 Ux=0.5182 Uy=0.2111]  vol[p=30.7756 Ux=1.7381 Uy=0.5976]
    val_re_rand                loss=1.0232  surf[p=48.6452 Ux=0.7939 Uy=0.3371]  vol[p=49.1564 Ux=2.3720 Uy=1.0072]
Epoch  38 (246s) [84.7GB]  train[vol=0.3209 surf=0.1714]  val_avg_surf_p=49.5998 *
    val_single_in_dist         loss=1.6432  surf[p=55.2186 Ux=0.6779 Uy=0.3120]  vol[p=63.0959 Ux=2.6120 Uy=0.9696]
    val_geom_camber_rc         loss=1.0916  surf[p=63.0519 Ux=1.0627 Uy=0.4659]  vol[p=67.0466 Ux=3.3032 Uy=1.5232]
    val_geom_camber_cruise     loss=0.2877  surf[p=31.2785 Ux=0.5224 Uy=0.2099]  vol[p=30.2824 Ux=1.7120 Uy=0.5895]
    val_re_rand                loss=1.0093  surf[p=48.8501 Ux=0.7937 Uy=0.3352]  vol[p=49.0655 Ux=2.3513 Uy=0.9990]
Epoch  39 (249s) [84.7GB]  train[vol=0.3275 surf=0.1781]  val_avg_surf_p=49.1048 *
    val_single_in_dist         loss=1.6374  surf[p=54.5181 Ux=0.6631 Uy=0.3082]  vol[p=61.7953 Ux=2.5759 Uy=0.9579]
    val_geom_camber_rc         loss=1.0704  surf[p=62.7187 Ux=1.0463 Uy=0.4630]  vol[p=66.4679 Ux=3.2834 Uy=1.5128]
    val_geom_camber_cruise     loss=0.2859  surf[p=30.8283 Ux=0.5088 Uy=0.2090]  vol[p=29.9018 Ux=1.6923 Uy=0.5840]
    val_re_rand                loss=1.0022  surf[p=48.3542 Ux=0.7771 Uy=0.3338]  vol[p=48.7101 Ux=2.3357 Uy=0.9925]
Epoch  40 (249s) [84.7GB]  train[vol=0.3231 surf=0.1709]  val_avg_surf_p=48.1248 *
    val_single_in_dist         loss=1.6393  surf[p=53.0753 Ux=0.6213 Uy=0.3027]  vol[p=60.6430 Ux=2.5419 Uy=0.9446]
    val_geom_camber_rc         loss=1.0206  surf[p=61.3274 Ux=1.0011 Uy=0.4575]  vol[p=64.8541 Ux=3.2524 Uy=1.4937]
    val_geom_camber_cruise     loss=0.2790  surf[p=30.3506 Ux=0.4741 Uy=0.2068]  vol[p=29.5456 Ux=1.6668 Uy=0.5798]
    val_re_rand                loss=1.0104  surf[p=47.7460 Ux=0.7372 Uy=0.3314]  vol[p=48.2054 Ux=2.3119 Uy=0.9833]
Epoch  41 (253s) [84.7GB]  train[vol=0.3080 surf=0.1639]  val_avg_surf_p=47.7052 *
    val_single_in_dist         loss=1.6553  surf[p=52.8047 Ux=0.5773 Uy=0.3004]  vol[p=60.5455 Ux=2.5171 Uy=0.9414]
    val_geom_camber_rc         loss=0.9972  surf[p=60.5919 Ux=0.9570 Uy=0.4552]  vol[p=64.1606 Ux=3.2282 Uy=1.4797]
    val_geom_camber_cruise     loss=0.2697  surf[p=30.0284 Ux=0.4275 Uy=0.2058]  vol[p=29.2249 Ux=1.6431 Uy=0.5734]
    val_re_rand                loss=1.0343  surf[p=47.3960 Ux=0.6928 Uy=0.3286]  vol[p=47.8502 Ux=2.2905 Uy=0.9752]
Epoch  42 (246s) [84.7GB]  train[vol=0.3119 surf=0.1697]  val_avg_surf_p=47.1376 *
    val_single_in_dist         loss=1.6010  surf[p=52.1330 Ux=0.5619 Uy=0.2957]  vol[p=59.8710 Ux=2.4903 Uy=0.9268]
    val_geom_camber_rc         loss=0.9661  surf[p=59.7267 Ux=0.9339 Uy=0.4528]  vol[p=63.3506 Ux=3.2019 Uy=1.4637]
    val_geom_camber_cruise     loss=0.2626  surf[p=29.7536 Ux=0.4051 Uy=0.2029]  vol[p=28.9738 Ux=1.6243 Uy=0.5687]
    val_re_rand                loss=1.0466  surf[p=46.9373 Ux=0.6707 Uy=0.3260]  vol[p=47.3851 Ux=2.2726 Uy=0.9666]
Epoch  43 (245s) [84.7GB]  train[vol=0.3089 surf=0.1643]  val_avg_surf_p=46.9446 *
    val_single_in_dist         loss=1.6412  surf[p=52.0694 Ux=0.5464 Uy=0.2923]  vol[p=59.4160 Ux=2.4759 Uy=0.9202]
    val_geom_camber_rc         loss=0.9584  surf[p=59.5736 Ux=0.9177 Uy=0.4468]  vol[p=63.3194 Ux=3.1870 Uy=1.4538]
    val_geom_camber_cruise     loss=0.2570  surf[p=29.4653 Ux=0.3899 Uy=0.1981]  vol[p=28.8626 Ux=1.6122 Uy=0.5650]
    val_re_rand                loss=1.0623  surf[p=46.6703 Ux=0.6504 Uy=0.3222]  vol[p=47.1119 Ux=2.2558 Uy=0.9614]
Epoch  44 (248s) [84.7GB]  train[vol=0.3179 surf=0.1719]  val_avg_surf_p=46.4360 *
    val_single_in_dist         loss=1.6887  surf[p=52.2819 Ux=0.5415 Uy=0.2895]  vol[p=58.9339 Ux=2.4697 Uy=0.9137]
    val_geom_camber_rc         loss=0.9220  surf[p=58.5957 Ux=0.9046 Uy=0.4423]  vol[p=62.5368 Ux=3.1638 Uy=1.4390]
    val_geom_camber_cruise     loss=0.2513  surf[p=28.9209 Ux=0.3865 Uy=0.1959]  vol[p=28.4855 Ux=1.6068 Uy=0.5600]
    val_re_rand                loss=1.0336  surf[p=45.9456 Ux=0.6379 Uy=0.3195]  vol[p=46.3816 Ux=2.2430 Uy=0.9544]
Epoch  45 (247s) [84.7GB]  train[vol=0.3000 surf=0.1572]  val_avg_surf_p=45.8284 *
    val_single_in_dist         loss=1.6618  surf[p=51.9617 Ux=0.5253 Uy=0.2869]  vol[p=58.3210 Ux=2.4477 Uy=0.9065]
    val_geom_camber_rc         loss=0.9113  surf[p=57.7461 Ux=0.8908 Uy=0.4382]  vol[p=61.8796 Ux=3.1425 Uy=1.4257]
    val_geom_camber_cruise     loss=0.2481  surf[p=28.6321 Ux=0.3659 Uy=0.1939]  vol[p=28.4403 Ux=1.5849 Uy=0.5579]
    val_re_rand                loss=0.9303  surf[p=44.9738 Ux=0.6113 Uy=0.3159]  vol[p=45.5869 Ux=2.2143 Uy=0.9459]
Epoch  46 (251s) [84.7GB]  train[vol=0.2876 surf=0.1497]  val_avg_surf_p=45.0562 *
    val_single_in_dist         loss=1.5847  surf[p=50.2587 Ux=0.5039 Uy=0.2817]  vol[p=57.4684 Ux=2.4252 Uy=0.8955]
    val_geom_camber_rc         loss=0.9088  surf[p=57.4604 Ux=0.8828 Uy=0.4367]  vol[p=61.6911 Ux=3.1220 Uy=1.4182]
    val_geom_camber_cruise     loss=0.2418  surf[p=28.0860 Ux=0.3479 Uy=0.1903]  vol[p=27.9701 Ux=1.5627 Uy=0.5502]
    val_re_rand                loss=0.9037  surf[p=44.4197 Ux=0.5972 Uy=0.3118]  vol[p=44.8848 Ux=2.1958 Uy=0.9377]
Epoch  47 (249s) [84.7GB]  train[vol=0.2943 surf=0.1538]  val_avg_surf_p=44.6920 *
    val_single_in_dist         loss=1.5649  surf[p=49.8716 Ux=0.4933 Uy=0.2817]  vol[p=57.5091 Ux=2.4125 Uy=0.8902]
    val_geom_camber_rc         loss=0.8947  surf[p=56.9527 Ux=0.8695 Uy=0.4352]  vol[p=61.4040 Ux=3.1030 Uy=1.4116]
    val_geom_camber_cruise     loss=0.2378  surf[p=27.7341 Ux=0.3408 Uy=0.1902]  vol[p=27.7459 Ux=1.5471 Uy=0.5453]
    val_re_rand                loss=0.8912  surf[p=44.2095 Ux=0.5858 Uy=0.3103]  vol[p=44.8463 Ux=2.1821 Uy=0.9326]
Epoch  48 (246s) [84.7GB]  train[vol=0.3076 surf=0.1611]  val_avg_surf_p=44.2838 *
    val_single_in_dist         loss=1.6239  surf[p=49.7797 Ux=0.4966 Uy=0.2801]  vol[p=56.9624 Ux=2.4087 Uy=0.8851]
    val_geom_camber_rc         loss=0.8691  surf[p=56.1857 Ux=0.8551 Uy=0.4308]  vol[p=60.6086 Ux=3.0830 Uy=1.3984]
    val_geom_camber_cruise     loss=0.2386  surf[p=27.5194 Ux=0.3367 Uy=0.1890]  vol[p=27.5640 Ux=1.5375 Uy=0.5434]
    val_re_rand                loss=0.8821  surf[p=43.6505 Ux=0.5780 Uy=0.3071]  vol[p=44.6030 Ux=2.1680 Uy=0.9283]
Epoch  49 (246s) [84.7GB]  train[vol=0.2950 surf=0.1537]  val_avg_surf_p=44.1760 *
    val_single_in_dist         loss=1.6323  surf[p=49.8913 Ux=0.4884 Uy=0.2799]  vol[p=56.7247 Ux=2.3970 Uy=0.8809]
    val_geom_camber_rc         loss=0.8629  surf[p=56.0103 Ux=0.8437 Uy=0.4289]  vol[p=60.5184 Ux=3.0652 Uy=1.3888]
    val_geom_camber_cruise     loss=0.2347  surf[p=27.1856 Ux=0.3363 Uy=0.1883]  vol[p=27.2610 Ux=1.5318 Uy=0.5390]
    val_re_rand                loss=0.8898  surf[p=43.6170 Ux=0.5786 Uy=0.3065]  vol[p=44.5030 Ux=2.1594 Uy=0.9248]
Epoch  50 (249s) [84.7GB]  train[vol=0.2876 surf=0.1504]  val_avg_surf_p=43.8928 *
    val_single_in_dist         loss=1.6434  surf[p=49.7016 Ux=0.4909 Uy=0.2777]  vol[p=56.4428 Ux=2.3798 Uy=0.8712]
    val_geom_camber_rc         loss=0.8484  surf[p=55.5237 Ux=0.8298 Uy=0.4253]  vol[p=60.2891 Ux=3.0432 Uy=1.3822]
    val_geom_camber_cruise     loss=0.2339  surf[p=26.9368 Ux=0.3373 Uy=0.1860]  vol[p=27.0578 Ux=1.5273 Uy=0.5353]
    val_re_rand                loss=0.8970  surf[p=43.4090 Ux=0.5744 Uy=0.3031]  vol[p=44.2922 Ux=2.1476 Uy=0.9202]
Epoch  51 (249s) [84.7GB]  train[vol=0.2879 surf=0.1514]  val_avg_surf_p=43.4478 *
    val_single_in_dist         loss=1.6165  surf[p=48.8842 Ux=0.4829 Uy=0.2764]  vol[p=55.7650 Ux=2.3583 Uy=0.8631]
    val_geom_camber_rc         loss=0.8336  surf[p=55.2199 Ux=0.8258 Uy=0.4259]  vol[p=59.8068 Ux=3.0305 Uy=1.3779]
    val_geom_camber_cruise     loss=0.2339  surf[p=26.8288 Ux=0.3376 Uy=0.1849]  vol[p=26.9161 Ux=1.5173 Uy=0.5311]
    val_re_rand                loss=0.9103  surf[p=42.8584 Ux=0.5690 Uy=0.3002]  vol[p=43.7501 Ux=2.1356 Uy=0.9126]
Epoch  52 (248s) [84.7GB]  train[vol=0.2848 surf=0.1463]  val_avg_surf_p=42.9354 *
    val_single_in_dist         loss=1.6257  surf[p=48.1485 Ux=0.4778 Uy=0.2764]  vol[p=55.1171 Ux=2.3447 Uy=0.8580]
    val_geom_camber_rc         loss=0.8199  surf[p=54.4630 Ux=0.8155 Uy=0.4202]  vol[p=59.1823 Ux=3.0062 Uy=1.3636]
    val_geom_camber_cruise     loss=0.2336  surf[p=26.6072 Ux=0.3285 Uy=0.1836]  vol[p=26.6416 Ux=1.4991 Uy=0.5273]
    val_re_rand                loss=0.8838  surf[p=42.5229 Ux=0.5623 Uy=0.2984]  vol[p=43.3604 Ux=2.1190 Uy=0.9065]
Epoch  53 (247s) [84.7GB]  train[vol=0.2853 surf=0.1475]  val_avg_surf_p=42.5764 *
    val_single_in_dist         loss=1.5630  surf[p=47.2577 Ux=0.4741 Uy=0.2750]  vol[p=54.5171 Ux=2.3238 Uy=0.8502]
    val_geom_camber_rc         loss=0.8277  surf[p=54.1053 Ux=0.8019 Uy=0.4184]  vol[p=58.8559 Ux=2.9859 Uy=1.3551]
    val_geom_camber_cruise     loss=0.2267  surf[p=26.3707 Ux=0.3323 Uy=0.1828]  vol[p=26.5384 Ux=1.4951 Uy=0.5249]
    val_re_rand                loss=0.8818  surf[p=42.5719 Ux=0.5605 Uy=0.2984]  vol[p=43.4499 Ux=2.1113 Uy=0.9042]
Epoch  54 (250s) [84.7GB]  train[vol=0.2950 surf=0.1553]  val_avg_surf_p=42.4860 *
    val_single_in_dist         loss=1.6020  surf[p=47.1705 Ux=0.4779 Uy=0.2731]  vol[p=54.2257 Ux=2.3153 Uy=0.8441]
    val_geom_camber_rc         loss=0.8059  surf[p=54.1297 Ux=0.8048 Uy=0.4156]  vol[p=58.7117 Ux=2.9760 Uy=1.3434]
    val_geom_camber_cruise     loss=0.2228  surf[p=26.2880 Ux=0.3281 Uy=0.1822]  vol[p=26.5039 Ux=1.4893 Uy=0.5215]
    val_re_rand                loss=0.9048  surf[p=42.3559 Ux=0.5556 Uy=0.2975]  vol[p=43.3953 Ux=2.1046 Uy=0.8995]
Epoch  55 (247s) [84.7GB]  train[vol=0.2771 surf=0.1447]  val_avg_surf_p=42.3761 *
    val_single_in_dist         loss=1.6911  surf[p=47.4081 Ux=0.4754 Uy=0.2722]  vol[p=54.1368 Ux=2.2988 Uy=0.8366]
    val_geom_camber_rc         loss=0.7919  surf[p=53.6709 Ux=0.7931 Uy=0.4144]  vol[p=58.3030 Ux=2.9611 Uy=1.3389]
    val_geom_camber_cruise     loss=0.2219  surf[p=26.1227 Ux=0.3209 Uy=0.1820]  vol[p=26.2841 Ux=1.4719 Uy=0.5189]
    val_re_rand                loss=0.8948  surf[p=42.3026 Ux=0.5528 Uy=0.2962]  vol[p=43.3593 Ux=2.0977 Uy=0.8966]
Epoch  56 (251s) [84.7GB]  train[vol=0.2772 surf=0.1440]  val_avg_surf_p=42.3911
    val_single_in_dist         loss=1.7454  surf[p=47.9853 Ux=0.4744 Uy=0.2729]  vol[p=53.5317 Ux=2.2824 Uy=0.8354]
    val_geom_camber_rc         loss=0.7854  surf[p=53.3997 Ux=0.7839 Uy=0.4113]  vol[p=58.0276 Ux=2.9464 Uy=1.3308]
    val_geom_camber_cruise     loss=0.2190  surf[p=25.9319 Ux=0.3173 Uy=0.1813]  vol[p=26.2373 Ux=1.4643 Uy=0.5168]
    val_re_rand                loss=0.9066  surf[p=42.2474 Ux=0.5470 Uy=0.2948]  vol[p=43.2156 Ux=2.0840 Uy=0.8939]
Epoch  57 (249s) [84.7GB]  train[vol=0.2629 surf=0.1343]  val_avg_surf_p=41.8470 *
    val_single_in_dist         loss=1.6992  surf[p=47.1248 Ux=0.4755 Uy=0.2691]  vol[p=52.9426 Ux=2.2732 Uy=0.8265]
    val_geom_camber_rc         loss=0.7844  surf[p=52.8606 Ux=0.7814 Uy=0.4088]  vol[p=57.5600 Ux=2.9312 Uy=1.3238]
    val_geom_camber_cruise     loss=0.2157  surf[p=25.6097 Ux=0.3163 Uy=0.1802]  vol[p=26.1714 Ux=1.4623 Uy=0.5146]
    val_re_rand                loss=0.8889  surf[p=41.7928 Ux=0.5437 Uy=0.2930]  vol[p=42.9353 Ux=2.0756 Uy=0.8892]
Epoch  58 (245s) [84.7GB]  train[vol=0.2798 surf=0.1435]  val_avg_surf_p=41.5865 *
    val_single_in_dist         loss=1.6873  surf[p=46.6751 Ux=0.4744 Uy=0.2682]  vol[p=52.5350 Ux=2.2636 Uy=0.8208]
    val_geom_camber_rc         loss=0.7780  surf[p=52.5952 Ux=0.7748 Uy=0.4070]  vol[p=57.0388 Ux=2.9122 Uy=1.3175]
    val_geom_camber_cruise     loss=0.2138  surf[p=25.4275 Ux=0.3215 Uy=0.1795]  vol[p=26.0238 Ux=1.4641 Uy=0.5111]
    val_re_rand                loss=0.8973  surf[p=41.6480 Ux=0.5394 Uy=0.2930]  vol[p=42.6284 Ux=2.0669 Uy=0.8852]
Epoch  59 (251s) [84.7GB]  train[vol=0.2863 surf=0.1502]  val_avg_surf_p=41.4013 *
    val_single_in_dist         loss=1.6069  surf[p=46.9288 Ux=0.4640 Uy=0.2671]  vol[p=52.2704 Ux=2.2434 Uy=0.8127]
    val_geom_camber_rc         loss=0.7669  surf[p=52.3502 Ux=0.7733 Uy=0.4049]  vol[p=56.7988 Ux=2.9040 Uy=1.3093]
    val_geom_camber_cruise     loss=0.2093  surf[p=25.1211 Ux=0.3203 Uy=0.1779]  vol[p=25.6179 Ux=1.4585 Uy=0.5077]
    val_re_rand                loss=0.9002  surf[p=41.2051 Ux=0.5399 Uy=0.2919]  vol[p=42.2380 Ux=2.0572 Uy=0.8784]
Epoch  60 (253s) [84.7GB]  train[vol=0.2602 surf=0.1323]  val_avg_surf_p=40.9556 *
    val_single_in_dist         loss=1.4916  surf[p=45.7756 Ux=0.4563 Uy=0.2632]  vol[p=51.8168 Ux=2.2289 Uy=0.8043]
    val_geom_camber_rc         loss=0.7596  surf[p=52.4084 Ux=0.7753 Uy=0.4038]  vol[p=56.5439 Ux=2.8912 Uy=1.3022]
    val_geom_camber_cruise     loss=0.2076  surf[p=24.7316 Ux=0.3169 Uy=0.1769]  vol[p=25.3685 Ux=1.4424 Uy=0.5046]
    val_re_rand                loss=0.8640  surf[p=40.9068 Ux=0.5397 Uy=0.2902]  vol[p=41.9428 Ux=2.0459 Uy=0.8730]
Epoch  61 (247s) [84.7GB]  train[vol=0.2689 surf=0.1360]  val_avg_surf_p=41.0757
    val_single_in_dist         loss=1.4908  surf[p=46.5090 Ux=0.4580 Uy=0.2633]  vol[p=52.0865 Ux=2.2168 Uy=0.8006]
    val_geom_camber_rc         loss=0.7613  surf[p=52.4993 Ux=0.7656 Uy=0.4044]  vol[p=56.5621 Ux=2.8804 Uy=1.2984]
    val_geom_camber_cruise     loss=0.2058  surf[p=24.4969 Ux=0.3138 Uy=0.1760]  vol[p=25.0711 Ux=1.4341 Uy=0.4996]
    val_re_rand                loss=0.8620  surf[p=40.7976 Ux=0.5333 Uy=0.2880]  vol[p=41.6482 Ux=2.0367 Uy=0.8682]
Epoch  62 (245s) [84.7GB]  train[vol=0.2654 surf=0.1326]  val_avg_surf_p=40.5794 *
    val_single_in_dist         loss=1.4606  surf[p=45.5232 Ux=0.4479 Uy=0.2593]  vol[p=51.4291 Ux=2.2017 Uy=0.7960]
    val_geom_camber_rc         loss=0.7527  surf[p=52.1572 Ux=0.7570 Uy=0.4024]  vol[p=56.1886 Ux=2.8649 Uy=1.2898]
    val_geom_camber_cruise     loss=0.2067  surf[p=24.2994 Ux=0.3139 Uy=0.1747]  vol[p=24.8959 Ux=1.4308 Uy=0.4977]
    val_re_rand                loss=0.8488  surf[p=40.3380 Ux=0.5286 Uy=0.2856]  vol[p=41.3193 Ux=2.0250 Uy=0.8621]
Epoch  63 (250s) [84.7GB]  train[vol=0.2699 surf=0.1387]  val_avg_surf_p=40.1247 *
    val_single_in_dist         loss=1.4133  surf[p=44.6144 Ux=0.4406 Uy=0.2572]  vol[p=50.7207 Ux=2.1923 Uy=0.7926]
    val_geom_camber_rc         loss=0.7449  surf[p=51.8097 Ux=0.7535 Uy=0.4003]  vol[p=55.9954 Ux=2.8591 Uy=1.2878]
    val_geom_camber_cruise     loss=0.2027  surf[p=23.9501 Ux=0.3058 Uy=0.1732]  vol[p=24.6506 Ux=1.4196 Uy=0.4960]
    val_re_rand                loss=0.8559  surf[p=40.1245 Ux=0.5227 Uy=0.2840]  vol[p=41.1007 Ux=2.0114 Uy=0.8588]
Epoch  64 (251s) [84.7GB]  train[vol=0.2657 surf=0.1375]  val_avg_surf_p=39.6918 *
    val_single_in_dist         loss=1.4140  surf[p=43.7251 Ux=0.4407 Uy=0.2566]  vol[p=50.1313 Ux=2.1911 Uy=0.7907]
    val_geom_camber_rc         loss=0.7285  surf[p=51.1298 Ux=0.7475 Uy=0.3979]  vol[p=55.4750 Ux=2.8473 Uy=1.2801]
    val_geom_camber_cruise     loss=0.2001  surf[p=23.8336 Ux=0.3028 Uy=0.1727]  vol[p=24.5153 Ux=1.4127 Uy=0.4930]
    val_re_rand                loss=0.8358  surf[p=40.0788 Ux=0.5216 Uy=0.2841]  vol[p=41.1058 Ux=2.0062 Uy=0.8558]
Epoch  65 (245s) [84.7GB]  train[vol=0.2542 surf=0.1269]  val_avg_surf_p=39.3969 *
    val_single_in_dist         loss=1.3703  surf[p=43.0591 Ux=0.4388 Uy=0.2563]  vol[p=49.3770 Ux=2.1781 Uy=0.7848]
    val_geom_camber_rc         loss=0.7163  surf[p=50.8335 Ux=0.7474 Uy=0.3974]  vol[p=55.1416 Ux=2.8407 Uy=1.2758]
    val_geom_camber_cruise     loss=0.1978  surf[p=23.6794 Ux=0.3030 Uy=0.1718]  vol[p=24.4052 Ux=1.4044 Uy=0.4913]
    val_re_rand                loss=0.8404  surf[p=40.0157 Ux=0.5205 Uy=0.2828]  vol[p=41.0413 Ux=2.0000 Uy=0.8526]
Epoch  66 (248s) [84.7GB]  train[vol=0.2480 surf=0.1221]  val_avg_surf_p=39.2844 *
    val_single_in_dist         loss=1.3287  surf[p=42.6263 Ux=0.4408 Uy=0.2547]  vol[p=48.9109 Ux=2.1667 Uy=0.7783]
    val_geom_camber_rc         loss=0.7146  surf[p=50.4976 Ux=0.7428 Uy=0.3939]  vol[p=55.0079 Ux=2.8272 Uy=1.2662]
    val_geom_camber_cruise     loss=0.2014  surf[p=23.7487 Ux=0.3009 Uy=0.1709]  vol[p=24.3144 Ux=1.3935 Uy=0.4898]
    val_re_rand                loss=0.8564  surf[p=40.2649 Ux=0.5263 Uy=0.2830]  vol[p=41.3551 Ux=1.9957 Uy=0.8521]
Epoch  67 (245s) [84.7GB]  train[vol=0.2569 surf=0.1316]  val_avg_surf_p=39.1378 *
    val_single_in_dist         loss=1.3497  surf[p=42.1680 Ux=0.4334 Uy=0.2539]  vol[p=48.3040 Ux=2.1588 Uy=0.7744]
    val_geom_camber_rc         loss=0.7188  surf[p=50.7446 Ux=0.7404 Uy=0.3966]  vol[p=55.3519 Ux=2.8176 Uy=1.2667]
    val_geom_camber_cruise     loss=0.1986  surf[p=23.4786 Ux=0.3026 Uy=0.1703]  vol[p=24.1356 Ux=1.3887 Uy=0.4868]
    val_re_rand                loss=0.8861  surf[p=40.1601 Ux=0.5226 Uy=0.2819]  vol[p=41.3433 Ux=1.9882 Uy=0.8488]
Epoch  68 (249s) [84.7GB]  train[vol=0.2453 surf=0.1218]  val_avg_surf_p=39.0259 *
    val_single_in_dist         loss=1.3280  surf[p=41.8658 Ux=0.4341 Uy=0.2536]  vol[p=47.9038 Ux=2.1502 Uy=0.7732]
    val_geom_camber_rc         loss=0.7241  surf[p=50.7937 Ux=0.7381 Uy=0.3963]  vol[p=55.2524 Ux=2.8078 Uy=1.2630]
    val_geom_camber_cruise     loss=0.1962  surf[p=23.3973 Ux=0.3022 Uy=0.1699]  vol[p=24.0764 Ux=1.3848 Uy=0.4849]
    val_re_rand                loss=0.8525  surf[p=40.0468 Ux=0.5213 Uy=0.2801]  vol[p=41.0964 Ux=1.9772 Uy=0.8442]
Epoch  69 (250s) [84.7GB]  train[vol=0.2508 surf=0.1268]  val_avg_surf_p=38.5494 *
    val_single_in_dist         loss=1.3107  surf[p=41.0873 Ux=0.4299 Uy=0.2523]  vol[p=47.4718 Ux=2.1335 Uy=0.7641]
    val_geom_camber_rc         loss=0.7208  surf[p=50.6185 Ux=0.7393 Uy=0.3952]  vol[p=55.1858 Ux=2.7980 Uy=1.2586]
    val_geom_camber_cruise     loss=0.1929  surf[p=23.2560 Ux=0.2983 Uy=0.1687]  vol[p=23.9902 Ux=1.3772 Uy=0.4815]
    val_re_rand                loss=0.8427  surf[p=39.2358 Ux=0.5138 Uy=0.2778]  vol[p=40.5242 Ux=1.9624 Uy=0.8369]
Epoch  70 (245s) [84.7GB]  train[vol=0.2522 surf=0.1270]  val_avg_surf_p=37.9526 *
    val_single_in_dist         loss=1.2426  surf[p=39.9863 Ux=0.4330 Uy=0.2487]  vol[p=46.7231 Ux=2.1147 Uy=0.7560]
    val_geom_camber_rc         loss=0.7113  surf[p=50.0184 Ux=0.7381 Uy=0.3943]  vol[p=54.6265 Ux=2.7902 Uy=1.2535]
    val_geom_camber_cruise     loss=0.1911  surf[p=23.0494 Ux=0.3127 Uy=0.1681]  vol[p=23.8427 Ux=1.3761 Uy=0.4783]
    val_re_rand                loss=0.8602  surf[p=38.7562 Ux=0.5202 Uy=0.2760]  vol[p=40.1294 Ux=1.9545 Uy=0.8317]
Epoch  71 (249s) [84.7GB]  train[vol=0.2380 surf=0.1158]  val_avg_surf_p=37.9903
    val_single_in_dist         loss=1.2323  surf[p=39.9928 Ux=0.4263 Uy=0.2471]  vol[p=46.2148 Ux=2.0968 Uy=0.7516]
    val_geom_camber_rc         loss=0.7135  surf[p=50.2377 Ux=0.7343 Uy=0.3956]  vol[p=54.7584 Ux=2.7881 Uy=1.2557]
    val_geom_camber_cruise     loss=0.1907  surf[p=22.9849 Ux=0.3007 Uy=0.1675]  vol[p=23.8067 Ux=1.3624 Uy=0.4760]
    val_re_rand                loss=0.8517  surf[p=38.7457 Ux=0.5119 Uy=0.2756]  vol[p=40.0914 Ux=1.9391 Uy=0.8293]
Epoch  72 (248s) [84.7GB]  train[vol=0.2462 surf=0.1224]  val_avg_surf_p=37.9736
    val_single_in_dist         loss=1.3039  surf[p=40.1546 Ux=0.4286 Uy=0.2465]  vol[p=46.1985 Ux=2.0924 Uy=0.7500]
    val_geom_camber_rc         loss=0.7180  surf[p=50.5044 Ux=0.7349 Uy=0.3955]  vol[p=54.8673 Ux=2.7844 Uy=1.2546]
    val_geom_camber_cruise     loss=0.1893  surf[p=22.8141 Ux=0.3032 Uy=0.1668]  vol[p=23.7155 Ux=1.3621 Uy=0.4752]
    val_re_rand                loss=0.8190  surf[p=38.4211 Ux=0.5112 Uy=0.2732]  vol[p=39.8731 Ux=1.9334 Uy=0.8254]
Epoch  73 (249s) [84.7GB]  train[vol=0.2572 surf=0.1300]  val_avg_surf_p=37.6612 *
    val_single_in_dist         loss=1.3652  surf[p=39.7014 Ux=0.4223 Uy=0.2472]  vol[p=45.9315 Ux=2.0807 Uy=0.7483]
    val_geom_camber_rc         loss=0.7117  surf[p=50.1998 Ux=0.7344 Uy=0.3921]  vol[p=54.3446 Ux=2.7700 Uy=1.2459]
    val_geom_camber_cruise     loss=0.1880  surf[p=22.6215 Ux=0.3047 Uy=0.1667]  vol[p=23.5517 Ux=1.3531 Uy=0.4734]
    val_re_rand                loss=0.8115  surf[p=38.1220 Ux=0.5143 Uy=0.2725]  vol[p=39.5693 Ux=1.9255 Uy=0.8231]
Epoch  74 (249s) [84.7GB]  train[vol=0.2617 surf=0.1358]  val_avg_surf_p=37.7328
    val_single_in_dist         loss=1.4668  surf[p=40.3119 Ux=0.4143 Uy=0.2478]  vol[p=46.2785 Ux=2.0691 Uy=0.7456]
    val_geom_camber_rc         loss=0.7154  surf[p=50.2492 Ux=0.7282 Uy=0.3895]  vol[p=54.2500 Ux=2.7596 Uy=1.2412]
    val_geom_camber_cruise     loss=0.1857  surf[p=22.4589 Ux=0.2919 Uy=0.1659]  vol[p=23.5260 Ux=1.3395 Uy=0.4713]
    val_re_rand                loss=0.8022  surf[p=37.9111 Ux=0.5034 Uy=0.2720]  vol[p=39.4671 Ux=1.9166 Uy=0.8208]
Epoch  75 (249s) [84.7GB]  train[vol=0.2443 surf=0.1202]  val_avg_surf_p=37.4406 *
    val_single_in_dist         loss=1.4380  surf[p=40.0141 Ux=0.4170 Uy=0.2458]  vol[p=45.9358 Ux=2.0598 Uy=0.7403]
    val_geom_camber_rc         loss=0.7061  surf[p=49.9140 Ux=0.7303 Uy=0.3886]  vol[p=53.9483 Ux=2.7502 Uy=1.2369]
    val_geom_camber_cruise     loss=0.1827  surf[p=22.1337 Ux=0.2947 Uy=0.1643]  vol[p=23.3150 Ux=1.3330 Uy=0.4681]
    val_re_rand                loss=0.7942  surf[p=37.7005 Ux=0.4990 Uy=0.2704]  vol[p=39.2355 Ux=1.9111 Uy=0.8163]
Epoch  76 (249s) [84.7GB]  train[vol=0.2466 surf=0.1210]  val_avg_surf_p=37.3336 *
    val_single_in_dist         loss=1.5077  surf[p=39.7470 Ux=0.4139 Uy=0.2456]  vol[p=45.5969 Ux=2.0535 Uy=0.7348]
    val_geom_camber_rc         loss=0.7096  surf[p=49.8287 Ux=0.7272 Uy=0.3884]  vol[p=53.8252 Ux=2.7445 Uy=1.2331]
    val_geom_camber_cruise     loss=0.1819  surf[p=21.9458 Ux=0.2872 Uy=0.1637]  vol[p=23.1983 Ux=1.3263 Uy=0.4671]
    val_re_rand                loss=0.7894  surf[p=37.8129 Ux=0.4953 Uy=0.2694]  vol[p=39.3135 Ux=1.9081 Uy=0.8127]
Epoch  77 (250s) [84.7GB]  train[vol=0.2490 surf=0.1268]  val_avg_surf_p=37.1344 *
    val_single_in_dist         loss=1.4443  surf[p=39.2473 Ux=0.4205 Uy=0.2447]  vol[p=45.3416 Ux=2.0480 Uy=0.7291]
    val_geom_camber_rc         loss=0.7082  surf[p=49.5661 Ux=0.7260 Uy=0.3861]  vol[p=53.4574 Ux=2.7298 Uy=1.2276]
    val_geom_camber_cruise     loss=0.1822  surf[p=21.8357 Ux=0.2905 Uy=0.1635]  vol[p=23.1251 Ux=1.3236 Uy=0.4652]
    val_re_rand                loss=0.7881  surf[p=37.8885 Ux=0.4966 Uy=0.2693]  vol[p=39.3511 Ux=1.9038 Uy=0.8110]
Epoch  78 (249s) [84.7GB]  train[vol=0.2546 surf=0.1297]  val_avg_surf_p=36.9682 *
    val_single_in_dist         loss=1.3869  surf[p=39.5306 Ux=0.4144 Uy=0.2448]  vol[p=45.5515 Ux=2.0374 Uy=0.7237]
    val_geom_camber_rc         loss=0.7093  surf[p=49.2591 Ux=0.7213 Uy=0.3858]  vol[p=53.3088 Ux=2.7209 Uy=1.2252]
    val_geom_camber_cruise     loss=0.1827  surf[p=21.6252 Ux=0.2861 Uy=0.1627]  vol[p=23.0235 Ux=1.3229 Uy=0.4643]
    val_re_rand                loss=0.7507  surf[p=37.4578 Ux=0.4895 Uy=0.2674]  vol[p=38.9268 Ux=1.8909 Uy=0.8074]
Epoch  79 (248s) [84.7GB]  train[vol=0.2471 surf=0.1245]  val_avg_surf_p=36.6046 *
    val_single_in_dist         loss=1.3971  surf[p=38.9525 Ux=0.4141 Uy=0.2430]  vol[p=45.0375 Ux=2.0266 Uy=0.7210]
    val_geom_camber_rc         loss=0.7003  surf[p=48.8251 Ux=0.7251 Uy=0.3836]  vol[p=52.9071 Ux=2.7113 Uy=1.2177]
    val_geom_camber_cruise     loss=0.1788  surf[p=21.4925 Ux=0.2912 Uy=0.1619]  vol[p=22.9088 Ux=1.3157 Uy=0.4617]
    val_re_rand                loss=0.7348  surf[p=37.1486 Ux=0.4941 Uy=0.2663]  vol[p=38.6533 Ux=1.8825 Uy=0.8026]
Epoch  80 (250s) [84.7GB]  train[vol=0.2403 surf=0.1159]  val_avg_surf_p=36.5616 *
    val_single_in_dist         loss=1.4161  surf[p=39.0731 Ux=0.4078 Uy=0.2414]  vol[p=45.3542 Ux=2.0155 Uy=0.7178]
    val_geom_camber_rc         loss=0.7068  surf[p=48.9038 Ux=0.7167 Uy=0.3830]  vol[p=52.8321 Ux=2.7024 Uy=1.2141]
    val_geom_camber_cruise     loss=0.1766  surf[p=21.4764 Ux=0.2850 Uy=0.1616]  vol[p=22.8389 Ux=1.3120 Uy=0.4597]
    val_re_rand                loss=0.7210  surf[p=36.7932 Ux=0.4851 Uy=0.2651]  vol[p=38.3523 Ux=1.8759 Uy=0.7982]
Epoch  81 (251s) [84.7GB]  train[vol=0.2408 surf=0.1229]  val_avg_surf_p=36.3368 *
    val_single_in_dist         loss=1.3871  surf[p=38.2957 Ux=0.4058 Uy=0.2397]  vol[p=44.6763 Ux=2.0097 Uy=0.7159]
    val_geom_camber_rc         loss=0.7016  surf[p=48.8043 Ux=0.7137 Uy=0.3820]  vol[p=52.7116 Ux=2.6934 Uy=1.2107]
    val_geom_camber_cruise     loss=0.1744  surf[p=21.4210 Ux=0.2913 Uy=0.1604]  vol[p=22.7791 Ux=1.3139 Uy=0.4572]
    val_re_rand                loss=0.7422  surf[p=36.8260 Ux=0.4858 Uy=0.2651]  vol[p=38.4184 Ux=1.8750 Uy=0.7979]
Epoch  82 (245s) [84.7GB]  train[vol=0.2328 surf=0.1151]  val_avg_surf_p=36.2773 *
    val_single_in_dist         loss=1.3711  surf[p=38.4093 Ux=0.3991 Uy=0.2377]  vol[p=44.5395 Ux=2.0004 Uy=0.7141]
    val_geom_camber_rc         loss=0.7041  surf[p=48.8588 Ux=0.7095 Uy=0.3803]  vol[p=52.8034 Ux=2.6865 Uy=1.2079]
    val_geom_camber_cruise     loss=0.1734  surf[p=21.3237 Ux=0.2878 Uy=0.1603]  vol[p=22.7051 Ux=1.3095 Uy=0.4561]
    val_re_rand                loss=0.7211  surf[p=36.5175 Ux=0.4831 Uy=0.2640]  vol[p=38.1891 Ux=1.8691 Uy=0.7937]
Epoch  83 (250s) [84.7GB]  train[vol=0.2257 surf=0.1072]  val_avg_surf_p=35.9901 *
    val_single_in_dist         loss=1.3509  surf[p=37.7477 Ux=0.3968 Uy=0.2363]  vol[p=43.5976 Ux=1.9902 Uy=0.7096]
    val_geom_camber_rc         loss=0.6757  surf[p=48.4814 Ux=0.7078 Uy=0.3783]  vol[p=52.4214 Ux=2.6729 Uy=1.2011]
    val_geom_camber_cruise     loss=0.1727  surf[p=21.2829 Ux=0.2815 Uy=0.1602]  vol[p=22.6003 Ux=1.2959 Uy=0.4530]
    val_re_rand                loss=0.7009  surf[p=36.4482 Ux=0.4833 Uy=0.2639]  vol[p=38.0497 Ux=1.8615 Uy=0.7921]
Epoch  84 (249s) [84.7GB]  train[vol=0.2364 surf=0.1151]  val_avg_surf_p=35.8585 *
    val_single_in_dist         loss=1.3392  surf[p=37.4028 Ux=0.4048 Uy=0.2349]  vol[p=43.2726 Ux=1.9854 Uy=0.7070]
    val_geom_camber_rc         loss=0.6696  surf[p=48.2104 Ux=0.7135 Uy=0.3761]  vol[p=52.2998 Ux=2.6664 Uy=1.1954]
    val_geom_camber_cruise     loss=0.1736  surf[p=21.1619 Ux=0.2866 Uy=0.1600]  vol[p=22.5041 Ux=1.2866 Uy=0.4512]
    val_re_rand                loss=0.6991  surf[p=36.6590 Ux=0.4919 Uy=0.2642]  vol[p=38.1352 Ux=1.8585 Uy=0.7911]
Epoch  85 (248s) [84.7GB]  train[vol=0.2289 surf=0.1110]  val_avg_surf_p=35.7562 *
    val_single_in_dist         loss=1.3263  surf[p=37.1206 Ux=0.3937 Uy=0.2344]  vol[p=42.9764 Ux=1.9757 Uy=0.7044]
    val_geom_camber_rc         loss=0.6540  surf[p=47.8680 Ux=0.6987 Uy=0.3765]  vol[p=51.7709 Ux=2.6575 Uy=1.1932]
    val_geom_camber_cruise     loss=0.1733  surf[p=21.1363 Ux=0.2816 Uy=0.1590]  vol[p=22.4417 Ux=1.2899 Uy=0.4509]
    val_re_rand                loss=0.7226  surf[p=36.8999 Ux=0.4833 Uy=0.2642]  vol[p=38.3232 Ux=1.8572 Uy=0.7903]
Epoch  86 (253s) [84.7GB]  train[vol=0.2276 surf=0.1103]  val_avg_surf_p=35.4153 *
    val_single_in_dist         loss=1.3260  surf[p=36.6910 Ux=0.3898 Uy=0.2320]  vol[p=42.6287 Ux=1.9657 Uy=0.6994]
    val_geom_camber_rc         loss=0.6488  surf[p=47.6964 Ux=0.6937 Uy=0.3762]  vol[p=51.6311 Ux=2.6532 Uy=1.1899]
    val_geom_camber_cruise     loss=0.1687  surf[p=20.9325 Ux=0.2741 Uy=0.1584]  vol[p=22.3246 Ux=1.2790 Uy=0.4494]
    val_re_rand                loss=0.7229  surf[p=36.3415 Ux=0.4753 Uy=0.2626]  vol[p=37.8608 Ux=1.8454 Uy=0.7843]
Epoch  87 (246s) [84.7GB]  train[vol=0.2264 surf=0.1083]  val_avg_surf_p=35.2977 *
    val_single_in_dist         loss=1.2819  surf[p=36.5050 Ux=0.3884 Uy=0.2304]  vol[p=42.3638 Ux=1.9540 Uy=0.6944]
    val_geom_camber_rc         loss=0.6479  surf[p=47.6034 Ux=0.6952 Uy=0.3768]  vol[p=51.3935 Ux=2.6459 Uy=1.1878]
    val_geom_camber_cruise     loss=0.1680  surf[p=20.8566 Ux=0.2795 Uy=0.1584]  vol[p=22.2497 Ux=1.2759 Uy=0.4480]
    val_re_rand                loss=0.7283  surf[p=36.2260 Ux=0.4781 Uy=0.2620]  vol[p=37.6141 Ux=1.8377 Uy=0.7811]
Epoch  88 (248s) [84.7GB]  train[vol=0.2323 surf=0.1148]  val_avg_surf_p=35.0559 *
    val_single_in_dist         loss=1.3905  surf[p=36.3290 Ux=0.3871 Uy=0.2306]  vol[p=41.9308 Ux=1.9435 Uy=0.6909]
    val_geom_camber_rc         loss=0.6390  surf[p=47.1547 Ux=0.6901 Uy=0.3764]  vol[p=51.1037 Ux=2.6416 Uy=1.1858]
    val_geom_camber_cruise     loss=0.1652  surf[p=20.6800 Ux=0.2720 Uy=0.1584]  vol[p=22.0873 Ux=1.2652 Uy=0.4467]
    val_re_rand                loss=0.7254  surf[p=36.0597 Ux=0.4720 Uy=0.2608]  vol[p=37.4245 Ux=1.8329 Uy=0.7776]
Epoch  89 (251s) [84.7GB]  train[vol=0.2212 surf=0.1063]  val_avg_surf_p=35.1529
    val_single_in_dist         loss=1.3788  surf[p=36.4066 Ux=0.3900 Uy=0.2299]  vol[p=41.6854 Ux=1.9379 Uy=0.6913]
    val_geom_camber_rc         loss=0.6437  surf[p=47.4651 Ux=0.6973 Uy=0.3771]  vol[p=51.2381 Ux=2.6357 Uy=1.1850]
    val_geom_camber_cruise     loss=0.1643  surf[p=20.5780 Ux=0.2763 Uy=0.1569]  vol[p=22.0810 Ux=1.2612 Uy=0.4447]
    val_re_rand                loss=0.7480  surf[p=36.1620 Ux=0.4803 Uy=0.2601]  vol[p=37.4968 Ux=1.8311 Uy=0.7765]
Epoch  90 (251s) [84.7GB]  train[vol=0.2310 surf=0.1125]  val_avg_surf_p=34.9168 *
    val_single_in_dist         loss=1.3031  surf[p=36.3998 Ux=0.3851 Uy=0.2298]  vol[p=41.6496 Ux=1.9308 Uy=0.6885]
    val_geom_camber_rc         loss=0.6427  surf[p=47.1333 Ux=0.6908 Uy=0.3752]  vol[p=50.9013 Ux=2.6288 Uy=1.1813]
    val_geom_camber_cruise     loss=0.1628  surf[p=20.3812 Ux=0.2734 Uy=0.1556]  vol[p=21.9994 Ux=1.2607 Uy=0.4430]
    val_re_rand                loss=0.7327  surf[p=35.7529 Ux=0.4743 Uy=0.2585]  vol[p=37.1430 Ux=1.8252 Uy=0.7728]
Epoch  91 (245s) [84.7GB]  train[vol=0.2293 surf=0.1105]  val_avg_surf_p=34.7985 *
    val_single_in_dist         loss=1.2732  surf[p=36.2632 Ux=0.3913 Uy=0.2299]  vol[p=41.5105 Ux=1.9228 Uy=0.6846]
    val_geom_camber_rc         loss=0.6341  surf[p=46.5515 Ux=0.6977 Uy=0.3726]  vol[p=50.3655 Ux=2.6173 Uy=1.1741]
    val_geom_camber_cruise     loss=0.1621  surf[p=20.2838 Ux=0.2792 Uy=0.1546]  vol[p=21.8960 Ux=1.2550 Uy=0.4415]
    val_re_rand                loss=0.7294  surf[p=36.0953 Ux=0.4880 Uy=0.2591]  vol[p=37.3224 Ux=1.8264 Uy=0.7719]
Epoch  92 (248s) [84.7GB]  train[vol=0.2216 surf=0.1074]  val_avg_surf_p=34.6441 *
    val_single_in_dist         loss=1.1906  surf[p=35.9753 Ux=0.3805 Uy=0.2304]  vol[p=41.6111 Ux=1.9160 Uy=0.6827]
    val_geom_camber_rc         loss=0.6316  surf[p=46.5027 Ux=0.6861 Uy=0.3726]  vol[p=50.2169 Ux=2.6123 Uy=1.1710]
    val_geom_camber_cruise     loss=0.1609  surf[p=20.1830 Ux=0.2756 Uy=0.1540]  vol[p=21.8325 Ux=1.2561 Uy=0.4401]
    val_re_rand                loss=0.7292  surf[p=35.9153 Ux=0.4821 Uy=0.2588]  vol[p=37.2836 Ux=1.8256 Uy=0.7698]
Epoch  93 (248s) [84.7GB]  train[vol=0.2304 surf=0.1096]  val_avg_surf_p=34.4006 *
    val_single_in_dist         loss=1.2332  surf[p=36.0229 Ux=0.3812 Uy=0.2294]  vol[p=41.2122 Ux=1.9100 Uy=0.6798]
    val_geom_camber_rc         loss=0.6164  surf[p=45.7741 Ux=0.6847 Uy=0.3691]  vol[p=49.4818 Ux=2.5932 Uy=1.1623]
    val_geom_camber_cruise     loss=0.1594  surf[p=20.1350 Ux=0.2728 Uy=0.1527]  vol[p=21.7710 Ux=1.2530 Uy=0.4390]
    val_re_rand                loss=0.7106  surf[p=35.6706 Ux=0.4785 Uy=0.2569]  vol[p=37.1226 Ux=1.8161 Uy=0.7644]
Epoch  94 (248s) [84.7GB]  train[vol=0.2129 surf=0.1011]  val_avg_surf_p=34.5864
    val_single_in_dist         loss=1.2961  surf[p=36.3006 Ux=0.3775 Uy=0.2288]  vol[p=41.3552 Ux=1.9049 Uy=0.6766]
    val_geom_camber_rc         loss=0.6149  surf[p=45.8724 Ux=0.6836 Uy=0.3682]  vol[p=49.5338 Ux=2.5885 Uy=1.1606]
    val_geom_camber_cruise     loss=0.1615  surf[p=20.1785 Ux=0.2751 Uy=0.1535]  vol[p=21.7174 Ux=1.2518 Uy=0.4374]
    val_re_rand                loss=0.7174  surf[p=35.9939 Ux=0.4787 Uy=0.2577]  vol[p=37.2816 Ux=1.8133 Uy=0.7639]
Epoch  95 (250s) [84.7GB]  train[vol=0.2213 surf=0.1043]  val_avg_surf_p=34.5100
    val_single_in_dist         loss=1.2496  surf[p=35.8648 Ux=0.3773 Uy=0.2264]  vol[p=41.0656 Ux=1.8988 Uy=0.6716]
    val_geom_camber_rc         loss=0.6245  surf[p=46.4073 Ux=0.6847 Uy=0.3702]  vol[p=49.9942 Ux=2.5924 Uy=1.1637]
    val_geom_camber_cruise     loss=0.1610  surf[p=20.1506 Ux=0.2683 Uy=0.1530]  vol[p=21.7072 Ux=1.2459 Uy=0.4364]
    val_re_rand                loss=0.7194  surf[p=35.6170 Ux=0.4717 Uy=0.2567]  vol[p=36.8336 Ux=1.8011 Uy=0.7605]
Epoch  96 (250s) [84.7GB]  train[vol=0.2246 surf=0.1080]  val_avg_surf_p=34.2169 *
    val_single_in_dist         loss=1.1390  surf[p=35.1111 Ux=0.3788 Uy=0.2247]  vol[p=40.5315 Ux=1.8886 Uy=0.6681]
    val_geom_camber_rc         loss=0.6212  surf[p=46.2303 Ux=0.6801 Uy=0.3695]  vol[p=49.7123 Ux=2.5824 Uy=1.1625]
    val_geom_camber_cruise     loss=0.1621  surf[p=20.1455 Ux=0.2714 Uy=0.1526]  vol[p=21.6757 Ux=1.2450 Uy=0.4366]
    val_re_rand                loss=0.6896  surf[p=35.3807 Ux=0.4691 Uy=0.2546]  vol[p=36.5825 Ux=1.7914 Uy=0.7563]
Epoch  97 (246s) [84.7GB]  train[vol=0.2287 surf=0.1118]  val_avg_surf_p=34.0627 *
    val_single_in_dist         loss=1.1311  surf[p=35.3423 Ux=0.3769 Uy=0.2249]  vol[p=40.6035 Ux=1.8790 Uy=0.6660]
    val_geom_camber_rc         loss=0.6135  surf[p=45.8683 Ux=0.6775 Uy=0.3672]  vol[p=49.4305 Ux=2.5689 Uy=1.1579]
    val_geom_camber_cruise     loss=0.1622  surf[p=20.1213 Ux=0.2710 Uy=0.1526]  vol[p=21.6558 Ux=1.2404 Uy=0.4351]
    val_re_rand                loss=0.6853  surf[p=34.9190 Ux=0.4680 Uy=0.2530]  vol[p=36.1628 Ux=1.7814 Uy=0.7510]
Epoch  98 (250s) [84.7GB]  train[vol=0.2119 surf=0.1020]  val_avg_surf_p=33.9904 *
    val_single_in_dist         loss=1.1254  surf[p=35.2079 Ux=0.3748 Uy=0.2238]  vol[p=40.5902 Ux=1.8789 Uy=0.6657]
    val_geom_camber_rc         loss=0.6089  surf[p=45.7437 Ux=0.6709 Uy=0.3662]  vol[p=49.3720 Ux=2.5652 Uy=1.1575]
    val_geom_camber_cruise     loss=0.1617  surf[p=20.0982 Ux=0.2648 Uy=0.1521]  vol[p=21.6164 Ux=1.2332 Uy=0.4341]
    val_re_rand                loss=0.6979  surf[p=34.9119 Ux=0.4638 Uy=0.2529]  vol[p=36.1283 Ux=1.7801 Uy=0.7502]
Epoch  99 (248s) [84.7GB]  train[vol=0.2066 surf=0.0949]  val_avg_surf_p=33.7490 *
    val_single_in_dist         loss=1.0802  surf[p=34.5699 Ux=0.3741 Uy=0.2236]  vol[p=40.2906 Ux=1.8704 Uy=0.6604]
    val_geom_camber_rc         loss=0.6078  surf[p=45.6731 Ux=0.6685 Uy=0.3658]  vol[p=49.1791 Ux=2.5550 Uy=1.1523]
    val_geom_camber_cruise     loss=0.1617  surf[p=19.9567 Ux=0.2662 Uy=0.1528]  vol[p=21.5626 Ux=1.2325 Uy=0.4330]
    val_re_rand                loss=0.6864  surf[p=34.7964 Ux=0.4636 Uy=0.2533]  vol[p=35.9713 Ux=1.7773 Uy=0.7477]
Epoch 100 (248s) [84.7GB]  train[vol=0.2073 surf=0.0970]  val_avg_surf_p=33.7316 *
    val_single_in_dist         loss=0.9951  surf[p=34.7796 Ux=0.3821 Uy=0.2223]  vol[p=40.4039 Ux=1.8706 Uy=0.6568]
    val_geom_camber_rc         loss=0.6067  surf[p=45.4202 Ux=0.6807 Uy=0.3639]  vol[p=49.0450 Ux=2.5543 Uy=1.1494]
    val_geom_camber_cruise     loss=0.1580  surf[p=19.7167 Ux=0.2710 Uy=0.1505]  vol[p=21.3423 Ux=1.2224 Uy=0.4311]
    val_re_rand                loss=0.6758  surf[p=35.0099 Ux=0.4756 Uy=0.2529]  vol[p=36.0138 Ux=1.7738 Uy=0.7476]
Epoch 101 (249s) [84.7GB]  train[vol=0.2207 surf=0.1050]  val_avg_surf_p=33.5652 *
    val_single_in_dist         loss=0.9053  surf[p=34.5505 Ux=0.3700 Uy=0.2208]  vol[p=40.4400 Ux=1.8686 Uy=0.6511]
    val_geom_camber_rc         loss=0.6099  surf[p=45.2633 Ux=0.6691 Uy=0.3637]  vol[p=49.1285 Ux=2.5505 Uy=1.1489]
    val_geom_camber_cruise     loss=0.1576  surf[p=19.6374 Ux=0.2617 Uy=0.1510]  vol[p=21.1641 Ux=1.2197 Uy=0.4298]
    val_re_rand                loss=0.6641  surf[p=34.8096 Ux=0.4626 Uy=0.2517]  vol[p=35.7706 Ux=1.7636 Uy=0.7453]
Epoch 102 (251s) [84.7GB]  train[vol=0.2150 surf=0.1020]  val_avg_surf_p=33.3756 *
    val_single_in_dist         loss=0.8571  surf[p=34.1798 Ux=0.3696 Uy=0.2192]  vol[p=40.4106 Ux=1.8588 Uy=0.6462]
    val_geom_camber_rc         loss=0.6114  surf[p=45.2509 Ux=0.6656 Uy=0.3636]  vol[p=49.2624 Ux=2.5511 Uy=1.1475]
    val_geom_camber_cruise     loss=0.1571  surf[p=19.6148 Ux=0.2634 Uy=0.1508]  vol[p=21.0659 Ux=1.2185 Uy=0.4292]
    val_re_rand                loss=0.6494  surf[p=34.4570 Ux=0.4613 Uy=0.2503]  vol[p=35.4455 Ux=1.7589 Uy=0.7428]
Epoch 103 (248s) [84.7GB]  train[vol=0.2127 surf=0.0972]  val_avg_surf_p=33.3495 *
    val_single_in_dist         loss=0.8593  surf[p=34.0559 Ux=0.3707 Uy=0.2201]  vol[p=40.1541 Ux=1.8531 Uy=0.6429]
    val_geom_camber_rc         loss=0.6136  surf[p=45.4526 Ux=0.6648 Uy=0.3643]  vol[p=49.5367 Ux=2.5479 Uy=1.1482]
    val_geom_camber_cruise     loss=0.1573  surf[p=19.4355 Ux=0.2670 Uy=0.1498]  vol[p=20.9440 Ux=1.2214 Uy=0.4281]
    val_re_rand                loss=0.6762  surf[p=34.4540 Ux=0.4613 Uy=0.2510]  vol[p=35.4090 Ux=1.7538 Uy=0.7425]
Epoch 104 (243s) [84.7GB]  train[vol=0.2067 surf=0.0957]  val_avg_surf_p=33.2486 *
    val_single_in_dist         loss=0.9683  surf[p=34.3848 Ux=0.3702 Uy=0.2199]  vol[p=40.0958 Ux=1.8462 Uy=0.6411]
    val_geom_camber_rc         loss=0.5998  surf[p=44.8478 Ux=0.6686 Uy=0.3631]  vol[p=49.0631 Ux=2.5367 Uy=1.1421]
    val_geom_camber_cruise     loss=0.1570  surf[p=19.3821 Ux=0.2692 Uy=0.1496]  vol[p=20.8823 Ux=1.2159 Uy=0.4275]
    val_re_rand                loss=0.6680  surf[p=34.3797 Ux=0.4652 Uy=0.2497]  vol[p=35.3289 Ux=1.7475 Uy=0.7400]
Epoch 105 (247s) [84.7GB]  train[vol=0.2048 surf=0.0977]  val_avg_surf_p=33.1835 *
    val_single_in_dist         loss=1.0698  surf[p=34.5999 Ux=0.3642 Uy=0.2187]  vol[p=39.9649 Ux=1.8419 Uy=0.6392]
    val_geom_camber_rc         loss=0.5922  surf[p=44.4071 Ux=0.6600 Uy=0.3619]  vol[p=48.7778 Ux=2.5294 Uy=1.1374]
    val_geom_camber_cruise     loss=0.1570  surf[p=19.5009 Ux=0.2627 Uy=0.1491]  vol[p=20.9752 Ux=1.2114 Uy=0.4265]
    val_re_rand                loss=0.6769  surf[p=34.2259 Ux=0.4582 Uy=0.2488]  vol[p=35.2855 Ux=1.7438 Uy=0.7379]
Epoch 106 (246s) [84.7GB]  train[vol=0.2100 surf=0.0979]  val_avg_surf_p=32.9931 *
    val_single_in_dist         loss=1.1172  surf[p=34.4431 Ux=0.3644 Uy=0.2189]  vol[p=39.8771 Ux=1.8384 Uy=0.6401]
    val_geom_camber_rc         loss=0.5875  surf[p=44.0343 Ux=0.6610 Uy=0.3605]  vol[p=48.3589 Ux=2.5228 Uy=1.1313]
    val_geom_camber_cruise     loss=0.1554  surf[p=19.4505 Ux=0.2645 Uy=0.1490]  vol[p=20.8038 Ux=1.2082 Uy=0.4239]
    val_re_rand                loss=0.6726  surf[p=34.0444 Ux=0.4604 Uy=0.2493]  vol[p=35.1455 Ux=1.7435 Uy=0.7374]
Epoch 107 (250s) [84.7GB]  train[vol=0.2017 surf=0.0946]  val_avg_surf_p=33.0906
    val_single_in_dist         loss=1.1323  surf[p=34.9198 Ux=0.3630 Uy=0.2196]  vol[p=40.2478 Ux=1.8361 Uy=0.6388]
    val_geom_camber_rc         loss=0.5880  surf[p=43.9966 Ux=0.6628 Uy=0.3590]  vol[p=48.1484 Ux=2.5206 Uy=1.1299]
    val_geom_camber_cruise     loss=0.1543  surf[p=19.3404 Ux=0.2579 Uy=0.1479]  vol[p=20.7231 Ux=1.2013 Uy=0.4226]
    val_re_rand                loss=0.6660  surf[p=34.1056 Ux=0.4586 Uy=0.2487]  vol[p=35.1852 Ux=1.7403 Uy=0.7368]
Epoch 108 (248s) [84.7GB]  train[vol=0.2023 surf=0.0919]  val_avg_surf_p=32.9438 *
    val_single_in_dist         loss=1.0811  surf[p=34.5450 Ux=0.3596 Uy=0.2198]  vol[p=39.9212 Ux=1.8334 Uy=0.6362]
    val_geom_camber_rc         loss=0.5878  surf[p=43.8873 Ux=0.6564 Uy=0.3583]  vol[p=47.9541 Ux=2.5167 Uy=1.1302]
    val_geom_camber_cruise     loss=0.1529  surf[p=19.1095 Ux=0.2540 Uy=0.1472]  vol[p=20.6299 Ux=1.1992 Uy=0.4215]
    val_re_rand                loss=0.6602  surf[p=34.2335 Ux=0.4571 Uy=0.2485]  vol[p=35.2596 Ux=1.7396 Uy=0.7366]
Epoch 109 (249s) [84.7GB]  train[vol=0.2076 surf=0.0950]  val_avg_surf_p=32.8860 *
    val_single_in_dist         loss=1.0594  surf[p=34.7178 Ux=0.3615 Uy=0.2184]  vol[p=40.0205 Ux=1.8318 Uy=0.6363]
    val_geom_camber_rc         loss=0.5805  surf[p=43.6324 Ux=0.6546 Uy=0.3578]  vol[p=47.5295 Ux=2.5109 Uy=1.1263]
    val_geom_camber_cruise     loss=0.1525  surf[p=19.0892 Ux=0.2582 Uy=0.1467]  vol[p=20.6244 Ux=1.1976 Uy=0.4204]
    val_re_rand                loss=0.6651  surf[p=34.1045 Ux=0.4577 Uy=0.2476]  vol[p=35.0759 Ux=1.7328 Uy=0.7342]
Epoch 110 (251s) [84.7GB]  train[vol=0.2052 surf=0.0940]  val_avg_surf_p=32.7225 *
    val_single_in_dist         loss=0.9649  surf[p=33.8513 Ux=0.3583 Uy=0.2165]  vol[p=39.5647 Ux=1.8226 Uy=0.6326]
    val_geom_camber_rc         loss=0.5846  surf[p=43.8741 Ux=0.6558 Uy=0.3582]  vol[p=47.4423 Ux=2.5064 Uy=1.1240]
    val_geom_camber_cruise     loss=0.1512  surf[p=18.9139 Ux=0.2614 Uy=0.1464]  vol[p=20.5500 Ux=1.1945 Uy=0.4191]
    val_re_rand                loss=0.6825  surf[p=34.2508 Ux=0.4598 Uy=0.2476]  vol[p=35.0988 Ux=1.7288 Uy=0.7328]
Epoch 111 (250s) [84.7GB]  train[vol=0.2026 surf=0.0937]  val_avg_surf_p=32.7714
    val_single_in_dist         loss=1.0403  surf[p=33.8623 Ux=0.3488 Uy=0.2164]  vol[p=39.4344 Ux=1.8139 Uy=0.6314]
    val_geom_camber_rc         loss=0.5885  surf[p=44.0243 Ux=0.6503 Uy=0.3574]  vol[p=47.5075 Ux=2.5010 Uy=1.1210]
    val_geom_camber_cruise     loss=0.1501  surf[p=18.8769 Ux=0.2501 Uy=0.1461]  vol[p=20.4806 Ux=1.1891 Uy=0.4180]
    val_re_rand                loss=0.6936  surf[p=34.3222 Ux=0.4535 Uy=0.2468]  vol[p=35.1120 Ux=1.7255 Uy=0.7313]
Epoch 112 (250s) [84.7GB]  train[vol=0.1993 surf=0.0913]  val_avg_surf_p=32.9607
    val_single_in_dist         loss=1.2085  surf[p=34.9047 Ux=0.3497 Uy=0.2166]  vol[p=39.4161 Ux=1.8085 Uy=0.6307]
    val_geom_camber_rc         loss=0.5882  surf[p=43.9921 Ux=0.6512 Uy=0.3573]  vol[p=47.3422 Ux=2.4934 Uy=1.1178]
    val_geom_camber_cruise     loss=0.1503  surf[p=18.9268 Ux=0.2528 Uy=0.1461]  vol[p=20.4368 Ux=1.1886 Uy=0.4182]
    val_re_rand                loss=0.6775  surf[p=34.0192 Ux=0.4521 Uy=0.2448]  vol[p=34.9173 Ux=1.7198 Uy=0.7285]
Epoch 113 (246s) [84.7GB]  train[vol=0.2023 surf=0.0940]  val_avg_surf_p=32.7235
    val_single_in_dist         loss=1.2526  surf[p=34.7366 Ux=0.3503 Uy=0.2151]  vol[p=39.4055 Ux=1.8003 Uy=0.6278]
    val_geom_camber_rc         loss=0.5821  surf[p=43.7634 Ux=0.6529 Uy=0.3574]  vol[p=47.1143 Ux=2.4863 Uy=1.1149]
    val_geom_camber_cruise     loss=0.1483  surf[p=18.8373 Ux=0.2574 Uy=0.1455]  vol[p=20.4573 Ux=1.1876 Uy=0.4167]
    val_re_rand                loss=0.6818  surf[p=33.5566 Ux=0.4509 Uy=0.2432]  vol[p=34.4751 Ux=1.7109 Uy=0.7240]
Epoch 114 (249s) [84.7GB]  train[vol=0.2019 surf=0.0910]  val_avg_surf_p=32.3392 *
    val_single_in_dist         loss=1.0157  surf[p=33.1840 Ux=0.3453 Uy=0.2135]  vol[p=38.4868 Ux=1.7841 Uy=0.6228]
    val_geom_camber_rc         loss=0.5826  surf[p=43.8541 Ux=0.6546 Uy=0.3571]  vol[p=47.2196 Ux=2.4817 Uy=1.1128]
    val_geom_camber_cruise     loss=0.1471  surf[p=18.7368 Ux=0.2600 Uy=0.1445]  vol[p=20.3709 Ux=1.1849 Uy=0.4149]
    val_re_rand                loss=0.6832  surf[p=33.5816 Ux=0.4532 Uy=0.2433]  vol[p=34.5173 Ux=1.7089 Uy=0.7228]
Epoch 115 (251s) [84.7GB]  train[vol=0.1992 surf=0.0899]  val_avg_surf_p=32.3392
    val_single_in_dist         loss=0.9500  surf[p=32.6890 Ux=0.3371 Uy=0.2129]  vol[p=38.1572 Ux=1.7727 Uy=0.6189]
    val_geom_camber_rc         loss=0.5814  surf[p=44.0897 Ux=0.6493 Uy=0.3573]  vol[p=47.3591 Ux=2.4762 Uy=1.1104]
    val_geom_camber_cruise     loss=0.1480  surf[p=18.8437 Ux=0.2505 Uy=0.1442]  vol[p=20.4158 Ux=1.1794 Uy=0.4137]
    val_re_rand                loss=0.6937  surf[p=33.7344 Ux=0.4485 Uy=0.2432]  vol[p=34.5536 Ux=1.7062 Uy=0.7220]
Epoch 116 (247s) [84.7GB]  train[vol=0.1956 surf=0.0912]  val_avg_surf_p=32.1517 *
    val_single_in_dist         loss=0.8931  surf[p=32.1889 Ux=0.3390 Uy=0.2111]  vol[p=37.7932 Ux=1.7720 Uy=0.6165]
    val_geom_camber_rc         loss=0.5791  surf[p=43.9074 Ux=0.6429 Uy=0.3557]  vol[p=47.1733 Ux=2.4677 Uy=1.1076]
    val_geom_camber_cruise     loss=0.1470  surf[p=18.6569 Ux=0.2488 Uy=0.1437]  vol[p=20.2197 Ux=1.1772 Uy=0.4121]
    val_re_rand                loss=0.7180  surf[p=33.8537 Ux=0.4477 Uy=0.2439]  vol[p=34.6048 Ux=1.7060 Uy=0.7223]
Epoch 117 (248s) [84.7GB]  train[vol=0.2004 surf=0.0943]  val_avg_surf_p=32.1212 *
    val_single_in_dist         loss=0.9816  surf[p=32.4424 Ux=0.3382 Uy=0.2105]  vol[p=37.6356 Ux=1.7684 Uy=0.6138]
    val_geom_camber_rc         loss=0.5801  surf[p=43.8177 Ux=0.6403 Uy=0.3549]  vol[p=46.9472 Ux=2.4596 Uy=1.1067]
    val_geom_camber_cruise     loss=0.1462  surf[p=18.6399 Ux=0.2518 Uy=0.1436]  vol[p=20.1384 Ux=1.1772 Uy=0.4110]
    val_re_rand                loss=0.7263  surf[p=33.5849 Ux=0.4469 Uy=0.2435]  vol[p=34.4211 Ux=1.7028 Uy=0.7213]
Epoch 118 (247s) [84.7GB]  train[vol=0.1905 surf=0.0853]  val_avg_surf_p=32.0352 *
    val_single_in_dist         loss=0.9696  surf[p=32.3321 Ux=0.3398 Uy=0.2101]  vol[p=37.7247 Ux=1.7681 Uy=0.6117]
    val_geom_camber_rc         loss=0.5768  surf[p=43.8102 Ux=0.6465 Uy=0.3542]  vol[p=46.9516 Ux=2.4555 Uy=1.1059]
    val_geom_camber_cruise     loss=0.1436  surf[p=18.4110 Ux=0.2570 Uy=0.1433]  vol[p=19.9854 Ux=1.1724 Uy=0.4091]
    val_re_rand                loss=0.7327  surf[p=33.5875 Ux=0.4525 Uy=0.2432]  vol[p=34.3537 Ux=1.7028 Uy=0.7203]
Epoch 119 (250s) [84.7GB]  train[vol=0.1978 surf=0.0916]  val_avg_surf_p=32.4477
    val_single_in_dist         loss=1.2899  surf[p=34.1300 Ux=0.3366 Uy=0.2119]  vol[p=38.8206 Ux=1.7717 Uy=0.6151]
    val_geom_camber_rc         loss=0.5670  surf[p=43.5188 Ux=0.6374 Uy=0.3526]  vol[p=46.7498 Ux=2.4466 Uy=1.1034]
    val_geom_camber_cruise     loss=0.1437  surf[p=18.2948 Ux=0.2458 Uy=0.1436]  vol[p=19.8938 Ux=1.1676 Uy=0.4094]
    val_re_rand                loss=0.7295  surf[p=33.8474 Ux=0.4435 Uy=0.2435]  vol[p=34.5529 Ux=1.6992 Uy=0.7209]
Epoch 120 (249s) [84.7GB]  train[vol=0.1871 surf=0.0829]  val_avg_surf_p=32.2633
    val_single_in_dist         loss=1.1675  surf[p=33.6646 Ux=0.3349 Uy=0.2117]  vol[p=38.4251 Ux=1.7635 Uy=0.6125]
    val_geom_camber_rc         loss=0.5672  surf[p=43.3706 Ux=0.6340 Uy=0.3516]  vol[p=46.7623 Ux=2.4439 Uy=1.1024]
    val_geom_camber_cruise     loss=0.1426  surf[p=18.2685 Ux=0.2449 Uy=0.1432]  vol[p=19.8402 Ux=1.1625 Uy=0.4078]
    val_re_rand                loss=0.6953  surf[p=33.7498 Ux=0.4444 Uy=0.2432]  vol[p=34.4307 Ux=1.6978 Uy=0.7201]
Epoch 121 (249s) [84.7GB]  train[vol=0.1902 surf=0.0857]  val_avg_surf_p=32.2531
    val_single_in_dist         loss=1.1823  surf[p=33.5754 Ux=0.3334 Uy=0.2108]  vol[p=38.3543 Ux=1.7590 Uy=0.6101]
    val_geom_camber_rc         loss=0.5719  surf[p=43.2576 Ux=0.6356 Uy=0.3512]  vol[p=46.8177 Ux=2.4454 Uy=1.1026]
    val_geom_camber_cruise     loss=0.1429  surf[p=18.2660 Ux=0.2465 Uy=0.1425]  vol[p=19.7804 Ux=1.1596 Uy=0.4069]
    val_re_rand                loss=0.6898  surf[p=33.9133 Ux=0.4481 Uy=0.2432]  vol[p=34.5671 Ux=1.6963 Uy=0.7199]
Epoch 122 (247s) [84.7GB]  train[vol=0.2006 surf=0.0915]  val_avg_surf_p=32.0654
    val_single_in_dist         loss=1.1552  surf[p=33.3931 Ux=0.3318 Uy=0.2102]  vol[p=38.1317 Ux=1.7563 Uy=0.6081]
    val_geom_camber_rc         loss=0.5623  surf[p=43.0550 Ux=0.6404 Uy=0.3517]  vol[p=46.6974 Ux=2.4432 Uy=1.1015]
    val_geom_camber_cruise     loss=0.1416  surf[p=18.2616 Ux=0.2465 Uy=0.1418]  vol[p=19.8150 Ux=1.1589 Uy=0.4059]
    val_re_rand                loss=0.6987  surf[p=33.5519 Ux=0.4420 Uy=0.2417]  vol[p=34.1998 Ux=1.6891 Uy=0.7174]
Epoch 123 (250s) [84.7GB]  train[vol=0.1935 surf=0.0872]  val_avg_surf_p=31.4529 *
    val_single_in_dist         loss=0.7944  surf[p=30.9729 Ux=0.3247 Uy=0.2098]  vol[p=36.5477 Ux=1.7394 Uy=0.6001]
    val_geom_camber_rc         loss=0.5663  surf[p=43.1042 Ux=0.6345 Uy=0.3510]  vol[p=46.7784 Ux=2.4355 Uy=1.0993]
    val_geom_camber_cruise     loss=0.1406  surf[p=18.2921 Ux=0.2452 Uy=0.1420]  vol[p=19.7890 Ux=1.1579 Uy=0.4046]
    val_re_rand                loss=0.6980  surf[p=33.4427 Ux=0.4417 Uy=0.2415]  vol[p=34.0721 Ux=1.6877 Uy=0.7160]
Epoch 124 (247s) [84.7GB]  train[vol=0.1865 surf=0.0832]  val_avg_surf_p=31.3596 *
    val_single_in_dist         loss=0.7709  surf[p=30.6102 Ux=0.3264 Uy=0.2093]  vol[p=36.3160 Ux=1.7339 Uy=0.5979]
    val_geom_camber_rc         loss=0.5655  surf[p=43.0396 Ux=0.6344 Uy=0.3507]  vol[p=46.5625 Ux=2.4343 Uy=1.0949]
    val_geom_camber_cruise     loss=0.1401  surf[p=18.2118 Ux=0.2494 Uy=0.1409]  vol[p=19.7006 Ux=1.1574 Uy=0.4041]
    val_re_rand                loss=0.7005  surf[p=33.5770 Ux=0.4430 Uy=0.2410]  vol[p=33.9817 Ux=1.6848 Uy=0.7139]
Epoch 125 (252s) [84.7GB]  train[vol=0.1820 surf=0.0805]  val_avg_surf_p=31.3051 *
    val_single_in_dist         loss=0.7781  surf[p=30.5242 Ux=0.3276 Uy=0.2095]  vol[p=35.8848 Ux=1.7258 Uy=0.5967]
    val_geom_camber_rc         loss=0.5651  surf[p=42.9096 Ux=0.6333 Uy=0.3500]  vol[p=46.4434 Ux=2.4315 Uy=1.0920]
    val_geom_camber_cruise     loss=0.1400  surf[p=18.1691 Ux=0.2560 Uy=0.1406]  vol[p=19.6228 Ux=1.1646 Uy=0.4030]
    val_re_rand                loss=0.7161  surf[p=33.6174 Ux=0.4420 Uy=0.2411]  vol[p=33.9509 Ux=1.6826 Uy=0.7117]
Epoch 126 (248s) [84.7GB]  train[vol=0.1817 surf=0.0808]  val_avg_surf_p=31.2343 *
    val_single_in_dist         loss=0.7599  surf[p=30.5002 Ux=0.3263 Uy=0.2095]  vol[p=36.1204 Ux=1.7232 Uy=0.5960]
    val_geom_camber_rc         loss=0.5668  surf[p=42.9826 Ux=0.6337 Uy=0.3497]  vol[p=46.4394 Ux=2.4238 Uy=1.0882]
    val_geom_camber_cruise     loss=0.1388  surf[p=18.1143 Ux=0.2524 Uy=0.1405]  vol[p=19.5648 Ux=1.1571 Uy=0.4025]
    val_re_rand                loss=0.6920  surf[p=33.3400 Ux=0.4436 Uy=0.2404]  vol[p=33.7305 Ux=1.6791 Uy=0.7090]
Epoch 127 (250s) [84.7GB]  train[vol=0.2005 surf=0.0901]  val_avg_surf_p=31.2991
    val_single_in_dist         loss=0.7891  surf[p=30.6666 Ux=0.3250 Uy=0.2088]  vol[p=36.2034 Ux=1.7226 Uy=0.5960]
    val_geom_camber_rc         loss=0.5675  surf[p=43.0965 Ux=0.6377 Uy=0.3491]  vol[p=46.6291 Ux=2.4213 Uy=1.0875]
    val_geom_camber_cruise     loss=0.1410  surf[p=18.2426 Ux=0.2469 Uy=0.1404]  vol[p=19.6253 Ux=1.1514 Uy=0.4025]
    val_re_rand                loss=0.6984  surf[p=33.1907 Ux=0.4441 Uy=0.2395]  vol[p=33.6018 Ux=1.6761 Uy=0.7082]
Epoch 128 (249s) [84.7GB]  train[vol=0.1917 surf=0.0846]  val_avg_surf_p=31.6266
    val_single_in_dist         loss=1.0112  surf[p=32.2504 Ux=0.3254 Uy=0.2084]  vol[p=37.3465 Ux=1.7317 Uy=0.5997]
    val_geom_camber_rc         loss=0.5700  surf[p=43.0192 Ux=0.6331 Uy=0.3491]  vol[p=46.4977 Ux=2.4165 Uy=1.0866]
    val_geom_camber_cruise     loss=0.1403  surf[p=18.1363 Ux=0.2499 Uy=0.1407]  vol[p=19.5134 Ux=1.1534 Uy=0.4019]
    val_re_rand                loss=0.6876  surf[p=33.1004 Ux=0.4444 Uy=0.2389]  vol[p=33.4972 Ux=1.6736 Uy=0.7056]
Epoch 129 (250s) [84.7GB]  train[vol=0.1804 surf=0.0793]  val_avg_surf_p=31.8480
    val_single_in_dist         loss=1.1733  surf[p=33.4797 Ux=0.3253 Uy=0.2086]  vol[p=37.8606 Ux=1.7353 Uy=0.6013]
    val_geom_camber_rc         loss=0.5721  surf[p=43.0808 Ux=0.6319 Uy=0.3492]  vol[p=46.4974 Ux=2.4154 Uy=1.0860]
    val_geom_camber_cruise     loss=0.1383  surf[p=17.8796 Ux=0.2467 Uy=0.1401]  vol[p=19.2901 Ux=1.1508 Uy=0.4001]
    val_re_rand                loss=0.6658  surf[p=32.9517 Ux=0.4413 Uy=0.2380]  vol[p=33.3098 Ux=1.6721 Uy=0.7035]
Epoch 130 (247s) [84.7GB]  train[vol=0.1799 surf=0.0789]  val_avg_surf_p=31.8693
    val_single_in_dist         loss=1.2516  surf[p=33.8247 Ux=0.3229 Uy=0.2091]  vol[p=37.9881 Ux=1.7333 Uy=0.5987]
    val_geom_camber_rc         loss=0.5719  surf[p=42.9100 Ux=0.6279 Uy=0.3496]  vol[p=46.3341 Ux=2.4126 Uy=1.0858]
    val_geom_camber_cruise     loss=0.1382  surf[p=17.8856 Ux=0.2435 Uy=0.1395]  vol[p=19.2415 Ux=1.1452 Uy=0.3996]
    val_re_rand                loss=0.6637  surf[p=32.8569 Ux=0.4392 Uy=0.2377]  vol[p=33.1286 Ux=1.6683 Uy=0.7022]
Epoch 131 (251s) [84.7GB]  train[vol=0.1806 surf=0.0820]  val_avg_surf_p=31.4311
    val_single_in_dist         loss=1.0594  surf[p=32.4321 Ux=0.3205 Uy=0.2073]  vol[p=36.6705 Ux=1.7210 Uy=0.5922]
    val_geom_camber_rc         loss=0.5653  surf[p=42.7066 Ux=0.6266 Uy=0.3488]  vol[p=46.0312 Ux=2.4056 Uy=1.0814]
    val_geom_camber_cruise     loss=0.1370  surf[p=17.8281 Ux=0.2447 Uy=0.1392]  vol[p=19.1890 Ux=1.1422 Uy=0.3987]
    val_re_rand                loss=0.6559  surf[p=32.7577 Ux=0.4385 Uy=0.2373]  vol[p=33.0236 Ux=1.6636 Uy=0.7002]
Epoch 132 (250s) [84.7GB]  train[vol=0.1812 surf=0.0806]  val_avg_surf_p=31.1398 *
    val_single_in_dist         loss=0.9836  surf[p=32.0745 Ux=0.3221 Uy=0.2085]  vol[p=36.5590 Ux=1.7216 Uy=0.5912]
    val_geom_camber_rc         loss=0.5571  surf[p=42.3765 Ux=0.6255 Uy=0.3481]  vol[p=45.7655 Ux=2.3979 Uy=1.0781]
    val_geom_camber_cruise     loss=0.1357  surf[p=17.6716 Ux=0.2438 Uy=0.1388]  vol[p=19.1049 Ux=1.1382 Uy=0.3972]
    val_re_rand                loss=0.6656  surf[p=32.4367 Ux=0.4365 Uy=0.2371]  vol[p=32.7839 Ux=1.6578 Uy=0.6964]
Epoch 133 (250s) [84.7GB]  train[vol=0.1755 surf=0.0747]  val_avg_surf_p=31.0410 *
