wandb: [wandb.login()] Loaded credentials for https://api.wandb.ai from WANDB_API_KEY.
wandb: W&B API key is configured. Use `wandb login --relogin` to force relogin
wandb: Tracking run with wandb version 0.26.1
wandb: Run data is saved locally in /workspace/ml-intern-benchmark/target/wandb/run-20260501_155715-r5rd8ydh
wandb: Run `wandb offline` to turn off syncing.
wandb: Syncing run mlintern-pai2-72h-v4-r1/r6-onecycle-ema-lr5e4-300
wandb: ⭐️ View project at https://wandb.ai/wandb-applied-ai-team/senpai-v1-ml-intern
wandb: 🚀 View run at https://wandb.ai/wandb-applied-ai-team/senpai-v1-ml-intern/runs/r5rd8ydh
Device: cuda
Train: 1499, val_single_in_dist: 100, val_geom_camber_rc: 100, val_geom_camber_cruise: 100, val_re_rand: 100
Model: Transolver (0.66M params)
EMA enabled: decay=0.999
Epoch   1 (99s) [32.6GB]  train[vol=1.5009 surf=1.2693]  val_avg_surf_p=371.2177 *
    val_single_in_dist         loss=53.1575  surf[p=511.6764 Ux=23.4150 Uy=2.4265]  vol[p=484.5552 Ux=20.7119 Uy=6.0791]
    val_geom_camber_rc         loss=31.9221  surf[p=443.8734 Ux=19.5112 Uy=2.9452]  vol[p=412.4434 Ux=14.4674 Uy=6.5286]
    val_geom_camber_cruise     loss=18.1176  surf[p=232.1431 Ux=21.5852 Uy=1.3958]  vol[p=230.1811 Ux=16.8322 Uy=3.4679]
    val_re_rand                loss=21.8092  surf[p=297.1779 Ux=20.0474 Uy=1.9542]  vol[p=282.7472 Ux=15.0282 Uy=4.5731]
Epoch   2 (98s) [32.9GB]  train[vol=1.0944 surf=0.6965]  val_avg_surf_p=350.3037 *
    val_single_in_dist         loss=47.2596  surf[p=494.6040 Ux=17.9954 Uy=2.3071]  vol[p=436.0338 Ux=17.6077 Uy=5.8230]
    val_geom_camber_rc         loss=26.7151  surf[p=416.6798 Ux=14.4715 Uy=2.8051]  vol[p=363.2496 Ux=12.3886 Uy=6.2281]
    val_geom_camber_cruise     loss=12.6673  surf[p=213.6469 Ux=15.9246 Uy=1.3853]  vol[p=205.2196 Ux=13.3030 Uy=3.3664]
    val_re_rand                loss=16.7102  surf[p=276.2841 Ux=14.7139 Uy=1.8865]  vol[p=246.1176 Ux=12.1809 Uy=4.3833]
Epoch   3 (98s) [32.9GB]  train[vol=0.9441 surf=0.5889]  val_avg_surf_p=326.0364 *
    val_single_in_dist         loss=40.1007  surf[p=468.6900 Ux=11.7827 Uy=2.0296]  vol[p=380.3484 Ux=14.1712 Uy=5.4247]
    val_geom_camber_rc         loss=21.5264  surf[p=375.3851 Ux=10.0847 Uy=2.4390]  vol[p=305.8887 Ux=10.3639 Uy=5.7243]
    val_geom_camber_cruise     loss=8.4981  surf[p=204.5449 Ux=10.1996 Uy=1.2691]  vol[p=181.1902 Ux=9.7767 Uy=3.1733]
    val_re_rand                loss=12.5157  surf[p=255.5257 Ux=9.7906 Uy=1.6623]  vol[p=207.9948 Ux=9.4504 Uy=4.0558]
Epoch   4 (97s) [32.9GB]  train[vol=0.8437 surf=0.5057]  val_avg_surf_p=286.0120 *
    val_single_in_dist         loss=32.7131  surf[p=413.2474 Ux=7.4103 Uy=1.6702]  vol[p=331.8276 Ux=11.2693 Uy=4.9514]
    val_geom_camber_rc         loss=16.6713  surf[p=319.7277 Ux=7.2446 Uy=1.9740]  vol[p=258.9720 Ux=9.0003 Uy=5.1902]
    val_geom_camber_cruise     loss=6.1279  surf[p=187.7010 Ux=6.4124 Uy=1.1112]  vol[p=158.4315 Ux=7.2925 Uy=2.9014]
    val_re_rand                loss=9.4288  surf[p=223.3718 Ux=6.6450 Uy=1.3863]  vol[p=179.1932 Ux=7.5967 Uy=3.6798]
Epoch   5 (97s) [32.9GB]  train[vol=0.8587 surf=0.5161]  val_avg_surf_p=249.3031 *
    val_single_in_dist         loss=26.5792  surf[p=358.7447 Ux=5.2105 Uy=1.3793]  vol[p=289.6008 Ux=9.1667 Uy=4.4703]
    val_geom_camber_rc         loss=12.9571  surf[p=274.6144 Ux=5.6569 Uy=1.6436]  vol[p=221.3689 Ux=8.1882 Uy=4.7273]
    val_geom_camber_cruise     loss=4.6421  surf[p=169.1856 Ux=4.4340 Uy=0.9681]  vol[p=136.8874 Ux=5.8436 Uy=2.5976]
    val_re_rand                loss=7.2568  surf[p=194.6676 Ux=4.9319 Uy=1.1852]  vol[p=155.5214 Ux=6.5006 Uy=3.3293]
Epoch   6 (97s) [32.9GB]  train[vol=0.7967 surf=0.4767]  val_avg_surf_p=219.2741 *
    val_single_in_dist         loss=22.1415  surf[p=315.2778 Ux=3.9108 Uy=1.1957]  vol[p=257.2979 Ux=7.8519 Uy=4.0602]
    val_geom_camber_rc         loss=10.3454  surf[p=239.5913 Ux=4.6893 Uy=1.4270]  vol[p=197.2241 Ux=7.5579 Uy=4.3715]
    val_geom_camber_cruise     loss=3.6431  surf[p=151.6832 Ux=3.3600 Uy=0.8387]  vol[p=119.9781 Ux=5.0380 Uy=2.3137]
    val_re_rand                loss=5.7241  surf[p=170.5441 Ux=3.9209 Uy=1.0367]  vol[p=137.5188 Ux=5.8311 Uy=3.0387]
Epoch   7 (95s) [32.9GB]  train[vol=0.7693 surf=0.4516]  val_avg_surf_p=196.4186 *
    val_single_in_dist         loss=19.0127  surf[p=281.7370 Ux=3.1193 Uy=1.0623]  vol[p=234.6115 Ux=7.0324 Uy=3.6932]
    val_geom_camber_rc         loss=8.6609  surf[p=215.8053 Ux=4.0631 Uy=1.2808]  vol[p=181.5453 Ux=7.0538 Uy=4.0825]
    val_geom_camber_cruise     loss=2.9194  surf[p=135.2833 Ux=2.7204 Uy=0.7359]  vol[p=106.6216 Ux=4.5654 Uy=2.0831]
    val_re_rand                loss=4.7613  surf[p=152.8488 Ux=3.2787 Uy=0.9401]  vol[p=125.8988 Ux=5.4099 Uy=2.8097]
Epoch   8 (98s) [32.9GB]  train[vol=0.7302 surf=0.4315]  val_avg_surf_p=179.2115 *
    val_single_in_dist         loss=16.6696  surf[p=255.7560 Ux=2.7187 Uy=0.9734]  vol[p=220.5553 Ux=6.5627 Uy=3.3886]
    val_geom_camber_rc         loss=7.4148  surf[p=197.1605 Ux=3.6596 Uy=1.1948]  vol[p=169.9326 Ux=6.7173 Uy=3.8523]
    val_geom_camber_cruise     loss=2.4483  surf[p=123.4365 Ux=2.3240 Uy=0.6576]  vol[p=98.6863 Ux=4.3138 Uy=1.8994]
    val_re_rand                loss=4.1244  surf[p=140.4928 Ux=2.8956 Uy=0.8726]  vol[p=119.5287 Ux=5.1894 Uy=2.6317]
Epoch   9 (98s) [32.9GB]  train[vol=0.7098 surf=0.4230]  val_avg_surf_p=165.8418 *
    val_single_in_dist         loss=14.9478  surf[p=234.8839 Ux=2.3087 Uy=0.9178]  vol[p=210.0845 Ux=6.1585 Uy=3.1388]
    val_geom_camber_rc         loss=6.6069  surf[p=183.4154 Ux=3.3058 Uy=1.1367]  vol[p=161.6478 Ux=6.4437 Uy=3.6545]
    val_geom_camber_cruise     loss=2.1042  surf[p=113.5717 Ux=1.9832 Uy=0.6058]  vol[p=92.0811 Ux=4.1128 Uy=1.7392]
    val_re_rand                loss=3.7012  surf[p=131.4961 Ux=2.5718 Uy=0.8236]  vol[p=114.5459 Ux=4.9862 Uy=2.4690]
Epoch  10 (98s) [32.9GB]  train[vol=0.6734 surf=0.3977]  val_avg_surf_p=155.9929 *
    val_single_in_dist         loss=13.4148  surf[p=216.1445 Ux=2.0501 Uy=0.8642]  vol[p=200.8461 Ux=5.8095 Uy=2.9304]
    val_geom_camber_rc         loss=5.9730  surf[p=173.2280 Ux=3.0863 Uy=1.0788]  vol[p=154.2979 Ux=6.2149 Uy=3.4677]
    val_geom_camber_cruise     loss=1.9311  surf[p=108.8301 Ux=1.7617 Uy=0.5733]  vol[p=88.3565 Ux=3.9604 Uy=1.6302]
    val_re_rand                loss=3.3915  surf[p=125.7690 Ux=2.3653 Uy=0.7886]  vol[p=111.1048 Ux=4.8273 Uy=2.3411]
Epoch  11 (98s) [32.9GB]  train[vol=0.6722 surf=0.3987]  val_avg_surf_p=149.0788 *
    val_single_in_dist         loss=12.6401  surf[p=208.1829 Ux=1.8676 Uy=0.8391]  vol[p=193.9698 Ux=5.5401 Uy=2.7716]
    val_geom_camber_rc         loss=5.4950  surf[p=164.3644 Ux=2.8560 Uy=1.0284]  vol[p=147.6962 Ux=5.9936 Uy=3.3154]
    val_geom_camber_cruise     loss=1.7716  surf[p=103.4573 Ux=1.5493 Uy=0.5499]  vol[p=85.1179 Ux=3.7926 Uy=1.5453]
    val_re_rand                loss=3.1511  surf[p=120.3104 Ux=2.1627 Uy=0.7607]  vol[p=107.5918 Ux=4.6734 Uy=2.2383]
Epoch  12 (98s) [32.9GB]  train[vol=0.6381 surf=0.3772]  val_avg_surf_p=140.9616 *
    val_single_in_dist         loss=11.5759  surf[p=196.3249 Ux=1.7051 Uy=0.8125]  vol[p=184.3181 Ux=5.2858 Uy=2.6166]
    val_geom_camber_rc         loss=5.0803  surf[p=155.1141 Ux=2.6694 Uy=0.9954]  vol[p=141.1536 Ux=5.7992 Uy=3.1915]
    val_geom_camber_cruise     loss=1.5949  surf[p=97.9997 Ux=1.3562 Uy=0.5240]  vol[p=81.7670 Ux=3.6044 Uy=1.4669]
    val_re_rand                loss=2.9312  surf[p=114.4078 Ux=1.9750 Uy=0.7327]  vol[p=103.3501 Ux=4.4833 Uy=2.1454]
Epoch  13 (97s) [32.9GB]  train[vol=0.6225 surf=0.3681]  val_avg_surf_p=133.1486 *
    val_single_in_dist         loss=10.4174  surf[p=183.5538 Ux=1.6205 Uy=0.7705]  vol[p=176.5373 Ux=5.0993 Uy=2.4624]
    val_geom_camber_rc         loss=4.6060  surf[p=145.7731 Ux=2.5273 Uy=0.9610]  vol[p=134.7591 Ux=5.6165 Uy=3.0572]
    val_geom_camber_cruise     loss=1.4862  surf[p=93.6082 Ux=1.2835 Uy=0.5052]  vol[p=78.7096 Ux=3.5110 Uy=1.4016]
    val_re_rand                loss=2.7296  surf[p=109.6593 Ux=1.8653 Uy=0.7112]  vol[p=99.7942 Ux=4.3413 Uy=2.0595]
Epoch  14 (98s) [32.9GB]  train[vol=0.5958 surf=0.3538]  val_avg_surf_p=124.0524 *
    val_single_in_dist         loss=9.2848  surf[p=167.3270 Ux=1.5014 Uy=0.7252]  vol[p=166.7752 Ux=4.9068 Uy=2.3274]
    val_geom_camber_rc         loss=4.2283  surf[p=136.9303 Ux=2.4045 Uy=0.9352]  vol[p=128.8378 Ux=5.4544 Uy=2.9401]
    val_geom_camber_cruise     loss=1.3497  surf[p=88.1907 Ux=1.1916 Uy=0.4834]  vol[p=75.6963 Ux=3.3338 Uy=1.3331]
    val_re_rand                loss=2.5180  surf[p=103.7616 Ux=1.7609 Uy=0.6841]  vol[p=96.5920 Ux=4.1751 Uy=1.9742]
Epoch  15 (97s) [32.9GB]  train[vol=0.5609 surf=0.3234]  val_avg_surf_p=115.6319 *
    val_single_in_dist         loss=8.4506  surf[p=152.4080 Ux=1.4255 Uy=0.6863]  vol[p=157.9656 Ux=4.7698 Uy=2.2247]
    val_geom_camber_rc         loss=3.9186  surf[p=128.3212 Ux=2.3003 Uy=0.9081]  vol[p=122.8184 Ux=5.3128 Uy=2.8384]
    val_geom_camber_cruise     loss=1.2352  surf[p=83.3568 Ux=1.0901 Uy=0.4581]  vol[p=72.6684 Ux=3.1817 Uy=1.2735]
    val_re_rand                loss=2.3331  surf[p=98.4418 Ux=1.6795 Uy=0.6559]  vol[p=93.2333 Ux=4.0555 Uy=1.9002]
Epoch  16 (97s) [32.9GB]  train[vol=0.5537 surf=0.3247]  val_avg_surf_p=108.2353 *
    val_single_in_dist         loss=7.5905  surf[p=139.0119 Ux=1.3534 Uy=0.6424]  vol[p=149.2302 Ux=4.5969 Uy=2.1213]
    val_geom_camber_rc         loss=3.6637  surf[p=121.9244 Ux=2.2005 Uy=0.8771]  vol[p=117.9607 Ux=5.1709 Uy=2.7515]
    val_geom_camber_cruise     loss=1.1257  surf[p=78.3378 Ux=1.0455 Uy=0.4319]  vol[p=69.2582 Ux=3.0510 Uy=1.2092]
    val_re_rand                loss=2.1757  surf[p=93.6672 Ux=1.6103 Uy=0.6249]  vol[p=89.3364 Ux=3.9211 Uy=1.8322]
Epoch  17 (96s) [32.9GB]  train[vol=0.5389 surf=0.3113]  val_avg_surf_p=101.0792 *
    val_single_in_dist         loss=6.8701  surf[p=128.4967 Ux=1.2505 Uy=0.6022]  vol[p=142.3867 Ux=4.4170 Uy=2.0138]
    val_geom_camber_rc         loss=3.3899  surf[p=114.0881 Ux=2.0688 Uy=0.8418]  vol[p=112.7398 Ux=5.0114 Uy=2.6507]
    val_geom_camber_cruise     loss=1.0216  surf[p=72.9598 Ux=0.9522 Uy=0.4050]  vol[p=64.9556 Ux=2.9085 Uy=1.1497]
    val_re_rand                loss=2.0247  surf[p=88.7724 Ux=1.5067 Uy=0.5948]  vol[p=85.6729 Ux=3.7929 Uy=1.7638]
Epoch  18 (97s) [32.9GB]  train[vol=0.5074 surf=0.2925]  val_avg_surf_p=95.3200 *
    val_single_in_dist         loss=6.3136  surf[p=119.7962 Ux=1.2287 Uy=0.5698]  vol[p=135.4059 Ux=4.3083 Uy=1.9215]
    val_geom_camber_rc         loss=3.1781  surf[p=108.6358 Ux=1.9575 Uy=0.8083]  vol[p=108.7753 Ux=4.8521 Uy=2.5632]
    val_geom_camber_cruise     loss=0.9320  surf[p=68.4932 Ux=0.8867 Uy=0.3803]  vol[p=61.7886 Ux=2.7851 Uy=1.0984]
    val_re_rand                loss=1.8917  surf[p=84.3548 Ux=1.4173 Uy=0.5687]  vol[p=82.4362 Ux=3.6550 Uy=1.7036]
Epoch  19 (97s) [32.9GB]  train[vol=0.4924 surf=0.2791]  val_avg_surf_p=90.3128 *
    val_single_in_dist         loss=5.8349  surf[p=112.4822 Ux=1.1669 Uy=0.5410]  vol[p=129.2724 Ux=4.2072 Uy=1.8353]
    val_geom_camber_rc         loss=3.0339  surf[p=103.5735 Ux=1.8440 Uy=0.7768]  vol[p=105.0208 Ux=4.7023 Uy=2.4820]
    val_geom_camber_cruise     loss=0.8468  surf[p=64.3225 Ux=0.8130 Uy=0.3603]  vol[p=58.3119 Ux=2.6922 Uy=1.0510]
    val_re_rand                loss=1.7898  surf[p=80.8730 Ux=1.3259 Uy=0.5463]  vol[p=79.6868 Ux=3.5403 Uy=1.6479]
Epoch  20 (96s) [32.9GB]  train[vol=0.4901 surf=0.2766]  val_avg_surf_p=86.1495 *
    val_single_in_dist         loss=5.3303  surf[p=106.6772 Ux=1.1518 Uy=0.5147]  vol[p=123.6130 Ux=4.1001 Uy=1.7483]
    val_geom_camber_rc         loss=2.8783  surf[p=100.1080 Ux=1.7722 Uy=0.7485]  vol[p=102.2588 Ux=4.6017 Uy=2.4056]
    val_geom_camber_cruise     loss=0.7774  surf[p=60.5034 Ux=0.7576 Uy=0.3425]  vol[p=55.4646 Ux=2.5780 Uy=1.0056]
    val_re_rand                loss=1.7024  surf[p=77.3095 Ux=1.2465 Uy=0.5247]  vol[p=76.9386 Ux=3.4236 Uy=1.5980]
Epoch  21 (97s) [32.9GB]  train[vol=0.4716 surf=0.2634]  val_avg_surf_p=83.3006 *
    val_single_in_dist         loss=4.9782  surf[p=102.2708 Ux=1.0855 Uy=0.4940]  vol[p=118.9118 Ux=4.0044 Uy=1.6847]
    val_geom_camber_rc         loss=2.7766  surf[p=99.0769 Ux=1.7322 Uy=0.7253]  vol[p=100.6769 Ux=4.5371 Uy=2.3384]
    val_geom_camber_cruise     loss=0.7218  surf[p=57.1598 Ux=0.7099 Uy=0.3261]  vol[p=52.7386 Ux=2.5003 Uy=0.9686]
    val_re_rand                loss=1.6346  surf[p=74.6950 Ux=1.1902 Uy=0.5069]  vol[p=74.7410 Ux=3.3388 Uy=1.5529]
Epoch  22 (98s) [32.9GB]  train[vol=0.4492 surf=0.2491]  val_avg_surf_p=79.4322 *
    val_single_in_dist         loss=4.5497  surf[p=95.8840 Ux=1.0202 Uy=0.4719]  vol[p=113.0730 Ux=3.8849 Uy=1.6221]
    val_geom_camber_rc         loss=2.6416  surf[p=95.8037 Ux=1.6698 Uy=0.7026]  vol[p=98.4241 Ux=4.4499 Uy=2.2749]
    val_geom_camber_cruise     loss=0.6638  surf[p=54.0409 Ux=0.6647 Uy=0.3104]  vol[p=50.3649 Ux=2.4217 Uy=0.9307]
    val_re_rand                loss=1.5761  surf[p=72.0002 Ux=1.1365 Uy=0.4899]  vol[p=72.7159 Ux=3.2518 Uy=1.5098]
Epoch  23 (97s) [32.9GB]  train[vol=0.4471 surf=0.2492]  val_avg_surf_p=75.9929 *
    val_single_in_dist         loss=4.2666  surf[p=90.5009 Ux=0.9723 Uy=0.4522]  vol[p=107.9176 Ux=3.7912 Uy=1.5700]
    val_geom_camber_rc         loss=2.5376  surf[p=92.1601 Ux=1.5980 Uy=0.6792]  vol[p=95.9017 Ux=4.3540 Uy=2.2147]
    val_geom_camber_cruise     loss=0.6164  surf[p=51.6229 Ux=0.6346 Uy=0.2963]  vol[p=48.3509 Ux=2.3647 Uy=0.8990]
    val_re_rand                loss=1.5297  surf[p=69.6878 Ux=1.0971 Uy=0.4745]  vol[p=70.9969 Ux=3.1842 Uy=1.4693]
Epoch  24 (98s) [32.9GB]  train[vol=0.4443 surf=0.2444]  val_avg_surf_p=73.1367 *
    val_single_in_dist         loss=4.0119  surf[p=87.5180 Ux=0.9198 Uy=0.4374]  vol[p=103.9961 Ux=3.7194 Uy=1.5191]
    val_geom_camber_rc         loss=2.3473  surf[p=88.6323 Ux=1.5304 Uy=0.6603]  vol[p=93.1477 Ux=4.2873 Uy=2.1580]
    val_geom_camber_cruise     loss=0.5671  surf[p=48.8706 Ux=0.5742 Uy=0.2834]  vol[p=46.3493 Ux=2.3076 Uy=0.8671]
    val_re_rand                loss=1.4830  surf[p=67.5257 Ux=1.0280 Uy=0.4590]  vol[p=69.1360 Ux=3.1117 Uy=1.4263]
Epoch  25 (96s) [32.9GB]  train[vol=0.4329 surf=0.2390]  val_avg_surf_p=70.7206 *
    val_single_in_dist         loss=3.7740  surf[p=83.7741 Ux=0.8708 Uy=0.4235]  vol[p=99.6721 Ux=3.6541 Uy=1.4796]
    val_geom_camber_rc         loss=2.2428  surf[p=86.3493 Ux=1.4946 Uy=0.6438]  vol[p=91.4143 Ux=4.2285 Uy=2.1105]
    val_geom_camber_cruise     loss=0.5293  surf[p=46.7113 Ux=0.5407 Uy=0.2737]  vol[p=44.6166 Ux=2.2510 Uy=0.8416]
    val_re_rand                loss=1.4497  surf[p=66.0475 Ux=0.9958 Uy=0.4481]  vol[p=67.8683 Ux=3.0547 Uy=1.3937]
Epoch  26 (96s) [32.9GB]  train[vol=0.4407 surf=0.2480]  val_avg_surf_p=68.6930 *
    val_single_in_dist         loss=3.6080  surf[p=80.7942 Ux=0.8390 Uy=0.4149]  vol[p=95.7750 Ux=3.5721 Uy=1.4467]
    val_geom_camber_rc         loss=2.1536  surf[p=84.2715 Ux=1.4665 Uy=0.6275]  vol[p=90.0830 Ux=4.1596 Uy=2.0600]
    val_geom_camber_cruise     loss=0.5093  surf[p=45.0556 Ux=0.5230 Uy=0.2647]  vol[p=43.1775 Ux=2.2084 Uy=0.8203]
    val_re_rand                loss=1.3987  surf[p=64.6506 Ux=0.9764 Uy=0.4380]  vol[p=66.4536 Ux=2.9956 Uy=1.3586]
Epoch  27 (98s) [32.9GB]  train[vol=0.4236 surf=0.2333]  val_avg_surf_p=66.5538 *
    val_single_in_dist         loss=3.4456  surf[p=78.7638 Ux=0.8258 Uy=0.4092]  vol[p=93.2135 Ux=3.5204 Uy=1.4138]
    val_geom_camber_rc         loss=2.0024  surf[p=80.9446 Ux=1.4283 Uy=0.6116]  vol[p=87.5263 Ux=4.1029 Uy=2.0158]
    val_geom_camber_cruise     loss=0.4813  surf[p=43.4000 Ux=0.5057 Uy=0.2573]  vol[p=41.6757 Ux=2.1734 Uy=0.7976]
    val_re_rand                loss=1.3604  surf[p=63.1069 Ux=0.9515 Uy=0.4274]  vol[p=65.0286 Ux=2.9469 Uy=1.3255]
Epoch  28 (98s) [32.9GB]  train[vol=0.3991 surf=0.2181]  val_avg_surf_p=64.6446 *
    val_single_in_dist         loss=3.2743  surf[p=76.1187 Ux=0.8009 Uy=0.4019]  vol[p=90.4352 Ux=3.4521 Uy=1.3831]
    val_geom_camber_rc         loss=1.8338  surf[p=78.3256 Ux=1.3911 Uy=0.5978]  vol[p=85.0600 Ux=4.0504 Uy=1.9741]
    val_geom_camber_cruise     loss=0.4582  surf[p=42.2345 Ux=0.4942 Uy=0.2506]  vol[p=40.5265 Ux=2.1304 Uy=0.7789]
    val_re_rand                loss=1.3264  surf[p=61.8995 Ux=0.9284 Uy=0.4175]  vol[p=63.9794 Ux=2.8980 Uy=1.2966]
Epoch  29 (97s) [32.9GB]  train[vol=0.4080 surf=0.2268]  val_avg_surf_p=62.9402 *
    val_single_in_dist         loss=3.1354  surf[p=74.0921 Ux=0.7811 Uy=0.3926]  vol[p=88.5223 Ux=3.4093 Uy=1.3600]
    val_geom_camber_rc         loss=1.7303  surf[p=76.5018 Ux=1.3507 Uy=0.5881]  vol[p=83.2599 Ux=3.9979 Uy=1.9488]
    val_geom_camber_cruise     loss=0.4341  surf[p=40.7643 Ux=0.4751 Uy=0.2437]  vol[p=39.3553 Ux=2.0951 Uy=0.7599]
    val_re_rand                loss=1.2994  surf[p=60.4025 Ux=0.8985 Uy=0.4072]  vol[p=62.6041 Ux=2.8518 Uy=1.2707]
Epoch  30 (96s) [32.9GB]  train[vol=0.3927 surf=0.2132]  val_avg_surf_p=61.7280 *
    val_single_in_dist         loss=3.0761  surf[p=72.5447 Ux=0.7577 Uy=0.3849]  vol[p=85.1799 Ux=3.3524 Uy=1.3305]
    val_geom_camber_rc         loss=1.6879  surf[p=75.2458 Ux=1.3185 Uy=0.5754]  vol[p=81.8514 Ux=3.9418 Uy=1.9150]
    val_geom_camber_cruise     loss=0.4130  surf[p=39.5368 Ux=0.4615 Uy=0.2368]  vol[p=38.0766 Ux=2.0621 Uy=0.7418]
    val_re_rand                loss=1.2766  surf[p=59.5845 Ux=0.8814 Uy=0.3993]  vol[p=61.5844 Ux=2.8138 Uy=1.2456]
Epoch  31 (97s) [32.9GB]  train[vol=0.3736 surf=0.2029]  val_avg_surf_p=60.7303 *
    val_single_in_dist         loss=2.9926  surf[p=71.3889 Ux=0.7467 Uy=0.3789]  vol[p=82.9103 Ux=3.3161 Uy=1.3039]
    val_geom_camber_rc         loss=1.6835  surf[p=74.2207 Ux=1.2931 Uy=0.5645]  vol[p=80.9772 Ux=3.9074 Uy=1.8892]
    val_geom_camber_cruise     loss=0.3962  surf[p=38.6112 Ux=0.4528 Uy=0.2324]  vol[p=37.2590 Ux=2.0397 Uy=0.7294]
    val_re_rand                loss=1.2440  surf[p=58.7004 Ux=0.8649 Uy=0.3945]  vol[p=60.5901 Ux=2.7828 Uy=1.2269]
Epoch  32 (98s) [32.9GB]  train[vol=0.3685 surf=0.1977]  val_avg_surf_p=59.7773 *
    val_single_in_dist         loss=2.8886  surf[p=70.1609 Ux=0.7351 Uy=0.3734]  vol[p=81.0180 Ux=3.2731 Uy=1.2860]
    val_geom_camber_rc         loss=1.6781  surf[p=73.4957 Ux=1.2731 Uy=0.5565]  vol[p=80.4234 Ux=3.8797 Uy=1.8689]
    val_geom_camber_cruise     loss=0.3821  surf[p=37.6738 Ux=0.4482 Uy=0.2281]  vol[p=36.5484 Ux=2.0193 Uy=0.7177]
    val_re_rand                loss=1.2109  surf[p=57.7788 Ux=0.8492 Uy=0.3882]  vol[p=59.6183 Ux=2.7575 Uy=1.2079]
Epoch  33 (96s) [32.9GB]  train[vol=0.3585 surf=0.1915]  val_avg_surf_p=58.8984 *
    val_single_in_dist         loss=2.8166  surf[p=69.2646 Ux=0.7178 Uy=0.3695]  vol[p=79.4713 Ux=3.2309 Uy=1.2682]
    val_geom_camber_rc         loss=1.6522  surf[p=72.6370 Ux=1.2439 Uy=0.5459]  vol[p=79.1797 Ux=3.8388 Uy=1.8445]
    val_geom_camber_cruise     loss=0.3639  surf[p=37.0464 Ux=0.4319 Uy=0.2261]  vol[p=35.9793 Ux=1.9973 Uy=0.7057]
    val_re_rand                loss=1.1720  surf[p=56.6457 Ux=0.8272 Uy=0.3819]  vol[p=58.2288 Ux=2.7207 Uy=1.1888]
Epoch  34 (97s) [32.9GB]  train[vol=0.3592 surf=0.1942]  val_avg_surf_p=57.8459 *
    val_single_in_dist         loss=2.7242  surf[p=67.4889 Ux=0.6899 Uy=0.3644]  vol[p=77.6955 Ux=3.1857 Uy=1.2515]
    val_geom_camber_rc         loss=1.5981  surf[p=71.9170 Ux=1.2181 Uy=0.5387]  vol[p=78.1699 Ux=3.7994 Uy=1.8211]
    val_geom_camber_cruise     loss=0.3485  surf[p=36.2840 Ux=0.4211 Uy=0.2223]  vol[p=35.2373 Ux=1.9734 Uy=0.6943]
    val_re_rand                loss=1.1631  surf[p=55.6936 Ux=0.8066 Uy=0.3776]  vol[p=57.0861 Ux=2.6858 Uy=1.1724]
Epoch  35 (97s) [32.9GB]  train[vol=0.3544 surf=0.1902]  val_avg_surf_p=56.9040 *
    val_single_in_dist         loss=2.6593  surf[p=65.9219 Ux=0.6729 Uy=0.3590]  vol[p=75.9127 Ux=3.1422 Uy=1.2345]
    val_geom_camber_rc         loss=1.5595  surf[p=71.0745 Ux=1.1978 Uy=0.5307]  vol[p=77.2457 Ux=3.7667 Uy=1.7970]
    val_geom_camber_cruise     loss=0.3421  surf[p=35.5560 Ux=0.4021 Uy=0.2198]  vol[p=34.5365 Ux=1.9449 Uy=0.6843]
    val_re_rand                loss=1.1558  surf[p=55.0637 Ux=0.7842 Uy=0.3732]  vol[p=56.3219 Ux=2.6524 Uy=1.1555]
Epoch  36 (97s) [32.9GB]  train[vol=0.3527 surf=0.1896]  val_avg_surf_p=55.9371 *
    val_single_in_dist         loss=2.5424  surf[p=64.6926 Ux=0.6561 Uy=0.3539]  vol[p=73.9003 Ux=3.1007 Uy=1.2167]
    val_geom_camber_rc         loss=1.5176  surf[p=69.5329 Ux=1.1673 Uy=0.5215]  vol[p=75.7964 Ux=3.7301 Uy=1.7764]
    val_geom_camber_cruise     loss=0.3311  surf[p=34.9887 Ux=0.3903 Uy=0.2170]  vol[p=33.8349 Ux=1.9174 Uy=0.6763]
    val_re_rand                loss=1.1453  surf[p=54.5344 Ux=0.7683 Uy=0.3682]  vol[p=55.4809 Ux=2.6235 Uy=1.1439]
Epoch  37 (97s) [32.9GB]  train[vol=0.3467 surf=0.1817]  val_avg_surf_p=54.9059 *
    val_single_in_dist         loss=2.4455  surf[p=63.5043 Ux=0.6510 Uy=0.3504]  vol[p=72.6731 Ux=3.0544 Uy=1.1948]
    val_geom_camber_rc         loss=1.4063  surf[p=67.6792 Ux=1.1445 Uy=0.5129]  vol[p=73.9344 Ux=3.6927 Uy=1.7509]
    val_geom_camber_cruise     loss=0.3254  surf[p=34.5019 Ux=0.3911 Uy=0.2144]  vol[p=33.3745 Ux=1.8948 Uy=0.6672]
    val_re_rand                loss=1.1198  surf[p=53.9384 Ux=0.7604 Uy=0.3639]  vol[p=54.7034 Ux=2.5967 Uy=1.1286]
Epoch  38 (97s) [32.9GB]  train[vol=0.3395 surf=0.1808]  val_avg_surf_p=54.4718 *
    val_single_in_dist         loss=2.3992  surf[p=63.6393 Ux=0.6398 Uy=0.3482]  vol[p=72.2882 Ux=3.0149 Uy=1.1815]
    val_geom_camber_rc         loss=1.3833  surf[p=66.8508 Ux=1.1255 Uy=0.5078]  vol[p=72.8081 Ux=3.6515 Uy=1.7300]
    val_geom_camber_cruise     loss=0.3170  surf[p=33.9567 Ux=0.3790 Uy=0.2127]  vol[p=32.7900 Ux=1.8746 Uy=0.6593]
    val_re_rand                loss=1.0997  surf[p=53.4403 Ux=0.7454 Uy=0.3604]  vol[p=53.9585 Ux=2.5681 Uy=1.1184]
Epoch  39 (97s) [32.9GB]  train[vol=0.3520 surf=0.1880]  val_avg_surf_p=53.6835 *
    val_single_in_dist         loss=2.3616  surf[p=62.6053 Ux=0.6295 Uy=0.3440]  vol[p=71.4918 Ux=2.9769 Uy=1.1669]
    val_geom_camber_rc         loss=1.3345  surf[p=65.8412 Ux=1.1095 Uy=0.5010]  vol[p=71.8923 Ux=3.6092 Uy=1.7089]
    val_geom_camber_cruise     loss=0.3110  surf[p=33.5544 Ux=0.3726 Uy=0.2100]  vol[p=32.3259 Ux=1.8512 Uy=0.6525]
    val_re_rand                loss=1.0730  surf[p=52.7331 Ux=0.7375 Uy=0.3563]  vol[p=53.1783 Ux=2.5429 Uy=1.1057]
Epoch  40 (98s) [32.9GB]  train[vol=0.3255 surf=0.1725]  val_avg_surf_p=53.0239 *
    val_single_in_dist         loss=2.3027  surf[p=60.9296 Ux=0.6218 Uy=0.3399]  vol[p=69.8230 Ux=2.9428 Uy=1.1517]
    val_geom_camber_rc         loss=1.3493  surf[p=65.9740 Ux=1.1094 Uy=0.4987]  vol[p=71.8103 Ux=3.5889 Uy=1.6915]
    val_geom_camber_cruise     loss=0.3051  surf[p=33.0753 Ux=0.3683 Uy=0.2081]  vol[p=31.8017 Ux=1.8292 Uy=0.6445]
    val_re_rand                loss=1.0538  surf[p=52.1165 Ux=0.7310 Uy=0.3535]  vol[p=52.5567 Ux=2.5207 Uy=1.0942]
Epoch  41 (98s) [32.9GB]  train[vol=0.3384 surf=0.1812]  val_avg_surf_p=52.3919 *
    val_single_in_dist         loss=2.2451  surf[p=59.8232 Ux=0.6105 Uy=0.3358]  vol[p=68.5850 Ux=2.9072 Uy=1.1358]
    val_geom_camber_rc         loss=1.3316  surf[p=65.5545 Ux=1.0978 Uy=0.4951]  vol[p=71.3612 Ux=3.5585 Uy=1.6748]
    val_geom_camber_cruise     loss=0.2955  surf[p=32.5704 Ux=0.3646 Uy=0.2050]  vol[p=31.3706 Ux=1.8081 Uy=0.6363]
    val_re_rand                loss=1.0336  surf[p=51.6195 Ux=0.7227 Uy=0.3490]  vol[p=51.9611 Ux=2.4946 Uy=1.0821]
Epoch  42 (97s) [32.9GB]  train[vol=0.3296 surf=0.1762]  val_avg_surf_p=51.7506 *
    val_single_in_dist         loss=2.2148  surf[p=59.1309 Ux=0.5956 Uy=0.3311]  vol[p=67.3423 Ux=2.8702 Uy=1.1175]
    val_geom_camber_rc         loss=1.2907  surf[p=64.5094 Ux=1.0761 Uy=0.4900]  vol[p=70.5521 Ux=3.5288 Uy=1.6558]
    val_geom_camber_cruise     loss=0.2910  surf[p=32.2590 Ux=0.3587 Uy=0.2040]  vol[p=31.1236 Ux=1.7929 Uy=0.6328]
    val_re_rand                loss=1.0137  surf[p=51.1032 Ux=0.7115 Uy=0.3449]  vol[p=51.2411 Ux=2.4733 Uy=1.0695]
Epoch  43 (97s) [32.9GB]  train[vol=0.3299 surf=0.1724]  val_avg_surf_p=51.3196 *
    val_single_in_dist         loss=2.2186  surf[p=59.0215 Ux=0.5886 Uy=0.3297]  vol[p=66.5972 Ux=2.8473 Uy=1.1017]
    val_geom_camber_rc         loss=1.2509  surf[p=63.7802 Ux=1.0597 Uy=0.4872]  vol[p=69.6289 Ux=3.4987 Uy=1.6398]
    val_geom_camber_cruise     loss=0.2843  surf[p=31.8052 Ux=0.3564 Uy=0.2021]  vol[p=30.8194 Ux=1.7846 Uy=0.6268]
    val_re_rand                loss=0.9973  surf[p=50.6714 Ux=0.7036 Uy=0.3412]  vol[p=50.6485 Ux=2.4566 Uy=1.0615]
Epoch  44 (98s) [32.9GB]  train[vol=0.3127 surf=0.1585]  val_avg_surf_p=50.5119 *
    val_single_in_dist         loss=2.1529  surf[p=57.8414 Ux=0.5794 Uy=0.3233]  vol[p=65.8002 Ux=2.8168 Uy=1.0873]
    val_geom_camber_rc         loss=1.2334  surf[p=63.2371 Ux=1.0512 Uy=0.4835]  vol[p=68.5574 Ux=3.4729 Uy=1.6223]
    val_geom_camber_cruise     loss=0.2748  surf[p=31.0515 Ux=0.3512 Uy=0.1998]  vol[p=30.4832 Ux=1.7689 Uy=0.6195]
    val_re_rand                loss=0.9797  surf[p=49.9175 Ux=0.6954 Uy=0.3366]  vol[p=49.8777 Ux=2.4298 Uy=1.0496]
Epoch  45 (96s) [32.9GB]  train[vol=0.3248 surf=0.1712]  val_avg_surf_p=49.7134 *
    val_single_in_dist         loss=2.0988  surf[p=56.8280 Ux=0.5655 Uy=0.3208]  vol[p=64.5577 Ux=2.7871 Uy=1.0747]
    val_geom_camber_rc         loss=1.1982  surf[p=62.5716 Ux=1.0359 Uy=0.4773]  vol[p=67.8156 Ux=3.4488 Uy=1.6043]
    val_geom_camber_cruise     loss=0.2691  surf[p=30.3336 Ux=0.3530 Uy=0.1978]  vol[p=30.0470 Ux=1.7595 Uy=0.6129]
    val_re_rand                loss=0.9536  surf[p=49.1206 Ux=0.6849 Uy=0.3319]  vol[p=49.0497 Ux=2.4166 Uy=1.0376]
Epoch  46 (98s) [32.9GB]  train[vol=0.3304 surf=0.1760]  val_avg_surf_p=49.0507 *
    val_single_in_dist         loss=2.0550  surf[p=56.5464 Ux=0.5570 Uy=0.3206]  vol[p=64.0989 Ux=2.7672 Uy=1.0628]
    val_geom_camber_rc         loss=1.1526  surf[p=61.5017 Ux=1.0281 Uy=0.4704]  vol[p=67.0474 Ux=3.4218 Uy=1.5836]
    val_geom_camber_cruise     loss=0.2604  surf[p=29.7381 Ux=0.3505 Uy=0.1958]  vol[p=29.6284 Ux=1.7408 Uy=0.6066]
    val_re_rand                loss=0.9291  surf[p=48.4165 Ux=0.6792 Uy=0.3279]  vol[p=48.4365 Ux=2.3960 Uy=1.0282]
Epoch  47 (95s) [32.9GB]  train[vol=0.3104 surf=0.1601]  val_avg_surf_p=48.5207 *
    val_single_in_dist         loss=2.0352  surf[p=55.9891 Ux=0.5520 Uy=0.3167]  vol[p=64.2637 Ux=2.7472 Uy=1.0484]
    val_geom_camber_rc         loss=1.1173  surf[p=60.7706 Ux=1.0160 Uy=0.4655]  vol[p=66.2470 Ux=3.3954 Uy=1.5634]
    val_geom_camber_cruise     loss=0.2559  surf[p=29.3259 Ux=0.3476 Uy=0.1938]  vol[p=29.2700 Ux=1.7300 Uy=0.6019]
    val_re_rand                loss=0.9223  surf[p=47.9971 Ux=0.6742 Uy=0.3262]  vol[p=48.1391 Ux=2.3849 Uy=1.0207]
Epoch  48 (96s) [32.9GB]  train[vol=0.3193 surf=0.1643]  val_avg_surf_p=47.9242 *
    val_single_in_dist         loss=1.9931  surf[p=54.9999 Ux=0.5451 Uy=0.3115]  vol[p=63.6306 Ux=2.7199 Uy=1.0348]
    val_geom_camber_rc         loss=1.0873  surf[p=59.8202 Ux=1.0023 Uy=0.4620]  vol[p=65.4774 Ux=3.3679 Uy=1.5451]
    val_geom_camber_cruise     loss=0.2493  surf[p=28.9138 Ux=0.3440 Uy=0.1925]  vol[p=28.8588 Ux=1.7146 Uy=0.5979]
    val_re_rand                loss=0.9390  surf[p=47.9628 Ux=0.6669 Uy=0.3256]  vol[p=48.0004 Ux=2.3714 Uy=1.0141]
Epoch  49 (97s) [32.9GB]  train[vol=0.2991 surf=0.1515]  val_avg_surf_p=47.3471 *
    val_single_in_dist         loss=1.9514  surf[p=54.1437 Ux=0.5406 Uy=0.3082]  vol[p=63.3221 Ux=2.7006 Uy=1.0214]
    val_geom_camber_rc         loss=1.0804  surf[p=59.2056 Ux=0.9862 Uy=0.4586]  vol[p=64.8112 Ux=3.3427 Uy=1.5336]
    val_geom_camber_cruise     loss=0.2472  surf[p=28.7002 Ux=0.3444 Uy=0.1918]  vol[p=28.5811 Ux=1.6983 Uy=0.5933]
    val_re_rand                loss=0.9208  surf[p=47.3388 Ux=0.6586 Uy=0.3226]  vol[p=47.4463 Ux=2.3575 Uy=1.0056]
Epoch  50 (96s) [32.9GB]  train[vol=0.3021 surf=0.1554]  val_avg_surf_p=46.6729 *
    val_single_in_dist         loss=1.8882  surf[p=53.1441 Ux=0.5377 Uy=0.3027]  vol[p=62.2208 Ux=2.6814 Uy=1.0080]
    val_geom_camber_rc         loss=1.1016  surf[p=58.7741 Ux=0.9758 Uy=0.4570]  vol[p=64.4941 Ux=3.3288 Uy=1.5255]
    val_geom_camber_cruise     loss=0.2434  surf[p=28.2698 Ux=0.3432 Uy=0.1906]  vol[p=28.2468 Ux=1.6856 Uy=0.5881]
    val_re_rand                loss=0.8943  surf[p=46.5038 Ux=0.6512 Uy=0.3181]  vol[p=46.8185 Ux=2.3390 Uy=0.9966]
Epoch  51 (96s) [32.9GB]  train[vol=0.3073 surf=0.1605]  val_avg_surf_p=46.0512 *
    val_single_in_dist         loss=1.8158  surf[p=52.2524 Ux=0.5318 Uy=0.2996]  vol[p=61.5401 Ux=2.6568 Uy=0.9923]
    val_geom_camber_rc         loss=1.0694  surf[p=58.0331 Ux=0.9681 Uy=0.4526]  vol[p=63.9381 Ux=3.3084 Uy=1.5110]
    val_geom_camber_cruise     loss=0.2397  surf[p=27.8218 Ux=0.3425 Uy=0.1892]  vol[p=27.9736 Ux=1.6748 Uy=0.5843]
    val_re_rand                loss=0.8925  surf[p=46.0973 Ux=0.6465 Uy=0.3154]  vol[p=46.5072 Ux=2.3247 Uy=0.9886]
Epoch  52 (96s) [32.9GB]  train[vol=0.3034 surf=0.1571]  val_avg_surf_p=45.3865 *
    val_single_in_dist         loss=1.7846  surf[p=51.3766 Ux=0.5243 Uy=0.2975]  vol[p=60.8265 Ux=2.6348 Uy=0.9790]
    val_geom_camber_rc         loss=1.0299  surf[p=57.2568 Ux=0.9536 Uy=0.4495]  vol[p=63.1037 Ux=3.2876 Uy=1.4992]
    val_geom_camber_cruise     loss=0.2392  surf[p=27.6521 Ux=0.3425 Uy=0.1885]  vol[p=27.7954 Ux=1.6677 Uy=0.5797]
    val_re_rand                loss=0.8687  surf[p=45.2606 Ux=0.6358 Uy=0.3123]  vol[p=45.7372 Ux=2.3099 Uy=0.9793]
Epoch  53 (95s) [32.9GB]  train[vol=0.3112 surf=0.1616]  val_avg_surf_p=44.7816 *
    val_single_in_dist         loss=1.7274  surf[p=50.4440 Ux=0.5158 Uy=0.2946]  vol[p=60.1606 Ux=2.6027 Uy=0.9661]
    val_geom_camber_rc         loss=0.9985  surf[p=56.4552 Ux=0.9409 Uy=0.4447]  vol[p=62.5068 Ux=3.2684 Uy=1.4861]
    val_geom_camber_cruise     loss=0.2384  surf[p=27.4971 Ux=0.3416 Uy=0.1870]  vol[p=27.7134 Ux=1.6599 Uy=0.5776]
    val_re_rand                loss=0.8536  surf[p=44.7301 Ux=0.6311 Uy=0.3104]  vol[p=45.3508 Ux=2.2953 Uy=0.9742]
Epoch  54 (98s) [32.9GB]  train[vol=0.2913 surf=0.1492]  val_avg_surf_p=44.2352 *
    val_single_in_dist         loss=1.7152  surf[p=49.8104 Ux=0.5066 Uy=0.2923]  vol[p=59.6742 Ux=2.5861 Uy=0.9586]
    val_geom_camber_rc         loss=0.9818  surf[p=56.1998 Ux=0.9288 Uy=0.4409]  vol[p=62.2759 Ux=3.2494 Uy=1.4771]
    val_geom_camber_cruise     loss=0.2324  surf[p=27.0934 Ux=0.3330 Uy=0.1854]  vol[p=27.5628 Ux=1.6494 Uy=0.5727]
    val_re_rand                loss=0.8314  surf[p=43.8373 Ux=0.6230 Uy=0.3073]  vol[p=44.5979 Ux=2.2772 Uy=0.9647]
Epoch  55 (98s) [32.9GB]  train[vol=0.2934 surf=0.1506]  val_avg_surf_p=43.5513 *
    val_single_in_dist         loss=1.6696  surf[p=48.5106 Ux=0.4994 Uy=0.2907]  vol[p=58.7268 Ux=2.5642 Uy=0.9514]
    val_geom_camber_rc         loss=0.9700  surf[p=55.9068 Ux=0.9181 Uy=0.4376]  vol[p=61.8284 Ux=3.2247 Uy=1.4682]
    val_geom_camber_cruise     loss=0.2282  surf[p=26.6394 Ux=0.3260 Uy=0.1836]  vol[p=27.2755 Ux=1.6344 Uy=0.5675]
    val_re_rand                loss=0.8281  surf[p=43.1485 Ux=0.6104 Uy=0.3037]  vol[p=44.1887 Ux=2.2590 Uy=0.9554]
Epoch  56 (97s) [32.9GB]  train[vol=0.2876 surf=0.1440]  val_avg_surf_p=43.3961 *
    val_single_in_dist         loss=1.6959  surf[p=48.2035 Ux=0.5011 Uy=0.2884]  vol[p=58.5611 Ux=2.5545 Uy=0.9442]
    val_geom_camber_rc         loss=0.9514  surf[p=55.7222 Ux=0.9083 Uy=0.4340]  vol[p=61.6685 Ux=3.2053 Uy=1.4598]
    val_geom_camber_cruise     loss=0.2269  surf[p=26.4335 Ux=0.3216 Uy=0.1829]  vol[p=27.0227 Ux=1.6238 Uy=0.5648]
    val_re_rand                loss=0.8244  surf[p=43.2251 Ux=0.6054 Uy=0.3025]  vol[p=44.1655 Ux=2.2455 Uy=0.9503]
Epoch  57 (98s) [32.9GB]  train[vol=0.2959 surf=0.1521]  val_avg_surf_p=43.2068 *
    val_single_in_dist         loss=1.7159  surf[p=48.3944 Ux=0.4987 Uy=0.2870]  vol[p=58.5009 Ux=2.5423 Uy=0.9398]
    val_geom_camber_rc         loss=0.9340  surf[p=55.3768 Ux=0.8948 Uy=0.4314]  vol[p=61.2707 Ux=3.1858 Uy=1.4516]
    val_geom_camber_cruise     loss=0.2235  surf[p=25.9921 Ux=0.3233 Uy=0.1812]  vol[p=26.8505 Ux=1.6194 Uy=0.5612]
    val_re_rand                loss=0.8176  surf[p=43.0639 Ux=0.6000 Uy=0.3004]  vol[p=44.0136 Ux=2.2395 Uy=0.9456]
Epoch  58 (98s) [32.9GB]  train[vol=0.2803 surf=0.1428]  val_avg_surf_p=43.2859
    val_single_in_dist         loss=1.7130  surf[p=48.9785 Ux=0.4985 Uy=0.2852]  vol[p=58.5668 Ux=2.5255 Uy=0.9357]
    val_geom_camber_rc         loss=0.9414  surf[p=55.6136 Ux=0.8845 Uy=0.4301]  vol[p=61.3853 Ux=3.1754 Uy=1.4457]
    val_geom_camber_cruise     loss=0.2164  surf[p=25.5559 Ux=0.3184 Uy=0.1797]  vol[p=26.6305 Ux=1.6076 Uy=0.5559]
    val_re_rand                loss=0.7955  surf[p=42.9954 Ux=0.5963 Uy=0.2990]  vol[p=43.8921 Ux=2.2250 Uy=0.9399]
Epoch  59 (98s) [32.9GB]  train[vol=0.2798 surf=0.1397]  val_avg_surf_p=43.0156 *
    val_single_in_dist         loss=1.7084  surf[p=48.6179 Ux=0.4927 Uy=0.2836]  vol[p=57.8772 Ux=2.5035 Uy=0.9262]
    val_geom_camber_rc         loss=0.9214  surf[p=55.1913 Ux=0.8742 Uy=0.4254]  vol[p=60.9574 Ux=3.1577 Uy=1.4351]
    val_geom_camber_cruise     loss=0.2166  surf[p=25.4321 Ux=0.3156 Uy=0.1791]  vol[p=26.5902 Ux=1.6011 Uy=0.5539]
    val_re_rand                loss=0.7907  surf[p=42.8209 Ux=0.5938 Uy=0.2977]  vol[p=43.8467 Ux=2.2149 Uy=0.9350]
Epoch  60 (97s) [32.9GB]  train[vol=0.2836 surf=0.1417]  val_avg_surf_p=42.4080 *
    val_single_in_dist         loss=1.6651  surf[p=47.3967 Ux=0.4863 Uy=0.2815]  vol[p=57.0656 Ux=2.4839 Uy=0.9191]
    val_geom_camber_rc         loss=0.8912  surf[p=54.6684 Ux=0.8639 Uy=0.4216]  vol[p=60.4944 Ux=3.1416 Uy=1.4270]
    val_geom_camber_cruise     loss=0.2109  surf[p=25.0487 Ux=0.3124 Uy=0.1775]  vol[p=26.4619 Ux=1.5872 Uy=0.5505]
    val_re_rand                loss=0.7912  surf[p=42.5183 Ux=0.5901 Uy=0.2967]  vol[p=43.5939 Ux=2.2054 Uy=0.9314]
Epoch  61 (98s) [32.9GB]  train[vol=0.2894 surf=0.1492]  val_avg_surf_p=41.8353 *
    val_single_in_dist         loss=1.5980  surf[p=46.1170 Ux=0.4810 Uy=0.2779]  vol[p=56.4108 Ux=2.4637 Uy=0.9121]
    val_geom_camber_rc         loss=0.8757  surf[p=54.2280 Ux=0.8499 Uy=0.4180]  vol[p=60.1033 Ux=3.1184 Uy=1.4198]
    val_geom_camber_cruise     loss=0.2084  surf[p=24.8341 Ux=0.3118 Uy=0.1767]  vol[p=26.3345 Ux=1.5775 Uy=0.5470]
    val_re_rand                loss=0.7832  surf[p=42.1623 Ux=0.5854 Uy=0.2960]  vol[p=43.2104 Ux=2.1942 Uy=0.9262]
Epoch  62 (95s) [32.9GB]  train[vol=0.2806 surf=0.1409]  val_avg_surf_p=41.5403 *
    val_single_in_dist         loss=1.5652  surf[p=45.6131 Ux=0.4757 Uy=0.2756]  vol[p=56.0255 Ux=2.4457 Uy=0.9048]
    val_geom_camber_rc         loss=0.8616  surf[p=53.7762 Ux=0.8430 Uy=0.4166]  vol[p=59.5053 Ux=3.1065 Uy=1.4132]
    val_geom_camber_cruise     loss=0.2066  surf[p=24.8103 Ux=0.3076 Uy=0.1760]  vol[p=26.1672 Ux=1.5676 Uy=0.5450]
    val_re_rand                loss=0.7816  surf[p=41.9616 Ux=0.5813 Uy=0.2946]  vol[p=43.0171 Ux=2.1809 Uy=0.9228]
Epoch  63 (97s) [32.9GB]  train[vol=0.2712 surf=0.1326]  val_avg_surf_p=41.1671 *
    val_single_in_dist         loss=1.5633  surf[p=45.0146 Ux=0.4697 Uy=0.2735]  vol[p=55.6620 Ux=2.4310 Uy=0.8979]
    val_geom_camber_rc         loss=0.8450  surf[p=53.3099 Ux=0.8315 Uy=0.4137]  vol[p=58.8353 Ux=3.0844 Uy=1.4043]
    val_geom_camber_cruise     loss=0.2045  surf[p=24.6776 Ux=0.3088 Uy=0.1749]  vol[p=25.9927 Ux=1.5621 Uy=0.5411]
    val_re_rand                loss=0.7697  surf[p=41.6662 Ux=0.5752 Uy=0.2930]  vol[p=42.6609 Ux=2.1712 Uy=0.9181]
Epoch  64 (97s) [32.9GB]  train[vol=0.2822 surf=0.1407]  val_avg_surf_p=41.3145
    val_single_in_dist         loss=1.6376  surf[p=45.9827 Ux=0.4718 Uy=0.2747]  vol[p=55.5462 Ux=2.4261 Uy=0.8927]
    val_geom_camber_rc         loss=0.8449  surf[p=53.3670 Ux=0.8245 Uy=0.4111]  vol[p=58.6692 Ux=3.0688 Uy=1.3947]
    val_geom_camber_cruise     loss=0.2014  surf[p=24.4614 Ux=0.3138 Uy=0.1741]  vol[p=25.7845 Ux=1.5584 Uy=0.5377]
    val_re_rand                loss=0.7520  surf[p=41.4468 Ux=0.5737 Uy=0.2917]  vol[p=42.4571 Ux=2.1657 Uy=0.9129]
Epoch  65 (98s) [32.9GB]  train[vol=0.2721 surf=0.1336]  val_avg_surf_p=41.3064
    val_single_in_dist         loss=1.6466  surf[p=46.6580 Ux=0.4693 Uy=0.2751]  vol[p=55.4360 Ux=2.4144 Uy=0.8879]
    val_geom_camber_rc         loss=0.8456  surf[p=52.9013 Ux=0.8164 Uy=0.4083]  vol[p=58.2349 Ux=3.0543 Uy=1.3879]
    val_geom_camber_cruise     loss=0.2003  surf[p=24.1979 Ux=0.3137 Uy=0.1734]  vol[p=25.6100 Ux=1.5546 Uy=0.5338]
    val_re_rand                loss=0.7511  surf[p=41.4683 Ux=0.5749 Uy=0.2913]  vol[p=42.4383 Ux=2.1600 Uy=0.9103]
Epoch  66 (96s) [32.9GB]  train[vol=0.2785 surf=0.1408]  val_avg_surf_p=41.1760
    val_single_in_dist         loss=1.6584  surf[p=46.4232 Ux=0.4659 Uy=0.2752]  vol[p=55.1081 Ux=2.4026 Uy=0.8822]
    val_geom_camber_rc         loss=0.8395  surf[p=52.4698 Ux=0.8046 Uy=0.4066]  vol[p=57.9413 Ux=3.0357 Uy=1.3827]
    val_geom_camber_cruise     loss=0.1983  surf[p=24.0128 Ux=0.3155 Uy=0.1725]  vol[p=25.4859 Ux=1.5479 Uy=0.5314]
    val_re_rand                loss=0.7744  surf[p=41.7980 Ux=0.5730 Uy=0.2921]  vol[p=42.7400 Ux=2.1513 Uy=0.9094]
Epoch  67 (97s) [32.9GB]  train[vol=0.2694 surf=0.1347]  val_avg_surf_p=40.5447 *
    val_single_in_dist         loss=1.6532  surf[p=45.1653 Ux=0.4612 Uy=0.2732]  vol[p=54.2665 Ux=2.3888 Uy=0.8759]
    val_geom_camber_rc         loss=0.8157  surf[p=51.9819 Ux=0.7964 Uy=0.4052]  vol[p=57.4715 Ux=3.0213 Uy=1.3773]
    val_geom_camber_cruise     loss=0.1943  surf[p=23.7351 Ux=0.3052 Uy=0.1719]  vol[p=25.3064 Ux=1.5316 Uy=0.5276]
    val_re_rand                loss=0.7623  surf[p=41.2967 Ux=0.5609 Uy=0.2887]  vol[p=42.2899 Ux=2.1357 Uy=0.9038]
Epoch  68 (96s) [32.9GB]  train[vol=0.2725 surf=0.1341]  val_avg_surf_p=40.1203 *
    val_single_in_dist         loss=1.6912  surf[p=44.5820 Ux=0.4586 Uy=0.2717]  vol[p=54.1130 Ux=2.3782 Uy=0.8716]
    val_geom_camber_rc         loss=0.8090  surf[p=51.3350 Ux=0.7869 Uy=0.4041]  vol[p=56.7835 Ux=2.9960 Uy=1.3688]
    val_geom_camber_cruise     loss=0.1916  surf[p=23.6053 Ux=0.3044 Uy=0.1714]  vol[p=25.2163 Ux=1.5232 Uy=0.5252]
    val_re_rand                loss=0.7628  surf[p=40.9588 Ux=0.5603 Uy=0.2872]  vol[p=41.9998 Ux=2.1267 Uy=0.8980]
Epoch  69 (96s) [32.9GB]  train[vol=0.2639 surf=0.1307]  val_avg_surf_p=39.9443 *
    val_single_in_dist         loss=1.6897  surf[p=44.6215 Ux=0.4520 Uy=0.2712]  vol[p=54.0067 Ux=2.3619 Uy=0.8698]
    val_geom_camber_rc         loss=0.7899  surf[p=50.8285 Ux=0.7831 Uy=0.4007]  vol[p=56.3629 Ux=2.9745 Uy=1.3576]
    val_geom_camber_cruise     loss=0.1878  surf[p=23.2957 Ux=0.3043 Uy=0.1708]  vol[p=25.0972 Ux=1.5192 Uy=0.5231]
    val_re_rand                loss=0.7667  surf[p=41.0317 Ux=0.5576 Uy=0.2869]  vol[p=42.0483 Ux=2.1198 Uy=0.8943]
Epoch  70 (96s) [32.9GB]  train[vol=0.2556 surf=0.1225]  val_avg_surf_p=39.8338 *
    val_single_in_dist         loss=1.7081  surf[p=44.7802 Ux=0.4525 Uy=0.2709]  vol[p=53.8722 Ux=2.3516 Uy=0.8646]
    val_geom_camber_rc         loss=0.7803  surf[p=50.7228 Ux=0.7802 Uy=0.3993]  vol[p=56.2193 Ux=2.9631 Uy=1.3502]
    val_geom_camber_cruise     loss=0.1900  surf[p=23.3075 Ux=0.3052 Uy=0.1705]  vol[p=25.0077 Ux=1.5123 Uy=0.5195]
    val_re_rand                loss=0.7456  surf[p=40.5249 Ux=0.5536 Uy=0.2848]  vol[p=41.6236 Ux=2.1046 Uy=0.8885]
Epoch  71 (97s) [32.9GB]  train[vol=0.2604 surf=0.1256]  val_avg_surf_p=39.5184 *
    val_single_in_dist         loss=1.7326  surf[p=44.6666 Ux=0.4445 Uy=0.2697]  vol[p=53.6469 Ux=2.3372 Uy=0.8598]
    val_geom_camber_rc         loss=0.7871  surf[p=50.6318 Ux=0.7736 Uy=0.3985]  vol[p=56.0370 Ux=2.9552 Uy=1.3472]
    val_geom_camber_cruise     loss=0.1883  surf[p=23.0836 Ux=0.2977 Uy=0.1698]  vol[p=24.8215 Ux=1.5085 Uy=0.5163]
    val_re_rand                loss=0.7196  surf[p=39.6916 Ux=0.5421 Uy=0.2819]  vol[p=40.9779 Ux=2.0932 Uy=0.8821]
Epoch  72 (98s) [32.9GB]  train[vol=0.2590 surf=0.1295]  val_avg_surf_p=39.3026 *
    val_single_in_dist         loss=1.7270  surf[p=44.8879 Ux=0.4391 Uy=0.2684]  vol[p=53.4221 Ux=2.3207 Uy=0.8527]
    val_geom_camber_rc         loss=0.7779  surf[p=50.3428 Ux=0.7675 Uy=0.3974]  vol[p=55.6508 Ux=2.9369 Uy=1.3391]
    val_geom_camber_cruise     loss=0.1827  surf[p=22.7954 Ux=0.2973 Uy=0.1689]  vol[p=24.6064 Ux=1.5010 Uy=0.5140]
    val_re_rand                loss=0.7078  surf[p=39.1843 Ux=0.5346 Uy=0.2792]  vol[p=40.5015 Ux=2.0805 Uy=0.8763]
Epoch  73 (97s) [32.9GB]  train[vol=0.2503 surf=0.1228]  val_avg_surf_p=39.0240 *
    val_single_in_dist         loss=1.6457  surf[p=43.5468 Ux=0.4328 Uy=0.2648]  vol[p=52.6529 Ux=2.3107 Uy=0.8474]
    val_geom_camber_rc         loss=0.7846  surf[p=50.5786 Ux=0.7666 Uy=0.3953]  vol[p=55.9187 Ux=2.9291 Uy=1.3296]
    val_geom_camber_cruise     loss=0.1814  surf[p=22.6270 Ux=0.2972 Uy=0.1681]  vol[p=24.4933 Ux=1.4969 Uy=0.5116]
    val_re_rand                loss=0.6997  surf[p=39.3437 Ux=0.5348 Uy=0.2781]  vol[p=40.5464 Ux=2.0749 Uy=0.8729]
Epoch  74 (98s) [32.9GB]  train[vol=0.2627 surf=0.1302]  val_avg_surf_p=39.0324
    val_single_in_dist         loss=1.6670  surf[p=43.9317 Ux=0.4355 Uy=0.2654]  vol[p=52.4608 Ux=2.3032 Uy=0.8442]
    val_geom_camber_rc         loss=0.7987  surf[p=50.6244 Ux=0.7635 Uy=0.3943]  vol[p=55.9338 Ux=2.9217 Uy=1.3258]
    val_geom_camber_cruise     loss=0.1786  surf[p=22.4519 Ux=0.2957 Uy=0.1674]  vol[p=24.3461 Ux=1.4882 Uy=0.5083]
    val_re_rand                loss=0.6971  surf[p=39.1214 Ux=0.5310 Uy=0.2779]  vol[p=40.3717 Ux=2.0649 Uy=0.8698]
Epoch  75 (97s) [32.9GB]  train[vol=0.2668 surf=0.1340]  val_avg_surf_p=38.8659 *
    val_single_in_dist         loss=1.7183  surf[p=43.8633 Ux=0.4353 Uy=0.2630]  vol[p=52.1072 Ux=2.2925 Uy=0.8383]
    val_geom_camber_rc         loss=0.7817  surf[p=50.1257 Ux=0.7599 Uy=0.3925]  vol[p=55.4192 Ux=2.9024 Uy=1.3168]
    val_geom_camber_cruise     loss=0.1798  surf[p=22.4918 Ux=0.2954 Uy=0.1669]  vol[p=24.2745 Ux=1.4840 Uy=0.5061]
    val_re_rand                loss=0.7184  surf[p=38.9830 Ux=0.5357 Uy=0.2780]  vol[p=40.3332 Ux=2.0622 Uy=0.8677]
Epoch  76 (97s) [32.9GB]  train[vol=0.2595 surf=0.1246]  val_avg_surf_p=38.4884 *
    val_single_in_dist         loss=1.6871  surf[p=42.7890 Ux=0.4287 Uy=0.2615]  vol[p=51.4141 Ux=2.2801 Uy=0.8311]
    val_geom_camber_rc         loss=0.7561  surf[p=49.7276 Ux=0.7517 Uy=0.3915]  vol[p=54.8346 Ux=2.8896 Uy=1.3120]
    val_geom_camber_cruise     loss=0.1759  surf[p=22.2471 Ux=0.2911 Uy=0.1658]  vol[p=24.1292 Ux=1.4760 Uy=0.5043]
    val_re_rand                loss=0.7352  surf[p=39.1901 Ux=0.5286 Uy=0.2782]  vol[p=40.5598 Ux=2.0545 Uy=0.8671]
Epoch  77 (96s) [32.9GB]  train[vol=0.2467 surf=0.1180]  val_avg_surf_p=38.3401 *
    val_single_in_dist         loss=1.6378  surf[p=42.5265 Ux=0.4247 Uy=0.2604]  vol[p=50.9064 Ux=2.2698 Uy=0.8233]
    val_geom_camber_rc         loss=0.7468  surf[p=49.6159 Ux=0.7464 Uy=0.3900]  vol[p=54.6990 Ux=2.8767 Uy=1.3073]
    val_geom_camber_cruise     loss=0.1760  surf[p=22.1421 Ux=0.2949 Uy=0.1653]  vol[p=24.0426 Ux=1.4708 Uy=0.5029]
    val_re_rand                loss=0.7321  surf[p=39.0760 Ux=0.5290 Uy=0.2775]  vol[p=40.4474 Ux=2.0468 Uy=0.8636]
Epoch  78 (97s) [32.9GB]  train[vol=0.2672 surf=0.1331]  val_avg_surf_p=37.9694 *
    val_single_in_dist         loss=1.5769  surf[p=41.6302 Ux=0.4216 Uy=0.2581]  vol[p=50.7519 Ux=2.2644 Uy=0.8210]
    val_geom_camber_rc         loss=0.7400  surf[p=49.3209 Ux=0.7430 Uy=0.3889]  vol[p=54.5293 Ux=2.8739 Uy=1.3044]
    val_geom_camber_cruise     loss=0.1762  surf[p=22.0486 Ux=0.2959 Uy=0.1655]  vol[p=24.0064 Ux=1.4694 Uy=0.5022]
    val_re_rand                loss=0.7200  surf[p=38.8780 Ux=0.5283 Uy=0.2762]  vol[p=40.1260 Ux=2.0394 Uy=0.8598]
Epoch  79 (96s) [32.9GB]  train[vol=0.2632 surf=0.1286]  val_avg_surf_p=37.7373 *
    val_single_in_dist         loss=1.5868  surf[p=41.2491 Ux=0.4176 Uy=0.2570]  vol[p=50.1953 Ux=2.2546 Uy=0.8173]
    val_geom_camber_rc         loss=0.7325  surf[p=49.2653 Ux=0.7386 Uy=0.3882]  vol[p=54.5060 Ux=2.8662 Uy=1.3018]
    val_geom_camber_cruise     loss=0.1739  surf[p=21.8395 Ux=0.2926 Uy=0.1648]  vol[p=23.9227 Ux=1.4650 Uy=0.4995]
    val_re_rand                loss=0.7136  surf[p=38.5954 Ux=0.5232 Uy=0.2751]  vol[p=39.8749 Ux=2.0322 Uy=0.8564]
Epoch  80 (97s) [32.9GB]  train[vol=0.2517 surf=0.1226]  val_avg_surf_p=37.5360 *
    val_single_in_dist         loss=1.5971  surf[p=41.2707 Ux=0.4150 Uy=0.2560]  vol[p=50.0453 Ux=2.2446 Uy=0.8152]
    val_geom_camber_rc         loss=0.7329  surf[p=49.1714 Ux=0.7351 Uy=0.3875]  vol[p=54.2719 Ux=2.8581 Uy=1.2947]
    val_geom_camber_cruise     loss=0.1704  surf[p=21.4781 Ux=0.2916 Uy=0.1628]  vol[p=23.7047 Ux=1.4609 Uy=0.4970]
    val_re_rand                loss=0.6907  surf[p=38.2237 Ux=0.5201 Uy=0.2729]  vol[p=39.6143 Ux=2.0214 Uy=0.8503]
Epoch  81 (97s) [32.9GB]  train[vol=0.2563 surf=0.1241]  val_avg_surf_p=37.1501 *
    val_single_in_dist         loss=1.5408  surf[p=40.4183 Ux=0.4140 Uy=0.2528]  vol[p=49.5619 Ux=2.2291 Uy=0.8096]
    val_geom_camber_rc         loss=0.7246  surf[p=48.9127 Ux=0.7342 Uy=0.3856]  vol[p=53.9170 Ux=2.8448 Uy=1.2884]
    val_geom_camber_cruise     loss=0.1701  surf[p=21.4204 Ux=0.2898 Uy=0.1619]  vol[p=23.6150 Ux=1.4620 Uy=0.4954]
    val_re_rand                loss=0.6940  surf[p=37.8488 Ux=0.5142 Uy=0.2719]  vol[p=39.2751 Ux=2.0145 Uy=0.8459]
Epoch  82 (97s) [32.9GB]  train[vol=0.2431 surf=0.1161]  val_avg_surf_p=36.9015 *
    val_single_in_dist         loss=1.5134  surf[p=39.8562 Ux=0.4095 Uy=0.2508]  vol[p=49.1858 Ux=2.2130 Uy=0.8033]
    val_geom_camber_rc         loss=0.7168  surf[p=48.5717 Ux=0.7304 Uy=0.3846]  vol[p=53.3905 Ux=2.8321 Uy=1.2836]
    val_geom_camber_cruise     loss=0.1697  surf[p=21.3322 Ux=0.2917 Uy=0.1618]  vol[p=23.4874 Ux=1.4622 Uy=0.4932]
    val_re_rand                loss=0.6927  surf[p=37.8458 Ux=0.5099 Uy=0.2713]  vol[p=39.2486 Ux=2.0094 Uy=0.8436]
Epoch  83 (96s) [32.9GB]  train[vol=0.2377 surf=0.1145]  val_avg_surf_p=37.0556
    val_single_in_dist         loss=1.5250  surf[p=39.9590 Ux=0.4056 Uy=0.2488]  vol[p=48.7556 Ux=2.2035 Uy=0.7988]
    val_geom_camber_rc         loss=0.7233  surf[p=48.8956 Ux=0.7327 Uy=0.3835]  vol[p=53.5329 Ux=2.8290 Uy=1.2784]
    val_geom_camber_cruise     loss=0.1695  surf[p=21.2669 Ux=0.2878 Uy=0.1615]  vol[p=23.3921 Ux=1.4526 Uy=0.4920]
    val_re_rand                loss=0.6929  surf[p=38.1012 Ux=0.5100 Uy=0.2717]  vol[p=39.4220 Ux=2.0059 Uy=0.8437]
Epoch  84 (96s) [32.9GB]  train[vol=0.2545 surf=0.1216]  val_avg_surf_p=36.8949 *
    val_single_in_dist         loss=1.5267  surf[p=39.3239 Ux=0.4021 Uy=0.2479]  vol[p=48.3977 Ux=2.1959 Uy=0.7948]
    val_geom_camber_rc         loss=0.7228  surf[p=48.9717 Ux=0.7318 Uy=0.3843]  vol[p=53.6004 Ux=2.8272 Uy=1.2785]
    val_geom_camber_cruise     loss=0.1697  surf[p=21.2568 Ux=0.2851 Uy=0.1618]  vol[p=23.4172 Ux=1.4434 Uy=0.4905]
    val_re_rand                loss=0.6920  surf[p=38.0272 Ux=0.5099 Uy=0.2712]  vol[p=39.3086 Ux=2.0026 Uy=0.8424]
Epoch  85 (97s) [32.9GB]  train[vol=0.2387 surf=0.1116]  val_avg_surf_p=36.8512 *
    val_single_in_dist         loss=1.5218  surf[p=39.3844 Ux=0.3983 Uy=0.2480]  vol[p=47.8824 Ux=2.1820 Uy=0.7913]
    val_geom_camber_rc         loss=0.7289  surf[p=49.1039 Ux=0.7294 Uy=0.3848]  vol[p=53.9385 Ux=2.8266 Uy=1.2786]
    val_geom_camber_cruise     loss=0.1691  surf[p=21.1242 Ux=0.2824 Uy=0.1603]  vol[p=23.2785 Ux=1.4356 Uy=0.4888]
    val_re_rand                loss=0.6834  surf[p=37.7924 Ux=0.5098 Uy=0.2697]  vol[p=39.0529 Ux=1.9981 Uy=0.8397]
Epoch  86 (97s) [32.9GB]  train[vol=0.2484 surf=0.1194]  val_avg_surf_p=36.9774
    val_single_in_dist         loss=1.5562  surf[p=40.0885 Ux=0.4022 Uy=0.2507]  vol[p=47.8298 Ux=2.1759 Uy=0.7896]
    val_geom_camber_rc         loss=0.7426  surf[p=49.3394 Ux=0.7302 Uy=0.3842]  vol[p=54.0433 Ux=2.8204 Uy=1.2747]
    val_geom_camber_cruise     loss=0.1693  surf[p=21.0465 Ux=0.2845 Uy=0.1596]  vol[p=23.2175 Ux=1.4314 Uy=0.4866]
    val_re_rand                loss=0.6871  surf[p=37.4353 Ux=0.5058 Uy=0.2680]  vol[p=38.7408 Ux=1.9870 Uy=0.8362]
Epoch  87 (97s) [32.9GB]  train[vol=0.2387 surf=0.1122]  val_avg_surf_p=36.8126 *
    val_single_in_dist         loss=1.5471  surf[p=40.0065 Ux=0.4002 Uy=0.2501]  vol[p=47.5624 Ux=2.1620 Uy=0.7853]
    val_geom_camber_rc         loss=0.7372  surf[p=49.0325 Ux=0.7292 Uy=0.3834]  vol[p=53.7816 Ux=2.8164 Uy=1.2690]
    val_geom_camber_cruise     loss=0.1683  surf[p=20.9500 Ux=0.2854 Uy=0.1598]  vol[p=23.1597 Ux=1.4299 Uy=0.4846]
    val_re_rand                loss=0.6803  surf[p=37.2612 Ux=0.5050 Uy=0.2672]  vol[p=38.5126 Ux=1.9807 Uy=0.8324]
Epoch  88 (97s) [32.9GB]  train[vol=0.2400 surf=0.1144]  val_avg_surf_p=36.6526 *
    val_single_in_dist         loss=1.5591  surf[p=40.2969 Ux=0.3995 Uy=0.2502]  vol[p=47.6559 Ux=2.1498 Uy=0.7831]
    val_geom_camber_rc         loss=0.7272  surf[p=48.4447 Ux=0.7286 Uy=0.3818]  vol[p=53.4256 Ux=2.8093 Uy=1.2625]
    val_geom_camber_cruise     loss=0.1676  surf[p=20.8288 Ux=0.2853 Uy=0.1588]  vol[p=23.1302 Ux=1.4250 Uy=0.4824]
    val_re_rand                loss=0.6775  surf[p=37.0399 Ux=0.5009 Uy=0.2663]  vol[p=38.2981 Ux=1.9721 Uy=0.8291]
Epoch  89 (98s) [32.9GB]  train[vol=0.2346 surf=0.1085]  val_avg_surf_p=36.5277 *
    val_single_in_dist         loss=1.5981  surf[p=40.4611 Ux=0.3956 Uy=0.2495]  vol[p=47.7401 Ux=2.1484 Uy=0.7811]
    val_geom_camber_rc         loss=0.7225  surf[p=48.2516 Ux=0.7232 Uy=0.3805]  vol[p=53.1635 Ux=2.8012 Uy=1.2551]
    val_geom_camber_cruise     loss=0.1662  surf[p=20.7111 Ux=0.2843 Uy=0.1583]  vol[p=23.0512 Ux=1.4217 Uy=0.4803]
    val_re_rand                loss=0.6682  surf[p=36.6872 Ux=0.4983 Uy=0.2655]  vol[p=37.9271 Ux=1.9638 Uy=0.8245]
Epoch  90 (98s) [32.9GB]  train[vol=0.2461 surf=0.1209]  val_avg_surf_p=36.4924 *
    val_single_in_dist         loss=1.6215  surf[p=41.0269 Ux=0.3999 Uy=0.2501]  vol[p=47.9667 Ux=2.1526 Uy=0.7815]
    val_geom_camber_rc         loss=0.7179  surf[p=47.9602 Ux=0.7175 Uy=0.3783]  vol[p=52.7408 Ux=2.7893 Uy=1.2483]
    val_geom_camber_cruise     loss=0.1647  surf[p=20.5112 Ux=0.2799 Uy=0.1581]  vol[p=22.9665 Ux=1.4178 Uy=0.4797]
    val_re_rand                loss=0.6602  surf[p=36.4713 Ux=0.4954 Uy=0.2661]  vol[p=37.7574 Ux=1.9556 Uy=0.8233]
Epoch  91 (97s) [32.9GB]  train[vol=0.2389 surf=0.1126]  val_avg_surf_p=36.4385 *
    val_single_in_dist         loss=1.6281  surf[p=41.0961 Ux=0.3965 Uy=0.2500]  vol[p=47.8436 Ux=2.1468 Uy=0.7795]
    val_geom_camber_rc         loss=0.7150  surf[p=47.8093 Ux=0.7170 Uy=0.3768]  vol[p=52.7414 Ux=2.7842 Uy=1.2458]
    val_geom_camber_cruise     loss=0.1614  surf[p=20.2756 Ux=0.2803 Uy=0.1575]  vol[p=22.8368 Ux=1.4163 Uy=0.4783]
    val_re_rand                loss=0.6673  surf[p=36.5731 Ux=0.4982 Uy=0.2661]  vol[p=37.8810 Ux=1.9541 Uy=0.8222]
Epoch  92 (98s) [32.9GB]  train[vol=0.2500 surf=0.1195]  val_avg_surf_p=36.2476 *
    val_single_in_dist         loss=1.5519  surf[p=40.1454 Ux=0.3933 Uy=0.2463]  vol[p=47.3338 Ux=2.1366 Uy=0.7745]
    val_geom_camber_rc         loss=0.7130  surf[p=47.8232 Ux=0.7150 Uy=0.3761]  vol[p=52.8654 Ux=2.7832 Uy=1.2436]
    val_geom_camber_cruise     loss=0.1590  surf[p=20.1340 Ux=0.2773 Uy=0.1565]  vol[p=22.7436 Ux=1.4089 Uy=0.4765]
    val_re_rand                loss=0.6789  surf[p=36.8877 Ux=0.4941 Uy=0.2666]  vol[p=38.1832 Ux=1.9477 Uy=0.8200]
Epoch  93 (96s) [32.9GB]  train[vol=0.2282 surf=0.1056]  val_avg_surf_p=35.9302 *
    val_single_in_dist         loss=1.4715  surf[p=39.2716 Ux=0.3866 Uy=0.2440]  vol[p=46.6476 Ux=2.1261 Uy=0.7709]
    val_geom_camber_rc         loss=0.7099  surf[p=47.8188 Ux=0.7129 Uy=0.3757]  vol[p=52.8528 Ux=2.7720 Uy=1.2399]
    val_geom_camber_cruise     loss=0.1573  surf[p=19.9907 Ux=0.2722 Uy=0.1560]  vol[p=22.6209 Ux=1.3968 Uy=0.4744]
    val_re_rand                loss=0.6775  surf[p=36.6395 Ux=0.4887 Uy=0.2655]  vol[p=37.8765 Ux=1.9361 Uy=0.8159]
Epoch  94 (97s) [32.9GB]  train[vol=0.2418 surf=0.1138]  val_avg_surf_p=35.6189 *
    val_single_in_dist         loss=1.3591  surf[p=38.6360 Ux=0.3809 Uy=0.2418]  vol[p=46.1581 Ux=2.1156 Uy=0.7655]
    val_geom_camber_rc         loss=0.7064  surf[p=47.7080 Ux=0.7114 Uy=0.3750]  vol[p=52.7385 Ux=2.7625 Uy=1.2357]
    val_geom_camber_cruise     loss=0.1570  surf[p=19.9024 Ux=0.2729 Uy=0.1559]  vol[p=22.5670 Ux=1.3931 Uy=0.4710]
    val_re_rand                loss=0.6774  surf[p=36.2293 Ux=0.4819 Uy=0.2640]  vol[p=37.5397 Ux=1.9279 Uy=0.8118]
Epoch  95 (98s) [32.9GB]  train[vol=0.2412 surf=0.1165]  val_avg_surf_p=35.3611 *
    val_single_in_dist         loss=1.3150  surf[p=38.2879 Ux=0.3822 Uy=0.2404]  vol[p=45.8158 Ux=2.1059 Uy=0.7618]
    val_geom_camber_rc         loss=0.6978  surf[p=47.4484 Ux=0.7061 Uy=0.3734]  vol[p=52.3984 Ux=2.7515 Uy=1.2330]
    val_geom_camber_cruise     loss=0.1557  surf[p=19.8076 Ux=0.2732 Uy=0.1549]  vol[p=22.4618 Ux=1.3908 Uy=0.4691]
    val_re_rand                loss=0.6933  surf[p=35.9003 Ux=0.4780 Uy=0.2623]  vol[p=37.2184 Ux=1.9218 Uy=0.8087]
Epoch  96 (98s) [32.9GB]  train[vol=0.2340 surf=0.1106]  val_avg_surf_p=35.2000 *
